Timing Violation Report Min Delay Analysis

SmartTime Version v12.6
Microsemi Corporation - Microsemi Libero Software Release v12.6 (Version 12.900.20.24)
Date: Sun Apr 25 12:11:04 2021


Design: top
Family: PolarFire
Die: MPF100T
Package: FCVG484
Temperature Range: 0 - 100 C
Voltage Range: 0.97 - 1.03 V
Speed Grade: -1
Design State: Post-Layout
Data source: Production
Multi Corner Report Operating Conditions: slow_lv_ht, slow_lv_lt, fast_hv_lt
Scenario for Timing Analysis: timing_analysis


*** IMPORTANT RECOMMENDATION *** If you haven't done so, it is highly recommended to add clock jitter information for each clock domain into Libero SoC through clock uncertainty SDC timing constraints. Please refer to the Libero SoC v12.5 release notes for more details.

Path 1
  From: PF_DDR4_SS_0/MSC_i_0/MSC_i_1/MSC_i_8/MSC_i_10/awaddr_r1[13]:CLK
  To:   PF_DDR4_SS_0/MSC_i_0/MSC_i_1/MSC_i_8/MSC_i_10/wr_cmd_wr_data[13]:D
  Delay (ns):              0.310
  Slack (ns):              0.041
  Arrival (ns):            6.542
  Required (ns):           6.501
  Operating Conditions: slow_lv_lt

Path 2
  From: PF_DDR4_SS_0/MSC_i_0/MSC_i_1/MSC_i_8/MSC_i_169/gen_fr4.DFI_WRDATA_ALIGN_eq_0.dfi_wrdata_p3_po_r1[19]:CLK
  To:   PF_DDR4_SS_0/MSC_i_0/MSC_i_1/MSC_i_8/MSC_i_272/data_shifter_gen[1].data_shifter[1][59]:D
  Delay (ns):              0.308
  Slack (ns):              0.053
  Arrival (ns):            6.561
  Required (ns):           6.508
  Operating Conditions: slow_lv_lt

Path 3
  From: AXI4_Interconnect_0/AXI4_Interconnect_0/SlvConvertor_loop[0].slvcnv/slvCDC/genblk1.cdc_AWChan/rdPtr_s1[0]:CLK
  To:   AXI4_Interconnect_0/AXI4_Interconnect_0/SlvConvertor_loop[0].slvcnv/slvCDC/genblk1.cdc_AWChan/rdPtr_s2[0]:D
  Delay (ns):              0.316
  Slack (ns):              0.053
  Arrival (ns):            6.549
  Required (ns):           6.496
  Operating Conditions: slow_lv_lt

Path 4
  From: CoreDMA_IO_CTRL_0/UART_SD_0/pattern_gen_checker_0/araddr_o[15]:CLK
  To:   AXI4_Interconnect_0/AXI4_Interconnect_0/MstConvertor_loop[2].mstrconv/rgsl/genblk2.arrs/holdDat[46]:D
  Delay (ns):              0.205
  Slack (ns):              0.054
  Arrival (ns):            4.543
  Required (ns):           4.489
  Operating Conditions: fast_hv_lt

Path 5
  From: PF_DDR4_SS_0/MSC_i_0/MSC_i_1/MSC_i_8/MSC_i_252/MSC_i_255/data_r1[44]:CLK
  To:   PF_DDR4_SS_0/MSC_i_0/MSC_i_1/MSC_i_8/MSC_i_252/MSC_i_255/data_r2[44]:D
  Delay (ns):              0.210
  Slack (ns):              0.058
  Arrival (ns):            4.558
  Required (ns):           4.500
  Operating Conditions: fast_hv_lt

Path 6
  From: CoreDMA_IO_CTRL_0/UART_SD_0/pattern_gen_checker_0/araddr_o[31]:CLK
  To:   AXI4_Interconnect_0/AXI4_Interconnect_0/MstConvertor_loop[2].mstrconv/rgsl/genblk2.arrs/holdDat[62]:D
  Delay (ns):              0.212
  Slack (ns):              0.060
  Arrival (ns):            4.549
  Required (ns):           4.489
  Operating Conditions: fast_hv_lt

Path 7
  From: CoreDMA_IO_CTRL_0/UART_SD_0/pattern_gen_checker_0/araddr_o[29]:CLK
  To:   AXI4_Interconnect_0/AXI4_Interconnect_0/MstConvertor_loop[2].mstrconv/rgsl/genblk2.arrs/holdDat[60]:D
  Delay (ns):              0.217
  Slack (ns):              0.065
  Arrival (ns):            4.554
  Required (ns):           4.489
  Operating Conditions: fast_hv_lt

Path 8
  From: CoreDMA_IO_CTRL_0/UART_SD_0/pattern_gen_checker_0/araddr_o[28]:CLK
  To:   AXI4_Interconnect_0/AXI4_Interconnect_0/MstConvertor_loop[2].mstrconv/rgsl/genblk2.arrs/holdDat[59]:D
  Delay (ns):              0.217
  Slack (ns):              0.065
  Arrival (ns):            4.554
  Required (ns):           4.489
  Operating Conditions: fast_hv_lt

Path 9
  From: PF_DDR4_SS_0/MSC_i_0/MSC_i_1/MSC_i_8/MSC_i_273/dfi_act_n_r2:CLK
  To:   PF_DDR4_SS_0/DDRPHY_BLK_0/IOD_TRAINING_0/COREDDR_TIP_INT_U/u_register_bank/pipelined_generate_block.DFI_ACT_N_P0_OUT:D
  Delay (ns):              0.146
  Slack (ns):              0.070
  Arrival (ns):            4.485
  Required (ns):           4.415
  Operating Conditions: fast_hv_lt

Path 10
  From: PF_DDR4_SS_0/MSC_i_0/MSC_i_1/MSC_i_8/MSC_i_273/dfi_address_r2[5]:CLK
  To:   PF_DDR4_SS_0/DDRPHY_BLK_0/IOD_TRAINING_0/COREDDR_TIP_INT_U/u_register_bank/pipelined_generate_block.DFI_ADDRESS_P0_OUT[5]:D
  Delay (ns):              0.147
  Slack (ns):              0.071
  Arrival (ns):            4.484
  Required (ns):           4.413
  Operating Conditions: fast_hv_lt

Path 11
  From: PF_DDR4_SS_0/MSC_i_0/MSC_i_1/MSC_i_8/MSC_i_10/araddr_r1[25]:CLK
  To:   PF_DDR4_SS_0/MSC_i_0/MSC_i_1/MSC_i_8/MSC_i_10/rd_cmd_wr_data[25]:D
  Delay (ns):              0.147
  Slack (ns):              0.071
  Arrival (ns):            4.491
  Required (ns):           4.420
  Operating Conditions: fast_hv_lt

Path 12
  From: PF_DDR4_SS_0/MSC_i_0/MSC_i_1/MSC_i_8/MSC_i_10/MSC_i_75/MSC_i_76/MSC_i_92/MSC_i_94/MSC_i_98/s0:CLK
  To:   PF_DDR4_SS_0/MSC_i_0/MSC_i_1/MSC_i_8/MSC_i_10/MSC_i_75/MSC_i_76/MSC_i_92/MSC_i_94/MSC_i_98/s1:D
  Delay (ns):              0.147
  Slack (ns):              0.071
  Arrival (ns):            4.495
  Required (ns):           4.424
  Operating Conditions: fast_hv_lt

Path 13
  From: PF_DDR4_SS_0/DDRPHY_BLK_0/IOD_TRAINING_0/COREDDR_TIP_INT_U/dfi_rddata_en_p0_1:CLK
  To:   PF_DDR4_SS_0/DDRPHY_BLK_0/IOD_TRAINING_0/COREDDR_TIP_INT_U/dfi_rddata_en_p0_2:D
  Delay (ns):              0.148
  Slack (ns):              0.071
  Arrival (ns):            4.502
  Required (ns):           4.431
  Operating Conditions: fast_hv_lt

Path 14
  From: CoreDMA_IO_CTRL_0/axi4dma_init_0/reg_raddr[5]:CLK
  To:   CoreDMA_IO_CTRL_0/axi4dma_init_0/araddr_reg[5]:D
  Delay (ns):              0.147
  Slack (ns):              0.071
  Arrival (ns):            4.492
  Required (ns):           4.421
  Operating Conditions: fast_hv_lt

Path 15
  From: AXI4_Interconnect_0/AXI4_Interconnect_0/SlvConvertor_loop[0].slvcnv/genblk1.rsync/sysReset_f1:CLK
  To:   AXI4_Interconnect_0/AXI4_Interconnect_0/SlvConvertor_loop[0].slvcnv/genblk1.rsync/sysReset:D
  Delay (ns):              0.147
  Slack (ns):              0.071
  Arrival (ns):            1.684
  Required (ns):           1.613
  Operating Conditions: fast_hv_lt

Path 16
  From: PF_DDR4_SS_0/MSC_i_0/MSC_i_1/MSC_i_8/MSC_i_10/araddr_r1[11]:CLK
  To:   PF_DDR4_SS_0/MSC_i_0/MSC_i_1/MSC_i_8/MSC_i_10/rd_cmd_wr_data[11]:D
  Delay (ns):              0.148
  Slack (ns):              0.072
  Arrival (ns):            4.492
  Required (ns):           4.420
  Operating Conditions: fast_hv_lt

Path 17
  From: CoreDMA_IO_CTRL_0/UART_SD_0/cmd_ctrlr_0/clk_count1[12]:CLK
  To:   CoreDMA_IO_CTRL_0/UART_SD_0/cmd_ctrlr_0/clk_cnt[1][4]:D
  Delay (ns):              0.150
  Slack (ns):              0.072
  Arrival (ns):            4.495
  Required (ns):           4.423
  Operating Conditions: fast_hv_lt

Path 18
  From: AXI4_Interconnect_0/AXI4_Interconnect_0/SlvConvertor_loop[0].slvcnv/slvCDC/genblk1.cdc_AWChan/wrPtr_s1[0]:CLK
  To:   AXI4_Interconnect_0/AXI4_Interconnect_0/SlvConvertor_loop[0].slvcnv/slvCDC/genblk1.cdc_AWChan/wrPtr_s2[0]:D
  Delay (ns):              0.148
  Slack (ns):              0.072
  Arrival (ns):            1.697
  Required (ns):           1.625
  Operating Conditions: fast_hv_lt

Path 19
  From: PF_DDR4_SS_0/MSC_i_0/MSC_i_1/MSC_i_8/MSC_i_140/MSC_i_141/r_valid_sh[1]:CLK
  To:   PF_DDR4_SS_0/MSC_i_0/MSC_i_1/MSC_i_8/MSC_i_140/MSC_i_141/r_valid_sh[2]:D
  Delay (ns):              0.149
  Slack (ns):              0.073
  Arrival (ns):            4.504
  Required (ns):           4.431
  Operating Conditions: fast_hv_lt

Path 20
  From: PF_DDR4_SS_0/MSC_i_0/MSC_i_1/MSC_i_8/MSC_i_10/MSC_i_23/MSC_i_24/MSC_i_39/MSC_i_41/MSC_i_44/s0:CLK
  To:   PF_DDR4_SS_0/MSC_i_0/MSC_i_1/MSC_i_8/MSC_i_10/MSC_i_23/MSC_i_24/MSC_i_39/MSC_i_41/MSC_i_44/s1:D
  Delay (ns):              0.150
  Slack (ns):              0.073
  Arrival (ns):            4.512
  Required (ns):           4.439
  Operating Conditions: fast_hv_lt

Path 21
  From: AXI4_Interconnect_0/AXI4_Interconnect_0/SlvConvertor_loop[2].slvcnv/slvCDC/genblk1.cdc_BChan/wrPtr_s1[2]:CLK
  To:   AXI4_Interconnect_0/AXI4_Interconnect_0/SlvConvertor_loop[2].slvcnv/slvCDC/genblk1.cdc_BChan/wrPtr_s2[2]:D
  Delay (ns):              0.150
  Slack (ns):              0.073
  Arrival (ns):            4.479
  Required (ns):           4.406
  Operating Conditions: fast_hv_lt

Path 22
  From: PF_DDR4_SS_0/MSC_i_0/MSC_i_1/MSC_i_8/MSC_i_273/dfi_address_r2[11]:CLK
  To:   PF_DDR4_SS_0/DDRPHY_BLK_0/IOD_TRAINING_0/COREDDR_TIP_INT_U/u_register_bank/pipelined_generate_block.DFI_ADDRESS_P0_OUT[11]:D
  Delay (ns):              0.151
  Slack (ns):              0.074
  Arrival (ns):            4.479
  Required (ns):           4.405
  Operating Conditions: fast_hv_lt

Path 23
  From: PF_DDR4_SS_0/MSC_i_0/MSC_i_1/MSC_i_8/MSC_i_10/MSC_i_23/MSC_i_24/MSC_i_26/din_gray_r[8]:CLK
  To:   PF_DDR4_SS_0/MSC_i_0/MSC_i_1/MSC_i_8/MSC_i_10/MSC_i_23/MSC_i_24/MSC_i_26/MSC_i_28/MSC_i_31/s0:D
  Delay (ns):              0.151
  Slack (ns):              0.074
  Arrival (ns):            4.515
  Required (ns):           4.441
  Operating Conditions: fast_hv_lt

Path 24
  From: AXI4_Interconnect_0/AXI4_Interconnect_0/SlvConvertor_loop[0].slvcnv/slvCDC/genblk1.genblk1.cdc_WChan/rdPtr_s1[0]:CLK
  To:   AXI4_Interconnect_0/AXI4_Interconnect_0/SlvConvertor_loop[0].slvcnv/slvCDC/genblk1.genblk1.cdc_WChan/rdPtr_s2[0]:D
  Delay (ns):              0.148
  Slack (ns):              0.074
  Arrival (ns):            4.488
  Required (ns):           4.414
  Operating Conditions: fast_hv_lt

Path 25
  From: PF_DDR4_SS_0/MSC_i_0/MSC_i_1/MSC_i_8/MSC_i_273/dfi_ras_n_r2:CLK
  To:   PF_DDR4_SS_0/DDRPHY_BLK_0/IOD_TRAINING_0/COREDDR_TIP_INT_U/u_register_bank/pipelined_generate_block.DFI_RAS_N_P0_OUT:D
  Delay (ns):              0.152
  Slack (ns):              0.075
  Arrival (ns):            4.490
  Required (ns):           4.415
  Operating Conditions: fast_hv_lt

Path 26
  From: PF_DDR4_SS_0/MSC_i_0/MSC_i_1/MSC_i_8/MSC_i_169/gen_fr4.DFI_WRDATA_ALIGN_eq_0.dfi_wrdata_p3_po_r1[30]:CLK
  To:   PF_DDR4_SS_0/MSC_i_0/MSC_i_1/MSC_i_8/MSC_i_272/data_shifter_gen[1].data_shifter[1][70]:D
  Delay (ns):              0.151
  Slack (ns):              0.075
  Arrival (ns):            4.502
  Required (ns):           4.427
  Operating Conditions: fast_hv_lt

Path 27
  From: PF_DDR4_SS_0/MSC_i_0/MSC_i_1/MSC_i_8/MSC_i_140/MSC_i_141/MSC_i_161/data_shifter_gen[5].data_shifter[5][1]:CLK
  To:   PF_DDR4_SS_0/MSC_i_0/MSC_i_1/MSC_i_8/MSC_i_140/MSC_i_141/MSC_i_161/data_shifter_gen[4].data_shifter[4][1]:D
  Delay (ns):              0.152
  Slack (ns):              0.075
  Arrival (ns):            4.498
  Required (ns):           4.423
  Operating Conditions: fast_hv_lt

Path 28
  From: PF_DDR4_SS_0/MSC_i_0/MSC_i_1/MSC_i_8/MSC_i_140/MSC_i_141/MSC_i_157/data_shifter_gen[23].data_shifter[23][1]:CLK
  To:   PF_DDR4_SS_0/MSC_i_0/MSC_i_1/MSC_i_8/MSC_i_140/MSC_i_141/MSC_i_157/data_shifter_gen[22].data_shifter[22][1]:D
  Delay (ns):              0.148
  Slack (ns):              0.075
  Arrival (ns):            4.494
  Required (ns):           4.419
  Operating Conditions: fast_hv_lt

Path 29
  From: PF_DDR4_SS_0/MSC_i_0/MSC_i_1/MSC_i_8/MSC_i_140/MSC_i_141/MSC_i_156/lat_n0.resettable.data_shifter_2_[49]:CLK
  To:   PF_DDR4_SS_0/MSC_i_0/MSC_i_1/MSC_i_8/MSC_i_273/dfi_odt_p0_r1[0]:D
  Delay (ns):              0.151
  Slack (ns):              0.075
  Arrival (ns):            4.514
  Required (ns):           4.439
  Operating Conditions: fast_hv_lt

Path 30
  From: PF_DDR4_SS_0/MSC_i_0/MSC_i_1/MSC_i_8/MSC_i_10/cmd_fifo_wr_en_reg2:CLK
  To:   PF_DDR4_SS_0/MSC_i_0/MSC_i_1/MSC_i_8/MSC_i_10/cmd_fifo_wr_en_reg3_0:D
  Delay (ns):              0.152
  Slack (ns):              0.075
  Arrival (ns):            4.489
  Required (ns):           4.414
  Operating Conditions: fast_hv_lt

Path 31
  From: PF_DDR4_SS_0/MSC_i_0/MSC_i_1/MSC_i_8/MSC_i_10/araddr_r1[18]:CLK
  To:   PF_DDR4_SS_0/MSC_i_0/MSC_i_1/MSC_i_8/MSC_i_10/rd_cmd_wr_data[18]:D
  Delay (ns):              0.152
  Slack (ns):              0.075
  Arrival (ns):            4.496
  Required (ns):           4.421
  Operating Conditions: fast_hv_lt

Path 32
  From: PF_DDR4_SS_0/MSC_i_0/MSC_i_1/MSC_i_8/MSC_i_10/MSC_i_23/MSC_i_24/MSC_i_39/MSC_i_41/MSC_i_45/s0:CLK
  To:   PF_DDR4_SS_0/MSC_i_0/MSC_i_1/MSC_i_8/MSC_i_10/MSC_i_23/MSC_i_24/MSC_i_39/MSC_i_41/MSC_i_45/s1:D
  Delay (ns):              0.151
  Slack (ns):              0.075
  Arrival (ns):            4.513
  Required (ns):           4.438
  Operating Conditions: fast_hv_lt

Path 33
  From: PF_DDR4_SS_0/MSC_i_0/MSC_i_1/MSC_i_8/MSC_i_10/MSC_i_23/MSC_i_24/MSC_i_39/MSC_i_41/MSC_i_43/s0:CLK
  To:   PF_DDR4_SS_0/MSC_i_0/MSC_i_1/MSC_i_8/MSC_i_10/MSC_i_23/MSC_i_24/MSC_i_39/MSC_i_41/MSC_i_43/s1:D
  Delay (ns):              0.151
  Slack (ns):              0.075
  Arrival (ns):            4.513
  Required (ns):           4.438
  Operating Conditions: fast_hv_lt

Path 34
  From: PF_DDR4_SS_0/DDRPHY_BLK_0/IOD_TRAINING_0/COREDDR_TIP_INT_U/TIP_CTRL_BLK/LEVELLING/WRLVL/wrlvl_instances[1].uWrlvl/dq_in_reg[6]:CLK
  To:   PF_DDR4_SS_0/DDRPHY_BLK_0/IOD_TRAINING_0/COREDDR_TIP_INT_U/TIP_CTRL_BLK/LEVELLING/WRLVL/wrlvl_instances[1].uWrlvl/dq_in_reg_2[6]:D
  Delay (ns):              0.151
  Slack (ns):              0.075
  Arrival (ns):            4.502
  Required (ns):           4.427
  Operating Conditions: fast_hv_lt

Path 35
  From: CoreDMA_IO_CTRL_0/axi4dma_init_0/reg_wdata[27]:CLK
  To:   CoreDMA_IO_CTRL_0/axi4dma_init_0/wdata_o[27]:D
  Delay (ns):              0.151
  Slack (ns):              0.075
  Arrival (ns):            4.493
  Required (ns):           4.418
  Operating Conditions: fast_hv_lt

Path 36
  From: CoreDMA_IO_CTRL_0/axi4dma_init_0/reg_raddr[2]:CLK
  To:   CoreDMA_IO_CTRL_0/axi4dma_init_0/araddr_reg[2]:D
  Delay (ns):              0.152
  Slack (ns):              0.075
  Arrival (ns):            4.497
  Required (ns):           4.422
  Operating Conditions: fast_hv_lt

Path 37
  From: CoreDMA_IO_CTRL_0/UART_SD_0/cmd_ctrlr_0/clk_count1[29]:CLK
  To:   CoreDMA_IO_CTRL_0/UART_SD_0/cmd_ctrlr_0/clk_cnt[3][5]:D
  Delay (ns):              0.152
  Slack (ns):              0.075
  Arrival (ns):            4.508
  Required (ns):           4.433
  Operating Conditions: fast_hv_lt

Path 38
  From: CoreDMA_IO_CTRL_0/UART_SD_0/CORE_UART_0/Core_UART_0/tx_hold_reg[3]:CLK
  To:   CoreDMA_IO_CTRL_0/UART_SD_0/CORE_UART_0/Core_UART_0/make_TX/tx_byte[3]:D
  Delay (ns):              0.152
  Slack (ns):              0.075
  Arrival (ns):            4.487
  Required (ns):           4.412
  Operating Conditions: fast_hv_lt

Path 39
  From: PF_DDR4_SS_0/MSC_i_0/MSC_i_1/MSC_i_8/MSC_i_273/dfi_reset_n_r1:CLK
  To:   PF_DDR4_SS_0/DDRPHY_BLK_0/IOD_TRAINING_0/COREDDR_TIP_INT_U/u_register_bank/pipelined_generate_block.DFI_RESET_N_P1_OUT:D
  Delay (ns):              0.152
  Slack (ns):              0.076
  Arrival (ns):            4.493
  Required (ns):           4.417
  Operating Conditions: fast_hv_lt

Path 40
  From: PF_DDR4_SS_0/MSC_i_0/MSC_i_1/MSC_i_8/MSC_i_273/dfi_bank_r2[0]:CLK
  To:   PF_DDR4_SS_0/DDRPHY_BLK_0/IOD_TRAINING_0/COREDDR_TIP_INT_U/u_register_bank/pipelined_generate_block.DFI_BANK_P0_OUT[0]:D
  Delay (ns):              0.153
  Slack (ns):              0.076
  Arrival (ns):            4.488
  Required (ns):           4.412
  Operating Conditions: fast_hv_lt

Path 41
  From: PF_DDR4_SS_0/MSC_i_0/MSC_i_1/MSC_i_8/MSC_i_273/dfi_bank_r1[0]:CLK
  To:   PF_DDR4_SS_0/MSC_i_0/MSC_i_1/MSC_i_8/MSC_i_273/dfi_bank_r2[0]:D
  Delay (ns):              0.152
  Slack (ns):              0.076
  Arrival (ns):            4.487
  Required (ns):           4.411
  Operating Conditions: fast_hv_lt

Path 42
  From: PF_DDR4_SS_0/MSC_i_0/MSC_i_1/MSC_i_8/MSC_i_273/dfi_address_r2[10]:CLK
  To:   PF_DDR4_SS_0/DDRPHY_BLK_0/IOD_TRAINING_0/COREDDR_TIP_INT_U/u_register_bank/pipelined_generate_block.DFI_ADDRESS_P0_OUT[10]:D
  Delay (ns):              0.153
  Slack (ns):              0.076
  Arrival (ns):            4.485
  Required (ns):           4.409
  Operating Conditions: fast_hv_lt

Path 43
  From: PF_DDR4_SS_0/MSC_i_0/MSC_i_1/MSC_i_8/MSC_i_265/hold_i_data[10]:CLK
  To:   PF_DDR4_SS_0/MSC_i_0/MSC_i_1/MSC_i_8/MSC_i_265/o_data[10]:D
  Delay (ns):              0.152
  Slack (ns):              0.076
  Arrival (ns):            4.505
  Required (ns):           4.429
  Operating Conditions: fast_hv_lt

Path 44
  From: PF_DDR4_SS_0/MSC_i_0/MSC_i_1/MSC_i_8/MSC_i_169/MSC_i_243/fr4.dfi_in_p3_r:CLK
  To:   PF_DDR4_SS_0/MSC_i_0/MSC_i_1/MSC_i_8/MSC_i_272/data_shifter_gen[1].data_shifter[1][106]:D
  Delay (ns):              0.152
  Slack (ns):              0.076
  Arrival (ns):            4.494
  Required (ns):           4.418
  Operating Conditions: fast_hv_lt

Path 45
  From: PF_DDR4_SS_0/MSC_i_0/MSC_i_1/MSC_i_8/MSC_i_140/MSC_i_141/MSC_i_156/lat_n0.resettable.data_shifter_2_[119]:CLK
  To:   PF_DDR4_SS_0/MSC_i_0/MSC_i_1/MSC_i_8/MSC_i_273/dfi_address_r1[9]:D
  Delay (ns):              0.153
  Slack (ns):              0.076
  Arrival (ns):            4.485
  Required (ns):           4.409
  Operating Conditions: fast_hv_lt

Path 46
  From: PF_DDR4_SS_0/MSC_i_0/MSC_i_1/MSC_i_8/MSC_i_140/MSC_i_141/MSC_i_156/lat_n0.resettable.data_shifter_2_[116]:CLK
  To:   PF_DDR4_SS_0/MSC_i_0/MSC_i_1/MSC_i_8/MSC_i_273/dfi_address_r1[6]:D
  Delay (ns):              0.152
  Slack (ns):              0.076
  Arrival (ns):            4.487
  Required (ns):           4.411
  Operating Conditions: fast_hv_lt

Path 47
  From: PF_DDR4_SS_0/MSC_i_0/MSC_i_1/MSC_i_8/MSC_i_10/araddr_r1[7]:CLK
  To:   PF_DDR4_SS_0/MSC_i_0/MSC_i_1/MSC_i_8/MSC_i_10/rd_cmd_wr_data[7]:D
  Delay (ns):              0.152
  Slack (ns):              0.076
  Arrival (ns):            4.496
  Required (ns):           4.420
  Operating Conditions: fast_hv_lt

Path 48
  From: PF_DDR4_SS_0/MSC_i_0/MSC_i_1/MSC_i_8/MSC_i_10/araddr_r1[10]:CLK
  To:   PF_DDR4_SS_0/MSC_i_0/MSC_i_1/MSC_i_8/MSC_i_10/rd_cmd_wr_data[10]:D
  Delay (ns):              0.152
  Slack (ns):              0.076
  Arrival (ns):            4.496
  Required (ns):           4.420
  Operating Conditions: fast_hv_lt

Path 49
  From: PF_DDR4_SS_0/DDRPHY_BLK_0/IOD_TRAINING_0/COREDDR_TIP_INT_U/u_register_bank/pipelined_generate_block.IOG_DQ_TXDATA_OUT[24]:CLK
  To:   PF_DDR4_SS_0/DDRPHY_BLK_0/IOD_TRAINING_0/COREDDR_TIP_INT_U/TIP_CTRL_BLK/PHY_SIG_MOD/iog_dq_txdata_in_reg[24]:D
  Delay (ns):              0.153
  Slack (ns):              0.076
  Arrival (ns):            4.507
  Required (ns):           4.431
  Operating Conditions: fast_hv_lt

Path 50
  From: AXI4_Interconnect_0/AXI4_Interconnect_0/SlvConvertor_loop[3].slvcnv/rgsl/genblk4.wrs/sDat[72]:CLK
  To:   SRAM_AXI_0/COREAXI4SRAM_0/genblk1.U_SRAM_AXI_COREAXI4SRAM_0_CoreAXI4SRAM_MAINCTRL/genblk1.wdata_sc_r[62]:D
  Delay (ns):              0.152
  Slack (ns):              0.076
  Arrival (ns):            4.490
  Required (ns):           4.414
  Operating Conditions: fast_hv_lt

Path 51
  From: AXI4_Interconnect_0/AXI4_Interconnect_0/SlvConvertor_loop[1].slvcnv/rgsl/genblk1.awrs/sDat[35]:CLK
  To:   CoreDMA_IO_CTRL_0/axi_io_ctrl_0/waddr_int[1]:D
  Delay (ns):              0.153
  Slack (ns):              0.076
  Arrival (ns):            4.493
  Required (ns):           4.417
  Operating Conditions: fast_hv_lt

Path 52
  From: PF_DDR4_SS_0/MSC_i_0/MSC_i_1/MSC_i_8/MSC_i_273/dfi_ras_n_r1:CLK
  To:   PF_DDR4_SS_0/DDRPHY_BLK_0/IOD_TRAINING_0/COREDDR_TIP_INT_U/u_register_bank/pipelined_generate_block.DFI_RAS_N_P2_OUT:D
  Delay (ns):              0.153
  Slack (ns):              0.077
  Arrival (ns):            4.492
  Required (ns):           4.415
  Operating Conditions: fast_hv_lt

Path 53
  From: PF_DDR4_SS_0/MSC_i_0/MSC_i_1/MSC_i_8/MSC_i_273/dfi_cke_r2[0]:CLK
  To:   PF_DDR4_SS_0/DDRPHY_BLK_0/IOD_TRAINING_0/COREDDR_TIP_INT_U/u_register_bank/pipelined_generate_block.DFI_CKE_P2_OUT:D
  Delay (ns):              0.153
  Slack (ns):              0.077
  Arrival (ns):            4.494
  Required (ns):           4.417
  Operating Conditions: fast_hv_lt

Path 54
  From: PF_DDR4_SS_0/MSC_i_0/MSC_i_1/MSC_i_8/MSC_i_169/gen_fr4.DFI_WRDATA_ALIGN_eq_0.dfi_wrdata_p2_po_r1[8]:CLK
  To:   PF_DDR4_SS_0/MSC_i_0/MSC_i_1/MSC_i_8/MSC_i_272/data_shifter_gen[1].data_shifter[1][80]:D
  Delay (ns):              0.154
  Slack (ns):              0.077
  Arrival (ns):            4.521
  Required (ns):           4.444
  Operating Conditions: fast_hv_lt

Path 55
  From: PF_DDR4_SS_0/MSC_i_0/MSC_i_1/MSC_i_8/MSC_i_140/MSC_i_141/MSC_i_156/lat_n0.resettable.data_shifter_2_[33]:CLK
  To:   PF_DDR4_SS_0/MSC_i_0/MSC_i_1/MSC_i_8/MSC_i_273/dfi_odt_p1_r1[0]:D
  Delay (ns):              0.153
  Slack (ns):              0.077
  Arrival (ns):            4.501
  Required (ns):           4.424
  Operating Conditions: fast_hv_lt

Path 56
  From: PF_DDR4_SS_0/DDRPHY_BLK_0/IOD_TRAINING_0/COREDDR_TIP_INT_U/TIP_CTRL_BLK/PHY_SIG_MOD/iog_dq_txdata_in_reg[92]:CLK
  To:   PF_DDR4_SS_0/DDRPHY_BLK_0/IOD_TRAINING_0/COREDDR_TIP_INT_U/TIP_CTRL_BLK/PHY_SIG_MOD/iog_dq_txdata_in_reg_2[92]:D
  Delay (ns):              0.154
  Slack (ns):              0.077
  Arrival (ns):            4.508
  Required (ns):           4.431
  Operating Conditions: fast_hv_lt

Path 57
  From: PF_DDR4_SS_0/DDRPHY_BLK_0/IOD_TRAINING_0/COREDDR_TIP_INT_U/TIP_CTRL_BLK/LEVELLING/WRLVL/wrlvl_instances[0].uWrlvl/dq_in_reg[4]:CLK
  To:   PF_DDR4_SS_0/DDRPHY_BLK_0/IOD_TRAINING_0/COREDDR_TIP_INT_U/TIP_CTRL_BLK/LEVELLING/WRLVL/wrlvl_instances[0].uWrlvl/dq_in_reg_2[4]:D
  Delay (ns):              0.153
  Slack (ns):              0.077
  Arrival (ns):            4.497
  Required (ns):           4.420
  Operating Conditions: fast_hv_lt

Path 58
  From: CoreDMA_IO_CTRL_0/axi4dma_init_0/wdata_o[14]:CLK
  To:   CoreDMA_IO_CTRL_0/CoreAXI4_Lite_0/CoreAXI4_Lite_0/MstConvertor_loop[0].mstrconv/rgsl/genblk4.wrs/holdDat[20]:D
  Delay (ns):              0.153
  Slack (ns):              0.077
  Arrival (ns):            4.496
  Required (ns):           4.419
  Operating Conditions: fast_hv_lt

Path 59
  From: PF_DDR4_SS_0/MSC_i_0/MSC_i_1/MSC_i_8/MSC_i_140/MSC_i_141/MSC_i_161/data_shifter_gen[28].data_shifter[28][1]:CLK
  To:   PF_DDR4_SS_0/MSC_i_0/MSC_i_1/MSC_i_8/MSC_i_140/MSC_i_141/MSC_i_161/data_shifter_gen[27].data_shifter[27][1]:D
  Delay (ns):              0.152
  Slack (ns):              0.078
  Arrival (ns):            4.507
  Required (ns):           4.429
  Operating Conditions: fast_hv_lt

Path 60
  From: PF_DDR4_SS_0/MSC_i_0/MSC_i_1/MSC_i_8/MSC_i_140/MSC_i_141/MSC_i_161/data_shifter_gen[26].data_shifter[26][0]:CLK
  To:   PF_DDR4_SS_0/MSC_i_0/MSC_i_1/MSC_i_8/MSC_i_140/MSC_i_141/MSC_i_161/data_shifter_gen[25].data_shifter[25][0]:D
  Delay (ns):              0.152
  Slack (ns):              0.078
  Arrival (ns):            4.490
  Required (ns):           4.412
  Operating Conditions: fast_hv_lt

Path 61
  From: PF_DDR4_SS_0/MSC_i_0/MSC_i_1/MSC_i_8/MSC_i_140/MSC_i_141/MSC_i_161/data_shifter_gen[17].data_shifter[17][1]:CLK
  To:   PF_DDR4_SS_0/MSC_i_0/MSC_i_1/MSC_i_8/MSC_i_140/MSC_i_141/MSC_i_161/data_shifter_gen[16].data_shifter[16][1]:D
  Delay (ns):              0.152
  Slack (ns):              0.078
  Arrival (ns):            4.507
  Required (ns):           4.429
  Operating Conditions: fast_hv_lt

Path 62
  From: PF_DDR4_SS_0/MSC_i_0/MSC_i_1/MSC_i_8/MSC_i_140/MSC_i_141/MSC_i_161/data_shifter_gen[14].data_shifter[14][1]:CLK
  To:   PF_DDR4_SS_0/MSC_i_0/MSC_i_1/MSC_i_8/MSC_i_140/MSC_i_141/MSC_i_161/data_shifter_gen[13].data_shifter[13][1]:D
  Delay (ns):              0.152
  Slack (ns):              0.078
  Arrival (ns):            4.502
  Required (ns):           4.424
  Operating Conditions: fast_hv_lt

Path 63
  From: PF_DDR4_SS_0/MSC_i_0/MSC_i_1/MSC_i_8/MSC_i_140/MSC_i_141/MSC_i_157/data_shifter_gen[4].data_shifter[4][1]:CLK
  To:   PF_DDR4_SS_0/MSC_i_0/MSC_i_1/MSC_i_8/MSC_i_140/MSC_i_141/MSC_i_157/data_shifter_gen[3].data_shifter[3][1]:D
  Delay (ns):              0.152
  Slack (ns):              0.078
  Arrival (ns):            4.496
  Required (ns):           4.418
  Operating Conditions: fast_hv_lt

Path 64
  From: PF_DDR4_SS_0/MSC_i_0/MSC_i_1/MSC_i_8/MSC_i_140/MSC_i_141/MSC_i_157/data_shifter_gen[38].data_shifter[38][0]:CLK
  To:   PF_DDR4_SS_0/MSC_i_0/MSC_i_1/MSC_i_8/MSC_i_140/MSC_i_141/MSC_i_157/data_shifter_gen[37].data_shifter[37][0]:D
  Delay (ns):              0.152
  Slack (ns):              0.078
  Arrival (ns):            4.512
  Required (ns):           4.434
  Operating Conditions: fast_hv_lt

Path 65
  From: PF_DDR4_SS_0/MSC_i_0/MSC_i_1/MSC_i_8/MSC_i_140/MSC_i_141/MSC_i_157/data_shifter_gen[37].data_shifter[37][0]:CLK
  To:   PF_DDR4_SS_0/MSC_i_0/MSC_i_1/MSC_i_8/MSC_i_140/MSC_i_141/MSC_i_157/data_shifter_gen[36].data_shifter[36][0]:D
  Delay (ns):              0.152
  Slack (ns):              0.078
  Arrival (ns):            4.512
  Required (ns):           4.434
  Operating Conditions: fast_hv_lt

Path 66
  From: PF_DDR4_SS_0/MSC_i_0/MSC_i_1/MSC_i_8/MSC_i_140/MSC_i_141/MSC_i_157/data_shifter_gen[35].data_shifter[35][1]:CLK
  To:   PF_DDR4_SS_0/MSC_i_0/MSC_i_1/MSC_i_8/MSC_i_140/MSC_i_141/MSC_i_157/data_shifter_gen[34].data_shifter[34][1]:D
  Delay (ns):              0.152
  Slack (ns):              0.078
  Arrival (ns):            4.499
  Required (ns):           4.421
  Operating Conditions: fast_hv_lt

Path 67
  From: PF_DDR4_SS_0/MSC_i_0/MSC_i_1/MSC_i_8/MSC_i_140/MSC_i_141/MSC_i_157/data_shifter_gen[17].data_shifter[17][1]:CLK
  To:   PF_DDR4_SS_0/MSC_i_0/MSC_i_1/MSC_i_8/MSC_i_140/MSC_i_141/MSC_i_157/data_shifter_gen[16].data_shifter[16][1]:D
  Delay (ns):              0.152
  Slack (ns):              0.078
  Arrival (ns):            4.494
  Required (ns):           4.416
  Operating Conditions: fast_hv_lt

Path 68
  From: PF_DDR4_SS_0/MSC_i_0/MSC_i_1/MSC_i_8/MSC_i_140/MSC_i_141/MSC_i_157/data_shifter_gen[12].data_shifter[12][1]:CLK
  To:   PF_DDR4_SS_0/MSC_i_0/MSC_i_1/MSC_i_8/MSC_i_140/MSC_i_141/MSC_i_157/data_shifter_gen[11].data_shifter[11][1]:D
  Delay (ns):              0.152
  Slack (ns):              0.078
  Arrival (ns):            4.494
  Required (ns):           4.416
  Operating Conditions: fast_hv_lt

Path 69
  From: PF_DDR4_SS_0/MSC_i_0/MSC_i_1/MSC_i_8/MSC_i_10/awaddr_r1[11]:CLK
  To:   PF_DDR4_SS_0/MSC_i_0/MSC_i_1/MSC_i_8/MSC_i_10/wr_cmd_wr_data[11]:D
  Delay (ns):              0.152
  Slack (ns):              0.078
  Arrival (ns):            4.488
  Required (ns):           4.410
  Operating Conditions: fast_hv_lt

Path 70
  From: PF_DDR4_SS_0/MSC_i_0/MSC_i_1/MSC_i_8/MSC_i_10/araddr_r1[20]:CLK
  To:   PF_DDR4_SS_0/MSC_i_0/MSC_i_1/MSC_i_8/MSC_i_10/rd_cmd_wr_data[20]:D
  Delay (ns):              0.152
  Slack (ns):              0.078
  Arrival (ns):            4.501
  Required (ns):           4.423
  Operating Conditions: fast_hv_lt

Path 71
  From: PF_DDR4_SS_0/MSC_i_0/MSC_i_1/MSC_i_8/MSC_i_10/MSC_i_53/MSC_i_54/MSC_i_66/MSC_i_68/MSC_i_70/s0:CLK
  To:   PF_DDR4_SS_0/MSC_i_0/MSC_i_1/MSC_i_8/MSC_i_10/MSC_i_53/MSC_i_54/MSC_i_66/MSC_i_68/MSC_i_70/s1:D
  Delay (ns):              0.152
  Slack (ns):              0.078
  Arrival (ns):            4.511
  Required (ns):           4.433
  Operating Conditions: fast_hv_lt

Path 72
  From: PF_DDR4_SS_0/MSC_i_0/MSC_i_1/MSC_i_8/MSC_i_10/MSC_i_107/MSC_i_108/MSC_i_110/din_gray_r[8]:CLK
  To:   PF_DDR4_SS_0/MSC_i_0/MSC_i_1/MSC_i_8/MSC_i_10/MSC_i_107/MSC_i_108/MSC_i_110/MSC_i_112/MSC_i_116/s0:D
  Delay (ns):              0.152
  Slack (ns):              0.078
  Arrival (ns):            4.504
  Required (ns):           4.426
  Operating Conditions: fast_hv_lt

Path 73
  From: PF_DDR4_SS_0/MSC_i_0/MSC_i_1/MSC_i_8/MSC_i_10/MSC_i_107/MSC_i_108/MSC_i_110/MSC_i_112/MSC_i_120/s0:CLK
  To:   PF_DDR4_SS_0/MSC_i_0/MSC_i_1/MSC_i_8/MSC_i_10/MSC_i_107/MSC_i_108/MSC_i_110/MSC_i_112/MSC_i_120/s1:D
  Delay (ns):              0.155
  Slack (ns):              0.078
  Arrival (ns):            4.495
  Required (ns):           4.417
  Operating Conditions: fast_hv_lt

Path 74
  From: PF_DDR4_SS_0/MSC_i_0/MSC_i_1/MSC_i_8/MSC_i_10/MSC_i_107/MSC_i_108/MSC_i_110/MSC_i_112/MSC_i_119/s0:CLK
  To:   PF_DDR4_SS_0/MSC_i_0/MSC_i_1/MSC_i_8/MSC_i_10/MSC_i_107/MSC_i_108/MSC_i_110/MSC_i_112/MSC_i_119/s1:D
  Delay (ns):              0.152
  Slack (ns):              0.078
  Arrival (ns):            4.496
  Required (ns):           4.418
  Operating Conditions: fast_hv_lt

Path 75
  From: PF_DDR4_SS_0/DDRPHY_BLK_0/IOD_TRAINING_0/COREDDR_TIP_INT_U/TIP_CTRL_BLK/LEVELLING/WRLVL/wrlvl_instances[1].uWrlvl/dq_in_reg[4]:CLK
  To:   PF_DDR4_SS_0/DDRPHY_BLK_0/IOD_TRAINING_0/COREDDR_TIP_INT_U/TIP_CTRL_BLK/LEVELLING/WRLVL/wrlvl_instances[1].uWrlvl/dq_in_reg_2[4]:D
  Delay (ns):              0.153
  Slack (ns):              0.078
  Arrival (ns):            4.506
  Required (ns):           4.428
  Operating Conditions: fast_hv_lt

Path 76
  From: PF_DDR4_SS_0/DDRPHY_BLK_0/IOD_TRAINING_0/COREDDR_TIP_INT_U/TIP_CTRL_BLK/LEVELLING/WRLVL/wrlvl_instances[1].uWrlvl/dq_in_reg[0]:CLK
  To:   PF_DDR4_SS_0/DDRPHY_BLK_0/IOD_TRAINING_0/COREDDR_TIP_INT_U/TIP_CTRL_BLK/LEVELLING/WRLVL/wrlvl_instances[1].uWrlvl/dq_in_reg_2[0]:D
  Delay (ns):              0.153
  Slack (ns):              0.078
  Arrival (ns):            4.504
  Required (ns):           4.426
  Operating Conditions: fast_hv_lt

Path 77
  From: CoreDMA_IO_CTRL_0/UART_SD_0/cmd_ctrlr_0/clk_count1[8]:CLK
  To:   CoreDMA_IO_CTRL_0/UART_SD_0/cmd_ctrlr_0/clk_cnt[1][0]:D
  Delay (ns):              0.152
  Slack (ns):              0.078
  Arrival (ns):            4.490
  Required (ns):           4.412
  Operating Conditions: fast_hv_lt

Path 78
  From: CoreDMA_IO_CTRL_0/CoreDMA_Controller_0/CoreDMA_Controller_0/CAXI4DMAO0IOI/CAXI4DMAll1II[9]:CLK
  To:   CoreDMA_IO_CTRL_0/CoreDMA_Controller_0/CoreDMA_Controller_0/CAXI4DMAO0IOI/CAXI4DMAll1II[13]:D
  Delay (ns):              0.145
  Slack (ns):              0.078
  Arrival (ns):            4.503
  Required (ns):           4.425
  Operating Conditions: fast_hv_lt

Path 79
  From: AXI4_Interconnect_0/AXI4_Interconnect_0/SlvConvertor_loop[0].slvcnv/slvCDC/genblk1.cdc_AWChan/rdPtr_s1[2]:CLK
  To:   AXI4_Interconnect_0/AXI4_Interconnect_0/SlvConvertor_loop[0].slvcnv/slvCDC/genblk1.cdc_AWChan/rdPtr_s2[2]:D
  Delay (ns):              0.152
  Slack (ns):              0.078
  Arrival (ns):            4.504
  Required (ns):           4.426
  Operating Conditions: fast_hv_lt

Path 80
  From: AXI4_Interconnect_0/AXI4_Interconnect_0/SlvConvertor_loop[0].slvcnv/rgsl/genblk1.awrs/holdDat[39]:CLK
  To:   AXI4_Interconnect_0/AXI4_Interconnect_0/SlvConvertor_loop[0].slvcnv/rgsl/genblk1.awrs/sDat[39]:D
  Delay (ns):              0.235
  Slack (ns):              0.078
  Arrival (ns):            4.572
  Required (ns):           4.494
  Operating Conditions: fast_hv_lt

Path 81
  From: system_top_0/counter_2[9]:CLK
  To:   system_top_0/counter_2[10]:D
  Delay (ns):              0.153
  Slack (ns):              0.079
  Arrival (ns):            1.714
  Required (ns):           1.635
  Operating Conditions: fast_hv_lt

Path 82
  From: PF_DDR4_SS_0/MSC_i_0/MSC_i_1/MSC_i_8/MSC_i_169/gen_fr4.DFI_WRDATA_ALIGN_eq_0.dfi_wrdata_mask_p2_po_r1[2]:CLK
  To:   PF_DDR4_SS_0/MSC_i_0/MSC_i_1/MSC_i_8/MSC_i_272/data_shifter_gen[1].data_shifter[1][146]:D
  Delay (ns):              0.155
  Slack (ns):              0.079
  Arrival (ns):            4.509
  Required (ns):           4.430
  Operating Conditions: fast_hv_lt

Path 83
  From: PF_DDR4_SS_0/MSC_i_0/MSC_i_1/MSC_i_8/MSC_i_140/MSC_i_141/MSC_i_161/data_shifter_gen[27].data_shifter[27][1]:CLK
  To:   PF_DDR4_SS_0/MSC_i_0/MSC_i_1/MSC_i_8/MSC_i_140/MSC_i_141/MSC_i_161/data_shifter_gen[26].data_shifter[26][1]:D
  Delay (ns):              0.152
  Slack (ns):              0.079
  Arrival (ns):            4.508
  Required (ns):           4.429
  Operating Conditions: fast_hv_lt

Path 84
  From: PF_DDR4_SS_0/MSC_i_0/MSC_i_1/MSC_i_8/MSC_i_140/MSC_i_141/MSC_i_157/data_shifter_gen[26].data_shifter[26][0]:CLK
  To:   PF_DDR4_SS_0/MSC_i_0/MSC_i_1/MSC_i_8/MSC_i_140/MSC_i_141/MSC_i_157/data_shifter_gen[25].data_shifter[25][0]:D
  Delay (ns):              0.152
  Slack (ns):              0.079
  Arrival (ns):            4.495
  Required (ns):           4.416
  Operating Conditions: fast_hv_lt

Path 85
  From: PF_DDR4_SS_0/MSC_i_0/MSC_i_1/MSC_i_8/MSC_i_140/MSC_i_141/MSC_i_156/lat_n0.resettable.data_shifter_1_[111]:CLK
  To:   PF_DDR4_SS_0/MSC_i_0/MSC_i_1/MSC_i_8/MSC_i_140/MSC_i_141/MSC_i_156/lat_n0.resettable.data_shifter_2_[111]:D
  Delay (ns):              0.152
  Slack (ns):              0.079
  Arrival (ns):            4.503
  Required (ns):           4.424
  Operating Conditions: fast_hv_lt

Path 86
  From: PF_DDR4_SS_0/MSC_i_0/MSC_i_1/MSC_i_8/MSC_i_10/MSC_i_107/MSC_i_108/MSC_i_110/MSC_i_112/MSC_i_117/s0:CLK
  To:   PF_DDR4_SS_0/MSC_i_0/MSC_i_1/MSC_i_8/MSC_i_10/MSC_i_107/MSC_i_108/MSC_i_110/MSC_i_112/MSC_i_117/s1:D
  Delay (ns):              0.153
  Slack (ns):              0.079
  Arrival (ns):            4.497
  Required (ns):           4.418
  Operating Conditions: fast_hv_lt

Path 87
  From: CoreDMA_IO_CTRL_0/axi_io_ctrl_0/rdata_o[53]:CLK
  To:   AXI4_Interconnect_0/AXI4_Interconnect_0/SlvConvertor_loop[1].slvcnv/rgsl/genblk3.rrs/holdDat[57]:D
  Delay (ns):              0.156
  Slack (ns):              0.079
  Arrival (ns):            4.494
  Required (ns):           4.415
  Operating Conditions: fast_hv_lt

Path 88
  From: AXI4_Interconnect_0/AXI4_Interconnect_0/SlvConvertor_loop[3].slvcnv/rgsl/genblk4.wrs/sDat[28]:CLK
  To:   SRAM_AXI_0/COREAXI4SRAM_0/genblk1.U_SRAM_AXI_COREAXI4SRAM_0_CoreAXI4SRAM_MAINCTRL/genblk1.wdata_sc_r[18]:D
  Delay (ns):              0.155
  Slack (ns):              0.079
  Arrival (ns):            4.493
  Required (ns):           4.414
  Operating Conditions: fast_hv_lt

Path 89
  From: AXI4_Interconnect_0/AXI4_Interconnect_0/SlvConvertor_loop[2].slvcnv/slvCDC/genblk1.cdc_ARChan/wrGrayCounterP1/cntBinary[2]:CLK
  To:   AXI4_Interconnect_0/AXI4_Interconnect_0/SlvConvertor_loop[2].slvcnv/slvCDC/genblk1.cdc_ARChan/wrGrayCounterP1/cntGray[2]:D
  Delay (ns):              0.156
  Slack (ns):              0.079
  Arrival (ns):            4.505
  Required (ns):           4.426
  Operating Conditions: fast_hv_lt

Path 90
  From: PF_DDR4_SS_0/MSC_i_0/MSC_i_1/MSC_i_8/MSC_i_169/MSC_i_220/fr4.dfi_in_p3_r:CLK
  To:   PF_DDR4_SS_0/MSC_i_0/MSC_i_1/MSC_i_8/MSC_i_272/data_shifter_gen[1].data_shifter[1][151]:D
  Delay (ns):              0.153
  Slack (ns):              0.080
  Arrival (ns):            4.513
  Required (ns):           4.433
  Operating Conditions: fast_hv_lt

Path 91
  From: PF_DDR4_SS_0/MSC_i_0/MSC_i_1/MSC_i_8/MSC_i_140/MSC_i_141/MSC_i_161/data_shifter_gen[4].data_shifter[4][1]:CLK
  To:   PF_DDR4_SS_0/MSC_i_0/MSC_i_1/MSC_i_8/MSC_i_140/MSC_i_141/MSC_i_161/data_shifter_gen[3].data_shifter[3][1]:D
  Delay (ns):              0.157
  Slack (ns):              0.080
  Arrival (ns):            4.503
  Required (ns):           4.423
  Operating Conditions: fast_hv_lt

Path 92
  From: PF_DDR4_SS_0/MSC_i_0/MSC_i_1/MSC_i_8/MSC_i_140/MSC_i_141/MSC_i_161/data_shifter_gen[20].data_shifter[20][1]:CLK
  To:   PF_DDR4_SS_0/MSC_i_0/MSC_i_1/MSC_i_8/MSC_i_140/MSC_i_141/MSC_i_161/data_shifter_gen[19].data_shifter[19][1]:D
  Delay (ns):              0.153
  Slack (ns):              0.080
  Arrival (ns):            4.508
  Required (ns):           4.428
  Operating Conditions: fast_hv_lt

Path 93
  From: PF_DDR4_SS_0/MSC_i_0/MSC_i_1/MSC_i_8/MSC_i_10/araddr_r1[23]:CLK
  To:   PF_DDR4_SS_0/MSC_i_0/MSC_i_1/MSC_i_8/MSC_i_10/rd_cmd_wr_data[23]:D
  Delay (ns):              0.154
  Slack (ns):              0.080
  Arrival (ns):            4.503
  Required (ns):           4.423
  Operating Conditions: fast_hv_lt

Path 94
  From: PF_DDR4_SS_0/DDRPHY_BLK_0/IOD_TRAINING_0/COREDDR_TIP_INT_U/u_register_bank/pipelined_generate_block.IOG_DQ_TXDATA_OUT[61]:CLK
  To:   PF_DDR4_SS_0/DDRPHY_BLK_0/IOD_TRAINING_0/COREDDR_TIP_INT_U/TIP_CTRL_BLK/PHY_SIG_MOD/iog_dq_txdata_in_reg[61]:D
  Delay (ns):              0.154
  Slack (ns):              0.080
  Arrival (ns):            4.517
  Required (ns):           4.437
  Operating Conditions: fast_hv_lt

Path 95
  From: PF_DDR4_SS_0/DDRPHY_BLK_0/IOD_TRAINING_0/COREDDR_TIP_INT_U/u_register_bank/pipelined_generate_block.IOG_DQ_TXDATA_OUT[109]:CLK
  To:   PF_DDR4_SS_0/DDRPHY_BLK_0/IOD_TRAINING_0/COREDDR_TIP_INT_U/TIP_CTRL_BLK/PHY_SIG_MOD/iog_dq_txdata_in_reg[109]:D
  Delay (ns):              0.154
  Slack (ns):              0.080
  Arrival (ns):            4.504
  Required (ns):           4.424
  Operating Conditions: fast_hv_lt

Path 96
  From: PF_DDR4_SS_0/DDRPHY_BLK_0/IOD_TRAINING_0/COREDDR_TIP_INT_U/TIP_CTRL_BLK/TRN_CLK/cmd_addr_trainer/current_state[4]:CLK
  To:   PF_DDR4_SS_0/DDRPHY_BLK_0/IOD_TRAINING_0/COREDDR_TIP_INT_U/TIP_CTRL_BLK/TRN_CLK/cmd_addr_trainer/current_state[6]:D
  Delay (ns):              0.157
  Slack (ns):              0.080
  Arrival (ns):            4.491
  Required (ns):           4.411
  Operating Conditions: fast_hv_lt

Path 97
  From: CoreDMA_IO_CTRL_0/UART_SD_0/cmd_ctrlr_0/clk_count2[0]:CLK
  To:   CoreDMA_IO_CTRL_0/UART_SD_0/cmd_ctrlr_0/clk_cnt[4][0]:D
  Delay (ns):              0.154
  Slack (ns):              0.080
  Arrival (ns):            4.492
  Required (ns):           4.412
  Operating Conditions: fast_hv_lt

Path 98
  From: CoreDMA_IO_CTRL_0/CoreAXI4_Lite_0/CoreAXI4_Lite_0/arst_aclk_sync/sysReset_f1:CLK
  To:   CoreDMA_IO_CTRL_0/CoreAXI4_Lite_0/CoreAXI4_Lite_0/arst_aclk_sync/sysReset:D
  Delay (ns):              0.154
  Slack (ns):              0.080
  Arrival (ns):            4.507
  Required (ns):           4.427
  Operating Conditions: fast_hv_lt

Path 99
  From: AXI4_Interconnect_0/AXI4_Interconnect_0/SlvConvertor_loop[3].slvcnv/rgsl/genblk4.wrs/sDat[73]:CLK
  To:   SRAM_AXI_0/COREAXI4SRAM_0/genblk1.U_SRAM_AXI_COREAXI4SRAM_0_CoreAXI4SRAM_MAINCTRL/genblk1.wdata_sc_r[63]:D
  Delay (ns):              0.154
  Slack (ns):              0.080
  Arrival (ns):            4.510
  Required (ns):           4.430
  Operating Conditions: fast_hv_lt

Path 100
  From: AXI4_Interconnect_0/AXI4_Interconnect_0/SlvConvertor_loop[3].slvcnv/rgsl/genblk4.wrs/sDat[48]:CLK
  To:   SRAM_AXI_0/COREAXI4SRAM_0/genblk1.U_SRAM_AXI_COREAXI4SRAM_0_CoreAXI4SRAM_MAINCTRL/genblk1.wdata_sc_r[38]:D
  Delay (ns):              0.156
  Slack (ns):              0.080
  Arrival (ns):            4.493
  Required (ns):           4.413
  Operating Conditions: fast_hv_lt

