Timing Violation Report Max Delay Analysis

SmartTime Version v12.6
Microsemi Corporation - Microsemi Libero Software Release v12.6 (Version 12.900.20.24)
Date: Tue Jul 20 05:46:50 2021


Design: top
Family: PolarFire
Die: MPF300T
Package: FCVG484
Temperature Range: 0 - 100 C
Voltage Range: 0.97 - 1.03 V
Speed Grade: -1
Design State: Post-Layout
Data source: Production
Multi Corner Report Operating Conditions: slow_lv_ht, slow_lv_lt, fast_hv_lt
Scenario for Timing Analysis: timing_analysis


*** IMPORTANT RECOMMENDATION *** If you haven't done so, it is highly recommended to add clock jitter information for each clock domain into Libero SoC through clock uncertainty SDC timing constraints. Please refer to the Libero SoC v12.5 release notes for more details.

Path 1
  From: CoreDMA_IO_CTRL_0/CoreDMA_Controller_0/CoreDMA_Controller_0/CAXI4DMAI00OI/CAXI4DMAIlOl[5]:CLK
  To:   CoreDMA_IO_CTRL_0/CoreDMA_Controller_0/CoreDMA_Controller_0/CAXI4DMAI00OI/CAXI4DMAIlOl[9]:D
  Delay (ns):              4.142
  Slack (ns):              0.825
  Arrival (ns):           14.114
  Required (ns):          14.939
  Operating Conditions: slow_lv_ht

Path 2
  From: CoreDMA_IO_CTRL_0/CoreDMA_Controller_0/CoreDMA_Controller_0/CAXI4DMAI00OI/CAXI4DMAIlOl[5]:CLK
  To:   CoreDMA_IO_CTRL_0/CoreDMA_Controller_0/CoreDMA_Controller_0/CAXI4DMAI00OI/CAXI4DMAIlOl[11]:D
  Delay (ns):              4.126
  Slack (ns):              0.841
  Arrival (ns):           14.098
  Required (ns):          14.939
  Operating Conditions: slow_lv_ht

Path 3
  From: CoreDMA_IO_CTRL_0/CoreDMA_Controller_0/CoreDMA_Controller_0/CAXI4DMAI00OI/CAXI4DMAIlOl[5]:CLK
  To:   CoreDMA_IO_CTRL_0/CoreDMA_Controller_0/CoreDMA_Controller_0/CAXI4DMAI00OI/CAXI4DMAIlOl[7]:D
  Delay (ns):              4.123
  Slack (ns):              0.845
  Arrival (ns):           14.095
  Required (ns):          14.940
  Operating Conditions: slow_lv_ht

Path 4
  From: CoreDMA_IO_CTRL_0/CoreDMA_Controller_0/CoreDMA_Controller_0/CAXI4DMAI00OI/CAXI4DMAIlOl[6]:CLK
  To:   CoreDMA_IO_CTRL_0/CoreDMA_Controller_0/CoreDMA_Controller_0/CAXI4DMAI00OI/CAXI4DMAIlOl[9]:D
  Delay (ns):              4.043
  Slack (ns):              0.881
  Arrival (ns):           14.033
  Required (ns):          14.914
  Operating Conditions: slow_lv_ht

Path 5
  From: CoreDMA_IO_CTRL_0/CoreDMA_Controller_0/CoreDMA_Controller_0/CAXI4DMAI00OI/CAXI4DMAIlOl[10]:CLK
  To:   CoreDMA_IO_CTRL_0/CoreDMA_Controller_0/CoreDMA_Controller_0/CAXI4DMAI00OI/CAXI4DMAIlOl[9]:D
  Delay (ns):              4.104
  Slack (ns):              0.887
  Arrival (ns):           14.084
  Required (ns):          14.971
  Operating Conditions: slow_lv_ht

Path 6
  From: CoreDMA_IO_CTRL_0/CoreDMA_Controller_0/CoreDMA_Controller_0/CAXI4DMAOOlOI/CAXI4DMAOOl1I/CAXI4DMAI01Ol/CAXI4DMAO010l_Z[16]:CLK
  To:   CoreDMA_IO_CTRL_0/CoreDMA_Controller_0/CoreDMA_Controller_0/CAXI4DMAOOlOI/CAXI4DMAOOl1I/CAXI4DMAllIIl/CAXI4DMAO01Il_Z[1]:EN
  Delay (ns):              3.902
  Slack (ns):              0.892
  Arrival (ns):           13.880
  Required (ns):          14.772
  Operating Conditions: slow_lv_ht

Path 7
  From: CoreDMA_IO_CTRL_0/CoreDMA_Controller_0/CoreDMA_Controller_0/CAXI4DMAI00OI/CAXI4DMAIlOl[6]:CLK
  To:   CoreDMA_IO_CTRL_0/CoreDMA_Controller_0/CoreDMA_Controller_0/CAXI4DMAI00OI/CAXI4DMAIlOl[11]:D
  Delay (ns):              4.027
  Slack (ns):              0.897
  Arrival (ns):           14.017
  Required (ns):          14.914
  Operating Conditions: slow_lv_ht

Path 8
  From: CoreDMA_IO_CTRL_0/CoreDMA_Controller_0/CoreDMA_Controller_0/CAXI4DMAOOlOI/CAXI4DMAOOl1I/CAXI4DMAOI1Ol/CAXI4DMAI1l1:CLK
  To:   CoreDMA_IO_CTRL_0/CoreDMA_Controller_0/CoreDMA_Controller_0/CAXI4DMAOOlOI/CAXI4DMAOOl1I/CAXI4DMAllIIl/CAXI4DMAO01Il_Z[1]:EN
  Delay (ns):              3.920
  Slack (ns):              0.898
  Arrival (ns):           13.889
  Required (ns):          14.787
  Operating Conditions: slow_lv_ht

Path 9
  From: CoreDMA_IO_CTRL_0/CoreDMA_Controller_0/CoreDMA_Controller_0/CAXI4DMAI00OI/CAXI4DMAIlOl[6]:CLK
  To:   CoreDMA_IO_CTRL_0/CoreDMA_Controller_0/CoreDMA_Controller_0/CAXI4DMAI00OI/CAXI4DMAIlOl[7]:D
  Delay (ns):              4.024
  Slack (ns):              0.901
  Arrival (ns):           14.014
  Required (ns):          14.915
  Operating Conditions: slow_lv_ht

Path 10
  From: CoreDMA_IO_CTRL_0/CoreDMA_Controller_0/CoreDMA_Controller_0/CAXI4DMAI00OI/CAXI4DMAIlOl[10]:CLK
  To:   CoreDMA_IO_CTRL_0/CoreDMA_Controller_0/CoreDMA_Controller_0/CAXI4DMAI00OI/CAXI4DMAIlOl[11]:D
  Delay (ns):              4.088
  Slack (ns):              0.903
  Arrival (ns):           14.068
  Required (ns):          14.971
  Operating Conditions: slow_lv_ht

Path 11
  From: CoreDMA_IO_CTRL_0/CoreDMA_Controller_0/CoreDMA_Controller_0/CAXI4DMAI00OI/CAXI4DMAIlOl[10]:CLK
  To:   CoreDMA_IO_CTRL_0/CoreDMA_Controller_0/CoreDMA_Controller_0/CAXI4DMAI00OI/CAXI4DMAIlOl[7]:D
  Delay (ns):              4.085
  Slack (ns):              0.907
  Arrival (ns):           14.065
  Required (ns):          14.972
  Operating Conditions: slow_lv_ht

Path 12
  From: CoreDMA_IO_CTRL_0/CoreDMA_Controller_0/CoreDMA_Controller_0/CAXI4DMAI00OI/CAXI4DMAIlOl[7]:CLK
  To:   CoreDMA_IO_CTRL_0/CoreDMA_Controller_0/CoreDMA_Controller_0/CAXI4DMAI00OI/CAXI4DMAIlOl[9]:D
  Delay (ns):              4.077
  Slack (ns):              0.914
  Arrival (ns):           14.057
  Required (ns):          14.971
  Operating Conditions: slow_lv_ht

Path 13
  From: CoreDMA_IO_CTRL_0/CoreDMA_Controller_0/CoreDMA_Controller_0/CAXI4DMAI00OI/CAXI4DMAIlOl[7]:CLK
  To:   CoreDMA_IO_CTRL_0/CoreDMA_Controller_0/CoreDMA_Controller_0/CAXI4DMAI00OI/CAXI4DMAIlOl[11]:D
  Delay (ns):              4.061
  Slack (ns):              0.930
  Arrival (ns):           14.041
  Required (ns):          14.971
  Operating Conditions: slow_lv_ht

Path 14
  From: CoreDMA_IO_CTRL_0/CoreDMA_Controller_0/CoreDMA_Controller_0/CAXI4DMAI00OI/CAXI4DMAIlOl[11]:CLK
  To:   CoreDMA_IO_CTRL_0/CoreDMA_Controller_0/CoreDMA_Controller_0/CAXI4DMAI00OI/CAXI4DMAIlOl[9]:D
  Delay (ns):              4.055
  Slack (ns):              0.936
  Arrival (ns):           14.035
  Required (ns):          14.971
  Operating Conditions: slow_lv_ht

Path 15
  From: CoreDMA_IO_CTRL_0/CoreDMA_Controller_0/CoreDMA_Controller_0/CAXI4DMAI00OI/CAXI4DMAIlOl[7]:CLK
  To:   CoreDMA_IO_CTRL_0/CoreDMA_Controller_0/CoreDMA_Controller_0/CAXI4DMAI00OI/CAXI4DMAIlOl[7]:D
  Delay (ns):              4.058
  Slack (ns):              0.942
  Arrival (ns):           14.038
  Required (ns):          14.980
  Operating Conditions: slow_lv_ht

Path 16
  From: CoreDMA_IO_CTRL_0/CoreDMA_Controller_0/CoreDMA_Controller_0/CAXI4DMAI00OI/CAXI4DMAIlOl[8]:CLK
  To:   CoreDMA_IO_CTRL_0/CoreDMA_Controller_0/CoreDMA_Controller_0/CAXI4DMAI00OI/CAXI4DMAIlOl[9]:D
  Delay (ns):              4.042
  Slack (ns):              0.949
  Arrival (ns):           14.022
  Required (ns):          14.971
  Operating Conditions: slow_lv_ht

Path 17
  From: CoreDMA_IO_CTRL_0/CoreDMA_Controller_0/CoreDMA_Controller_0/CAXI4DMAI00OI/CAXI4DMAIlOl[5]:CLK
  To:   CoreDMA_IO_CTRL_0/CoreDMA_Controller_0/CoreDMA_Controller_0/CAXI4DMAI00OI/CAXI4DMAIlOl[8]:D
  Delay (ns):              4.012
  Slack (ns):              0.955
  Arrival (ns):           13.984
  Required (ns):          14.939
  Operating Conditions: slow_lv_ht

Path 18
  From: CoreDMA_IO_CTRL_0/CoreDMA_Controller_0/CoreDMA_Controller_0/CAXI4DMAI00OI/CAXI4DMAIlOl[11]:CLK
  To:   CoreDMA_IO_CTRL_0/CoreDMA_Controller_0/CoreDMA_Controller_0/CAXI4DMAI00OI/CAXI4DMAIlOl[7]:D
  Delay (ns):              4.036
  Slack (ns):              0.956
  Arrival (ns):           14.016
  Required (ns):          14.972
  Operating Conditions: slow_lv_ht

Path 19
  From: CoreDMA_IO_CTRL_0/CoreDMA_Controller_0/CoreDMA_Controller_0/CAXI4DMAI00OI/CAXI4DMAIlOl[5]:CLK
  To:   CoreDMA_IO_CTRL_0/CoreDMA_Controller_0/CoreDMA_Controller_0/CAXI4DMAI00OI/CAXI4DMAIlOl[4]:D
  Delay (ns):              3.993
  Slack (ns):              0.958
  Arrival (ns):           13.965
  Required (ns):          14.923
  Operating Conditions: slow_lv_ht

Path 20
  From: CoreDMA_IO_CTRL_0/CoreDMA_Controller_0/CoreDMA_Controller_0/CAXI4DMAI00OI/CAXI4DMAIlOl[11]:CLK
  To:   CoreDMA_IO_CTRL_0/CoreDMA_Controller_0/CoreDMA_Controller_0/CAXI4DMAI00OI/CAXI4DMAIlOl[11]:D
  Delay (ns):              4.039
  Slack (ns):              0.961
  Arrival (ns):           14.019
  Required (ns):          14.980
  Operating Conditions: slow_lv_ht

Path 21
  From: CoreDMA_IO_CTRL_0/CoreDMA_Controller_0/CoreDMA_Controller_0/CAXI4DMAI00OI/CAXI4DMAIlOl[8]:CLK
  To:   CoreDMA_IO_CTRL_0/CoreDMA_Controller_0/CoreDMA_Controller_0/CAXI4DMAI00OI/CAXI4DMAIlOl[11]:D
  Delay (ns):              4.026
  Slack (ns):              0.965
  Arrival (ns):           14.006
  Required (ns):          14.971
  Operating Conditions: slow_lv_ht

Path 22
  From: CoreDMA_IO_CTRL_0/CoreDMA_Controller_0/CoreDMA_Controller_0/CAXI4DMAI00OI/CAXI4DMAIlOl[8]:CLK
  To:   CoreDMA_IO_CTRL_0/CoreDMA_Controller_0/CoreDMA_Controller_0/CAXI4DMAI00OI/CAXI4DMAIlOl[7]:D
  Delay (ns):              4.023
  Slack (ns):              0.969
  Arrival (ns):           14.003
  Required (ns):          14.972
  Operating Conditions: slow_lv_ht

Path 23
  From: CoreDMA_IO_CTRL_0/CoreDMA_Controller_0/CoreDMA_Controller_0/CAXI4DMAI00OI/CAXI4DMAIlOl[4]:CLK
  To:   CoreDMA_IO_CTRL_0/CoreDMA_Controller_0/CoreDMA_Controller_0/CAXI4DMAI00OI/CAXI4DMAIlOl[9]:D
  Delay (ns):              3.954
  Slack (ns):              0.970
  Arrival (ns):           13.944
  Required (ns):          14.914
  Operating Conditions: slow_lv_ht

Path 24
  From: CoreDMA_IO_CTRL_0/CoreDMA_Controller_0/CoreDMA_Controller_0/CAXI4DMAI00OI/CAXI4DMAIlOl[5]:CLK
  To:   CoreDMA_IO_CTRL_0/CoreDMA_Controller_0/CoreDMA_Controller_0/CAXI4DMAI00OI/CAXI4DMAIlOl[6]:D
  Delay (ns):              3.975
  Slack (ns):              0.976
  Arrival (ns):           13.947
  Required (ns):          14.923
  Operating Conditions: slow_lv_ht

Path 25
  From: CoreDMA_IO_CTRL_0/CoreDMA_Controller_0/CoreDMA_Controller_0/CAXI4DMAI00OI/CAXI4DMAIlOl[3]:CLK
  To:   CoreDMA_IO_CTRL_0/CoreDMA_Controller_0/CoreDMA_Controller_0/CAXI4DMAI00OI/CAXI4DMAIlOl[9]:D
  Delay (ns):              3.944
  Slack (ns):              0.980
  Arrival (ns):           13.934
  Required (ns):          14.914
  Operating Conditions: slow_lv_ht

Path 26
  From: CoreDMA_IO_CTRL_0/CoreDMA_Controller_0/CoreDMA_Controller_0/CAXI4DMAI00OI/CAXI4DMAIlOl[0]:CLK
  To:   CoreDMA_IO_CTRL_0/CoreDMA_Controller_0/CoreDMA_Controller_0/CAXI4DMAI00OI/CAXI4DMAOllI[4]:D
  Delay (ns):              3.946
  Slack (ns):              0.984
  Arrival (ns):           13.936
  Required (ns):          14.920
  Operating Conditions: slow_lv_ht

Path 27
  From: CoreDMA_IO_CTRL_0/CoreDMA_Controller_0/CoreDMA_Controller_0/CAXI4DMAI00OI/CAXI4DMAIlOl[5]:CLK
  To:   CoreDMA_IO_CTRL_0/CoreDMA_Controller_0/CoreDMA_Controller_0/CAXI4DMAI00OI/CAXI4DMAIlOl[3]:D
  Delay (ns):              3.966
  Slack (ns):              0.985
  Arrival (ns):           13.938
  Required (ns):          14.923
  Operating Conditions: slow_lv_ht

Path 28
  From: CoreDMA_IO_CTRL_0/CoreDMA_Controller_0/CoreDMA_Controller_0/CAXI4DMAI00OI/CAXI4DMAIlOl[4]:CLK
  To:   CoreDMA_IO_CTRL_0/CoreDMA_Controller_0/CoreDMA_Controller_0/CAXI4DMAI00OI/CAXI4DMAIlOl[11]:D
  Delay (ns):              3.938
  Slack (ns):              0.986
  Arrival (ns):           13.928
  Required (ns):          14.914
  Operating Conditions: slow_lv_ht

Path 29
  From: CoreDMA_IO_CTRL_0/CoreDMA_Controller_0/CoreDMA_Controller_0/CAXI4DMAI00OI/CAXI4DMAIlOl[10]:CLK
  To:   CoreDMA_IO_CTRL_0/CoreDMA_Controller_0/CoreDMA_Controller_0/CAXI4DMAI00OI/CAXI4DMAIlOl[4]:D
  Delay (ns):              3.955
  Slack (ns):              0.988
  Arrival (ns):           13.935
  Required (ns):          14.923
  Operating Conditions: slow_lv_ht

Path 30
  From: CoreDMA_IO_CTRL_0/CoreDMA_Controller_0/CoreDMA_Controller_0/CAXI4DMAI00OI/CAXI4DMAIlOl[4]:CLK
  To:   CoreDMA_IO_CTRL_0/CoreDMA_Controller_0/CoreDMA_Controller_0/CAXI4DMAI00OI/CAXI4DMAIlOl[7]:D
  Delay (ns):              3.935
  Slack (ns):              0.990
  Arrival (ns):           13.925
  Required (ns):          14.915
  Operating Conditions: slow_lv_ht

Path 31
  From: CoreDMA_IO_CTRL_0/CoreDMA_Controller_0/CoreDMA_Controller_0/CAXI4DMAI00OI/CAXI4DMAIlOl[9]:CLK
  To:   CoreDMA_IO_CTRL_0/CoreDMA_Controller_0/CoreDMA_Controller_0/CAXI4DMAI00OI/CAXI4DMAIlOl[9]:D
  Delay (ns):              4.006
  Slack (ns):              0.994
  Arrival (ns):           13.986
  Required (ns):          14.980
  Operating Conditions: slow_lv_ht

Path 32
  From: CoreDMA_IO_CTRL_0/CoreDMA_Controller_0/CoreDMA_Controller_0/CAXI4DMAI00OI/CAXI4DMAIlOl[3]:CLK
  To:   CoreDMA_IO_CTRL_0/CoreDMA_Controller_0/CoreDMA_Controller_0/CAXI4DMAI00OI/CAXI4DMAIlOl[11]:D
  Delay (ns):              3.928
  Slack (ns):              0.996
  Arrival (ns):           13.918
  Required (ns):          14.914
  Operating Conditions: slow_lv_ht

Path 33
  From: CoreDMA_IO_CTRL_0/CoreDMA_Controller_0/CoreDMA_Controller_0/CAXI4DMAI00OI/CAXI4DMAOIOl[13]:CLK
  To:   CoreDMA_IO_CTRL_0/CoreDMA_Controller_0/CoreDMA_Controller_0/CAXI4DMAI00OI/CAXI4DMAOllI[4]:D
  Delay (ns):              3.861
  Slack (ns):              0.997
  Arrival (ns):           13.884
  Required (ns):          14.881
  Operating Conditions: slow_lv_ht

Path 34
  From: CoreDMA_IO_CTRL_0/CoreDMA_Controller_0/CoreDMA_Controller_0/CAXI4DMAI00OI/CAXI4DMAIlOl[3]:CLK
  To:   CoreDMA_IO_CTRL_0/CoreDMA_Controller_0/CoreDMA_Controller_0/CAXI4DMAI00OI/CAXI4DMAIlOl[7]:D
  Delay (ns):              3.925
  Slack (ns):              1.000
  Arrival (ns):           13.915
  Required (ns):          14.915
  Operating Conditions: slow_lv_ht

Path 35
  From: CoreDMA_IO_CTRL_0/CoreDMA_Controller_0/CoreDMA_Controller_0/CAXI4DMAI00OI/CAXI4DMAIlOl[9]:CLK
  To:   CoreDMA_IO_CTRL_0/CoreDMA_Controller_0/CoreDMA_Controller_0/CAXI4DMAI00OI/CAXI4DMAIlOl[11]:D
  Delay (ns):              3.990
  Slack (ns):              1.001
  Arrival (ns):           13.970
  Required (ns):          14.971
  Operating Conditions: slow_lv_ht

Path 36
  From: CoreDMA_IO_CTRL_0/CoreDMA_Controller_0/CoreDMA_Controller_0/CAXI4DMAI00OI/CAXI4DMAIlOl[5]:CLK
  To:   CoreDMA_IO_CTRL_0/CoreDMA_Controller_0/CoreDMA_Controller_0/CAXI4DMAI00OI/CAXI4DMAIlOl[10]:D
  Delay (ns):              3.964
  Slack (ns):              1.003
  Arrival (ns):           13.936
  Required (ns):          14.939
  Operating Conditions: slow_lv_ht

Path 37
  From: CoreDMA_IO_CTRL_0/CoreDMA_Controller_0/CoreDMA_Controller_0/CAXI4DMAI00OI/CAXI4DMAIlOl[9]:CLK
  To:   CoreDMA_IO_CTRL_0/CoreDMA_Controller_0/CoreDMA_Controller_0/CAXI4DMAI00OI/CAXI4DMAIlOl[7]:D
  Delay (ns):              3.987
  Slack (ns):              1.005
  Arrival (ns):           13.967
  Required (ns):          14.972
  Operating Conditions: slow_lv_ht

Path 38
  From: CoreDMA_IO_CTRL_0/CoreDMA_Controller_0/CoreDMA_Controller_0/CAXI4DMAI00OI/CAXI4DMAIlOl[10]:CLK
  To:   CoreDMA_IO_CTRL_0/CoreDMA_Controller_0/CoreDMA_Controller_0/CAXI4DMAI00OI/CAXI4DMAIlOl[6]:D
  Delay (ns):              3.937
  Slack (ns):              1.006
  Arrival (ns):           13.917
  Required (ns):          14.923
  Operating Conditions: slow_lv_ht

Path 39
  From: CoreDMA_IO_CTRL_0/CoreDMA_Controller_0/CoreDMA_Controller_0/CAXI4DMAI00OI/CAXI4DMAIlOl[6]:CLK
  To:   CoreDMA_IO_CTRL_0/CoreDMA_Controller_0/CoreDMA_Controller_0/CAXI4DMAI00OI/CAXI4DMAIlOl[8]:D
  Delay (ns):              3.913
  Slack (ns):              1.011
  Arrival (ns):           13.903
  Required (ns):          14.914
  Operating Conditions: slow_lv_ht

Path 40
  From: CoreDMA_IO_CTRL_0/CoreDMA_Controller_0/CoreDMA_Controller_0/CAXI4DMAI00OI/CAXI4DMAIlOl[5]:CLK
  To:   CoreDMA_IO_CTRL_0/CoreDMA_Controller_0/CoreDMA_Controller_0/CAXI4DMAI00OI/CAXI4DMAIlOl[2]:D
  Delay (ns):              3.937
  Slack (ns):              1.014
  Arrival (ns):           13.909
  Required (ns):          14.923
  Operating Conditions: slow_lv_ht

Path 41
  From: CoreDMA_IO_CTRL_0/CoreDMA_Controller_0/CoreDMA_Controller_0/CAXI4DMAI00OI/CAXI4DMAIlOl[7]:CLK
  To:   CoreDMA_IO_CTRL_0/CoreDMA_Controller_0/CoreDMA_Controller_0/CAXI4DMAI00OI/CAXI4DMAIlOl[4]:D
  Delay (ns):              3.928
  Slack (ns):              1.015
  Arrival (ns):           13.908
  Required (ns):          14.923
  Operating Conditions: slow_lv_ht

Path 42
  From: CoreDMA_IO_CTRL_0/CoreDMA_Controller_0/CoreDMA_Controller_0/CAXI4DMAI00OI/CAXI4DMAIlOl[10]:CLK
  To:   CoreDMA_IO_CTRL_0/CoreDMA_Controller_0/CoreDMA_Controller_0/CAXI4DMAI00OI/CAXI4DMAIlOl[3]:D
  Delay (ns):              3.928
  Slack (ns):              1.015
  Arrival (ns):           13.908
  Required (ns):          14.923
  Operating Conditions: slow_lv_ht

Path 43
  From: CoreDMA_IO_CTRL_0/CoreDMA_Controller_0/CoreDMA_Controller_0/CAXI4DMAI00OI/CAXI4DMAIlOl[0]:CLK
  To:   CoreDMA_IO_CTRL_0/CoreDMA_Controller_0/CoreDMA_Controller_0/CAXI4DMAI00OI/CAXI4DMAOllI[3]:D
  Delay (ns):              3.902
  Slack (ns):              1.016
  Arrival (ns):           13.892
  Required (ns):          14.908
  Operating Conditions: slow_lv_ht

Path 44
  From: CoreDMA_IO_CTRL_0/CoreDMA_Controller_0/CoreDMA_Controller_0/CAXI4DMAI00OI/CAXI4DMAIlOl[10]:CLK
  To:   CoreDMA_IO_CTRL_0/CoreDMA_Controller_0/CoreDMA_Controller_0/CAXI4DMAI00OI/CAXI4DMAIlOl[8]:D
  Delay (ns):              3.974
  Slack (ns):              1.017
  Arrival (ns):           13.954
  Required (ns):          14.971
  Operating Conditions: slow_lv_ht

Path 45
  From: CoreDMA_IO_CTRL_0/CoreDMA_Controller_0/CoreDMA_Controller_0/CAXI4DMAI00OI/CAXI4DMAIlOl[0]:CLK
  To:   CoreDMA_IO_CTRL_0/CoreDMA_Controller_0/CoreDMA_Controller_0/CAXI4DMAI00OI/CAXI4DMAlI0I[4]:D
  Delay (ns):              3.903
  Slack (ns):              1.026
  Arrival (ns):           13.893
  Required (ns):          14.919
  Operating Conditions: slow_lv_ht

Path 46
  From: CoreDMA_IO_CTRL_0/CoreDMA_Controller_0/CoreDMA_Controller_0/CAXI4DMAI00OI/CAXI4DMAOIOl[13]:CLK
  To:   CoreDMA_IO_CTRL_0/CoreDMA_Controller_0/CoreDMA_Controller_0/CAXI4DMAI00OI/CAXI4DMAOllI[3]:D
  Delay (ns):              3.815
  Slack (ns):              1.031
  Arrival (ns):           13.838
  Required (ns):          14.869
  Operating Conditions: slow_lv_ht

Path 47
  From: CoreDMA_IO_CTRL_0/CoreDMA_Controller_0/CoreDMA_Controller_0/CAXI4DMAI00OI/CAXI4DMAIlOl[7]:CLK
  To:   CoreDMA_IO_CTRL_0/CoreDMA_Controller_0/CoreDMA_Controller_0/CAXI4DMAI00OI/CAXI4DMAIlOl[6]:D
  Delay (ns):              3.910
  Slack (ns):              1.033
  Arrival (ns):           13.890
  Required (ns):          14.923
  Operating Conditions: slow_lv_ht

Path 48
  From: CoreDMA_IO_CTRL_0/CoreDMA_Controller_0/CoreDMA_Controller_0/CAXI4DMAI00OI/CAXI4DMAIlOl[10]:CLK
  To:   CoreDMA_IO_CTRL_0/CoreDMA_Controller_0/CoreDMA_Controller_0/CAXI4DMAI00OI/CAXI4DMAIlOl[5]:D
  Delay (ns):              3.919
  Slack (ns):              1.034
  Arrival (ns):           13.899
  Required (ns):          14.933
  Operating Conditions: slow_lv_ht

Path 49
  From: CoreDMA_IO_CTRL_0/CoreDMA_Controller_0/CoreDMA_Controller_0/CAXI4DMAI00OI/CAXI4DMAIlOl[0]:CLK
  To:   CoreDMA_IO_CTRL_0/CoreDMA_Controller_0/CoreDMA_Controller_0/CAXI4DMAI00OI/CAXI4DMAIlOl[9]:D
  Delay (ns):              3.888
  Slack (ns):              1.036
  Arrival (ns):           13.878
  Required (ns):          14.914
  Operating Conditions: slow_lv_ht

Path 50
  From: CoreDMA_IO_CTRL_0/CoreDMA_Controller_0/CoreDMA_Controller_0/CAXI4DMAI00OI/CAXI4DMAIlOl[11]:CLK
  To:   CoreDMA_IO_CTRL_0/CoreDMA_Controller_0/CoreDMA_Controller_0/CAXI4DMAI00OI/CAXI4DMAIlOl[4]:D
  Delay (ns):              3.906
  Slack (ns):              1.037
  Arrival (ns):           13.886
  Required (ns):          14.923
  Operating Conditions: slow_lv_ht

Path 51
  From: CoreDMA_IO_CTRL_0/CoreDMA_Controller_0/CoreDMA_Controller_0/CAXI4DMAI00OI/CAXI4DMAIlOl[0]:CLK
  To:   CoreDMA_IO_CTRL_0/CoreDMA_Controller_0/CoreDMA_Controller_0/CAXI4DMAI00OI/CAXI4DMAOllI[5]:D
  Delay (ns):              3.892
  Slack (ns):              1.037
  Arrival (ns):           13.882
  Required (ns):          14.919
  Operating Conditions: slow_lv_ht

Path 52
  From: CoreDMA_IO_CTRL_0/CoreDMA_Controller_0/CoreDMA_Controller_0/CAXI4DMAI00OI/CAXI4DMAOIOl[13]:CLK
  To:   CoreDMA_IO_CTRL_0/CoreDMA_Controller_0/CoreDMA_Controller_0/CAXI4DMAI00OI/CAXI4DMAlI0I[4]:D
  Delay (ns):              3.817
  Slack (ns):              1.040
  Arrival (ns):           13.840
  Required (ns):          14.880
  Operating Conditions: slow_lv_ht

Path 53
  From: CoreDMA_IO_CTRL_0/CoreDMA_Controller_0/CoreDMA_Controller_0/CAXI4DMAI00OI/CAXI4DMAIlOl[7]:CLK
  To:   CoreDMA_IO_CTRL_0/CoreDMA_Controller_0/CoreDMA_Controller_0/CAXI4DMAI00OI/CAXI4DMAIlOl[3]:D
  Delay (ns):              3.901
  Slack (ns):              1.042
  Arrival (ns):           13.881
  Required (ns):          14.923
  Operating Conditions: slow_lv_ht

Path 54
  From: CoreDMA_IO_CTRL_0/CoreDMA_Controller_0/CoreDMA_Controller_0/CAXI4DMAI00OI/CAXI4DMAIlOl[5]:CLK
  To:   CoreDMA_IO_CTRL_0/CoreDMA_Controller_0/CoreDMA_Controller_0/CAXI4DMAI00OI/CAXI4DMAIlOl[1]:D
  Delay (ns):              3.909
  Slack (ns):              1.042
  Arrival (ns):           13.881
  Required (ns):          14.923
  Operating Conditions: slow_lv_ht

Path 55
  From: CoreDMA_IO_CTRL_0/CoreDMA_Controller_0/CoreDMA_Controller_0/CAXI4DMAI00OI/CAXI4DMAIlOl[5]:CLK
  To:   CoreDMA_IO_CTRL_0/CoreDMA_Controller_0/CoreDMA_Controller_0/CAXI4DMAI00OI/CAXI4DMAIlOl[5]:D
  Delay (ns):              3.957
  Slack (ns):              1.043
  Arrival (ns):           13.929
  Required (ns):          14.972
  Operating Conditions: slow_lv_ht

Path 56
  From: CoreDMA_IO_CTRL_0/CoreDMA_Controller_0/CoreDMA_Controller_0/CAXI4DMAI00OI/CAXI4DMAIlOl[7]:CLK
  To:   CoreDMA_IO_CTRL_0/CoreDMA_Controller_0/CoreDMA_Controller_0/CAXI4DMAI00OI/CAXI4DMAIlOl[8]:D
  Delay (ns):              3.947
  Slack (ns):              1.044
  Arrival (ns):           13.927
  Required (ns):          14.971
  Operating Conditions: slow_lv_ht

Path 57
  From: CoreDMA_IO_CTRL_0/CoreDMA_Controller_0/CoreDMA_Controller_0/CAXI4DMAI00OI/CAXI4DMAIlOl[10]:CLK
  To:   CoreDMA_IO_CTRL_0/CoreDMA_Controller_0/CoreDMA_Controller_0/CAXI4DMAI00OI/CAXI4DMAIlOl[2]:D
  Delay (ns):              3.899
  Slack (ns):              1.044
  Arrival (ns):           13.879
  Required (ns):          14.923
  Operating Conditions: slow_lv_ht

Path 58
  From: CoreDMA_IO_CTRL_0/CoreDMA_Controller_0/CoreDMA_Controller_0/CAXI4DMAI00OI/CAXI4DMAIlOl[3]:CLK
  To:   CoreDMA_IO_CTRL_0/CoreDMA_Controller_0/CoreDMA_Controller_0/CAXI4DMAI00OI/CAXI4DMAOllI[4]:D
  Delay (ns):              3.881
  Slack (ns):              1.049
  Arrival (ns):           13.871
  Required (ns):          14.920
  Operating Conditions: slow_lv_ht

Path 59
  From: CoreDMA_IO_CTRL_0/CoreDMA_Controller_0/CoreDMA_Controller_0/CAXI4DMAI00OI/CAXI4DMAIlOl[8]:CLK
  To:   CoreDMA_IO_CTRL_0/CoreDMA_Controller_0/CoreDMA_Controller_0/CAXI4DMAI00OI/CAXI4DMAIlOl[4]:D
  Delay (ns):              3.893
  Slack (ns):              1.050
  Arrival (ns):           13.873
  Required (ns):          14.923
  Operating Conditions: slow_lv_ht

Path 60
  From: CoreDMA_IO_CTRL_0/CoreDMA_Controller_0/CoreDMA_Controller_0/CAXI4DMAOOlOI/CAXI4DMAOOl1I/CAXI4DMAI01Ol/CAXI4DMAO010l_Z[15]:CLK
  To:   CoreDMA_IO_CTRL_0/CoreDMA_Controller_0/CoreDMA_Controller_0/CAXI4DMAOOlOI/CAXI4DMAOOl1I/CAXI4DMAllIIl/CAXI4DMAO01Il_Z[1]:EN
  Delay (ns):              3.740
  Slack (ns):              1.051
  Arrival (ns):           13.721
  Required (ns):          14.772
  Operating Conditions: slow_lv_ht

Path 61
  From: CoreDMA_IO_CTRL_0/CoreDMA_Controller_0/CoreDMA_Controller_0/CAXI4DMAI00OI/CAXI4DMAOIOl[13]:CLK
  To:   CoreDMA_IO_CTRL_0/CoreDMA_Controller_0/CoreDMA_Controller_0/CAXI4DMAI00OI/CAXI4DMAOllI[5]:D
  Delay (ns):              3.805
  Slack (ns):              1.052
  Arrival (ns):           13.828
  Required (ns):          14.880
  Operating Conditions: slow_lv_ht

Path 62
  From: CoreDMA_IO_CTRL_0/CoreDMA_Controller_0/CoreDMA_Controller_0/CAXI4DMAI00OI/CAXI4DMAIlOl[0]:CLK
  To:   CoreDMA_IO_CTRL_0/CoreDMA_Controller_0/CoreDMA_Controller_0/CAXI4DMAI00OI/CAXI4DMAIlOl[11]:D
  Delay (ns):              3.872
  Slack (ns):              1.052
  Arrival (ns):           13.862
  Required (ns):          14.914
  Operating Conditions: slow_lv_ht

Path 63
  From: CoreDMA_IO_CTRL_0/CoreDMA_Controller_0/CoreDMA_Controller_0/CAXI4DMAOOlOI/CAXI4DMAOOl1I/CAXI4DMAI01Ol/CAXI4DMAO010l_Z[13]:CLK
  To:   CoreDMA_IO_CTRL_0/CoreDMA_Controller_0/CoreDMA_Controller_0/CAXI4DMAOOlOI/CAXI4DMAOOl1I/CAXI4DMAllIIl/CAXI4DMAO01Il_Z[1]:EN
  Delay (ns):              3.742
  Slack (ns):              1.053
  Arrival (ns):           13.719
  Required (ns):          14.772
  Operating Conditions: slow_lv_ht

Path 64
  From: CoreDMA_IO_CTRL_0/CoreDMA_Controller_0/CoreDMA_Controller_0/CAXI4DMAI00OI/CAXI4DMAIlOl[0]:CLK
  To:   CoreDMA_IO_CTRL_0/CoreDMA_Controller_0/CoreDMA_Controller_0/CAXI4DMAI00OI/CAXI4DMAOllI[6]:D
  Delay (ns):              3.876
  Slack (ns):              1.054
  Arrival (ns):           13.866
  Required (ns):          14.920
  Operating Conditions: slow_lv_ht

Path 65
  From: CoreDMA_IO_CTRL_0/CoreDMA_Controller_0/CoreDMA_Controller_0/CAXI4DMAI00OI/CAXI4DMAIlOl[11]:CLK
  To:   CoreDMA_IO_CTRL_0/CoreDMA_Controller_0/CoreDMA_Controller_0/CAXI4DMAI00OI/CAXI4DMAIlOl[6]:D
  Delay (ns):              3.888
  Slack (ns):              1.055
  Arrival (ns):           13.868
  Required (ns):          14.923
  Operating Conditions: slow_lv_ht

Path 66
  From: CoreDMA_IO_CTRL_0/CoreDMA_Controller_0/CoreDMA_Controller_0/CAXI4DMAI00OI/CAXI4DMAIlOl[0]:CLK
  To:   CoreDMA_IO_CTRL_0/CoreDMA_Controller_0/CoreDMA_Controller_0/CAXI4DMAI00OI/CAXI4DMAIlOl[7]:D
  Delay (ns):              3.869
  Slack (ns):              1.056
  Arrival (ns):           13.859
  Required (ns):          14.915
  Operating Conditions: slow_lv_ht

Path 67
  From: CoreDMA_IO_CTRL_0/CoreDMA_Controller_0/CoreDMA_Controller_0/CAXI4DMAI00OI/CAXI4DMAIlOl[6]:CLK
  To:   CoreDMA_IO_CTRL_0/CoreDMA_Controller_0/CoreDMA_Controller_0/CAXI4DMAI00OI/CAXI4DMAIlOl[10]:D
  Delay (ns):              3.865
  Slack (ns):              1.059
  Arrival (ns):           13.855
  Required (ns):          14.914
  Operating Conditions: slow_lv_ht

Path 68
  From: CoreDMA_IO_CTRL_0/CoreDMA_Controller_0/CoreDMA_Controller_0/CAXI4DMAI00OI/CAXI4DMAIlOl[6]:CLK
  To:   CoreDMA_IO_CTRL_0/CoreDMA_Controller_0/CoreDMA_Controller_0/CAXI4DMAI00OI/CAXI4DMAIlOl[5]:D
  Delay (ns):              3.858
  Slack (ns):              1.060
  Arrival (ns):           13.848
  Required (ns):          14.908
  Operating Conditions: slow_lv_ht

Path 69
  From: CoreDMA_IO_CTRL_0/CoreDMA_Controller_0/CoreDMA_Controller_0/CAXI4DMAI00OI/CAXI4DMAIlOl[7]:CLK
  To:   CoreDMA_IO_CTRL_0/CoreDMA_Controller_0/CoreDMA_Controller_0/CAXI4DMAI00OI/CAXI4DMAIlOl[5]:D
  Delay (ns):              3.892
  Slack (ns):              1.061
  Arrival (ns):           13.872
  Required (ns):          14.933
  Operating Conditions: slow_lv_ht

Path 70
  From: CoreDMA_IO_CTRL_0/CoreDMA_Controller_0/CoreDMA_Controller_0/CAXI4DMAI00OI/CAXI4DMAOIOl[13]:CLK
  To:   CoreDMA_IO_CTRL_0/CoreDMA_Controller_0/CoreDMA_Controller_0/CAXI4DMAI00OI/CAXI4DMAOllI[6]:D
  Delay (ns):              3.794
  Slack (ns):              1.064
  Arrival (ns):           13.817
  Required (ns):          14.881
  Operating Conditions: slow_lv_ht

Path 71
  From: CoreDMA_IO_CTRL_0/CoreDMA_Controller_0/CoreDMA_Controller_0/CAXI4DMAI00OI/CAXI4DMAIlOl[11]:CLK
  To:   CoreDMA_IO_CTRL_0/CoreDMA_Controller_0/CoreDMA_Controller_0/CAXI4DMAI00OI/CAXI4DMAIlOl[3]:D
  Delay (ns):              3.879
  Slack (ns):              1.064
  Arrival (ns):           13.859
  Required (ns):          14.923
  Operating Conditions: slow_lv_ht

Path 72
  From: CoreDMA_IO_CTRL_0/CoreDMA_Controller_0/CoreDMA_Controller_0/CAXI4DMAI00OI/CAXI4DMAOIOl[3]:CLK
  To:   CoreDMA_IO_CTRL_0/CoreDMA_Controller_0/CoreDMA_Controller_0/CAXI4DMAI00OI/CAXI4DMAIlOl[9]:D
  Delay (ns):              3.888
  Slack (ns):              1.065
  Arrival (ns):           13.874
  Required (ns):          14.939
  Operating Conditions: slow_lv_ht

Path 73
  From: CoreDMA_IO_CTRL_0/CoreDMA_Controller_0/CoreDMA_Controller_0/CAXI4DMAI00OI/CAXI4DMAIlOl[1]:CLK
  To:   CoreDMA_IO_CTRL_0/CoreDMA_Controller_0/CoreDMA_Controller_0/CAXI4DMAI00OI/CAXI4DMAOllI[4]:D
  Delay (ns):              3.864
  Slack (ns):              1.066
  Arrival (ns):           13.854
  Required (ns):          14.920
  Operating Conditions: slow_lv_ht

Path 74
  From: CoreDMA_IO_CTRL_0/CoreDMA_Controller_0/CoreDMA_Controller_0/CAXI4DMAI00OI/CAXI4DMAIlOl[11]:CLK
  To:   CoreDMA_IO_CTRL_0/CoreDMA_Controller_0/CoreDMA_Controller_0/CAXI4DMAI00OI/CAXI4DMAIlOl[8]:D
  Delay (ns):              3.925
  Slack (ns):              1.066
  Arrival (ns):           13.905
  Required (ns):          14.971
  Operating Conditions: slow_lv_ht

Path 75
  From: CoreDMA_IO_CTRL_0/CoreDMA_Controller_0/CoreDMA_Controller_0/CAXI4DMAI00OI/CAXI4DMAIlOl[8]:CLK
  To:   CoreDMA_IO_CTRL_0/CoreDMA_Controller_0/CoreDMA_Controller_0/CAXI4DMAI00OI/CAXI4DMAIlOl[6]:D
  Delay (ns):              3.875
  Slack (ns):              1.068
  Arrival (ns):           13.855
  Required (ns):          14.923
  Operating Conditions: slow_lv_ht

Path 76
  From: CoreDMA_IO_CTRL_0/CoreDMA_Controller_0/CoreDMA_Controller_0/CAXI4DMAI00OI/CAXI4DMAIlOl[7]:CLK
  To:   CoreDMA_IO_CTRL_0/CoreDMA_Controller_0/CoreDMA_Controller_0/CAXI4DMAI00OI/CAXI4DMAIlOl[2]:D
  Delay (ns):              3.872
  Slack (ns):              1.071
  Arrival (ns):           13.852
  Required (ns):          14.923
  Operating Conditions: slow_lv_ht

Path 77
  From: CoreDMA_IO_CTRL_0/CoreDMA_Controller_0/CoreDMA_Controller_0/CAXI4DMAI00OI/CAXI4DMAIlOl[10]:CLK
  To:   CoreDMA_IO_CTRL_0/CoreDMA_Controller_0/CoreDMA_Controller_0/CAXI4DMAI00OI/CAXI4DMAIlOl[1]:D
  Delay (ns):              3.871
  Slack (ns):              1.072
  Arrival (ns):           13.851
  Required (ns):          14.923
  Operating Conditions: slow_lv_ht

Path 78
  From: CoreDMA_IO_CTRL_0/CoreDMA_Controller_0/CoreDMA_Controller_0/CAXI4DMAI00OI/CAXI4DMAIlOl[10]:CLK
  To:   CoreDMA_IO_CTRL_0/CoreDMA_Controller_0/CoreDMA_Controller_0/CAXI4DMAI00OI/CAXI4DMAIlOl[10]:D
  Delay (ns):              3.926
  Slack (ns):              1.074
  Arrival (ns):           13.906
  Required (ns):          14.980
  Operating Conditions: slow_lv_ht

Path 79
  From: CoreDMA_IO_CTRL_0/CoreDMA_Controller_0/CoreDMA_Controller_0/CAXI4DMAI00OI/CAXI4DMAIlOl[8]:CLK
  To:   CoreDMA_IO_CTRL_0/CoreDMA_Controller_0/CoreDMA_Controller_0/CAXI4DMAI00OI/CAXI4DMAIlOl[3]:D
  Delay (ns):              3.866
  Slack (ns):              1.077
  Arrival (ns):           13.846
  Required (ns):          14.923
  Operating Conditions: slow_lv_ht

Path 80
  From: CoreDMA_IO_CTRL_0/CoreDMA_Controller_0/CoreDMA_Controller_0/CAXI4DMAI00OI/CAXI4DMAIlOl[1]:CLK
  To:   CoreDMA_IO_CTRL_0/CoreDMA_Controller_0/CoreDMA_Controller_0/CAXI4DMAI00OI/CAXI4DMAIlOl[9]:D
  Delay (ns):              3.846
  Slack (ns):              1.078
  Arrival (ns):           13.836
  Required (ns):          14.914
  Operating Conditions: slow_lv_ht

Path 81
  From: CoreDMA_IO_CTRL_0/CoreDMA_Controller_0/CoreDMA_Controller_0/CAXI4DMAI00OI/CAXI4DMAOIOl[3]:CLK
  To:   CoreDMA_IO_CTRL_0/CoreDMA_Controller_0/CoreDMA_Controller_0/CAXI4DMAI00OI/CAXI4DMAIlOl[11]:D
  Delay (ns):              3.872
  Slack (ns):              1.081
  Arrival (ns):           13.858
  Required (ns):          14.939
  Operating Conditions: slow_lv_ht

Path 82
  From: CoreDMA_IO_CTRL_0/CoreDMA_Controller_0/CoreDMA_Controller_0/CAXI4DMAI00OI/CAXI4DMAIlOl[3]:CLK
  To:   CoreDMA_IO_CTRL_0/CoreDMA_Controller_0/CoreDMA_Controller_0/CAXI4DMAI00OI/CAXI4DMAOllI[3]:D
  Delay (ns):              3.835
  Slack (ns):              1.083
  Arrival (ns):           13.825
  Required (ns):          14.908
  Operating Conditions: slow_lv_ht

Path 83
  From: CoreDMA_IO_CTRL_0/CoreDMA_Controller_0/CoreDMA_Controller_0/CAXI4DMAI00OI/CAXI4DMAIlOl[11]:CLK
  To:   CoreDMA_IO_CTRL_0/CoreDMA_Controller_0/CoreDMA_Controller_0/CAXI4DMAI00OI/CAXI4DMAIlOl[5]:D
  Delay (ns):              3.870
  Slack (ns):              1.083
  Arrival (ns):           13.850
  Required (ns):          14.933
  Operating Conditions: slow_lv_ht

Path 84
  From: CoreDMA_IO_CTRL_0/CoreDMA_Controller_0/CoreDMA_Controller_0/CAXI4DMAI00OI/CAXI4DMAOIOl[3]:CLK
  To:   CoreDMA_IO_CTRL_0/CoreDMA_Controller_0/CoreDMA_Controller_0/CAXI4DMAI00OI/CAXI4DMAIlOl[7]:D
  Delay (ns):              3.869
  Slack (ns):              1.085
  Arrival (ns):           13.855
  Required (ns):          14.940
  Operating Conditions: slow_lv_ht

Path 85
  From: CoreDMA_IO_CTRL_0/CoreDMA_Controller_0/CoreDMA_Controller_0/CAXI4DMAI00OI/CAXI4DMAIlOl[9]:CLK
  To:   CoreDMA_IO_CTRL_0/CoreDMA_Controller_0/CoreDMA_Controller_0/CAXI4DMAI00OI/CAXI4DMAIlOl[4]:D
  Delay (ns):              3.857
  Slack (ns):              1.086
  Arrival (ns):           13.837
  Required (ns):          14.923
  Operating Conditions: slow_lv_ht

Path 86
  From: CoreDMA_IO_CTRL_0/CoreDMA_Controller_0/CoreDMA_Controller_0/CAXI4DMAI00OI/CAXI4DMAIlOl[8]:CLK
  To:   CoreDMA_IO_CTRL_0/CoreDMA_Controller_0/CoreDMA_Controller_0/CAXI4DMAI00OI/CAXI4DMAIlOl[8]:D
  Delay (ns):              3.912
  Slack (ns):              1.088
  Arrival (ns):           13.892
  Required (ns):          14.980
  Operating Conditions: slow_lv_ht

Path 87
  From: CoreDMA_IO_CTRL_0/CoreDMA_Controller_0/CoreDMA_Controller_0/CAXI4DMAI00OI/CAXI4DMAIlOl[7]:CLK
  To:   CoreDMA_IO_CTRL_0/CoreDMA_Controller_0/CoreDMA_Controller_0/CAXI4DMAI00OI/CAXI4DMAIlOl[10]:D
  Delay (ns):              3.899
  Slack (ns):              1.092
  Arrival (ns):           13.879
  Required (ns):          14.971
  Operating Conditions: slow_lv_ht

Path 88
  From: CoreDMA_IO_CTRL_0/CoreDMA_Controller_0/CoreDMA_Controller_0/CAXI4DMAI00OI/CAXI4DMAIlOl[3]:CLK
  To:   CoreDMA_IO_CTRL_0/CoreDMA_Controller_0/CoreDMA_Controller_0/CAXI4DMAI00OI/CAXI4DMAlI0I[4]:D
  Delay (ns):              3.837
  Slack (ns):              1.092
  Arrival (ns):           13.827
  Required (ns):          14.919
  Operating Conditions: slow_lv_ht

Path 89
  From: CoreDMA_IO_CTRL_0/CoreDMA_Controller_0/CoreDMA_Controller_0/CAXI4DMAI00OI/CAXI4DMAOIOl[13]:CLK
  To:   CoreDMA_IO_CTRL_0/CoreDMA_Controller_0/CoreDMA_Controller_0/CAXI4DMAI00OI/CAXI4DMAOllI[0]:D
  Delay (ns):              3.758
  Slack (ns):              1.093
  Arrival (ns):           13.781
  Required (ns):          14.874
  Operating Conditions: slow_lv_ht

Path 90
  From: CoreDMA_IO_CTRL_0/CoreDMA_Controller_0/CoreDMA_Controller_0/CAXI4DMAI00OI/CAXI4DMAIlOl[11]:CLK
  To:   CoreDMA_IO_CTRL_0/CoreDMA_Controller_0/CoreDMA_Controller_0/CAXI4DMAI00OI/CAXI4DMAIlOl[2]:D
  Delay (ns):              3.850
  Slack (ns):              1.093
  Arrival (ns):           13.830
  Required (ns):          14.923
  Operating Conditions: slow_lv_ht

Path 91
  From: CoreDMA_IO_CTRL_0/CoreDMA_Controller_0/CoreDMA_Controller_0/CAXI4DMAI00OI/CAXI4DMAIlOl[1]:CLK
  To:   CoreDMA_IO_CTRL_0/CoreDMA_Controller_0/CoreDMA_Controller_0/CAXI4DMAI00OI/CAXI4DMAIlOl[11]:D
  Delay (ns):              3.830
  Slack (ns):              1.094
  Arrival (ns):           13.820
  Required (ns):          14.914
  Operating Conditions: slow_lv_ht

Path 92
  From: CoreDMA_IO_CTRL_0/CoreDMA_Controller_0/CoreDMA_Controller_0/CAXI4DMAOOlOI/CAXI4DMAOOl1I/CAXI4DMAI01Ol/CAXI4DMAO010l_Z[23]:CLK
  To:   CoreDMA_IO_CTRL_0/CoreDMA_Controller_0/CoreDMA_Controller_0/CAXI4DMAOOlOI/CAXI4DMAOOl1I/CAXI4DMAllIIl/CAXI4DMAO01Il_Z[1]:EN
  Delay (ns):              3.669
  Slack (ns):              1.096
  Arrival (ns):           13.666
  Required (ns):          14.762
  Operating Conditions: slow_lv_ht

Path 93
  From: CoreDMA_IO_CTRL_0/CoreDMA_Controller_0/CoreDMA_Controller_0/CAXI4DMAI00OI/CAXI4DMAIlOl[8]:CLK
  To:   CoreDMA_IO_CTRL_0/CoreDMA_Controller_0/CoreDMA_Controller_0/CAXI4DMAI00OI/CAXI4DMAIlOl[5]:D
  Delay (ns):              3.857
  Slack (ns):              1.096
  Arrival (ns):           13.837
  Required (ns):          14.933
  Operating Conditions: slow_lv_ht

Path 94
  From: CoreDMA_IO_CTRL_0/CoreDMA_Controller_0/CoreDMA_Controller_0/CAXI4DMAI00OI/CAXI4DMAIlOl[6]:CLK
  To:   CoreDMA_IO_CTRL_0/CoreDMA_Controller_0/CoreDMA_Controller_0/CAXI4DMAI00OI/CAXI4DMAIlOl[4]:D
  Delay (ns):              3.894
  Slack (ns):              1.097
  Arrival (ns):           13.884
  Required (ns):          14.981
  Operating Conditions: slow_lv_ht

Path 95
  From: CoreDMA_IO_CTRL_0/CoreDMA_Controller_0/CoreDMA_Controller_0/CAXI4DMAI00OI/CAXI4DMAIlOl[1]:CLK
  To:   CoreDMA_IO_CTRL_0/CoreDMA_Controller_0/CoreDMA_Controller_0/CAXI4DMAI00OI/CAXI4DMAOllI[3]:D
  Delay (ns):              3.820
  Slack (ns):              1.098
  Arrival (ns):           13.810
  Required (ns):          14.908
  Operating Conditions: slow_lv_ht

Path 96
  From: CoreDMA_IO_CTRL_0/CoreDMA_Controller_0/CoreDMA_Controller_0/CAXI4DMAI00OI/CAXI4DMAIlOl[1]:CLK
  To:   CoreDMA_IO_CTRL_0/CoreDMA_Controller_0/CoreDMA_Controller_0/CAXI4DMAI00OI/CAXI4DMAIlOl[7]:D
  Delay (ns):              3.827
  Slack (ns):              1.098
  Arrival (ns):           13.817
  Required (ns):          14.915
  Operating Conditions: slow_lv_ht

Path 97
  From: CoreDMA_IO_CTRL_0/CoreDMA_Controller_0/CoreDMA_Controller_0/CAXI4DMAI00OI/CAXI4DMAIlOl[7]:CLK
  To:   CoreDMA_IO_CTRL_0/CoreDMA_Controller_0/CoreDMA_Controller_0/CAXI4DMAI00OI/CAXI4DMAIlOl[1]:D
  Delay (ns):              3.844
  Slack (ns):              1.099
  Arrival (ns):           13.824
  Required (ns):          14.923
  Operating Conditions: slow_lv_ht

Path 98
  From: CoreDMA_IO_CTRL_0/CoreDMA_Controller_0/CoreDMA_Controller_0/CAXI4DMAI00OI/CAXI4DMAIlOl[4]:CLK
  To:   CoreDMA_IO_CTRL_0/CoreDMA_Controller_0/CoreDMA_Controller_0/CAXI4DMAI00OI/CAXI4DMAIlOl[8]:D
  Delay (ns):              3.824
  Slack (ns):              1.100
  Arrival (ns):           13.814
  Required (ns):          14.914
  Operating Conditions: slow_lv_ht

Path 99
  From: CoreDMA_IO_CTRL_0/CoreDMA_Controller_0/CoreDMA_Controller_0/CAXI4DMAOOlOI/CAXI4DMAOOl1I/CAXI4DMAI01Ol/CAXI4DMAOlO1l_Z[6]:CLK
  To:   CoreDMA_IO_CTRL_0/CoreDMA_Controller_0/CoreDMA_Controller_0/CAXI4DMAOOlOI/CAXI4DMAOOl1I/CAXI4DMAllIIl/CAXI4DMAO01Il_Z[1]:EN
  Delay (ns):              3.691
  Slack (ns):              1.102
  Arrival (ns):           13.670
  Required (ns):          14.772
  Operating Conditions: slow_lv_ht

Path 100
  From: CoreDMA_IO_CTRL_0/CoreDMA_Controller_0/CoreDMA_Controller_0/CAXI4DMAI00OI/CAXI4DMAIOOl[5]:CLK
  To:   CoreDMA_IO_CTRL_0/CoreDMA_Controller_0/CoreDMA_Controller_0/CAXI4DMAI00OI/CAXI4DMAOllI[4]:D
  Delay (ns):              3.805
  Slack (ns):              1.103
  Arrival (ns):           13.817
  Required (ns):          14.920
  Operating Conditions: slow_lv_ht

