Timing Report Max Delay Analysis

SmartTime Version v12.6
Microsemi Corporation - Microsemi Libero Software Release v12.6 (Version 12.900.20.24)
Date: Mon Sep 13 15:29:21 2021


Design: top
Family: PolarFire
Die: MPF100T
Package: FCVG484
Temperature Range: -40 - 100 C
Voltage Range: 0.97 - 1.03 V
Speed Grade: -1
Design State: Post-Layout
Data source: Production
Multi Corner Report Operating Conditions: slow_lv_ht, slow_lv_lt, fast_hv_lt
Scenario for Timing Analysis: timing_analysis


*** IMPORTANT RECOMMENDATION *** If you haven't done so, it is highly recommended to add clock jitter information for each clock domain into Libero SoC through clock uncertainty SDC timing constraints. Please refer to the Libero SoC v12.5 release notes for more details.

-----------------------------------------------------
SUMMARY

Clock Domain:               PCIe_EP_0/PCIe_TL_CLK_0/CLK_DIV2_0/CLK_DIV2_0/I_CD:Y_DIV
Required Period (ns):       N/A
Required Frequency (MHz):   N/A
Worst Slack (ns):           
Operating Conditions:       

Clock Domain:               PCIe_EP_0/PCIe_TL_CLK_0/OSC_160MHz_0/OSC_160MHz_0/I_OSC_160:CLK
Required Period (ns):       N/A
Required Frequency (MHz):   N/A
Worst Slack (ns):           
Operating Conditions:       

Clock Domain:               PCIe_EP_0/PCIe_TX_PLL_0/PCIe_TX_PLL_0/txpll_isnt_0:DIV_CLK
Required Period (ns):       N/A
Required Frequency (MHz):   N/A
Worst Slack (ns):           
Operating Conditions:       

Clock Domain:               PF_CCC_C2_0/PF_CCC_C2_0/pll_inst_0:OUT0
Required Period (ns):       N/A
Required Frequency (MHz):   N/A
Worst Slack (ns):           
Operating Conditions:       

Clock Domain:               PF_CCC_C2_0/PF_CCC_C2_0/pll_inst_0:OUT1
Required Period (ns):       N/A
Required Frequency (MHz):   N/A
Worst Slack (ns):           
Operating Conditions:       

Clock Domain:               REF_CLK_0
Required Period (ns):       N/A
Required Frequency (MHz):   N/A
Worst Slack (ns):           
Operating Conditions:       

                            Input to Output
Max Delay (ns):             N/A

END SUMMARY
-----------------------------------------------------

Clock Domain PCIe_EP_0/PCIe_TL_CLK_0/CLK_DIV2_0/CLK_DIV2_0/I_CD:Y_DIV

Info: The maximum frequency of this clock domain is limited by the period of pin PCIe_EP_0/PCIex4_0/PCIE_1:TL_CLK

SET Register to Register

No Path 

END SET Register to Register

----------------------------------------------------

SET External Setup

No Path 

END SET External Setup

----------------------------------------------------

SET Clock to Output

No Path 

END SET Clock to Output

----------------------------------------------------

SET PF_CCC_C2_0/PF_CCC_C2_0/pll_inst_0:OUT1 to PCIe_EP_0/PCIe_TL_CLK_0/CLK_DIV2_0/CLK_DIV2_0/I_CD:Y_DIV

No Path 

END SET PF_CCC_C2_0/PF_CCC_C2_0/pll_inst_0:OUT1 to PCIe_EP_0/PCIe_TL_CLK_0/CLK_DIV2_0/CLK_DIV2_0/I_CD:Y_DIV

----------------------------------------------------

SET Register to Asynchronous

No Path 

END SET Register to Asynchronous

----------------------------------------------------

SET External Recovery

Path 1
  From: USER_RESETN
  To:   PCIe_EP_0/PCIex4_0/PCIE_1:MPERST_N
  Delay (ns):              7.399
  Arrival (ns):            7.399
  Recovery (ns):           1.395
  External Recovery (ns):   6.547
  Operating Conditions: slow_lv_ht


Expanded Path 1
  From: USER_RESETN
  To: PCIe_EP_0/PCIex4_0/PCIE_1:MPERST_N
  data required time                                    N/C
  data arrival time                          -        7.399
  slack                                                 N/C
  ________________________________________________________
  Data arrival time calculation
  0.000                        USER_RESETN (r)
               +     0.000          net: USER_RESETN
  0.000                        USER_RESETN_ibuf/U_IOPAD:PAD (r)
               +     1.322          cell: ADLIB:IOPAD_IN
  1.322                        USER_RESETN_ibuf/U_IOPAD:Y (r)
               +     0.000          net: USER_RESETN_ibuf/YIN
  1.322                        USER_RESETN_ibuf/U_IOIN:YIN (r)
               +     0.346          cell: ADLIB:IOIN_IB_E
  1.668                        USER_RESETN_ibuf/U_IOIN:Y (r)
               +     5.731          net: USER_RESETN_c
  7.399                        PCIe_EP_0/PCIex4_0/PCIE_1:MPERST_N (r)
                                    
  7.399                        data arrival time
  ________________________________________________________
  Data required time calculation
  N/C                          PCIe_EP_0/PCIe_TL_CLK_0/CLK_DIV2_0/CLK_DIV2_0/I_CD:Y_DIV
               +     0.000          Clock source
  N/C                          PCIe_EP_0/PCIe_TL_CLK_0/CLK_DIV2_0/CLK_DIV2_0/I_CD:Y_DIV (r)
               +     0.000          net: PCIe_EP_0/PCIe_TL_CLK_0/CLK_DIV2_0_CLK_OUT
  N/C                          PCIe_EP_0/PCIe_TL_CLK_0/NGMUX_0/NGMUX_0/I_NGMUX:CLK0 (r)
               +     0.567          cell: ADLIB:ICB_NGMUX
  N/C                          PCIe_EP_0/PCIe_TL_CLK_0/NGMUX_0/NGMUX_0/I_NGMUX:Y (r)
               +     0.000          net: PCIe_EP_0/PCIe_TL_CLK_0/NGMUX_0/NGMUX_0/Y_I_NGMUX_net
  N/C                          PCIe_EP_0/PCIe_TL_CLK_0/NGMUX_0/NGMUX_0/I_CLKINT_1:A (r)
               +     0.176          cell: ADLIB:ICB_CLKINT
  N/C                          PCIe_EP_0/PCIe_TL_CLK_0/NGMUX_0/NGMUX_0/I_CLKINT_1:Y (r)
               +     0.306          net: PCIe_EP_0/PCIe_TL_CLK_0/NGMUX_0/NGMUX_0/I_CLKINT_NET
  N/C                          PCIe_EP_0/PCIe_TL_CLK_0/NGMUX_0/NGMUX_0/I_CLKINT:A (r)
               +     0.151          cell: ADLIB:GB
  N/C                          PCIe_EP_0/PCIe_TL_CLK_0/NGMUX_0/NGMUX_0/I_CLKINT:Y (r)
               +     0.328          net: PCIe_EP_0/PCIe_TL_CLK_0/NGMUX_0/NGMUX_0/I_CLKINT/U0_Y
  N/C                          PCIe_EP_0/PCIe_TL_CLK_0/NGMUX_0/NGMUX_0/I_CLKINT/U0_RGB1:A (r)
               +     0.049          cell: ADLIB:RGB
  N/C                          PCIe_EP_0/PCIe_TL_CLK_0/NGMUX_0/NGMUX_0/I_CLKINT/U0_RGB1:Y (f)
               +     0.670          net: PCIe_EP_0/PCIe_TL_CLK_0_TL_CLK
  N/C                          PCIe_EP_0/PCIex4_0/PCIE_1:TL_CLK (r)
               -     1.395          Library recovery time: ADLIB:PCIE
  N/C                          PCIe_EP_0/PCIex4_0/PCIE_1:MPERST_N


Operating Conditions : slow_lv_ht

END SET External Recovery

----------------------------------------------------

SET Asynchronous to Register

No Path 

END SET Asynchronous to Register

----------------------------------------------------

Clock Domain PCIe_EP_0/PCIe_TL_CLK_0/OSC_160MHz_0/OSC_160MHz_0/I_OSC_160:CLK

Info: The maximum frequency of this clock domain is limited by the period of pin PCIe_EP_0/PCIe_TL_CLK_0/CLK_DIV2_0/CLK_DIV2_0/I_CD:A

SET Register to Register

No Path 

END SET Register to Register

----------------------------------------------------

SET External Setup

No Path 

END SET External Setup

----------------------------------------------------

SET Clock to Output

No Path 

END SET Clock to Output

----------------------------------------------------

SET Register to Asynchronous

No Path 

END SET Register to Asynchronous

----------------------------------------------------

SET External Recovery

No Path 

END SET External Recovery

----------------------------------------------------

SET Asynchronous to Register

No Path 

END SET Asynchronous to Register

----------------------------------------------------

Clock Domain PCIe_EP_0/PCIe_TX_PLL_0/PCIe_TX_PLL_0/txpll_isnt_0:DIV_CLK

Info: The maximum frequency of this clock domain is limited by the period of pin PCIe_EP_0/PCIex4_0/PCIE_1:TL_CLK

SET Register to Register

No Path 

END SET Register to Register

----------------------------------------------------

SET External Setup

No Path 

END SET External Setup

----------------------------------------------------

SET Clock to Output

No Path 

END SET Clock to Output

----------------------------------------------------

SET PF_CCC_C2_0/PF_CCC_C2_0/pll_inst_0:OUT1 to PCIe_EP_0/PCIe_TX_PLL_0/PCIe_TX_PLL_0/txpll_isnt_0:DIV_CLK

No Path 

END SET PF_CCC_C2_0/PF_CCC_C2_0/pll_inst_0:OUT1 to PCIe_EP_0/PCIe_TX_PLL_0/PCIe_TX_PLL_0/txpll_isnt_0:DIV_CLK

----------------------------------------------------

SET Register to Asynchronous

No Path 

END SET Register to Asynchronous

----------------------------------------------------

SET External Recovery

Path 1
  From: USER_RESETN
  To:   PCIe_EP_0/PCIex4_0/PCIE_1:MPERST_N
  Delay (ns):              6.869
  Arrival (ns):            6.869
  Recovery (ns):           1.495
  External Recovery (ns):   2.482
  Operating Conditions: slow_lv_lt


Expanded Path 1
  From: USER_RESETN
  To: PCIe_EP_0/PCIex4_0/PCIE_1:MPERST_N
  data required time                                    N/C
  data arrival time                          -        6.869
  slack                                                 N/C
  ________________________________________________________
  Data arrival time calculation
  0.000                        USER_RESETN (r)
               +     0.000          net: USER_RESETN
  0.000                        USER_RESETN_ibuf/U_IOPAD:PAD (r)
               +     1.147          cell: ADLIB:IOPAD_IN
  1.147                        USER_RESETN_ibuf/U_IOPAD:Y (r)
               +     0.000          net: USER_RESETN_ibuf/YIN
  1.147                        USER_RESETN_ibuf/U_IOIN:YIN (r)
               +     0.279          cell: ADLIB:IOIN_IB_E
  1.426                        USER_RESETN_ibuf/U_IOIN:Y (r)
               +     5.443          net: USER_RESETN_c
  6.869                        PCIe_EP_0/PCIex4_0/PCIE_1:MPERST_N (r)
                                    
  6.869                        data arrival time
  ________________________________________________________
  Data required time calculation
  N/C                          PCIe_EP_0/PCIe_TX_PLL_0/PCIe_TX_PLL_0/txpll_isnt_0:DIV_CLK
               +     0.000          Clock source
  N/C                          PCIe_EP_0/PCIe_TX_PLL_0/PCIe_TX_PLL_0/txpll_isnt_0:DIV_CLK (r)
               +     3.520          net: PCIe_EP_0/PCIe_TX_PLL_0_CLK_125
  N/C                          PCIe_EP_0/PCIe_TL_CLK_0/NGMUX_0/NGMUX_0/I_NGMUX_1:A (r)
               +     0.000          cell: ADLIB:ICB_INT
  N/C                          PCIe_EP_0/PCIe_TL_CLK_0/NGMUX_0/NGMUX_0/I_NGMUX_1:Y (r)
               +     0.180          net: PCIe_EP_0/PCIe_TL_CLK_0/NGMUX_0/NGMUX_0/I_NGMUX_NET
  N/C                          PCIe_EP_0/PCIe_TL_CLK_0/NGMUX_0/NGMUX_0/I_NGMUX:CLK1 (r)
               +     0.569          cell: ADLIB:ICB_NGMUX
  N/C                          PCIe_EP_0/PCIe_TL_CLK_0/NGMUX_0/NGMUX_0/I_NGMUX:Y (r)
               +     0.000          net: PCIe_EP_0/PCIe_TL_CLK_0/NGMUX_0/NGMUX_0/Y_I_NGMUX_net
  N/C                          PCIe_EP_0/PCIe_TL_CLK_0/NGMUX_0/NGMUX_0/I_CLKINT_1:A (r)
               +     0.176          cell: ADLIB:ICB_CLKINT
  N/C                          PCIe_EP_0/PCIe_TL_CLK_0/NGMUX_0/NGMUX_0/I_CLKINT_1:Y (r)
               +     0.286          net: PCIe_EP_0/PCIe_TL_CLK_0/NGMUX_0/NGMUX_0/I_CLKINT_NET
  N/C                          PCIe_EP_0/PCIe_TL_CLK_0/NGMUX_0/NGMUX_0/I_CLKINT:A (r)
               +     0.155          cell: ADLIB:GB
  N/C                          PCIe_EP_0/PCIe_TL_CLK_0/NGMUX_0/NGMUX_0/I_CLKINT:Y (r)
               +     0.307          net: PCIe_EP_0/PCIe_TL_CLK_0/NGMUX_0/NGMUX_0/I_CLKINT/U0_Y
  N/C                          PCIe_EP_0/PCIe_TL_CLK_0/NGMUX_0/NGMUX_0/I_CLKINT/U0_RGB1:A (r)
               +     0.048          cell: ADLIB:RGB
  N/C                          PCIe_EP_0/PCIe_TL_CLK_0/NGMUX_0/NGMUX_0/I_CLKINT/U0_RGB1:Y (f)
               +     0.641          net: PCIe_EP_0/PCIe_TL_CLK_0_TL_CLK
  N/C                          PCIe_EP_0/PCIex4_0/PCIE_1:TL_CLK (r)
               -     1.495          Library recovery time: ADLIB:PCIE
  N/C                          PCIe_EP_0/PCIex4_0/PCIE_1:MPERST_N


Operating Conditions : slow_lv_lt

END SET External Recovery

----------------------------------------------------

SET Asynchronous to Register

No Path 

END SET Asynchronous to Register

----------------------------------------------------

Clock Domain PF_CCC_C2_0/PF_CCC_C2_0/pll_inst_0:OUT0

Info: The maximum frequency of this clock domain is limited by the period of pin PCIe_EP_0/PCIex4_0/pcie_apblink_inst:S_CLK

SET Register to Register

Path 1
  From: AXItoAPB_0/AXItoAHBL_0/AXItoAHBL_0/U_AHBMasterCtrl/HADDRInt[4]:CLK
  To:   AXItoAPB_0/AXItoAHBL_0/AXItoAHBL_0/U_AHBMasterCtrl/validByteCntInt[5]:D
  Delay (ns):              6.661
  Arrival (ns):            8.517
  Setup (ns):              0.000
  Minimum Period (ns):     6.764
  Operating Conditions: slow_lv_ht

Path 2
  From: AXItoAPB_0/Core_AHBL_0/Core_AHBL_0/matrix4x16/masterstage_0/SDATASELInt[10]:CLK
  To:   AXItoAPB_0/AXItoAHBL_0/AXItoAHBL_0/U_rdFIFORAM/wrDataReg[45]:D
  Delay (ns):              6.624
  Arrival (ns):            8.463
  Setup (ns):              0.000
  Minimum Period (ns):     6.686
  Operating Conditions: slow_lv_ht

Path 3
  From: AXItoAPB_0/AXItoAHBL_0/AXItoAHBL_0/U_AHBMasterCtrl/HADDRInt[4]:CLK
  To:   AXItoAPB_0/AXItoAHBL_0/AXItoAHBL_0/U_AHBMasterCtrl/validByteCntInt[7]:D
  Delay (ns):              6.575
  Arrival (ns):            8.431
  Setup (ns):              0.000
  Minimum Period (ns):     6.678
  Operating Conditions: slow_lv_ht

Path 4
  From: AXItoAPB_0/AXItoAHBL_0/AXItoAHBL_0/U_AXISlaveCtrl/SIZEReg[2]:CLK
  To:   AXItoAPB_0/AXItoAHBL_0/AXItoAHBL_0/U_rdFIFORAM/wrDataReg[42]:D
  Delay (ns):              6.578
  Arrival (ns):            8.415
  Setup (ns):              0.000
  Minimum Period (ns):     6.676
  Operating Conditions: slow_lv_ht

Path 5
  From: AXItoAPB_0/Core_AHBL_0/Core_AHBL_0/matrix4x16/masterstage_0/SDATASELInt[10]:CLK
  To:   AXItoAPB_0/AXItoAHBL_0/AXItoAHBL_0/U_rdFIFORAM/wrDataReg[42]:D
  Delay (ns):              6.613
  Arrival (ns):            8.452
  Setup (ns):              0.000
  Minimum Period (ns):     6.675
  Operating Conditions: slow_lv_ht


Expanded Path 1
  From: AXItoAPB_0/AXItoAHBL_0/AXItoAHBL_0/U_AHBMasterCtrl/HADDRInt[4]:CLK
  To: AXItoAPB_0/AXItoAHBL_0/AXItoAHBL_0/U_AHBMasterCtrl/validByteCntInt[5]:D
  data required time                                    N/C
  data arrival time                          -        8.517
  slack                                                 N/C
  ________________________________________________________
  Data arrival time calculation
  0.000                        PF_CCC_C2_0/PF_CCC_C2_0/pll_inst_0:OUT0
               +     0.000          Clock source
  0.000                        PF_CCC_C2_0/PF_CCC_C2_0/pll_inst_0:OUT0 (r)
               +     0.223          net: PF_CCC_C2_0/PF_CCC_C2_0/pll_inst_0_clkint_0
  0.223                        PF_CCC_C2_0/PF_CCC_C2_0/clkint_0_1:A (r)
               +     0.147          cell: ADLIB:ICB_CLKINT
  0.370                        PF_CCC_C2_0/PF_CCC_C2_0/clkint_0_1:Y (r)
               +     0.349          net: PF_CCC_C2_0/PF_CCC_C2_0/clkint_0_NET
  0.719                        PF_CCC_C2_0/PF_CCC_C2_0/clkint_0:A (r)
               +     0.169          cell: ADLIB:GB
  0.888                        PF_CCC_C2_0/PF_CCC_C2_0/clkint_0:Y (r)
               +     0.364          net: PF_CCC_C2_0/PF_CCC_C2_0/clkint_0/U0_Y
  1.252                        PF_CCC_C2_0/PF_CCC_C2_0/clkint_0/U0_RGB1_RGB1:A (r)
               +     0.058          cell: ADLIB:RGB
  1.310                        PF_CCC_C2_0/PF_CCC_C2_0/clkint_0/U0_RGB1_RGB1:Y (f)
               +     0.546          net: PF_CCC_C2_0/PF_CCC_C2_0/clkint_0/U0_RGB1_RGB1_rgb_net_1
  1.856                        AXItoAPB_0/AXItoAHBL_0/AXItoAHBL_0/U_AHBMasterCtrl/HADDRInt[4]:CLK (r)
               +     0.201          cell: ADLIB:SLE
  2.057                        AXItoAPB_0/AXItoAHBL_0/AXItoAHBL_0/U_AHBMasterCtrl/HADDRInt[4]:Q (r)
               +     1.232          net: AXItoAPB_0/AXItoAHBL_0/AXItoAHBL_0/U_AHBMasterCtrl/HADDRInt_Z[4]
  3.289                        AXItoAPB_0/AXItoAHBL_0/AXItoAHBL_0/U_AHBMasterCtrl/HBURSTInt_d97_0_0_a0_0_0:A (r)
               +     0.090          cell: ADLIB:CFG2
  3.379                        AXItoAPB_0/AXItoAHBL_0/AXItoAHBL_0/U_AHBMasterCtrl/HBURSTInt_d97_0_0_a0_0_0:Y (r)
               +     0.153          net: AXItoAPB_0/AXItoAHBL_0/AXItoAHBL_0/U_AHBMasterCtrl/HBURSTInt_d97_0_0_a0_0_0_Z
  3.532                        AXItoAPB_0/AXItoAHBL_0/AXItoAHBL_0/U_AHBMasterCtrl/HBURSTInt_d97_0_0_a0_0:D (r)
               +     0.200          cell: ADLIB:CFG4
  3.732                        AXItoAPB_0/AXItoAHBL_0/AXItoAHBL_0/U_AHBMasterCtrl/HBURSTInt_d97_0_0_a0_0:Y (r)
               +     0.346          net: AXItoAPB_0/AXItoAHBL_0/AXItoAHBL_0/U_AHBMasterCtrl/N_101
  4.078                        AXItoAPB_0/AXItoAHBL_0/AXItoAHBL_0/U_AHBMasterCtrl/un1_validByteCntInt_13_i_a3_1_RNIKJBR2:B (r)
               +     0.094          cell: ADLIB:CFG4
  4.172                        AXItoAPB_0/AXItoAHBL_0/AXItoAHBL_0/U_AHBMasterCtrl/un1_validByteCntInt_13_i_a3_1_RNIKJBR2:Y (f)
               +     0.162          net: AXItoAPB_0/AXItoAHBL_0/AXItoAHBL_0/U_AHBMasterCtrl/N_39_i
  4.334                        AXItoAPB_0/AXItoAHBL_0/AXItoAHBL_0/U_AHBMasterCtrl/HBURSTInt_d99:C (f)
               +     0.193          cell: ADLIB:CFG4
  4.527                        AXItoAPB_0/AXItoAHBL_0/AXItoAHBL_0/U_AHBMasterCtrl/HBURSTInt_d99:Y (f)
               +     0.493          net: AXItoAPB_0/AXItoAHBL_0/AXItoAHBL_0/U_AHBMasterCtrl/HBURSTInt_d99_Z
  5.020                        AXItoAPB_0/AXItoAHBL_0/AXItoAHBL_0/U_AHBMasterCtrl/validByteCntInt_d_3_sqmuxa_1_a0_3_RNIEDTK:B (f)
               +     0.091          cell: ADLIB:CFG3
  5.111                        AXItoAPB_0/AXItoAHBL_0/AXItoAHBL_0/U_AHBMasterCtrl/validByteCntInt_d_3_sqmuxa_1_a0_3_RNIEDTK:Y (r)
               +     0.381          net: AXItoAPB_0/AXItoAHBL_0/AXItoAHBL_0/U_AHBMasterCtrl/validByteCntInt_d_3_sqmuxa_2_1
  5.492                        AXItoAPB_0/AXItoAHBL_0/AXItoAHBL_0/U_AHBMasterCtrl/un1_validByteCntInt_d_0_sqmuxa_RNIJCO41:A (r)
               +     0.286          cell: ADLIB:CFG4
  5.778                        AXItoAPB_0/AXItoAHBL_0/AXItoAHBL_0/U_AHBMasterCtrl/un1_validByteCntInt_d_0_sqmuxa_RNIJCO41:Y (f)
               +     0.404          net: AXItoAPB_0/AXItoAHBL_0/AXItoAHBL_0/U_AHBMasterCtrl/validByteCntInt_d_3_sqmuxa_1
  6.182                        AXItoAPB_0/AXItoAHBL_0/AXItoAHBL_0/U_AHBMasterCtrl/validByteCntInt_d_1_sqmuxa_10:B (f)
               +     0.085          cell: ADLIB:CFG3
  6.267                        AXItoAPB_0/AXItoAHBL_0/AXItoAHBL_0/U_AHBMasterCtrl/validByteCntInt_d_1_sqmuxa_10:Y (f)
               +     0.156          net: AXItoAPB_0/AXItoAHBL_0/AXItoAHBL_0/U_AHBMasterCtrl/validByteCntInt_d_1_sqmuxa_10_Z
  6.423                        AXItoAPB_0/AXItoAHBL_0/AXItoAHBL_0/U_AHBMasterCtrl/un61_f1_2[1]:A (f)
               +     0.193          cell: ADLIB:CFG4
  6.616                        AXItoAPB_0/AXItoAHBL_0/AXItoAHBL_0/U_AHBMasterCtrl/un61_f1_2[1]:Y (f)
               +     0.137          net: AXItoAPB_0/AXItoAHBL_0/AXItoAHBL_0/U_AHBMasterCtrl/un61_f1_2_Z[1]
  6.753                        AXItoAPB_0/AXItoAHBL_0/AXItoAHBL_0/U_AHBMasterCtrl/un61_f0[1]:C (f)
               +     0.151          cell: ADLIB:CFG4
  6.904                        AXItoAPB_0/AXItoAHBL_0/AXItoAHBL_0/U_AHBMasterCtrl/un61_f0[1]:Y (f)
               +     0.423          net: AXItoAPB_0/AXItoAHBL_0/AXItoAHBL_0/U_AHBMasterCtrl/un61_f0_Z[1]
  7.327                        AXItoAPB_0/AXItoAHBL_0/AXItoAHBL_0/U_AHBMasterCtrl/un61_f0_RNIN7IO9[1]:B (f)
               +     0.151          cell: ADLIB:ARI1_CC
  7.478                        AXItoAPB_0/AXItoAHBL_0/AXItoAHBL_0/U_AHBMasterCtrl/un61_f0_RNIN7IO9[1]:P (f)
               +     0.016          net: NET_CC_CONFIG4843
  7.494                        AXItoAPB_0/AXItoAHBL_0/AXItoAHBL_0/U_AHBMasterCtrl/validByteCntInt_RNI91I43[0]_CC_0:P[1] (f)
               +     0.445          cell: ADLIB:CC_CONFIG
  7.939                        AXItoAPB_0/AXItoAHBL_0/AXItoAHBL_0/U_AHBMasterCtrl/validByteCntInt_RNI91I43[0]_CC_0:CC[5] (r)
               +     0.000          net: NET_CC_CONFIG4862
  7.939                        AXItoAPB_0/AXItoAHBL_0/AXItoAHBL_0/U_AHBMasterCtrl/validByteCntInt_RNISIV8E7[5]:CC (r)
               +     0.062          cell: ADLIB:ARI1_CC
  8.001                        AXItoAPB_0/AXItoAHBL_0/AXItoAHBL_0/U_AHBMasterCtrl/validByteCntInt_RNISIV8E7[5]:S (r)
               +     0.337          net: AXItoAPB_0/AXItoAHBL_0/AXItoAHBL_0/U_AHBMasterCtrl/N_1584
  8.338                        AXItoAPB_0/AXItoAHBL_0/AXItoAHBL_0/U_AHBMasterCtrl/validByteCntInt_d[5]:A (r)
               +     0.156          cell: ADLIB:CFG3
  8.494                        AXItoAPB_0/AXItoAHBL_0/AXItoAHBL_0/U_AHBMasterCtrl/validByteCntInt_d[5]:Y (r)
               +     0.023          net: AXItoAPB_0/AXItoAHBL_0/AXItoAHBL_0/U_AHBMasterCtrl/validByteCntInt_d_Z[5]
  8.517                        AXItoAPB_0/AXItoAHBL_0/AXItoAHBL_0/U_AHBMasterCtrl/validByteCntInt[5]:D (r)
                                    
  8.517                        data arrival time
  ________________________________________________________
  Data required time calculation
  N/C                          PF_CCC_C2_0/PF_CCC_C2_0/pll_inst_0:OUT0
               +     0.000          Clock source
  N/C                          PF_CCC_C2_0/PF_CCC_C2_0/pll_inst_0:OUT0 (r)
               +     0.203          net: PF_CCC_C2_0/PF_CCC_C2_0/pll_inst_0_clkint_0
  N/C                          PF_CCC_C2_0/PF_CCC_C2_0/clkint_0_1:A (r)
               +     0.127          cell: ADLIB:ICB_CLKINT
  N/C                          PF_CCC_C2_0/PF_CCC_C2_0/clkint_0_1:Y (r)
               +     0.317          net: PF_CCC_C2_0/PF_CCC_C2_0/clkint_0_NET
  N/C                          PF_CCC_C2_0/PF_CCC_C2_0/clkint_0:A (r)
               +     0.154          cell: ADLIB:GB
  N/C                          PF_CCC_C2_0/PF_CCC_C2_0/clkint_0:Y (r)
               +     0.330          net: PF_CCC_C2_0/PF_CCC_C2_0/clkint_0/U0_Y
  N/C                          PF_CCC_C2_0/PF_CCC_C2_0/clkint_0/U0_RGB1_RGB3:A (r)
               +     0.049          cell: ADLIB:RGB
  N/C                          PF_CCC_C2_0/PF_CCC_C2_0/clkint_0/U0_RGB1_RGB3:Y (f)
               +     0.482          net: PF_CCC_C2_0/PF_CCC_C2_0/clkint_0/U0_RGB1_RGB3_rgb_net_1
  N/C                          AXItoAPB_0/AXItoAHBL_0/AXItoAHBL_0/U_AHBMasterCtrl/validByteCntInt[5]:CLK (r)
               +     0.091          
  N/C                          clock reconvergence pessimism
               -     0.000          Library setup time: ADLIB:SLE
  N/C                          AXItoAPB_0/AXItoAHBL_0/AXItoAHBL_0/U_AHBMasterCtrl/validByteCntInt[5]:D


Operating Conditions : slow_lv_ht

END SET Register to Register

----------------------------------------------------

SET External Setup

No Path 

END SET External Setup

----------------------------------------------------

SET Clock to Output

No Path 

END SET Clock to Output

----------------------------------------------------

SET PF_CCC_C2_0/PF_CCC_C2_0/pll_inst_0:OUT1 to PF_CCC_C2_0/PF_CCC_C2_0/pll_inst_0:OUT0

No Path 

END SET PF_CCC_C2_0/PF_CCC_C2_0/pll_inst_0:OUT1 to PF_CCC_C2_0/PF_CCC_C2_0/pll_inst_0:OUT0

----------------------------------------------------

SET Register to Asynchronous

Path 1
  From: AXI4_Interconnect_0/AXI4_Interconnect_0/SlvConvertor_loop[0].slvcnv/genblk1.rsync/sysReset:CLK
  To:   AXI4_Interconnect_0/AXI4_Interconnect_0/SlvConvertor_loop[0].slvcnv/slvCDC/genblk1.genblk1.cdc_WChan/rdGrayCounter/cntGray[1]:ALn
  Delay (ns):              3.113
  Arrival (ns):            4.968
  Recovery (ns):           0.196
  Minimum Period (ns):     3.423
  Skew (ns):               0.114
  Operating Conditions: slow_lv_ht

Path 2
  From: AXI4_Interconnect_0/AXI4_Interconnect_0/SlvConvertor_loop[0].slvcnv/genblk1.rsync/sysReset:CLK
  To:   AXI4_Interconnect_0/AXI4_Interconnect_0/SlvConvertor_loop[0].slvcnv/slvCDC/genblk1.genblk1.cdc_WChan/rdGrayCounter/cntGray[0]:ALn
  Delay (ns):              3.113
  Arrival (ns):            4.968
  Recovery (ns):           0.196
  Minimum Period (ns):     3.423
  Skew (ns):               0.114
  Operating Conditions: slow_lv_ht

Path 3
  From: AXI4_Interconnect_0/AXI4_Interconnect_0/SlvConvertor_loop[0].slvcnv/genblk1.rsync/sysReset:CLK
  To:   AXI4_Interconnect_0/AXI4_Interconnect_0/SlvConvertor_loop[0].slvcnv/slvProtConv/genblk1.u_AXI3ProtConv/SlvPCRd/rdDataFif/fifoWrite_f1:ALn
  Delay (ns):              2.688
  Arrival (ns):            4.543
  Recovery (ns):           0.196
  Minimum Period (ns):     3.016
  Skew (ns):               0.132
  Operating Conditions: slow_lv_ht

Path 4
  From: AXI4_Interconnect_0/AXI4_Interconnect_0/SlvConvertor_loop[0].slvcnv/genblk1.rsync/sysReset:CLK
  To:   AXI4_Interconnect_0/AXI4_Interconnect_0/SlvConvertor_loop[0].slvcnv/slvCDC/genblk1.genblk1.cdc_WChan/rdGrayCounter/cntBinary_Z[0]:ALn
  Delay (ns):              2.634
  Arrival (ns):            4.489
  Recovery (ns):           0.196
  Minimum Period (ns):     2.949
  Skew (ns):               0.119
  Operating Conditions: slow_lv_ht

Path 5
  From: AXI4_Interconnect_0/AXI4_Interconnect_0/SlvConvertor_loop[0].slvcnv/genblk1.rsync/sysReset:CLK
  To:   AXI4_Interconnect_0/AXI4_Interconnect_0/SlvConvertor_loop[0].slvcnv/slvCDC/genblk1.genblk1.cdc_WChan/rdGrayCounter/cntBinary_Z[1]:ALn
  Delay (ns):              2.633
  Arrival (ns):            4.488
  Recovery (ns):           0.196
  Minimum Period (ns):     2.948
  Skew (ns):               0.119
  Operating Conditions: slow_lv_ht


Expanded Path 1
  From: AXI4_Interconnect_0/AXI4_Interconnect_0/SlvConvertor_loop[0].slvcnv/genblk1.rsync/sysReset:CLK
  To: AXI4_Interconnect_0/AXI4_Interconnect_0/SlvConvertor_loop[0].slvcnv/slvCDC/genblk1.genblk1.cdc_WChan/rdGrayCounter/cntGray[1]:ALn
  data required time                                    N/C
  data arrival time                          -        4.968
  slack                                                 N/C
  ________________________________________________________
  Data arrival time calculation
  0.000                        PF_CCC_C2_0/PF_CCC_C2_0/pll_inst_0:OUT0
               +     0.000          Clock source
  0.000                        PF_CCC_C2_0/PF_CCC_C2_0/pll_inst_0:OUT0 (r)
               +     0.223          net: PF_CCC_C2_0/PF_CCC_C2_0/pll_inst_0_clkint_0
  0.223                        PF_CCC_C2_0/PF_CCC_C2_0/clkint_0_1:A (r)
               +     0.147          cell: ADLIB:ICB_CLKINT
  0.370                        PF_CCC_C2_0/PF_CCC_C2_0/clkint_0_1:Y (r)
               +     0.349          net: PF_CCC_C2_0/PF_CCC_C2_0/clkint_0_NET
  0.719                        PF_CCC_C2_0/PF_CCC_C2_0/clkint_0:A (r)
               +     0.169          cell: ADLIB:GB
  0.888                        PF_CCC_C2_0/PF_CCC_C2_0/clkint_0:Y (r)
               +     0.364          net: PF_CCC_C2_0/PF_CCC_C2_0/clkint_0/U0_Y
  1.252                        PF_CCC_C2_0/PF_CCC_C2_0/clkint_0/U0_RGB1_RGB1:A (r)
               +     0.058          cell: ADLIB:RGB
  1.310                        PF_CCC_C2_0/PF_CCC_C2_0/clkint_0/U0_RGB1_RGB1:Y (f)
               +     0.545          net: PF_CCC_C2_0/PF_CCC_C2_0/clkint_0/U0_RGB1_RGB1_rgb_net_1
  1.855                        AXI4_Interconnect_0/AXI4_Interconnect_0/SlvConvertor_loop[0].slvcnv/genblk1.rsync/sysReset:CLK (r)
               +     0.201          cell: ADLIB:SLE
  2.056                        AXI4_Interconnect_0/AXI4_Interconnect_0/SlvConvertor_loop[0].slvcnv/genblk1.rsync/sysReset:Q (r)
               +     2.912          net: AXI4_Interconnect_0/AXI4_Interconnect_0/SlvConvertor_loop[0].slvcnv/sysReset
  4.968                        AXI4_Interconnect_0/AXI4_Interconnect_0/SlvConvertor_loop[0].slvcnv/slvCDC/genblk1.genblk1.cdc_WChan/rdGrayCounter/cntGray[1]:ALn (r)
                                    
  4.968                        data arrival time
  ________________________________________________________
  Data required time calculation
  N/C                          PF_CCC_C2_0/PF_CCC_C2_0/pll_inst_0:OUT0
               +     0.000          Clock source
  N/C                          PF_CCC_C2_0/PF_CCC_C2_0/pll_inst_0:OUT0 (r)
               +     0.203          net: PF_CCC_C2_0/PF_CCC_C2_0/pll_inst_0_clkint_0
  N/C                          PF_CCC_C2_0/PF_CCC_C2_0/clkint_0_1:A (r)
               +     0.127          cell: ADLIB:ICB_CLKINT
  N/C                          PF_CCC_C2_0/PF_CCC_C2_0/clkint_0_1:Y (r)
               +     0.317          net: PF_CCC_C2_0/PF_CCC_C2_0/clkint_0_NET
  N/C                          PF_CCC_C2_0/PF_CCC_C2_0/clkint_0:A (r)
               +     0.154          cell: ADLIB:GB
  N/C                          PF_CCC_C2_0/PF_CCC_C2_0/clkint_0:Y (r)
               +     0.324          net: PF_CCC_C2_0/PF_CCC_C2_0/clkint_0/U0_Y
  N/C                          PF_CCC_C2_0/PF_CCC_C2_0/clkint_0/U0_RGB1:A (r)
               +     0.049          cell: ADLIB:RGB
  N/C                          PF_CCC_C2_0/PF_CCC_C2_0/clkint_0/U0_RGB1:Y (f)
               +     0.476          net: PF_CCC_C2_0_OUT0_FABCLK_0
  N/C                          AXI4_Interconnect_0/AXI4_Interconnect_0/SlvConvertor_loop[0].slvcnv/slvCDC/genblk1.genblk1.cdc_WChan/rdGrayCounter/cntGray[1]:CLK (r)
               +     0.091          
  N/C                          clock reconvergence pessimism
               -     0.196          Library recovery time: ADLIB:SLE
  N/C                          AXI4_Interconnect_0/AXI4_Interconnect_0/SlvConvertor_loop[0].slvcnv/slvCDC/genblk1.genblk1.cdc_WChan/rdGrayCounter/cntGray[1]:ALn


Operating Conditions : slow_lv_ht

END SET Register to Asynchronous

----------------------------------------------------

SET External Recovery

No Path 

END SET External Recovery

----------------------------------------------------

SET Asynchronous to Register

No Path 

END SET Asynchronous to Register

----------------------------------------------------

Clock Domain PF_CCC_C2_0/PF_CCC_C2_0/pll_inst_0:OUT1

SET Register to Register

Path 1
  From: CoreDMA_IO_CTRL_0/CoreDMA_Controller_0/CoreDMA_Controller_0/CAXI4DMAOOlOI/CAXI4DMAOOl1I/CAXI4DMAOI1Ol/CAXI4DMAI1l1:CLK
  To:   CoreDMA_IO_CTRL_0/CoreDMA_Controller_0/CoreDMA_Controller_0/CAXI4DMAOOlOI/CAXI4DMAOOl1I/CAXI4DMAOI1Ol/CAXI4DMAIllll[1]:D
  Delay (ns):              7.017
  Arrival (ns):            8.868
  Setup (ns):              0.000
  Minimum Period (ns):     7.111
  Operating Conditions: slow_lv_ht

Path 2
  From: CoreDMA_IO_CTRL_0/CoreDMA_Controller_0/CoreDMA_Controller_0/CAXI4DMAOOlOI/CAXI4DMAOOl1I/CAXI4DMAOI1Ol/CAXI4DMAI1l1:CLK
  To:   CoreDMA_IO_CTRL_0/CoreDMA_Controller_0/CoreDMA_Controller_0/CAXI4DMAOOlOI/CAXI4DMAOOl1I/CAXI4DMAllIIl/CAXI4DMAO01Il_Z[1]:EN
  Delay (ns):              6.860
  Arrival (ns):            8.711
  Setup (ns):              0.136
  Minimum Period (ns):     7.105
  Operating Conditions: slow_lv_ht

Path 3
  From: CoreDMA_IO_CTRL_0/CoreDMA_Controller_0/CoreDMA_Controller_0/CAXI4DMAOOlOI/CAXI4DMAOOl1I/CAXI4DMAOI1Ol/CAXI4DMAI1l1:CLK
  To:   CoreDMA_IO_CTRL_0/CoreDMA_Controller_0/CoreDMA_Controller_0/CAXI4DMAOOlOI/CAXI4DMAOOl1I/CAXI4DMAllIIl/CAXI4DMAO01Il_Z[0]:EN
  Delay (ns):              6.860
  Arrival (ns):            8.711
  Setup (ns):              0.136
  Minimum Period (ns):     7.105
  Operating Conditions: slow_lv_ht

Path 4
  From: CoreDMA_IO_CTRL_0/CoreDMA_Controller_0/CoreDMA_Controller_0/CAXI4DMAOOlOI/CAXI4DMAOOl1I/CAXI4DMAOI1Ol/CAXI4DMAI1l1:CLK
  To:   CoreDMA_IO_CTRL_0/CoreDMA_Controller_0/CoreDMA_Controller_0/CAXI4DMAOOlOI/CAXI4DMAOOl1I/CAXI4DMAOI1Ol/CAXI4DMAIllll[0]:D
  Delay (ns):              6.893
  Arrival (ns):            8.744
  Setup (ns):              0.000
  Minimum Period (ns):     7.006
  Operating Conditions: slow_lv_ht

Path 5
  From: CoreDMA_IO_CTRL_0/CoreDMA_Controller_0/CoreDMA_Controller_0/CAXI4DMAOOlOI/CAXI4DMAOOl1I/CAXI4DMAOI1Ol/CAXI4DMAI1l1:CLK
  To:   CoreDMA_IO_CTRL_0/CoreDMA_Controller_0/CoreDMA_Controller_0/CAXI4DMAOOlOI/CAXI4DMAOOl1I/CAXI4DMAII0Ol[0]:EN
  Delay (ns):              6.629
  Arrival (ns):            8.480
  Setup (ns):              0.128
  Minimum Period (ns):     6.875
  Operating Conditions: slow_lv_ht


Expanded Path 1
  From: CoreDMA_IO_CTRL_0/CoreDMA_Controller_0/CoreDMA_Controller_0/CAXI4DMAOOlOI/CAXI4DMAOOl1I/CAXI4DMAOI1Ol/CAXI4DMAI1l1:CLK
  To: CoreDMA_IO_CTRL_0/CoreDMA_Controller_0/CoreDMA_Controller_0/CAXI4DMAOOlOI/CAXI4DMAOOl1I/CAXI4DMAOI1Ol/CAXI4DMAIllll[1]:D
  data required time                                    N/C
  data arrival time                          -        8.868
  slack                                                 N/C
  ________________________________________________________
  Data arrival time calculation
  0.000                        PF_CCC_C2_0/PF_CCC_C2_0/pll_inst_0:OUT1
               +     0.000          Clock source
  0.000                        PF_CCC_C2_0/PF_CCC_C2_0/pll_inst_0:OUT1 (r)
               +     0.225          net: PF_CCC_C2_0/PF_CCC_C2_0/pll_inst_0_clkint_4
  0.225                        PF_CCC_C2_0/PF_CCC_C2_0/clkint_4_1:A (r)
               +     0.147          cell: ADLIB:ICB_CLKINT
  0.372                        PF_CCC_C2_0/PF_CCC_C2_0/clkint_4_1:Y (r)
               +     0.351          net: PF_CCC_C2_0/PF_CCC_C2_0/clkint_4_NET
  0.723                        PF_CCC_C2_0/PF_CCC_C2_0/clkint_4:A (r)
               +     0.165          cell: ADLIB:GB
  0.888                        PF_CCC_C2_0/PF_CCC_C2_0/clkint_4:Y (r)
               +     0.363          net: PF_CCC_C2_0/PF_CCC_C2_0/clkint_4/U0_Y
  1.251                        PF_CCC_C2_0/PF_CCC_C2_0/clkint_4/U0_RGB1_RGB2:A (r)
               +     0.058          cell: ADLIB:RGB
  1.309                        PF_CCC_C2_0/PF_CCC_C2_0/clkint_4/U0_RGB1_RGB2:Y (f)
               +     0.542          net: PF_CCC_C2_0/PF_CCC_C2_0/clkint_4/U0_RGB1_RGB2_rgb_net_1
  1.851                        CoreDMA_IO_CTRL_0/CoreDMA_Controller_0/CoreDMA_Controller_0/CAXI4DMAOOlOI/CAXI4DMAOOl1I/CAXI4DMAOI1Ol/CAXI4DMAI1l1:CLK (r)
               +     0.209          cell: ADLIB:SLE
  2.060                        CoreDMA_IO_CTRL_0/CoreDMA_Controller_0/CoreDMA_Controller_0/CAXI4DMAOOlOI/CAXI4DMAOOl1I/CAXI4DMAOI1Ol/CAXI4DMAI1l1:Q (r)
               +     2.530          net: CoreDMA_IO_CTRL_0/CoreDMA_Controller_0/CoreDMA_Controller_0/CAXI4DMAI1l1
  4.590                        CoreDMA_IO_CTRL_0/CoreDMA_Controller_0/CoreDMA_Controller_0/CAXI4DMAOOlOI/CAXI4DMAOOl1I/CAXI4DMAllIIl/CAXI4DMAlIOIl[20]:C (r)
               +     0.053          cell: ADLIB:CFG3
  4.643                        CoreDMA_IO_CTRL_0/CoreDMA_Controller_0/CoreDMA_Controller_0/CAXI4DMAOOlOI/CAXI4DMAOOl1I/CAXI4DMAllIIl/CAXI4DMAlIOIl[20]:Y (r)
               +     0.447          net: CoreDMA_IO_CTRL_0/CoreDMA_Controller_0/CoreDMA_Controller_0/CAXI4DMAOOlOI/CAXI4DMAOOl1I/CAXI4DMAIOOOl[20]
  5.090                        CoreDMA_IO_CTRL_0/CoreDMA_Controller_0/CoreDMA_Controller_0/CAXI4DMAOOlOI/CAXI4DMAOOl1I/CAXI4DMAOI1Ol/CAXI4DMAOllll7_1_I_63:A (r)
               +     0.051          cell: ADLIB:ARI1_CC
  5.141                        CoreDMA_IO_CTRL_0/CoreDMA_Controller_0/CoreDMA_Controller_0/CAXI4DMAOOlOI/CAXI4DMAOOl1I/CAXI4DMAOI1Ol/CAXI4DMAOllll7_1_I_63:P (f)
               +     0.015          net: NET_CC_CONFIG5270
  5.156                        CoreDMA_IO_CTRL_0/CoreDMA_Controller_0/CoreDMA_Controller_0/CAXI4DMAOOlOI/CAXI4DMAOOl1I/CAXI4DMAOI1Ol/CAXI4DMAOllll7_1_I_1_CC_1:P[7] (f)
               +     0.337          cell: ADLIB:CC_CONFIG
  5.493                        CoreDMA_IO_CTRL_0/CoreDMA_Controller_0/CoreDMA_Controller_0/CAXI4DMAOOlOI/CAXI4DMAOOl1I/CAXI4DMAOI1Ol/CAXI4DMAOllll7_1_I_1_CC_1:CC[9] (f)
               +     0.000          net: NET_CC_CONFIG5281
  5.493                        CoreDMA_IO_CTRL_0/CoreDMA_Controller_0/CoreDMA_Controller_0/CAXI4DMAOOlOI/CAXI4DMAOOl1I/CAXI4DMAOI1Ol/CAXI4DMAOllll7_1_I_45_FCINST1:CC (f)
               +     0.050          cell: ADLIB:FCEND_BUFF_CC
  5.543                        CoreDMA_IO_CTRL_0/CoreDMA_Controller_0/CoreDMA_Controller_0/CAXI4DMAOOlOI/CAXI4DMAOOl1I/CAXI4DMAOI1Ol/CAXI4DMAOllll7_1_I_45_FCINST1:CO (f)
               +     0.608          net: CoreDMA_IO_CTRL_0/CoreDMA_Controller_0/CoreDMA_Controller_0/CAXI4DMAOOlOI/CAXI4DMAOOl1I/CAXI4DMAOI1Ol/CAXI4DMAOllll7
  6.151                        CoreDMA_IO_CTRL_0/CoreDMA_Controller_0/CoreDMA_Controller_0/CAXI4DMAOOlOI/CAXI4DMAOOl1I/CAXI4DMAOI1Ol/CAXI4DMAI1OOl_0_sqmuxa_7_i_o4_0:B (f)
               +     0.085          cell: ADLIB:CFG3
  6.236                        CoreDMA_IO_CTRL_0/CoreDMA_Controller_0/CoreDMA_Controller_0/CAXI4DMAOOlOI/CAXI4DMAOOl1I/CAXI4DMAOI1Ol/CAXI4DMAI1OOl_0_sqmuxa_7_i_o4_0:Y (f)
               +     0.202          net: CoreDMA_IO_CTRL_0/CoreDMA_Controller_0/CoreDMA_Controller_0/CAXI4DMAOOlOI/CAXI4DMAOOl1I/CAXI4DMAOI1Ol/N_271
  6.438                        CoreDMA_IO_CTRL_0/CoreDMA_Controller_0/CoreDMA_Controller_0/CAXI4DMAOOlOI/CAXI4DMAOOl1I/CAXI4DMAOI1Ol/CAXI4DMAl10OI_tr28_0_a4:A (f)
               +     0.050          cell: ADLIB:CFG3
  6.488                        CoreDMA_IO_CTRL_0/CoreDMA_Controller_0/CoreDMA_Controller_0/CAXI4DMAOOlOI/CAXI4DMAOOl1I/CAXI4DMAOI1Ol/CAXI4DMAl10OI_tr28_0_a4:Y (r)
               +     0.350          net: CoreDMA_IO_CTRL_0/CoreDMA_Controller_0/CoreDMA_Controller_0/CAXI4DMAOOlOI/CAXI4DMAOOl1I/CAXI4DMAOI1Ol/N_313_i
  6.838                        CoreDMA_IO_CTRL_0/CoreDMA_Controller_0/CoreDMA_Controller_0/CAXI4DMAOOlOI/CAXI4DMAOOl1I/CAXI4DMAOI1Ol/CAXI4DMAOllll_0_o4:A (r)
               +     0.053          cell: ADLIB:CFG2
  6.891                        CoreDMA_IO_CTRL_0/CoreDMA_Controller_0/CoreDMA_Controller_0/CAXI4DMAOOlOI/CAXI4DMAOOl1I/CAXI4DMAOI1Ol/CAXI4DMAOllll_0_o4:Y (r)
               +     1.089          net: CoreDMA_IO_CTRL_0/CoreDMA_Controller_0/CoreDMA_Controller_0/CAXI4DMAOOlOI/CAXI4DMAOOl1I/CAXI4DMAOI1Ol/CAXI4DMAO1lll[7]
  7.980                        CoreDMA_IO_CTRL_0/CoreDMA_Controller_0/CoreDMA_Controller_0/CAXI4DMAOOlOI/CAXI4DMAOOl1I/CAXI4DMAOI1Ol/un1_CAXI4DMAOllll:D (r)
               +     0.053          cell: ADLIB:CFG4
  8.033                        CoreDMA_IO_CTRL_0/CoreDMA_Controller_0/CoreDMA_Controller_0/CAXI4DMAOOlOI/CAXI4DMAOOl1I/CAXI4DMAOI1Ol/un1_CAXI4DMAOllll:Y (r)
               +     0.760          net: CoreDMA_IO_CTRL_0/CoreDMA_Controller_0/CoreDMA_Controller_0/CAXI4DMAOOlOI/CAXI4DMAOOl1I/CAXI4DMAOI1Ol/un1_CAXI4DMAOllll_Z
  8.793                        CoreDMA_IO_CTRL_0/CoreDMA_Controller_0/CoreDMA_Controller_0/CAXI4DMAOOlOI/CAXI4DMAOOl1I/CAXI4DMAOI1Ol/CAXI4DMAlllll[1]:B (r)
               +     0.053          cell: ADLIB:CFG4
  8.846                        CoreDMA_IO_CTRL_0/CoreDMA_Controller_0/CoreDMA_Controller_0/CAXI4DMAOOlOI/CAXI4DMAOOl1I/CAXI4DMAOI1Ol/CAXI4DMAlllll[1]:Y (r)
               +     0.022          net: CoreDMA_IO_CTRL_0/CoreDMA_Controller_0/CoreDMA_Controller_0/CAXI4DMAOOlOI/CAXI4DMAOOl1I/CAXI4DMAOI1Ol/CAXI4DMAlllll_Z[1]
  8.868                        CoreDMA_IO_CTRL_0/CoreDMA_Controller_0/CoreDMA_Controller_0/CAXI4DMAOOlOI/CAXI4DMAOOl1I/CAXI4DMAOI1Ol/CAXI4DMAIllll[1]:D (r)
                                    
  8.868                        data arrival time
  ________________________________________________________
  Data required time calculation
  N/C                          PF_CCC_C2_0/PF_CCC_C2_0/pll_inst_0:OUT1
               +     0.000          Clock source
  N/C                          PF_CCC_C2_0/PF_CCC_C2_0/pll_inst_0:OUT1 (r)
               +     0.205          net: PF_CCC_C2_0/PF_CCC_C2_0/pll_inst_0_clkint_4
  N/C                          PF_CCC_C2_0/PF_CCC_C2_0/clkint_4_1:A (r)
               +     0.127          cell: ADLIB:ICB_CLKINT
  N/C                          PF_CCC_C2_0/PF_CCC_C2_0/clkint_4_1:Y (r)
               +     0.319          net: PF_CCC_C2_0/PF_CCC_C2_0/clkint_4_NET
  N/C                          PF_CCC_C2_0/PF_CCC_C2_0/clkint_4:A (r)
               +     0.150          cell: ADLIB:GB
  N/C                          PF_CCC_C2_0/PF_CCC_C2_0/clkint_4:Y (r)
               +     0.327          net: PF_CCC_C2_0/PF_CCC_C2_0/clkint_4/U0_Y
  N/C                          PF_CCC_C2_0/PF_CCC_C2_0/clkint_4/U0_RGB1_RGB5:A (r)
               +     0.049          cell: ADLIB:RGB
  N/C                          PF_CCC_C2_0/PF_CCC_C2_0/clkint_4/U0_RGB1_RGB5:Y (f)
               +     0.489          net: PF_CCC_C2_0/PF_CCC_C2_0/clkint_4/U0_RGB1_RGB5_rgb_net_1
  N/C                          CoreDMA_IO_CTRL_0/CoreDMA_Controller_0/CoreDMA_Controller_0/CAXI4DMAOOlOI/CAXI4DMAOOl1I/CAXI4DMAOI1Ol/CAXI4DMAIllll[1]:CLK (r)
               +     0.091          
  N/C                          clock reconvergence pessimism
               -     0.000          Library setup time: ADLIB:SLE
  N/C                          CoreDMA_IO_CTRL_0/CoreDMA_Controller_0/CoreDMA_Controller_0/CAXI4DMAOOlOI/CAXI4DMAOOl1I/CAXI4DMAOI1Ol/CAXI4DMAIllll[1]:D


Operating Conditions : slow_lv_ht

END SET Register to Register

----------------------------------------------------

SET External Setup

No Path 

END SET External Setup

----------------------------------------------------

SET Clock to Output

No Path 

END SET Clock to Output

----------------------------------------------------

SET PCIe_EP_0/PCIe_TL_CLK_0/CLK_DIV2_0/CLK_DIV2_0/I_CD:Y_DIV to PF_CCC_C2_0/PF_CCC_C2_0/pll_inst_0:OUT1

No Path 

END SET PCIe_EP_0/PCIe_TL_CLK_0/CLK_DIV2_0/CLK_DIV2_0/I_CD:Y_DIV to PF_CCC_C2_0/PF_CCC_C2_0/pll_inst_0:OUT1

----------------------------------------------------

SET PCIe_EP_0/PCIe_TX_PLL_0/PCIe_TX_PLL_0/txpll_isnt_0:DIV_CLK to PF_CCC_C2_0/PF_CCC_C2_0/pll_inst_0:OUT1

No Path 

END SET PCIe_EP_0/PCIe_TX_PLL_0/PCIe_TX_PLL_0/txpll_isnt_0:DIV_CLK to PF_CCC_C2_0/PF_CCC_C2_0/pll_inst_0:OUT1

----------------------------------------------------

SET PF_CCC_C2_0/PF_CCC_C2_0/pll_inst_0:OUT0 to PF_CCC_C2_0/PF_CCC_C2_0/pll_inst_0:OUT1

No Path 

END SET PF_CCC_C2_0/PF_CCC_C2_0/pll_inst_0:OUT0 to PF_CCC_C2_0/PF_CCC_C2_0/pll_inst_0:OUT1

----------------------------------------------------

SET Register to Asynchronous

Path 1
  From: AXI4_Interconnect_0/AXI4_Interconnect_0/arst_aclk_sync/sysReset:CLK
  To:   AXI4_Interconnect_0/AXI4_Interconnect_0/axicb/cb.arcon/trgmx/slaveAID[0]:ALn
  Delay (ns):              4.288
  Arrival (ns):            6.117
  Recovery (ns):           0.209
  Minimum Period (ns):     4.588
  Skew (ns):               0.091
  Operating Conditions: slow_lv_ht

Path 2
  From: AXI4_Interconnect_0/AXI4_Interconnect_0/arst_aclk_sync/sysReset:CLK
  To:   AXI4_Interconnect_0/AXI4_Interconnect_0/axicb/cb.arcon/trgmx/genblk4.destPort[1]:ALn
  Delay (ns):              4.288
  Arrival (ns):            6.117
  Recovery (ns):           0.209
  Minimum Period (ns):     4.588
  Skew (ns):               0.091
  Operating Conditions: slow_lv_ht

Path 3
  From: AXI4_Interconnect_0/AXI4_Interconnect_0/arst_aclk_sync/sysReset:CLK
  To:   AXI4_Interconnect_0/AXI4_Interconnect_0/axicb/cb.arcon/trgmx/slaveAID[2]:ALn
  Delay (ns):              4.288
  Arrival (ns):            6.117
  Recovery (ns):           0.209
  Minimum Period (ns):     4.587
  Skew (ns):               0.090
  Operating Conditions: slow_lv_ht

Path 4
  From: AXI4_Interconnect_0/AXI4_Interconnect_0/arst_aclk_sync/sysReset:CLK
  To:   AXI4_Interconnect_0/AXI4_Interconnect_0/axicb/cb.arcon/trgmx/genblk4.destPort[2]:ALn
  Delay (ns):              4.288
  Arrival (ns):            6.117
  Recovery (ns):           0.209
  Minimum Period (ns):     4.587
  Skew (ns):               0.090
  Operating Conditions: slow_lv_ht

Path 5
  From: AXI4_Interconnect_0/AXI4_Interconnect_0/arst_aclk_sync/sysReset:CLK
  To:   AXI4_Interconnect_0/AXI4_Interconnect_0/MstConvertor_loop[0].mstrconv/rgsl/genblk2.arrs/holdDat[35]:ALn
  Delay (ns):              4.295
  Arrival (ns):            6.124
  Recovery (ns):           0.209
  Minimum Period (ns):     4.586
  Skew (ns):               0.082
  Operating Conditions: slow_lv_ht


Expanded Path 1
  From: AXI4_Interconnect_0/AXI4_Interconnect_0/arst_aclk_sync/sysReset:CLK
  To: AXI4_Interconnect_0/AXI4_Interconnect_0/axicb/cb.arcon/trgmx/slaveAID[0]:ALn
  data required time                                    N/C
  data arrival time                          -        6.117
  slack                                                 N/C
  ________________________________________________________
  Data arrival time calculation
  0.000                        PF_CCC_C2_0/PF_CCC_C2_0/pll_inst_0:OUT1
               +     0.000          Clock source
  0.000                        PF_CCC_C2_0/PF_CCC_C2_0/pll_inst_0:OUT1 (r)
               +     0.225          net: PF_CCC_C2_0/PF_CCC_C2_0/pll_inst_0_clkint_4
  0.225                        PF_CCC_C2_0/PF_CCC_C2_0/clkint_4_1:A (r)
               +     0.147          cell: ADLIB:ICB_CLKINT
  0.372                        PF_CCC_C2_0/PF_CCC_C2_0/clkint_4_1:Y (r)
               +     0.351          net: PF_CCC_C2_0/PF_CCC_C2_0/clkint_4_NET
  0.723                        PF_CCC_C2_0/PF_CCC_C2_0/clkint_4/U0_GB0:A (r)
               +     0.170          cell: ADLIB:GB
  0.893                        PF_CCC_C2_0/PF_CCC_C2_0/clkint_4/U0_GB0:Y (r)
               +     0.359          net: PF_CCC_C2_0/PF_CCC_C2_0/clkint_4/U0_gbs_1
  1.252                        PF_CCC_C2_0/PF_CCC_C2_0/clkint_4/U0_RGB1_RGB4:A (r)
               +     0.058          cell: ADLIB:RGB
  1.310                        PF_CCC_C2_0/PF_CCC_C2_0/clkint_4/U0_RGB1_RGB4:Y (f)
               +     0.519          net: PF_CCC_C2_0/PF_CCC_C2_0/clkint_4/U0_RGB1_RGB4_rgb_net_1
  1.829                        AXI4_Interconnect_0/AXI4_Interconnect_0/arst_aclk_sync/sysReset:CLK (r)
               +     0.201          cell: ADLIB:SLE
  2.030                        AXI4_Interconnect_0/AXI4_Interconnect_0/arst_aclk_sync/sysReset:Q (r)
               +     3.002          net: AXI4_Interconnect_0/AXI4_Interconnect_0/arst_aclk_sync/sysReset_0
  5.032                        AXI4_Interconnect_0/AXI4_Interconnect_0/arst_aclk_sync/sysReset_RNIS26:A (r)
               +     0.125          cell: ADLIB:GB
  5.157                        AXI4_Interconnect_0/AXI4_Interconnect_0/arst_aclk_sync/sysReset_RNIS26:Y (r)
               +     0.360          net: AXI4_Interconnect_0/AXI4_Interconnect_0/arst_aclk_sync/sysReset_RNIS26/U0_Y
  5.517                        AXI4_Interconnect_0/AXI4_Interconnect_0/arst_aclk_sync/sysReset_RNIS26/U0_RGB1_RGB4:A (r)
               +     0.058          cell: ADLIB:RGB
  5.575                        AXI4_Interconnect_0/AXI4_Interconnect_0/arst_aclk_sync/sysReset_RNIS26/U0_RGB1_RGB4:Y (f)
               +     0.542          net: AXI4_Interconnect_0/AXI4_Interconnect_0/arst_aclk_sync/sysReset_RNIS26/U0_RGB1_RGB4_rgb_net_1
  6.117                        AXI4_Interconnect_0/AXI4_Interconnect_0/axicb/cb.arcon/trgmx/slaveAID[0]:ALn (r)
                                    
  6.117                        data arrival time
  ________________________________________________________
  Data required time calculation
  N/C                          PF_CCC_C2_0/PF_CCC_C2_0/pll_inst_0:OUT1
               +     0.000          Clock source
  N/C                          PF_CCC_C2_0/PF_CCC_C2_0/pll_inst_0:OUT1 (r)
               +     0.205          net: PF_CCC_C2_0/PF_CCC_C2_0/pll_inst_0_clkint_4
  N/C                          PF_CCC_C2_0/PF_CCC_C2_0/clkint_4_1:A (r)
               +     0.127          cell: ADLIB:ICB_CLKINT
  N/C                          PF_CCC_C2_0/PF_CCC_C2_0/clkint_4_1:Y (r)
               +     0.319          net: PF_CCC_C2_0/PF_CCC_C2_0/clkint_4_NET
  N/C                          PF_CCC_C2_0/PF_CCC_C2_0/clkint_4/U0_GB0:A (r)
               +     0.155          cell: ADLIB:GB
  N/C                          PF_CCC_C2_0/PF_CCC_C2_0/clkint_4/U0_GB0:Y (r)
               +     0.324          net: PF_CCC_C2_0/PF_CCC_C2_0/clkint_4/U0_gbs_1
  N/C                          PF_CCC_C2_0/PF_CCC_C2_0/clkint_4/U0_RGB1_RGB7:A (r)
               +     0.049          cell: ADLIB:RGB
  N/C                          PF_CCC_C2_0/PF_CCC_C2_0/clkint_4/U0_RGB1_RGB7:Y (f)
               +     0.468          net: PF_CCC_C2_0/PF_CCC_C2_0/clkint_4/U0_RGB1_RGB7_rgb_net_1
  N/C                          AXI4_Interconnect_0/AXI4_Interconnect_0/axicb/cb.arcon/trgmx/slaveAID[0]:CLK (r)
               +     0.091          
  N/C                          clock reconvergence pessimism
               -     0.209          Library recovery time: ADLIB:SLE
  N/C                          AXI4_Interconnect_0/AXI4_Interconnect_0/axicb/cb.arcon/trgmx/slaveAID[0]:ALn


Operating Conditions : slow_lv_ht

END SET Register to Asynchronous

----------------------------------------------------

SET External Recovery

Path 1
  From: USER_RESETN
  To:   PF_RESET_0/PF_RESET_0/dff_14:ALn
  Delay (ns):              7.004
  Arrival (ns):            7.004
  Recovery (ns):           0.196
  External Recovery (ns):   5.541
  Operating Conditions: slow_lv_ht

Path 2
  From: USER_RESETN
  To:   PF_RESET_0/PF_RESET_0/dff_13:ALn
  Delay (ns):              7.004
  Arrival (ns):            7.004
  Recovery (ns):           0.196
  External Recovery (ns):   5.541
  Operating Conditions: slow_lv_ht

Path 3
  From: USER_RESETN
  To:   PF_RESET_0/PF_RESET_0/dff_12:ALn
  Delay (ns):              7.004
  Arrival (ns):            7.004
  Recovery (ns):           0.196
  External Recovery (ns):   5.541
  Operating Conditions: slow_lv_ht

Path 4
  From: USER_RESETN
  To:   PF_RESET_0/PF_RESET_0/dff_11:ALn
  Delay (ns):              7.004
  Arrival (ns):            7.004
  Recovery (ns):           0.196
  External Recovery (ns):   5.541
  Operating Conditions: slow_lv_ht

Path 5
  From: USER_RESETN
  To:   PF_RESET_0/PF_RESET_0/dff_10:ALn
  Delay (ns):              7.003
  Arrival (ns):            7.003
  Recovery (ns):           0.196
  External Recovery (ns):   5.540
  Operating Conditions: slow_lv_ht


Expanded Path 1
  From: USER_RESETN
  To: PF_RESET_0/PF_RESET_0/dff_14:ALn
  data required time                                    N/C
  data arrival time                          -        7.004
  slack                                                 N/C
  ________________________________________________________
  Data arrival time calculation
  0.000                        USER_RESETN (r)
               +     0.000          net: USER_RESETN
  0.000                        USER_RESETN_ibuf/U_IOPAD:PAD (r)
               +     1.322          cell: ADLIB:IOPAD_IN
  1.322                        USER_RESETN_ibuf/U_IOPAD:Y (r)
               +     0.000          net: USER_RESETN_ibuf/YIN
  1.322                        USER_RESETN_ibuf/U_IOIN:YIN (r)
               +     0.346          cell: ADLIB:IOIN_IB_E
  1.668                        USER_RESETN_ibuf/U_IOIN:Y (r)
               +     2.226          net: USER_RESETN_c
  3.894                        PF_RESET_0/PF_RESET_0/un1_D:A (r)
               +     0.053          cell: ADLIB:CFG4
  3.947                        PF_RESET_0/PF_RESET_0/un1_D:Y (r)
               +     3.057          net: PF_RESET_0/PF_RESET_0/un1_INTERNAL_RST_i
  7.004                        PF_RESET_0/PF_RESET_0/dff_14:ALn (r)
                                    
  7.004                        data arrival time
  ________________________________________________________
  Data required time calculation
  N/C                          PF_CCC_C2_0/PF_CCC_C2_0/pll_inst_0:OUT1
               +     0.000          Clock source
  N/C                          PF_CCC_C2_0/PF_CCC_C2_0/pll_inst_0:OUT1 (r)
               +     0.205          net: PF_CCC_C2_0/PF_CCC_C2_0/pll_inst_0_clkint_4
  N/C                          PF_CCC_C2_0/PF_CCC_C2_0/clkint_4_1:A (r)
               +     0.127          cell: ADLIB:ICB_CLKINT
  N/C                          PF_CCC_C2_0/PF_CCC_C2_0/clkint_4_1:Y (r)
               +     0.319          net: PF_CCC_C2_0/PF_CCC_C2_0/clkint_4_NET
  N/C                          PF_CCC_C2_0/PF_CCC_C2_0/clkint_4/U0_GB0:A (r)
               +     0.155          cell: ADLIB:GB
  N/C                          PF_CCC_C2_0/PF_CCC_C2_0/clkint_4/U0_GB0:Y (r)
               +     0.325          net: PF_CCC_C2_0/PF_CCC_C2_0/clkint_4/U0_gbs_1
  N/C                          PF_CCC_C2_0/PF_CCC_C2_0/clkint_4/U0_RGB1_RGB4:A (r)
               +     0.049          cell: ADLIB:RGB
  N/C                          PF_CCC_C2_0/PF_CCC_C2_0/clkint_4/U0_RGB1_RGB4:Y (f)
               +     0.479          net: PF_CCC_C2_0/PF_CCC_C2_0/clkint_4/U0_RGB1_RGB4_rgb_net_1
  N/C                          PF_RESET_0/PF_RESET_0/dff_14:CLK (r)
               -     0.196          Library recovery time: ADLIB:SLE
  N/C                          PF_RESET_0/PF_RESET_0/dff_14:ALn


Operating Conditions : slow_lv_ht

END SET External Recovery

----------------------------------------------------

SET Asynchronous to Register

No Path 

END SET Asynchronous to Register

----------------------------------------------------

Clock Domain REF_CLK_0

Info: The maximum frequency of this clock domain is limited by the minimum pulse widths of pin REF_CLK_0_ibuf/U_IOPAD:PAD

SET Register to Register

No Path 

END SET Register to Register

----------------------------------------------------

SET External Setup

No Path 

END SET External Setup

----------------------------------------------------

SET Clock to Output

No Path 

END SET Clock to Output

----------------------------------------------------

SET Register to Asynchronous

No Path 

END SET Register to Asynchronous

----------------------------------------------------

SET External Recovery

No Path 

END SET External Recovery

----------------------------------------------------

SET Asynchronous to Register

No Path 

END SET Asynchronous to Register

----------------------------------------------------

Path set Pin to Pin

SET Input to Output

No Path 

END SET Input to Output

----------------------------------------------------

Path set User Sets

