Timing Report Max Delay Analysis

SmartTime Version v12.6
Microsemi Corporation - Microsemi Libero Software Release v12.6 (Version 12.900.20.24)
Date: Wed Apr 21 23:46:27 2021


Design: top
Family: PolarFire
Die: MPF100T
Package: FCVG484
Temperature Range: 0 - 100 C
Voltage Range: 0.97 - 1.03 V
Speed Grade: -1
Design State: Post-Layout
Data source: Production
Multi Corner Report Operating Conditions: slow_lv_ht, slow_lv_lt, fast_hv_lt
Scenario for Timing Analysis: timing_analysis


*** IMPORTANT RECOMMENDATION *** If you haven't done so, it is highly recommended to add clock jitter information for each clock domain into Libero SoC through clock uncertainty SDC timing constraints. Please refer to the Libero SoC v12.5 release notes for more details.

-----------------------------------------------------
SUMMARY

Clock Domain:               DQS[0]
Required Period (ns):       N/A
Required Frequency (MHz):   N/A
Worst Slack (ns):           
Operating Conditions:       

Clock Domain:               DQS[1]
Required Period (ns):       N/A
Required Frequency (MHz):   N/A
Worst Slack (ns):           
Operating Conditions:       

Clock Domain:               PCIe_EP_0/PCIe_TL_CLK_0/CLK_DIV2_0/CLK_DIV2_0/I_CD/Y_DIV
Required Period (ns):       12.500
Required Frequency (MHz):   80.000
Worst Slack (ns):           
Operating Conditions:       

Clock Domain:               osc_rc160mhz
Required Period (ns):       6.250
Required Frequency (MHz):   160.000
Worst Slack (ns):           
Operating Conditions:       

Clock Domain:               PCIe_EP_0/PCIe_TX_PLL_0/PCIe_TX_PLL_0/txpll_isnt_0/DIV_CLK
Required Period (ns):       8.000
Required Frequency (MHz):   125.000
Worst Slack (ns):           
Operating Conditions:       

Clock Domain:               PF_DDR4_SS_0/CCC_0/pll_inst_0/OUT1
Required Period (ns):       5.000
Required Frequency (MHz):   200.000
Worst Slack (ns):           0.648
Operating Conditions:       slow_lv_ht

Clock Domain:               PF_DDR4_SS_0/CCC_0/pll_inst_0/OUT2
Required Period (ns):       1.250
Required Frequency (MHz):   800.000
Worst Slack (ns):           
Operating Conditions:       

Clock Domain:               PF_DDR4_SS_0/CCC_0/pll_inst_0/OUT3
Required Period (ns):       1.250
Required Frequency (MHz):   800.000
Worst Slack (ns):           
Operating Conditions:       

Clock Domain:               PF_DDR4_SS_0/DDRPHY_BLK_0/IOD_TRAINING_0/COREDDR_TIP_INT_U/DQSW270_DELAY_LINE_MOVE[0]:Q
Required Period (ns):       N/A
Required Frequency (MHz):   N/A
Worst Slack (ns):           
Operating Conditions:       

Clock Domain:               PF_DDR4_SS_0/DDRPHY_BLK_0/IOD_TRAINING_0/COREDDR_TIP_INT_U/DQSW270_DELAY_LINE_MOVE[1]:Q
Required Period (ns):       N/A
Required Frequency (MHz):   N/A
Worst Slack (ns):           
Operating Conditions:       

Clock Domain:               PF_DDR4_SS_0/DDRPHY_BLK_0/IOD_TRAINING_0/COREDDR_TIP_INT_U/MOVE[0]:Q
Required Period (ns):       N/A
Required Frequency (MHz):   N/A
Worst Slack (ns):           
Operating Conditions:       

Clock Domain:               PF_DDR4_SS_0/DDRPHY_BLK_0/IOD_TRAINING_0/COREDDR_TIP_INT_U/MOVE[10]:Q
Required Period (ns):       N/A
Required Frequency (MHz):   N/A
Worst Slack (ns):           
Operating Conditions:       

Clock Domain:               PF_DDR4_SS_0/DDRPHY_BLK_0/IOD_TRAINING_0/COREDDR_TIP_INT_U/MOVE[11]:Q
Required Period (ns):       N/A
Required Frequency (MHz):   N/A
Worst Slack (ns):           
Operating Conditions:       

Clock Domain:               PF_DDR4_SS_0/DDRPHY_BLK_0/IOD_TRAINING_0/COREDDR_TIP_INT_U/MOVE[12]:Q
Required Period (ns):       N/A
Required Frequency (MHz):   N/A
Worst Slack (ns):           
Operating Conditions:       

Clock Domain:               PF_DDR4_SS_0/DDRPHY_BLK_0/IOD_TRAINING_0/COREDDR_TIP_INT_U/MOVE[13]:Q
Required Period (ns):       N/A
Required Frequency (MHz):   N/A
Worst Slack (ns):           
Operating Conditions:       

Clock Domain:               PF_DDR4_SS_0/DDRPHY_BLK_0/IOD_TRAINING_0/COREDDR_TIP_INT_U/MOVE[14]:Q
Required Period (ns):       N/A
Required Frequency (MHz):   N/A
Worst Slack (ns):           
Operating Conditions:       

Clock Domain:               PF_DDR4_SS_0/DDRPHY_BLK_0/IOD_TRAINING_0/COREDDR_TIP_INT_U/MOVE[15]:Q
Required Period (ns):       N/A
Required Frequency (MHz):   N/A
Worst Slack (ns):           
Operating Conditions:       

Clock Domain:               PF_DDR4_SS_0/DDRPHY_BLK_0/IOD_TRAINING_0/COREDDR_TIP_INT_U/MOVE[16]:Q
Required Period (ns):       N/A
Required Frequency (MHz):   N/A
Worst Slack (ns):           
Operating Conditions:       

Clock Domain:               PF_DDR4_SS_0/DDRPHY_BLK_0/IOD_TRAINING_0/COREDDR_TIP_INT_U/MOVE[17]:Q
Required Period (ns):       N/A
Required Frequency (MHz):   N/A
Worst Slack (ns):           
Operating Conditions:       

Clock Domain:               PF_DDR4_SS_0/DDRPHY_BLK_0/IOD_TRAINING_0/COREDDR_TIP_INT_U/MOVE[1]:Q
Required Period (ns):       N/A
Required Frequency (MHz):   N/A
Worst Slack (ns):           
Operating Conditions:       

Clock Domain:               PF_DDR4_SS_0/DDRPHY_BLK_0/IOD_TRAINING_0/COREDDR_TIP_INT_U/MOVE[2]:Q
Required Period (ns):       N/A
Required Frequency (MHz):   N/A
Worst Slack (ns):           
Operating Conditions:       

Clock Domain:               PF_DDR4_SS_0/DDRPHY_BLK_0/IOD_TRAINING_0/COREDDR_TIP_INT_U/MOVE[3]:Q
Required Period (ns):       N/A
Required Frequency (MHz):   N/A
Worst Slack (ns):           
Operating Conditions:       

Clock Domain:               PF_DDR4_SS_0/DDRPHY_BLK_0/IOD_TRAINING_0/COREDDR_TIP_INT_U/MOVE[4]:Q
Required Period (ns):       N/A
Required Frequency (MHz):   N/A
Worst Slack (ns):           
Operating Conditions:       

Clock Domain:               PF_DDR4_SS_0/DDRPHY_BLK_0/IOD_TRAINING_0/COREDDR_TIP_INT_U/MOVE[5]:Q
Required Period (ns):       N/A
Required Frequency (MHz):   N/A
Worst Slack (ns):           
Operating Conditions:       

Clock Domain:               PF_DDR4_SS_0/DDRPHY_BLK_0/IOD_TRAINING_0/COREDDR_TIP_INT_U/MOVE[6]:Q
Required Period (ns):       N/A
Required Frequency (MHz):   N/A
Worst Slack (ns):           
Operating Conditions:       

Clock Domain:               PF_DDR4_SS_0/DDRPHY_BLK_0/IOD_TRAINING_0/COREDDR_TIP_INT_U/MOVE[7]:Q
Required Period (ns):       N/A
Required Frequency (MHz):   N/A
Worst Slack (ns):           
Operating Conditions:       

Clock Domain:               PF_DDR4_SS_0/DDRPHY_BLK_0/IOD_TRAINING_0/COREDDR_TIP_INT_U/MOVE[8]:Q
Required Period (ns):       N/A
Required Frequency (MHz):   N/A
Worst Slack (ns):           
Operating Conditions:       

Clock Domain:               PF_DDR4_SS_0/DDRPHY_BLK_0/IOD_TRAINING_0/COREDDR_TIP_INT_U/MOVE[9]:Q
Required Period (ns):       N/A
Required Frequency (MHz):   N/A
Worst Slack (ns):           
Operating Conditions:       

Clock Domain:               PF_DDR4_SS_0/DDRPHY_BLK_0/IOD_TRAINING_0/COREDDR_TIP_INT_U/VCO_PHSEL_ROTATE[0]:Q
Required Period (ns):       N/A
Required Frequency (MHz):   N/A
Worst Slack (ns):           
Operating Conditions:       

Clock Domain:               REF_CLK_0
Required Period (ns):       20.000
Required Frequency (MHz):   50.000
Worst Slack (ns):           12.939
Operating Conditions:       slow_lv_ht

Clock Domain:               REF_CLK_PAD_P
Required Period (ns):       10.000
Required Frequency (MHz):   100.000
Worst Slack (ns):           
Operating Conditions:       

Clock Domain:               PF_DDR4_SS_0/CCC_0/pll_inst_0/OUT0
Required Period (ns):       1.250
Required Frequency (MHz):   800.000
Worst Slack (ns):           
Operating Conditions:       

                            Input to Output
Max Delay (ns):             N/A

END SUMMARY
-----------------------------------------------------

Clock Domain DQS[0]

SET Register to Register

No Path 

END SET Register to Register

----------------------------------------------------

SET External Setup

No Path 

END SET External Setup

----------------------------------------------------

SET Clock to Output

No Path 

END SET Clock to Output

----------------------------------------------------

SET Register to Asynchronous

No Path 

END SET Register to Asynchronous

----------------------------------------------------

SET External Recovery

No Path 

END SET External Recovery

----------------------------------------------------

SET Asynchronous to Register

No Path 

END SET Asynchronous to Register

----------------------------------------------------

SET PF_DDR4_SS_0/CCC_0/pll_inst_0/OUT1 to DQS[0]

No Path 

END SET PF_DDR4_SS_0/CCC_0/pll_inst_0/OUT1 to DQS[0]

----------------------------------------------------

Clock Domain DQS[1]

SET Register to Register

No Path 

END SET Register to Register

----------------------------------------------------

SET External Setup

No Path 

END SET External Setup

----------------------------------------------------

SET Clock to Output

No Path 

END SET Clock to Output

----------------------------------------------------

SET Register to Asynchronous

No Path 

END SET Register to Asynchronous

----------------------------------------------------

SET External Recovery

No Path 

END SET External Recovery

----------------------------------------------------

SET Asynchronous to Register

No Path 

END SET Asynchronous to Register

----------------------------------------------------

SET PF_DDR4_SS_0/CCC_0/pll_inst_0/OUT1 to DQS[1]

No Path 

END SET PF_DDR4_SS_0/CCC_0/pll_inst_0/OUT1 to DQS[1]

----------------------------------------------------

Clock Domain PCIe_EP_0/PCIe_TL_CLK_0/CLK_DIV2_0/CLK_DIV2_0/I_CD/Y_DIV

Info: The maximum frequency of this clock domain is limited by the period of pin PCIe_EP_0/PCIex4_0/PCIE_1:TL_CLK

SET Register to Register

No Path 

END SET Register to Register

----------------------------------------------------

SET External Setup

No Path 

END SET External Setup

----------------------------------------------------

SET Clock to Output

No Path 

END SET Clock to Output

----------------------------------------------------

SET Register to Asynchronous

No Path 

END SET Register to Asynchronous

----------------------------------------------------

SET External Recovery

No Path 

END SET External Recovery

----------------------------------------------------

SET Asynchronous to Register

No Path 

END SET Asynchronous to Register

----------------------------------------------------

SET PF_DDR4_SS_0/CCC_0/pll_inst_0/OUT1 to PCIe_EP_0/PCIe_TL_CLK_0/CLK_DIV2_0/CLK_DIV2_0/I_CD/Y_DIV

No Path 

END SET PF_DDR4_SS_0/CCC_0/pll_inst_0/OUT1 to PCIe_EP_0/PCIe_TL_CLK_0/CLK_DIV2_0/CLK_DIV2_0/I_CD/Y_DIV

----------------------------------------------------

Clock Domain osc_rc160mhz

Info: The maximum frequency of this clock domain is limited by the period of pin PCIe_EP_0/PCIe_TL_CLK_0/CLK_DIV2_0/CLK_DIV2_0/I_CD:A

SET Register to Register

No Path 

END SET Register to Register

----------------------------------------------------

SET External Setup

No Path 

END SET External Setup

----------------------------------------------------

SET Clock to Output

No Path 

END SET Clock to Output

----------------------------------------------------

SET Register to Asynchronous

No Path 

END SET Register to Asynchronous

----------------------------------------------------

SET External Recovery

No Path 

END SET External Recovery

----------------------------------------------------

SET Asynchronous to Register

No Path 

END SET Asynchronous to Register

----------------------------------------------------

Clock Domain PCIe_EP_0/PCIe_TX_PLL_0/PCIe_TX_PLL_0/txpll_isnt_0/DIV_CLK

Info: The maximum frequency of this clock domain is limited by the period of pin PCIe_EP_0/PCIex4_0/PCIE_1:TL_CLK

SET Register to Register

No Path 

END SET Register to Register

----------------------------------------------------

SET External Setup

No Path 

END SET External Setup

----------------------------------------------------

SET Clock to Output

No Path 

END SET Clock to Output

----------------------------------------------------

SET Register to Asynchronous

No Path 

END SET Register to Asynchronous

----------------------------------------------------

SET External Recovery

No Path 

END SET External Recovery

----------------------------------------------------

SET Asynchronous to Register

No Path 

END SET Asynchronous to Register

----------------------------------------------------

SET PF_DDR4_SS_0/CCC_0/pll_inst_0/OUT1 to PCIe_EP_0/PCIe_TX_PLL_0/PCIe_TX_PLL_0/txpll_isnt_0/DIV_CLK

No Path 

END SET PF_DDR4_SS_0/CCC_0/pll_inst_0/OUT1 to PCIe_EP_0/PCIe_TX_PLL_0/PCIe_TX_PLL_0/txpll_isnt_0/DIV_CLK

----------------------------------------------------

Clock Domain PF_DDR4_SS_0/CCC_0/pll_inst_0/OUT1

SET Register to Register

Path 1
  From: CoreDMA_IO_CTRL_0/CoreDMA_Controller_0/CoreDMA_Controller_0/CAXI4DMAI00OI/CAXI4DMAIlOl[6]:CLK
  To:   CoreDMA_IO_CTRL_0/CoreDMA_Controller_0/CoreDMA_Controller_0/CAXI4DMAI00OI/CAXI4DMAIlOl[6]:D
  Delay (ns):              4.352
  Slack (ns):              0.648
  Arrival (ns):           12.196
  Required (ns):          12.844
  Setup (ns):              0.000
  Minimum Period (ns):     4.352
  Operating Conditions: slow_lv_ht

Path 2
  From: CoreDMA_IO_CTRL_0/CoreDMA_Controller_0/CoreDMA_Controller_0/CAXI4DMAI00OI/CAXI4DMAIlOl[6]:CLK
  To:   CoreDMA_IO_CTRL_0/CoreDMA_Controller_0/CoreDMA_Controller_0/CAXI4DMAI00OI/CAXI4DMAIlOl[5]:D
  Delay (ns):              4.306
  Slack (ns):              0.687
  Arrival (ns):           12.150
  Required (ns):          12.837
  Setup (ns):              0.000
  Minimum Period (ns):     4.313
  Operating Conditions: slow_lv_ht

Path 3
  From: CoreDMA_IO_CTRL_0/CoreDMA_Controller_0/CoreDMA_Controller_0/CAXI4DMAI00OI/CAXI4DMAIlOl[6]:CLK
  To:   CoreDMA_IO_CTRL_0/CoreDMA_Controller_0/CoreDMA_Controller_0/CAXI4DMAI00OI/CAXI4DMAIlOl[10]:D
  Delay (ns):              4.229
  Slack (ns):              0.702
  Arrival (ns):           12.073
  Required (ns):          12.775
  Setup (ns):              0.000
  Minimum Period (ns):     4.298
  Operating Conditions: slow_lv_ht

Path 4
  From: CoreDMA_IO_CTRL_0/CoreDMA_Controller_0/CoreDMA_Controller_0/CAXI4DMAI00OI/CAXI4DMAIlOl[6]:CLK
  To:   CoreDMA_IO_CTRL_0/CoreDMA_Controller_0/CoreDMA_Controller_0/CAXI4DMAI00OI/CAXI4DMAIlOl[11]:D
  Delay (ns):              4.224
  Slack (ns):              0.707
  Arrival (ns):           12.068
  Required (ns):          12.775
  Setup (ns):              0.000
  Minimum Period (ns):     4.293
  Operating Conditions: slow_lv_ht

Path 5
  From: CoreDMA_IO_CTRL_0/CoreDMA_Controller_0/CoreDMA_Controller_0/CAXI4DMAI00OI/CAXI4DMAIlOl[6]:CLK
  To:   CoreDMA_IO_CTRL_0/CoreDMA_Controller_0/CoreDMA_Controller_0/CAXI4DMAI00OI/CAXI4DMAIlOl[4]:D
  Delay (ns):              4.276
  Slack (ns):              0.716
  Arrival (ns):           12.120
  Required (ns):          12.836
  Setup (ns):              0.000
  Minimum Period (ns):     4.284
  Operating Conditions: slow_lv_ht


Expanded Path 1
  From: CoreDMA_IO_CTRL_0/CoreDMA_Controller_0/CoreDMA_Controller_0/CAXI4DMAI00OI/CAXI4DMAIlOl[6]:CLK
  To: CoreDMA_IO_CTRL_0/CoreDMA_Controller_0/CoreDMA_Controller_0/CAXI4DMAI00OI/CAXI4DMAIlOl[6]:D
  data required time                                 12.844
  data arrival time                          -       12.196
  slack                                               0.648
  ________________________________________________________
  Data arrival time calculation
  0.000                        PF_DDR4_SS_0/CCC_0/pll_inst_0/OUT1
               +     0.000          Clock source
  0.000                        PF_DDR4_SS_0/CCC_0/pll_inst_0:OUT1 (r)
               +     5.885          Clock generation
  5.885                        
               +     0.209          net: PF_DDR4_SS_0/CCC_0/pll_inst_0_clkint_4
  6.094                        PF_DDR4_SS_0/CCC_0/clkint_4_1:A (r)
               +     0.141          cell: ADLIB:ICB_CLKINT
  6.235                        PF_DDR4_SS_0/CCC_0/clkint_4_1:Y (r)
               +     0.497          net: PF_DDR4_SS_0/CCC_0/clkint_4_NET
  6.732                        PF_DDR4_SS_0/CCC_0/clkint_4/U0_GB0:A (r)
               +     0.176          cell: ADLIB:GB
  6.908                        PF_DDR4_SS_0/CCC_0/clkint_4/U0_GB0:Y (r)
               +     0.348          net: PF_DDR4_SS_0/CCC_0/clkint_4/U0_gbs_1
  7.256                        PF_DDR4_SS_0/CCC_0/clkint_4/U0_RGB1_RGB14:A (r)
               +     0.058          cell: ADLIB:RGB
  7.314                        PF_DDR4_SS_0/CCC_0/clkint_4/U0_RGB1_RGB14:Y (f)
               +     0.530          net: PF_DDR4_SS_0/CCC_0/clkint_4/U0_RGB1_RGB14_rgb_net_1
  7.844                        CoreDMA_IO_CTRL_0/CoreDMA_Controller_0/CoreDMA_Controller_0/CAXI4DMAI00OI/CAXI4DMAIlOl[6]:CLK (r)
               +     0.209          cell: ADLIB:SLE
  8.053                        CoreDMA_IO_CTRL_0/CoreDMA_Controller_0/CoreDMA_Controller_0/CAXI4DMAI00OI/CAXI4DMAIlOl[6]:Q (r)
               +     0.228          net: CoreDMA_IO_CTRL_0/CoreDMA_Controller_0/CoreDMA_Controller_0/CAXI4DMAI00OI/CAXI4DMAIlOl_Z[6]
  8.281                        CoreDMA_IO_CTRL_0/CoreDMA_Controller_0/CoreDMA_Controller_0/CAXI4DMAI00OI/CAXI4DMAIlOl_RNIA5N[4]:A (r)
               +     0.238          cell: ADLIB:CFG4
  8.519                        CoreDMA_IO_CTRL_0/CoreDMA_Controller_0/CoreDMA_Controller_0/CAXI4DMAI00OI/CAXI4DMAIlOl_RNIA5N[4]:Y (r)
               +     0.403          net: CoreDMA_IO_CTRL_0/CoreDMA_Controller_0/CoreDMA_Controller_0/CAXI4DMAI00OI/r_N_4_mux
  8.922                        CoreDMA_IO_CTRL_0/CoreDMA_Controller_0/CoreDMA_Controller_0/CAXI4DMAI00OI/un1_CAXI4DMAIlOl_cry_10_RNO:D (r)
               +     0.053          cell: ADLIB:CFG4
  8.975                        CoreDMA_IO_CTRL_0/CoreDMA_Controller_0/CoreDMA_Controller_0/CAXI4DMAI00OI/un1_CAXI4DMAIlOl_cry_10_RNO:Y (r)
               +     0.228          net: CoreDMA_IO_CTRL_0/CoreDMA_Controller_0/CoreDMA_Controller_0/CAXI4DMAI00OI/un1_N_5_1_i_i
  9.203                        CoreDMA_IO_CTRL_0/CoreDMA_Controller_0/CoreDMA_Controller_0/CAXI4DMAI00OI/un1_CAXI4DMAIlOl_cry_10:C (r)
               +     0.090          cell: ADLIB:ARI1_CC
  9.293                        CoreDMA_IO_CTRL_0/CoreDMA_Controller_0/CoreDMA_Controller_0/CAXI4DMAI00OI/un1_CAXI4DMAIlOl_cry_10:P (r)
               +     0.014          net: NET_CC_CONFIG14693
  9.307                        CoreDMA_IO_CTRL_0/CoreDMA_Controller_0/CoreDMA_Controller_0/CAXI4DMAI00OI/un1_CAXI4DMAIlOl_cry_0_CC_0:P[10] (r)
               +     0.209          cell: ADLIB:CC_CONFIG
  9.516                        CoreDMA_IO_CTRL_0/CoreDMA_Controller_0/CoreDMA_Controller_0/CAXI4DMAI00OI/un1_CAXI4DMAIlOl_cry_0_CC_0:CO (r)
               +     0.018          net: CI_TO_CO14651
  9.534                        CoreDMA_IO_CTRL_0/CoreDMA_Controller_0/CoreDMA_Controller_0/CAXI4DMAI00OI/un1_CAXI4DMAIlOl_cry_0_CC_1:CI (r)
               +     0.104          cell: ADLIB:CC_CONFIG
  9.638                        CoreDMA_IO_CTRL_0/CoreDMA_Controller_0/CoreDMA_Controller_0/CAXI4DMAI00OI/un1_CAXI4DMAIlOl_cry_0_CC_1:CO (r)
               +     0.000          net: CI_TO_CO14652
  9.638                        CoreDMA_IO_CTRL_0/CoreDMA_Controller_0/CoreDMA_Controller_0/CAXI4DMAI00OI/un1_CAXI4DMAIlOl_cry_0_CC_2:CI (r)
               +     0.055          cell: ADLIB:CC_CONFIG
  9.693                        CoreDMA_IO_CTRL_0/CoreDMA_Controller_0/CoreDMA_Controller_0/CAXI4DMAI00OI/un1_CAXI4DMAIlOl_cry_0_CC_2:CC[0] (r)
               +     0.000          net: NET_CC_CONFIG14752
  9.693                        CoreDMA_IO_CTRL_0/CoreDMA_Controller_0/CoreDMA_Controller_0/CAXI4DMAI00OI/un1_CAXI4DMAIlOl_cry_23_FCINST1:CC (r)
               +     0.062          cell: ADLIB:FCEND_BUFF_CC
  9.755                        CoreDMA_IO_CTRL_0/CoreDMA_Controller_0/CoreDMA_Controller_0/CAXI4DMAI00OI/un1_CAXI4DMAIlOl_cry_23_FCINST1:CO (r)
               +     0.239          net: CoreDMA_IO_CTRL_0/CoreDMA_Controller_0/CoreDMA_Controller_0/CAXI4DMAI00OI/un1_CAXI4DMAIlOl_cry_23_Z
  9.994                        CoreDMA_IO_CTRL_0/CoreDMA_Controller_0/CoreDMA_Controller_0/CAXI4DMAI00OI/CAXI4DMAllOl_1_sqmuxa_1:D (r)
               +     0.051          cell: ADLIB:CFG4
  10.045                       CoreDMA_IO_CTRL_0/CoreDMA_Controller_0/CoreDMA_Controller_0/CAXI4DMAI00OI/CAXI4DMAllOl_1_sqmuxa_1:Y (f)
               +     0.354          net: CoreDMA_IO_CTRL_0/CoreDMA_Controller_0/CoreDMA_Controller_0/CAXI4DMAI00OI/CAXI4DMAllOl_1_sqmuxa_1_Z
  10.399                       CoreDMA_IO_CTRL_0/CoreDMA_Controller_0/CoreDMA_Controller_0/CAXI4DMAI00OI/un1_CAXI4DMAllOl_0_sqmuxa_1:B (f)
               +     0.052          cell: ADLIB:CFG4
  10.451                       CoreDMA_IO_CTRL_0/CoreDMA_Controller_0/CoreDMA_Controller_0/CAXI4DMAI00OI/un1_CAXI4DMAllOl_0_sqmuxa_1:Y (f)
               +     0.140          net: CoreDMA_IO_CTRL_0/CoreDMA_Controller_0/CoreDMA_Controller_0/CAXI4DMAI00OI/un1_CAXI4DMAllOl_0_sqmuxa_1_sn
  10.591                       CoreDMA_IO_CTRL_0/CoreDMA_Controller_0/CoreDMA_Controller_0/CAXI4DMAI00OI/CAXI4DMAlO0I_0_sqmuxa_1_RNIUHTT:C (f)
               +     0.050          cell: ADLIB:CFG4
  10.641                       CoreDMA_IO_CTRL_0/CoreDMA_Controller_0/CoreDMA_Controller_0/CAXI4DMAI00OI/CAXI4DMAlO0I_0_sqmuxa_1_RNIUHTT:Y (r)
               +     0.057          net: CoreDMA_IO_CTRL_0/CoreDMA_Controller_0/CoreDMA_Controller_0/CAXI4DMAI00OI/CAXI4DMAlO0I_0_sqmuxa_1_RNIUHTT_Z
  10.698                       CoreDMA_IO_CTRL_0/CoreDMA_Controller_0/CoreDMA_Controller_0/CAXI4DMAI00OI/CAXI4DMAIlOl_RNI0KQJ1[2]:C (r)
               +     0.090          cell: ADLIB:CFG4
  10.788                       CoreDMA_IO_CTRL_0/CoreDMA_Controller_0/CoreDMA_Controller_0/CAXI4DMAI00OI/CAXI4DMAIlOl_RNI0KQJ1[2]:Y (r)
               +     0.270          net: CoreDMA_IO_CTRL_0/CoreDMA_Controller_0/CoreDMA_Controller_0/CAXI4DMAI00OI/CAXI4DMAllOl_0_axb_2
  11.058                       CoreDMA_IO_CTRL_0/CoreDMA_Controller_0/CoreDMA_Controller_0/CAXI4DMAI00OI/CAXI4DMAIlOl_RNIC7P55[1]:C (r)
               +     0.156          cell: ADLIB:ARI1_CC
  11.214                       CoreDMA_IO_CTRL_0/CoreDMA_Controller_0/CoreDMA_Controller_0/CAXI4DMAI00OI/CAXI4DMAIlOl_RNIC7P55[1]:P (r)
               +     0.015          net: NET_CC_CONFIG6000
  11.229                       CoreDMA_IO_CTRL_0/CoreDMA_Controller_0/CoreDMA_Controller_0/CAXI4DMAI00OI/un1_CAXI4DMAOIOl_1_RNI1Q4V[0]_CC_0:P[2] (r)
               +     0.302          cell: ADLIB:CC_CONFIG
  11.531                       CoreDMA_IO_CTRL_0/CoreDMA_Controller_0/CoreDMA_Controller_0/CAXI4DMAI00OI/un1_CAXI4DMAOIOl_1_RNI1Q4V[0]_CC_0:CC[6] (r)
               +     0.000          net: NET_CC_CONFIG6019
  11.531                       CoreDMA_IO_CTRL_0/CoreDMA_Controller_0/CoreDMA_Controller_0/CAXI4DMAI00OI/un7_CAXI4DMAllOl_1_ac0_1_RNI0ESU7:CC (r)
               +     0.062          cell: ADLIB:ARI1_CC
  11.593                       CoreDMA_IO_CTRL_0/CoreDMA_Controller_0/CoreDMA_Controller_0/CAXI4DMAI00OI/un7_CAXI4DMAllOl_1_ac0_1_RNI0ESU7:S (r)
               +     0.497          net: CoreDMA_IO_CTRL_0/CoreDMA_Controller_0/CoreDMA_Controller_0/CAXI4DMAI00OI/N_1489
  12.090                       CoreDMA_IO_CTRL_0/CoreDMA_Controller_0/CoreDMA_Controller_0/CAXI4DMAI00OI/CAXI4DMAllOl[6]:A (r)
               +     0.078          cell: ADLIB:CFG2
  12.168                       CoreDMA_IO_CTRL_0/CoreDMA_Controller_0/CoreDMA_Controller_0/CAXI4DMAI00OI/CAXI4DMAllOl[6]:Y (r)
               +     0.028          net: CoreDMA_IO_CTRL_0/CoreDMA_Controller_0/CoreDMA_Controller_0/CAXI4DMAI00OI/CAXI4DMAllOl_Z[6]
  12.196                       CoreDMA_IO_CTRL_0/CoreDMA_Controller_0/CoreDMA_Controller_0/CAXI4DMAI00OI/CAXI4DMAIlOl[6]:D (r)
                                    
  12.196                       data arrival time
  ________________________________________________________
  Data required time calculation
  5.000                        PF_DDR4_SS_0/CCC_0/pll_inst_0/OUT1
               +     0.000          Clock source
  5.000                        PF_DDR4_SS_0/CCC_0/pll_inst_0:OUT1 (r)
               +     4.942          Clock generation
  9.942                        
               +     0.191          net: PF_DDR4_SS_0/CCC_0/pll_inst_0_clkint_4
  10.133                       PF_DDR4_SS_0/CCC_0/clkint_4_1:A (r)
               +     0.122          cell: ADLIB:ICB_CLKINT
  10.255                       PF_DDR4_SS_0/CCC_0/clkint_4_1:Y (r)
               +     0.453          net: PF_DDR4_SS_0/CCC_0/clkint_4_NET
  10.708                       PF_DDR4_SS_0/CCC_0/clkint_4/U0_GB0:A (r)
               +     0.160          cell: ADLIB:GB
  10.868                       PF_DDR4_SS_0/CCC_0/clkint_4/U0_GB0:Y (r)
               +     0.315          net: PF_DDR4_SS_0/CCC_0/clkint_4/U0_gbs_1
  11.183                       PF_DDR4_SS_0/CCC_0/clkint_4/U0_RGB1_RGB14:A (r)
               +     0.049          cell: ADLIB:RGB
  11.232                       PF_DDR4_SS_0/CCC_0/clkint_4/U0_RGB1_RGB14:Y (f)
               +     0.469          net: PF_DDR4_SS_0/CCC_0/clkint_4/U0_RGB1_RGB14_rgb_net_1
  11.701                       CoreDMA_IO_CTRL_0/CoreDMA_Controller_0/CoreDMA_Controller_0/CAXI4DMAI00OI/CAXI4DMAIlOl[6]:CLK (r)
               +     1.143          
  12.844                       clock reconvergence pessimism
               -     0.000          Library setup time: ADLIB:SLE
  12.844                       CoreDMA_IO_CTRL_0/CoreDMA_Controller_0/CoreDMA_Controller_0/CAXI4DMAI00OI/CAXI4DMAIlOl[6]:D
                                    
  12.844                       data required time


Operating Conditions : slow_lv_ht

END SET Register to Register

----------------------------------------------------

SET External Setup

Path 1
  From: dip_switch_o[1]
  To:   CoreDMA_IO_CTRL_0/axi_io_ctrl_0/rdata_o[1]:D
  Delay (ns):              3.923
  Arrival (ns):            3.923
  Setup (ns):              0.000
  External Setup (ns):    -0.446
  Operating Conditions: fast_hv_lt

Path 2
  From: dip_switch_o[2]
  To:   CoreDMA_IO_CTRL_0/axi_io_ctrl_0/rdata_o[2]:D
  Delay (ns):              3.886
  Arrival (ns):            3.886
  Setup (ns):              0.000
  External Setup (ns):    -0.481
  Operating Conditions: fast_hv_lt

Path 3
  From: dip_switch_o[3]
  To:   CoreDMA_IO_CTRL_0/axi_io_ctrl_0/rdata_o[3]:D
  Delay (ns):              3.867
  Arrival (ns):            3.867
  Setup (ns):              0.000
  External Setup (ns):    -0.500
  Operating Conditions: fast_hv_lt

Path 4
  From: dip_switch_o[0]
  To:   CoreDMA_IO_CTRL_0/axi_io_ctrl_0/rdata_o[0]:D
  Delay (ns):              3.820
  Arrival (ns):            3.820
  Setup (ns):              0.000
  External Setup (ns):    -0.547
  Operating Conditions: fast_hv_lt

Path 5
  From: RX
  To:   CoreDMA_IO_CTRL_0/UART_SD_0/CORE_UART_0/Core_UART_0/make_RX/samples[2]:D
  Delay (ns):              3.299
  Arrival (ns):            3.299
  Setup (ns):              0.000
  External Setup (ns):    -1.072
  Operating Conditions: fast_hv_lt


Expanded Path 1
  From: dip_switch_o[1]
  To: CoreDMA_IO_CTRL_0/axi_io_ctrl_0/rdata_o[1]:D
  data required time                                    N/C
  data arrival time                          -        3.923
  slack                                                 N/C
  ________________________________________________________
  Data arrival time calculation
  0.000                        dip_switch_o[1] (f)
               +     0.000          net: dip_switch_o[1]
  0.000                        dip_switch_o_ibuf[1]/U_IOPAD:PAD (f)
               +     0.987          cell: ADLIB:IOPAD_IN
  0.987                        dip_switch_o_ibuf[1]/U_IOPAD:Y (f)
               +     0.000          net: dip_switch_o_ibuf[1]/YIN
  0.987                        dip_switch_o_ibuf[1]/U_IOIN:YIN (f)
               +     0.137          cell: ADLIB:IOIN_IB_E
  1.124                        dip_switch_o_ibuf[1]/U_IOIN:Y (f)
               +     2.345          net: dip_switch_o_c[1]
  3.469                        CoreDMA_IO_CTRL_0/axi_io_ctrl_0/rdata_o_7_0_iv_0_0[1]:C (f)
               +     0.107          cell: ADLIB:CFG4
  3.576                        CoreDMA_IO_CTRL_0/axi_io_ctrl_0/rdata_o_7_0_iv_0_0[1]:Y (f)
               +     0.222          net: CoreDMA_IO_CTRL_0/axi_io_ctrl_0/rdata_o_7_0_iv_0_0_Z[1]
  3.798                        CoreDMA_IO_CTRL_0/axi_io_ctrl_0/rdata_o_7_0_iv_0[1]:A (f)
               +     0.107          cell: ADLIB:CFG4
  3.905                        CoreDMA_IO_CTRL_0/axi_io_ctrl_0/rdata_o_7_0_iv_0[1]:Y (f)
               +     0.018          net: CoreDMA_IO_CTRL_0/axi_io_ctrl_0/rdata_o_7[1]
  3.923                        CoreDMA_IO_CTRL_0/axi_io_ctrl_0/rdata_o[1]:D (f)
                                    
  3.923                        data arrival time
  ________________________________________________________
  Data required time calculation
  N/C                          PF_DDR4_SS_0/CCC_0/pll_inst_0/OUT1
               +     0.000          Clock source
  N/C                          PF_DDR4_SS_0/CCC_0/pll_inst_0:OUT1 (r)
               +     3.175          Clock generation
  N/C                          
               +     0.121          net: PF_DDR4_SS_0/CCC_0/pll_inst_0_clkint_4
  N/C                          PF_DDR4_SS_0/CCC_0/clkint_4_1:A (r)
               +     0.083          cell: ADLIB:ICB_CLKINT
  N/C                          PF_DDR4_SS_0/CCC_0/clkint_4_1:Y (r)
               +     0.318          net: PF_DDR4_SS_0/CCC_0/clkint_4_NET
  N/C                          PF_DDR4_SS_0/CCC_0/clkint_4/U0_GB0:A (r)
               +     0.120          cell: ADLIB:GB
  N/C                          PF_DDR4_SS_0/CCC_0/clkint_4/U0_GB0:Y (r)
               +     0.229          net: PF_DDR4_SS_0/CCC_0/clkint_4/U0_gbs_1
  N/C                          PF_DDR4_SS_0/CCC_0/clkint_4/U0_RGB1_RGB10:A (r)
               +     0.036          cell: ADLIB:RGB
  N/C                          PF_DDR4_SS_0/CCC_0/clkint_4/U0_RGB1_RGB10:Y (f)
               +     0.287          net: PF_DDR4_SS_0/CCC_0/clkint_4/U0_RGB1_RGB10_rgb_net_1
  N/C                          CoreDMA_IO_CTRL_0/axi_io_ctrl_0/rdata_o[1]:CLK (r)
               -     0.000          Library setup time: ADLIB:SLE
  N/C                          CoreDMA_IO_CTRL_0/axi_io_ctrl_0/rdata_o[1]:D


Operating Conditions : fast_hv_lt

END SET External Setup

----------------------------------------------------

SET Clock to Output

Path 1
  From: CoreDMA_IO_CTRL_0/UART_SD_0/CORE_UART_0/Core_UART_0/make_TX/tx:CLK
  To:   TX
  Delay (ns):              7.239
  Arrival (ns):           15.112
  Clock to Out (ns):      15.112
  Operating Conditions: slow_lv_ht


Expanded Path 1
  From: CoreDMA_IO_CTRL_0/UART_SD_0/CORE_UART_0/Core_UART_0/make_TX/tx:CLK
  To: TX
  data required time                                    N/C
  data arrival time                          -       15.112
  slack                                                 N/C
  ________________________________________________________
  Data arrival time calculation
  0.000                        PF_DDR4_SS_0/CCC_0/pll_inst_0/OUT1
               +     0.000          Clock source
  0.000                        PF_DDR4_SS_0/CCC_0/pll_inst_0:OUT1 (r)
               +     5.885          Clock generation
  5.885                        
               +     0.209          net: PF_DDR4_SS_0/CCC_0/pll_inst_0_clkint_4
  6.094                        PF_DDR4_SS_0/CCC_0/clkint_4_1:A (r)
               +     0.141          cell: ADLIB:ICB_CLKINT
  6.235                        PF_DDR4_SS_0/CCC_0/clkint_4_1:Y (r)
               +     0.497          net: PF_DDR4_SS_0/CCC_0/clkint_4_NET
  6.732                        PF_DDR4_SS_0/CCC_0/clkint_4/U0_GB0:A (r)
               +     0.176          cell: ADLIB:GB
  6.908                        PF_DDR4_SS_0/CCC_0/clkint_4/U0_GB0:Y (r)
               +     0.360          net: PF_DDR4_SS_0/CCC_0/clkint_4/U0_gbs_1
  7.268                        PF_DDR4_SS_0/CCC_0/clkint_4/U0_RGB1_RGB10:A (r)
               +     0.058          cell: ADLIB:RGB
  7.326                        PF_DDR4_SS_0/CCC_0/clkint_4/U0_RGB1_RGB10:Y (f)
               +     0.547          net: PF_DDR4_SS_0/CCC_0/clkint_4/U0_RGB1_RGB10_rgb_net_1
  7.873                        CoreDMA_IO_CTRL_0/UART_SD_0/CORE_UART_0/Core_UART_0/make_TX/tx:CLK (r)
               +     0.194          cell: ADLIB:SLE
  8.067                        CoreDMA_IO_CTRL_0/UART_SD_0/CORE_UART_0/Core_UART_0/make_TX/tx:Q (f)
               +     2.960          net: TX_c
  11.027                       TX_obuf/U_IOTRI:D (f)
               +     0.969          cell: ADLIB:IOTRI_OB_EB
  11.996                       TX_obuf/U_IOTRI:DOUT (f)
               +     0.000          net: TX_obuf/DOUT
  11.996                       TX_obuf/U_IOPAD:D (f)
               +     3.116          cell: ADLIB:IOPAD_TRI
  15.112                       TX_obuf/U_IOPAD:PAD (f)
               +     0.000          net: TX
  15.112                       TX (f)
                                    
  15.112                       data arrival time
  ________________________________________________________
  Data required time calculation
  N/C                          PF_DDR4_SS_0/CCC_0/pll_inst_0/OUT1
               +     0.000          Clock source
  N/C                          PF_DDR4_SS_0/CCC_0/pll_inst_0:OUT1 (r)
               +     4.942          Clock generation
  N/C                          
                                    
  N/C                          TX (f)


Operating Conditions : slow_lv_ht

END SET Clock to Output

----------------------------------------------------

SET Register to Asynchronous

Path 1
  From: PF_RESET_0/PF_RESET_0/dff_15_rep:CLK
  To:   PCIe_EP_0/sw_debounce_0/switch_debounce[2].deb/q_reg[9]:ALn
  Delay (ns):              2.863
  Slack (ns):              1.811
  Arrival (ns):           10.740
  Required (ns):          12.551
  Recovery (ns):           0.196
  Minimum Period (ns):     3.189
  Skew (ns):               0.130
  Operating Conditions: slow_lv_ht

Path 2
  From: PF_RESET_0/PF_RESET_0/dff_15_rep:CLK
  To:   PCIe_EP_0/sw_debounce_0/switch_debounce[2].deb/q_reg[10]:ALn
  Delay (ns):              2.863
  Slack (ns):              1.811
  Arrival (ns):           10.740
  Required (ns):          12.551
  Recovery (ns):           0.196
  Minimum Period (ns):     3.189
  Skew (ns):               0.130
  Operating Conditions: slow_lv_ht

Path 3
  From: PF_RESET_0/PF_RESET_0/dff_15_rep:CLK
  To:   PCIe_EP_0/sw_debounce_0/switch_debounce[2].deb/q_reg[1]:ALn
  Delay (ns):              2.862
  Slack (ns):              1.812
  Arrival (ns):           10.739
  Required (ns):          12.551
  Recovery (ns):           0.196
  Minimum Period (ns):     3.188
  Skew (ns):               0.130
  Operating Conditions: slow_lv_ht

Path 4
  From: PF_RESET_0/PF_RESET_0/dff_15_rep:CLK
  To:   PCIe_EP_0/sw_debounce_0/switch_debounce[2].deb/q_reg[0]:ALn
  Delay (ns):              2.862
  Slack (ns):              1.812
  Arrival (ns):           10.739
  Required (ns):          12.551
  Recovery (ns):           0.196
  Minimum Period (ns):     3.188
  Skew (ns):               0.130
  Operating Conditions: slow_lv_ht

Path 5
  From: PF_RESET_0/PF_RESET_0/dff_15_rep:CLK
  To:   PCIe_EP_0/sw_debounce_0/switch_debounce[2].deb/DFF1:ALn
  Delay (ns):              2.862
  Slack (ns):              1.812
  Arrival (ns):           10.739
  Required (ns):          12.551
  Recovery (ns):           0.196
  Minimum Period (ns):     3.188
  Skew (ns):               0.130
  Operating Conditions: slow_lv_ht


Expanded Path 1
  From: PF_RESET_0/PF_RESET_0/dff_15_rep:CLK
  To: PCIe_EP_0/sw_debounce_0/switch_debounce[2].deb/q_reg[9]:ALn
  data required time                                 12.551
  data arrival time                          -       10.740
  slack                                               1.811
  ________________________________________________________
  Data arrival time calculation
  0.000                        PF_DDR4_SS_0/CCC_0/pll_inst_0/OUT1
               +     0.000          Clock source
  0.000                        PF_DDR4_SS_0/CCC_0/pll_inst_0:OUT1 (r)
               +     5.885          Clock generation
  5.885                        
               +     0.209          net: PF_DDR4_SS_0/CCC_0/pll_inst_0_clkint_4
  6.094                        PF_DDR4_SS_0/CCC_0/clkint_4_1:A (r)
               +     0.141          cell: ADLIB:ICB_CLKINT
  6.235                        PF_DDR4_SS_0/CCC_0/clkint_4_1:Y (r)
               +     0.497          net: PF_DDR4_SS_0/CCC_0/clkint_4_NET
  6.732                        PF_DDR4_SS_0/CCC_0/clkint_4/U0_GB0:A (r)
               +     0.176          cell: ADLIB:GB
  6.908                        PF_DDR4_SS_0/CCC_0/clkint_4/U0_GB0:Y (r)
               +     0.360          net: PF_DDR4_SS_0/CCC_0/clkint_4/U0_gbs_1
  7.268                        PF_DDR4_SS_0/CCC_0/clkint_4/U0_RGB1_RGB10:A (r)
               +     0.058          cell: ADLIB:RGB
  7.326                        PF_DDR4_SS_0/CCC_0/clkint_4/U0_RGB1_RGB10:Y (f)
               +     0.551          net: PF_DDR4_SS_0/CCC_0/clkint_4/U0_RGB1_RGB10_rgb_net_1
  7.877                        PF_RESET_0/PF_RESET_0/dff_15_rep:CLK (r)
               +     0.201          cell: ADLIB:SLE
  8.078                        PF_RESET_0/PF_RESET_0/dff_15_rep:Q (r)
               +     1.550          net: PF_RESET_0/PF_RESET_0/dff_15_rep_Z
  9.628                        PF_RESET_0/PF_RESET_0/dff_15_rep_RNI5GV3:A (r)
               +     0.126          cell: ADLIB:GB
  9.754                        PF_RESET_0/PF_RESET_0/dff_15_rep_RNI5GV3:Y (r)
               +     0.363          net: PF_RESET_0/PF_RESET_0/dff_15_rep_RNI5GV3/U0_Y
  10.117                       PF_RESET_0/PF_RESET_0/dff_15_rep_RNI5GV3/U0_RGB1:A (r)
               +     0.058          cell: ADLIB:RGB
  10.175                       PF_RESET_0/PF_RESET_0/dff_15_rep_RNI5GV3/U0_RGB1:Y (f)
               +     0.565          net: dff_arst
  10.740                       PCIe_EP_0/sw_debounce_0/switch_debounce[2].deb/q_reg[9]:ALn (r)
                                    
  10.740                       data arrival time
  ________________________________________________________
  Data required time calculation
  5.000                        PF_DDR4_SS_0/CCC_0/pll_inst_0/OUT1
               +     0.000          Clock source
  5.000                        PF_DDR4_SS_0/CCC_0/pll_inst_0:OUT1 (r)
               +     4.942          Clock generation
  9.942                        
               +     0.191          net: PF_DDR4_SS_0/CCC_0/pll_inst_0_clkint_4
  10.133                       PF_DDR4_SS_0/CCC_0/clkint_4_1:A (r)
               +     0.122          cell: ADLIB:ICB_CLKINT
  10.255                       PF_DDR4_SS_0/CCC_0/clkint_4_1:Y (r)
               +     0.453          net: PF_DDR4_SS_0/CCC_0/clkint_4_NET
  10.708                       PF_DDR4_SS_0/CCC_0/clkint_4:A (r)
               +     0.159          cell: ADLIB:GB
  10.867                       PF_DDR4_SS_0/CCC_0/clkint_4:Y (r)
               +     0.324          net: PF_DDR4_SS_0/CCC_0/clkint_4/U0_Y
  11.191                       PF_DDR4_SS_0/CCC_0/clkint_4/U0_RGB1:A (r)
               +     0.049          cell: ADLIB:RGB
  11.240                       PF_DDR4_SS_0/CCC_0/clkint_4/U0_RGB1:Y (f)
               +     0.483          net: PF_DDR4_SS_0_SYS_CLK
  11.723                       PCIe_EP_0/sw_debounce_0/switch_debounce[2].deb/q_reg[9]:CLK (r)
               +     1.024          
  12.747                       clock reconvergence pessimism
               -     0.196          Library recovery time: ADLIB:SLE
  12.551                       PCIe_EP_0/sw_debounce_0/switch_debounce[2].deb/q_reg[9]:ALn
                                    
  12.551                       data required time


Operating Conditions : slow_lv_ht

END SET Register to Asynchronous

----------------------------------------------------

SET External Recovery

Path 1
  From: USER_RESETN
  To:   PF_DDR4_SS_0/DDRPHY_BLK_0/IOD_TRAINING_0/COREDDR_TIP_INT_U/u_register_bank/pipelined_generate_block.IOG_DM_TXDATA_OUT[7]:ALn
  Delay (ns):             10.105
  Arrival (ns):           10.105
  Recovery (ns):           0.209
  External Recovery (ns):   3.568
  Operating Conditions: slow_lv_ht

Path 2
  From: USER_RESETN
  To:   PF_DDR4_SS_0/DDRPHY_BLK_0/IOD_TRAINING_0/COREDDR_TIP_INT_U/u_register_bank/pipelined_generate_block.IOG_DM_TXDATA_OUT[3]:ALn
  Delay (ns):             10.105
  Arrival (ns):           10.105
  Recovery (ns):           0.209
  External Recovery (ns):   3.568
  Operating Conditions: slow_lv_ht

Path 3
  From: USER_RESETN
  To:   PF_DDR4_SS_0/DDRPHY_BLK_0/IOD_TRAINING_0/COREDDR_TIP_INT_U/u_register_bank/pipelined_generate_block.IOG_DM_TXDATA_OUT[1]:ALn
  Delay (ns):             10.104
  Arrival (ns):           10.104
  Recovery (ns):           0.209
  External Recovery (ns):   3.567
  Operating Conditions: slow_lv_ht

Path 4
  From: USER_RESETN
  To:   PF_DDR4_SS_0/DDRPHY_BLK_0/IOD_TRAINING_0/COREDDR_TIP_INT_U/u_register_bank/pipelined_generate_block.IOG_DM_TXDATA_OUT[5]:ALn
  Delay (ns):             10.103
  Arrival (ns):           10.103
  Recovery (ns):           0.209
  External Recovery (ns):   3.566
  Operating Conditions: slow_lv_ht

Path 5
  From: USER_RESETN
  To:   PF_DDR4_SS_0/DDRPHY_BLK_0/IOD_TRAINING_0/COREDDR_TIP_INT_U/u_register_bank/pipelined_generate_block.IOG_DQ_TXDATA_OUT[106]:ALn
  Delay (ns):              9.842
  Arrival (ns):            9.842
  Recovery (ns):           0.196
  External Recovery (ns):   3.275
  Operating Conditions: slow_lv_ht


Expanded Path 1
  From: USER_RESETN
  To: PF_DDR4_SS_0/DDRPHY_BLK_0/IOD_TRAINING_0/COREDDR_TIP_INT_U/u_register_bank/pipelined_generate_block.IOG_DM_TXDATA_OUT[7]:ALn
  data required time                                    N/C
  data arrival time                          -       10.105
  slack                                                 N/C
  ________________________________________________________
  Data arrival time calculation
  0.000                        USER_RESETN (r)
               +     0.000          net: USER_RESETN
  0.000                        USER_RESETN_ibuf/U_IOPAD:PAD (r)
               +     1.322          cell: ADLIB:IOPAD_IN
  1.322                        USER_RESETN_ibuf/U_IOPAD:Y (r)
               +     0.000          net: USER_RESETN_ibuf/YIN
  1.322                        USER_RESETN_ibuf/U_IOIN:YIN (r)
               +     0.346          cell: ADLIB:IOIN_IB_E
  1.668                        USER_RESETN_ibuf/U_IOIN:Y (r)
               +     5.041          net: USER_RESETN_c
  6.709                        AND3_0:C (r)
               +     0.053          cell: ADLIB:CFG3
  6.762                        AND3_0:Y (r)
               +     3.343          net: AND3_0_Y
  10.105                       PF_DDR4_SS_0/DDRPHY_BLK_0/IOD_TRAINING_0/COREDDR_TIP_INT_U/u_register_bank/pipelined_generate_block.IOG_DM_TXDATA_OUT[7]:ALn (r)
                                    
  10.105                       data arrival time
  ________________________________________________________
  Data required time calculation
  N/C                          PF_DDR4_SS_0/CCC_0/pll_inst_0/OUT1
               +     0.000          Clock source
  N/C                          PF_DDR4_SS_0/CCC_0/pll_inst_0:OUT1 (r)
               +     4.942          Clock generation
  N/C                          
               +     0.191          net: PF_DDR4_SS_0/CCC_0/pll_inst_0_clkint_4
  N/C                          PF_DDR4_SS_0/CCC_0/clkint_4_1:A (r)
               +     0.122          cell: ADLIB:ICB_CLKINT
  N/C                          PF_DDR4_SS_0/CCC_0/clkint_4_1:Y (r)
               +     0.453          net: PF_DDR4_SS_0/CCC_0/clkint_4_NET
  N/C                          PF_DDR4_SS_0/CCC_0/clkint_4/U0_GB0:A (r)
               +     0.160          cell: ADLIB:GB
  N/C                          PF_DDR4_SS_0/CCC_0/clkint_4/U0_GB0:Y (r)
               +     0.329          net: PF_DDR4_SS_0/CCC_0/clkint_4/U0_gbs_1
  N/C                          PF_DDR4_SS_0/CCC_0/clkint_4/U0_RGB1_RGB4:A (r)
               +     0.049          cell: ADLIB:RGB
  N/C                          PF_DDR4_SS_0/CCC_0/clkint_4/U0_RGB1_RGB4:Y (f)
               +     0.500          net: PF_DDR4_SS_0/CCC_0/clkint_4/U0_RGB1_RGB4_rgb_net_1
  N/C                          PF_DDR4_SS_0/DDRPHY_BLK_0/IOD_TRAINING_0/COREDDR_TIP_INT_U/u_register_bank/pipelined_generate_block.IOG_DM_TXDATA_OUT[7]:CLK (r)
               -     0.209          Library recovery time: ADLIB:SLE
  N/C                          PF_DDR4_SS_0/DDRPHY_BLK_0/IOD_TRAINING_0/COREDDR_TIP_INT_U/u_register_bank/pipelined_generate_block.IOG_DM_TXDATA_OUT[7]:ALn


Operating Conditions : slow_lv_ht

END SET External Recovery

----------------------------------------------------

SET Asynchronous to Register

No Path 

END SET Asynchronous to Register

----------------------------------------------------

SET PCIe_EP_0/PCIe_TL_CLK_0/CLK_DIV2_0/CLK_DIV2_0/I_CD/Y_DIV to PF_DDR4_SS_0/CCC_0/pll_inst_0/OUT1

No Path 

END SET PCIe_EP_0/PCIe_TL_CLK_0/CLK_DIV2_0/CLK_DIV2_0/I_CD/Y_DIV to PF_DDR4_SS_0/CCC_0/pll_inst_0/OUT1

----------------------------------------------------

SET PCIe_EP_0/PCIe_TX_PLL_0/PCIe_TX_PLL_0/txpll_isnt_0/DIV_CLK to PF_DDR4_SS_0/CCC_0/pll_inst_0/OUT1

No Path 

END SET PCIe_EP_0/PCIe_TX_PLL_0/PCIe_TX_PLL_0/txpll_isnt_0/DIV_CLK to PF_DDR4_SS_0/CCC_0/pll_inst_0/OUT1

----------------------------------------------------

SET PF_DDR4_SS_0/DDRPHY_BLK_0/IOD_TRAINING_0/COREDDR_TIP_INT_U/DQSW270_DELAY_LINE_MOVE[0]:Q to PF_DDR4_SS_0/CCC_0/pll_inst_0/OUT1

No Path 

END SET PF_DDR4_SS_0/DDRPHY_BLK_0/IOD_TRAINING_0/COREDDR_TIP_INT_U/DQSW270_DELAY_LINE_MOVE[0]:Q to PF_DDR4_SS_0/CCC_0/pll_inst_0/OUT1

----------------------------------------------------

SET PF_DDR4_SS_0/DDRPHY_BLK_0/IOD_TRAINING_0/COREDDR_TIP_INT_U/DQSW270_DELAY_LINE_MOVE[1]:Q to PF_DDR4_SS_0/CCC_0/pll_inst_0/OUT1

No Path 

END SET PF_DDR4_SS_0/DDRPHY_BLK_0/IOD_TRAINING_0/COREDDR_TIP_INT_U/DQSW270_DELAY_LINE_MOVE[1]:Q to PF_DDR4_SS_0/CCC_0/pll_inst_0/OUT1

----------------------------------------------------

SET PF_DDR4_SS_0/DDRPHY_BLK_0/IOD_TRAINING_0/COREDDR_TIP_INT_U/MOVE[0]:Q to PF_DDR4_SS_0/CCC_0/pll_inst_0/OUT1

No Path 

END SET PF_DDR4_SS_0/DDRPHY_BLK_0/IOD_TRAINING_0/COREDDR_TIP_INT_U/MOVE[0]:Q to PF_DDR4_SS_0/CCC_0/pll_inst_0/OUT1

----------------------------------------------------

SET PF_DDR4_SS_0/DDRPHY_BLK_0/IOD_TRAINING_0/COREDDR_TIP_INT_U/MOVE[10]:Q to PF_DDR4_SS_0/CCC_0/pll_inst_0/OUT1

No Path 

END SET PF_DDR4_SS_0/DDRPHY_BLK_0/IOD_TRAINING_0/COREDDR_TIP_INT_U/MOVE[10]:Q to PF_DDR4_SS_0/CCC_0/pll_inst_0/OUT1

----------------------------------------------------

SET PF_DDR4_SS_0/DDRPHY_BLK_0/IOD_TRAINING_0/COREDDR_TIP_INT_U/MOVE[11]:Q to PF_DDR4_SS_0/CCC_0/pll_inst_0/OUT1

No Path 

END SET PF_DDR4_SS_0/DDRPHY_BLK_0/IOD_TRAINING_0/COREDDR_TIP_INT_U/MOVE[11]:Q to PF_DDR4_SS_0/CCC_0/pll_inst_0/OUT1

----------------------------------------------------

SET PF_DDR4_SS_0/DDRPHY_BLK_0/IOD_TRAINING_0/COREDDR_TIP_INT_U/MOVE[12]:Q to PF_DDR4_SS_0/CCC_0/pll_inst_0/OUT1

No Path 

END SET PF_DDR4_SS_0/DDRPHY_BLK_0/IOD_TRAINING_0/COREDDR_TIP_INT_U/MOVE[12]:Q to PF_DDR4_SS_0/CCC_0/pll_inst_0/OUT1

----------------------------------------------------

SET PF_DDR4_SS_0/DDRPHY_BLK_0/IOD_TRAINING_0/COREDDR_TIP_INT_U/MOVE[13]:Q to PF_DDR4_SS_0/CCC_0/pll_inst_0/OUT1

No Path 

END SET PF_DDR4_SS_0/DDRPHY_BLK_0/IOD_TRAINING_0/COREDDR_TIP_INT_U/MOVE[13]:Q to PF_DDR4_SS_0/CCC_0/pll_inst_0/OUT1

----------------------------------------------------

SET PF_DDR4_SS_0/DDRPHY_BLK_0/IOD_TRAINING_0/COREDDR_TIP_INT_U/MOVE[14]:Q to PF_DDR4_SS_0/CCC_0/pll_inst_0/OUT1

No Path 

END SET PF_DDR4_SS_0/DDRPHY_BLK_0/IOD_TRAINING_0/COREDDR_TIP_INT_U/MOVE[14]:Q to PF_DDR4_SS_0/CCC_0/pll_inst_0/OUT1

----------------------------------------------------

SET PF_DDR4_SS_0/DDRPHY_BLK_0/IOD_TRAINING_0/COREDDR_TIP_INT_U/MOVE[15]:Q to PF_DDR4_SS_0/CCC_0/pll_inst_0/OUT1

No Path 

END SET PF_DDR4_SS_0/DDRPHY_BLK_0/IOD_TRAINING_0/COREDDR_TIP_INT_U/MOVE[15]:Q to PF_DDR4_SS_0/CCC_0/pll_inst_0/OUT1

----------------------------------------------------

SET PF_DDR4_SS_0/DDRPHY_BLK_0/IOD_TRAINING_0/COREDDR_TIP_INT_U/MOVE[16]:Q to PF_DDR4_SS_0/CCC_0/pll_inst_0/OUT1

No Path 

END SET PF_DDR4_SS_0/DDRPHY_BLK_0/IOD_TRAINING_0/COREDDR_TIP_INT_U/MOVE[16]:Q to PF_DDR4_SS_0/CCC_0/pll_inst_0/OUT1

----------------------------------------------------

SET PF_DDR4_SS_0/DDRPHY_BLK_0/IOD_TRAINING_0/COREDDR_TIP_INT_U/MOVE[17]:Q to PF_DDR4_SS_0/CCC_0/pll_inst_0/OUT1

No Path 

END SET PF_DDR4_SS_0/DDRPHY_BLK_0/IOD_TRAINING_0/COREDDR_TIP_INT_U/MOVE[17]:Q to PF_DDR4_SS_0/CCC_0/pll_inst_0/OUT1

----------------------------------------------------

SET PF_DDR4_SS_0/DDRPHY_BLK_0/IOD_TRAINING_0/COREDDR_TIP_INT_U/MOVE[1]:Q to PF_DDR4_SS_0/CCC_0/pll_inst_0/OUT1

No Path 

END SET PF_DDR4_SS_0/DDRPHY_BLK_0/IOD_TRAINING_0/COREDDR_TIP_INT_U/MOVE[1]:Q to PF_DDR4_SS_0/CCC_0/pll_inst_0/OUT1

----------------------------------------------------

SET PF_DDR4_SS_0/DDRPHY_BLK_0/IOD_TRAINING_0/COREDDR_TIP_INT_U/MOVE[2]:Q to PF_DDR4_SS_0/CCC_0/pll_inst_0/OUT1

No Path 

END SET PF_DDR4_SS_0/DDRPHY_BLK_0/IOD_TRAINING_0/COREDDR_TIP_INT_U/MOVE[2]:Q to PF_DDR4_SS_0/CCC_0/pll_inst_0/OUT1

----------------------------------------------------

SET PF_DDR4_SS_0/DDRPHY_BLK_0/IOD_TRAINING_0/COREDDR_TIP_INT_U/MOVE[3]:Q to PF_DDR4_SS_0/CCC_0/pll_inst_0/OUT1

No Path 

END SET PF_DDR4_SS_0/DDRPHY_BLK_0/IOD_TRAINING_0/COREDDR_TIP_INT_U/MOVE[3]:Q to PF_DDR4_SS_0/CCC_0/pll_inst_0/OUT1

----------------------------------------------------

SET PF_DDR4_SS_0/DDRPHY_BLK_0/IOD_TRAINING_0/COREDDR_TIP_INT_U/MOVE[4]:Q to PF_DDR4_SS_0/CCC_0/pll_inst_0/OUT1

No Path 

END SET PF_DDR4_SS_0/DDRPHY_BLK_0/IOD_TRAINING_0/COREDDR_TIP_INT_U/MOVE[4]:Q to PF_DDR4_SS_0/CCC_0/pll_inst_0/OUT1

----------------------------------------------------

SET PF_DDR4_SS_0/DDRPHY_BLK_0/IOD_TRAINING_0/COREDDR_TIP_INT_U/MOVE[5]:Q to PF_DDR4_SS_0/CCC_0/pll_inst_0/OUT1

No Path 

END SET PF_DDR4_SS_0/DDRPHY_BLK_0/IOD_TRAINING_0/COREDDR_TIP_INT_U/MOVE[5]:Q to PF_DDR4_SS_0/CCC_0/pll_inst_0/OUT1

----------------------------------------------------

SET PF_DDR4_SS_0/DDRPHY_BLK_0/IOD_TRAINING_0/COREDDR_TIP_INT_U/MOVE[6]:Q to PF_DDR4_SS_0/CCC_0/pll_inst_0/OUT1

No Path 

END SET PF_DDR4_SS_0/DDRPHY_BLK_0/IOD_TRAINING_0/COREDDR_TIP_INT_U/MOVE[6]:Q to PF_DDR4_SS_0/CCC_0/pll_inst_0/OUT1

----------------------------------------------------

SET PF_DDR4_SS_0/DDRPHY_BLK_0/IOD_TRAINING_0/COREDDR_TIP_INT_U/MOVE[7]:Q to PF_DDR4_SS_0/CCC_0/pll_inst_0/OUT1

No Path 

END SET PF_DDR4_SS_0/DDRPHY_BLK_0/IOD_TRAINING_0/COREDDR_TIP_INT_U/MOVE[7]:Q to PF_DDR4_SS_0/CCC_0/pll_inst_0/OUT1

----------------------------------------------------

SET PF_DDR4_SS_0/DDRPHY_BLK_0/IOD_TRAINING_0/COREDDR_TIP_INT_U/MOVE[8]:Q to PF_DDR4_SS_0/CCC_0/pll_inst_0/OUT1

No Path 

END SET PF_DDR4_SS_0/DDRPHY_BLK_0/IOD_TRAINING_0/COREDDR_TIP_INT_U/MOVE[8]:Q to PF_DDR4_SS_0/CCC_0/pll_inst_0/OUT1

----------------------------------------------------

SET PF_DDR4_SS_0/DDRPHY_BLK_0/IOD_TRAINING_0/COREDDR_TIP_INT_U/MOVE[9]:Q to PF_DDR4_SS_0/CCC_0/pll_inst_0/OUT1

No Path 

END SET PF_DDR4_SS_0/DDRPHY_BLK_0/IOD_TRAINING_0/COREDDR_TIP_INT_U/MOVE[9]:Q to PF_DDR4_SS_0/CCC_0/pll_inst_0/OUT1

----------------------------------------------------

SET REF_CLK_0 to PF_DDR4_SS_0/CCC_0/pll_inst_0/OUT1

No Path 

END SET REF_CLK_0 to PF_DDR4_SS_0/CCC_0/pll_inst_0/OUT1

----------------------------------------------------

SET PF_DDR4_SS_0/CCC_0/pll_inst_0/OUT0 to PF_DDR4_SS_0/CCC_0/pll_inst_0/OUT1

No Path 

END SET PF_DDR4_SS_0/CCC_0/pll_inst_0/OUT0 to PF_DDR4_SS_0/CCC_0/pll_inst_0/OUT1

----------------------------------------------------

SET PF_DDR4_SS_0/CCC_0/pll_inst_0/OUT2 to PF_DDR4_SS_0/CCC_0/pll_inst_0/OUT1

No Path 

END SET PF_DDR4_SS_0/CCC_0/pll_inst_0/OUT2 to PF_DDR4_SS_0/CCC_0/pll_inst_0/OUT1

----------------------------------------------------

SET PF_DDR4_SS_0/CCC_0/pll_inst_0/OUT3 to PF_DDR4_SS_0/CCC_0/pll_inst_0/OUT1

No Path 

END SET PF_DDR4_SS_0/CCC_0/pll_inst_0/OUT3 to PF_DDR4_SS_0/CCC_0/pll_inst_0/OUT1

----------------------------------------------------

Clock Domain PF_DDR4_SS_0/CCC_0/pll_inst_0/OUT2

Info: The maximum frequency of this clock domain is limited by the period of pin PF_DDR4_SS_0/DDRPHY_BLK_0/LANE_1_IOD_DQ/I_IOD_0:HS_IO_CLK[0]

SET Register to Register

No Path 

END SET Register to Register

----------------------------------------------------

SET External Setup

No Path 

END SET External Setup

----------------------------------------------------

SET Clock to Output

No Path 

END SET Clock to Output

----------------------------------------------------

SET Register to Asynchronous

No Path 

END SET Register to Asynchronous

----------------------------------------------------

SET External Recovery

No Path 

END SET External Recovery

----------------------------------------------------

SET Asynchronous to Register

No Path 

END SET Asynchronous to Register

----------------------------------------------------

SET PF_DDR4_SS_0/CCC_0/pll_inst_0/OUT1 to PF_DDR4_SS_0/CCC_0/pll_inst_0/OUT2

No Path 

END SET PF_DDR4_SS_0/CCC_0/pll_inst_0/OUT1 to PF_DDR4_SS_0/CCC_0/pll_inst_0/OUT2

----------------------------------------------------

SET REF_CLK_0 to PF_DDR4_SS_0/CCC_0/pll_inst_0/OUT2

No Path 

END SET REF_CLK_0 to PF_DDR4_SS_0/CCC_0/pll_inst_0/OUT2

----------------------------------------------------

SET PF_DDR4_SS_0/CCC_0/pll_inst_0/OUT0 to PF_DDR4_SS_0/CCC_0/pll_inst_0/OUT2

No Path 

END SET PF_DDR4_SS_0/CCC_0/pll_inst_0/OUT0 to PF_DDR4_SS_0/CCC_0/pll_inst_0/OUT2

----------------------------------------------------

SET PF_DDR4_SS_0/CCC_0/pll_inst_0/OUT3 to PF_DDR4_SS_0/CCC_0/pll_inst_0/OUT2

No Path 

END SET PF_DDR4_SS_0/CCC_0/pll_inst_0/OUT3 to PF_DDR4_SS_0/CCC_0/pll_inst_0/OUT2

----------------------------------------------------

Clock Domain PF_DDR4_SS_0/CCC_0/pll_inst_0/OUT3

Info: The maximum frequency of this clock domain is limited by the period of pin PF_DDR4_SS_0/DDRPHY_BLK_0/LANE_1_IOD_DQ/I_IOD_0:RX_DQS_90[0]

SET Register to Register

No Path 

END SET Register to Register

----------------------------------------------------

SET External Setup

No Path 

END SET External Setup

----------------------------------------------------

SET Clock to Output

No Path 

END SET Clock to Output

----------------------------------------------------

SET Register to Asynchronous

No Path 

END SET Register to Asynchronous

----------------------------------------------------

SET External Recovery

No Path 

END SET External Recovery

----------------------------------------------------

SET Asynchronous to Register

No Path 

END SET Asynchronous to Register

----------------------------------------------------

SET DQS[0] to PF_DDR4_SS_0/CCC_0/pll_inst_0/OUT3

No Path 

END SET DQS[0] to PF_DDR4_SS_0/CCC_0/pll_inst_0/OUT3

----------------------------------------------------

SET DQS[1] to PF_DDR4_SS_0/CCC_0/pll_inst_0/OUT3

No Path 

END SET DQS[1] to PF_DDR4_SS_0/CCC_0/pll_inst_0/OUT3

----------------------------------------------------

SET PF_DDR4_SS_0/CCC_0/pll_inst_0/OUT1 to PF_DDR4_SS_0/CCC_0/pll_inst_0/OUT3

No Path 

END SET PF_DDR4_SS_0/CCC_0/pll_inst_0/OUT1 to PF_DDR4_SS_0/CCC_0/pll_inst_0/OUT3

----------------------------------------------------

Clock Domain PF_DDR4_SS_0/DDRPHY_BLK_0/IOD_TRAINING_0/COREDDR_TIP_INT_U/DQSW270_DELAY_LINE_MOVE[0]:Q

SET Register to Register

No Path 

END SET Register to Register

----------------------------------------------------

SET External Setup

No Path 

END SET External Setup

----------------------------------------------------

SET Clock to Output

No Path 

END SET Clock to Output

----------------------------------------------------

SET Register to Asynchronous

No Path 

END SET Register to Asynchronous

----------------------------------------------------

SET External Recovery

No Path 

END SET External Recovery

----------------------------------------------------

SET Asynchronous to Register

No Path 

END SET Asynchronous to Register

----------------------------------------------------

Clock Domain PF_DDR4_SS_0/DDRPHY_BLK_0/IOD_TRAINING_0/COREDDR_TIP_INT_U/DQSW270_DELAY_LINE_MOVE[1]:Q

SET Register to Register

No Path 

END SET Register to Register

----------------------------------------------------

SET External Setup

No Path 

END SET External Setup

----------------------------------------------------

SET Clock to Output

No Path 

END SET Clock to Output

----------------------------------------------------

SET Register to Asynchronous

No Path 

END SET Register to Asynchronous

----------------------------------------------------

SET External Recovery

No Path 

END SET External Recovery

----------------------------------------------------

SET Asynchronous to Register

No Path 

END SET Asynchronous to Register

----------------------------------------------------

Clock Domain PF_DDR4_SS_0/DDRPHY_BLK_0/IOD_TRAINING_0/COREDDR_TIP_INT_U/MOVE[0]:Q

SET Register to Register

No Path 

END SET Register to Register

----------------------------------------------------

SET External Setup

No Path 

END SET External Setup

----------------------------------------------------

SET Clock to Output

No Path 

END SET Clock to Output

----------------------------------------------------

SET Register to Asynchronous

No Path 

END SET Register to Asynchronous

----------------------------------------------------

SET External Recovery

No Path 

END SET External Recovery

----------------------------------------------------

SET Asynchronous to Register

No Path 

END SET Asynchronous to Register

----------------------------------------------------

Clock Domain PF_DDR4_SS_0/DDRPHY_BLK_0/IOD_TRAINING_0/COREDDR_TIP_INT_U/MOVE[10]:Q

SET Register to Register

No Path 

END SET Register to Register

----------------------------------------------------

SET External Setup

No Path 

END SET External Setup

----------------------------------------------------

SET Clock to Output

No Path 

END SET Clock to Output

----------------------------------------------------

SET Register to Asynchronous

No Path 

END SET Register to Asynchronous

----------------------------------------------------

SET External Recovery

No Path 

END SET External Recovery

----------------------------------------------------

SET Asynchronous to Register

No Path 

END SET Asynchronous to Register

----------------------------------------------------

Clock Domain PF_DDR4_SS_0/DDRPHY_BLK_0/IOD_TRAINING_0/COREDDR_TIP_INT_U/MOVE[11]:Q

SET Register to Register

No Path 

END SET Register to Register

----------------------------------------------------

SET External Setup

No Path 

END SET External Setup

----------------------------------------------------

SET Clock to Output

No Path 

END SET Clock to Output

----------------------------------------------------

SET Register to Asynchronous

No Path 

END SET Register to Asynchronous

----------------------------------------------------

SET External Recovery

No Path 

END SET External Recovery

----------------------------------------------------

SET Asynchronous to Register

No Path 

END SET Asynchronous to Register

----------------------------------------------------

Clock Domain PF_DDR4_SS_0/DDRPHY_BLK_0/IOD_TRAINING_0/COREDDR_TIP_INT_U/MOVE[12]:Q

SET Register to Register

No Path 

END SET Register to Register

----------------------------------------------------

SET External Setup

No Path 

END SET External Setup

----------------------------------------------------

SET Clock to Output

No Path 

END SET Clock to Output

----------------------------------------------------

SET Register to Asynchronous

No Path 

END SET Register to Asynchronous

----------------------------------------------------

SET External Recovery

No Path 

END SET External Recovery

----------------------------------------------------

SET Asynchronous to Register

No Path 

END SET Asynchronous to Register

----------------------------------------------------

Clock Domain PF_DDR4_SS_0/DDRPHY_BLK_0/IOD_TRAINING_0/COREDDR_TIP_INT_U/MOVE[13]:Q

SET Register to Register

No Path 

END SET Register to Register

----------------------------------------------------

SET External Setup

No Path 

END SET External Setup

----------------------------------------------------

SET Clock to Output

No Path 

END SET Clock to Output

----------------------------------------------------

SET Register to Asynchronous

No Path 

END SET Register to Asynchronous

----------------------------------------------------

SET External Recovery

No Path 

END SET External Recovery

----------------------------------------------------

SET Asynchronous to Register

No Path 

END SET Asynchronous to Register

----------------------------------------------------

Clock Domain PF_DDR4_SS_0/DDRPHY_BLK_0/IOD_TRAINING_0/COREDDR_TIP_INT_U/MOVE[14]:Q

SET Register to Register

No Path 

END SET Register to Register

----------------------------------------------------

SET External Setup

No Path 

END SET External Setup

----------------------------------------------------

SET Clock to Output

No Path 

END SET Clock to Output

----------------------------------------------------

SET Register to Asynchronous

No Path 

END SET Register to Asynchronous

----------------------------------------------------

SET External Recovery

No Path 

END SET External Recovery

----------------------------------------------------

SET Asynchronous to Register

No Path 

END SET Asynchronous to Register

----------------------------------------------------

Clock Domain PF_DDR4_SS_0/DDRPHY_BLK_0/IOD_TRAINING_0/COREDDR_TIP_INT_U/MOVE[15]:Q

SET Register to Register

No Path 

END SET Register to Register

----------------------------------------------------

SET External Setup

No Path 

END SET External Setup

----------------------------------------------------

SET Clock to Output

No Path 

END SET Clock to Output

----------------------------------------------------

SET Register to Asynchronous

No Path 

END SET Register to Asynchronous

----------------------------------------------------

SET External Recovery

No Path 

END SET External Recovery

----------------------------------------------------

SET Asynchronous to Register

No Path 

END SET Asynchronous to Register

----------------------------------------------------

Clock Domain PF_DDR4_SS_0/DDRPHY_BLK_0/IOD_TRAINING_0/COREDDR_TIP_INT_U/MOVE[16]:Q

SET Register to Register

No Path 

END SET Register to Register

----------------------------------------------------

SET External Setup

No Path 

END SET External Setup

----------------------------------------------------

SET Clock to Output

No Path 

END SET Clock to Output

----------------------------------------------------

SET Register to Asynchronous

No Path 

END SET Register to Asynchronous

----------------------------------------------------

SET External Recovery

No Path 

END SET External Recovery

----------------------------------------------------

SET Asynchronous to Register

No Path 

END SET Asynchronous to Register

----------------------------------------------------

Clock Domain PF_DDR4_SS_0/DDRPHY_BLK_0/IOD_TRAINING_0/COREDDR_TIP_INT_U/MOVE[17]:Q

Info: The maximum frequency of this clock domain is limited by the period of pin PF_DDR4_SS_0/DDRPHY_BLK_0/LANE_1_CTRL/I_LANECTRL:DELAY_LINE_MOVE

SET Register to Register

No Path 

END SET Register to Register

----------------------------------------------------

SET External Setup

No Path 

END SET External Setup

----------------------------------------------------

SET Clock to Output

No Path 

END SET Clock to Output

----------------------------------------------------

SET Register to Asynchronous

No Path 

END SET Register to Asynchronous

----------------------------------------------------

SET External Recovery

No Path 

END SET External Recovery

----------------------------------------------------

SET Asynchronous to Register

No Path 

END SET Asynchronous to Register

----------------------------------------------------

Clock Domain PF_DDR4_SS_0/DDRPHY_BLK_0/IOD_TRAINING_0/COREDDR_TIP_INT_U/MOVE[1]:Q

SET Register to Register

No Path 

END SET Register to Register

----------------------------------------------------

SET External Setup

No Path 

END SET External Setup

----------------------------------------------------

SET Clock to Output

No Path 

END SET Clock to Output

----------------------------------------------------

SET Register to Asynchronous

No Path 

END SET Register to Asynchronous

----------------------------------------------------

SET External Recovery

No Path 

END SET External Recovery

----------------------------------------------------

SET Asynchronous to Register

No Path 

END SET Asynchronous to Register

----------------------------------------------------

Clock Domain PF_DDR4_SS_0/DDRPHY_BLK_0/IOD_TRAINING_0/COREDDR_TIP_INT_U/MOVE[2]:Q

SET Register to Register

No Path 

END SET Register to Register

----------------------------------------------------

SET External Setup

No Path 

END SET External Setup

----------------------------------------------------

SET Clock to Output

No Path 

END SET Clock to Output

----------------------------------------------------

SET Register to Asynchronous

No Path 

END SET Register to Asynchronous

----------------------------------------------------

SET External Recovery

No Path 

END SET External Recovery

----------------------------------------------------

SET Asynchronous to Register

No Path 

END SET Asynchronous to Register

----------------------------------------------------

Clock Domain PF_DDR4_SS_0/DDRPHY_BLK_0/IOD_TRAINING_0/COREDDR_TIP_INT_U/MOVE[3]:Q

SET Register to Register

No Path 

END SET Register to Register

----------------------------------------------------

SET External Setup

No Path 

END SET External Setup

----------------------------------------------------

SET Clock to Output

No Path 

END SET Clock to Output

----------------------------------------------------

SET Register to Asynchronous

No Path 

END SET Register to Asynchronous

----------------------------------------------------

SET External Recovery

No Path 

END SET External Recovery

----------------------------------------------------

SET Asynchronous to Register

No Path 

END SET Asynchronous to Register

----------------------------------------------------

Clock Domain PF_DDR4_SS_0/DDRPHY_BLK_0/IOD_TRAINING_0/COREDDR_TIP_INT_U/MOVE[4]:Q

SET Register to Register

No Path 

END SET Register to Register

----------------------------------------------------

SET External Setup

No Path 

END SET External Setup

----------------------------------------------------

SET Clock to Output

No Path 

END SET Clock to Output

----------------------------------------------------

SET Register to Asynchronous

No Path 

END SET Register to Asynchronous

----------------------------------------------------

SET External Recovery

No Path 

END SET External Recovery

----------------------------------------------------

SET Asynchronous to Register

No Path 

END SET Asynchronous to Register

----------------------------------------------------

Clock Domain PF_DDR4_SS_0/DDRPHY_BLK_0/IOD_TRAINING_0/COREDDR_TIP_INT_U/MOVE[5]:Q

SET Register to Register

No Path 

END SET Register to Register

----------------------------------------------------

SET External Setup

No Path 

END SET External Setup

----------------------------------------------------

SET Clock to Output

No Path 

END SET Clock to Output

----------------------------------------------------

SET Register to Asynchronous

No Path 

END SET Register to Asynchronous

----------------------------------------------------

SET External Recovery

No Path 

END SET External Recovery

----------------------------------------------------

SET Asynchronous to Register

No Path 

END SET Asynchronous to Register

----------------------------------------------------

Clock Domain PF_DDR4_SS_0/DDRPHY_BLK_0/IOD_TRAINING_0/COREDDR_TIP_INT_U/MOVE[6]:Q

SET Register to Register

No Path 

END SET Register to Register

----------------------------------------------------

SET External Setup

No Path 

END SET External Setup

----------------------------------------------------

SET Clock to Output

No Path 

END SET Clock to Output

----------------------------------------------------

SET Register to Asynchronous

No Path 

END SET Register to Asynchronous

----------------------------------------------------

SET External Recovery

No Path 

END SET External Recovery

----------------------------------------------------

SET Asynchronous to Register

No Path 

END SET Asynchronous to Register

----------------------------------------------------

Clock Domain PF_DDR4_SS_0/DDRPHY_BLK_0/IOD_TRAINING_0/COREDDR_TIP_INT_U/MOVE[7]:Q

SET Register to Register

No Path 

END SET Register to Register

----------------------------------------------------

SET External Setup

No Path 

END SET External Setup

----------------------------------------------------

SET Clock to Output

No Path 

END SET Clock to Output

----------------------------------------------------

SET Register to Asynchronous

No Path 

END SET Register to Asynchronous

----------------------------------------------------

SET External Recovery

No Path 

END SET External Recovery

----------------------------------------------------

SET Asynchronous to Register

No Path 

END SET Asynchronous to Register

----------------------------------------------------

Clock Domain PF_DDR4_SS_0/DDRPHY_BLK_0/IOD_TRAINING_0/COREDDR_TIP_INT_U/MOVE[8]:Q

Info: The maximum frequency of this clock domain is limited by the period of pin PF_DDR4_SS_0/DDRPHY_BLK_0/LANE_0_CTRL/I_LANECTRL:DELAY_LINE_MOVE

SET Register to Register

No Path 

END SET Register to Register

----------------------------------------------------

SET External Setup

No Path 

END SET External Setup

----------------------------------------------------

SET Clock to Output

No Path 

END SET Clock to Output

----------------------------------------------------

SET Register to Asynchronous

No Path 

END SET Register to Asynchronous

----------------------------------------------------

SET External Recovery

No Path 

END SET External Recovery

----------------------------------------------------

SET Asynchronous to Register

No Path 

END SET Asynchronous to Register

----------------------------------------------------

Clock Domain PF_DDR4_SS_0/DDRPHY_BLK_0/IOD_TRAINING_0/COREDDR_TIP_INT_U/MOVE[9]:Q

SET Register to Register

No Path 

END SET Register to Register

----------------------------------------------------

SET External Setup

No Path 

END SET External Setup

----------------------------------------------------

SET Clock to Output

No Path 

END SET Clock to Output

----------------------------------------------------

SET Register to Asynchronous

No Path 

END SET Register to Asynchronous

----------------------------------------------------

SET External Recovery

No Path 

END SET External Recovery

----------------------------------------------------

SET Asynchronous to Register

No Path 

END SET Asynchronous to Register

----------------------------------------------------

Clock Domain PF_DDR4_SS_0/DDRPHY_BLK_0/IOD_TRAINING_0/COREDDR_TIP_INT_U/VCO_PHSEL_ROTATE[0]:Q

Info: The maximum frequency of this clock domain is limited by the minimum pulse widths of pin PF_DDR4_SS_0/CCC_0/pll_inst_0:PHASE_ROTATE

SET Register to Register

No Path 

END SET Register to Register

----------------------------------------------------

SET External Setup

No Path 

END SET External Setup

----------------------------------------------------

SET Clock to Output

No Path 

END SET Clock to Output

----------------------------------------------------

SET Register to Asynchronous

No Path 

END SET Register to Asynchronous

----------------------------------------------------

SET External Recovery

No Path 

END SET External Recovery

----------------------------------------------------

SET Asynchronous to Register

No Path 

END SET Asynchronous to Register

----------------------------------------------------

SET PF_DDR4_SS_0/CCC_0/pll_inst_0/OUT1 to PF_DDR4_SS_0/DDRPHY_BLK_0/IOD_TRAINING_0/COREDDR_TIP_INT_U/VCO_PHSEL_ROTATE[0]:Q

No Path 

END SET PF_DDR4_SS_0/CCC_0/pll_inst_0/OUT1 to PF_DDR4_SS_0/DDRPHY_BLK_0/IOD_TRAINING_0/COREDDR_TIP_INT_U/VCO_PHSEL_ROTATE[0]:Q

----------------------------------------------------

Clock Domain REF_CLK_0

Info: The maximum frequency of this clock domain is limited by the period of pin PCIe_EP_0/PCIex4_0/pcie_apblink_inst:S_CLK

SET Register to Register

Path 1
  From: AXItoAPB_0/AXItoAHBL_0/AXItoAHBL_0/U_AHBMasterCtrl/HADDRInt[0]:CLK
  To:   AXItoAPB_0/AXItoAHBL_0/AXItoAHBL_0/U_AHBMasterCtrl/validByteCntInt[5]:D
  Delay (ns):              6.947
  Slack (ns):             12.939
  Arrival (ns):            9.593
  Required (ns):          22.532
  Setup (ns):              0.000
  Minimum Period (ns):     7.061
  Operating Conditions: slow_lv_ht

Path 2
  From: AXItoAPB_0/AXItoAHBL_0/AXItoAHBL_0/U_AHBMasterCtrl/HADDRInt[1]:CLK
  To:   AXItoAPB_0/AXItoAHBL_0/AXItoAHBL_0/U_AHBMasterCtrl/validByteCntInt[5]:D
  Delay (ns):              6.866
  Slack (ns):             13.020
  Arrival (ns):            9.512
  Required (ns):          22.532
  Setup (ns):              0.000
  Minimum Period (ns):     6.980
  Operating Conditions: slow_lv_ht

Path 3
  From: AXItoAPB_0/AXItoAHBL_0/AXItoAHBL_0/U_AHBMasterCtrl/HADDRInt[0]:CLK
  To:   AXItoAPB_0/AXItoAHBL_0/AXItoAHBL_0/U_AHBMasterCtrl/validByteCntInt[4]:D
  Delay (ns):              6.848
  Slack (ns):             13.038
  Arrival (ns):            9.494
  Required (ns):          22.532
  Setup (ns):              0.000
  Minimum Period (ns):     6.962
  Operating Conditions: slow_lv_ht

Path 4
  From: AXItoAPB_0/AXItoAHBL_0/AXItoAHBL_0/U_AHBMasterCtrl/HADDRInt[1]:CLK
  To:   AXItoAPB_0/AXItoAHBL_0/AXItoAHBL_0/U_AHBMasterCtrl/validByteCntInt[4]:D
  Delay (ns):              6.767
  Slack (ns):             13.119
  Arrival (ns):            9.413
  Required (ns):          22.532
  Setup (ns):              0.000
  Minimum Period (ns):     6.881
  Operating Conditions: slow_lv_ht

Path 5
  From: AXItoAPB_0/AXItoAHBL_0/AXItoAHBL_0/U_AHBMasterCtrl/HADDRInt[0]:CLK
  To:   AXItoAPB_0/AXItoAHBL_0/AXItoAHBL_0/U_AHBMasterCtrl/validByteCntInt[7]:D
  Delay (ns):              6.749
  Slack (ns):             13.137
  Arrival (ns):            9.395
  Required (ns):          22.532
  Setup (ns):              0.000
  Minimum Period (ns):     6.863
  Operating Conditions: slow_lv_ht


Expanded Path 1
  From: AXItoAPB_0/AXItoAHBL_0/AXItoAHBL_0/U_AHBMasterCtrl/HADDRInt[0]:CLK
  To: AXItoAPB_0/AXItoAHBL_0/AXItoAHBL_0/U_AHBMasterCtrl/validByteCntInt[5]:D
  data required time                                 22.532
  data arrival time                          -        9.593
  slack                                              12.939
  ________________________________________________________
  Data arrival time calculation
  0.000                        REF_CLK_0
               +     0.000          Clock source
  0.000                        REF_CLK_0 (r)
               +     0.000          net: REF_CLK_0
  0.000                        REF_CLK_0_ibuf/U_IOPAD:PAD (r)
               +     0.466          cell: ADLIB:IOPAD_IN
  0.466                        REF_CLK_0_ibuf/U_IOPAD:Y (r)
               +     0.383          net: REF_CLK_0_ibuf/YIN
  0.849                        CLKINT_0/U0_IOBA:A (r)
               +     0.141          cell: ADLIB:ICB_CLKINT
  0.990                        CLKINT_0/U0_IOBA:Y (r)
               +     0.518          net: CLKINT_0/U0_IOBA_net
  1.508                        CLKINT_0:A (r)
               +     0.178          cell: ADLIB:GB
  1.686                        CLKINT_0:Y (r)
               +     0.365          net: CLKINT_0/U0_Y
  2.051                        CLKINT_0/U0_RGB1_RGB1:A (r)
               +     0.058          cell: ADLIB:RGB
  2.109                        CLKINT_0/U0_RGB1_RGB1:Y (f)
               +     0.537          net: CLKINT_0/U0_RGB1_RGB1_rgb_net_1
  2.646                        AXItoAPB_0/AXItoAHBL_0/AXItoAHBL_0/U_AHBMasterCtrl/HADDRInt[0]:CLK (r)
               +     0.190          cell: ADLIB:SLE
  2.836                        AXItoAPB_0/AXItoAHBL_0/AXItoAHBL_0/U_AHBMasterCtrl/HADDRInt[0]:Q (f)
               +     1.278          net: AXItoAPB_0/AXItoAHBL_0/AXItoAHBL_0/U_AHBMasterCtrl/HADDRInt_Z[0]
  4.114                        AXItoAPB_0/AXItoAHBL_0/AXItoAHBL_0/U_AHBMasterCtrl/HBURSTInt_d97_i_o2:D (f)
               +     0.193          cell: ADLIB:CFG4
  4.307                        AXItoAPB_0/AXItoAHBL_0/AXItoAHBL_0/U_AHBMasterCtrl/HBURSTInt_d97_i_o2:Y (f)
               +     0.122          net: AXItoAPB_0/AXItoAHBL_0/AXItoAHBL_0/U_AHBMasterCtrl/N_152
  4.429                        AXItoAPB_0/AXItoAHBL_0/AXItoAHBL_0/U_AHBMasterCtrl/HSIZEInt_d104_i_1_o2:A (f)
               +     0.052          cell: ADLIB:CFG2
  4.481                        AXItoAPB_0/AXItoAHBL_0/AXItoAHBL_0/U_AHBMasterCtrl/HSIZEInt_d104_i_1_o2:Y (f)
               +     0.144          net: AXItoAPB_0/AXItoAHBL_0/AXItoAHBL_0/U_AHBMasterCtrl/N_154
  4.625                        AXItoAPB_0/AXItoAHBL_0/AXItoAHBL_0/U_AHBMasterCtrl/HSIZEInt_d104_i_1_a3_2_RNI6S5C1:C (f)
               +     0.136          cell: ADLIB:CFG4
  4.761                        AXItoAPB_0/AXItoAHBL_0/AXItoAHBL_0/U_AHBMasterCtrl/HSIZEInt_d104_i_1_a3_2_RNI6S5C1:Y (r)
               +     0.837          net: AXItoAPB_0/AXItoAHBL_0/AXItoAHBL_0/U_AHBMasterCtrl/N_134_i
  5.598                        AXItoAPB_0/AXItoAHBL_0/AXItoAHBL_0/U_AHBMasterCtrl/HSIZEInt_d105_0_a2_0_o2:B (r)
               +     0.078          cell: ADLIB:CFG2
  5.676                        AXItoAPB_0/AXItoAHBL_0/AXItoAHBL_0/U_AHBMasterCtrl/HSIZEInt_d105_0_a2_0_o2:Y (r)
               +     0.453          net: AXItoAPB_0/AXItoAHBL_0/AXItoAHBL_0/U_AHBMasterCtrl/N_1710
  6.129                        AXItoAPB_0/AXItoAHBL_0/AXItoAHBL_0/U_AHBMasterCtrl/HSIZEInt_d105_0_a2_0_o2_RNI6UMM1:C (r)
               +     0.051          cell: ADLIB:CFG4
  6.180                        AXItoAPB_0/AXItoAHBL_0/AXItoAHBL_0/U_AHBMasterCtrl/HSIZEInt_d105_0_a2_0_o2_RNI6UMM1:Y (f)
               +     0.238          net: AXItoAPB_0/AXItoAHBL_0/AXItoAHBL_0/U_AHBMasterCtrl/N_1702_i
  6.418                        AXItoAPB_0/AXItoAHBL_0/AXItoAHBL_0/U_AHBMasterCtrl/validByteCntInt_d_0_sqmuxa_13:C (f)
               +     0.052          cell: ADLIB:CFG3
  6.470                        AXItoAPB_0/AXItoAHBL_0/AXItoAHBL_0/U_AHBMasterCtrl/validByteCntInt_d_0_sqmuxa_13:Y (f)
               +     0.146          net: AXItoAPB_0/AXItoAHBL_0/AXItoAHBL_0/U_AHBMasterCtrl/validByteCntInt_d_0_sqmuxa_13_Z
  6.616                        AXItoAPB_0/AXItoAHBL_0/AXItoAHBL_0/U_AHBMasterCtrl/un1_rdFIFOWrData_d326_5_6:D (f)
               +     0.151          cell: ADLIB:CFG4
  6.767                        AXItoAPB_0/AXItoAHBL_0/AXItoAHBL_0/U_AHBMasterCtrl/un1_rdFIFOWrData_d326_5_6:Y (f)
               +     0.229          net: AXItoAPB_0/AXItoAHBL_0/AXItoAHBL_0/U_AHBMasterCtrl/un1_rdFIFOWrData_d326_5_6_Z
  6.996                        AXItoAPB_0/AXItoAHBL_0/AXItoAHBL_0/U_AHBMasterCtrl/un1_rdFIFOWrData_d326_5:B (f)
               +     0.151          cell: ADLIB:CFG4
  7.147                        AXItoAPB_0/AXItoAHBL_0/AXItoAHBL_0/U_AHBMasterCtrl/un1_rdFIFOWrData_d326_5:Y (f)
               +     0.284          net: AXItoAPB_0/AXItoAHBL_0/AXItoAHBL_0/U_AHBMasterCtrl/un1_rdFIFOWrData_d326_5_i
  7.431                        AXItoAPB_0/AXItoAHBL_0/AXItoAHBL_0/U_AHBMasterCtrl/un61_f0[1]:D (f)
               +     0.234          cell: ADLIB:CFG4
  7.665                        AXItoAPB_0/AXItoAHBL_0/AXItoAHBL_0/U_AHBMasterCtrl/un61_f0[1]:Y (r)
               +     0.647          net: AXItoAPB_0/AXItoAHBL_0/AXItoAHBL_0/U_AHBMasterCtrl/un61_f0_Z[1]
  8.312                        AXItoAPB_0/AXItoAHBL_0/AXItoAHBL_0/U_AHBMasterCtrl/un61_f0_RNIC5S56[1]:B (r)
               +     0.247          cell: ADLIB:ARI1_CC
  8.559                        AXItoAPB_0/AXItoAHBL_0/AXItoAHBL_0/U_AHBMasterCtrl/un61_f0_RNIC5S56[1]:P (f)
               +     0.016          net: NET_CC_CONFIG15083
  8.575                        AXItoAPB_0/AXItoAHBL_0/AXItoAHBL_0/U_AHBMasterCtrl/validByteCntInt_RNIQ0KD2[0]_CC_0:P[1] (f)
               +     0.445          cell: ADLIB:CC_CONFIG
  9.020                        AXItoAPB_0/AXItoAHBL_0/AXItoAHBL_0/U_AHBMasterCtrl/validByteCntInt_RNIQ0KD2[0]_CC_0:CC[5] (r)
               +     0.000          net: NET_CC_CONFIG15102
  9.020                        AXItoAPB_0/AXItoAHBL_0/AXItoAHBL_0/U_AHBMasterCtrl/validByteCntInt_RNI9ONLK4[5]:CC (r)
               +     0.062          cell: ADLIB:ARI1_CC
  9.082                        AXItoAPB_0/AXItoAHBL_0/AXItoAHBL_0/U_AHBMasterCtrl/validByteCntInt_RNI9ONLK4[5]:S (r)
               +     0.289          net: AXItoAPB_0/AXItoAHBL_0/AXItoAHBL_0/U_AHBMasterCtrl/N_1798
  9.371                        AXItoAPB_0/AXItoAHBL_0/AXItoAHBL_0/U_AHBMasterCtrl/validByteCntInt_d[5]:A (r)
               +     0.200          cell: ADLIB:CFG3
  9.571                        AXItoAPB_0/AXItoAHBL_0/AXItoAHBL_0/U_AHBMasterCtrl/validByteCntInt_d[5]:Y (r)
               +     0.022          net: AXItoAPB_0/AXItoAHBL_0/AXItoAHBL_0/U_AHBMasterCtrl/validByteCntInt_d_Z[5]
  9.593                        AXItoAPB_0/AXItoAHBL_0/AXItoAHBL_0/U_AHBMasterCtrl/validByteCntInt[5]:D (r)
                                    
  9.593                        data arrival time
  ________________________________________________________
  Data required time calculation
  20.000                       REF_CLK_0
               +     0.000          Clock source
  20.000                       REF_CLK_0 (r)
               +     0.000          net: REF_CLK_0
  20.000                       REF_CLK_0_ibuf/U_IOPAD:PAD (r)
               +     0.403          cell: ADLIB:IOPAD_IN
  20.403                       REF_CLK_0_ibuf/U_IOPAD:Y (r)
               +     0.349          net: REF_CLK_0_ibuf/YIN
  20.752                       CLKINT_0/U0_IOBA:A (r)
               +     0.122          cell: ADLIB:ICB_CLKINT
  20.874                       CLKINT_0/U0_IOBA:Y (r)
               +     0.470          net: CLKINT_0/U0_IOBA_net
  21.344                       CLKINT_0:A (r)
               +     0.162          cell: ADLIB:GB
  21.506                       CLKINT_0:Y (r)
               +     0.331          net: CLKINT_0/U0_Y
  21.837                       CLKINT_0/U0_RGB1:A (r)
               +     0.049          cell: ADLIB:RGB
  21.886                       CLKINT_0/U0_RGB1:Y (f)
               +     0.462          net: CLKINT_0_Y
  22.348                       AXItoAPB_0/AXItoAHBL_0/AXItoAHBL_0/U_AHBMasterCtrl/validByteCntInt[5]:CLK (r)
               +     0.184          
  22.532                       clock reconvergence pessimism
               -     0.000          Library setup time: ADLIB:SLE
  22.532                       AXItoAPB_0/AXItoAHBL_0/AXItoAHBL_0/U_AHBMasterCtrl/validByteCntInt[5]:D
                                    
  22.532                       data required time


Operating Conditions : slow_lv_ht

END SET Register to Register

----------------------------------------------------

SET External Setup

No Path 

END SET External Setup

----------------------------------------------------

SET Clock to Output

No Path 

END SET Clock to Output

----------------------------------------------------

SET Register to Asynchronous

Path 1
  From: AXI4_Interconnect_0/AXI4_Interconnect_0/SlvConvertor_loop[0].slvcnv/genblk1.rsync/sysReset:CLK
  To:   AXI4_Interconnect_0/AXI4_Interconnect_0/SlvConvertor_loop[0].slvcnv/slvProtConv/genblk1.u_AXI3ProtConv/SlvPCWr/wrDataFif/fifoWrAddr[3]:ALn
  Delay (ns):              2.771
  Slack (ns):             16.963
  Arrival (ns):            5.397
  Required (ns):          22.360
  Recovery (ns):           0.196
  Minimum Period (ns):     3.037
  Skew (ns):               0.070
  Operating Conditions: slow_lv_ht

Path 2
  From: AXI4_Interconnect_0/AXI4_Interconnect_0/SlvConvertor_loop[0].slvcnv/genblk1.rsync/sysReset:CLK
  To:   AXI4_Interconnect_0/AXI4_Interconnect_0/SlvConvertor_loop[0].slvcnv/slvProtConv/genblk1.u_AXI3ProtConv/SlvPCWr/wrDataFif/fifoWrAddr[2]:ALn
  Delay (ns):              2.771
  Slack (ns):             16.963
  Arrival (ns):            5.397
  Required (ns):          22.360
  Recovery (ns):           0.196
  Minimum Period (ns):     3.037
  Skew (ns):               0.070
  Operating Conditions: slow_lv_ht

Path 3
  From: AXI4_Interconnect_0/AXI4_Interconnect_0/SlvConvertor_loop[0].slvcnv/genblk1.rsync/sysReset:CLK
  To:   AXI4_Interconnect_0/AXI4_Interconnect_0/SlvConvertor_loop[0].slvcnv/slvProtConv/genblk1.u_AXI3ProtConv/SlvPCWr/wrDataFif/fifoWrAddr[1]:ALn
  Delay (ns):              2.771
  Slack (ns):             16.963
  Arrival (ns):            5.397
  Required (ns):          22.360
  Recovery (ns):           0.196
  Minimum Period (ns):     3.037
  Skew (ns):               0.070
  Operating Conditions: slow_lv_ht

Path 4
  From: AXI4_Interconnect_0/AXI4_Interconnect_0/SlvConvertor_loop[0].slvcnv/genblk1.rsync/sysReset:CLK
  To:   AXI4_Interconnect_0/AXI4_Interconnect_0/SlvConvertor_loop[0].slvcnv/slvProtConv/genblk1.u_AXI3ProtConv/SlvPCWr/wrDataFif/fifoWrAddr[0]:ALn
  Delay (ns):              2.771
  Slack (ns):             16.963
  Arrival (ns):            5.397
  Required (ns):          22.360
  Recovery (ns):           0.196
  Minimum Period (ns):     3.037
  Skew (ns):               0.070
  Operating Conditions: slow_lv_ht

Path 5
  From: AXI4_Interconnect_0/AXI4_Interconnect_0/SlvConvertor_loop[0].slvcnv/genblk1.rsync/sysReset:CLK
  To:   AXI4_Interconnect_0/AXI4_Interconnect_0/SlvConvertor_loop[0].slvcnv/slvProtConv/genblk1.u_AXI3ProtConv/SlvPCWr/wrDataFif/fifoFull:ALn
  Delay (ns):              2.771
  Slack (ns):             16.963
  Arrival (ns):            5.397
  Required (ns):          22.360
  Recovery (ns):           0.196
  Minimum Period (ns):     3.037
  Skew (ns):               0.070
  Operating Conditions: slow_lv_ht


Expanded Path 1
  From: AXI4_Interconnect_0/AXI4_Interconnect_0/SlvConvertor_loop[0].slvcnv/genblk1.rsync/sysReset:CLK
  To: AXI4_Interconnect_0/AXI4_Interconnect_0/SlvConvertor_loop[0].slvcnv/slvProtConv/genblk1.u_AXI3ProtConv/SlvPCWr/wrDataFif/fifoWrAddr[3]:ALn
  data required time                                 22.360
  data arrival time                          -        5.397
  slack                                              16.963
  ________________________________________________________
  Data arrival time calculation
  0.000                        REF_CLK_0
               +     0.000          Clock source
  0.000                        REF_CLK_0 (r)
               +     0.000          net: REF_CLK_0
  0.000                        REF_CLK_0_ibuf/U_IOPAD:PAD (r)
               +     0.466          cell: ADLIB:IOPAD_IN
  0.466                        REF_CLK_0_ibuf/U_IOPAD:Y (r)
               +     0.383          net: REF_CLK_0_ibuf/YIN
  0.849                        CLKINT_0/U0_IOBA:A (r)
               +     0.141          cell: ADLIB:ICB_CLKINT
  0.990                        CLKINT_0/U0_IOBA:Y (r)
               +     0.518          net: CLKINT_0/U0_IOBA_net
  1.508                        CLKINT_0:A (r)
               +     0.178          cell: ADLIB:GB
  1.686                        CLKINT_0:Y (r)
               +     0.363          net: CLKINT_0/U0_Y
  2.049                        CLKINT_0/U0_RGB1_RGB2:A (r)
               +     0.058          cell: ADLIB:RGB
  2.107                        CLKINT_0/U0_RGB1_RGB2:Y (f)
               +     0.519          net: CLKINT_0/U0_RGB1_RGB2_rgb_net_1
  2.626                        AXI4_Interconnect_0/AXI4_Interconnect_0/SlvConvertor_loop[0].slvcnv/genblk1.rsync/sysReset:CLK (r)
               +     0.201          cell: ADLIB:SLE
  2.827                        AXI4_Interconnect_0/AXI4_Interconnect_0/SlvConvertor_loop[0].slvcnv/genblk1.rsync/sysReset:Q (r)
               +     2.570          net: AXI4_Interconnect_0/AXI4_Interconnect_0/SlvConvertor_loop[0].slvcnv/sysReset
  5.397                        AXI4_Interconnect_0/AXI4_Interconnect_0/SlvConvertor_loop[0].slvcnv/slvProtConv/genblk1.u_AXI3ProtConv/SlvPCWr/wrDataFif/fifoWrAddr[3]:ALn (r)
                                    
  5.397                        data arrival time
  ________________________________________________________
  Data required time calculation
  20.000                       REF_CLK_0
               +     0.000          Clock source
  20.000                       REF_CLK_0 (r)
               +     0.000          net: REF_CLK_0
  20.000                       REF_CLK_0_ibuf/U_IOPAD:PAD (r)
               +     0.403          cell: ADLIB:IOPAD_IN
  20.403                       REF_CLK_0_ibuf/U_IOPAD:Y (r)
               +     0.349          net: REF_CLK_0_ibuf/YIN
  20.752                       CLKINT_0/U0_IOBA:A (r)
               +     0.122          cell: ADLIB:ICB_CLKINT
  20.874                       CLKINT_0/U0_IOBA:Y (r)
               +     0.470          net: CLKINT_0/U0_IOBA_net
  21.344                       CLKINT_0:A (r)
               +     0.162          cell: ADLIB:GB
  21.506                       CLKINT_0:Y (r)
               +     0.331          net: CLKINT_0/U0_Y
  21.837                       CLKINT_0/U0_RGB1:A (r)
               +     0.049          cell: ADLIB:RGB
  21.886                       CLKINT_0/U0_RGB1:Y (f)
               +     0.486          net: CLKINT_0_Y
  22.372                       AXI4_Interconnect_0/AXI4_Interconnect_0/SlvConvertor_loop[0].slvcnv/slvProtConv/genblk1.u_AXI3ProtConv/SlvPCWr/wrDataFif/fifoWrAddr[3]:CLK (r)
               +     0.184          
  22.556                       clock reconvergence pessimism
               -     0.196          Library recovery time: ADLIB:SLE
  22.360                       AXI4_Interconnect_0/AXI4_Interconnect_0/SlvConvertor_loop[0].slvcnv/slvProtConv/genblk1.u_AXI3ProtConv/SlvPCWr/wrDataFif/fifoWrAddr[3]:ALn
                                    
  22.360                       data required time


Operating Conditions : slow_lv_ht

END SET Register to Asynchronous

----------------------------------------------------

SET External Recovery

No Path 

END SET External Recovery

----------------------------------------------------

SET Asynchronous to Register

No Path 

END SET Asynchronous to Register

----------------------------------------------------

SET PF_DDR4_SS_0/CCC_0/pll_inst_0/OUT1 to REF_CLK_0

No Path 

END SET PF_DDR4_SS_0/CCC_0/pll_inst_0/OUT1 to REF_CLK_0

----------------------------------------------------

Clock Domain REF_CLK_PAD_P

SET Register to Register

No Path 

END SET Register to Register

----------------------------------------------------

SET External Setup

No Path 

END SET External Setup

----------------------------------------------------

SET Clock to Output

No Path 

END SET Clock to Output

----------------------------------------------------

SET Register to Asynchronous

No Path 

END SET Register to Asynchronous

----------------------------------------------------

SET External Recovery

No Path 

END SET External Recovery

----------------------------------------------------

SET Asynchronous to Register

No Path 

END SET Asynchronous to Register

----------------------------------------------------

Clock Domain PF_DDR4_SS_0/CCC_0/pll_inst_0/OUT0

SET Register to Register

No Path 

END SET Register to Register

----------------------------------------------------

SET External Setup

No Path 

END SET External Setup

----------------------------------------------------

SET Clock to Output

No Path 

END SET Clock to Output

----------------------------------------------------

SET Register to Asynchronous

No Path 

END SET Register to Asynchronous

----------------------------------------------------

SET External Recovery

No Path 

END SET External Recovery

----------------------------------------------------

SET Asynchronous to Register

No Path 

END SET Asynchronous to Register

----------------------------------------------------

Path set Pin to Pin

SET Input to Output

No Path 

END SET Input to Output

----------------------------------------------------

Path set User Sets

