Timing Report Max Delay Analysis

SmartTime Version v12.6
Microsemi Corporation - Microsemi Libero Software Release v12.6 (Version 12.900.20.24)
Date: Mon Sep 13 16:37:47 2021


Design: top
Family: PolarFire
Die: MPF100T
Package: FCVG484
Temperature Range: -40 - 100 C
Voltage Range: 0.97 - 1.03 V
Speed Grade: -1
Design State: Post-Layout
Data source: Production
Multi Corner Report Operating Conditions: slow_lv_ht, slow_lv_lt, fast_hv_lt
Scenario for Timing Analysis: timing_analysis


*** IMPORTANT RECOMMENDATION *** If you haven't done so, it is highly recommended to add clock jitter information for each clock domain into Libero SoC through clock uncertainty SDC timing constraints. Please refer to the Libero SoC v12.5 release notes for more details.

-----------------------------------------------------
SUMMARY

Clock Domain:               PCIe_EP_0/PCIe_TL_CLK_0/CLK_DIV2_0/CLK_DIV2_0/I_CD:Y_DIV
Required Period (ns):       N/A
Required Frequency (MHz):   N/A
Worst Slack (ns):           
Operating Conditions:       

Clock Domain:               PCIe_EP_0/PCIe_TL_CLK_0/OSC_160MHz_0/OSC_160MHz_0/I_OSC_160:CLK
Required Period (ns):       N/A
Required Frequency (MHz):   N/A
Worst Slack (ns):           
Operating Conditions:       

Clock Domain:               PCIe_EP_0/PCIe_TX_PLL_0/PCIe_TX_PLL_0/txpll_isnt_0:DIV_CLK
Required Period (ns):       N/A
Required Frequency (MHz):   N/A
Worst Slack (ns):           
Operating Conditions:       

Clock Domain:               PF_CCC_C2_0/PF_CCC_C2_0/pll_inst_0:OUT0
Required Period (ns):       N/A
Required Frequency (MHz):   N/A
Worst Slack (ns):           
Operating Conditions:       

Clock Domain:               PF_CCC_C2_0/PF_CCC_C2_0/pll_inst_0:OUT1
Required Period (ns):       N/A
Required Frequency (MHz):   N/A
Worst Slack (ns):           
Operating Conditions:       

Clock Domain:               PF_CCC_C2_0/PF_CCC_C2_0/pll_inst_0:OUT2
Required Period (ns):       N/A
Required Frequency (MHz):   N/A
Worst Slack (ns):           
Operating Conditions:       

Clock Domain:               REF_CLK_0
Required Period (ns):       N/A
Required Frequency (MHz):   N/A
Worst Slack (ns):           
Operating Conditions:       

                            Input to Output
Max Delay (ns):             N/A

END SUMMARY
-----------------------------------------------------

Clock Domain PCIe_EP_0/PCIe_TL_CLK_0/CLK_DIV2_0/CLK_DIV2_0/I_CD:Y_DIV

Info: The maximum frequency of this clock domain is limited by the period of pin PCIe_EP_0/PCIex4_0/PCIE_1:TL_CLK

SET Register to Register

No Path 

END SET Register to Register

----------------------------------------------------

SET External Setup

No Path 

END SET External Setup

----------------------------------------------------

SET Clock to Output

No Path 

END SET Clock to Output

----------------------------------------------------

SET PF_CCC_C2_0/PF_CCC_C2_0/pll_inst_0:OUT1 to PCIe_EP_0/PCIe_TL_CLK_0/CLK_DIV2_0/CLK_DIV2_0/I_CD:Y_DIV

No Path 

END SET PF_CCC_C2_0/PF_CCC_C2_0/pll_inst_0:OUT1 to PCIe_EP_0/PCIe_TL_CLK_0/CLK_DIV2_0/CLK_DIV2_0/I_CD:Y_DIV

----------------------------------------------------

SET Register to Asynchronous

No Path 

END SET Register to Asynchronous

----------------------------------------------------

SET External Recovery

Path 1
  From: USER_RESETN
  To:   PCIe_EP_0/PCIex4_0/PCIE_1:MPERST_N
  Delay (ns):              7.182
  Arrival (ns):            7.182
  Recovery (ns):           1.395
  External Recovery (ns):   6.304
  Operating Conditions: slow_lv_ht


Expanded Path 1
  From: USER_RESETN
  To: PCIe_EP_0/PCIex4_0/PCIE_1:MPERST_N
  data required time                                    N/C
  data arrival time                          -        7.182
  slack                                                 N/C
  ________________________________________________________
  Data arrival time calculation
  0.000                        USER_RESETN (r)
               +     0.000          net: USER_RESETN
  0.000                        USER_RESETN_ibuf/U_IOPAD:PAD (r)
               +     1.322          cell: ADLIB:IOPAD_IN
  1.322                        USER_RESETN_ibuf/U_IOPAD:Y (r)
               +     0.000          net: USER_RESETN_ibuf/YIN
  1.322                        USER_RESETN_ibuf/U_IOIN:YIN (r)
               +     0.346          cell: ADLIB:IOIN_IB_E
  1.668                        USER_RESETN_ibuf/U_IOIN:Y (r)
               +     5.514          net: USER_RESETN_c
  7.182                        PCIe_EP_0/PCIex4_0/PCIE_1:MPERST_N (r)
                                    
  7.182                        data arrival time
  ________________________________________________________
  Data required time calculation
  N/C                          PCIe_EP_0/PCIe_TL_CLK_0/CLK_DIV2_0/CLK_DIV2_0/I_CD:Y_DIV
               +     0.000          Clock source
  N/C                          PCIe_EP_0/PCIe_TL_CLK_0/CLK_DIV2_0/CLK_DIV2_0/I_CD:Y_DIV (r)
               +     0.000          net: PCIe_EP_0/PCIe_TL_CLK_0/CLK_DIV2_0_CLK_OUT
  N/C                          PCIe_EP_0/PCIe_TL_CLK_0/NGMUX_0/NGMUX_0/I_NGMUX:CLK0 (r)
               +     0.567          cell: ADLIB:ICB_NGMUX
  N/C                          PCIe_EP_0/PCIe_TL_CLK_0/NGMUX_0/NGMUX_0/I_NGMUX:Y (r)
               +     0.000          net: PCIe_EP_0/PCIe_TL_CLK_0/NGMUX_0/NGMUX_0/Y_I_NGMUX_net
  N/C                          PCIe_EP_0/PCIe_TL_CLK_0/NGMUX_0/NGMUX_0/I_CLKINT_1:A (r)
               +     0.176          cell: ADLIB:ICB_CLKINT
  N/C                          PCIe_EP_0/PCIe_TL_CLK_0/NGMUX_0/NGMUX_0/I_CLKINT_1:Y (r)
               +     0.328          net: PCIe_EP_0/PCIe_TL_CLK_0/NGMUX_0/NGMUX_0/I_CLKINT_NET
  N/C                          PCIe_EP_0/PCIe_TL_CLK_0/NGMUX_0/NGMUX_0/I_CLKINT:A (r)
               +     0.155          cell: ADLIB:GB
  N/C                          PCIe_EP_0/PCIe_TL_CLK_0/NGMUX_0/NGMUX_0/I_CLKINT:Y (r)
               +     0.327          net: PCIe_EP_0/PCIe_TL_CLK_0/NGMUX_0/NGMUX_0/I_CLKINT/U0_Y
  N/C                          PCIe_EP_0/PCIe_TL_CLK_0/NGMUX_0/NGMUX_0/I_CLKINT/U0_RGB1:A (r)
               +     0.049          cell: ADLIB:RGB
  N/C                          PCIe_EP_0/PCIe_TL_CLK_0/NGMUX_0/NGMUX_0/I_CLKINT/U0_RGB1:Y (f)
               +     0.671          net: PCIe_EP_0/PCIe_TL_CLK_0_TL_CLK
  N/C                          PCIe_EP_0/PCIex4_0/PCIE_1:TL_CLK (r)
               -     1.395          Library recovery time: ADLIB:PCIE
  N/C                          PCIe_EP_0/PCIex4_0/PCIE_1:MPERST_N


Operating Conditions : slow_lv_ht

END SET External Recovery

----------------------------------------------------

SET Asynchronous to Register

No Path 

END SET Asynchronous to Register

----------------------------------------------------

Clock Domain PCIe_EP_0/PCIe_TL_CLK_0/OSC_160MHz_0/OSC_160MHz_0/I_OSC_160:CLK

Info: The maximum frequency of this clock domain is limited by the period of pin PCIe_EP_0/PCIe_TL_CLK_0/CLK_DIV2_0/CLK_DIV2_0/I_CD:A

SET Register to Register

No Path 

END SET Register to Register

----------------------------------------------------

SET External Setup

No Path 

END SET External Setup

----------------------------------------------------

SET Clock to Output

No Path 

END SET Clock to Output

----------------------------------------------------

SET Register to Asynchronous

No Path 

END SET Register to Asynchronous

----------------------------------------------------

SET External Recovery

No Path 

END SET External Recovery

----------------------------------------------------

SET Asynchronous to Register

No Path 

END SET Asynchronous to Register

----------------------------------------------------

Clock Domain PCIe_EP_0/PCIe_TX_PLL_0/PCIe_TX_PLL_0/txpll_isnt_0:DIV_CLK

Info: The maximum frequency of this clock domain is limited by the period of pin PCIe_EP_0/PCIex4_0/PCIE_1:TL_CLK

SET Register to Register

No Path 

END SET Register to Register

----------------------------------------------------

SET External Setup

No Path 

END SET External Setup

----------------------------------------------------

SET Clock to Output

No Path 

END SET Clock to Output

----------------------------------------------------

SET PF_CCC_C2_0/PF_CCC_C2_0/pll_inst_0:OUT1 to PCIe_EP_0/PCIe_TX_PLL_0/PCIe_TX_PLL_0/txpll_isnt_0:DIV_CLK

No Path 

END SET PF_CCC_C2_0/PF_CCC_C2_0/pll_inst_0:OUT1 to PCIe_EP_0/PCIe_TX_PLL_0/PCIe_TX_PLL_0/txpll_isnt_0:DIV_CLK

----------------------------------------------------

SET Register to Asynchronous

No Path 

END SET Register to Asynchronous

----------------------------------------------------

SET External Recovery

Path 1
  From: USER_RESETN
  To:   PCIe_EP_0/PCIex4_0/PCIE_1:MPERST_N
  Delay (ns):              6.680
  Arrival (ns):            6.680
  Recovery (ns):           1.495
  External Recovery (ns):   2.270
  Operating Conditions: slow_lv_lt


Expanded Path 1
  From: USER_RESETN
  To: PCIe_EP_0/PCIex4_0/PCIE_1:MPERST_N
  data required time                                    N/C
  data arrival time                          -        6.680
  slack                                                 N/C
  ________________________________________________________
  Data arrival time calculation
  0.000                        USER_RESETN (r)
               +     0.000          net: USER_RESETN
  0.000                        USER_RESETN_ibuf/U_IOPAD:PAD (r)
               +     1.147          cell: ADLIB:IOPAD_IN
  1.147                        USER_RESETN_ibuf/U_IOPAD:Y (r)
               +     0.000          net: USER_RESETN_ibuf/YIN
  1.147                        USER_RESETN_ibuf/U_IOIN:YIN (r)
               +     0.279          cell: ADLIB:IOIN_IB_E
  1.426                        USER_RESETN_ibuf/U_IOIN:Y (r)
               +     5.254          net: USER_RESETN_c
  6.680                        PCIe_EP_0/PCIex4_0/PCIE_1:MPERST_N (r)
                                    
  6.680                        data arrival time
  ________________________________________________________
  Data required time calculation
  N/C                          PCIe_EP_0/PCIe_TX_PLL_0/PCIe_TX_PLL_0/txpll_isnt_0:DIV_CLK
               +     0.000          Clock source
  N/C                          PCIe_EP_0/PCIe_TX_PLL_0/PCIe_TX_PLL_0/txpll_isnt_0:DIV_CLK (r)
               +     3.520          net: PCIe_EP_0/PCIe_TX_PLL_0_CLK_125
  N/C                          PCIe_EP_0/PCIe_TL_CLK_0/NGMUX_0/NGMUX_0/I_NGMUX_1:A (r)
               +     0.000          cell: ADLIB:ICB_INT
  N/C                          PCIe_EP_0/PCIe_TL_CLK_0/NGMUX_0/NGMUX_0/I_NGMUX_1:Y (r)
               +     0.180          net: PCIe_EP_0/PCIe_TL_CLK_0/NGMUX_0/NGMUX_0/I_NGMUX_NET
  N/C                          PCIe_EP_0/PCIe_TL_CLK_0/NGMUX_0/NGMUX_0/I_NGMUX:CLK1 (r)
               +     0.569          cell: ADLIB:ICB_NGMUX
  N/C                          PCIe_EP_0/PCIe_TL_CLK_0/NGMUX_0/NGMUX_0/I_NGMUX:Y (r)
               +     0.000          net: PCIe_EP_0/PCIe_TL_CLK_0/NGMUX_0/NGMUX_0/Y_I_NGMUX_net
  N/C                          PCIe_EP_0/PCIe_TL_CLK_0/NGMUX_0/NGMUX_0/I_CLKINT_1:A (r)
               +     0.176          cell: ADLIB:ICB_CLKINT
  N/C                          PCIe_EP_0/PCIe_TL_CLK_0/NGMUX_0/NGMUX_0/I_CLKINT_1:Y (r)
               +     0.304          net: PCIe_EP_0/PCIe_TL_CLK_0/NGMUX_0/NGMUX_0/I_CLKINT_NET
  N/C                          PCIe_EP_0/PCIe_TL_CLK_0/NGMUX_0/NGMUX_0/I_CLKINT:A (r)
               +     0.158          cell: ADLIB:GB
  N/C                          PCIe_EP_0/PCIe_TL_CLK_0/NGMUX_0/NGMUX_0/I_CLKINT:Y (r)
               +     0.308          net: PCIe_EP_0/PCIe_TL_CLK_0/NGMUX_0/NGMUX_0/I_CLKINT/U0_Y
  N/C                          PCIe_EP_0/PCIe_TL_CLK_0/NGMUX_0/NGMUX_0/I_CLKINT/U0_RGB1:A (r)
               +     0.048          cell: ADLIB:RGB
  N/C                          PCIe_EP_0/PCIe_TL_CLK_0/NGMUX_0/NGMUX_0/I_CLKINT/U0_RGB1:Y (f)
               +     0.642          net: PCIe_EP_0/PCIe_TL_CLK_0_TL_CLK
  N/C                          PCIe_EP_0/PCIex4_0/PCIE_1:TL_CLK (r)
               -     1.495          Library recovery time: ADLIB:PCIE
  N/C                          PCIe_EP_0/PCIex4_0/PCIE_1:MPERST_N


Operating Conditions : slow_lv_lt

END SET External Recovery

----------------------------------------------------

SET Asynchronous to Register

No Path 

END SET Asynchronous to Register

----------------------------------------------------

Clock Domain PF_CCC_C2_0/PF_CCC_C2_0/pll_inst_0:OUT0

Info: The maximum frequency of this clock domain is limited by the period of pin PCIe_EP_0/PCIex4_0/pcie_apblink_inst:S_CLK

SET Register to Register

Path 1
  From: AXItoAPB_0/AXItoAHBL_0/AXItoAHBL_0/U_AHBMasterCtrl/HADDRInt[7]:CLK
  To:   AXItoAPB_0/AXItoAHBL_0/AXItoAHBL_0/U_AHBMasterCtrl/validByteCntInt[6]:D
  Delay (ns):              6.950
  Arrival (ns):            8.815
  Setup (ns):              0.000
  Minimum Period (ns):     7.067
  Operating Conditions: slow_lv_ht

Path 2
  From: AXItoAPB_0/AXItoAHBL_0/AXItoAHBL_0/U_AHBMasterCtrl/HADDRInt[9]:CLK
  To:   AXItoAPB_0/AXItoAHBL_0/AXItoAHBL_0/U_AHBMasterCtrl/validByteCntInt[6]:D
  Delay (ns):              6.936
  Arrival (ns):            8.801
  Setup (ns):              0.000
  Minimum Period (ns):     7.053
  Operating Conditions: slow_lv_ht

Path 3
  From: AXItoAPB_0/AXItoAHBL_0/AXItoAHBL_0/U_AHBMasterCtrl/HADDRInt[7]:CLK
  To:   AXItoAPB_0/AXItoAHBL_0/AXItoAHBL_0/U_AHBMasterCtrl/validByteCntInt[5]:D
  Delay (ns):              6.932
  Arrival (ns):            8.797
  Setup (ns):              0.000
  Minimum Period (ns):     7.049
  Operating Conditions: slow_lv_ht

Path 4
  From: AXItoAPB_0/Core_AHBL_0/Core_AHBL_0/matrix4x16/masterstage_0/SDATASELInt[14]:CLK
  To:   AXItoAPB_0/AXItoAHBL_0/AXItoAHBL_0/U_rdFIFORAM/wrDataReg[47]:D
  Delay (ns):              6.998
  Arrival (ns):            8.860
  Setup (ns):              0.000
  Minimum Period (ns):     7.040
  Operating Conditions: slow_lv_ht

Path 5
  From: AXItoAPB_0/AHBtoAPB_0/AHBtoAPB_0/U_AhbToApbSM/HREADYOUT:CLK
  To:   AXItoAPB_0/AXItoAHBL_0/AXItoAHBL_0/U_rdFIFORAM/wrDataReg[47]:D
  Delay (ns):              6.940
  Arrival (ns):            8.797
  Setup (ns):              0.000
  Minimum Period (ns):     7.039
  Operating Conditions: slow_lv_ht


Expanded Path 1
  From: AXItoAPB_0/AXItoAHBL_0/AXItoAHBL_0/U_AHBMasterCtrl/HADDRInt[7]:CLK
  To: AXItoAPB_0/AXItoAHBL_0/AXItoAHBL_0/U_AHBMasterCtrl/validByteCntInt[6]:D
  data required time                                    N/C
  data arrival time                          -        8.815
  slack                                                 N/C
  ________________________________________________________
  Data arrival time calculation
  0.000                        PF_CCC_C2_0/PF_CCC_C2_0/pll_inst_0:OUT0
               +     0.000          Clock source
  0.000                        PF_CCC_C2_0/PF_CCC_C2_0/pll_inst_0:OUT0 (r)
               +     0.222          net: PF_CCC_C2_0/PF_CCC_C2_0/pll_inst_0_clkint_0
  0.222                        PF_CCC_C2_0/PF_CCC_C2_0/clkint_0_1:A (r)
               +     0.144          cell: ADLIB:ICB_CLKINT
  0.366                        PF_CCC_C2_0/PF_CCC_C2_0/clkint_0_1:Y (r)
               +     0.363          net: PF_CCC_C2_0/PF_CCC_C2_0/clkint_0_NET
  0.729                        PF_CCC_C2_0/PF_CCC_C2_0/clkint_0:A (r)
               +     0.174          cell: ADLIB:GB
  0.903                        PF_CCC_C2_0/PF_CCC_C2_0/clkint_0:Y (r)
               +     0.362          net: PF_CCC_C2_0/PF_CCC_C2_0/clkint_0/U0_Y
  1.265                        PF_CCC_C2_0/PF_CCC_C2_0/clkint_0/U0_RGB1_RGB2:A (r)
               +     0.058          cell: ADLIB:RGB
  1.323                        PF_CCC_C2_0/PF_CCC_C2_0/clkint_0/U0_RGB1_RGB2:Y (f)
               +     0.542          net: PF_CCC_C2_0/PF_CCC_C2_0/clkint_0/U0_RGB1_RGB2_rgb_net_1
  1.865                        AXItoAPB_0/AXItoAHBL_0/AXItoAHBL_0/U_AHBMasterCtrl/HADDRInt[7]:CLK (r)
               +     0.201          cell: ADLIB:SLE
  2.066                        AXItoAPB_0/AXItoAHBL_0/AXItoAHBL_0/U_AHBMasterCtrl/HADDRInt[7]:Q (r)
               +     0.506          net: AXItoAPB_0/AXItoAHBL_0/AXItoAHBL_0/U_AHBMasterCtrl/HADDRInt_Z[7]
  2.572                        AXItoAPB_0/AXItoAHBL_0/AXItoAHBL_0/U_AHBMasterCtrl/HSIZEInt_d63_i_a2:C (r)
               +     0.171          cell: ADLIB:CFG4
  2.743                        AXItoAPB_0/AXItoAHBL_0/AXItoAHBL_0/U_AHBMasterCtrl/HSIZEInt_d63_i_a2:Y (r)
               +     1.179          net: AXItoAPB_0/AXItoAHBL_0/AXItoAHBL_0/U_AHBMasterCtrl/N_95
  3.922                        AXItoAPB_0/AXItoAHBL_0/AXItoAHBL_0/U_AHBMasterCtrl/HSIZEInt_d63_i_a2_RNI80C01:B (r)
               +     0.238          cell: ADLIB:CFG3
  4.160                        AXItoAPB_0/AXItoAHBL_0/AXItoAHBL_0/U_AHBMasterCtrl/HSIZEInt_d63_i_a2_RNI80C01:Y (r)
               +     0.084          net: AXItoAPB_0/AXItoAHBL_0/AXItoAHBL_0/U_AHBMasterCtrl/N_101
  4.244                        AXItoAPB_0/AXItoAHBL_0/AXItoAHBL_0/U_AHBMasterCtrl/HADDRInt_RNISGPV1[3]:D (r)
               +     0.120          cell: ADLIB:CFG4
  4.364                        AXItoAPB_0/AXItoAHBL_0/AXItoAHBL_0/U_AHBMasterCtrl/HADDRInt_RNISGPV1[3]:Y (r)
               +     0.150          net: AXItoAPB_0/AXItoAHBL_0/AXItoAHBL_0/U_AHBMasterCtrl/HADDRInt_RNISGPV1_Z[3]
  4.514                        AXItoAPB_0/AXItoAHBL_0/AXItoAHBL_0/U_AHBMasterCtrl/un1_validByteCntInt_3lto7_3_i_RNINCPA3:C (r)
               +     0.157          cell: ADLIB:CFG4
  4.671                        AXItoAPB_0/AXItoAHBL_0/AXItoAHBL_0/U_AHBMasterCtrl/un1_validByteCntInt_3lto7_3_i_RNINCPA3:Y (f)
               +     0.382          net: AXItoAPB_0/AXItoAHBL_0/AXItoAHBL_0/U_AHBMasterCtrl/HBURSTInt_d97
  5.053                        AXItoAPB_0/AXItoAHBL_0/AXItoAHBL_0/U_AHBMasterCtrl/HBURSTInt_d98:D (f)
               +     0.234          cell: ADLIB:CFG4
  5.287                        AXItoAPB_0/AXItoAHBL_0/AXItoAHBL_0/U_AHBMasterCtrl/HBURSTInt_d98:Y (r)
               +     0.450          net: AXItoAPB_0/AXItoAHBL_0/AXItoAHBL_0/U_AHBMasterCtrl/HBURSTInt_d98_Z
  5.737                        AXItoAPB_0/AXItoAHBL_0/AXItoAHBL_0/U_AHBMasterCtrl/un1_HBURSTInt_d_0_sqmuxa_2_1:B (r)
               +     0.238          cell: ADLIB:CFG4
  5.975                        AXItoAPB_0/AXItoAHBL_0/AXItoAHBL_0/U_AHBMasterCtrl/un1_HBURSTInt_d_0_sqmuxa_2_1:Y (r)
               +     0.064          net: AXItoAPB_0/AXItoAHBL_0/AXItoAHBL_0/U_AHBMasterCtrl/un1_HBURSTInt_d_0_sqmuxa_2_1_Z
  6.039                        AXItoAPB_0/AXItoAHBL_0/AXItoAHBL_0/U_AHBMasterCtrl/un1_HBURSTInt_d_0_sqmuxa_2_2:B (r)
               +     0.078          cell: ADLIB:CFG4
  6.117                        AXItoAPB_0/AXItoAHBL_0/AXItoAHBL_0/U_AHBMasterCtrl/un1_HBURSTInt_d_0_sqmuxa_2_2:Y (r)
               +     0.455          net: AXItoAPB_0/AXItoAHBL_0/AXItoAHBL_0/U_AHBMasterCtrl/un1_HBURSTInt_d_0_sqmuxa_2_2_Z
  6.572                        AXItoAPB_0/AXItoAHBL_0/AXItoAHBL_0/U_AHBMasterCtrl/validByteCntInt_d_0_sqmuxa_12:B (r)
               +     0.053          cell: ADLIB:CFG3
  6.625                        AXItoAPB_0/AXItoAHBL_0/AXItoAHBL_0/U_AHBMasterCtrl/validByteCntInt_d_0_sqmuxa_12:Y (r)
               +     0.127          net: AXItoAPB_0/AXItoAHBL_0/AXItoAHBL_0/U_AHBMasterCtrl/validByteCntInt_d_0_sqmuxa_12_Z
  6.752                        AXItoAPB_0/AXItoAHBL_0/AXItoAHBL_0/U_AHBMasterCtrl/validByteCntInt_d_0_sqmuxa_12_RNIIT0U4:D (r)
               +     0.053          cell: ADLIB:CFG4
  6.805                        AXItoAPB_0/AXItoAHBL_0/AXItoAHBL_0/U_AHBMasterCtrl/validByteCntInt_d_0_sqmuxa_12_RNIIT0U4:Y (r)
               +     0.241          net: AXItoAPB_0/AXItoAHBL_0/AXItoAHBL_0/U_AHBMasterCtrl/un1_rdFIFOWrData_d326_5_i
  7.046                        AXItoAPB_0/AXItoAHBL_0/AXItoAHBL_0/U_AHBMasterCtrl/un61_f1_2[1]:D (r)
               +     0.073          cell: ADLIB:CFG4
  7.119                        AXItoAPB_0/AXItoAHBL_0/AXItoAHBL_0/U_AHBMasterCtrl/un61_f1_2[1]:Y (f)
               +     0.154          net: AXItoAPB_0/AXItoAHBL_0/AXItoAHBL_0/U_AHBMasterCtrl/un61_f1_2_Z[1]
  7.273                        AXItoAPB_0/AXItoAHBL_0/AXItoAHBL_0/U_AHBMasterCtrl/un61_f0[1]:C (f)
               +     0.178          cell: ADLIB:CFG4
  7.451                        AXItoAPB_0/AXItoAHBL_0/AXItoAHBL_0/U_AHBMasterCtrl/un61_f0[1]:Y (f)
               +     0.441          net: AXItoAPB_0/AXItoAHBL_0/AXItoAHBL_0/U_AHBMasterCtrl/un61_f0_Z[1]
  7.892                        AXItoAPB_0/AXItoAHBL_0/AXItoAHBL_0/U_AHBMasterCtrl/un61_f0_RNIILAHE[1]:B (f)
               +     0.085          cell: ADLIB:ARI1_CC
  7.977                        AXItoAPB_0/AXItoAHBL_0/AXItoAHBL_0/U_AHBMasterCtrl/un61_f0_RNIILAHE[1]:P (f)
               +     0.015          net: NET_CC_CONFIG1781
  7.992                        AXItoAPB_0/AXItoAHBL_0/AXItoAHBL_0/U_AHBMasterCtrl/validByteCntInt_RNI4FAT7[0]_CC_0:P[3] (f)
               +     0.338          cell: ADLIB:CC_CONFIG
  8.330                        AXItoAPB_0/AXItoAHBL_0/AXItoAHBL_0/U_AHBMasterCtrl/validByteCntInt_RNI4FAT7[0]_CC_0:CC[8] (r)
               +     0.000          net: NET_CC_CONFIG1804
  8.330                        AXItoAPB_0/AXItoAHBL_0/AXItoAHBL_0/U_AHBMasterCtrl/validByteCntInt_RNI2JP72G[6]:CC (r)
               +     0.062          cell: ADLIB:ARI1_CC
  8.392                        AXItoAPB_0/AXItoAHBL_0/AXItoAHBL_0/U_AHBMasterCtrl/validByteCntInt_RNI2JP72G[6]:S (r)
               +     0.246          net: AXItoAPB_0/AXItoAHBL_0/AXItoAHBL_0/U_AHBMasterCtrl/N_1585
  8.638                        AXItoAPB_0/AXItoAHBL_0/AXItoAHBL_0/U_AHBMasterCtrl/validByteCntInt_d[6]:A (r)
               +     0.156          cell: ADLIB:CFG3
  8.794                        AXItoAPB_0/AXItoAHBL_0/AXItoAHBL_0/U_AHBMasterCtrl/validByteCntInt_d[6]:Y (r)
               +     0.021          net: AXItoAPB_0/AXItoAHBL_0/AXItoAHBL_0/U_AHBMasterCtrl/validByteCntInt_d_Z[6]
  8.815                        AXItoAPB_0/AXItoAHBL_0/AXItoAHBL_0/U_AHBMasterCtrl/validByteCntInt[6]:D (r)
                                    
  8.815                        data arrival time
  ________________________________________________________
  Data required time calculation
  N/C                          PF_CCC_C2_0/PF_CCC_C2_0/pll_inst_0:OUT0
               +     0.000          Clock source
  N/C                          PF_CCC_C2_0/PF_CCC_C2_0/pll_inst_0:OUT0 (r)
               +     0.202          net: PF_CCC_C2_0/PF_CCC_C2_0/pll_inst_0_clkint_0
  N/C                          PF_CCC_C2_0/PF_CCC_C2_0/clkint_0_1:A (r)
               +     0.124          cell: ADLIB:ICB_CLKINT
  N/C                          PF_CCC_C2_0/PF_CCC_C2_0/clkint_0_1:Y (r)
               +     0.330          net: PF_CCC_C2_0/PF_CCC_C2_0/clkint_0_NET
  N/C                          PF_CCC_C2_0/PF_CCC_C2_0/clkint_0:A (r)
               +     0.158          cell: ADLIB:GB
  N/C                          PF_CCC_C2_0/PF_CCC_C2_0/clkint_0:Y (r)
               +     0.324          net: PF_CCC_C2_0/PF_CCC_C2_0/clkint_0/U0_Y
  N/C                          PF_CCC_C2_0/PF_CCC_C2_0/clkint_0/U0_RGB1_RGB4:A (r)
               +     0.049          cell: ADLIB:RGB
  N/C                          PF_CCC_C2_0/PF_CCC_C2_0/clkint_0/U0_RGB1_RGB4:Y (f)
               +     0.468          net: PF_CCC_C2_0/PF_CCC_C2_0/clkint_0/U0_RGB1_RGB4_rgb_net_1
  N/C                          AXItoAPB_0/AXItoAHBL_0/AXItoAHBL_0/U_AHBMasterCtrl/validByteCntInt[6]:CLK (r)
               +     0.093          
  N/C                          clock reconvergence pessimism
               -     0.000          Library setup time: ADLIB:SLE
  N/C                          AXItoAPB_0/AXItoAHBL_0/AXItoAHBL_0/U_AHBMasterCtrl/validByteCntInt[6]:D


Operating Conditions : slow_lv_ht

END SET Register to Register

----------------------------------------------------

SET External Setup

No Path 

END SET External Setup

----------------------------------------------------

SET Clock to Output

No Path 

END SET Clock to Output

----------------------------------------------------

SET PF_CCC_C2_0/PF_CCC_C2_0/pll_inst_0:OUT1 to PF_CCC_C2_0/PF_CCC_C2_0/pll_inst_0:OUT0

No Path 

END SET PF_CCC_C2_0/PF_CCC_C2_0/pll_inst_0:OUT1 to PF_CCC_C2_0/PF_CCC_C2_0/pll_inst_0:OUT0

----------------------------------------------------

SET Register to Asynchronous

Path 1
  From: AXI4_Interconnect_0/AXI4_Interconnect_0/SlvConvertor_loop[0].slvcnv/genblk1.rsync/sysReset:CLK
  To:   AXI4_Interconnect_0/AXI4_Interconnect_0/SlvConvertor_loop[0].slvcnv/slvCDC/genblk1.genblk1.cdc_WChan/rdGrayCounter/cntBinary_Z[1]:ALn
  Delay (ns):              3.837
  Arrival (ns):            5.704
  Recovery (ns):           0.209
  Minimum Period (ns):     4.151
  Skew (ns):               0.105
  Operating Conditions: slow_lv_ht

Path 2
  From: AXI4_Interconnect_0/AXI4_Interconnect_0/SlvConvertor_loop[0].slvcnv/genblk1.rsync/sysReset:CLK
  To:   AXI4_Interconnect_0/AXI4_Interconnect_0/SlvConvertor_loop[0].slvcnv/slvCDC/genblk1.genblk1.cdc_WChan/rdGrayCounter/cntBinary_Z[0]:ALn
  Delay (ns):              3.837
  Arrival (ns):            5.704
  Recovery (ns):           0.209
  Minimum Period (ns):     4.151
  Skew (ns):               0.105
  Operating Conditions: slow_lv_ht

Path 3
  From: AXI4_Interconnect_0/AXI4_Interconnect_0/SlvConvertor_loop[0].slvcnv/genblk1.rsync/sysReset:CLK
  To:   AXI4_Interconnect_0/AXI4_Interconnect_0/SlvConvertor_loop[0].slvcnv/slvCDC/genblk1.cdc_BChan/wrGrayCounterP1/cntGray[1]:ALn
  Delay (ns):              3.468
  Arrival (ns):            5.335
  Recovery (ns):           0.196
  Minimum Period (ns):     3.784
  Skew (ns):               0.120
  Operating Conditions: slow_lv_ht

Path 4
  From: AXI4_Interconnect_0/AXI4_Interconnect_0/SlvConvertor_loop[0].slvcnv/genblk1.rsync/sysReset:CLK
  To:   AXI4_Interconnect_0/AXI4_Interconnect_0/SlvConvertor_loop[0].slvcnv/slvCDC/genblk1.cdc_BChan/wrGrayCounterP1/cntGray[0]:ALn
  Delay (ns):              3.468
  Arrival (ns):            5.335
  Recovery (ns):           0.196
  Minimum Period (ns):     3.784
  Skew (ns):               0.120
  Operating Conditions: slow_lv_ht

Path 5
  From: AXI4_Interconnect_0/AXI4_Interconnect_0/SlvConvertor_loop[0].slvcnv/genblk1.rsync/sysReset:CLK
  To:   AXI4_Interconnect_0/AXI4_Interconnect_0/SlvConvertor_loop[0].slvcnv/slvCDC/genblk1.cdc_BChan/rdPtr_s2[2]:ALn
  Delay (ns):              3.468
  Arrival (ns):            5.335
  Recovery (ns):           0.196
  Minimum Period (ns):     3.784
  Skew (ns):               0.120
  Operating Conditions: slow_lv_ht


Expanded Path 1
  From: AXI4_Interconnect_0/AXI4_Interconnect_0/SlvConvertor_loop[0].slvcnv/genblk1.rsync/sysReset:CLK
  To: AXI4_Interconnect_0/AXI4_Interconnect_0/SlvConvertor_loop[0].slvcnv/slvCDC/genblk1.genblk1.cdc_WChan/rdGrayCounter/cntBinary_Z[1]:ALn
  data required time                                    N/C
  data arrival time                          -        5.704
  slack                                                 N/C
  ________________________________________________________
  Data arrival time calculation
  0.000                        PF_CCC_C2_0/PF_CCC_C2_0/pll_inst_0:OUT0
               +     0.000          Clock source
  0.000                        PF_CCC_C2_0/PF_CCC_C2_0/pll_inst_0:OUT0 (r)
               +     0.222          net: PF_CCC_C2_0/PF_CCC_C2_0/pll_inst_0_clkint_0
  0.222                        PF_CCC_C2_0/PF_CCC_C2_0/clkint_0_1:A (r)
               +     0.144          cell: ADLIB:ICB_CLKINT
  0.366                        PF_CCC_C2_0/PF_CCC_C2_0/clkint_0_1:Y (r)
               +     0.363          net: PF_CCC_C2_0/PF_CCC_C2_0/clkint_0_NET
  0.729                        PF_CCC_C2_0/PF_CCC_C2_0/clkint_0:A (r)
               +     0.174          cell: ADLIB:GB
  0.903                        PF_CCC_C2_0/PF_CCC_C2_0/clkint_0:Y (r)
               +     0.362          net: PF_CCC_C2_0/PF_CCC_C2_0/clkint_0/U0_Y
  1.265                        PF_CCC_C2_0/PF_CCC_C2_0/clkint_0/U0_RGB1_RGB2:A (r)
               +     0.058          cell: ADLIB:RGB
  1.323                        PF_CCC_C2_0/PF_CCC_C2_0/clkint_0/U0_RGB1_RGB2:Y (f)
               +     0.544          net: PF_CCC_C2_0/PF_CCC_C2_0/clkint_0/U0_RGB1_RGB2_rgb_net_1
  1.867                        AXI4_Interconnect_0/AXI4_Interconnect_0/SlvConvertor_loop[0].slvcnv/genblk1.rsync/sysReset:CLK (r)
               +     0.201          cell: ADLIB:SLE
  2.068                        AXI4_Interconnect_0/AXI4_Interconnect_0/SlvConvertor_loop[0].slvcnv/genblk1.rsync/sysReset:Q (r)
               +     3.636          net: AXI4_Interconnect_0/AXI4_Interconnect_0/SlvConvertor_loop[0].slvcnv/sysReset
  5.704                        AXI4_Interconnect_0/AXI4_Interconnect_0/SlvConvertor_loop[0].slvcnv/slvCDC/genblk1.genblk1.cdc_WChan/rdGrayCounter/cntBinary_Z[1]:ALn (r)
                                    
  5.704                        data arrival time
  ________________________________________________________
  Data required time calculation
  N/C                          PF_CCC_C2_0/PF_CCC_C2_0/pll_inst_0:OUT0
               +     0.000          Clock source
  N/C                          PF_CCC_C2_0/PF_CCC_C2_0/pll_inst_0:OUT0 (r)
               +     0.202          net: PF_CCC_C2_0/PF_CCC_C2_0/pll_inst_0_clkint_0
  N/C                          PF_CCC_C2_0/PF_CCC_C2_0/clkint_0_1:A (r)
               +     0.124          cell: ADLIB:ICB_CLKINT
  N/C                          PF_CCC_C2_0/PF_CCC_C2_0/clkint_0_1:Y (r)
               +     0.330          net: PF_CCC_C2_0/PF_CCC_C2_0/clkint_0_NET
  N/C                          PF_CCC_C2_0/PF_CCC_C2_0/clkint_0:A (r)
               +     0.158          cell: ADLIB:GB
  N/C                          PF_CCC_C2_0/PF_CCC_C2_0/clkint_0:Y (r)
               +     0.325          net: PF_CCC_C2_0/PF_CCC_C2_0/clkint_0/U0_Y
  N/C                          PF_CCC_C2_0/PF_CCC_C2_0/clkint_0/U0_RGB1_RGB1:A (r)
               +     0.049          cell: ADLIB:RGB
  N/C                          PF_CCC_C2_0/PF_CCC_C2_0/clkint_0/U0_RGB1_RGB1:Y (f)
               +     0.471          net: PF_CCC_C2_0/PF_CCC_C2_0/clkint_0/U0_RGB1_RGB1_rgb_net_1
  N/C                          AXI4_Interconnect_0/AXI4_Interconnect_0/SlvConvertor_loop[0].slvcnv/slvCDC/genblk1.genblk1.cdc_WChan/rdGrayCounter/cntBinary_Z[1]:CLK (r)
               +     0.103          
  N/C                          clock reconvergence pessimism
               -     0.209          Library recovery time: ADLIB:SLE
  N/C                          AXI4_Interconnect_0/AXI4_Interconnect_0/SlvConvertor_loop[0].slvcnv/slvCDC/genblk1.genblk1.cdc_WChan/rdGrayCounter/cntBinary_Z[1]:ALn


Operating Conditions : slow_lv_ht

END SET Register to Asynchronous

----------------------------------------------------

SET External Recovery

No Path 

END SET External Recovery

----------------------------------------------------

SET Asynchronous to Register

No Path 

END SET Asynchronous to Register

----------------------------------------------------

Clock Domain PF_CCC_C2_0/PF_CCC_C2_0/pll_inst_0:OUT1

SET Register to Register

Path 1
  From: AXI4_Interconnect_0/AXI4_Interconnect_0/axicb/cb.derr/DERR_RVALID:CLK
  To:   AXI4_Interconnect_0/AXI4_Interconnect_0/SlvConvertor_loop[1].slvcnv/rgsl/genblk3.rrs/sDat[13]:EN
  Delay (ns):              6.526
  Arrival (ns):            8.360
  Setup (ns):              0.128
  Minimum Period (ns):     6.736
  Operating Conditions: slow_lv_ht

Path 2
  From: AXI4_Interconnect_0/AXI4_Interconnect_0/axicb/cb.derr/DERR_RVALID:CLK
  To:   AXI4_Interconnect_0/AXI4_Interconnect_0/SlvConvertor_loop[1].slvcnv/rgsl/genblk3.rrs/sDat[10]:EN
  Delay (ns):              6.526
  Arrival (ns):            8.360
  Setup (ns):              0.128
  Minimum Period (ns):     6.736
  Operating Conditions: slow_lv_ht

Path 3
  From: AXI4_Interconnect_0/AXI4_Interconnect_0/axicb/cb.derr/DERR_RVALID:CLK
  To:   AXI4_Interconnect_0/AXI4_Interconnect_0/SlvConvertor_loop[1].slvcnv/rgsl/genblk3.rrs/sDat[11]:EN
  Delay (ns):              6.525
  Arrival (ns):            8.359
  Setup (ns):              0.128
  Minimum Period (ns):     6.735
  Operating Conditions: slow_lv_ht

Path 4
  From: AXI4_Interconnect_0/AXI4_Interconnect_0/axicb/cb.derr/readID[4]:CLK
  To:   AXI4_Interconnect_0/AXI4_Interconnect_0/SlvConvertor_loop[1].slvcnv/rgsl/genblk3.rrs/sDat[13]:EN
  Delay (ns):              6.388
  Arrival (ns):            8.231
  Setup (ns):              0.128
  Minimum Period (ns):     6.607
  Operating Conditions: slow_lv_ht

Path 5
  From: AXI4_Interconnect_0/AXI4_Interconnect_0/axicb/cb.derr/readID[4]:CLK
  To:   AXI4_Interconnect_0/AXI4_Interconnect_0/SlvConvertor_loop[1].slvcnv/rgsl/genblk3.rrs/sDat[10]:EN
  Delay (ns):              6.388
  Arrival (ns):            8.231
  Setup (ns):              0.128
  Minimum Period (ns):     6.607
  Operating Conditions: slow_lv_ht


Expanded Path 1
  From: AXI4_Interconnect_0/AXI4_Interconnect_0/axicb/cb.derr/DERR_RVALID:CLK
  To: AXI4_Interconnect_0/AXI4_Interconnect_0/SlvConvertor_loop[1].slvcnv/rgsl/genblk3.rrs/sDat[13]:EN
  data required time                                    N/C
  data arrival time                          -        8.360
  slack                                                 N/C
  ________________________________________________________
  Data arrival time calculation
  0.000                        PF_CCC_C2_0/PF_CCC_C2_0/pll_inst_0:OUT1
               +     0.000          Clock source
  0.000                        PF_CCC_C2_0/PF_CCC_C2_0/pll_inst_0:OUT1 (r)
               +     0.206          net: PF_CCC_C2_0/PF_CCC_C2_0/pll_inst_0_clkint_4
  0.206                        PF_CCC_C2_0/PF_CCC_C2_0/clkint_4_1:A (r)
               +     0.143          cell: ADLIB:ICB_CLKINT
  0.349                        PF_CCC_C2_0/PF_CCC_C2_0/clkint_4_1:Y (r)
               +     0.363          net: PF_CCC_C2_0/PF_CCC_C2_0/clkint_4_NET
  0.712                        PF_CCC_C2_0/PF_CCC_C2_0/clkint_4/U0_GB0:A (r)
               +     0.173          cell: ADLIB:GB
  0.885                        PF_CCC_C2_0/PF_CCC_C2_0/clkint_4/U0_GB0:Y (r)
               +     0.361          net: PF_CCC_C2_0/PF_CCC_C2_0/clkint_4/U0_gbs_1
  1.246                        PF_CCC_C2_0/PF_CCC_C2_0/clkint_4/U0_RGB1_RGB3:A (r)
               +     0.058          cell: ADLIB:RGB
  1.304                        PF_CCC_C2_0/PF_CCC_C2_0/clkint_4/U0_RGB1_RGB3:Y (f)
               +     0.530          net: PF_CCC_C2_0/PF_CCC_C2_0/clkint_4/U0_RGB1_RGB3_rgb_net_1
  1.834                        AXI4_Interconnect_0/AXI4_Interconnect_0/axicb/cb.derr/DERR_RVALID:CLK (r)
               +     0.201          cell: ADLIB:SLE
  2.035                        AXI4_Interconnect_0/AXI4_Interconnect_0/axicb/cb.derr/DERR_RVALID:Q (r)
               +     0.831          net: AXI4_Interconnect_0/AXI4_Interconnect_0/axicb/DERR_RVALID
  2.866                        AXI4_Interconnect_0/AXI4_Interconnect_0/axicb/cb.rDCon/MD.genblk1[0].rdcon/rdFif.reqQual/slaveValidQual_1[5]:A (r)
               +     0.090          cell: ADLIB:CFG3
  2.956                        AXI4_Interconnect_0/AXI4_Interconnect_0/axicb/cb.rDCon/MD.genblk1[0].rdcon/rdFif.reqQual/slaveValidQual_1[5]:Y (r)
               +     0.418          net: AXI4_Interconnect_0/AXI4_Interconnect_0/axicb/cb.rDCon/MD.genblk1[0].rdcon/slaveValidQual[5]
  3.374                        AXI4_Interconnect_0/AXI4_Interconnect_0/axicb/cb.rDCon/MD.genblk1[0].rdcon/rdFif.rdFif/slaveValidQual_pmux_5_2:D (r)
               +     0.238          cell: ADLIB:CFG4
  3.612                        AXI4_Interconnect_0/AXI4_Interconnect_0/axicb/cb.rDCon/MD.genblk1[0].rdcon/rdFif.rdFif/slaveValidQual_pmux_5_2:Y (r)
               +     0.418          net: AXI4_Interconnect_0/AXI4_Interconnect_0/axicb/cb.rDCon/MD.genblk1[0].rdcon/rdFif.rdFif/slaveValidQual_pmux_5_2_Z
  4.030                        AXI4_Interconnect_0/AXI4_Interconnect_0/axicb/cb.rDCon/MD.genblk1[0].rdcon/rdFif.rdFif/slaveValidQual_pmux_5_2_0_RNIBR311:A (r)
               +     0.078          cell: ADLIB:CFG3
  4.108                        AXI4_Interconnect_0/AXI4_Interconnect_0/axicb/cb.rDCon/MD.genblk1[0].rdcon/rdFif.rdFif/slaveValidQual_pmux_5_2_0_RNIBR311:Y (r)
               +     0.457          net: AXI4_Interconnect_0/AXI4_Interconnect_0/axicb/cb.rDCon/MD.genblk1[0].rdcon/slaveValidQual_pmux
  4.565                        AXI4_Interconnect_0/AXI4_Interconnect_0/axicb/cb.rDCon/MD.genblk1[0].rdcon/rdmx/arbEnable_0:B (r)
               +     0.090          cell: ADLIB:CFG3
  4.655                        AXI4_Interconnect_0/AXI4_Interconnect_0/axicb/cb.rDCon/MD.genblk1[0].rdcon/rdmx/arbEnable_0:Y (r)
               +     0.375          net: AXI4_Interconnect_0/AXI4_Interconnect_0/axicb/cb.rDCon/N_140
  5.030                        AXI4_Interconnect_0/AXI4_Interconnect_0/axicb/cb.rDCon/SLAVE_READY_0_a4_0[1]:B (r)
               +     0.156          cell: ADLIB:CFG3
  5.186                        AXI4_Interconnect_0/AXI4_Interconnect_0/axicb/cb.rDCon/SLAVE_READY_0_a4_0[1]:Y (r)
               +     0.517          net: AXI4_Interconnect_0/AXI4_Interconnect_0/slaveRREADY[1]
  5.703                        AXI4_Interconnect_0/AXI4_Interconnect_0/SlvConvertor_loop[1].slvcnv/rgsl/genblk3.rrs/currState_RNITGB71[1]:D (r)
               +     0.171          cell: ADLIB:CFG4
  5.874                        AXI4_Interconnect_0/AXI4_Interconnect_0/SlvConvertor_loop[1].slvcnv/rgsl/genblk3.rrs/currState_RNITGB71[1]:Y (r)
               +     2.486          net: AXI4_Interconnect_0/AXI4_Interconnect_0/SlvConvertor_loop[1].slvcnv/rgsl/genblk3.rrs/N_167_i
  8.360                        AXI4_Interconnect_0/AXI4_Interconnect_0/SlvConvertor_loop[1].slvcnv/rgsl/genblk3.rrs/sDat[13]:EN (r)
                                    
  8.360                        data arrival time
  ________________________________________________________
  Data required time calculation
  N/C                          PF_CCC_C2_0/PF_CCC_C2_0/pll_inst_0:OUT1
               +     0.000          Clock source
  N/C                          PF_CCC_C2_0/PF_CCC_C2_0/pll_inst_0:OUT1 (r)
               +     0.188          net: PF_CCC_C2_0/PF_CCC_C2_0/pll_inst_0_clkint_4
  N/C                          PF_CCC_C2_0/PF_CCC_C2_0/clkint_4_1:A (r)
               +     0.124          cell: ADLIB:ICB_CLKINT
  N/C                          PF_CCC_C2_0/PF_CCC_C2_0/clkint_4_1:Y (r)
               +     0.331          net: PF_CCC_C2_0/PF_CCC_C2_0/clkint_4_NET
  N/C                          PF_CCC_C2_0/PF_CCC_C2_0/clkint_4/U0_GB0:A (r)
               +     0.158          cell: ADLIB:GB
  N/C                          PF_CCC_C2_0/PF_CCC_C2_0/clkint_4/U0_GB0:Y (r)
               +     0.331          net: PF_CCC_C2_0/PF_CCC_C2_0/clkint_4/U0_gbs_1
  N/C                          PF_CCC_C2_0/PF_CCC_C2_0/clkint_4/U0_RGB1_RGB9:A (r)
               +     0.049          cell: ADLIB:RGB
  N/C                          PF_CCC_C2_0/PF_CCC_C2_0/clkint_4/U0_RGB1_RGB9:Y (f)
               +     0.483          net: PF_CCC_C2_0/PF_CCC_C2_0/clkint_4/U0_RGB1_RGB9_rgb_net_1
  N/C                          AXI4_Interconnect_0/AXI4_Interconnect_0/SlvConvertor_loop[1].slvcnv/rgsl/genblk3.rrs/sDat[13]:CLK (r)
               +     0.088          
  N/C                          clock reconvergence pessimism
               -     0.128          Library setup time: ADLIB:SLE
  N/C                          AXI4_Interconnect_0/AXI4_Interconnect_0/SlvConvertor_loop[1].slvcnv/rgsl/genblk3.rrs/sDat[13]:EN


Operating Conditions : slow_lv_ht

END SET Register to Register

----------------------------------------------------

SET External Setup

No Path 

END SET External Setup

----------------------------------------------------

SET Clock to Output

No Path 

END SET Clock to Output

----------------------------------------------------

SET PCIe_EP_0/PCIe_TL_CLK_0/CLK_DIV2_0/CLK_DIV2_0/I_CD:Y_DIV to PF_CCC_C2_0/PF_CCC_C2_0/pll_inst_0:OUT1

No Path 

END SET PCIe_EP_0/PCIe_TL_CLK_0/CLK_DIV2_0/CLK_DIV2_0/I_CD:Y_DIV to PF_CCC_C2_0/PF_CCC_C2_0/pll_inst_0:OUT1

----------------------------------------------------

SET PCIe_EP_0/PCIe_TX_PLL_0/PCIe_TX_PLL_0/txpll_isnt_0:DIV_CLK to PF_CCC_C2_0/PF_CCC_C2_0/pll_inst_0:OUT1

No Path 

END SET PCIe_EP_0/PCIe_TX_PLL_0/PCIe_TX_PLL_0/txpll_isnt_0:DIV_CLK to PF_CCC_C2_0/PF_CCC_C2_0/pll_inst_0:OUT1

----------------------------------------------------

SET PF_CCC_C2_0/PF_CCC_C2_0/pll_inst_0:OUT0 to PF_CCC_C2_0/PF_CCC_C2_0/pll_inst_0:OUT1

No Path 

END SET PF_CCC_C2_0/PF_CCC_C2_0/pll_inst_0:OUT0 to PF_CCC_C2_0/PF_CCC_C2_0/pll_inst_0:OUT1

----------------------------------------------------

SET Register to Asynchronous

Path 1
  From: PF_RESET_0/PF_RESET_0/dff_15_rep:CLK
  To:   CoreDMA_IO_CTRL_0/CoreDMA_Controller_0/CoreDMA_Controller_0/CAXI4DMAOOlOI/CAXI4DMAO0O1I/CAXI4DMAOOOll[37]:ALn
  Delay (ns):              2.342
  Arrival (ns):            4.207
  Recovery (ns):           0.209
  Minimum Period (ns):     2.668
  Skew (ns):               0.117
  Operating Conditions: slow_lv_ht

Path 2
  From: PF_RESET_0/PF_RESET_0/dff_15_rep:CLK
  To:   CoreDMA_IO_CTRL_0/CoreDMA_Controller_0/CoreDMA_Controller_0/CAXI4DMAOOlOI/CAXI4DMAO0O1I/CAXI4DMAOOOll[29]:ALn
  Delay (ns):              2.342
  Arrival (ns):            4.207
  Recovery (ns):           0.209
  Minimum Period (ns):     2.668
  Skew (ns):               0.117
  Operating Conditions: slow_lv_ht

Path 3
  From: PF_RESET_0/PF_RESET_0/dff_15_rep:CLK
  To:   CoreDMA_IO_CTRL_0/CoreDMA_Controller_0/CoreDMA_Controller_0/CAXI4DMAO0IOI/CAXI4DMAO1IOI_1[58]:ALn
  Delay (ns):              2.344
  Arrival (ns):            4.209
  Recovery (ns):           0.209
  Minimum Period (ns):     2.668
  Skew (ns):               0.115
  Operating Conditions: slow_lv_ht

Path 4
  From: PF_RESET_0/PF_RESET_0/dff_15_rep:CLK
  To:   CoreDMA_IO_CTRL_0/CoreDMA_Controller_0/CoreDMA_Controller_0/CAXI4DMAI00OI/CAXI4DMAI10_Z[77]:ALn
  Delay (ns):              2.344
  Arrival (ns):            4.209
  Recovery (ns):           0.209
  Minimum Period (ns):     2.668
  Skew (ns):               0.115
  Operating Conditions: slow_lv_ht

Path 5
  From: PF_RESET_0/PF_RESET_0/dff_15_rep:CLK
  To:   CoreDMA_IO_CTRL_0/CoreDMA_Controller_0/CoreDMA_Controller_0/CAXI4DMAI00OI/CAXI4DMAI10_Z[35]:ALn
  Delay (ns):              2.342
  Arrival (ns):            4.207
  Recovery (ns):           0.209
  Minimum Period (ns):     2.667
  Skew (ns):               0.116
  Operating Conditions: slow_lv_ht


Expanded Path 1
  From: PF_RESET_0/PF_RESET_0/dff_15_rep:CLK
  To: CoreDMA_IO_CTRL_0/CoreDMA_Controller_0/CoreDMA_Controller_0/CAXI4DMAOOlOI/CAXI4DMAO0O1I/CAXI4DMAOOOll[37]:ALn
  data required time                                    N/C
  data arrival time                          -        4.207
  slack                                                 N/C
  ________________________________________________________
  Data arrival time calculation
  0.000                        PF_CCC_C2_0/PF_CCC_C2_0/pll_inst_0:OUT1
               +     0.000          Clock source
  0.000                        PF_CCC_C2_0/PF_CCC_C2_0/pll_inst_0:OUT1 (r)
               +     0.206          net: PF_CCC_C2_0/PF_CCC_C2_0/pll_inst_0_clkint_4
  0.206                        PF_CCC_C2_0/PF_CCC_C2_0/clkint_4_1:A (r)
               +     0.143          cell: ADLIB:ICB_CLKINT
  0.349                        PF_CCC_C2_0/PF_CCC_C2_0/clkint_4_1:Y (r)
               +     0.363          net: PF_CCC_C2_0/PF_CCC_C2_0/clkint_4_NET
  0.712                        PF_CCC_C2_0/PF_CCC_C2_0/clkint_4:A (r)
               +     0.172          cell: ADLIB:GB
  0.884                        PF_CCC_C2_0/PF_CCC_C2_0/clkint_4:Y (r)
               +     0.355          net: PF_CCC_C2_0/PF_CCC_C2_0/clkint_4/U0_Y
  1.239                        PF_CCC_C2_0/PF_CCC_C2_0/clkint_4/U0_RGB1_RGB8:A (r)
               +     0.058          cell: ADLIB:RGB
  1.297                        PF_CCC_C2_0/PF_CCC_C2_0/clkint_4/U0_RGB1_RGB8:Y (f)
               +     0.568          net: PF_CCC_C2_0/PF_CCC_C2_0/clkint_4/U0_RGB1_RGB8_rgb_net_1
  1.865                        PF_RESET_0/PF_RESET_0/dff_15_rep:CLK (r)
               +     0.209          cell: ADLIB:SLE
  2.074                        PF_RESET_0/PF_RESET_0/dff_15_rep:Q (r)
               +     1.010          net: PF_RESET_0/PF_RESET_0/dff_15_rep_Z
  3.084                        PF_RESET_0/PF_RESET_0/dff_15_rep_RNI5GV3/U0_GB0:A (r)
               +     0.129          cell: ADLIB:GB
  3.213                        PF_RESET_0/PF_RESET_0/dff_15_rep_RNI5GV3/U0_GB0:Y (r)
               +     0.366          net: PF_RESET_0/PF_RESET_0/dff_15_rep_RNI5GV3/U0_gbs_1
  3.579                        PF_RESET_0/PF_RESET_0/dff_15_rep_RNI5GV3/U0_RGB1_RGB5:A (r)
               +     0.058          cell: ADLIB:RGB
  3.637                        PF_RESET_0/PF_RESET_0/dff_15_rep_RNI5GV3/U0_RGB1_RGB5:Y (f)
               +     0.570          net: PF_RESET_0/PF_RESET_0/dff_15_rep_RNI5GV3/U0_RGB1_RGB5_rgb_net_1
  4.207                        CoreDMA_IO_CTRL_0/CoreDMA_Controller_0/CoreDMA_Controller_0/CAXI4DMAOOlOI/CAXI4DMAO0O1I/CAXI4DMAOOOll[37]:ALn (r)
                                    
  4.207                        data arrival time
  ________________________________________________________
  Data required time calculation
  N/C                          PF_CCC_C2_0/PF_CCC_C2_0/pll_inst_0:OUT1
               +     0.000          Clock source
  N/C                          PF_CCC_C2_0/PF_CCC_C2_0/pll_inst_0:OUT1 (r)
               +     0.188          net: PF_CCC_C2_0/PF_CCC_C2_0/pll_inst_0_clkint_4
  N/C                          PF_CCC_C2_0/PF_CCC_C2_0/clkint_4_1:A (r)
               +     0.124          cell: ADLIB:ICB_CLKINT
  N/C                          PF_CCC_C2_0/PF_CCC_C2_0/clkint_4_1:Y (r)
               +     0.331          net: PF_CCC_C2_0/PF_CCC_C2_0/clkint_4_NET
  N/C                          PF_CCC_C2_0/PF_CCC_C2_0/clkint_4/U0_GB0:A (r)
               +     0.158          cell: ADLIB:GB
  N/C                          PF_CCC_C2_0/PF_CCC_C2_0/clkint_4/U0_GB0:Y (r)
               +     0.333          net: PF_CCC_C2_0/PF_CCC_C2_0/clkint_4/U0_gbs_1
  N/C                          PF_CCC_C2_0/PF_CCC_C2_0/clkint_4/U0_RGB1_RGB5:A (r)
               +     0.049          cell: ADLIB:RGB
  N/C                          PF_CCC_C2_0/PF_CCC_C2_0/clkint_4/U0_RGB1_RGB5:Y (f)
               +     0.496          net: PF_CCC_C2_0/PF_CCC_C2_0/clkint_4/U0_RGB1_RGB5_rgb_net_1
  N/C                          CoreDMA_IO_CTRL_0/CoreDMA_Controller_0/CoreDMA_Controller_0/CAXI4DMAOOlOI/CAXI4DMAO0O1I/CAXI4DMAOOOll[37]:CLK (r)
               +     0.069          
  N/C                          clock reconvergence pessimism
               -     0.209          Library recovery time: ADLIB:SLE
  N/C                          CoreDMA_IO_CTRL_0/CoreDMA_Controller_0/CoreDMA_Controller_0/CAXI4DMAOOlOI/CAXI4DMAO0O1I/CAXI4DMAOOOll[37]:ALn


Operating Conditions : slow_lv_ht

END SET Register to Asynchronous

----------------------------------------------------

SET External Recovery

Path 1
  From: USER_RESETN
  To:   PF_RESET_0/PF_RESET_0/dff_12:ALn
  Delay (ns):              6.450
  Arrival (ns):            6.450
  Recovery (ns):           0.209
  External Recovery (ns):   4.984
  Operating Conditions: slow_lv_ht

Path 2
  From: USER_RESETN
  To:   PF_RESET_0/PF_RESET_0/dff_9:ALn
  Delay (ns):              6.449
  Arrival (ns):            6.449
  Recovery (ns):           0.209
  External Recovery (ns):   4.983
  Operating Conditions: slow_lv_ht

Path 3
  From: USER_RESETN
  To:   PF_RESET_0/PF_RESET_0/dff_8:ALn
  Delay (ns):              6.449
  Arrival (ns):            6.449
  Recovery (ns):           0.209
  External Recovery (ns):   4.983
  Operating Conditions: slow_lv_ht

Path 4
  From: USER_RESETN
  To:   PF_RESET_0/PF_RESET_0/dff_15:ALn
  Delay (ns):              6.448
  Arrival (ns):            6.448
  Recovery (ns):           0.209
  External Recovery (ns):   4.982
  Operating Conditions: slow_lv_ht

Path 5
  From: USER_RESETN
  To:   PF_RESET_0/PF_RESET_0/dff_14:ALn
  Delay (ns):              6.448
  Arrival (ns):            6.448
  Recovery (ns):           0.209
  External Recovery (ns):   4.982
  Operating Conditions: slow_lv_ht


Expanded Path 1
  From: USER_RESETN
  To: PF_RESET_0/PF_RESET_0/dff_12:ALn
  data required time                                    N/C
  data arrival time                          -        6.450
  slack                                                 N/C
  ________________________________________________________
  Data arrival time calculation
  0.000                        USER_RESETN (r)
               +     0.000          net: USER_RESETN
  0.000                        USER_RESETN_ibuf/U_IOPAD:PAD (r)
               +     1.322          cell: ADLIB:IOPAD_IN
  1.322                        USER_RESETN_ibuf/U_IOPAD:Y (r)
               +     0.000          net: USER_RESETN_ibuf/YIN
  1.322                        USER_RESETN_ibuf/U_IOIN:YIN (r)
               +     0.346          cell: ADLIB:IOIN_IB_E
  1.668                        USER_RESETN_ibuf/U_IOIN:Y (r)
               +     2.737          net: USER_RESETN_c
  4.405                        PF_RESET_0/PF_RESET_0/un1_D:A (r)
               +     0.171          cell: ADLIB:CFG4
  4.576                        PF_RESET_0/PF_RESET_0/un1_D:Y (r)
               +     1.874          net: PF_RESET_0/PF_RESET_0/un1_INTERNAL_RST_i
  6.450                        PF_RESET_0/PF_RESET_0/dff_12:ALn (r)
                                    
  6.450                        data arrival time
  ________________________________________________________
  Data required time calculation
  N/C                          PF_CCC_C2_0/PF_CCC_C2_0/pll_inst_0:OUT1
               +     0.000          Clock source
  N/C                          PF_CCC_C2_0/PF_CCC_C2_0/pll_inst_0:OUT1 (r)
               +     0.188          net: PF_CCC_C2_0/PF_CCC_C2_0/pll_inst_0_clkint_4
  N/C                          PF_CCC_C2_0/PF_CCC_C2_0/clkint_4_1:A (r)
               +     0.124          cell: ADLIB:ICB_CLKINT
  N/C                          PF_CCC_C2_0/PF_CCC_C2_0/clkint_4_1:Y (r)
               +     0.331          net: PF_CCC_C2_0/PF_CCC_C2_0/clkint_4_NET
  N/C                          PF_CCC_C2_0/PF_CCC_C2_0/clkint_4:A (r)
               +     0.157          cell: ADLIB:GB
  N/C                          PF_CCC_C2_0/PF_CCC_C2_0/clkint_4:Y (r)
               +     0.324          net: PF_CCC_C2_0/PF_CCC_C2_0/clkint_4/U0_Y
  N/C                          PF_CCC_C2_0/PF_CCC_C2_0/clkint_4/U0_RGB1_RGB8:A (r)
               +     0.049          cell: ADLIB:RGB
  N/C                          PF_CCC_C2_0/PF_CCC_C2_0/clkint_4/U0_RGB1_RGB8:Y (f)
               +     0.502          net: PF_CCC_C2_0/PF_CCC_C2_0/clkint_4/U0_RGB1_RGB8_rgb_net_1
  N/C                          PF_RESET_0/PF_RESET_0/dff_12:CLK (r)
               -     0.209          Library recovery time: ADLIB:SLE
  N/C                          PF_RESET_0/PF_RESET_0/dff_12:ALn


Operating Conditions : slow_lv_ht

END SET External Recovery

----------------------------------------------------

SET Asynchronous to Register

No Path 

END SET Asynchronous to Register

----------------------------------------------------

Clock Domain PF_CCC_C2_0/PF_CCC_C2_0/pll_inst_0:OUT2

SET Register to Register

Path 1
  From: si5344a_config_0/cfg_mem_i/mem24x24x512_0/mem24x24x512_mem24x24x512_0_PF_TPSRAM_R0C0/INST_RAM1K20_IP:A_CLK
  To:   si5344a_config_0/cfg_mem_rdata_ff[7]:EN
  Delay (ns):              4.900
  Arrival (ns):            7.127
  Setup (ns):              0.127
  Minimum Period (ns):     5.267
  Operating Conditions: slow_lv_lt

Path 2
  From: si5344a_config_0/cfg_mem_i/mem24x24x512_0/mem24x24x512_mem24x24x512_0_PF_TPSRAM_R0C0/INST_RAM1K20_IP:A_CLK
  To:   si5344a_config_0/cfg_mem_rdata_ff[4]:EN
  Delay (ns):              4.900
  Arrival (ns):            7.127
  Setup (ns):              0.127
  Minimum Period (ns):     5.267
  Operating Conditions: slow_lv_lt

Path 3
  From: si5344a_config_0/cfg_mem_i/mem24x24x512_0/mem24x24x512_mem24x24x512_0_PF_TPSRAM_R0C0/INST_RAM1K20_IP:A_CLK
  To:   si5344a_config_0/cfg_mem_rdata_ff[22]:EN
  Delay (ns):              4.899
  Arrival (ns):            7.126
  Setup (ns):              0.127
  Minimum Period (ns):     5.266
  Operating Conditions: slow_lv_lt

Path 4
  From: si5344a_config_0/cfg_mem_i/mem24x24x512_0/mem24x24x512_mem24x24x512_0_PF_TPSRAM_R0C0/INST_RAM1K20_IP:A_CLK
  To:   si5344a_config_0/cfg_mem_rdata_ff[21]:EN
  Delay (ns):              4.899
  Arrival (ns):            7.126
  Setup (ns):              0.127
  Minimum Period (ns):     5.266
  Operating Conditions: slow_lv_lt

Path 5
  From: si5344a_config_0/cfg_mem_i/mem24x24x512_0/mem24x24x512_mem24x24x512_0_PF_TPSRAM_R0C0/INST_RAM1K20_IP:A_CLK
  To:   si5344a_config_0/cfg_mem_rdata_ff[20]:EN
  Delay (ns):              4.899
  Arrival (ns):            7.126
  Setup (ns):              0.127
  Minimum Period (ns):     5.266
  Operating Conditions: slow_lv_lt


Expanded Path 1
  From: si5344a_config_0/cfg_mem_i/mem24x24x512_0/mem24x24x512_mem24x24x512_0_PF_TPSRAM_R0C0/INST_RAM1K20_IP:A_CLK
  To: si5344a_config_0/cfg_mem_rdata_ff[7]:EN
  data required time                                    N/C
  data arrival time                          -        7.127
  slack                                                 N/C
  ________________________________________________________
  Data arrival time calculation
  0.000                        PF_CCC_C2_0/PF_CCC_C2_0/pll_inst_0:OUT2
               +     0.000          Clock source
  0.000                        PF_CCC_C2_0/PF_CCC_C2_0/pll_inst_0:OUT2 (r)
               +     0.506          net: PF_CCC_C2_0/PF_CCC_C2_0/pll_inst_0_clkint_8
  0.506                        PF_CCC_C2_0/PF_CCC_C2_0/clkint_8_1:A (r)
               +     0.143          cell: ADLIB:ICB_CLKINT
  0.649                        PF_CCC_C2_0/PF_CCC_C2_0/clkint_8_1:Y (r)
               +     0.320          net: PF_CCC_C2_0/PF_CCC_C2_0/clkint_8_NET
  0.969                        PF_CCC_C2_0/PF_CCC_C2_0/clkint_8:A (r)
               +     0.172          cell: ADLIB:GB
  1.141                        PF_CCC_C2_0/PF_CCC_C2_0/clkint_8:Y (r)
               +     0.336          net: PF_CCC_C2_0/PF_CCC_C2_0/clkint_8/U0_Y
  1.477                        PF_CCC_C2_0/PF_CCC_C2_0/clkint_8/U0_RGB1_RGB0:A (r)
               +     0.059          cell: ADLIB:RGB
  1.536                        PF_CCC_C2_0/PF_CCC_C2_0/clkint_8/U0_RGB1_RGB0:Y (f)
               +     0.691          net: PF_CCC_C2_0/PF_CCC_C2_0/clkint_8/U0_RGB1_RGB0_rgb_net_1
  2.227                        si5344a_config_0/cfg_mem_i/mem24x24x512_0/mem24x24x512_mem24x24x512_0_PF_TPSRAM_R0C0/INST_RAM1K20_IP:A_CLK (r)
               +     2.235          cell: ADLIB:RAM1K20_IP
  4.462                        si5344a_config_0/cfg_mem_i/mem24x24x512_0/mem24x24x512_mem24x24x512_0_PF_TPSRAM_R0C0/INST_RAM1K20_IP:B_DOUT[2] (f)
               +     0.587          net: si5344a_config_0/cfg_mem_rdata[2]
  5.049                        si5344a_config_0/i2c_rdata_buf_i/fifo8x8x16_0/genblk18.fifo_corefifo_sync_scntr/un204_clk_6:B (f)
               +     0.192          cell: ADLIB:CFG4
  5.241                        si5344a_config_0/i2c_rdata_buf_i/fifo8x8x16_0/genblk18.fifo_corefifo_sync_scntr/un204_clk_6:Y (f)
               +     0.180          net: si5344a_config_0/i2c_rdata_buf_i/fifo8x8x16_0/genblk18.fifo_corefifo_sync_scntr/un204_clk_6_Z
  5.421                        si5344a_config_0/i2c_rdata_buf_i/fifo8x8x16_0/genblk18.fifo_corefifo_sync_scntr/un204_clk_15:B (f)
               +     0.192          cell: ADLIB:CFG4
  5.613                        si5344a_config_0/i2c_rdata_buf_i/fifo8x8x16_0/genblk18.fifo_corefifo_sync_scntr/un204_clk_15:Y (f)
               +     0.277          net: si5344a_config_0/i2c_rdata_buf_i/fifo8x8x16_0/genblk18.fifo_corefifo_sync_scntr/un204_clk_15_Z
  5.890                        si5344a_config_0/i2c_rdata_buf_i/fifo8x8x16_0/genblk18.fifo_corefifo_sync_scntr/un204_clk:D (f)
               +     0.077          cell: ADLIB:CFG4
  5.967                        si5344a_config_0/i2c_rdata_buf_i/fifo8x8x16_0/genblk18.fifo_corefifo_sync_scntr/un204_clk:Y (f)
               +     0.135          net: si5344a_config_0/i2c_rdata_buf_i/fifo8x8x16_0/genblk18.fifo_corefifo_sync_scntr/un204_clk_Z
  6.102                        si5344a_config_0/i2c_rdata_buf_i/fifo8x8x16_0/genblk18.fifo_corefifo_sync_scntr/cfg_state_9_sqmuxa_2:B (f)
               +     0.130          cell: ADLIB:CFG4
  6.232                        si5344a_config_0/i2c_rdata_buf_i/fifo8x8x16_0/genblk18.fifo_corefifo_sync_scntr/cfg_state_9_sqmuxa_2:Y (r)
               +     0.309          net: si5344a_config_0/cfg_state_9_sqmuxa_2
  6.541                        si5344a_config_0/i2c_rdata_buf_i/fifo8x8x16_0/genblk18.fifo_corefifo_sync_scntr/cfg_state_9_sqmuxa:C (r)
               +     0.125          cell: ADLIB:CFG3
  6.666                        si5344a_config_0/i2c_rdata_buf_i/fifo8x8x16_0/genblk18.fifo_corefifo_sync_scntr/cfg_state_9_sqmuxa:Y (r)
               +     0.461          net: si5344a_config_0/cfg_state_9_sqmuxa
  7.127                        si5344a_config_0/cfg_mem_rdata_ff[7]:EN (r)
                                    
  7.127                        data arrival time
  ________________________________________________________
  Data required time calculation
  N/C                          PF_CCC_C2_0/PF_CCC_C2_0/pll_inst_0:OUT2
               +     0.000          Clock source
  N/C                          PF_CCC_C2_0/PF_CCC_C2_0/pll_inst_0:OUT2 (r)
               +     0.461          net: PF_CCC_C2_0/PF_CCC_C2_0/pll_inst_0_clkint_8
  N/C                          PF_CCC_C2_0/PF_CCC_C2_0/clkint_8_1:A (r)
               +     0.124          cell: ADLIB:ICB_CLKINT
  N/C                          PF_CCC_C2_0/PF_CCC_C2_0/clkint_8_1:Y (r)
               +     0.290          net: PF_CCC_C2_0/PF_CCC_C2_0/clkint_8_NET
  N/C                          PF_CCC_C2_0/PF_CCC_C2_0/clkint_8:A (r)
               +     0.156          cell: ADLIB:GB
  N/C                          PF_CCC_C2_0/PF_CCC_C2_0/clkint_8:Y (r)
               +     0.305          net: PF_CCC_C2_0/PF_CCC_C2_0/clkint_8/U0_Y
  N/C                          PF_CCC_C2_0/PF_CCC_C2_0/clkint_8/U0_RGB1_RGB0:A (r)
               +     0.048          cell: ADLIB:RGB
  N/C                          PF_CCC_C2_0/PF_CCC_C2_0/clkint_8/U0_RGB1_RGB0:Y (f)
               +     0.444          net: PF_CCC_C2_0/PF_CCC_C2_0/clkint_8/U0_RGB1_RGB0_rgb_net_1
  N/C                          si5344a_config_0/cfg_mem_rdata_ff[7]:CLK (r)
               +     0.159          
  N/C                          clock reconvergence pessimism
               -     0.127          Library setup time: ADLIB:SLE
  N/C                          si5344a_config_0/cfg_mem_rdata_ff[7]:EN


Operating Conditions : slow_lv_lt

END SET Register to Register

----------------------------------------------------

SET External Setup

Path 1
  From: I2C_SDA
  To:   si5344a_config_0/i2c_state[16]:D
  Delay (ns):              2.651
  Arrival (ns):            2.651
  Setup (ns):              0.000
  External Setup (ns):     0.718
  Operating Conditions: slow_lv_ht

Path 2
  From: I2C_SDA
  To:   si5344a_config_0/i2c_state[18]:D
  Delay (ns):              2.469
  Arrival (ns):            2.469
  Setup (ns):              0.000
  External Setup (ns):     0.536
  Operating Conditions: slow_lv_ht

Path 3
  From: I2C_SDA
  To:   si5344a_config_0/i2c_state[11]:D
  Delay (ns):              2.460
  Arrival (ns):            2.460
  Setup (ns):              0.000
  External Setup (ns):     0.528
  Operating Conditions: slow_lv_ht

Path 4
  From: I2C_SDA
  To:   si5344a_config_0/i2c_state[4]:D
  Delay (ns):              2.416
  Arrival (ns):            2.416
  Setup (ns):              0.000
  External Setup (ns):     0.482
  Operating Conditions: slow_lv_ht

Path 5
  From: I2C_SDA
  To:   si5344a_config_0/i2c_state[23]:D
  Delay (ns):              2.411
  Arrival (ns):            2.411
  Setup (ns):              0.000
  External Setup (ns):     0.477
  Operating Conditions: slow_lv_ht


Expanded Path 1
  From: I2C_SDA
  To: si5344a_config_0/i2c_state[16]:D
  data required time                                    N/C
  data arrival time                          -        2.651
  slack                                                 N/C
  ________________________________________________________
  Data arrival time calculation
  0.000                        I2C_SDA (r)
               +     1.322          cell: ADLIB:IOPAD_BI
  1.322                        BIBUF_1/U_IOPAD:Y (r)
               +     0.000          net: BIBUF_1/YIN
  1.322                        BIBUF_1/U_IOBI:YIN (r)
               +     0.346          cell: ADLIB:IOBI_IB_OB_EB
  1.668                        BIBUF_1/U_IOBI:Y (r)
               +     0.661          net: BIBUF_1_Y
  2.329                        si5344a_config_0/i2c_rdata_buf_i/fifo8x8x16_0/genblk18.fifo_corefifo_sync_scntr/i2c_state_srsts[16]:A (r)
               +     0.286          cell: ADLIB:CFG4
  2.615                        si5344a_config_0/i2c_rdata_buf_i/fifo8x8x16_0/genblk18.fifo_corefifo_sync_scntr/i2c_state_srsts[16]:Y (f)
               +     0.036          net: si5344a_config_0/i2c_state_nss[8]
  2.651                        si5344a_config_0/i2c_state[16]:D (f)
                                    
  2.651                        data arrival time
  ________________________________________________________
  Data required time calculation
  N/C                          PF_CCC_C2_0/PF_CCC_C2_0/pll_inst_0:OUT2
               +     0.000          Clock source
  N/C                          PF_CCC_C2_0/PF_CCC_C2_0/pll_inst_0:OUT2 (r)
               +     0.458          net: PF_CCC_C2_0/PF_CCC_C2_0/pll_inst_0_clkint_8
  N/C                          PF_CCC_C2_0/PF_CCC_C2_0/clkint_8_1:A (r)
               +     0.127          cell: ADLIB:ICB_CLKINT
  N/C                          PF_CCC_C2_0/PF_CCC_C2_0/clkint_8_1:Y (r)
               +     0.317          net: PF_CCC_C2_0/PF_CCC_C2_0/clkint_8_NET
  N/C                          PF_CCC_C2_0/PF_CCC_C2_0/clkint_8:A (r)
               +     0.154          cell: ADLIB:GB
  N/C                          PF_CCC_C2_0/PF_CCC_C2_0/clkint_8:Y (r)
               +     0.324          net: PF_CCC_C2_0/PF_CCC_C2_0/clkint_8/U0_Y
  N/C                          PF_CCC_C2_0/PF_CCC_C2_0/clkint_8/U0_RGB1:A (r)
               +     0.049          cell: ADLIB:RGB
  N/C                          PF_CCC_C2_0/PF_CCC_C2_0/clkint_8/U0_RGB1:Y (f)
               +     0.504          net: PF_CCC_C2_0_OUT2_FABCLK_0
  N/C                          si5344a_config_0/i2c_state[16]:CLK (r)
               -     0.000          Library setup time: ADLIB:SLE
  N/C                          si5344a_config_0/i2c_state[16]:D


Operating Conditions : slow_lv_ht

END SET External Setup

----------------------------------------------------

SET Clock to Output

Path 1
  From: si5344a_config_0/i2c_state_fast[13]:CLK
  To:   I2C_SDA
  Delay (ns):              6.529
  Arrival (ns):            8.664
  Clock to Out (ns):       8.664
  Operating Conditions: slow_lv_ht

Path 2
  From: si5344a_config_0/i2c_clock_divider[1]:CLK
  To:   I2C_SCL
  Delay (ns):              6.383
  Arrival (ns):            8.519
  Clock to Out (ns):       8.519
  Operating Conditions: slow_lv_ht

Path 3
  From: si5344a_config_0/i2c_state[15]:CLK
  To:   I2C_SDA
  Delay (ns):              6.269
  Arrival (ns):            8.422
  Clock to Out (ns):       8.422
  Operating Conditions: slow_lv_ht

Path 4
  From: si5344a_config_0/i2c_state_fast[22]:CLK
  To:   I2C_SDA
  Delay (ns):              6.285
  Arrival (ns):            8.420
  Clock to Out (ns):       8.420
  Operating Conditions: slow_lv_ht

Path 5
  From: si5344a_config_0/i2c_state[12]:CLK
  To:   I2C_SCL
  Delay (ns):              6.257
  Arrival (ns):            8.402
  Clock to Out (ns):       8.402
  Operating Conditions: slow_lv_ht


Expanded Path 1
  From: si5344a_config_0/i2c_state_fast[13]:CLK
  To: I2C_SDA
  data required time                                    N/C
  data arrival time                          -        8.664
  slack                                                 N/C
  ________________________________________________________
  Data arrival time calculation
  0.000                        PF_CCC_C2_0/PF_CCC_C2_0/pll_inst_0:OUT2
               +     0.000          Clock source
  0.000                        PF_CCC_C2_0/PF_CCC_C2_0/pll_inst_0:OUT2 (r)
               +     0.503          net: PF_CCC_C2_0/PF_CCC_C2_0/pll_inst_0_clkint_8
  0.503                        PF_CCC_C2_0/PF_CCC_C2_0/clkint_8_1:A (r)
               +     0.147          cell: ADLIB:ICB_CLKINT
  0.650                        PF_CCC_C2_0/PF_CCC_C2_0/clkint_8_1:Y (r)
               +     0.349          net: PF_CCC_C2_0/PF_CCC_C2_0/clkint_8_NET
  0.999                        PF_CCC_C2_0/PF_CCC_C2_0/clkint_8:A (r)
               +     0.169          cell: ADLIB:GB
  1.168                        PF_CCC_C2_0/PF_CCC_C2_0/clkint_8:Y (r)
               +     0.357          net: PF_CCC_C2_0/PF_CCC_C2_0/clkint_8/U0_Y
  1.525                        PF_CCC_C2_0/PF_CCC_C2_0/clkint_8/U0_RGB1_RGB0:A (r)
               +     0.058          cell: ADLIB:RGB
  1.583                        PF_CCC_C2_0/PF_CCC_C2_0/clkint_8/U0_RGB1_RGB0:Y (f)
               +     0.552          net: PF_CCC_C2_0/PF_CCC_C2_0/clkint_8/U0_RGB1_RGB0_rgb_net_1
  2.135                        si5344a_config_0/i2c_state_fast[13]:CLK (r)
               +     0.190          cell: ADLIB:SLE
  2.325                        si5344a_config_0/i2c_state_fast[13]:Q (f)
               +     0.402          net: si5344a_config_0/i2c_state_fast_Z[13]
  2.727                        si5344a_config_0/i2c_rdata_buf_i/fifo8x8x16_0/genblk18.fifo_corefifo_sync_scntr/memwaddr_r_4_1.g0_1_0:A (f)
               +     0.166          cell: ADLIB:CFG3
  2.893                        si5344a_config_0/i2c_rdata_buf_i/fifo8x8x16_0/genblk18.fifo_corefifo_sync_scntr/memwaddr_r_4_1.g0_1_0:Y (r)
               +     0.121          net: si5344a_config_0/i2c_rdata_buf_i/fifo8x8x16_0/genblk18.fifo_corefifo_sync_scntr/g0_1_0
  3.014                        si5344a_config_0/i2c_rdata_buf_i/fifo8x8x16_0/genblk18.fifo_corefifo_sync_scntr/memwaddr_r_4_1.g0:D (r)
               +     0.120          cell: ADLIB:CFG4
  3.134                        si5344a_config_0/i2c_rdata_buf_i/fifo8x8x16_0/genblk18.fifo_corefifo_sync_scntr/memwaddr_r_4_1.g0:Y (r)
               +     0.453          net: si5344a_config_0/N_715_i
  3.587                        si5344a_config_0/wdata_shift_reg_RNIA0931[7]:C (r)
               +     0.090          cell: ADLIB:CFG4
  3.677                        si5344a_config_0/wdata_shift_reg_RNIA0931[7]:Y (r)
               +     0.144          net: G_10_0_a2_1
  3.821                        INV_1_RNO_0:C (r)
               +     0.156          cell: ADLIB:CFG4
  3.977                        INV_1_RNO_0:Y (r)
               +     0.131          net: G_10_0_1_0
  4.108                        INV_1_RNO:C (r)
               +     0.094          cell: ADLIB:CFG4
  4.202                        INV_1_RNO:Y (f)
               +     0.288          net: si5344a_config_0_SI5344A_SDAO
  4.490                        INV_1:A (f)
               +     0.050          cell: ADLIB:CFG1
  4.540                        INV_1:Y (r)
               +     0.677          net: INV_1_Y
  5.217                        BIBUF_1/U_IOBI:E (r)
               +     0.210          cell: ADLIB:IOBI_IB_OB_EB
  5.427                        BIBUF_1/U_IOBI:EOUT (r)
               +     0.000          net: BIBUF_1/EOUT
  5.427                        BIBUF_1/U_IOPAD:E (r)
               +     3.237          cell: ADLIB:IOPAD_BI
  8.664                        BIBUF_1/U_IOPAD:PAD (r)
                                    
  8.664                        data arrival time
  ________________________________________________________
  Data required time calculation
  N/C                          PF_CCC_C2_0/PF_CCC_C2_0/pll_inst_0:OUT2
               +     0.000          Clock source
  N/C                          PF_CCC_C2_0/PF_CCC_C2_0/pll_inst_0:OUT2 (r)
                                    
  N/C                          I2C_SDA (r)


Operating Conditions : slow_lv_ht

END SET Clock to Output

----------------------------------------------------

SET Register to Asynchronous

No Path 

END SET Register to Asynchronous

----------------------------------------------------

SET External Recovery

No Path 

END SET External Recovery

----------------------------------------------------

SET Asynchronous to Register

No Path 

END SET Asynchronous to Register

----------------------------------------------------

Clock Domain REF_CLK_0

Info: The maximum frequency of this clock domain is limited by the minimum pulse widths of pin REF_CLK_0_ibuf/U_IOPAD:PAD

SET Register to Register

No Path 

END SET Register to Register

----------------------------------------------------

SET External Setup

No Path 

END SET External Setup

----------------------------------------------------

SET Clock to Output

No Path 

END SET Clock to Output

----------------------------------------------------

SET Register to Asynchronous

No Path 

END SET Register to Asynchronous

----------------------------------------------------

SET External Recovery

No Path 

END SET External Recovery

----------------------------------------------------

SET Asynchronous to Register

No Path 

END SET Asynchronous to Register

----------------------------------------------------

Path set Pin to Pin

SET Input to Output

No Path 

END SET Input to Output

----------------------------------------------------

Path set User Sets

