Timing Violation Report Max Delay Analysis

SmartTime Version v2021.2
Microsemi Corporation - Microsemi Libero Software Release v2021.2 (Version 2021.2.0.11)
Date: Tue Oct  5 11:32:22 2021


Design: top
Family: PolarFire
Die: MPF100T
Package: FCVG484
Temperature Range: -40 - 100 C
Voltage Range: 0.97 - 1.03 V
Speed Grade: -1
Design State: Post-Layout
Data source: Production
Multi Corner Report Operating Conditions: slow_lv_ht, slow_lv_lt, fast_hv_lt


*** IMPORTANT RECOMMENDATION *** If you haven't done so, it is highly recommended to add clock jitter information for each clock domain into Libero SoC through clock uncertainty SDC timing constraints. Please refer to the Libero SoC v2021.2 release notes for more details.

Path 1
  From: PF_RESET_0/PF_RESET_0/dff_15:CLK
  To:   PCIe_EP_0/PCIex4_0/pcie_apblink_inst:S_ARST_N
  Delay (ns):              1.061
  Slack (ns):             -2.761
  Arrival (ns):            9.323
  Required (ns):           6.562
  Operating Conditions: slow_lv_ht

Path 2
  From: PF_RESET_0/PF_RESET_0/dff_15_rep:CLK
  To:   AXI4_Interconnect_0/AXI4_Interconnect_0/SlvConvertor_loop[0].slvcnv/slvProtConv/genblk1.u_AXI3ProtConv/SlvPCWr/wrDataFif/genblk1.DPRam/mem_mem_0_1/R_DATA_3_inst:ALn
  Delay (ns):              1.656
  Slack (ns):             -2.555
  Arrival (ns):            9.952
  Required (ns):           7.397
  Operating Conditions: slow_lv_ht

Path 3
  From: PF_RESET_0/PF_RESET_0/dff_15_rep:CLK
  To:   AXI4_Interconnect_0/AXI4_Interconnect_0/SlvConvertor_loop[0].slvcnv/slvProtConv/genblk1.u_AXI3ProtConv/SlvPCWr/wrDataFif/genblk1.DPRam/mem_mem_0_1/R_DATA_2_inst:ALn
  Delay (ns):              1.656
  Slack (ns):             -2.555
  Arrival (ns):            9.952
  Required (ns):           7.397
  Operating Conditions: slow_lv_ht

Path 4
  From: PF_RESET_0/PF_RESET_0/dff_15_rep:CLK
  To:   AXI4_Interconnect_0/AXI4_Interconnect_0/SlvConvertor_loop[0].slvcnv/slvProtConv/genblk1.u_AXI3ProtConv/SlvPCWr/wrDataFif/genblk1.DPRam/mem_mem_0_1/R_DATA_1_inst:ALn
  Delay (ns):              1.656
  Slack (ns):             -2.555
  Arrival (ns):            9.952
  Required (ns):           7.397
  Operating Conditions: slow_lv_ht

Path 5
  From: PF_RESET_0/PF_RESET_0/dff_15_rep:CLK
  To:   AXI4_Interconnect_0/AXI4_Interconnect_0/SlvConvertor_loop[0].slvcnv/slvProtConv/genblk1.u_AXI3ProtConv/SlvPCWr/wrDataFif/genblk1.DPRam/mem_mem_0_1/R_DATA_0_inst:ALn
  Delay (ns):              1.656
  Slack (ns):             -2.555
  Arrival (ns):            9.952
  Required (ns):           7.397
  Operating Conditions: slow_lv_ht

Path 6
  From: PF_RESET_0/PF_RESET_0/dff_15_rep:CLK
  To:   AXI4_Interconnect_0/AXI4_Interconnect_0/SlvConvertor_loop[0].slvcnv/slvProtConv/genblk1.u_AXI3ProtConv/SlvPCWr/wrDataFif/genblk1.DPRam/mem_mem_0_1/R_DATA_9_inst:ALn
  Delay (ns):              1.654
  Slack (ns):             -2.553
  Arrival (ns):            9.950
  Required (ns):           7.397
  Operating Conditions: slow_lv_ht

Path 7
  From: PF_RESET_0/PF_RESET_0/dff_15_rep:CLK
  To:   AXI4_Interconnect_0/AXI4_Interconnect_0/SlvConvertor_loop[0].slvcnv/slvProtConv/genblk1.u_AXI3ProtConv/SlvPCWr/wrDataFif/genblk1.DPRam/mem_mem_0_1/R_DATA_8_inst:ALn
  Delay (ns):              1.654
  Slack (ns):             -2.553
  Arrival (ns):            9.950
  Required (ns):           7.397
  Operating Conditions: slow_lv_ht

Path 8
  From: PF_RESET_0/PF_RESET_0/dff_15_rep:CLK
  To:   AXI4_Interconnect_0/AXI4_Interconnect_0/SlvConvertor_loop[0].slvcnv/slvProtConv/genblk1.u_AXI3ProtConv/SlvPCWr/wrDataFif/genblk1.DPRam/mem_mem_0_1/R_DATA_7_inst:ALn
  Delay (ns):              1.654
  Slack (ns):             -2.553
  Arrival (ns):            9.950
  Required (ns):           7.397
  Operating Conditions: slow_lv_ht

Path 9
  From: PF_RESET_0/PF_RESET_0/dff_15_rep:CLK
  To:   AXI4_Interconnect_0/AXI4_Interconnect_0/SlvConvertor_loop[0].slvcnv/slvProtConv/genblk1.u_AXI3ProtConv/SlvPCWr/wrDataFif/genblk1.DPRam/mem_mem_0_1/R_DATA_6_inst:ALn
  Delay (ns):              1.654
  Slack (ns):             -2.553
  Arrival (ns):            9.950
  Required (ns):           7.397
  Operating Conditions: slow_lv_ht

Path 10
  From: PF_RESET_0/PF_RESET_0/dff_15_rep:CLK
  To:   AXI4_Interconnect_0/AXI4_Interconnect_0/SlvConvertor_loop[0].slvcnv/slvProtConv/genblk1.u_AXI3ProtConv/SlvPCWr/wrDataFif/genblk1.DPRam/mem_mem_0_1/R_DATA_5_inst:ALn
  Delay (ns):              1.654
  Slack (ns):             -2.553
  Arrival (ns):            9.950
  Required (ns):           7.397
  Operating Conditions: slow_lv_ht

Path 11
  From: PF_RESET_0/PF_RESET_0/dff_15_rep:CLK
  To:   AXI4_Interconnect_0/AXI4_Interconnect_0/SlvConvertor_loop[0].slvcnv/slvProtConv/genblk1.u_AXI3ProtConv/SlvPCWr/wrDataFif/genblk1.DPRam/mem_mem_0_1/R_DATA_4_inst:ALn
  Delay (ns):              1.654
  Slack (ns):             -2.553
  Arrival (ns):            9.950
  Required (ns):           7.397
  Operating Conditions: slow_lv_ht

Path 12
  From: PF_RESET_0/PF_RESET_0/dff_15_rep:CLK
  To:   AXI4_Interconnect_0/AXI4_Interconnect_0/SlvConvertor_loop[0].slvcnv/slvProtConv/genblk1.u_AXI3ProtConv/SlvPCWr/wrDataFif/genblk1.DPRam/mem_mem_0_1/R_DATA_11_inst:ALn
  Delay (ns):              1.654
  Slack (ns):             -2.553
  Arrival (ns):            9.950
  Required (ns):           7.397
  Operating Conditions: slow_lv_ht

Path 13
  From: PF_RESET_0/PF_RESET_0/dff_15_rep:CLK
  To:   AXI4_Interconnect_0/AXI4_Interconnect_0/SlvConvertor_loop[0].slvcnv/slvProtConv/genblk1.u_AXI3ProtConv/SlvPCWr/wrDataFif/genblk1.DPRam/mem_mem_0_1/R_DATA_10_inst:ALn
  Delay (ns):              1.654
  Slack (ns):             -2.553
  Arrival (ns):            9.950
  Required (ns):           7.397
  Operating Conditions: slow_lv_ht

Path 14
  From: PF_RESET_0/PF_RESET_0/dff_15_rep:CLK
  To:   AXI4_Interconnect_0/AXI4_Interconnect_0/SlvConvertor_loop[0].slvcnv/slvProtConv/genblk1.u_AXI3ProtConv/SlvPCWr/wrDataFif/genblk1.DPRam/mem_mem_0_2/R_DATA_5_inst:ALn
  Delay (ns):              1.556
  Slack (ns):             -2.451
  Arrival (ns):            9.852
  Required (ns):           7.401
  Operating Conditions: slow_lv_ht

Path 15
  From: PF_RESET_0/PF_RESET_0/dff_15_rep:CLK
  To:   AXI4_Interconnect_0/AXI4_Interconnect_0/SlvConvertor_loop[0].slvcnv/slvProtConv/genblk1.u_AXI3ProtConv/SlvPCWr/wrDataFif/genblk1.DPRam/mem_mem_0_2/R_DATA_4_inst:ALn
  Delay (ns):              1.556
  Slack (ns):             -2.451
  Arrival (ns):            9.852
  Required (ns):           7.401
  Operating Conditions: slow_lv_ht

Path 16
  From: PF_RESET_0/PF_RESET_0/dff_15_rep:CLK
  To:   AXI4_Interconnect_0/AXI4_Interconnect_0/SlvConvertor_loop[0].slvcnv/slvProtConv/genblk1.u_AXI3ProtConv/SlvPCWr/wrDataFif/genblk1.DPRam/mem_mem_0_2/R_DATA_3_inst:ALn
  Delay (ns):              1.556
  Slack (ns):             -2.451
  Arrival (ns):            9.852
  Required (ns):           7.401
  Operating Conditions: slow_lv_ht

Path 17
  From: PF_RESET_0/PF_RESET_0/dff_15_rep:CLK
  To:   AXI4_Interconnect_0/AXI4_Interconnect_0/SlvConvertor_loop[0].slvcnv/slvProtConv/genblk1.u_AXI3ProtConv/SlvPCWr/wrDataFif/genblk1.DPRam/mem_mem_0_2/R_DATA_9_inst:ALn
  Delay (ns):              1.554
  Slack (ns):             -2.449
  Arrival (ns):            9.850
  Required (ns):           7.401
  Operating Conditions: slow_lv_ht

Path 18
  From: PF_RESET_0/PF_RESET_0/dff_15_rep:CLK
  To:   AXI4_Interconnect_0/AXI4_Interconnect_0/SlvConvertor_loop[0].slvcnv/slvProtConv/genblk1.u_AXI3ProtConv/SlvPCWr/wrDataFif/genblk1.DPRam/mem_mem_0_2/R_DATA_8_inst:ALn
  Delay (ns):              1.554
  Slack (ns):             -2.449
  Arrival (ns):            9.850
  Required (ns):           7.401
  Operating Conditions: slow_lv_ht

Path 19
  From: PF_RESET_0/PF_RESET_0/dff_15_rep:CLK
  To:   AXI4_Interconnect_0/AXI4_Interconnect_0/SlvConvertor_loop[0].slvcnv/slvProtConv/genblk1.u_AXI3ProtConv/SlvPCWr/wrDataFif/genblk1.DPRam/mem_mem_0_2/R_DATA_7_inst:ALn
  Delay (ns):              1.554
  Slack (ns):             -2.449
  Arrival (ns):            9.850
  Required (ns):           7.401
  Operating Conditions: slow_lv_ht

Path 20
  From: PF_RESET_0/PF_RESET_0/dff_15_rep:CLK
  To:   AXI4_Interconnect_0/AXI4_Interconnect_0/SlvConvertor_loop[0].slvcnv/slvProtConv/genblk1.u_AXI3ProtConv/SlvPCWr/wrDataFif/genblk1.DPRam/mem_mem_0_2/R_DATA_6_inst:ALn
  Delay (ns):              1.554
  Slack (ns):             -2.449
  Arrival (ns):            9.850
  Required (ns):           7.401
  Operating Conditions: slow_lv_ht

Path 21
  From: PF_RESET_0/PF_RESET_0/dff_15_rep:CLK
  To:   AXI4_Interconnect_0/AXI4_Interconnect_0/SlvConvertor_loop[0].slvcnv/slvProtConv/genblk1.u_AXI3ProtConv/SlvPCWr/wrDataFif/genblk1.DPRam/mem_mem_0_2/R_DATA_2_inst:ALn
  Delay (ns):              1.554
  Slack (ns):             -2.449
  Arrival (ns):            9.850
  Required (ns):           7.401
  Operating Conditions: slow_lv_ht

Path 22
  From: PF_RESET_0/PF_RESET_0/dff_15_rep:CLK
  To:   AXI4_Interconnect_0/AXI4_Interconnect_0/SlvConvertor_loop[0].slvcnv/slvProtConv/genblk1.u_AXI3ProtConv/SlvPCWr/wrDataFif/genblk1.DPRam/mem_mem_0_2/R_DATA_1_inst:ALn
  Delay (ns):              1.554
  Slack (ns):             -2.449
  Arrival (ns):            9.850
  Required (ns):           7.401
  Operating Conditions: slow_lv_ht

Path 23
  From: PF_RESET_0/PF_RESET_0/dff_15_rep:CLK
  To:   AXI4_Interconnect_0/AXI4_Interconnect_0/SlvConvertor_loop[0].slvcnv/slvProtConv/genblk1.u_AXI3ProtConv/SlvPCWr/wrDataFif/genblk1.DPRam/mem_mem_0_2/R_DATA_11_inst:ALn
  Delay (ns):              1.554
  Slack (ns):             -2.449
  Arrival (ns):            9.850
  Required (ns):           7.401
  Operating Conditions: slow_lv_ht

Path 24
  From: PF_RESET_0/PF_RESET_0/dff_15_rep:CLK
  To:   AXI4_Interconnect_0/AXI4_Interconnect_0/SlvConvertor_loop[0].slvcnv/slvProtConv/genblk1.u_AXI3ProtConv/SlvPCWr/wrDataFif/genblk1.DPRam/mem_mem_0_2/R_DATA_10_inst:ALn
  Delay (ns):              1.554
  Slack (ns):             -2.449
  Arrival (ns):            9.850
  Required (ns):           7.401
  Operating Conditions: slow_lv_ht

Path 25
  From: PF_RESET_0/PF_RESET_0/dff_15_rep:CLK
  To:   AXI4_Interconnect_0/AXI4_Interconnect_0/SlvConvertor_loop[0].slvcnv/slvProtConv/genblk1.u_AXI3ProtConv/SlvPCWr/wrDataFif/genblk1.DPRam/mem_mem_0_2/R_DATA_0_inst:ALn
  Delay (ns):              1.554
  Slack (ns):             -2.449
  Arrival (ns):            9.850
  Required (ns):           7.401
  Operating Conditions: slow_lv_ht

Path 26
  From: PF_RESET_0/PF_RESET_0/dff_15_rep:CLK
  To:   AXI4_Interconnect_0/AXI4_Interconnect_0/SlvConvertor_loop[0].slvcnv/slvProtConv/genblk1.u_AXI3ProtConv/SlvPCWr/wrDataFif/genblk1.DPRam/mem_mem_0_4/R_DATA_5_inst:ALn
  Delay (ns):              1.508
  Slack (ns):             -2.402
  Arrival (ns):            9.804
  Required (ns):           7.402
  Operating Conditions: slow_lv_ht

Path 27
  From: PF_RESET_0/PF_RESET_0/dff_15_rep:CLK
  To:   AXI4_Interconnect_0/AXI4_Interconnect_0/SlvConvertor_loop[0].slvcnv/slvProtConv/genblk1.u_AXI3ProtConv/SlvPCWr/wrDataFif/genblk1.DPRam/mem_mem_0_4/R_DATA_4_inst:ALn
  Delay (ns):              1.507
  Slack (ns):             -2.401
  Arrival (ns):            9.803
  Required (ns):           7.402
  Operating Conditions: slow_lv_ht

Path 28
  From: PF_RESET_0/PF_RESET_0/dff_15_rep:CLK
  To:   AXI4_Interconnect_0/AXI4_Interconnect_0/SlvConvertor_loop[0].slvcnv/slvProtConv/genblk1.u_AXI3ProtConv/SlvPCWr/wrDataFif/genblk1.DPRam/mem_mem_0_4/R_DATA_3_inst:ALn
  Delay (ns):              1.507
  Slack (ns):             -2.401
  Arrival (ns):            9.803
  Required (ns):           7.402
  Operating Conditions: slow_lv_ht

Path 29
  From: PF_RESET_0/PF_RESET_0/dff_15_rep:CLK
  To:   AXI4_Interconnect_0/AXI4_Interconnect_0/SlvConvertor_loop[0].slvcnv/slvProtConv/genblk1.u_AXI3ProtConv/SlvPCWr/wrDataFif/genblk1.DPRam/mem_mem_0_4/R_DATA_9_inst:ALn
  Delay (ns):              1.506
  Slack (ns):             -2.400
  Arrival (ns):            9.802
  Required (ns):           7.402
  Operating Conditions: slow_lv_ht

Path 30
  From: PF_RESET_0/PF_RESET_0/dff_15_rep:CLK
  To:   AXI4_Interconnect_0/AXI4_Interconnect_0/SlvConvertor_loop[0].slvcnv/slvProtConv/genblk1.u_AXI3ProtConv/SlvPCWr/wrDataFif/genblk1.DPRam/mem_mem_0_4/R_DATA_8_inst:ALn
  Delay (ns):              1.506
  Slack (ns):             -2.400
  Arrival (ns):            9.802
  Required (ns):           7.402
  Operating Conditions: slow_lv_ht

Path 31
  From: PF_RESET_0/PF_RESET_0/dff_15_rep:CLK
  To:   AXI4_Interconnect_0/AXI4_Interconnect_0/SlvConvertor_loop[0].slvcnv/slvProtConv/genblk1.u_AXI3ProtConv/SlvPCWr/wrDataFif/genblk1.DPRam/mem_mem_0_4/R_DATA_2_inst:ALn
  Delay (ns):              1.506
  Slack (ns):             -2.400
  Arrival (ns):            9.802
  Required (ns):           7.402
  Operating Conditions: slow_lv_ht

Path 32
  From: PF_RESET_0/PF_RESET_0/dff_15_rep:CLK
  To:   AXI4_Interconnect_0/AXI4_Interconnect_0/SlvConvertor_loop[0].slvcnv/slvProtConv/genblk1.u_AXI3ProtConv/SlvPCWr/wrDataFif/genblk1.DPRam/mem_mem_0_4/R_DATA_1_inst:ALn
  Delay (ns):              1.506
  Slack (ns):             -2.400
  Arrival (ns):            9.802
  Required (ns):           7.402
  Operating Conditions: slow_lv_ht

Path 33
  From: PF_RESET_0/PF_RESET_0/dff_15_rep:CLK
  To:   AXI4_Interconnect_0/AXI4_Interconnect_0/SlvConvertor_loop[0].slvcnv/slvProtConv/genblk1.u_AXI3ProtConv/SlvPCWr/wrDataFif/genblk1.DPRam/mem_mem_0_4/R_DATA_11_inst:ALn
  Delay (ns):              1.506
  Slack (ns):             -2.400
  Arrival (ns):            9.802
  Required (ns):           7.402
  Operating Conditions: slow_lv_ht

Path 34
  From: PF_RESET_0/PF_RESET_0/dff_15_rep:CLK
  To:   AXI4_Interconnect_0/AXI4_Interconnect_0/SlvConvertor_loop[0].slvcnv/slvProtConv/genblk1.u_AXI3ProtConv/SlvPCWr/wrDataFif/genblk1.DPRam/mem_mem_0_4/R_DATA_10_inst:ALn
  Delay (ns):              1.506
  Slack (ns):             -2.400
  Arrival (ns):            9.802
  Required (ns):           7.402
  Operating Conditions: slow_lv_ht

Path 35
  From: PF_RESET_0/PF_RESET_0/dff_15_rep:CLK
  To:   AXI4_Interconnect_0/AXI4_Interconnect_0/SlvConvertor_loop[0].slvcnv/slvProtConv/genblk1.u_AXI3ProtConv/SlvPCWr/wrDataFif/genblk1.DPRam/mem_mem_0_4/R_DATA_0_inst:ALn
  Delay (ns):              1.506
  Slack (ns):             -2.400
  Arrival (ns):            9.802
  Required (ns):           7.402
  Operating Conditions: slow_lv_ht

Path 36
  From: PF_RESET_0/PF_RESET_0/dff_15_rep:CLK
  To:   AXI4_Interconnect_0/AXI4_Interconnect_0/SlvConvertor_loop[0].slvcnv/slvProtConv/genblk1.u_AXI3ProtConv/SlvPCWr/wrDataFif/genblk1.DPRam/mem_mem_0_4/R_DATA_7_inst:ALn
  Delay (ns):              1.505
  Slack (ns):             -2.399
  Arrival (ns):            9.801
  Required (ns):           7.402
  Operating Conditions: slow_lv_ht

Path 37
  From: PF_RESET_0/PF_RESET_0/dff_15_rep:CLK
  To:   AXI4_Interconnect_0/AXI4_Interconnect_0/SlvConvertor_loop[0].slvcnv/slvProtConv/genblk1.u_AXI3ProtConv/SlvPCWr/wrDataFif/genblk1.DPRam/mem_mem_0_4/R_DATA_6_inst:ALn
  Delay (ns):              1.505
  Slack (ns):             -2.399
  Arrival (ns):            9.801
  Required (ns):           7.402
  Operating Conditions: slow_lv_ht

Path 38
  From: PF_RESET_0/PF_RESET_0/dff_15_rep:CLK
  To:   AXI4_Interconnect_0/AXI4_Interconnect_0/SlvConvertor_loop[0].slvcnv/slvProtConv/genblk1.u_AXI3ProtConv/SlvPCWr/wrDataFif/genblk1.DPRam/mem_mem_0_3/R_DATA_0_inst:ALn
  Delay (ns):              1.316
  Slack (ns):             -2.213
  Arrival (ns):            9.612
  Required (ns):           7.399
  Operating Conditions: slow_lv_ht

Path 39
  From: PF_RESET_0/PF_RESET_0/dff_15_rep:CLK
  To:   AXI4_Interconnect_0/AXI4_Interconnect_0/SlvConvertor_loop[0].slvcnv/slvProtConv/genblk1.u_AXI3ProtConv/SlvPCWr/wrDataFif/genblk1.DPRam/mem_mem_0_3/R_DATA_3_inst:ALn
  Delay (ns):              1.315
  Slack (ns):             -2.212
  Arrival (ns):            9.611
  Required (ns):           7.399
  Operating Conditions: slow_lv_ht

Path 40
  From: PF_RESET_0/PF_RESET_0/dff_15_rep:CLK
  To:   AXI4_Interconnect_0/AXI4_Interconnect_0/SlvConvertor_loop[0].slvcnv/slvProtConv/genblk1.u_AXI3ProtConv/SlvPCWr/wrDataFif/genblk1.DPRam/mem_mem_0_3/R_DATA_2_inst:ALn
  Delay (ns):              1.315
  Slack (ns):             -2.212
  Arrival (ns):            9.611
  Required (ns):           7.399
  Operating Conditions: slow_lv_ht

Path 41
  From: PF_RESET_0/PF_RESET_0/dff_15_rep:CLK
  To:   AXI4_Interconnect_0/AXI4_Interconnect_0/SlvConvertor_loop[0].slvcnv/slvProtConv/genblk1.u_AXI3ProtConv/SlvPCWr/wrDataFif/genblk1.DPRam/mem_mem_0_3/R_DATA_1_inst:ALn
  Delay (ns):              1.315
  Slack (ns):             -2.212
  Arrival (ns):            9.611
  Required (ns):           7.399
  Operating Conditions: slow_lv_ht

Path 42
  From: PF_RESET_0/PF_RESET_0/dff_15_rep:CLK
  To:   AXI4_Interconnect_0/AXI4_Interconnect_0/SlvConvertor_loop[0].slvcnv/slvProtConv/genblk1.u_AXI3ProtConv/SlvPCWr/wrDataFif/genblk1.DPRam/mem_mem_0_3/R_DATA_7_inst:ALn
  Delay (ns):              1.314
  Slack (ns):             -2.211
  Arrival (ns):            9.610
  Required (ns):           7.399
  Operating Conditions: slow_lv_ht

Path 43
  From: PF_RESET_0/PF_RESET_0/dff_15_rep:CLK
  To:   AXI4_Interconnect_0/AXI4_Interconnect_0/SlvConvertor_loop[0].slvcnv/slvProtConv/genblk1.u_AXI3ProtConv/SlvPCWr/wrDataFif/genblk1.DPRam/mem_mem_0_3/R_DATA_6_inst:ALn
  Delay (ns):              1.314
  Slack (ns):             -2.211
  Arrival (ns):            9.610
  Required (ns):           7.399
  Operating Conditions: slow_lv_ht

Path 44
  From: PF_RESET_0/PF_RESET_0/dff_15_rep:CLK
  To:   AXI4_Interconnect_0/AXI4_Interconnect_0/SlvConvertor_loop[0].slvcnv/slvProtConv/genblk1.u_AXI3ProtConv/SlvPCWr/wrDataFif/genblk1.DPRam/mem_mem_0_3/R_DATA_5_inst:ALn
  Delay (ns):              1.314
  Slack (ns):             -2.211
  Arrival (ns):            9.610
  Required (ns):           7.399
  Operating Conditions: slow_lv_ht

Path 45
  From: PF_RESET_0/PF_RESET_0/dff_15_rep:CLK
  To:   AXI4_Interconnect_0/AXI4_Interconnect_0/SlvConvertor_loop[0].slvcnv/slvProtConv/genblk1.u_AXI3ProtConv/SlvPCWr/wrDataFif/genblk1.DPRam/mem_mem_0_3/R_DATA_4_inst:ALn
  Delay (ns):              1.314
  Slack (ns):             -2.211
  Arrival (ns):            9.610
  Required (ns):           7.399
  Operating Conditions: slow_lv_ht

Path 46
  From: PF_RESET_0/PF_RESET_0/dff_15_rep:CLK
  To:   AXI4_Interconnect_0/AXI4_Interconnect_0/SlvConvertor_loop[0].slvcnv/slvProtConv/genblk1.u_AXI3ProtConv/SlvPCWr/wrDataFif/genblk1.DPRam/mem_mem_0_3/R_DATA_9_inst:ALn
  Delay (ns):              1.313
  Slack (ns):             -2.210
  Arrival (ns):            9.609
  Required (ns):           7.399
  Operating Conditions: slow_lv_ht

Path 47
  From: PF_RESET_0/PF_RESET_0/dff_15_rep:CLK
  To:   AXI4_Interconnect_0/AXI4_Interconnect_0/SlvConvertor_loop[0].slvcnv/slvProtConv/genblk1.u_AXI3ProtConv/SlvPCWr/wrDataFif/genblk1.DPRam/mem_mem_0_3/R_DATA_8_inst:ALn
  Delay (ns):              1.313
  Slack (ns):             -2.210
  Arrival (ns):            9.609
  Required (ns):           7.399
  Operating Conditions: slow_lv_ht

Path 48
  From: PF_RESET_0/PF_RESET_0/dff_15_rep:CLK
  To:   AXI4_Interconnect_0/AXI4_Interconnect_0/SlvConvertor_loop[0].slvcnv/slvProtConv/genblk1.u_AXI3ProtConv/SlvPCWr/wrDataFif/genblk1.DPRam/mem_mem_0_3/R_DATA_11_inst:ALn
  Delay (ns):              1.313
  Slack (ns):             -2.210
  Arrival (ns):            9.609
  Required (ns):           7.399
  Operating Conditions: slow_lv_ht

Path 49
  From: PF_RESET_0/PF_RESET_0/dff_15_rep:CLK
  To:   AXI4_Interconnect_0/AXI4_Interconnect_0/SlvConvertor_loop[0].slvcnv/slvProtConv/genblk1.u_AXI3ProtConv/SlvPCWr/wrDataFif/genblk1.DPRam/mem_mem_0_3/R_DATA_10_inst:ALn
  Delay (ns):              1.313
  Slack (ns):             -2.210
  Arrival (ns):            9.609
  Required (ns):           7.399
  Operating Conditions: slow_lv_ht

Path 50
  From: PF_RESET_0/PF_RESET_0/dff_15_rep:CLK
  To:   AXItoAPB_0/AHBtoAPB_0/AHBtoAPB_0/U_ApbAddrData/hwdataReg[12]:ALn
  Delay (ns):              1.233
  Slack (ns):             -2.142
  Arrival (ns):            9.529
  Required (ns):           7.387
  Operating Conditions: slow_lv_ht

Path 51
  From: PF_RESET_0/PF_RESET_0/dff_15_rep:CLK
  To:   AXItoAPB_0/AHBtoAPB_0/AHBtoAPB_0/U_ApbAddrData/hwdataReg[5]:ALn
  Delay (ns):              1.232
  Slack (ns):             -2.141
  Arrival (ns):            9.528
  Required (ns):           7.387
  Operating Conditions: slow_lv_ht

Path 52
  From: PF_RESET_0/PF_RESET_0/dff_15_rep:CLK
  To:   AXItoAPB_0/AHBtoAPB_0/AHBtoAPB_0/U_ApbAddrData/hwdataReg[4]:ALn
  Delay (ns):              1.232
  Slack (ns):             -2.141
  Arrival (ns):            9.528
  Required (ns):           7.387
  Operating Conditions: slow_lv_ht

Path 53
  From: PF_RESET_0/PF_RESET_0/dff_15_rep:CLK
  To:   AXItoAPB_0/AHBtoAPB_0/AHBtoAPB_0/U_ApbAddrData/hwdataReg[13]:ALn
  Delay (ns):              1.232
  Slack (ns):             -2.141
  Arrival (ns):            9.528
  Required (ns):           7.387
  Operating Conditions: slow_lv_ht

Path 54
  From: PF_RESET_0/PF_RESET_0/dff_15_rep:CLK
  To:   AXItoAPB_0/AXItoAHBL_0/AXItoAHBL_0/U_AHBMasterCtrl/rdFIFOWrDataReg[37]:ALn
  Delay (ns):              1.190
  Slack (ns):             -2.127
  Arrival (ns):            9.486
  Required (ns):           7.359
  Operating Conditions: slow_lv_ht

Path 55
  From: PF_RESET_0/PF_RESET_0/dff_15_rep:CLK
  To:   AXItoAPB_0/AXItoAHBL_0/AXItoAHBL_0/U_AHBMasterCtrl/rdFIFOWrDataReg[35]:ALn
  Delay (ns):              1.190
  Slack (ns):             -2.127
  Arrival (ns):            9.486
  Required (ns):           7.359
  Operating Conditions: slow_lv_ht

Path 56
  From: PF_RESET_0/PF_RESET_0/dff_15_rep:CLK
  To:   AXItoAPB_0/AXItoAHBL_0/AXItoAHBL_0/U_AHBMasterCtrl/rdFIFOWrDataReg[23]:ALn
  Delay (ns):              1.192
  Slack (ns):             -2.114
  Arrival (ns):            9.488
  Required (ns):           7.374
  Operating Conditions: slow_lv_ht

Path 57
  From: PF_RESET_0/PF_RESET_0/dff_15_rep:CLK
  To:   AXItoAPB_0/AXItoAHBL_0/AXItoAHBL_0/U_AHBMasterCtrl/rdFIFOWrDataReg[39]:ALn
  Delay (ns):              1.191
  Slack (ns):             -2.113
  Arrival (ns):            9.487
  Required (ns):           7.374
  Operating Conditions: slow_lv_ht

Path 58
  From: PF_RESET_0/PF_RESET_0/dff_15_rep:CLK
  To:   AXItoAPB_0/AXItoAHBL_0/AXItoAHBL_0/U_AHBMasterCtrl/rdFIFOWrDataReg[20]:ALn
  Delay (ns):              1.191
  Slack (ns):             -2.113
  Arrival (ns):            9.487
  Required (ns):           7.374
  Operating Conditions: slow_lv_ht

Path 59
  From: PF_RESET_0/PF_RESET_0/dff_15_rep:CLK
  To:   AXItoAPB_0/AXItoAHBL_0/AXItoAHBL_0/U_rdFIFORAM/mem_mem_0_0/R_DATA_3_inst:ALn
  Delay (ns):              1.219
  Slack (ns):             -2.102
  Arrival (ns):            9.515
  Required (ns):           7.413
  Operating Conditions: slow_lv_ht

Path 60
  From: PF_RESET_0/PF_RESET_0/dff_15_rep:CLK
  To:   AXItoAPB_0/AXItoAHBL_0/AXItoAHBL_0/U_rdFIFORAM/mem_mem_0_0/R_DATA_2_inst:ALn
  Delay (ns):              1.219
  Slack (ns):             -2.102
  Arrival (ns):            9.515
  Required (ns):           7.413
  Operating Conditions: slow_lv_ht

Path 61
  From: PF_RESET_0/PF_RESET_0/dff_15_rep:CLK
  To:   AXItoAPB_0/AXItoAHBL_0/AXItoAHBL_0/U_rdFIFORAM/mem_mem_0_0/R_DATA_1_inst:ALn
  Delay (ns):              1.219
  Slack (ns):             -2.102
  Arrival (ns):            9.515
  Required (ns):           7.413
  Operating Conditions: slow_lv_ht

Path 62
  From: PF_RESET_0/PF_RESET_0/dff_15_rep:CLK
  To:   AXItoAPB_0/AXItoAHBL_0/AXItoAHBL_0/U_rdFIFORAM/mem_mem_0_0/R_DATA_0_inst:ALn
  Delay (ns):              1.219
  Slack (ns):             -2.102
  Arrival (ns):            9.515
  Required (ns):           7.413
  Operating Conditions: slow_lv_ht

Path 63
  From: PF_RESET_0/PF_RESET_0/dff_15_rep:CLK
  To:   AXItoAPB_0/AXItoAHBL_0/AXItoAHBL_0/U_wrFIFORAM/wrDataReg[5]:ALn
  Delay (ns):              1.177
  Slack (ns):             -2.101
  Arrival (ns):            9.473
  Required (ns):           7.372
  Operating Conditions: slow_lv_ht

Path 64
  From: PF_RESET_0/PF_RESET_0/dff_15_rep:CLK
  To:   AXItoAPB_0/AHBtoAPB_0/AHBtoAPB_0/U_ApbAddrData/hwdataReg[29]:ALn
  Delay (ns):              1.178
  Slack (ns):             -2.101
  Arrival (ns):            9.474
  Required (ns):           7.373
  Operating Conditions: slow_lv_ht

Path 65
  From: PF_RESET_0/PF_RESET_0/dff_15_rep:CLK
  To:   AXItoAPB_0/AHBtoAPB_0/AHBtoAPB_0/U_ApbAddrData/hwdataReg[21]:ALn
  Delay (ns):              1.177
  Slack (ns):             -2.101
  Arrival (ns):            9.473
  Required (ns):           7.372
  Operating Conditions: slow_lv_ht

Path 66
  From: PF_RESET_0/PF_RESET_0/dff_15_rep:CLK
  To:   AXItoAPB_0/AHBtoAPB_0/AHBtoAPB_0/U_ApbAddrData/hwdataReg[20]:ALn
  Delay (ns):              1.177
  Slack (ns):             -2.101
  Arrival (ns):            9.473
  Required (ns):           7.372
  Operating Conditions: slow_lv_ht

Path 67
  From: PF_RESET_0/PF_RESET_0/dff_15_rep:CLK
  To:   AXItoAPB_0/AHBtoAPB_0/AHBtoAPB_0/U_ApbAddrData/hwdataReg[19]:ALn
  Delay (ns):              1.177
  Slack (ns):             -2.101
  Arrival (ns):            9.473
  Required (ns):           7.372
  Operating Conditions: slow_lv_ht

Path 68
  From: PF_RESET_0/PF_RESET_0/dff_15_rep:CLK
  To:   AXItoAPB_0/AHBtoAPB_0/AHBtoAPB_0/U_ApbAddrData/hwdataReg[18]:ALn
  Delay (ns):              1.177
  Slack (ns):             -2.101
  Arrival (ns):            9.473
  Required (ns):           7.372
  Operating Conditions: slow_lv_ht

Path 69
  From: PF_RESET_0/PF_RESET_0/dff_15_rep:CLK
  To:   AXItoAPB_0/AXItoAHBL_0/AXItoAHBL_0/U_rdFIFORAM/mem_mem_0_0/R_DATA_9_inst:ALn
  Delay (ns):              1.217
  Slack (ns):             -2.100
  Arrival (ns):            9.513
  Required (ns):           7.413
  Operating Conditions: slow_lv_ht

Path 70
  From: PF_RESET_0/PF_RESET_0/dff_15_rep:CLK
  To:   AXItoAPB_0/AXItoAHBL_0/AXItoAHBL_0/U_rdFIFORAM/mem_mem_0_0/R_DATA_8_inst:ALn
  Delay (ns):              1.217
  Slack (ns):             -2.100
  Arrival (ns):            9.513
  Required (ns):           7.413
  Operating Conditions: slow_lv_ht

Path 71
  From: PF_RESET_0/PF_RESET_0/dff_15_rep:CLK
  To:   AXItoAPB_0/AXItoAHBL_0/AXItoAHBL_0/U_rdFIFORAM/mem_mem_0_0/R_DATA_7_inst:ALn
  Delay (ns):              1.217
  Slack (ns):             -2.100
  Arrival (ns):            9.513
  Required (ns):           7.413
  Operating Conditions: slow_lv_ht

Path 72
  From: PF_RESET_0/PF_RESET_0/dff_15_rep:CLK
  To:   AXItoAPB_0/AXItoAHBL_0/AXItoAHBL_0/U_rdFIFORAM/mem_mem_0_0/R_DATA_6_inst:ALn
  Delay (ns):              1.217
  Slack (ns):             -2.100
  Arrival (ns):            9.513
  Required (ns):           7.413
  Operating Conditions: slow_lv_ht

Path 73
  From: PF_RESET_0/PF_RESET_0/dff_15_rep:CLK
  To:   AXItoAPB_0/AXItoAHBL_0/AXItoAHBL_0/U_rdFIFORAM/mem_mem_0_0/R_DATA_5_inst:ALn
  Delay (ns):              1.217
  Slack (ns):             -2.100
  Arrival (ns):            9.513
  Required (ns):           7.413
  Operating Conditions: slow_lv_ht

Path 74
  From: PF_RESET_0/PF_RESET_0/dff_15_rep:CLK
  To:   AXItoAPB_0/AXItoAHBL_0/AXItoAHBL_0/U_rdFIFORAM/mem_mem_0_0/R_DATA_4_inst:ALn
  Delay (ns):              1.217
  Slack (ns):             -2.100
  Arrival (ns):            9.513
  Required (ns):           7.413
  Operating Conditions: slow_lv_ht

Path 75
  From: PF_RESET_0/PF_RESET_0/dff_15_rep:CLK
  To:   AXItoAPB_0/AXItoAHBL_0/AXItoAHBL_0/U_rdFIFORAM/mem_mem_0_0/R_DATA_11_inst:ALn
  Delay (ns):              1.217
  Slack (ns):             -2.100
  Arrival (ns):            9.513
  Required (ns):           7.413
  Operating Conditions: slow_lv_ht

Path 76
  From: PF_RESET_0/PF_RESET_0/dff_15_rep:CLK
  To:   AXItoAPB_0/AXItoAHBL_0/AXItoAHBL_0/U_rdFIFORAM/mem_mem_0_0/R_DATA_10_inst:ALn
  Delay (ns):              1.217
  Slack (ns):             -2.100
  Arrival (ns):            9.513
  Required (ns):           7.413
  Operating Conditions: slow_lv_ht

Path 77
  From: PF_RESET_0/PF_RESET_0/dff_15_rep:CLK
  To:   AXItoAPB_0/AXItoAHBL_0/AXItoAHBL_0/U_AHBMasterCtrl/rdFIFOWrData_reg32[49]:ALn
  Delay (ns):              1.161
  Slack (ns):             -2.099
  Arrival (ns):            9.457
  Required (ns):           7.358
  Operating Conditions: slow_lv_ht

Path 78
  From: PF_RESET_0/PF_RESET_0/dff_15_rep:CLK
  To:   AXItoAPB_0/AXItoAHBL_0/AXItoAHBL_0/U_AHBMasterCtrl/rdFIFOWrDataReg[49]:ALn
  Delay (ns):              1.162
  Slack (ns):             -2.099
  Arrival (ns):            9.458
  Required (ns):           7.359
  Operating Conditions: slow_lv_ht

Path 79
  From: PF_RESET_0/PF_RESET_0/dff_15_rep:CLK
  To:   AXItoAPB_0/AXItoAHBL_0/AXItoAHBL_0/U_AHBMasterCtrl/rdFIFOWrDataReg[48]:ALn
  Delay (ns):              1.161
  Slack (ns):             -2.099
  Arrival (ns):            9.457
  Required (ns):           7.358
  Operating Conditions: slow_lv_ht

Path 80
  From: PF_RESET_0/PF_RESET_0/dff_15_rep:CLK
  To:   AXItoAPB_0/AHBtoAPB_0/AHBtoAPB_0/U_ApbAddrData/hwdataReg[16]:ALn
  Delay (ns):              1.160
  Slack (ns):             -2.099
  Arrival (ns):            9.456
  Required (ns):           7.357
  Operating Conditions: slow_lv_ht

Path 81
  From: PF_RESET_0/PF_RESET_0/dff_15_rep:CLK
  To:   AXItoAPB_0/AXItoAHBL_0/AXItoAHBL_0/U_AHBMasterCtrl/rdFIFOWrData_reg32[48]:ALn
  Delay (ns):              1.161
  Slack (ns):             -2.098
  Arrival (ns):            9.457
  Required (ns):           7.359
  Operating Conditions: slow_lv_ht

Path 82
  From: PF_RESET_0/PF_RESET_0/dff_15_rep:CLK
  To:   AXItoAPB_0/AXItoAHBL_0/AXItoAHBL_0/U_AHBMasterCtrl/rdFIFOWrDataReg[51]:ALn
  Delay (ns):              1.161
  Slack (ns):             -2.098
  Arrival (ns):            9.457
  Required (ns):           7.359
  Operating Conditions: slow_lv_ht

Path 83
  From: PF_RESET_0/PF_RESET_0/dff_15_rep:CLK
  To:   AXItoAPB_0/AHBtoAPB_0/AHBtoAPB_0/U_ApbAddrData/hwdataReg[2]:ALn
  Delay (ns):              1.158
  Slack (ns):             -2.098
  Arrival (ns):            9.454
  Required (ns):           7.356
  Operating Conditions: slow_lv_ht

Path 84
  From: PF_RESET_0/PF_RESET_0/dff_15_rep:CLK
  To:   AXItoAPB_0/AHBtoAPB_0/AHBtoAPB_0/U_ApbAddrData/hwdataReg[3]:ALn
  Delay (ns):              1.158
  Slack (ns):             -2.097
  Arrival (ns):            9.454
  Required (ns):           7.357
  Operating Conditions: slow_lv_ht

Path 85
  From: PF_RESET_0/PF_RESET_0/dff_15_rep:CLK
  To:   AXItoAPB_0/AHBtoAPB_0/AHBtoAPB_0/U_ApbAddrData/hwdataReg[27]:ALn
  Delay (ns):              1.158
  Slack (ns):             -2.097
  Arrival (ns):            9.454
  Required (ns):           7.357
  Operating Conditions: slow_lv_ht

Path 86
  From: PF_RESET_0/PF_RESET_0/dff_15_rep:CLK
  To:   AXItoAPB_0/AHBtoAPB_0/AHBtoAPB_0/U_ApbAddrData/hwdataReg[26]:ALn
  Delay (ns):              1.158
  Slack (ns):             -2.097
  Arrival (ns):            9.454
  Required (ns):           7.357
  Operating Conditions: slow_lv_ht

Path 87
  From: PF_RESET_0/PF_RESET_0/dff_15_rep:CLK
  To:   AXItoAPB_0/AHBtoAPB_0/AHBtoAPB_0/U_ApbAddrData/hwdataReg[24]:ALn
  Delay (ns):              1.158
  Slack (ns):             -2.097
  Arrival (ns):            9.454
  Required (ns):           7.357
  Operating Conditions: slow_lv_ht

Path 88
  From: PF_RESET_0/PF_RESET_0/dff_15_rep:CLK
  To:   AXItoAPB_0/AHBtoAPB_0/AHBtoAPB_0/U_ApbAddrData/hwdataReg[17]:ALn
  Delay (ns):              1.158
  Slack (ns):             -2.097
  Arrival (ns):            9.454
  Required (ns):           7.357
  Operating Conditions: slow_lv_ht

Path 89
  From: PF_RESET_0/PF_RESET_0/dff_15_rep:CLK
  To:   AXItoAPB_0/AXItoAHBL_0/AXItoAHBL_0/U_AHBMasterCtrl/rdFIFOWrData_reg32[32]:ALn
  Delay (ns):              1.166
  Slack (ns):             -2.087
  Arrival (ns):            9.462
  Required (ns):           7.375
  Operating Conditions: slow_lv_ht

Path 90
  From: PF_RESET_0/PF_RESET_0/dff_15_rep:CLK
  To:   AXItoAPB_0/AXItoAHBL_0/AXItoAHBL_0/U_AHBMasterCtrl/rdFIFOWrDataReg[46]:ALn
  Delay (ns):              1.166
  Slack (ns):             -2.087
  Arrival (ns):            9.462
  Required (ns):           7.375
  Operating Conditions: slow_lv_ht

Path 91
  From: PF_RESET_0/PF_RESET_0/dff_15_rep:CLK
  To:   AXItoAPB_0/AXItoAHBL_0/AXItoAHBL_0/U_AHBMasterCtrl/rdFIFOWrData_reg32[33]:ALn
  Delay (ns):              1.165
  Slack (ns):             -2.086
  Arrival (ns):            9.461
  Required (ns):           7.375
  Operating Conditions: slow_lv_ht

Path 92
  From: PF_RESET_0/PF_RESET_0/dff_15_rep:CLK
  To:   AXItoAPB_0/AXItoAHBL_0/AXItoAHBL_0/U_AHBMasterCtrl/rdFIFOWrDataReg[45]:ALn
  Delay (ns):              1.165
  Slack (ns):             -2.086
  Arrival (ns):            9.461
  Required (ns):           7.375
  Operating Conditions: slow_lv_ht

Path 93
  From: PF_RESET_0/PF_RESET_0/dff_15_rep:CLK
  To:   AXItoAPB_0/AXItoAHBL_0/AXItoAHBL_0/U_AHBMasterCtrl/rdFIFOWrData_reg32[19]:ALn
  Delay (ns):              1.137
  Slack (ns):             -2.077
  Arrival (ns):            9.433
  Required (ns):           7.356
  Operating Conditions: slow_lv_ht

Path 94
  From: PF_RESET_0/PF_RESET_0/dff_15_rep:CLK
  To:   AXItoAPB_0/AXItoAHBL_0/AXItoAHBL_0/U_AHBMasterCtrl/rdFIFOWrData_reg32[17]:ALn
  Delay (ns):              1.137
  Slack (ns):             -2.077
  Arrival (ns):            9.433
  Required (ns):           7.356
  Operating Conditions: slow_lv_ht

Path 95
  From: PF_RESET_0/PF_RESET_0/dff_15_rep:CLK
  To:   AXItoAPB_0/AHBtoAPB_0/AHBtoAPB_0/U_ApbAddrData/hwdataReg[6]:ALn
  Delay (ns):              1.150
  Slack (ns):             -2.071
  Arrival (ns):            9.446
  Required (ns):           7.375
  Operating Conditions: slow_lv_ht

Path 96
  From: PF_RESET_0/PF_RESET_0/dff_15_rep:CLK
  To:   AXItoAPB_0/AHBtoAPB_0/AHBtoAPB_0/U_ApbAddrData/hwdataReg[31]:ALn
  Delay (ns):              1.150
  Slack (ns):             -2.071
  Arrival (ns):            9.446
  Required (ns):           7.375
  Operating Conditions: slow_lv_ht

Path 97
  From: PF_RESET_0/PF_RESET_0/dff_15_rep:CLK
  To:   AXItoAPB_0/AHBtoAPB_0/AHBtoAPB_0/U_ApbAddrData/hwdataReg[30]:ALn
  Delay (ns):              1.150
  Slack (ns):             -2.071
  Arrival (ns):            9.446
  Required (ns):           7.375
  Operating Conditions: slow_lv_ht

Path 98
  From: PF_RESET_0/PF_RESET_0/dff_15_rep:CLK
  To:   AXItoAPB_0/AHBtoAPB_0/AHBtoAPB_0/U_ApbAddrData/hwdataReg[23]:ALn
  Delay (ns):              1.150
  Slack (ns):             -2.071
  Arrival (ns):            9.446
  Required (ns):           7.375
  Operating Conditions: slow_lv_ht

Path 99
  From: PF_RESET_0/PF_RESET_0/dff_15_rep:CLK
  To:   AXItoAPB_0/AHBtoAPB_0/AHBtoAPB_0/U_ApbAddrData/hwdataReg[15]:ALn
  Delay (ns):              1.150
  Slack (ns):             -2.071
  Arrival (ns):            9.446
  Required (ns):           7.375
  Operating Conditions: slow_lv_ht

Path 100
  From: PF_RESET_0/PF_RESET_0/dff_15_rep:CLK
  To:   AXItoAPB_0/AHBtoAPB_0/AHBtoAPB_0/U_ApbAddrData/hwdataReg[14]:ALn
  Delay (ns):              1.150
  Slack (ns):             -2.071
  Arrival (ns):            9.446
  Required (ns):           7.375
  Operating Conditions: slow_lv_ht

