Timing Report Max Delay Analysis

SmartTime Version v12.6
Microsemi Corporation - Microsemi Libero Software Release v12.6 (Version 12.900.20.24)
Date: Mon Sep 13 17:52:55 2021


Design: top
Family: PolarFire
Die: MPF100T
Package: FCVG484
Temperature Range: -40 - 100 C
Voltage Range: 0.97 - 1.03 V
Speed Grade: -1
Design State: Post-Layout
Data source: Production
Multi Corner Report Operating Conditions: slow_lv_ht, slow_lv_lt, fast_hv_lt
Scenario for Timing Analysis: timing_analysis


*** IMPORTANT RECOMMENDATION *** If you haven't done so, it is highly recommended to add clock jitter information for each clock domain into Libero SoC through clock uncertainty SDC timing constraints. Please refer to the Libero SoC v12.5 release notes for more details.

-----------------------------------------------------
SUMMARY

Clock Domain:               PCIe_EP_0/PCIe_TL_CLK_0/CLK_DIV2_0/CLK_DIV2_0/I_CD:Y_DIV
Required Period (ns):       N/A
Required Frequency (MHz):   N/A
Worst Slack (ns):           
Operating Conditions:       

Clock Domain:               PCIe_EP_0/PCIe_TL_CLK_0/OSC_160MHz_0/OSC_160MHz_0/I_OSC_160:CLK
Required Period (ns):       N/A
Required Frequency (MHz):   N/A
Worst Slack (ns):           
Operating Conditions:       

Clock Domain:               PCIe_EP_0/PCIe_TX_PLL_0/PCIe_TX_PLL_0/txpll_isnt_0:DIV_CLK
Required Period (ns):       N/A
Required Frequency (MHz):   N/A
Worst Slack (ns):           
Operating Conditions:       

Clock Domain:               PF_CCC_C2_0/PF_CCC_C2_0/pll_inst_0:OUT0
Required Period (ns):       N/A
Required Frequency (MHz):   N/A
Worst Slack (ns):           
Operating Conditions:       

Clock Domain:               PF_CCC_C2_0/PF_CCC_C2_0/pll_inst_0:OUT1
Required Period (ns):       N/A
Required Frequency (MHz):   N/A
Worst Slack (ns):           
Operating Conditions:       

Clock Domain:               PF_CCC_C2_0/PF_CCC_C2_0/pll_inst_0:OUT2
Required Period (ns):       N/A
Required Frequency (MHz):   N/A
Worst Slack (ns):           
Operating Conditions:       

Clock Domain:               REF_CLK_0
Required Period (ns):       N/A
Required Frequency (MHz):   N/A
Worst Slack (ns):           
Operating Conditions:       

                            Input to Output
Max Delay (ns):             N/A

END SUMMARY
-----------------------------------------------------

Clock Domain PCIe_EP_0/PCIe_TL_CLK_0/CLK_DIV2_0/CLK_DIV2_0/I_CD:Y_DIV

Info: The maximum frequency of this clock domain is limited by the period of pin PCIe_EP_0/PCIex4_0/PCIE_1:TL_CLK

SET Register to Register

No Path 

END SET Register to Register

----------------------------------------------------

SET External Setup

No Path 

END SET External Setup

----------------------------------------------------

SET Clock to Output

No Path 

END SET Clock to Output

----------------------------------------------------

SET PF_CCC_C2_0/PF_CCC_C2_0/pll_inst_0:OUT1 to PCIe_EP_0/PCIe_TL_CLK_0/CLK_DIV2_0/CLK_DIV2_0/I_CD:Y_DIV

No Path 

END SET PF_CCC_C2_0/PF_CCC_C2_0/pll_inst_0:OUT1 to PCIe_EP_0/PCIe_TL_CLK_0/CLK_DIV2_0/CLK_DIV2_0/I_CD:Y_DIV

----------------------------------------------------

SET Register to Asynchronous

No Path 

END SET Register to Asynchronous

----------------------------------------------------

SET External Recovery

Path 1
  From: USER_RESETN
  To:   PCIe_EP_0/PCIex4_0/PCIE_1:MPERST_N
  Delay (ns):              7.436
  Arrival (ns):            7.436
  Recovery (ns):           1.395
  External Recovery (ns):   6.558
  Operating Conditions: slow_lv_ht


Expanded Path 1
  From: USER_RESETN
  To: PCIe_EP_0/PCIex4_0/PCIE_1:MPERST_N
  data required time                                    N/C
  data arrival time                          -        7.436
  slack                                                 N/C
  ________________________________________________________
  Data arrival time calculation
  0.000                        USER_RESETN (r)
               +     0.000          net: USER_RESETN
  0.000                        USER_RESETN_ibuf/U_IOPAD:PAD (r)
               +     1.322          cell: ADLIB:IOPAD_IN
  1.322                        USER_RESETN_ibuf/U_IOPAD:Y (r)
               +     0.000          net: USER_RESETN_ibuf/YIN
  1.322                        USER_RESETN_ibuf/U_IOIN:YIN (r)
               +     0.346          cell: ADLIB:IOIN_IB_E
  1.668                        USER_RESETN_ibuf/U_IOIN:Y (r)
               +     5.768          net: USER_RESETN_c
  7.436                        PCIe_EP_0/PCIex4_0/PCIE_1:MPERST_N (r)
                                    
  7.436                        data arrival time
  ________________________________________________________
  Data required time calculation
  N/C                          PCIe_EP_0/PCIe_TL_CLK_0/CLK_DIV2_0/CLK_DIV2_0/I_CD:Y_DIV
               +     0.000          Clock source
  N/C                          PCIe_EP_0/PCIe_TL_CLK_0/CLK_DIV2_0/CLK_DIV2_0/I_CD:Y_DIV (r)
               +     0.000          net: PCIe_EP_0/PCIe_TL_CLK_0/CLK_DIV2_0_CLK_OUT
  N/C                          PCIe_EP_0/PCIe_TL_CLK_0/NGMUX_0/NGMUX_0/I_NGMUX:CLK0 (r)
               +     0.567          cell: ADLIB:ICB_NGMUX
  N/C                          PCIe_EP_0/PCIe_TL_CLK_0/NGMUX_0/NGMUX_0/I_NGMUX:Y (r)
               +     0.000          net: PCIe_EP_0/PCIe_TL_CLK_0/NGMUX_0/NGMUX_0/Y_I_NGMUX_net
  N/C                          PCIe_EP_0/PCIe_TL_CLK_0/NGMUX_0/NGMUX_0/I_CLKINT_1:A (r)
               +     0.176          cell: ADLIB:ICB_CLKINT
  N/C                          PCIe_EP_0/PCIe_TL_CLK_0/NGMUX_0/NGMUX_0/I_CLKINT_1:Y (r)
               +     0.328          net: PCIe_EP_0/PCIe_TL_CLK_0/NGMUX_0/NGMUX_0/I_CLKINT_NET
  N/C                          PCIe_EP_0/PCIe_TL_CLK_0/NGMUX_0/NGMUX_0/I_CLKINT:A (r)
               +     0.155          cell: ADLIB:GB
  N/C                          PCIe_EP_0/PCIe_TL_CLK_0/NGMUX_0/NGMUX_0/I_CLKINT:Y (r)
               +     0.327          net: PCIe_EP_0/PCIe_TL_CLK_0/NGMUX_0/NGMUX_0/I_CLKINT/U0_Y
  N/C                          PCIe_EP_0/PCIe_TL_CLK_0/NGMUX_0/NGMUX_0/I_CLKINT/U0_RGB1:A (r)
               +     0.049          cell: ADLIB:RGB
  N/C                          PCIe_EP_0/PCIe_TL_CLK_0/NGMUX_0/NGMUX_0/I_CLKINT/U0_RGB1:Y (f)
               +     0.671          net: PCIe_EP_0/PCIe_TL_CLK_0_TL_CLK
  N/C                          PCIe_EP_0/PCIex4_0/PCIE_1:TL_CLK (r)
               -     1.395          Library recovery time: ADLIB:PCIE
  N/C                          PCIe_EP_0/PCIex4_0/PCIE_1:MPERST_N


Operating Conditions : slow_lv_ht

END SET External Recovery

----------------------------------------------------

SET Asynchronous to Register

No Path 

END SET Asynchronous to Register

----------------------------------------------------

Clock Domain PCIe_EP_0/PCIe_TL_CLK_0/OSC_160MHz_0/OSC_160MHz_0/I_OSC_160:CLK

Info: The maximum frequency of this clock domain is limited by the period of pin PCIe_EP_0/PCIe_TL_CLK_0/CLK_DIV2_0/CLK_DIV2_0/I_CD:A

SET Register to Register

No Path 

END SET Register to Register

----------------------------------------------------

SET External Setup

No Path 

END SET External Setup

----------------------------------------------------

SET Clock to Output

No Path 

END SET Clock to Output

----------------------------------------------------

SET Register to Asynchronous

No Path 

END SET Register to Asynchronous

----------------------------------------------------

SET External Recovery

No Path 

END SET External Recovery

----------------------------------------------------

SET Asynchronous to Register

No Path 

END SET Asynchronous to Register

----------------------------------------------------

Clock Domain PCIe_EP_0/PCIe_TX_PLL_0/PCIe_TX_PLL_0/txpll_isnt_0:DIV_CLK

Info: The maximum frequency of this clock domain is limited by the period of pin PCIe_EP_0/PCIex4_0/PCIE_1:TL_CLK

SET Register to Register

No Path 

END SET Register to Register

----------------------------------------------------

SET External Setup

No Path 

END SET External Setup

----------------------------------------------------

SET Clock to Output

No Path 

END SET Clock to Output

----------------------------------------------------

SET PF_CCC_C2_0/PF_CCC_C2_0/pll_inst_0:OUT1 to PCIe_EP_0/PCIe_TX_PLL_0/PCIe_TX_PLL_0/txpll_isnt_0:DIV_CLK

No Path 

END SET PF_CCC_C2_0/PF_CCC_C2_0/pll_inst_0:OUT1 to PCIe_EP_0/PCIe_TX_PLL_0/PCIe_TX_PLL_0/txpll_isnt_0:DIV_CLK

----------------------------------------------------

SET Register to Asynchronous

No Path 

END SET Register to Asynchronous

----------------------------------------------------

SET External Recovery

Path 1
  From: USER_RESETN
  To:   PCIe_EP_0/PCIex4_0/PCIE_1:MPERST_N
  Delay (ns):              6.891
  Arrival (ns):            6.891
  Recovery (ns):           1.495
  External Recovery (ns):   2.481
  Operating Conditions: slow_lv_lt


Expanded Path 1
  From: USER_RESETN
  To: PCIe_EP_0/PCIex4_0/PCIE_1:MPERST_N
  data required time                                    N/C
  data arrival time                          -        6.891
  slack                                                 N/C
  ________________________________________________________
  Data arrival time calculation
  0.000                        USER_RESETN (r)
               +     0.000          net: USER_RESETN
  0.000                        USER_RESETN_ibuf/U_IOPAD:PAD (r)
               +     1.147          cell: ADLIB:IOPAD_IN
  1.147                        USER_RESETN_ibuf/U_IOPAD:Y (r)
               +     0.000          net: USER_RESETN_ibuf/YIN
  1.147                        USER_RESETN_ibuf/U_IOIN:YIN (r)
               +     0.279          cell: ADLIB:IOIN_IB_E
  1.426                        USER_RESETN_ibuf/U_IOIN:Y (r)
               +     5.465          net: USER_RESETN_c
  6.891                        PCIe_EP_0/PCIex4_0/PCIE_1:MPERST_N (r)
                                    
  6.891                        data arrival time
  ________________________________________________________
  Data required time calculation
  N/C                          PCIe_EP_0/PCIe_TX_PLL_0/PCIe_TX_PLL_0/txpll_isnt_0:DIV_CLK
               +     0.000          Clock source
  N/C                          PCIe_EP_0/PCIe_TX_PLL_0/PCIe_TX_PLL_0/txpll_isnt_0:DIV_CLK (r)
               +     3.520          net: PCIe_EP_0/PCIe_TX_PLL_0_CLK_125
  N/C                          PCIe_EP_0/PCIe_TL_CLK_0/NGMUX_0/NGMUX_0/I_NGMUX_1:A (r)
               +     0.000          cell: ADLIB:ICB_INT
  N/C                          PCIe_EP_0/PCIe_TL_CLK_0/NGMUX_0/NGMUX_0/I_NGMUX_1:Y (r)
               +     0.180          net: PCIe_EP_0/PCIe_TL_CLK_0/NGMUX_0/NGMUX_0/I_NGMUX_NET
  N/C                          PCIe_EP_0/PCIe_TL_CLK_0/NGMUX_0/NGMUX_0/I_NGMUX:CLK1 (r)
               +     0.569          cell: ADLIB:ICB_NGMUX
  N/C                          PCIe_EP_0/PCIe_TL_CLK_0/NGMUX_0/NGMUX_0/I_NGMUX:Y (r)
               +     0.000          net: PCIe_EP_0/PCIe_TL_CLK_0/NGMUX_0/NGMUX_0/Y_I_NGMUX_net
  N/C                          PCIe_EP_0/PCIe_TL_CLK_0/NGMUX_0/NGMUX_0/I_CLKINT_1:A (r)
               +     0.176          cell: ADLIB:ICB_CLKINT
  N/C                          PCIe_EP_0/PCIe_TL_CLK_0/NGMUX_0/NGMUX_0/I_CLKINT_1:Y (r)
               +     0.304          net: PCIe_EP_0/PCIe_TL_CLK_0/NGMUX_0/NGMUX_0/I_CLKINT_NET
  N/C                          PCIe_EP_0/PCIe_TL_CLK_0/NGMUX_0/NGMUX_0/I_CLKINT:A (r)
               +     0.158          cell: ADLIB:GB
  N/C                          PCIe_EP_0/PCIe_TL_CLK_0/NGMUX_0/NGMUX_0/I_CLKINT:Y (r)
               +     0.308          net: PCIe_EP_0/PCIe_TL_CLK_0/NGMUX_0/NGMUX_0/I_CLKINT/U0_Y
  N/C                          PCIe_EP_0/PCIe_TL_CLK_0/NGMUX_0/NGMUX_0/I_CLKINT/U0_RGB1:A (r)
               +     0.048          cell: ADLIB:RGB
  N/C                          PCIe_EP_0/PCIe_TL_CLK_0/NGMUX_0/NGMUX_0/I_CLKINT/U0_RGB1:Y (f)
               +     0.642          net: PCIe_EP_0/PCIe_TL_CLK_0_TL_CLK
  N/C                          PCIe_EP_0/PCIex4_0/PCIE_1:TL_CLK (r)
               -     1.495          Library recovery time: ADLIB:PCIE
  N/C                          PCIe_EP_0/PCIex4_0/PCIE_1:MPERST_N


Operating Conditions : slow_lv_lt

END SET External Recovery

----------------------------------------------------

SET Asynchronous to Register

No Path 

END SET Asynchronous to Register

----------------------------------------------------

Clock Domain PF_CCC_C2_0/PF_CCC_C2_0/pll_inst_0:OUT0

SET Register to Register

Path 1
  From: AXItoAPB_0/AXItoAHBL_0/AXItoAHBL_0/U_AHBMasterCtrl/HADDRInt[0]:CLK
  To:   AXItoAPB_0/AXItoAHBL_0/AXItoAHBL_0/U_AHBMasterCtrl/validByteCntInt[5]:D
  Delay (ns):              8.511
  Arrival (ns):           10.352
  Setup (ns):              0.000
  Minimum Period (ns):     8.593
  Operating Conditions: slow_lv_ht

Path 2
  From: AXItoAPB_0/AXItoAHBL_0/AXItoAHBL_0/U_AHBMasterCtrl/HADDRInt[0]:CLK
  To:   AXItoAPB_0/AXItoAHBL_0/AXItoAHBL_0/U_AHBMasterCtrl/validByteCntInt[4]:D
  Delay (ns):              8.306
  Arrival (ns):           10.147
  Setup (ns):              0.000
  Minimum Period (ns):     8.387
  Operating Conditions: slow_lv_ht

Path 3
  From: AXItoAPB_0/AXItoAHBL_0/AXItoAHBL_0/U_AHBMasterCtrl/HADDRInt[0]:CLK
  To:   AXItoAPB_0/AXItoAHBL_0/AXItoAHBL_0/U_AHBMasterCtrl/validByteCntInt[7]:D
  Delay (ns):              8.298
  Arrival (ns):           10.139
  Setup (ns):              0.000
  Minimum Period (ns):     8.380
  Operating Conditions: slow_lv_ht

Path 4
  From: AXItoAPB_0/AXItoAHBL_0/AXItoAHBL_0/U_AHBMasterCtrl/HADDRInt[0]:CLK
  To:   AXItoAPB_0/AXItoAHBL_0/AXItoAHBL_0/U_AHBMasterCtrl/validByteCntInt[3]:D
  Delay (ns):              8.241
  Arrival (ns):           10.082
  Setup (ns):              0.000
  Minimum Period (ns):     8.323
  Operating Conditions: slow_lv_ht

Path 5
  From: AXItoAPB_0/AXItoAHBL_0/AXItoAHBL_0/U_AHBMasterCtrl/HADDRInt[0]:CLK
  To:   AXItoAPB_0/AXItoAHBL_0/AXItoAHBL_0/U_AHBMasterCtrl/validByteCntInt[6]:D
  Delay (ns):              8.237
  Arrival (ns):           10.078
  Setup (ns):              0.000
  Minimum Period (ns):     8.318
  Operating Conditions: slow_lv_ht


Expanded Path 1
  From: AXItoAPB_0/AXItoAHBL_0/AXItoAHBL_0/U_AHBMasterCtrl/HADDRInt[0]:CLK
  To: AXItoAPB_0/AXItoAHBL_0/AXItoAHBL_0/U_AHBMasterCtrl/validByteCntInt[5]:D
  data required time                                    N/C
  data arrival time                          -       10.352
  slack                                                 N/C
  ________________________________________________________
  Data arrival time calculation
  0.000                        PF_CCC_C2_0/PF_CCC_C2_0/pll_inst_0:OUT0
               +     0.000          Clock source
  0.000                        PF_CCC_C2_0/PF_CCC_C2_0/pll_inst_0:OUT0 (r)
               +     0.222          net: PF_CCC_C2_0/PF_CCC_C2_0/pll_inst_0_clkint_0
  0.222                        PF_CCC_C2_0/PF_CCC_C2_0/clkint_0_1:A (r)
               +     0.144          cell: ADLIB:ICB_CLKINT
  0.366                        PF_CCC_C2_0/PF_CCC_C2_0/clkint_0_1:Y (r)
               +     0.363          net: PF_CCC_C2_0/PF_CCC_C2_0/clkint_0_NET
  0.729                        PF_CCC_C2_0/PF_CCC_C2_0/clkint_0:A (r)
               +     0.174          cell: ADLIB:GB
  0.903                        PF_CCC_C2_0/PF_CCC_C2_0/clkint_0:Y (r)
               +     0.362          net: PF_CCC_C2_0/PF_CCC_C2_0/clkint_0/U0_Y
  1.265                        PF_CCC_C2_0/PF_CCC_C2_0/clkint_0/U0_RGB1_RGB0:A (r)
               +     0.058          cell: ADLIB:RGB
  1.323                        PF_CCC_C2_0/PF_CCC_C2_0/clkint_0/U0_RGB1_RGB0:Y (f)
               +     0.518          net: PF_CCC_C2_0/PF_CCC_C2_0/clkint_0/U0_RGB1_RGB0_rgb_net_1
  1.841                        AXItoAPB_0/AXItoAHBL_0/AXItoAHBL_0/U_AHBMasterCtrl/HADDRInt[0]:CLK (r)
               +     0.190          cell: ADLIB:SLE
  2.031                        AXItoAPB_0/AXItoAHBL_0/AXItoAHBL_0/U_AHBMasterCtrl/HADDRInt[0]:Q (f)
               +     1.783          net: AXItoAPB_0/AXItoAHBL_0/AXItoAHBL_0/U_AHBMasterCtrl/HADDRInt_Z[0]
  3.814                        AXItoAPB_0/AXItoAHBL_0/AXItoAHBL_0/U_AHBMasterCtrl/rdFIFOWrDataReg_d123_1:B (f)
               +     0.166          cell: ADLIB:CFG2
  3.980                        AXItoAPB_0/AXItoAHBL_0/AXItoAHBL_0/U_AHBMasterCtrl/rdFIFOWrDataReg_d123_1:Y (r)
               +     0.472          net: AXItoAPB_0/AXItoAHBL_0/AXItoAHBL_0/U_AHBMasterCtrl/rdFIFOWrDataReg_d123_1_Z
  4.452                        AXItoAPB_0/AXItoAHBL_0/AXItoAHBL_0/U_AHBMasterCtrl/HADDRInt_RNISGPV1[3]:C (r)
               +     0.247          cell: ADLIB:CFG4
  4.699                        AXItoAPB_0/AXItoAHBL_0/AXItoAHBL_0/U_AHBMasterCtrl/HADDRInt_RNISGPV1[3]:Y (f)
               +     0.157          net: AXItoAPB_0/AXItoAHBL_0/AXItoAHBL_0/U_AHBMasterCtrl/HADDRInt_RNISGPV1_Z[3]
  4.856                        AXItoAPB_0/AXItoAHBL_0/AXItoAHBL_0/U_AHBMasterCtrl/un1_validByteCntInt_3lto7_3_i_RNINCPA3:C (f)
               +     0.234          cell: ADLIB:CFG4
  5.090                        AXItoAPB_0/AXItoAHBL_0/AXItoAHBL_0/U_AHBMasterCtrl/un1_validByteCntInt_3lto7_3_i_RNINCPA3:Y (r)
               +     0.585          net: AXItoAPB_0/AXItoAHBL_0/AXItoAHBL_0/U_AHBMasterCtrl/HBURSTInt_d97
  5.675                        AXItoAPB_0/AXItoAHBL_0/AXItoAHBL_0/U_AHBMasterCtrl/HBURSTInt_d98:D (r)
               +     0.247          cell: ADLIB:CFG4
  5.922                        AXItoAPB_0/AXItoAHBL_0/AXItoAHBL_0/U_AHBMasterCtrl/HBURSTInt_d98:Y (f)
               +     0.236          net: AXItoAPB_0/AXItoAHBL_0/AXItoAHBL_0/U_AHBMasterCtrl/HBURSTInt_d98_Z
  6.158                        AXItoAPB_0/AXItoAHBL_0/AXItoAHBL_0/U_AHBMasterCtrl/un1_HBURSTInt_d_0_sqmuxa_2_1:B (f)
               +     0.085          cell: ADLIB:CFG4
  6.243                        AXItoAPB_0/AXItoAHBL_0/AXItoAHBL_0/U_AHBMasterCtrl/un1_HBURSTInt_d_0_sqmuxa_2_1:Y (f)
               +     0.142          net: AXItoAPB_0/AXItoAHBL_0/AXItoAHBL_0/U_AHBMasterCtrl/un1_HBURSTInt_d_0_sqmuxa_2_1_Z
  6.385                        AXItoAPB_0/AXItoAHBL_0/AXItoAHBL_0/U_AHBMasterCtrl/un1_HBURSTInt_d_0_sqmuxa_2_2:B (f)
               +     0.151          cell: ADLIB:CFG4
  6.536                        AXItoAPB_0/AXItoAHBL_0/AXItoAHBL_0/U_AHBMasterCtrl/un1_HBURSTInt_d_0_sqmuxa_2_2:Y (f)
               +     0.148          net: AXItoAPB_0/AXItoAHBL_0/AXItoAHBL_0/U_AHBMasterCtrl/un1_HBURSTInt_d_0_sqmuxa_2_2_Z
  6.684                        AXItoAPB_0/AXItoAHBL_0/AXItoAHBL_0/U_AHBMasterCtrl/validByteCntInt_d_0_sqmuxa_12:B (f)
               +     0.151          cell: ADLIB:CFG3
  6.835                        AXItoAPB_0/AXItoAHBL_0/AXItoAHBL_0/U_AHBMasterCtrl/validByteCntInt_d_0_sqmuxa_12:Y (f)
               +     0.308          net: AXItoAPB_0/AXItoAHBL_0/AXItoAHBL_0/U_AHBMasterCtrl/validByteCntInt_d_0_sqmuxa_12_Z
  7.143                        AXItoAPB_0/AXItoAHBL_0/AXItoAHBL_0/U_AHBMasterCtrl/validByteCntInt_d_0_sqmuxa_12_RNIIT0U4:D (f)
               +     0.116          cell: ADLIB:CFG4
  7.259                        AXItoAPB_0/AXItoAHBL_0/AXItoAHBL_0/U_AHBMasterCtrl/validByteCntInt_d_0_sqmuxa_12_RNIIT0U4:Y (f)
               +     0.173          net: AXItoAPB_0/AXItoAHBL_0/AXItoAHBL_0/U_AHBMasterCtrl/un1_rdFIFOWrData_d326_5_i
  7.432                        AXItoAPB_0/AXItoAHBL_0/AXItoAHBL_0/U_AHBMasterCtrl/un61_f1_2[1]:D (f)
               +     0.166          cell: ADLIB:CFG4
  7.598                        AXItoAPB_0/AXItoAHBL_0/AXItoAHBL_0/U_AHBMasterCtrl/un61_f1_2[1]:Y (r)
               +     0.356          net: AXItoAPB_0/AXItoAHBL_0/AXItoAHBL_0/U_AHBMasterCtrl/un61_f1_2_Z[1]
  7.954                        AXItoAPB_0/AXItoAHBL_0/AXItoAHBL_0/U_AHBMasterCtrl/un61_f0[1]:C (r)
               +     0.171          cell: ADLIB:CFG4
  8.125                        AXItoAPB_0/AXItoAHBL_0/AXItoAHBL_0/U_AHBMasterCtrl/un61_f0[1]:Y (r)
               +     0.967          net: AXItoAPB_0/AXItoAHBL_0/AXItoAHBL_0/U_AHBMasterCtrl/un61_f0_Z[1]
  9.092                        AXItoAPB_0/AXItoAHBL_0/AXItoAHBL_0/U_AHBMasterCtrl/un61_f0_RNIILAHE[1]:B (r)
               +     0.094          cell: ADLIB:ARI1_CC
  9.186                        AXItoAPB_0/AXItoAHBL_0/AXItoAHBL_0/U_AHBMasterCtrl/un61_f0_RNIILAHE[1]:P (f)
               +     0.016          net: NET_CC_CONFIG1783
  9.202                        AXItoAPB_0/AXItoAHBL_0/AXItoAHBL_0/U_AHBMasterCtrl/validByteCntInt_RNI4FAT7[0]_CC_0:P[1] (f)
               +     0.445          cell: ADLIB:CC_CONFIG
  9.647                        AXItoAPB_0/AXItoAHBL_0/AXItoAHBL_0/U_AHBMasterCtrl/validByteCntInt_RNI4FAT7[0]_CC_0:CC[5] (r)
               +     0.000          net: NET_CC_CONFIG1802
  9.647                        AXItoAPB_0/AXItoAHBL_0/AXItoAHBL_0/U_AHBMasterCtrl/validByteCntInt_RNI3OP468[5]:CC (r)
               +     0.062          cell: ADLIB:ARI1_CC
  9.709                        AXItoAPB_0/AXItoAHBL_0/AXItoAHBL_0/U_AHBMasterCtrl/validByteCntInt_RNI3OP468[5]:S (r)
               +     0.379          net: AXItoAPB_0/AXItoAHBL_0/AXItoAHBL_0/U_AHBMasterCtrl/N_1584
  10.088                       AXItoAPB_0/AXItoAHBL_0/AXItoAHBL_0/U_AHBMasterCtrl/validByteCntInt_d[5]:A (r)
               +     0.238          cell: ADLIB:CFG3
  10.326                       AXItoAPB_0/AXItoAHBL_0/AXItoAHBL_0/U_AHBMasterCtrl/validByteCntInt_d[5]:Y (r)
               +     0.026          net: AXItoAPB_0/AXItoAHBL_0/AXItoAHBL_0/U_AHBMasterCtrl/validByteCntInt_d_Z[5]
  10.352                       AXItoAPB_0/AXItoAHBL_0/AXItoAHBL_0/U_AHBMasterCtrl/validByteCntInt[5]:D (r)
                                    
  10.352                       data arrival time
  ________________________________________________________
  Data required time calculation
  N/C                          PF_CCC_C2_0/PF_CCC_C2_0/pll_inst_0:OUT0
               +     0.000          Clock source
  N/C                          PF_CCC_C2_0/PF_CCC_C2_0/pll_inst_0:OUT0 (r)
               +     0.202          net: PF_CCC_C2_0/PF_CCC_C2_0/pll_inst_0_clkint_0
  N/C                          PF_CCC_C2_0/PF_CCC_C2_0/clkint_0_1:A (r)
               +     0.124          cell: ADLIB:ICB_CLKINT
  N/C                          PF_CCC_C2_0/PF_CCC_C2_0/clkint_0_1:Y (r)
               +     0.330          net: PF_CCC_C2_0/PF_CCC_C2_0/clkint_0_NET
  N/C                          PF_CCC_C2_0/PF_CCC_C2_0/clkint_0:A (r)
               +     0.158          cell: ADLIB:GB
  N/C                          PF_CCC_C2_0/PF_CCC_C2_0/clkint_0:Y (r)
               +     0.327          net: PF_CCC_C2_0/PF_CCC_C2_0/clkint_0/U0_Y
  N/C                          PF_CCC_C2_0/PF_CCC_C2_0/clkint_0/U0_RGB1_RGB1:A (r)
               +     0.049          cell: ADLIB:RGB
  N/C                          PF_CCC_C2_0/PF_CCC_C2_0/clkint_0/U0_RGB1_RGB1:Y (f)
               +     0.476          net: PF_CCC_C2_0/PF_CCC_C2_0/clkint_0/U0_RGB1_RGB1_rgb_net_1
  N/C                          AXItoAPB_0/AXItoAHBL_0/AXItoAHBL_0/U_AHBMasterCtrl/validByteCntInt[5]:CLK (r)
               +     0.093          
  N/C                          clock reconvergence pessimism
               -     0.000          Library setup time: ADLIB:SLE
  N/C                          AXItoAPB_0/AXItoAHBL_0/AXItoAHBL_0/U_AHBMasterCtrl/validByteCntInt[5]:D


Operating Conditions : slow_lv_ht

END SET Register to Register

----------------------------------------------------

SET External Setup

No Path 

END SET External Setup

----------------------------------------------------

SET Clock to Output

No Path 

END SET Clock to Output

----------------------------------------------------

SET PF_CCC_C2_0/PF_CCC_C2_0/pll_inst_0:OUT1 to PF_CCC_C2_0/PF_CCC_C2_0/pll_inst_0:OUT0

No Path 

END SET PF_CCC_C2_0/PF_CCC_C2_0/pll_inst_0:OUT1 to PF_CCC_C2_0/PF_CCC_C2_0/pll_inst_0:OUT0

----------------------------------------------------

SET Register to Asynchronous

Path 1
  From: AXI4_Interconnect_0/AXI4_Interconnect_0/SlvConvertor_loop[0].slvcnv/genblk1.rsync/sysReset:CLK
  To:   AXI4_Interconnect_0/AXI4_Interconnect_0/SlvConvertor_loop[0].slvcnv/slvCDC/genblk1.cdc_RChan/wrGrayCounterP1/cntGray[1]:ALn
  Delay (ns):              3.446
  Arrival (ns):            5.318
  Recovery (ns):           0.209
  Minimum Period (ns):     3.765
  Skew (ns):               0.110
  Operating Conditions: slow_lv_ht

Path 2
  From: AXI4_Interconnect_0/AXI4_Interconnect_0/SlvConvertor_loop[0].slvcnv/genblk1.rsync/sysReset:CLK
  To:   AXI4_Interconnect_0/AXI4_Interconnect_0/SlvConvertor_loop[0].slvcnv/slvCDC/genblk1.cdc_RChan/wrGrayCounterP1/cntGray[0]:ALn
  Delay (ns):              3.446
  Arrival (ns):            5.318
  Recovery (ns):           0.209
  Minimum Period (ns):     3.765
  Skew (ns):               0.110
  Operating Conditions: slow_lv_ht

Path 3
  From: AXI4_Interconnect_0/AXI4_Interconnect_0/SlvConvertor_loop[0].slvcnv/genblk1.rsync/sysReset:CLK
  To:   AXI4_Interconnect_0/AXI4_Interconnect_0/SlvConvertor_loop[0].slvcnv/slvCDC/genblk1.cdc_RChan/CDC_wrCtrl_inst/full:ALn
  Delay (ns):              3.446
  Arrival (ns):            5.318
  Recovery (ns):           0.209
  Minimum Period (ns):     3.765
  Skew (ns):               0.110
  Operating Conditions: slow_lv_ht

Path 4
  From: AXI4_Interconnect_0/AXI4_Interconnect_0/SlvConvertor_loop[0].slvcnv/genblk1.rsync/sysReset:CLK
  To:   AXI4_Interconnect_0/AXI4_Interconnect_0/SlvConvertor_loop[0].slvcnv/slvCDC/genblk1.cdc_RChan/rdPtr_s2[1]:ALn
  Delay (ns):              3.444
  Arrival (ns):            5.316
  Recovery (ns):           0.209
  Minimum Period (ns):     3.763
  Skew (ns):               0.110
  Operating Conditions: slow_lv_ht

Path 5
  From: AXI4_Interconnect_0/AXI4_Interconnect_0/SlvConvertor_loop[0].slvcnv/genblk1.rsync/sysReset:CLK
  To:   AXI4_Interconnect_0/AXI4_Interconnect_0/SlvConvertor_loop[0].slvcnv/slvCDC/genblk1.cdc_RChan/rdPtr_s2[0]:ALn
  Delay (ns):              3.444
  Arrival (ns):            5.316
  Recovery (ns):           0.209
  Minimum Period (ns):     3.763
  Skew (ns):               0.110
  Operating Conditions: slow_lv_ht


Expanded Path 1
  From: AXI4_Interconnect_0/AXI4_Interconnect_0/SlvConvertor_loop[0].slvcnv/genblk1.rsync/sysReset:CLK
  To: AXI4_Interconnect_0/AXI4_Interconnect_0/SlvConvertor_loop[0].slvcnv/slvCDC/genblk1.cdc_RChan/wrGrayCounterP1/cntGray[1]:ALn
  data required time                                    N/C
  data arrival time                          -        5.318
  slack                                                 N/C
  ________________________________________________________
  Data arrival time calculation
  0.000                        PF_CCC_C2_0/PF_CCC_C2_0/pll_inst_0:OUT0
               +     0.000          Clock source
  0.000                        PF_CCC_C2_0/PF_CCC_C2_0/pll_inst_0:OUT0 (r)
               +     0.222          net: PF_CCC_C2_0/PF_CCC_C2_0/pll_inst_0_clkint_0
  0.222                        PF_CCC_C2_0/PF_CCC_C2_0/clkint_0_1:A (r)
               +     0.144          cell: ADLIB:ICB_CLKINT
  0.366                        PF_CCC_C2_0/PF_CCC_C2_0/clkint_0_1:Y (r)
               +     0.363          net: PF_CCC_C2_0/PF_CCC_C2_0/clkint_0_NET
  0.729                        PF_CCC_C2_0/PF_CCC_C2_0/clkint_0:A (r)
               +     0.174          cell: ADLIB:GB
  0.903                        PF_CCC_C2_0/PF_CCC_C2_0/clkint_0:Y (r)
               +     0.362          net: PF_CCC_C2_0/PF_CCC_C2_0/clkint_0/U0_Y
  1.265                        PF_CCC_C2_0/PF_CCC_C2_0/clkint_0/U0_RGB1_RGB1:A (r)
               +     0.058          cell: ADLIB:RGB
  1.323                        PF_CCC_C2_0/PF_CCC_C2_0/clkint_0/U0_RGB1_RGB1:Y (f)
               +     0.549          net: PF_CCC_C2_0/PF_CCC_C2_0/clkint_0/U0_RGB1_RGB1_rgb_net_1
  1.872                        AXI4_Interconnect_0/AXI4_Interconnect_0/SlvConvertor_loop[0].slvcnv/genblk1.rsync/sysReset:CLK (r)
               +     0.201          cell: ADLIB:SLE
  2.073                        AXI4_Interconnect_0/AXI4_Interconnect_0/SlvConvertor_loop[0].slvcnv/genblk1.rsync/sysReset:Q (r)
               +     3.245          net: AXI4_Interconnect_0/AXI4_Interconnect_0/SlvConvertor_loop[0].slvcnv/sysReset
  5.318                        AXI4_Interconnect_0/AXI4_Interconnect_0/SlvConvertor_loop[0].slvcnv/slvCDC/genblk1.cdc_RChan/wrGrayCounterP1/cntGray[1]:ALn (r)
                                    
  5.318                        data arrival time
  ________________________________________________________
  Data required time calculation
  N/C                          PF_CCC_C2_0/PF_CCC_C2_0/pll_inst_0:OUT0
               +     0.000          Clock source
  N/C                          PF_CCC_C2_0/PF_CCC_C2_0/pll_inst_0:OUT0 (r)
               +     0.202          net: PF_CCC_C2_0/PF_CCC_C2_0/pll_inst_0_clkint_0
  N/C                          PF_CCC_C2_0/PF_CCC_C2_0/clkint_0_1:A (r)
               +     0.124          cell: ADLIB:ICB_CLKINT
  N/C                          PF_CCC_C2_0/PF_CCC_C2_0/clkint_0_1:Y (r)
               +     0.330          net: PF_CCC_C2_0/PF_CCC_C2_0/clkint_0_NET
  N/C                          PF_CCC_C2_0/PF_CCC_C2_0/clkint_0:A (r)
               +     0.158          cell: ADLIB:GB
  N/C                          PF_CCC_C2_0/PF_CCC_C2_0/clkint_0:Y (r)
               +     0.326          net: PF_CCC_C2_0/PF_CCC_C2_0/clkint_0/U0_Y
  N/C                          PF_CCC_C2_0/PF_CCC_C2_0/clkint_0/U0_RGB1_RGB3:A (r)
               +     0.049          cell: ADLIB:RGB
  N/C                          PF_CCC_C2_0/PF_CCC_C2_0/clkint_0/U0_RGB1_RGB3:Y (f)
               +     0.480          net: PF_CCC_C2_0/PF_CCC_C2_0/clkint_0/U0_RGB1_RGB3_rgb_net_1
  N/C                          AXI4_Interconnect_0/AXI4_Interconnect_0/SlvConvertor_loop[0].slvcnv/slvCDC/genblk1.cdc_RChan/wrGrayCounterP1/cntGray[1]:CLK (r)
               +     0.093          
  N/C                          clock reconvergence pessimism
               -     0.209          Library recovery time: ADLIB:SLE
  N/C                          AXI4_Interconnect_0/AXI4_Interconnect_0/SlvConvertor_loop[0].slvcnv/slvCDC/genblk1.cdc_RChan/wrGrayCounterP1/cntGray[1]:ALn


Operating Conditions : slow_lv_ht

END SET Register to Asynchronous

----------------------------------------------------

SET External Recovery

No Path 

END SET External Recovery

----------------------------------------------------

SET Asynchronous to Register

No Path 

END SET Asynchronous to Register

----------------------------------------------------

Clock Domain PF_CCC_C2_0/PF_CCC_C2_0/pll_inst_0:OUT1

SET Register to Register

Path 1
  From: AXI4_Interconnect_0/AXI4_Interconnect_0/axicb/cb.rDCon/MD.genblk1[0].rdcon/rdFif.rdFif/genblk1.DPFF/fifoRdDataQ1[2]:CLK
  To:   AXI4_Interconnect_0/AXI4_Interconnect_0/SlvConvertor_loop[3].slvcnv/rgsl/genblk3.rrs/sDat[55]:EN
  Delay (ns):              6.375
  Arrival (ns):            8.212
  Setup (ns):              0.128
  Minimum Period (ns):     6.598
  Operating Conditions: slow_lv_ht

Path 2
  From: AXI4_Interconnect_0/AXI4_Interconnect_0/axicb/cb.rDCon/MD.genblk1[0].rdcon/rdFif.rdFif/genblk1.DPFF/fifoRdDataQ1[2]:CLK
  To:   AXI4_Interconnect_0/AXI4_Interconnect_0/SlvConvertor_loop[3].slvcnv/rgsl/genblk3.rrs/sDat[56]:EN
  Delay (ns):              6.374
  Arrival (ns):            8.211
  Setup (ns):              0.128
  Minimum Period (ns):     6.597
  Operating Conditions: slow_lv_ht

Path 3
  From: AXI4_Interconnect_0/AXI4_Interconnect_0/axicb/cb.rDCon/MD.genblk1[0].rdcon/rdFif.rdFif/genblk1.DPFF/fifoRdDataQ1[2]:CLK
  To:   AXI4_Interconnect_0/AXI4_Interconnect_0/SlvConvertor_loop[3].slvcnv/rgsl/genblk3.rrs/sDat[18]:EN
  Delay (ns):              6.375
  Arrival (ns):            8.212
  Setup (ns):              0.128
  Minimum Period (ns):     6.597
  Operating Conditions: slow_lv_ht

Path 4
  From: AXI4_Interconnect_0/AXI4_Interconnect_0/axicb/cb.rDCon/MD.genblk1[0].rdcon/rdFif.rdFif/genblk1.DPFF/fifoRdDataQ1[2]:CLK
  To:   AXI4_Interconnect_0/AXI4_Interconnect_0/SlvConvertor_loop[3].slvcnv/rgsl/genblk3.rrs/sDat[16]:EN
  Delay (ns):              6.375
  Arrival (ns):            8.212
  Setup (ns):              0.128
  Minimum Period (ns):     6.597
  Operating Conditions: slow_lv_ht

Path 5
  From: AXI4_Interconnect_0/AXI4_Interconnect_0/axicb/cb.rDCon/MD.genblk1[0].rdcon/rdFif.rdFif/genblk1.DPFF/fifoRdDataQ1[2]:CLK
  To:   AXI4_Interconnect_0/AXI4_Interconnect_0/SlvConvertor_loop[3].slvcnv/rgsl/genblk3.rrs/sDat[52]:EN
  Delay (ns):              6.374
  Arrival (ns):            8.211
  Setup (ns):              0.128
  Minimum Period (ns):     6.596
  Operating Conditions: slow_lv_ht


Expanded Path 1
  From: AXI4_Interconnect_0/AXI4_Interconnect_0/axicb/cb.rDCon/MD.genblk1[0].rdcon/rdFif.rdFif/genblk1.DPFF/fifoRdDataQ1[2]:CLK
  To: AXI4_Interconnect_0/AXI4_Interconnect_0/SlvConvertor_loop[3].slvcnv/rgsl/genblk3.rrs/sDat[55]:EN
  data required time                                    N/C
  data arrival time                          -        8.212
  slack                                                 N/C
  ________________________________________________________
  Data arrival time calculation
  0.000                        PF_CCC_C2_0/PF_CCC_C2_0/pll_inst_0:OUT1
               +     0.000          Clock source
  0.000                        PF_CCC_C2_0/PF_CCC_C2_0/pll_inst_0:OUT1 (r)
               +     0.206          net: PF_CCC_C2_0/PF_CCC_C2_0/pll_inst_0_clkint_4
  0.206                        PF_CCC_C2_0/PF_CCC_C2_0/clkint_4_1:A (r)
               +     0.143          cell: ADLIB:ICB_CLKINT
  0.349                        PF_CCC_C2_0/PF_CCC_C2_0/clkint_4_1:Y (r)
               +     0.363          net: PF_CCC_C2_0/PF_CCC_C2_0/clkint_4_NET
  0.712                        PF_CCC_C2_0/PF_CCC_C2_0/clkint_4/U0_GB0:A (r)
               +     0.173          cell: ADLIB:GB
  0.885                        PF_CCC_C2_0/PF_CCC_C2_0/clkint_4/U0_GB0:Y (r)
               +     0.359          net: PF_CCC_C2_0/PF_CCC_C2_0/clkint_4/U0_gbs_1
  1.244                        PF_CCC_C2_0/PF_CCC_C2_0/clkint_4/U0_RGB1_RGB6:A (r)
               +     0.058          cell: ADLIB:RGB
  1.302                        PF_CCC_C2_0/PF_CCC_C2_0/clkint_4/U0_RGB1_RGB6:Y (f)
               +     0.535          net: PF_CCC_C2_0/PF_CCC_C2_0/clkint_4/U0_RGB1_RGB6_rgb_net_1
  1.837                        AXI4_Interconnect_0/AXI4_Interconnect_0/axicb/cb.rDCon/MD.genblk1[0].rdcon/rdFif.rdFif/genblk1.DPFF/fifoRdDataQ1[2]:CLK (r)
               +     0.201          cell: ADLIB:SLE
  2.038                        AXI4_Interconnect_0/AXI4_Interconnect_0/axicb/cb.rDCon/MD.genblk1[0].rdcon/rdFif.rdFif/genblk1.DPFF/fifoRdDataQ1[2]:Q (r)
               +     0.569          net: AXI4_Interconnect_0/AXI4_Interconnect_0/axicb/cb.rDCon/rdfifoRdData[2]
  2.607                        AXI4_Interconnect_0/AXI4_Interconnect_0/axicb/cb.rDCon/MD.genblk1[0].rdcon/rdFif.rdFif/slaveValidQual_pmux_1:D (r)
               +     0.247          cell: ADLIB:CFG4
  2.854                        AXI4_Interconnect_0/AXI4_Interconnect_0/axicb/cb.rDCon/MD.genblk1[0].rdcon/rdFif.rdFif/slaveValidQual_pmux_1:Y (f)
               +     0.153          net: AXI4_Interconnect_0/AXI4_Interconnect_0/axicb/cb.rDCon/MD.genblk1[0].rdcon/rdFif.rdFif/N_915
  3.007                        AXI4_Interconnect_0/AXI4_Interconnect_0/axicb/cb.rDCon/MD.genblk1[0].rdcon/rdFif.rdFif/slaveValidQual_pmux_5_1:B (f)
               +     0.193          cell: ADLIB:CFG3
  3.200                        AXI4_Interconnect_0/AXI4_Interconnect_0/axicb/cb.rDCon/MD.genblk1[0].rdcon/rdFif.rdFif/slaveValidQual_pmux_5_1:Y (f)
               +     0.334          net: AXI4_Interconnect_0/AXI4_Interconnect_0/axicb/cb.rDCon/MD.genblk1[0].rdcon/rdFif.rdFif/slaveValidQual_pmux_5_1_Z
  3.534                        AXI4_Interconnect_0/AXI4_Interconnect_0/axicb/cb.rDCon/MD.genblk1[0].rdcon/rdFif.rdFif/slaveValidQual_pmux_5_2:C (f)
               +     0.091          cell: ADLIB:CFG4
  3.625                        AXI4_Interconnect_0/AXI4_Interconnect_0/axicb/cb.rDCon/MD.genblk1[0].rdcon/rdFif.rdFif/slaveValidQual_pmux_5_2:Y (r)
               +     0.139          net: AXI4_Interconnect_0/AXI4_Interconnect_0/axicb/cb.rDCon/MD.genblk1[0].rdcon/rdFif.rdFif/slaveValidQual_pmux_5_2_Z
  3.764                        AXI4_Interconnect_0/AXI4_Interconnect_0/axicb/cb.rDCon/MD.genblk1[0].rdcon/rdFif.rdFif/slaveValidQual_pmux_5_2_0_RNIBR311:A (r)
               +     0.156          cell: ADLIB:CFG3
  3.920                        AXI4_Interconnect_0/AXI4_Interconnect_0/axicb/cb.rDCon/MD.genblk1[0].rdcon/rdFif.rdFif/slaveValidQual_pmux_5_2_0_RNIBR311:Y (r)
               +     0.269          net: AXI4_Interconnect_0/AXI4_Interconnect_0/axicb/cb.rDCon/MD.genblk1[0].rdcon/slaveValidQual_pmux
  4.189                        AXI4_Interconnect_0/AXI4_Interconnect_0/axicb/cb.rDCon/MD.genblk1[0].rdcon/rdmx/arbEnable_0:B (r)
               +     0.090          cell: ADLIB:CFG3
  4.279                        AXI4_Interconnect_0/AXI4_Interconnect_0/axicb/cb.rDCon/MD.genblk1[0].rdcon/rdmx/arbEnable_0:Y (r)
               +     0.494          net: AXI4_Interconnect_0/AXI4_Interconnect_0/axicb/cb.rDCon/N_140
  4.773                        AXI4_Interconnect_0/AXI4_Interconnect_0/axicb/cb.rDCon/SLAVE_READY_0_a4_0[3]:C (r)
               +     0.090          cell: ADLIB:CFG4
  4.863                        AXI4_Interconnect_0/AXI4_Interconnect_0/axicb/cb.rDCon/SLAVE_READY_0_a4_0[3]:Y (r)
               +     0.492          net: AXI4_Interconnect_0/AXI4_Interconnect_0/axicb/cb.rDCon/N_115
  5.355                        AXI4_Interconnect_0/AXI4_Interconnect_0/axicb/cb.rDCon/SLAVE_READY_0[3]:C (r)
               +     0.090          cell: ADLIB:CFG4
  5.445                        AXI4_Interconnect_0/AXI4_Interconnect_0/axicb/cb.rDCon/SLAVE_READY_0[3]:Y (r)
               +     0.164          net: AXI4_Interconnect_0/AXI4_Interconnect_0/slaveRREADY[3]
  5.609                        AXI4_Interconnect_0/AXI4_Interconnect_0/SlvConvertor_loop[3].slvcnv/rgsl/genblk3.rrs/currState_RNI28GH[1]:D (r)
               +     0.200          cell: ADLIB:CFG4
  5.809                        AXI4_Interconnect_0/AXI4_Interconnect_0/SlvConvertor_loop[3].slvcnv/rgsl/genblk3.rrs/currState_RNI28GH[1]:Y (r)
               +     2.403          net: AXI4_Interconnect_0/AXI4_Interconnect_0/SlvConvertor_loop[3].slvcnv/rgsl/genblk3.rrs/N_167_i
  8.212                        AXI4_Interconnect_0/AXI4_Interconnect_0/SlvConvertor_loop[3].slvcnv/rgsl/genblk3.rrs/sDat[55]:EN (r)
                                    
  8.212                        data arrival time
  ________________________________________________________
  Data required time calculation
  N/C                          PF_CCC_C2_0/PF_CCC_C2_0/pll_inst_0:OUT1
               +     0.000          Clock source
  N/C                          PF_CCC_C2_0/PF_CCC_C2_0/pll_inst_0:OUT1 (r)
               +     0.188          net: PF_CCC_C2_0/PF_CCC_C2_0/pll_inst_0_clkint_4
  N/C                          PF_CCC_C2_0/PF_CCC_C2_0/clkint_4_1:A (r)
               +     0.124          cell: ADLIB:ICB_CLKINT
  N/C                          PF_CCC_C2_0/PF_CCC_C2_0/clkint_4_1:Y (r)
               +     0.331          net: PF_CCC_C2_0/PF_CCC_C2_0/clkint_4_NET
  N/C                          PF_CCC_C2_0/PF_CCC_C2_0/clkint_4/U0_GB0:A (r)
               +     0.158          cell: ADLIB:GB
  N/C                          PF_CCC_C2_0/PF_CCC_C2_0/clkint_4/U0_GB0:Y (r)
               +     0.333          net: PF_CCC_C2_0/PF_CCC_C2_0/clkint_4/U0_gbs_1
  N/C                          PF_CCC_C2_0/PF_CCC_C2_0/clkint_4/U0_RGB1_RGB2:A (r)
               +     0.049          cell: ADLIB:RGB
  N/C                          PF_CCC_C2_0/PF_CCC_C2_0/clkint_4/U0_RGB1_RGB2:Y (f)
               +     0.471          net: PF_CCC_C2_0/PF_CCC_C2_0/clkint_4/U0_RGB1_RGB2_rgb_net_1
  N/C                          AXI4_Interconnect_0/AXI4_Interconnect_0/SlvConvertor_loop[3].slvcnv/rgsl/genblk3.rrs/sDat[55]:CLK (r)
               +     0.088          
  N/C                          clock reconvergence pessimism
               -     0.128          Library setup time: ADLIB:SLE
  N/C                          AXI4_Interconnect_0/AXI4_Interconnect_0/SlvConvertor_loop[3].slvcnv/rgsl/genblk3.rrs/sDat[55]:EN


Operating Conditions : slow_lv_ht

END SET Register to Register

----------------------------------------------------

SET External Setup

No Path 

END SET External Setup

----------------------------------------------------

SET Clock to Output

No Path 

END SET Clock to Output

----------------------------------------------------

SET PCIe_EP_0/PCIe_TL_CLK_0/CLK_DIV2_0/CLK_DIV2_0/I_CD:Y_DIV to PF_CCC_C2_0/PF_CCC_C2_0/pll_inst_0:OUT1

No Path 

END SET PCIe_EP_0/PCIe_TL_CLK_0/CLK_DIV2_0/CLK_DIV2_0/I_CD:Y_DIV to PF_CCC_C2_0/PF_CCC_C2_0/pll_inst_0:OUT1

----------------------------------------------------

SET PCIe_EP_0/PCIe_TX_PLL_0/PCIe_TX_PLL_0/txpll_isnt_0:DIV_CLK to PF_CCC_C2_0/PF_CCC_C2_0/pll_inst_0:OUT1

No Path 

END SET PCIe_EP_0/PCIe_TX_PLL_0/PCIe_TX_PLL_0/txpll_isnt_0:DIV_CLK to PF_CCC_C2_0/PF_CCC_C2_0/pll_inst_0:OUT1

----------------------------------------------------

SET PF_CCC_C2_0/PF_CCC_C2_0/pll_inst_0:OUT0 to PF_CCC_C2_0/PF_CCC_C2_0/pll_inst_0:OUT1

No Path 

END SET PF_CCC_C2_0/PF_CCC_C2_0/pll_inst_0:OUT0 to PF_CCC_C2_0/PF_CCC_C2_0/pll_inst_0:OUT1

----------------------------------------------------

SET Register to Asynchronous

Path 1
  From: PF_RESET_0/PF_RESET_0/dff_15_rep:CLK
  To:   CoreDMA_IO_CTRL_0/CoreDMA_Controller_0/CoreDMA_Controller_0/CAXI4DMAOOlOI/CAXI4DMAO0O1I/CAXI4DMAOOOll[31]:ALn
  Delay (ns):              4.160
  Arrival (ns):            6.019
  Recovery (ns):           0.209
  Minimum Period (ns):     4.465
  Skew (ns):               0.096
  Operating Conditions: slow_lv_ht

Path 2
  From: PF_RESET_0/PF_RESET_0/dff_15_rep:CLK
  To:   CoreDMA_IO_CTRL_0/CoreDMA_Controller_0/CoreDMA_Controller_0/CAXI4DMAI00OI/CAXI4DMAI10_Z[10]:ALn
  Delay (ns):              4.160
  Arrival (ns):            6.019
  Recovery (ns):           0.209
  Minimum Period (ns):     4.465
  Skew (ns):               0.096
  Operating Conditions: slow_lv_ht

Path 3
  From: PF_RESET_0/PF_RESET_0/dff_15_rep:CLK
  To:   CoreDMA_IO_CTRL_0/CoreDMA_Controller_0/CoreDMA_Controller_0/CAXI4DMAOOlOI/CAXI4DMAO0O1I/CAXI4DMAOOOll[67]:ALn
  Delay (ns):              4.159
  Arrival (ns):            6.018
  Recovery (ns):           0.209
  Minimum Period (ns):     4.464
  Skew (ns):               0.096
  Operating Conditions: slow_lv_ht

Path 4
  From: PF_RESET_0/PF_RESET_0/dff_15_rep:CLK
  To:   CoreDMA_IO_CTRL_0/CoreDMA_Controller_0/CoreDMA_Controller_0/CAXI4DMAOOlOI/CAXI4DMAO0O1I/CAXI4DMAOOOll[28]:ALn
  Delay (ns):              4.156
  Arrival (ns):            6.015
  Recovery (ns):           0.209
  Minimum Period (ns):     4.464
  Skew (ns):               0.099
  Operating Conditions: slow_lv_ht

Path 5
  From: PF_RESET_0/PF_RESET_0/dff_15_rep:CLK
  To:   CoreDMA_IO_CTRL_0/CoreDMA_Controller_0/CoreDMA_Controller_0/CAXI4DMAO0IOI/CAXI4DMAO1IOI_1[28]:ALn
  Delay (ns):              4.156
  Arrival (ns):            6.015
  Recovery (ns):           0.209
  Minimum Period (ns):     4.464
  Skew (ns):               0.099
  Operating Conditions: slow_lv_ht


Expanded Path 1
  From: PF_RESET_0/PF_RESET_0/dff_15_rep:CLK
  To: CoreDMA_IO_CTRL_0/CoreDMA_Controller_0/CoreDMA_Controller_0/CAXI4DMAOOlOI/CAXI4DMAO0O1I/CAXI4DMAOOOll[31]:ALn
  data required time                                    N/C
  data arrival time                          -        6.019
  slack                                                 N/C
  ________________________________________________________
  Data arrival time calculation
  0.000                        PF_CCC_C2_0/PF_CCC_C2_0/pll_inst_0:OUT1
               +     0.000          Clock source
  0.000                        PF_CCC_C2_0/PF_CCC_C2_0/pll_inst_0:OUT1 (r)
               +     0.206          net: PF_CCC_C2_0/PF_CCC_C2_0/pll_inst_0_clkint_4
  0.206                        PF_CCC_C2_0/PF_CCC_C2_0/clkint_4_1:A (r)
               +     0.143          cell: ADLIB:ICB_CLKINT
  0.349                        PF_CCC_C2_0/PF_CCC_C2_0/clkint_4_1:Y (r)
               +     0.363          net: PF_CCC_C2_0/PF_CCC_C2_0/clkint_4_NET
  0.712                        PF_CCC_C2_0/PF_CCC_C2_0/clkint_4/U0_GB0:A (r)
               +     0.173          cell: ADLIB:GB
  0.885                        PF_CCC_C2_0/PF_CCC_C2_0/clkint_4/U0_GB0:Y (r)
               +     0.370          net: PF_CCC_C2_0/PF_CCC_C2_0/clkint_4/U0_gbs_1
  1.255                        PF_CCC_C2_0/PF_CCC_C2_0/clkint_4/U0_RGB1_RGB2:A (r)
               +     0.058          cell: ADLIB:RGB
  1.313                        PF_CCC_C2_0/PF_CCC_C2_0/clkint_4/U0_RGB1_RGB2:Y (f)
               +     0.546          net: PF_CCC_C2_0/PF_CCC_C2_0/clkint_4/U0_RGB1_RGB2_rgb_net_1
  1.859                        PF_RESET_0/PF_RESET_0/dff_15_rep:CLK (r)
               +     0.209          cell: ADLIB:SLE
  2.068                        PF_RESET_0/PF_RESET_0/dff_15_rep:Q (r)
               +     2.796          net: PF_RESET_0/PF_RESET_0/dff_15_rep_Z
  4.864                        PF_RESET_0/PF_RESET_0/dff_15_rep_RNI5GV3:A (r)
               +     0.130          cell: ADLIB:GB
  4.994                        PF_RESET_0/PF_RESET_0/dff_15_rep_RNI5GV3:Y (r)
               +     0.359          net: PF_RESET_0/PF_RESET_0/dff_15_rep_RNI5GV3/U0_Y
  5.353                        PF_RESET_0/PF_RESET_0/dff_15_rep_RNI5GV3/U0_RGB1_RGB1:A (r)
               +     0.058          cell: ADLIB:RGB
  5.411                        PF_RESET_0/PF_RESET_0/dff_15_rep_RNI5GV3/U0_RGB1_RGB1:Y (f)
               +     0.608          net: PF_RESET_0/PF_RESET_0/dff_15_rep_RNI5GV3/U0_RGB1_RGB1_rgb_net_1
  6.019                        CoreDMA_IO_CTRL_0/CoreDMA_Controller_0/CoreDMA_Controller_0/CAXI4DMAOOlOI/CAXI4DMAO0O1I/CAXI4DMAOOOll[31]:ALn (r)
                                    
  6.019                        data arrival time
  ________________________________________________________
  Data required time calculation
  N/C                          PF_CCC_C2_0/PF_CCC_C2_0/pll_inst_0:OUT1
               +     0.000          Clock source
  N/C                          PF_CCC_C2_0/PF_CCC_C2_0/pll_inst_0:OUT1 (r)
               +     0.188          net: PF_CCC_C2_0/PF_CCC_C2_0/pll_inst_0_clkint_4
  N/C                          PF_CCC_C2_0/PF_CCC_C2_0/clkint_4_1:A (r)
               +     0.124          cell: ADLIB:ICB_CLKINT
  N/C                          PF_CCC_C2_0/PF_CCC_C2_0/clkint_4_1:Y (r)
               +     0.331          net: PF_CCC_C2_0/PF_CCC_C2_0/clkint_4_NET
  N/C                          PF_CCC_C2_0/PF_CCC_C2_0/clkint_4:A (r)
               +     0.157          cell: ADLIB:GB
  N/C                          PF_CCC_C2_0/PF_CCC_C2_0/clkint_4:Y (r)
               +     0.326          net: PF_CCC_C2_0/PF_CCC_C2_0/clkint_4/U0_Y
  N/C                          PF_CCC_C2_0/PF_CCC_C2_0/clkint_4/U0_RGB1_RGB1:A (r)
               +     0.049          cell: ADLIB:RGB
  N/C                          PF_CCC_C2_0/PF_CCC_C2_0/clkint_4/U0_RGB1_RGB1:Y (f)
               +     0.519          net: PF_CCC_C2_0/PF_CCC_C2_0/clkint_4/U0_RGB1_RGB1_rgb_net_1
  N/C                          CoreDMA_IO_CTRL_0/CoreDMA_Controller_0/CoreDMA_Controller_0/CAXI4DMAOOlOI/CAXI4DMAO0O1I/CAXI4DMAOOOll[31]:CLK (r)
               +     0.069          
  N/C                          clock reconvergence pessimism
               -     0.209          Library recovery time: ADLIB:SLE
  N/C                          CoreDMA_IO_CTRL_0/CoreDMA_Controller_0/CoreDMA_Controller_0/CAXI4DMAOOlOI/CAXI4DMAO0O1I/CAXI4DMAOOOll[31]:ALn


Operating Conditions : slow_lv_ht

END SET Register to Asynchronous

----------------------------------------------------

SET External Recovery

Path 1
  From: USER_RESETN
  To:   PF_RESET_0/PF_RESET_0/dff_15:ALn
  Delay (ns):              7.258
  Arrival (ns):            7.258
  Recovery (ns):           0.209
  External Recovery (ns):   5.801
  Operating Conditions: slow_lv_ht

Path 2
  From: USER_RESETN
  To:   PF_RESET_0/PF_RESET_0/dff_14:ALn
  Delay (ns):              7.258
  Arrival (ns):            7.258
  Recovery (ns):           0.209
  External Recovery (ns):   5.801
  Operating Conditions: slow_lv_ht

Path 3
  From: USER_RESETN
  To:   PF_RESET_0/PF_RESET_0/dff_15_rep:ALn
  Delay (ns):              7.258
  Arrival (ns):            7.258
  Recovery (ns):           0.209
  External Recovery (ns):   5.800
  Operating Conditions: slow_lv_ht

Path 4
  From: USER_RESETN
  To:   PF_RESET_0/PF_RESET_0/dff_11:ALn
  Delay (ns):              7.258
  Arrival (ns):            7.258
  Recovery (ns):           0.209
  External Recovery (ns):   5.800
  Operating Conditions: slow_lv_ht

Path 5
  From: USER_RESETN
  To:   PF_RESET_0/PF_RESET_0/dff_12:ALn
  Delay (ns):              7.256
  Arrival (ns):            7.256
  Recovery (ns):           0.209
  External Recovery (ns):   5.798
  Operating Conditions: slow_lv_ht


Expanded Path 1
  From: USER_RESETN
  To: PF_RESET_0/PF_RESET_0/dff_15:ALn
  data required time                                    N/C
  data arrival time                          -        7.258
  slack                                                 N/C
  ________________________________________________________
  Data arrival time calculation
  0.000                        USER_RESETN (r)
               +     0.000          net: USER_RESETN
  0.000                        USER_RESETN_ibuf/U_IOPAD:PAD (r)
               +     1.322          cell: ADLIB:IOPAD_IN
  1.322                        USER_RESETN_ibuf/U_IOPAD:Y (r)
               +     0.000          net: USER_RESETN_ibuf/YIN
  1.322                        USER_RESETN_ibuf/U_IOIN:YIN (r)
               +     0.346          cell: ADLIB:IOIN_IB_E
  1.668                        USER_RESETN_ibuf/U_IOIN:Y (r)
               +     2.730          net: USER_RESETN_c
  4.398                        PF_RESET_0/PF_RESET_0/un1_D:A (r)
               +     0.171          cell: ADLIB:CFG4
  4.569                        PF_RESET_0/PF_RESET_0/un1_D:Y (r)
               +     2.689          net: PF_RESET_0/PF_RESET_0/un1_INTERNAL_RST_i
  7.258                        PF_RESET_0/PF_RESET_0/dff_15:ALn (r)
                                    
  7.258                        data arrival time
  ________________________________________________________
  Data required time calculation
  N/C                          PF_CCC_C2_0/PF_CCC_C2_0/pll_inst_0:OUT1
               +     0.000          Clock source
  N/C                          PF_CCC_C2_0/PF_CCC_C2_0/pll_inst_0:OUT1 (r)
               +     0.188          net: PF_CCC_C2_0/PF_CCC_C2_0/pll_inst_0_clkint_4
  N/C                          PF_CCC_C2_0/PF_CCC_C2_0/clkint_4_1:A (r)
               +     0.124          cell: ADLIB:ICB_CLKINT
  N/C                          PF_CCC_C2_0/PF_CCC_C2_0/clkint_4_1:Y (r)
               +     0.331          net: PF_CCC_C2_0/PF_CCC_C2_0/clkint_4_NET
  N/C                          PF_CCC_C2_0/PF_CCC_C2_0/clkint_4/U0_GB0:A (r)
               +     0.158          cell: ADLIB:GB
  N/C                          PF_CCC_C2_0/PF_CCC_C2_0/clkint_4/U0_GB0:Y (r)
               +     0.333          net: PF_CCC_C2_0/PF_CCC_C2_0/clkint_4/U0_gbs_1
  N/C                          PF_CCC_C2_0/PF_CCC_C2_0/clkint_4/U0_RGB1_RGB2:A (r)
               +     0.049          cell: ADLIB:RGB
  N/C                          PF_CCC_C2_0/PF_CCC_C2_0/clkint_4/U0_RGB1_RGB2:Y (f)
               +     0.483          net: PF_CCC_C2_0/PF_CCC_C2_0/clkint_4/U0_RGB1_RGB2_rgb_net_1
  N/C                          PF_RESET_0/PF_RESET_0/dff_15:CLK (r)
               -     0.209          Library recovery time: ADLIB:SLE
  N/C                          PF_RESET_0/PF_RESET_0/dff_15:ALn


Operating Conditions : slow_lv_ht

END SET External Recovery

----------------------------------------------------

SET Asynchronous to Register

No Path 

END SET Asynchronous to Register

----------------------------------------------------

Clock Domain PF_CCC_C2_0/PF_CCC_C2_0/pll_inst_0:OUT2

SET Register to Register

Path 1
  From: si5344a_config_0/cfg_mem_i/mem24x24x512_0/mem24x24x512_mem24x24x512_0_PF_TPSRAM_R0C0/INST_RAM1K20_IP:A_CLK
  To:   si5344a_config_0/cfg_mem_rdata_ff[9]:EN
  Delay (ns):              5.064
  Arrival (ns):            7.386
  Setup (ns):              0.136
  Minimum Period (ns):     5.448
  Operating Conditions: slow_lv_ht

Path 2
  From: si5344a_config_0/cfg_mem_i/mem24x24x512_0/mem24x24x512_mem24x24x512_0_PF_TPSRAM_R0C0/INST_RAM1K20_IP:A_CLK
  To:   si5344a_config_0/cfg_mem_rdata_ff[10]:EN
  Delay (ns):              5.064
  Arrival (ns):            7.386
  Setup (ns):              0.136
  Minimum Period (ns):     5.448
  Operating Conditions: slow_lv_ht

Path 3
  From: si5344a_config_0/cfg_mem_i/mem24x24x512_0/mem24x24x512_mem24x24x512_0_PF_TPSRAM_R0C0/INST_RAM1K20_IP:A_CLK
  To:   si5344a_config_0/cfg_mem_rdata_ff[11]:EN
  Delay (ns):              5.064
  Arrival (ns):            7.386
  Setup (ns):              0.136
  Minimum Period (ns):     5.447
  Operating Conditions: slow_lv_ht

Path 4
  From: si5344a_config_0/cfg_mem_i/mem24x24x512_0/mem24x24x512_mem24x24x512_0_PF_TPSRAM_R0C0/INST_RAM1K20_IP:A_CLK
  To:   si5344a_config_0/cfg_mem_rdata_ff[8]:EN
  Delay (ns):              5.047
  Arrival (ns):            7.369
  Setup (ns):              0.136
  Minimum Period (ns):     5.431
  Operating Conditions: slow_lv_ht

Path 5
  From: si5344a_config_0/cfg_mem_i/mem24x24x512_0/mem24x24x512_mem24x24x512_0_PF_TPSRAM_R0C0/INST_RAM1K20_IP:A_CLK
  To:   si5344a_config_0/cfg_mem_rdata_ff[0]:EN
  Delay (ns):              5.047
  Arrival (ns):            7.369
  Setup (ns):              0.136
  Minimum Period (ns):     5.431
  Operating Conditions: slow_lv_ht


Expanded Path 1
  From: si5344a_config_0/cfg_mem_i/mem24x24x512_0/mem24x24x512_mem24x24x512_0_PF_TPSRAM_R0C0/INST_RAM1K20_IP:A_CLK
  To: si5344a_config_0/cfg_mem_rdata_ff[9]:EN
  data required time                                    N/C
  data arrival time                          -        7.386
  slack                                                 N/C
  ________________________________________________________
  Data arrival time calculation
  0.000                        PF_CCC_C2_0/PF_CCC_C2_0/pll_inst_0:OUT2
               +     0.000          Clock source
  0.000                        PF_CCC_C2_0/PF_CCC_C2_0/pll_inst_0:OUT2 (r)
               +     0.503          net: PF_CCC_C2_0/PF_CCC_C2_0/pll_inst_0_clkint_8
  0.503                        PF_CCC_C2_0/PF_CCC_C2_0/clkint_8_1:A (r)
               +     0.147          cell: ADLIB:ICB_CLKINT
  0.650                        PF_CCC_C2_0/PF_CCC_C2_0/clkint_8_1:Y (r)
               +     0.349          net: PF_CCC_C2_0/PF_CCC_C2_0/clkint_8_NET
  0.999                        PF_CCC_C2_0/PF_CCC_C2_0/clkint_8:A (r)
               +     0.169          cell: ADLIB:GB
  1.168                        PF_CCC_C2_0/PF_CCC_C2_0/clkint_8:Y (r)
               +     0.357          net: PF_CCC_C2_0/PF_CCC_C2_0/clkint_8/U0_Y
  1.525                        PF_CCC_C2_0/PF_CCC_C2_0/clkint_8/U0_RGB1_RGB0:A (r)
               +     0.058          cell: ADLIB:RGB
  1.583                        PF_CCC_C2_0/PF_CCC_C2_0/clkint_8/U0_RGB1_RGB0:Y (f)
               +     0.739          net: PF_CCC_C2_0/PF_CCC_C2_0/clkint_8/U0_RGB1_RGB0_rgb_net_1
  2.322                        si5344a_config_0/cfg_mem_i/mem24x24x512_0/mem24x24x512_mem24x24x512_0_PF_TPSRAM_R0C0/INST_RAM1K20_IP:A_CLK (r)
               +     2.219          cell: ADLIB:RAM1K20_IP
  4.541                        si5344a_config_0/cfg_mem_i/mem24x24x512_0/mem24x24x512_mem24x24x512_0_PF_TPSRAM_R0C0/INST_RAM1K20_IP:B_DOUT[4] (f)
               +     0.711          net: si5344a_config_0/cfg_mem_rdata[4]
  5.252                        si5344a_config_0/i2c_rdata_buf_i/fifo8x8x16_0/genblk18.fifo_corefifo_sync_scntr/un204_clk_7:D (f)
               +     0.085          cell: ADLIB:CFG4
  5.337                        si5344a_config_0/i2c_rdata_buf_i/fifo8x8x16_0/genblk18.fifo_corefifo_sync_scntr/un204_clk_7:Y (f)
               +     0.142          net: si5344a_config_0/i2c_rdata_buf_i/fifo8x8x16_0/genblk18.fifo_corefifo_sync_scntr/un204_clk_7_Z
  5.479                        si5344a_config_0/i2c_rdata_buf_i/fifo8x8x16_0/genblk18.fifo_corefifo_sync_scntr/un204_clk_15:A (f)
               +     0.151          cell: ADLIB:CFG4
  5.630                        si5344a_config_0/i2c_rdata_buf_i/fifo8x8x16_0/genblk18.fifo_corefifo_sync_scntr/un204_clk_15:Y (f)
               +     0.136          net: si5344a_config_0/i2c_rdata_buf_i/fifo8x8x16_0/genblk18.fifo_corefifo_sync_scntr/un204_clk_15_Z
  5.766                        si5344a_config_0/i2c_rdata_buf_i/fifo8x8x16_0/genblk18.fifo_corefifo_sync_scntr/un204_clk:D (f)
               +     0.151          cell: ADLIB:CFG4
  5.917                        si5344a_config_0/i2c_rdata_buf_i/fifo8x8x16_0/genblk18.fifo_corefifo_sync_scntr/un204_clk:Y (f)
               +     0.243          net: si5344a_config_0/i2c_rdata_buf_i/fifo8x8x16_0/genblk18.fifo_corefifo_sync_scntr/un204_clk_Z
  6.160                        si5344a_config_0/i2c_rdata_buf_i/fifo8x8x16_0/genblk18.fifo_corefifo_sync_scntr/cfg_state_9_sqmuxa_2:B (f)
               +     0.278          cell: ADLIB:CFG4
  6.438                        si5344a_config_0/i2c_rdata_buf_i/fifo8x8x16_0/genblk18.fifo_corefifo_sync_scntr/cfg_state_9_sqmuxa_2:Y (r)
               +     0.128          net: si5344a_config_0/cfg_state_9_sqmuxa_2
  6.566                        si5344a_config_0/i2c_rdata_buf_i/fifo8x8x16_0/genblk18.fifo_corefifo_sync_scntr/cfg_state_9_sqmuxa:C (r)
               +     0.078          cell: ADLIB:CFG3
  6.644                        si5344a_config_0/i2c_rdata_buf_i/fifo8x8x16_0/genblk18.fifo_corefifo_sync_scntr/cfg_state_9_sqmuxa:Y (r)
               +     0.742          net: si5344a_config_0/cfg_state_9_sqmuxa
  7.386                        si5344a_config_0/cfg_mem_rdata_ff[9]:EN (r)
                                    
  7.386                        data arrival time
  ________________________________________________________
  Data required time calculation
  N/C                          PF_CCC_C2_0/PF_CCC_C2_0/pll_inst_0:OUT2
               +     0.000          Clock source
  N/C                          PF_CCC_C2_0/PF_CCC_C2_0/pll_inst_0:OUT2 (r)
               +     0.458          net: PF_CCC_C2_0/PF_CCC_C2_0/pll_inst_0_clkint_8
  N/C                          PF_CCC_C2_0/PF_CCC_C2_0/clkint_8_1:A (r)
               +     0.127          cell: ADLIB:ICB_CLKINT
  N/C                          PF_CCC_C2_0/PF_CCC_C2_0/clkint_8_1:Y (r)
               +     0.317          net: PF_CCC_C2_0/PF_CCC_C2_0/clkint_8_NET
  N/C                          PF_CCC_C2_0/PF_CCC_C2_0/clkint_8:A (r)
               +     0.154          cell: ADLIB:GB
  N/C                          PF_CCC_C2_0/PF_CCC_C2_0/clkint_8:Y (r)
               +     0.324          net: PF_CCC_C2_0/PF_CCC_C2_0/clkint_8/U0_Y
  N/C                          PF_CCC_C2_0/PF_CCC_C2_0/clkint_8/U0_RGB1_RGB0:A (r)
               +     0.049          cell: ADLIB:RGB
  N/C                          PF_CCC_C2_0/PF_CCC_C2_0/clkint_8/U0_RGB1_RGB0:Y (f)
               +     0.483          net: PF_CCC_C2_0/PF_CCC_C2_0/clkint_8/U0_RGB1_RGB0_rgb_net_1
  N/C                          si5344a_config_0/cfg_mem_rdata_ff[9]:CLK (r)
               +     0.162          
  N/C                          clock reconvergence pessimism
               -     0.136          Library setup time: ADLIB:SLE
  N/C                          si5344a_config_0/cfg_mem_rdata_ff[9]:EN


Operating Conditions : slow_lv_ht

END SET Register to Register

----------------------------------------------------

SET External Setup

Path 1
  From: I2C_SDA
  To:   si5344a_config_0/i2c_state[9]:D
  Delay (ns):              2.915
  Arrival (ns):            2.915
  Setup (ns):              0.000
  External Setup (ns):     0.990
  Operating Conditions: slow_lv_ht

Path 2
  From: I2C_SDA
  To:   si5344a_config_0/i2c_state[16]:D
  Delay (ns):              2.912
  Arrival (ns):            2.912
  Setup (ns):              0.000
  External Setup (ns):     0.987
  Operating Conditions: slow_lv_ht

Path 3
  From: I2C_SDA
  To:   si5344a_config_0/i2c_state[18]:D
  Delay (ns):              2.843
  Arrival (ns):            2.843
  Setup (ns):              0.000
  External Setup (ns):     0.918
  Operating Conditions: slow_lv_ht

Path 4
  From: I2C_SDA
  To:   si5344a_config_0/i2c_state[11]:D
  Delay (ns):              2.757
  Arrival (ns):            2.757
  Setup (ns):              0.000
  External Setup (ns):     0.836
  Operating Conditions: slow_lv_ht

Path 5
  From: I2C_SDA
  To:   si5344a_config_0/rdata_shift_reg[0]:D
  Delay (ns):              2.669
  Arrival (ns):            2.669
  Setup (ns):              0.000
  External Setup (ns):     0.736
  Operating Conditions: slow_lv_ht


Expanded Path 1
  From: I2C_SDA
  To: si5344a_config_0/i2c_state[9]:D
  data required time                                    N/C
  data arrival time                          -        2.915
  slack                                                 N/C
  ________________________________________________________
  Data arrival time calculation
  0.000                        I2C_SDA (r)
               +     1.322          cell: ADLIB:IOPAD_BI
  1.322                        BIBUF_1/U_IOPAD:Y (r)
               +     0.000          net: BIBUF_1/YIN
  1.322                        BIBUF_1/U_IOBI:YIN (r)
               +     0.346          cell: ADLIB:IOBI_IB_OB_EB
  1.668                        BIBUF_1/U_IOBI:Y (r)
               +     0.977          net: BIBUF_1_Y
  2.645                        si5344a_config_0/i2c_rdata_buf_i/fifo8x8x16_0/genblk18.fifo_corefifo_sync_scntr/i2c_state_srsts[9]:A (r)
               +     0.247          cell: ADLIB:CFG4
  2.892                        si5344a_config_0/i2c_rdata_buf_i/fifo8x8x16_0/genblk18.fifo_corefifo_sync_scntr/i2c_state_srsts[9]:Y (f)
               +     0.023          net: si5344a_config_0/i2c_state_nss[15]
  2.915                        si5344a_config_0/i2c_state[9]:D (f)
                                    
  2.915                        data arrival time
  ________________________________________________________
  Data required time calculation
  N/C                          PF_CCC_C2_0/PF_CCC_C2_0/pll_inst_0:OUT2
               +     0.000          Clock source
  N/C                          PF_CCC_C2_0/PF_CCC_C2_0/pll_inst_0:OUT2 (r)
               +     0.458          net: PF_CCC_C2_0/PF_CCC_C2_0/pll_inst_0_clkint_8
  N/C                          PF_CCC_C2_0/PF_CCC_C2_0/clkint_8_1:A (r)
               +     0.127          cell: ADLIB:ICB_CLKINT
  N/C                          PF_CCC_C2_0/PF_CCC_C2_0/clkint_8_1:Y (r)
               +     0.317          net: PF_CCC_C2_0/PF_CCC_C2_0/clkint_8_NET
  N/C                          PF_CCC_C2_0/PF_CCC_C2_0/clkint_8:A (r)
               +     0.154          cell: ADLIB:GB
  N/C                          PF_CCC_C2_0/PF_CCC_C2_0/clkint_8:Y (r)
               +     0.324          net: PF_CCC_C2_0/PF_CCC_C2_0/clkint_8/U0_Y
  N/C                          PF_CCC_C2_0/PF_CCC_C2_0/clkint_8/U0_RGB1:A (r)
               +     0.049          cell: ADLIB:RGB
  N/C                          PF_CCC_C2_0/PF_CCC_C2_0/clkint_8/U0_RGB1:Y (f)
               +     0.496          net: PF_CCC_C2_0_OUT2_FABCLK_0
  N/C                          si5344a_config_0/i2c_state[9]:CLK (r)
               -     0.000          Library setup time: ADLIB:SLE
  N/C                          si5344a_config_0/i2c_state[9]:D


Operating Conditions : slow_lv_ht

END SET External Setup

----------------------------------------------------

SET Clock to Output

Path 1
  From: si5344a_config_0/i2c_state[12]:CLK
  To:   I2C_SCL
  Delay (ns):              7.077
  Arrival (ns):            9.217
  Clock to Out (ns):       9.217
  Operating Conditions: slow_lv_ht

Path 2
  From: si5344a_config_0/i2c_state[21]:CLK
  To:   I2C_SCL
  Delay (ns):              6.998
  Arrival (ns):            9.139
  Clock to Out (ns):       9.139
  Operating Conditions: slow_lv_ht

Path 3
  From: si5344a_config_0/i2c_state[5]:CLK
  To:   I2C_SCL
  Delay (ns):              6.782
  Arrival (ns):            8.922
  Clock to Out (ns):       8.922
  Operating Conditions: slow_lv_ht

Path 4
  From: si5344a_config_0/i2c_state_fast[13]:CLK
  To:   I2C_SDA
  Delay (ns):              6.765
  Arrival (ns):            8.918
  Clock to Out (ns):       8.918
  Operating Conditions: slow_lv_ht

Path 5
  From: si5344a_config_0/i2c_state_fast[1]:CLK
  To:   I2C_SDA
  Delay (ns):              6.656
  Arrival (ns):            8.806
  Clock to Out (ns):       8.806
  Operating Conditions: slow_lv_ht


Expanded Path 1
  From: si5344a_config_0/i2c_state[12]:CLK
  To: I2C_SCL
  data required time                                    N/C
  data arrival time                          -        9.217
  slack                                                 N/C
  ________________________________________________________
  Data arrival time calculation
  0.000                        PF_CCC_C2_0/PF_CCC_C2_0/pll_inst_0:OUT2
               +     0.000          Clock source
  0.000                        PF_CCC_C2_0/PF_CCC_C2_0/pll_inst_0:OUT2 (r)
               +     0.503          net: PF_CCC_C2_0/PF_CCC_C2_0/pll_inst_0_clkint_8
  0.503                        PF_CCC_C2_0/PF_CCC_C2_0/clkint_8_1:A (r)
               +     0.147          cell: ADLIB:ICB_CLKINT
  0.650                        PF_CCC_C2_0/PF_CCC_C2_0/clkint_8_1:Y (r)
               +     0.349          net: PF_CCC_C2_0/PF_CCC_C2_0/clkint_8_NET
  0.999                        PF_CCC_C2_0/PF_CCC_C2_0/clkint_8:A (r)
               +     0.169          cell: ADLIB:GB
  1.168                        PF_CCC_C2_0/PF_CCC_C2_0/clkint_8:Y (r)
               +     0.356          net: PF_CCC_C2_0/PF_CCC_C2_0/clkint_8/U0_Y
  1.524                        PF_CCC_C2_0/PF_CCC_C2_0/clkint_8/U0_RGB1:A (r)
               +     0.058          cell: ADLIB:RGB
  1.582                        PF_CCC_C2_0/PF_CCC_C2_0/clkint_8/U0_RGB1:Y (f)
               +     0.558          net: PF_CCC_C2_0_OUT2_FABCLK_0
  2.140                        si5344a_config_0/i2c_state[12]:CLK (r)
               +     0.209          cell: ADLIB:SLE
  2.349                        si5344a_config_0/i2c_state[12]:Q (r)
               +     0.268          net: si5344a_config_0/i2c_state_Z[12]
  2.617                        si5344a_config_0/i2c_rdata_buf_i/fifo8x8x16_0/genblk18.fifo_corefifo_sync_scntr/un14_si5344a_sdao_i_o2_0:A (r)
               +     0.171          cell: ADLIB:CFG2
  2.788                        si5344a_config_0/i2c_rdata_buf_i/fifo8x8x16_0/genblk18.fifo_corefifo_sync_scntr/un14_si5344a_sdao_i_o2_0:Y (r)
               +     0.638          net: si5344a_config_0.N_600_i
  3.426                        si5344a_config_0/i2c_rdata_buf_i/fifo8x8x16_0/genblk18.fifo_corefifo_sync_scntr/un14_si5344a_sdao_i_o2_0_RNIV6VK:D (r)
               +     0.053          cell: ADLIB:CFG4
  3.479                        si5344a_config_0/i2c_rdata_buf_i/fifo8x8x16_0/genblk18.fifo_corefifo_sync_scntr/un14_si5344a_sdao_i_o2_0_RNIV6VK:Y (r)
               +     0.381          net: si5344a_config_0/i2c_rdata_buf_i/fifo8x8x16_0/genblk18.fifo_corefifo_sync_scntr/N_604_1
  3.860                        si5344a_config_0/i2c_rdata_buf_i/fifo8x8x16_0/genblk18.fifo_corefifo_sync_scntr/un14_si5344a_sdao_i_o2_0_RNI4D6S:B (r)
               +     0.200          cell: ADLIB:CFG3
  4.060                        si5344a_config_0/i2c_rdata_buf_i/fifo8x8x16_0/genblk18.fifo_corefifo_sync_scntr/un14_si5344a_sdao_i_o2_0_RNI4D6S:Y (r)
               +     0.165          net: si5344a_config_0/i2c_rdata_buf_i/fifo8x8x16_0/genblk18.fifo_corefifo_sync_scntr/N_604
  4.225                        si5344a_config_0/i2c_rdata_buf_i/fifo8x8x16_0/genblk18.fifo_corefifo_sync_scntr/memwaddr_r_4_1.un27_si5344a_scl:D (r)
               +     0.200          cell: ADLIB:CFG4
  4.425                        si5344a_config_0/i2c_rdata_buf_i/fifo8x8x16_0/genblk18.fifo_corefifo_sync_scntr/memwaddr_r_4_1.un27_si5344a_scl:Y (r)
               +     0.280          net: si5344a_config_0/i2c_rdata_buf_i/fifo8x8x16_0/genblk18.fifo_corefifo_sync_scntr/un27_si5344a_scl
  4.705                        si5344a_config_0/i2c_rdata_buf_i/fifo8x8x16_0/genblk18.fifo_corefifo_sync_scntr/memwaddr_r_4_1.un45_si5344a_scl_RNILA1T:B (r)
               +     0.247          cell: ADLIB:CFG4
  4.952                        si5344a_config_0/i2c_rdata_buf_i/fifo8x8x16_0/genblk18.fifo_corefifo_sync_scntr/memwaddr_r_4_1.un45_si5344a_scl_RNILA1T:Y (f)
               +     0.115          net: si5344a_config_0.un31_si5344a_scl_i
  5.067                        INV_0:A (f)
               +     0.091          cell: ADLIB:CFG1
  5.158                        INV_0:Y (r)
               +     0.610          net: INV_0_Y
  5.768                        BIBUF_0/U_IOBI:E (r)
               +     0.210          cell: ADLIB:IOBI_IB_OB_EB
  5.978                        BIBUF_0/U_IOBI:EOUT (r)
               +     0.000          net: BIBUF_0/EOUT
  5.978                        BIBUF_0/U_IOPAD:E (r)
               +     3.239          cell: ADLIB:IOPAD_BI
  9.217                        BIBUF_0/U_IOPAD:PAD (r)
                                    
  9.217                        data arrival time
  ________________________________________________________
  Data required time calculation
  N/C                          PF_CCC_C2_0/PF_CCC_C2_0/pll_inst_0:OUT2
               +     0.000          Clock source
  N/C                          PF_CCC_C2_0/PF_CCC_C2_0/pll_inst_0:OUT2 (r)
                                    
  N/C                          I2C_SCL (r)


Operating Conditions : slow_lv_ht

END SET Clock to Output

----------------------------------------------------

SET Register to Asynchronous

No Path 

END SET Register to Asynchronous

----------------------------------------------------

SET External Recovery

No Path 

END SET External Recovery

----------------------------------------------------

SET Asynchronous to Register

No Path 

END SET Asynchronous to Register

----------------------------------------------------

Clock Domain REF_CLK_0

Info: The maximum frequency of this clock domain is limited by the minimum pulse widths of pin REF_CLK_0_ibuf/U_IOPAD:PAD

SET Register to Register

No Path 

END SET Register to Register

----------------------------------------------------

SET External Setup

No Path 

END SET External Setup

----------------------------------------------------

SET Clock to Output

No Path 

END SET Clock to Output

----------------------------------------------------

SET Register to Asynchronous

No Path 

END SET Register to Asynchronous

----------------------------------------------------

SET External Recovery

No Path 

END SET External Recovery

----------------------------------------------------

SET Asynchronous to Register

No Path 

END SET Asynchronous to Register

----------------------------------------------------

Path set Pin to Pin

SET Input to Output

No Path 

END SET Input to Output

----------------------------------------------------

Path set User Sets

