Timing Report Max Delay Analysis

SmartTime Version v12.6
Microsemi Corporation - Microsemi Libero Software Release v12.6 (Version 12.900.20.24)
Date: Mon Sep 13 18:21:09 2021


Design: top
Family: PolarFire
Die: MPF100T
Package: FCVG484
Temperature Range: -40 - 100 C
Voltage Range: 0.97 - 1.03 V
Speed Grade: -1
Design State: Post-Layout
Data source: Production
Multi Corner Report Operating Conditions: slow_lv_ht, slow_lv_lt, fast_hv_lt
Scenario for Timing Analysis: timing_analysis


*** IMPORTANT RECOMMENDATION *** If you haven't done so, it is highly recommended to add clock jitter information for each clock domain into Libero SoC through clock uncertainty SDC timing constraints. Please refer to the Libero SoC v12.5 release notes for more details.

-----------------------------------------------------
SUMMARY

Clock Domain:               PCIe_EP_0/PCIe_TL_CLK_0/CLK_DIV2_0/CLK_DIV2_0/I_CD:Y_DIV
Required Period (ns):       N/A
Required Frequency (MHz):   N/A
Worst Slack (ns):           
Operating Conditions:       

Clock Domain:               PCIe_EP_0/PCIe_TL_CLK_0/OSC_160MHz_0/OSC_160MHz_0/I_OSC_160:CLK
Required Period (ns):       N/A
Required Frequency (MHz):   N/A
Worst Slack (ns):           
Operating Conditions:       

Clock Domain:               PCIe_EP_0/PCIe_TX_PLL_0/PCIe_TX_PLL_0/txpll_isnt_0:DIV_CLK
Required Period (ns):       N/A
Required Frequency (MHz):   N/A
Worst Slack (ns):           
Operating Conditions:       

Clock Domain:               PF_CCC_C2_0/PF_CCC_C2_0/pll_inst_0:OUT0
Required Period (ns):       N/A
Required Frequency (MHz):   N/A
Worst Slack (ns):           
Operating Conditions:       

Clock Domain:               PF_CCC_C2_0/PF_CCC_C2_0/pll_inst_0:OUT1
Required Period (ns):       N/A
Required Frequency (MHz):   N/A
Worst Slack (ns):           
Operating Conditions:       

Clock Domain:               PF_CCC_C2_0/PF_CCC_C2_0/pll_inst_0:OUT2
Required Period (ns):       N/A
Required Frequency (MHz):   N/A
Worst Slack (ns):           
Operating Conditions:       

Clock Domain:               REF_CLK_0
Required Period (ns):       N/A
Required Frequency (MHz):   N/A
Worst Slack (ns):           
Operating Conditions:       

                            Input to Output
Max Delay (ns):             N/A

END SUMMARY
-----------------------------------------------------

Clock Domain PCIe_EP_0/PCIe_TL_CLK_0/CLK_DIV2_0/CLK_DIV2_0/I_CD:Y_DIV

Info: The maximum frequency of this clock domain is limited by the period of pin PCIe_EP_0/PCIex4_0/PCIE_1:TL_CLK

SET Register to Register

No Path 

END SET Register to Register

----------------------------------------------------

SET External Setup

No Path 

END SET External Setup

----------------------------------------------------

SET Clock to Output

No Path 

END SET Clock to Output

----------------------------------------------------

SET PF_CCC_C2_0/PF_CCC_C2_0/pll_inst_0:OUT1 to PCIe_EP_0/PCIe_TL_CLK_0/CLK_DIV2_0/CLK_DIV2_0/I_CD:Y_DIV

No Path 

END SET PF_CCC_C2_0/PF_CCC_C2_0/pll_inst_0:OUT1 to PCIe_EP_0/PCIe_TL_CLK_0/CLK_DIV2_0/CLK_DIV2_0/I_CD:Y_DIV

----------------------------------------------------

SET Register to Asynchronous

No Path 

END SET Register to Asynchronous

----------------------------------------------------

SET External Recovery

Path 1
  From: USER_RESETN
  To:   PCIe_EP_0/PCIex4_0/PCIE_1:MPERST_N
  Delay (ns):              7.406
  Arrival (ns):            7.406
  Recovery (ns):           1.395
  External Recovery (ns):   6.528
  Operating Conditions: slow_lv_ht


Expanded Path 1
  From: USER_RESETN
  To: PCIe_EP_0/PCIex4_0/PCIE_1:MPERST_N
  data required time                                    N/C
  data arrival time                          -        7.406
  slack                                                 N/C
  ________________________________________________________
  Data arrival time calculation
  0.000                        USER_RESETN (r)
               +     0.000          net: USER_RESETN
  0.000                        USER_RESETN_ibuf/U_IOPAD:PAD (r)
               +     1.322          cell: ADLIB:IOPAD_IN
  1.322                        USER_RESETN_ibuf/U_IOPAD:Y (r)
               +     0.000          net: USER_RESETN_ibuf/YIN
  1.322                        USER_RESETN_ibuf/U_IOIN:YIN (r)
               +     0.346          cell: ADLIB:IOIN_IB_E
  1.668                        USER_RESETN_ibuf/U_IOIN:Y (r)
               +     5.738          net: USER_RESETN_c
  7.406                        PCIe_EP_0/PCIex4_0/PCIE_1:MPERST_N (r)
                                    
  7.406                        data arrival time
  ________________________________________________________
  Data required time calculation
  N/C                          PCIe_EP_0/PCIe_TL_CLK_0/CLK_DIV2_0/CLK_DIV2_0/I_CD:Y_DIV
               +     0.000          Clock source
  N/C                          PCIe_EP_0/PCIe_TL_CLK_0/CLK_DIV2_0/CLK_DIV2_0/I_CD:Y_DIV (r)
               +     0.000          net: PCIe_EP_0/PCIe_TL_CLK_0/CLK_DIV2_0_CLK_OUT
  N/C                          PCIe_EP_0/PCIe_TL_CLK_0/NGMUX_0/NGMUX_0/I_NGMUX:CLK0 (r)
               +     0.567          cell: ADLIB:ICB_NGMUX
  N/C                          PCIe_EP_0/PCIe_TL_CLK_0/NGMUX_0/NGMUX_0/I_NGMUX:Y (r)
               +     0.000          net: PCIe_EP_0/PCIe_TL_CLK_0/NGMUX_0/NGMUX_0/Y_I_NGMUX_net
  N/C                          PCIe_EP_0/PCIe_TL_CLK_0/NGMUX_0/NGMUX_0/I_CLKINT_1:A (r)
               +     0.176          cell: ADLIB:ICB_CLKINT
  N/C                          PCIe_EP_0/PCIe_TL_CLK_0/NGMUX_0/NGMUX_0/I_CLKINT_1:Y (r)
               +     0.328          net: PCIe_EP_0/PCIe_TL_CLK_0/NGMUX_0/NGMUX_0/I_CLKINT_NET
  N/C                          PCIe_EP_0/PCIe_TL_CLK_0/NGMUX_0/NGMUX_0/I_CLKINT:A (r)
               +     0.155          cell: ADLIB:GB
  N/C                          PCIe_EP_0/PCIe_TL_CLK_0/NGMUX_0/NGMUX_0/I_CLKINT:Y (r)
               +     0.327          net: PCIe_EP_0/PCIe_TL_CLK_0/NGMUX_0/NGMUX_0/I_CLKINT/U0_Y
  N/C                          PCIe_EP_0/PCIe_TL_CLK_0/NGMUX_0/NGMUX_0/I_CLKINT/U0_RGB1:A (r)
               +     0.049          cell: ADLIB:RGB
  N/C                          PCIe_EP_0/PCIe_TL_CLK_0/NGMUX_0/NGMUX_0/I_CLKINT/U0_RGB1:Y (f)
               +     0.671          net: PCIe_EP_0/PCIe_TL_CLK_0_TL_CLK
  N/C                          PCIe_EP_0/PCIex4_0/PCIE_1:TL_CLK (r)
               -     1.395          Library recovery time: ADLIB:PCIE
  N/C                          PCIe_EP_0/PCIex4_0/PCIE_1:MPERST_N


Operating Conditions : slow_lv_ht

END SET External Recovery

----------------------------------------------------

SET Asynchronous to Register

No Path 

END SET Asynchronous to Register

----------------------------------------------------

Clock Domain PCIe_EP_0/PCIe_TL_CLK_0/OSC_160MHz_0/OSC_160MHz_0/I_OSC_160:CLK

Info: The maximum frequency of this clock domain is limited by the period of pin PCIe_EP_0/PCIe_TL_CLK_0/CLK_DIV2_0/CLK_DIV2_0/I_CD:A

SET Register to Register

No Path 

END SET Register to Register

----------------------------------------------------

SET External Setup

No Path 

END SET External Setup

----------------------------------------------------

SET Clock to Output

No Path 

END SET Clock to Output

----------------------------------------------------

SET Register to Asynchronous

No Path 

END SET Register to Asynchronous

----------------------------------------------------

SET External Recovery

No Path 

END SET External Recovery

----------------------------------------------------

SET Asynchronous to Register

No Path 

END SET Asynchronous to Register

----------------------------------------------------

Clock Domain PCIe_EP_0/PCIe_TX_PLL_0/PCIe_TX_PLL_0/txpll_isnt_0:DIV_CLK

Info: The maximum frequency of this clock domain is limited by the period of pin PCIe_EP_0/PCIex4_0/PCIE_1:TL_CLK

SET Register to Register

No Path 

END SET Register to Register

----------------------------------------------------

SET External Setup

No Path 

END SET External Setup

----------------------------------------------------

SET Clock to Output

No Path 

END SET Clock to Output

----------------------------------------------------

SET PF_CCC_C2_0/PF_CCC_C2_0/pll_inst_0:OUT1 to PCIe_EP_0/PCIe_TX_PLL_0/PCIe_TX_PLL_0/txpll_isnt_0:DIV_CLK

No Path 

END SET PF_CCC_C2_0/PF_CCC_C2_0/pll_inst_0:OUT1 to PCIe_EP_0/PCIe_TX_PLL_0/PCIe_TX_PLL_0/txpll_isnt_0:DIV_CLK

----------------------------------------------------

SET Register to Asynchronous

No Path 

END SET Register to Asynchronous

----------------------------------------------------

SET External Recovery

Path 1
  From: USER_RESETN
  To:   PCIe_EP_0/PCIex4_0/PCIE_1:MPERST_N
  Delay (ns):              6.876
  Arrival (ns):            6.876
  Recovery (ns):           1.495
  External Recovery (ns):   2.466
  Operating Conditions: slow_lv_lt


Expanded Path 1
  From: USER_RESETN
  To: PCIe_EP_0/PCIex4_0/PCIE_1:MPERST_N
  data required time                                    N/C
  data arrival time                          -        6.876
  slack                                                 N/C
  ________________________________________________________
  Data arrival time calculation
  0.000                        USER_RESETN (r)
               +     0.000          net: USER_RESETN
  0.000                        USER_RESETN_ibuf/U_IOPAD:PAD (r)
               +     1.147          cell: ADLIB:IOPAD_IN
  1.147                        USER_RESETN_ibuf/U_IOPAD:Y (r)
               +     0.000          net: USER_RESETN_ibuf/YIN
  1.147                        USER_RESETN_ibuf/U_IOIN:YIN (r)
               +     0.279          cell: ADLIB:IOIN_IB_E
  1.426                        USER_RESETN_ibuf/U_IOIN:Y (r)
               +     5.450          net: USER_RESETN_c
  6.876                        PCIe_EP_0/PCIex4_0/PCIE_1:MPERST_N (r)
                                    
  6.876                        data arrival time
  ________________________________________________________
  Data required time calculation
  N/C                          PCIe_EP_0/PCIe_TX_PLL_0/PCIe_TX_PLL_0/txpll_isnt_0:DIV_CLK
               +     0.000          Clock source
  N/C                          PCIe_EP_0/PCIe_TX_PLL_0/PCIe_TX_PLL_0/txpll_isnt_0:DIV_CLK (r)
               +     3.520          net: PCIe_EP_0/PCIe_TX_PLL_0_CLK_125
  N/C                          PCIe_EP_0/PCIe_TL_CLK_0/NGMUX_0/NGMUX_0/I_NGMUX_1:A (r)
               +     0.000          cell: ADLIB:ICB_INT
  N/C                          PCIe_EP_0/PCIe_TL_CLK_0/NGMUX_0/NGMUX_0/I_NGMUX_1:Y (r)
               +     0.180          net: PCIe_EP_0/PCIe_TL_CLK_0/NGMUX_0/NGMUX_0/I_NGMUX_NET
  N/C                          PCIe_EP_0/PCIe_TL_CLK_0/NGMUX_0/NGMUX_0/I_NGMUX:CLK1 (r)
               +     0.569          cell: ADLIB:ICB_NGMUX
  N/C                          PCIe_EP_0/PCIe_TL_CLK_0/NGMUX_0/NGMUX_0/I_NGMUX:Y (r)
               +     0.000          net: PCIe_EP_0/PCIe_TL_CLK_0/NGMUX_0/NGMUX_0/Y_I_NGMUX_net
  N/C                          PCIe_EP_0/PCIe_TL_CLK_0/NGMUX_0/NGMUX_0/I_CLKINT_1:A (r)
               +     0.176          cell: ADLIB:ICB_CLKINT
  N/C                          PCIe_EP_0/PCIe_TL_CLK_0/NGMUX_0/NGMUX_0/I_CLKINT_1:Y (r)
               +     0.304          net: PCIe_EP_0/PCIe_TL_CLK_0/NGMUX_0/NGMUX_0/I_CLKINT_NET
  N/C                          PCIe_EP_0/PCIe_TL_CLK_0/NGMUX_0/NGMUX_0/I_CLKINT:A (r)
               +     0.158          cell: ADLIB:GB
  N/C                          PCIe_EP_0/PCIe_TL_CLK_0/NGMUX_0/NGMUX_0/I_CLKINT:Y (r)
               +     0.308          net: PCIe_EP_0/PCIe_TL_CLK_0/NGMUX_0/NGMUX_0/I_CLKINT/U0_Y
  N/C                          PCIe_EP_0/PCIe_TL_CLK_0/NGMUX_0/NGMUX_0/I_CLKINT/U0_RGB1:A (r)
               +     0.048          cell: ADLIB:RGB
  N/C                          PCIe_EP_0/PCIe_TL_CLK_0/NGMUX_0/NGMUX_0/I_CLKINT/U0_RGB1:Y (f)
               +     0.642          net: PCIe_EP_0/PCIe_TL_CLK_0_TL_CLK
  N/C                          PCIe_EP_0/PCIex4_0/PCIE_1:TL_CLK (r)
               -     1.495          Library recovery time: ADLIB:PCIE
  N/C                          PCIe_EP_0/PCIex4_0/PCIE_1:MPERST_N


Operating Conditions : slow_lv_lt

END SET External Recovery

----------------------------------------------------

SET Asynchronous to Register

No Path 

END SET Asynchronous to Register

----------------------------------------------------

Clock Domain PF_CCC_C2_0/PF_CCC_C2_0/pll_inst_0:OUT0

Info: The maximum frequency of this clock domain is limited by the period of pin PCIe_EP_0/PCIex4_0/pcie_apblink_inst:S_CLK

SET Register to Register

Path 1
  From: AXItoAPB_0/AXItoAHBL_0/AXItoAHBL_0/U_AHBMasterCtrl/HADDRInt[1]:CLK
  To:   AXItoAPB_0/AXItoAHBL_0/AXItoAHBL_0/U_AHBMasterCtrl/validByteCntInt[5]:D
  Delay (ns):              7.804
  Arrival (ns):            9.693
  Setup (ns):              0.000
  Minimum Period (ns):     7.937
  Operating Conditions: slow_lv_ht

Path 2
  From: AXItoAPB_0/AXItoAHBL_0/AXItoAHBL_0/U_AHBMasterCtrl/HADDRInt[1]:CLK
  To:   AXItoAPB_0/AXItoAHBL_0/AXItoAHBL_0/U_AHBMasterCtrl/validByteCntInt[7]:D
  Delay (ns):              7.717
  Arrival (ns):            9.606
  Setup (ns):              0.000
  Minimum Period (ns):     7.850
  Operating Conditions: slow_lv_ht

Path 3
  From: AXItoAPB_0/AXItoAHBL_0/AXItoAHBL_0/U_AHBMasterCtrl/HADDRInt[1]:CLK
  To:   AXItoAPB_0/AXItoAHBL_0/AXItoAHBL_0/U_AHBMasterCtrl/validByteCntInt[6]:D
  Delay (ns):              7.664
  Arrival (ns):            9.553
  Setup (ns):              0.000
  Minimum Period (ns):     7.797
  Operating Conditions: slow_lv_ht

Path 4
  From: AXItoAPB_0/AXItoAHBL_0/AXItoAHBL_0/U_AHBMasterCtrl/HADDRInt[0]:CLK
  To:   AXItoAPB_0/AXItoAHBL_0/AXItoAHBL_0/U_AHBMasterCtrl/validByteCntInt[5]:D
  Delay (ns):              7.634
  Arrival (ns):            9.523
  Setup (ns):              0.000
  Minimum Period (ns):     7.767
  Operating Conditions: slow_lv_ht

Path 5
  From: AXItoAPB_0/AXItoAHBL_0/AXItoAHBL_0/U_AHBMasterCtrl/HADDRInt[1]:CLK
  To:   AXItoAPB_0/AXItoAHBL_0/AXItoAHBL_0/U_AHBMasterCtrl/validByteCntInt[4]:D
  Delay (ns):              7.609
  Arrival (ns):            9.498
  Setup (ns):              0.000
  Minimum Period (ns):     7.745
  Operating Conditions: slow_lv_ht


Expanded Path 1
  From: AXItoAPB_0/AXItoAHBL_0/AXItoAHBL_0/U_AHBMasterCtrl/HADDRInt[1]:CLK
  To: AXItoAPB_0/AXItoAHBL_0/AXItoAHBL_0/U_AHBMasterCtrl/validByteCntInt[5]:D
  data required time                                    N/C
  data arrival time                          -        9.693
  slack                                                 N/C
  ________________________________________________________
  Data arrival time calculation
  0.000                        PF_CCC_C2_0/PF_CCC_C2_0/pll_inst_0:OUT0
               +     0.000          Clock source
  0.000                        PF_CCC_C2_0/PF_CCC_C2_0/pll_inst_0:OUT0 (r)
               +     0.222          net: PF_CCC_C2_0/PF_CCC_C2_0/pll_inst_0_clkint_0
  0.222                        PF_CCC_C2_0/PF_CCC_C2_0/clkint_0_1:A (r)
               +     0.144          cell: ADLIB:ICB_CLKINT
  0.366                        PF_CCC_C2_0/PF_CCC_C2_0/clkint_0_1:Y (r)
               +     0.363          net: PF_CCC_C2_0/PF_CCC_C2_0/clkint_0_NET
  0.729                        PF_CCC_C2_0/PF_CCC_C2_0/clkint_0:A (r)
               +     0.174          cell: ADLIB:GB
  0.903                        PF_CCC_C2_0/PF_CCC_C2_0/clkint_0:Y (r)
               +     0.360          net: PF_CCC_C2_0/PF_CCC_C2_0/clkint_0/U0_Y
  1.263                        PF_CCC_C2_0/PF_CCC_C2_0/clkint_0/U0_RGB1:A (r)
               +     0.058          cell: ADLIB:RGB
  1.321                        PF_CCC_C2_0/PF_CCC_C2_0/clkint_0/U0_RGB1:Y (f)
               +     0.568          net: PF_CCC_C2_0_OUT0_FABCLK_0
  1.889                        AXItoAPB_0/AXItoAHBL_0/AXItoAHBL_0/U_AHBMasterCtrl/HADDRInt[1]:CLK (r)
               +     0.201          cell: ADLIB:SLE
  2.090                        AXItoAPB_0/AXItoAHBL_0/AXItoAHBL_0/U_AHBMasterCtrl/HADDRInt[1]:Q (r)
               +     1.690          net: AXItoAPB_0/AXItoAHBL_0/AXItoAHBL_0/U_AHBMasterCtrl/HADDRInt_Z[1]
  3.780                        AXItoAPB_0/AXItoAHBL_0/AXItoAHBL_0/U_AHBMasterCtrl/rdFIFOWrDataReg_d123_1:A (r)
               +     0.051          cell: ADLIB:CFG2
  3.831                        AXItoAPB_0/AXItoAHBL_0/AXItoAHBL_0/U_AHBMasterCtrl/rdFIFOWrDataReg_d123_1:Y (f)
               +     0.597          net: AXItoAPB_0/AXItoAHBL_0/AXItoAHBL_0/U_AHBMasterCtrl/rdFIFOWrDataReg_d123_1_Z
  4.428                        AXItoAPB_0/AXItoAHBL_0/AXItoAHBL_0/U_AHBMasterCtrl/HADDRInt_RNISGPV1[3]:C (f)
               +     0.091          cell: ADLIB:CFG4
  4.519                        AXItoAPB_0/AXItoAHBL_0/AXItoAHBL_0/U_AHBMasterCtrl/HADDRInt_RNISGPV1[3]:Y (r)
               +     0.133          net: AXItoAPB_0/AXItoAHBL_0/AXItoAHBL_0/U_AHBMasterCtrl/HADDRInt_RNISGPV1_Z[3]
  4.652                        AXItoAPB_0/AXItoAHBL_0/AXItoAHBL_0/U_AHBMasterCtrl/un1_validByteCntInt_3lto7_3_i_RNINCPA3:C (r)
               +     0.142          cell: ADLIB:CFG4
  4.794                        AXItoAPB_0/AXItoAHBL_0/AXItoAHBL_0/U_AHBMasterCtrl/un1_validByteCntInt_3lto7_3_i_RNINCPA3:Y (f)
               +     0.129          net: AXItoAPB_0/AXItoAHBL_0/AXItoAHBL_0/U_AHBMasterCtrl/HBURSTInt_d97
  4.923                        AXItoAPB_0/AXItoAHBL_0/AXItoAHBL_0/U_AHBMasterCtrl/HBURSTInt_d98:D (f)
               +     0.050          cell: ADLIB:CFG4
  4.973                        AXItoAPB_0/AXItoAHBL_0/AXItoAHBL_0/U_AHBMasterCtrl/HBURSTInt_d98:Y (r)
               +     0.510          net: AXItoAPB_0/AXItoAHBL_0/AXItoAHBL_0/U_AHBMasterCtrl/HBURSTInt_d98_Z
  5.483                        AXItoAPB_0/AXItoAHBL_0/AXItoAHBL_0/U_AHBMasterCtrl/un1_HBURSTInt_d_0_sqmuxa_2_1:B (r)
               +     0.238          cell: ADLIB:CFG4
  5.721                        AXItoAPB_0/AXItoAHBL_0/AXItoAHBL_0/U_AHBMasterCtrl/un1_HBURSTInt_d_0_sqmuxa_2_1:Y (r)
               +     0.163          net: AXItoAPB_0/AXItoAHBL_0/AXItoAHBL_0/U_AHBMasterCtrl/un1_HBURSTInt_d_0_sqmuxa_2_1_Z
  5.884                        AXItoAPB_0/AXItoAHBL_0/AXItoAHBL_0/U_AHBMasterCtrl/un1_HBURSTInt_d_0_sqmuxa_2_2:B (r)
               +     0.238          cell: ADLIB:CFG4
  6.122                        AXItoAPB_0/AXItoAHBL_0/AXItoAHBL_0/U_AHBMasterCtrl/un1_HBURSTInt_d_0_sqmuxa_2_2:Y (r)
               +     0.592          net: AXItoAPB_0/AXItoAHBL_0/AXItoAHBL_0/U_AHBMasterCtrl/un1_HBURSTInt_d_0_sqmuxa_2_2_Z
  6.714                        AXItoAPB_0/AXItoAHBL_0/AXItoAHBL_0/U_AHBMasterCtrl/validByteCntInt_d_0_sqmuxa_12:B (r)
               +     0.156          cell: ADLIB:CFG3
  6.870                        AXItoAPB_0/AXItoAHBL_0/AXItoAHBL_0/U_AHBMasterCtrl/validByteCntInt_d_0_sqmuxa_12:Y (r)
               +     0.276          net: AXItoAPB_0/AXItoAHBL_0/AXItoAHBL_0/U_AHBMasterCtrl/validByteCntInt_d_0_sqmuxa_12_Z
  7.146                        AXItoAPB_0/AXItoAHBL_0/AXItoAHBL_0/U_AHBMasterCtrl/validByteCntInt_d_0_sqmuxa_12_RNIIT0U4:D (r)
               +     0.171          cell: ADLIB:CFG4
  7.317                        AXItoAPB_0/AXItoAHBL_0/AXItoAHBL_0/U_AHBMasterCtrl/validByteCntInt_d_0_sqmuxa_12_RNIIT0U4:Y (r)
               +     0.172          net: AXItoAPB_0/AXItoAHBL_0/AXItoAHBL_0/U_AHBMasterCtrl/un1_rdFIFOWrData_d326_5_i
  7.489                        AXItoAPB_0/AXItoAHBL_0/AXItoAHBL_0/U_AHBMasterCtrl/un61_f1_2[1]:D (r)
               +     0.286          cell: ADLIB:CFG4
  7.775                        AXItoAPB_0/AXItoAHBL_0/AXItoAHBL_0/U_AHBMasterCtrl/un61_f1_2[1]:Y (f)
               +     0.156          net: AXItoAPB_0/AXItoAHBL_0/AXItoAHBL_0/U_AHBMasterCtrl/un61_f1_2_Z[1]
  7.931                        AXItoAPB_0/AXItoAHBL_0/AXItoAHBL_0/U_AHBMasterCtrl/un61_f0[1]:C (f)
               +     0.178          cell: ADLIB:CFG4
  8.109                        AXItoAPB_0/AXItoAHBL_0/AXItoAHBL_0/U_AHBMasterCtrl/un61_f0[1]:Y (f)
               +     0.394          net: AXItoAPB_0/AXItoAHBL_0/AXItoAHBL_0/U_AHBMasterCtrl/un61_f0_Z[1]
  8.503                        AXItoAPB_0/AXItoAHBL_0/AXItoAHBL_0/U_AHBMasterCtrl/un61_f0_RNIILAHE[1]:B (f)
               +     0.151          cell: ADLIB:ARI1_CC
  8.654                        AXItoAPB_0/AXItoAHBL_0/AXItoAHBL_0/U_AHBMasterCtrl/un61_f0_RNIILAHE[1]:P (f)
               +     0.016          net: NET_CC_CONFIG1779
  8.670                        AXItoAPB_0/AXItoAHBL_0/AXItoAHBL_0/U_AHBMasterCtrl/validByteCntInt_RNI4FAT7[0]_CC_0:P[1] (f)
               +     0.445          cell: ADLIB:CC_CONFIG
  9.115                        AXItoAPB_0/AXItoAHBL_0/AXItoAHBL_0/U_AHBMasterCtrl/validByteCntInt_RNI4FAT7[0]_CC_0:CC[5] (r)
               +     0.000          net: NET_CC_CONFIG1798
  9.115                        AXItoAPB_0/AXItoAHBL_0/AXItoAHBL_0/U_AHBMasterCtrl/validByteCntInt_RNI3OP468[5]:CC (r)
               +     0.062          cell: ADLIB:ARI1_CC
  9.177                        AXItoAPB_0/AXItoAHBL_0/AXItoAHBL_0/U_AHBMasterCtrl/validByteCntInt_RNI3OP468[5]:S (r)
               +     0.339          net: AXItoAPB_0/AXItoAHBL_0/AXItoAHBL_0/U_AHBMasterCtrl/N_1584
  9.516                        AXItoAPB_0/AXItoAHBL_0/AXItoAHBL_0/U_AHBMasterCtrl/validByteCntInt_d[5]:A (r)
               +     0.156          cell: ADLIB:CFG3
  9.672                        AXItoAPB_0/AXItoAHBL_0/AXItoAHBL_0/U_AHBMasterCtrl/validByteCntInt_d[5]:Y (r)
               +     0.021          net: AXItoAPB_0/AXItoAHBL_0/AXItoAHBL_0/U_AHBMasterCtrl/validByteCntInt_d_Z[5]
  9.693                        AXItoAPB_0/AXItoAHBL_0/AXItoAHBL_0/U_AHBMasterCtrl/validByteCntInt[5]:D (r)
                                    
  9.693                        data arrival time
  ________________________________________________________
  Data required time calculation
  N/C                          PF_CCC_C2_0/PF_CCC_C2_0/pll_inst_0:OUT0
               +     0.000          Clock source
  N/C                          PF_CCC_C2_0/PF_CCC_C2_0/pll_inst_0:OUT0 (r)
               +     0.202          net: PF_CCC_C2_0/PF_CCC_C2_0/pll_inst_0_clkint_0
  N/C                          PF_CCC_C2_0/PF_CCC_C2_0/clkint_0_1:A (r)
               +     0.124          cell: ADLIB:ICB_CLKINT
  N/C                          PF_CCC_C2_0/PF_CCC_C2_0/clkint_0_1:Y (r)
               +     0.330          net: PF_CCC_C2_0/PF_CCC_C2_0/clkint_0_NET
  N/C                          PF_CCC_C2_0/PF_CCC_C2_0/clkint_0:A (r)
               +     0.158          cell: ADLIB:GB
  N/C                          PF_CCC_C2_0/PF_CCC_C2_0/clkint_0:Y (r)
               +     0.324          net: PF_CCC_C2_0/PF_CCC_C2_0/clkint_0/U0_Y
  N/C                          PF_CCC_C2_0/PF_CCC_C2_0/clkint_0/U0_RGB1_RGB3:A (r)
               +     0.049          cell: ADLIB:RGB
  N/C                          PF_CCC_C2_0/PF_CCC_C2_0/clkint_0/U0_RGB1_RGB3:Y (f)
               +     0.476          net: PF_CCC_C2_0/PF_CCC_C2_0/clkint_0/U0_RGB1_RGB3_rgb_net_1
  N/C                          AXItoAPB_0/AXItoAHBL_0/AXItoAHBL_0/U_AHBMasterCtrl/validByteCntInt[5]:CLK (r)
               +     0.093          
  N/C                          clock reconvergence pessimism
               -     0.000          Library setup time: ADLIB:SLE
  N/C                          AXItoAPB_0/AXItoAHBL_0/AXItoAHBL_0/U_AHBMasterCtrl/validByteCntInt[5]:D


Operating Conditions : slow_lv_ht

END SET Register to Register

----------------------------------------------------

SET External Setup

No Path 

END SET External Setup

----------------------------------------------------

SET Clock to Output

No Path 

END SET Clock to Output

----------------------------------------------------

SET PF_CCC_C2_0/PF_CCC_C2_0/pll_inst_0:OUT1 to PF_CCC_C2_0/PF_CCC_C2_0/pll_inst_0:OUT0

No Path 

END SET PF_CCC_C2_0/PF_CCC_C2_0/pll_inst_0:OUT1 to PF_CCC_C2_0/PF_CCC_C2_0/pll_inst_0:OUT0

----------------------------------------------------

SET Register to Asynchronous

Path 1
  From: AXI4_Interconnect_0/AXI4_Interconnect_0/SlvConvertor_loop[0].slvcnv/genblk1.rsync/sysReset:CLK
  To:   AXI4_Interconnect_0/AXI4_Interconnect_0/SlvConvertor_loop[0].slvcnv/slvProtConv/genblk1.u_AXI3ProtConv/SlvPCWr/currentAddrW[15]:ALn
  Delay (ns):              2.957
  Arrival (ns):            4.810
  Recovery (ns):           0.196
  Minimum Period (ns):     3.247
  Skew (ns):               0.094
  Operating Conditions: slow_lv_ht

Path 2
  From: AXI4_Interconnect_0/AXI4_Interconnect_0/SlvConvertor_loop[0].slvcnv/genblk1.rsync/sysReset:CLK
  To:   AXI4_Interconnect_0/AXI4_Interconnect_0/SlvConvertor_loop[0].slvcnv/slvProtConv/genblk1.u_AXI3ProtConv/SlvPCWr/currentAddrW[14]:ALn
  Delay (ns):              2.957
  Arrival (ns):            4.810
  Recovery (ns):           0.196
  Minimum Period (ns):     3.247
  Skew (ns):               0.094
  Operating Conditions: slow_lv_ht

Path 3
  From: AXI4_Interconnect_0/AXI4_Interconnect_0/SlvConvertor_loop[0].slvcnv/genblk1.rsync/sysReset:CLK
  To:   AXI4_Interconnect_0/AXI4_Interconnect_0/SlvConvertor_loop[0].slvcnv/slvProtConv/genblk1.u_AXI3ProtConv/SlvPCWr/currentAddrW[13]:ALn
  Delay (ns):              2.957
  Arrival (ns):            4.810
  Recovery (ns):           0.196
  Minimum Period (ns):     3.247
  Skew (ns):               0.094
  Operating Conditions: slow_lv_ht

Path 4
  From: AXI4_Interconnect_0/AXI4_Interconnect_0/SlvConvertor_loop[0].slvcnv/genblk1.rsync/sysReset:CLK
  To:   AXI4_Interconnect_0/AXI4_Interconnect_0/SlvConvertor_loop[0].slvcnv/slvProtConv/genblk1.u_AXI3ProtConv/SlvPCWr/currentAddrW[12]:ALn
  Delay (ns):              2.957
  Arrival (ns):            4.810
  Recovery (ns):           0.196
  Minimum Period (ns):     3.247
  Skew (ns):               0.094
  Operating Conditions: slow_lv_ht

Path 5
  From: AXI4_Interconnect_0/AXI4_Interconnect_0/SlvConvertor_loop[0].slvcnv/genblk1.rsync/sysReset:CLK
  To:   AXI4_Interconnect_0/AXI4_Interconnect_0/SlvConvertor_loop[0].slvcnv/slvProtConv/genblk1.u_AXI3ProtConv/SlvPCWr/currentAddrW[16]:ALn
  Delay (ns):              2.956
  Arrival (ns):            4.809
  Recovery (ns):           0.196
  Minimum Period (ns):     3.246
  Skew (ns):               0.094
  Operating Conditions: slow_lv_ht


Expanded Path 1
  From: AXI4_Interconnect_0/AXI4_Interconnect_0/SlvConvertor_loop[0].slvcnv/genblk1.rsync/sysReset:CLK
  To: AXI4_Interconnect_0/AXI4_Interconnect_0/SlvConvertor_loop[0].slvcnv/slvProtConv/genblk1.u_AXI3ProtConv/SlvPCWr/currentAddrW[15]:ALn
  data required time                                    N/C
  data arrival time                          -        4.810
  slack                                                 N/C
  ________________________________________________________
  Data arrival time calculation
  0.000                        PF_CCC_C2_0/PF_CCC_C2_0/pll_inst_0:OUT0
               +     0.000          Clock source
  0.000                        PF_CCC_C2_0/PF_CCC_C2_0/pll_inst_0:OUT0 (r)
               +     0.222          net: PF_CCC_C2_0/PF_CCC_C2_0/pll_inst_0_clkint_0
  0.222                        PF_CCC_C2_0/PF_CCC_C2_0/clkint_0_1:A (r)
               +     0.144          cell: ADLIB:ICB_CLKINT
  0.366                        PF_CCC_C2_0/PF_CCC_C2_0/clkint_0_1:Y (r)
               +     0.363          net: PF_CCC_C2_0/PF_CCC_C2_0/clkint_0_NET
  0.729                        PF_CCC_C2_0/PF_CCC_C2_0/clkint_0:A (r)
               +     0.174          cell: ADLIB:GB
  0.903                        PF_CCC_C2_0/PF_CCC_C2_0/clkint_0:Y (r)
               +     0.362          net: PF_CCC_C2_0/PF_CCC_C2_0/clkint_0/U0_Y
  1.265                        PF_CCC_C2_0/PF_CCC_C2_0/clkint_0/U0_RGB1_RGB2:A (r)
               +     0.058          cell: ADLIB:RGB
  1.323                        PF_CCC_C2_0/PF_CCC_C2_0/clkint_0/U0_RGB1_RGB2:Y (f)
               +     0.530          net: PF_CCC_C2_0/PF_CCC_C2_0/clkint_0/U0_RGB1_RGB2_rgb_net_1
  1.853                        AXI4_Interconnect_0/AXI4_Interconnect_0/SlvConvertor_loop[0].slvcnv/genblk1.rsync/sysReset:CLK (r)
               +     0.209          cell: ADLIB:SLE
  2.062                        AXI4_Interconnect_0/AXI4_Interconnect_0/SlvConvertor_loop[0].slvcnv/genblk1.rsync/sysReset:Q (r)
               +     2.748          net: AXI4_Interconnect_0/AXI4_Interconnect_0/SlvConvertor_loop[0].slvcnv/sysReset
  4.810                        AXI4_Interconnect_0/AXI4_Interconnect_0/SlvConvertor_loop[0].slvcnv/slvProtConv/genblk1.u_AXI3ProtConv/SlvPCWr/currentAddrW[15]:ALn (r)
                                    
  4.810                        data arrival time
  ________________________________________________________
  Data required time calculation
  N/C                          PF_CCC_C2_0/PF_CCC_C2_0/pll_inst_0:OUT0
               +     0.000          Clock source
  N/C                          PF_CCC_C2_0/PF_CCC_C2_0/pll_inst_0:OUT0 (r)
               +     0.202          net: PF_CCC_C2_0/PF_CCC_C2_0/pll_inst_0_clkint_0
  N/C                          PF_CCC_C2_0/PF_CCC_C2_0/clkint_0_1:A (r)
               +     0.124          cell: ADLIB:ICB_CLKINT
  N/C                          PF_CCC_C2_0/PF_CCC_C2_0/clkint_0_1:Y (r)
               +     0.330          net: PF_CCC_C2_0/PF_CCC_C2_0/clkint_0_NET
  N/C                          PF_CCC_C2_0/PF_CCC_C2_0/clkint_0:A (r)
               +     0.158          cell: ADLIB:GB
  N/C                          PF_CCC_C2_0/PF_CCC_C2_0/clkint_0:Y (r)
               +     0.325          net: PF_CCC_C2_0/PF_CCC_C2_0/clkint_0/U0_Y
  N/C                          PF_CCC_C2_0/PF_CCC_C2_0/clkint_0/U0_RGB1:A (r)
               +     0.049          cell: ADLIB:RGB
  N/C                          PF_CCC_C2_0/PF_CCC_C2_0/clkint_0/U0_RGB1:Y (f)
               +     0.478          net: PF_CCC_C2_0_OUT0_FABCLK_0
  N/C                          AXI4_Interconnect_0/AXI4_Interconnect_0/SlvConvertor_loop[0].slvcnv/slvProtConv/genblk1.u_AXI3ProtConv/SlvPCWr/currentAddrW[15]:CLK (r)
               +     0.093          
  N/C                          clock reconvergence pessimism
               -     0.196          Library recovery time: ADLIB:SLE
  N/C                          AXI4_Interconnect_0/AXI4_Interconnect_0/SlvConvertor_loop[0].slvcnv/slvProtConv/genblk1.u_AXI3ProtConv/SlvPCWr/currentAddrW[15]:ALn


Operating Conditions : slow_lv_ht

END SET Register to Asynchronous

----------------------------------------------------

SET External Recovery

No Path 

END SET External Recovery

----------------------------------------------------

SET Asynchronous to Register

No Path 

END SET Asynchronous to Register

----------------------------------------------------

Clock Domain PF_CCC_C2_0/PF_CCC_C2_0/pll_inst_0:OUT1

SET Register to Register

Path 1
  From: CoreDMA_IO_CTRL_0/CoreDMA_Controller_0/CoreDMA_Controller_0/CAXI4DMAI00OI/CAXI4DMAIlOl[1]:CLK
  To:   CoreDMA_IO_CTRL_0/CoreDMA_Controller_0/CoreDMA_Controller_0/CAXI4DMAI00OI/CAXI4DMAIlOl[11]:D
  Delay (ns):              6.388
  Arrival (ns):            8.254
  Setup (ns):              0.000
  Minimum Period (ns):     6.397
  Operating Conditions: slow_lv_ht

Path 2
  From: CoreDMA_IO_CTRL_0/CoreDMA_Controller_0/CoreDMA_Controller_0/CAXI4DMAI00OI/CAXI4DMAIlOl[1]:CLK
  To:   CoreDMA_IO_CTRL_0/CoreDMA_Controller_0/CoreDMA_Controller_0/CAXI4DMAI00OI/CAXI4DMAIlOl[8]:D
  Delay (ns):              6.300
  Arrival (ns):            8.166
  Setup (ns):              0.000
  Minimum Period (ns):     6.355
  Operating Conditions: slow_lv_ht

Path 3
  From: CoreDMA_IO_CTRL_0/CoreDMA_Controller_0/CoreDMA_Controller_0/CAXI4DMAI00OI/CAXI4DMAIlOl[1]:CLK
  To:   CoreDMA_IO_CTRL_0/CoreDMA_Controller_0/CoreDMA_Controller_0/CAXI4DMAI00OI/CAXI4DMAIlOl[7]:D
  Delay (ns):              6.339
  Arrival (ns):            8.205
  Setup (ns):              0.000
  Minimum Period (ns):     6.348
  Operating Conditions: slow_lv_ht

Path 4
  From: CoreDMA_IO_CTRL_0/CoreDMA_Controller_0/CoreDMA_Controller_0/CAXI4DMAI00OI/CAXI4DMAIlOl[1]:CLK
  To:   CoreDMA_IO_CTRL_0/CoreDMA_Controller_0/CoreDMA_Controller_0/CAXI4DMAI00OI/CAXI4DMAIlOl[10]:D
  Delay (ns):              6.326
  Arrival (ns):            8.192
  Setup (ns):              0.000
  Minimum Period (ns):     6.336
  Operating Conditions: slow_lv_ht

Path 5
  From: CoreDMA_IO_CTRL_0/CoreDMA_Controller_0/CoreDMA_Controller_0/CAXI4DMAI00OI/CAXI4DMAIlOl[1]:CLK
  To:   CoreDMA_IO_CTRL_0/CoreDMA_Controller_0/CoreDMA_Controller_0/CAXI4DMAI00OI/CAXI4DMAIlOl[4]:D
  Delay (ns):              6.263
  Arrival (ns):            8.129
  Setup (ns):              0.000
  Minimum Period (ns):     6.318
  Operating Conditions: slow_lv_ht


Expanded Path 1
  From: CoreDMA_IO_CTRL_0/CoreDMA_Controller_0/CoreDMA_Controller_0/CAXI4DMAI00OI/CAXI4DMAIlOl[1]:CLK
  To: CoreDMA_IO_CTRL_0/CoreDMA_Controller_0/CoreDMA_Controller_0/CAXI4DMAI00OI/CAXI4DMAIlOl[11]:D
  data required time                                    N/C
  data arrival time                          -        8.254
  slack                                                 N/C
  ________________________________________________________
  Data arrival time calculation
  0.000                        PF_CCC_C2_0/PF_CCC_C2_0/pll_inst_0:OUT1
               +     0.000          Clock source
  0.000                        PF_CCC_C2_0/PF_CCC_C2_0/pll_inst_0:OUT1 (r)
               +     0.206          net: PF_CCC_C2_0/PF_CCC_C2_0/pll_inst_0_clkint_4
  0.206                        PF_CCC_C2_0/PF_CCC_C2_0/clkint_4_1:A (r)
               +     0.143          cell: ADLIB:ICB_CLKINT
  0.349                        PF_CCC_C2_0/PF_CCC_C2_0/clkint_4_1:Y (r)
               +     0.363          net: PF_CCC_C2_0/PF_CCC_C2_0/clkint_4_NET
  0.712                        PF_CCC_C2_0/PF_CCC_C2_0/clkint_4/U0_GB0:A (r)
               +     0.173          cell: ADLIB:GB
  0.885                        PF_CCC_C2_0/PF_CCC_C2_0/clkint_4/U0_GB0:Y (r)
               +     0.370          net: PF_CCC_C2_0/PF_CCC_C2_0/clkint_4/U0_gbs_1
  1.255                        PF_CCC_C2_0/PF_CCC_C2_0/clkint_4/U0_RGB1_RGB2:A (r)
               +     0.058          cell: ADLIB:RGB
  1.313                        PF_CCC_C2_0/PF_CCC_C2_0/clkint_4/U0_RGB1_RGB2:Y (f)
               +     0.553          net: PF_CCC_C2_0/PF_CCC_C2_0/clkint_4/U0_RGB1_RGB2_rgb_net_1
  1.866                        CoreDMA_IO_CTRL_0/CoreDMA_Controller_0/CoreDMA_Controller_0/CAXI4DMAI00OI/CAXI4DMAIlOl[1]:CLK (r)
               +     0.209          cell: ADLIB:SLE
  2.075                        CoreDMA_IO_CTRL_0/CoreDMA_Controller_0/CoreDMA_Controller_0/CAXI4DMAI00OI/CAXI4DMAIlOl[1]:Q (r)
               +     1.151          net: CoreDMA_IO_CTRL_0/CoreDMA_Controller_0/CoreDMA_Controller_0/CAXI4DMAI00OI/CAXI4DMAIlOl_Z[1]
  3.226                        CoreDMA_IO_CTRL_0/CoreDMA_Controller_0/CoreDMA_Controller_0/CAXI4DMAI00OI/CAXI4DMAI00I19_0_I_1:C (r)
               +     0.247          cell: ADLIB:ARI1_CC
  3.473                        CoreDMA_IO_CTRL_0/CoreDMA_Controller_0/CoreDMA_Controller_0/CAXI4DMAI00OI/CAXI4DMAI00I19_0_I_1:P (f)
               +     0.017          net: NET_CC_CONFIG1897
  3.490                        CoreDMA_IO_CTRL_0/CoreDMA_Controller_0/CoreDMA_Controller_0/CAXI4DMAI00OI/CAXI4DMAI00I19_0_I_1_CC_0:P[9] (f)
               +     0.194          cell: ADLIB:CC_CONFIG
  3.684                        CoreDMA_IO_CTRL_0/CoreDMA_Controller_0/CoreDMA_Controller_0/CAXI4DMAI00OI/CAXI4DMAI00I19_0_I_1_CC_0:CO (f)
               +     0.000          net: CI_TO_CO1896
  3.684                        CoreDMA_IO_CTRL_0/CoreDMA_Controller_0/CoreDMA_Controller_0/CAXI4DMAI00OI/CAXI4DMAI00I19_0_I_1_CC_1:CI (f)
               +     0.139          cell: ADLIB:CC_CONFIG
  3.823                        CoreDMA_IO_CTRL_0/CoreDMA_Controller_0/CoreDMA_Controller_0/CAXI4DMAI00OI/CAXI4DMAI00I19_0_I_1_CC_1:CC[9] (r)
               +     0.000          net: NET_CC_CONFIG1948
  3.823                        CoreDMA_IO_CTRL_0/CoreDMA_Controller_0/CoreDMA_Controller_0/CAXI4DMAI00OI/CAXI4DMAI00I19_0_I_45_FCINST1:CC (r)
               +     0.062          cell: ADLIB:FCEND_BUFF_CC
  3.885                        CoreDMA_IO_CTRL_0/CoreDMA_Controller_0/CoreDMA_Controller_0/CAXI4DMAI00OI/CAXI4DMAI00I19_0_I_45_FCINST1:CO (r)
               +     0.845          net: CoreDMA_IO_CTRL_0/CoreDMA_Controller_0/CoreDMA_Controller_0/CAXI4DMAI00OI/CAXI4DMAI00I19_0_data_tmp[11]
  4.730                        CoreDMA_IO_CTRL_0/CoreDMA_Controller_0/CoreDMA_Controller_0/CAXI4DMAI00OI/CAXI4DMAO00I_cry_cy[0]:B (r)
               +     0.200          cell: ADLIB:ARI1_CC
  4.930                        CoreDMA_IO_CTRL_0/CoreDMA_Controller_0/CoreDMA_Controller_0/CAXI4DMAI00OI/CAXI4DMAO00I_cry_cy[0]:Y (r)
               +     0.641          net: CoreDMA_IO_CTRL_0/CoreDMA_Controller_0/CoreDMA_Controller_0/CAXI4DMAI00OI/CAXI4DMAO00I_cry_cy_Y[0]
  5.571                        CoreDMA_IO_CTRL_0/CoreDMA_Controller_0/CoreDMA_Controller_0/CAXI4DMAI00OI/un1_CAXI4DMAllOl_0_sqmuxa_3_0:C (r)
               +     0.142          cell: ADLIB:CFG3
  5.713                        CoreDMA_IO_CTRL_0/CoreDMA_Controller_0/CoreDMA_Controller_0/CAXI4DMAI00OI/un1_CAXI4DMAllOl_0_sqmuxa_3_0:Y (f)
               +     0.141          net: CoreDMA_IO_CTRL_0/CoreDMA_Controller_0/CoreDMA_Controller_0/CAXI4DMAI00OI/un1_CAXI4DMAllOl_0_sqmuxa_3_0_Z
  5.854                        CoreDMA_IO_CTRL_0/CoreDMA_Controller_0/CoreDMA_Controller_0/CAXI4DMAI00OI/un1_CAXI4DMAllOl_0_sqmuxa_3_1:B (f)
               +     0.151          cell: ADLIB:CFG3
  6.005                        CoreDMA_IO_CTRL_0/CoreDMA_Controller_0/CoreDMA_Controller_0/CAXI4DMAI00OI/un1_CAXI4DMAllOl_0_sqmuxa_3_1:Y (f)
               +     0.269          net: CoreDMA_IO_CTRL_0/CoreDMA_Controller_0/CoreDMA_Controller_0/CAXI4DMAI00OI/un1_CAXI4DMAllOl_0_sqmuxa_3_1_Z
  6.274                        CoreDMA_IO_CTRL_0/CoreDMA_Controller_0/CoreDMA_Controller_0/CAXI4DMAI00OI/un1_CAXI4DMAOIOl_1[1]:C (f)
               +     0.178          cell: ADLIB:CFG3
  6.452                        CoreDMA_IO_CTRL_0/CoreDMA_Controller_0/CoreDMA_Controller_0/CAXI4DMAI00OI/un1_CAXI4DMAOIOl_1[1]:Y (f)
               +     0.514          net: CoreDMA_IO_CTRL_0/CoreDMA_Controller_0/CoreDMA_Controller_0/CAXI4DMAI00OI/un1_CAXI4DMAOIOl_1_Z[1]
  6.966                        CoreDMA_IO_CTRL_0/CoreDMA_Controller_0/CoreDMA_Controller_0/CAXI4DMAI00OI/un1_CAXI4DMAOIOl_1_RNI4M9U1[1]:B (f)
               +     0.234          cell: ADLIB:ARI1_CC
  7.200                        CoreDMA_IO_CTRL_0/CoreDMA_Controller_0/CoreDMA_Controller_0/CAXI4DMAI00OI/un1_CAXI4DMAOIOl_1_RNI4M9U1[1]:P (r)
               +     0.014          net: NET_CC_CONFIG459
  7.214                        CoreDMA_IO_CTRL_0/CoreDMA_Controller_0/CoreDMA_Controller_0/CAXI4DMAI00OI/un1_CAXI4DMAOIOl_1_RNI1Q4V[0]_CC_0:P[1] (r)
               +     0.477          cell: ADLIB:CC_CONFIG
  7.691                        CoreDMA_IO_CTRL_0/CoreDMA_Controller_0/CoreDMA_Controller_0/CAXI4DMAI00OI/un1_CAXI4DMAOIOl_1_RNI1Q4V[0]_CC_0:CC[11] (r)
               +     0.000          net: NET_CC_CONFIG502
  7.691                        CoreDMA_IO_CTRL_0/CoreDMA_Controller_0/CoreDMA_Controller_0/CAXI4DMAI00OI/CAXI4DMAllOl_RNO[11]:CC (r)
               +     0.062          cell: ADLIB:ARI1_CC
  7.753                        CoreDMA_IO_CTRL_0/CoreDMA_Controller_0/CoreDMA_Controller_0/CAXI4DMAI00OI/CAXI4DMAllOl_RNO[11]:S (r)
               +     0.353          net: CoreDMA_IO_CTRL_0/CoreDMA_Controller_0/CoreDMA_Controller_0/CAXI4DMAI00OI/N_1349
  8.106                        CoreDMA_IO_CTRL_0/CoreDMA_Controller_0/CoreDMA_Controller_0/CAXI4DMAI00OI/CAXI4DMAllOl[11]:C (r)
               +     0.120          cell: ADLIB:CFG3
  8.226                        CoreDMA_IO_CTRL_0/CoreDMA_Controller_0/CoreDMA_Controller_0/CAXI4DMAI00OI/CAXI4DMAllOl[11]:Y (r)
               +     0.028          net: CoreDMA_IO_CTRL_0/CoreDMA_Controller_0/CoreDMA_Controller_0/CAXI4DMAI00OI/CAXI4DMAllOl_Z[11]
  8.254                        CoreDMA_IO_CTRL_0/CoreDMA_Controller_0/CoreDMA_Controller_0/CAXI4DMAI00OI/CAXI4DMAIlOl[11]:D (r)
                                    
  8.254                        data arrival time
  ________________________________________________________
  Data required time calculation
  N/C                          PF_CCC_C2_0/PF_CCC_C2_0/pll_inst_0:OUT1
               +     0.000          Clock source
  N/C                          PF_CCC_C2_0/PF_CCC_C2_0/pll_inst_0:OUT1 (r)
               +     0.188          net: PF_CCC_C2_0/PF_CCC_C2_0/pll_inst_0_clkint_4
  N/C                          PF_CCC_C2_0/PF_CCC_C2_0/clkint_4_1:A (r)
               +     0.124          cell: ADLIB:ICB_CLKINT
  N/C                          PF_CCC_C2_0/PF_CCC_C2_0/clkint_4_1:Y (r)
               +     0.331          net: PF_CCC_C2_0/PF_CCC_C2_0/clkint_4_NET
  N/C                          PF_CCC_C2_0/PF_CCC_C2_0/clkint_4/U0_GB0:A (r)
               +     0.158          cell: ADLIB:GB
  N/C                          PF_CCC_C2_0/PF_CCC_C2_0/clkint_4/U0_GB0:Y (r)
               +     0.333          net: PF_CCC_C2_0/PF_CCC_C2_0/clkint_4/U0_gbs_1
  N/C                          PF_CCC_C2_0/PF_CCC_C2_0/clkint_4/U0_RGB1_RGB2:A (r)
               +     0.049          cell: ADLIB:RGB
  N/C                          PF_CCC_C2_0/PF_CCC_C2_0/clkint_4/U0_RGB1_RGB2:Y (f)
               +     0.489          net: PF_CCC_C2_0/PF_CCC_C2_0/clkint_4/U0_RGB1_RGB2_rgb_net_1
  N/C                          CoreDMA_IO_CTRL_0/CoreDMA_Controller_0/CoreDMA_Controller_0/CAXI4DMAI00OI/CAXI4DMAIlOl[11]:CLK (r)
               +     0.185          
  N/C                          clock reconvergence pessimism
               -     0.000          Library setup time: ADLIB:SLE
  N/C                          CoreDMA_IO_CTRL_0/CoreDMA_Controller_0/CoreDMA_Controller_0/CAXI4DMAI00OI/CAXI4DMAIlOl[11]:D


Operating Conditions : slow_lv_ht

END SET Register to Register

----------------------------------------------------

SET External Setup

No Path 

END SET External Setup

----------------------------------------------------

SET Clock to Output

No Path 

END SET Clock to Output

----------------------------------------------------

SET PCIe_EP_0/PCIe_TL_CLK_0/CLK_DIV2_0/CLK_DIV2_0/I_CD:Y_DIV to PF_CCC_C2_0/PF_CCC_C2_0/pll_inst_0:OUT1

No Path 

END SET PCIe_EP_0/PCIe_TL_CLK_0/CLK_DIV2_0/CLK_DIV2_0/I_CD:Y_DIV to PF_CCC_C2_0/PF_CCC_C2_0/pll_inst_0:OUT1

----------------------------------------------------

SET PCIe_EP_0/PCIe_TX_PLL_0/PCIe_TX_PLL_0/txpll_isnt_0:DIV_CLK to PF_CCC_C2_0/PF_CCC_C2_0/pll_inst_0:OUT1

No Path 

END SET PCIe_EP_0/PCIe_TX_PLL_0/PCIe_TX_PLL_0/txpll_isnt_0:DIV_CLK to PF_CCC_C2_0/PF_CCC_C2_0/pll_inst_0:OUT1

----------------------------------------------------

SET PF_CCC_C2_0/PF_CCC_C2_0/pll_inst_0:OUT0 to PF_CCC_C2_0/PF_CCC_C2_0/pll_inst_0:OUT1

No Path 

END SET PF_CCC_C2_0/PF_CCC_C2_0/pll_inst_0:OUT0 to PF_CCC_C2_0/PF_CCC_C2_0/pll_inst_0:OUT1

----------------------------------------------------

SET Register to Asynchronous

Path 1
  From: PF_RESET_0/PF_RESET_0/dff_15_rep:CLK
  To:   CoreDMA_IO_CTRL_0/CoreDMA_Controller_0/CoreDMA_Controller_0/CAXI4DMAOOlOI/CAXI4DMAOOl1I/CAXI4DMAOI1Ol/CAXI4DMAI00ll[8]:ALn
  Delay (ns):              4.014
  Arrival (ns):            5.877
  Recovery (ns):           0.209
  Minimum Period (ns):     4.342
  Skew (ns):               0.119
  Operating Conditions: slow_lv_ht

Path 2
  From: PF_RESET_0/PF_RESET_0/dff_15_rep:CLK
  To:   CoreDMA_IO_CTRL_0/CoreDMA_Controller_0/CoreDMA_Controller_0/CAXI4DMAOOlOI/CAXI4DMAOOl1I/CAXI4DMAI01Ol/CAXI4DMAI0O1l_Z[7]:ALn
  Delay (ns):              4.014
  Arrival (ns):            5.877
  Recovery (ns):           0.209
  Minimum Period (ns):     4.342
  Skew (ns):               0.119
  Operating Conditions: slow_lv_ht

Path 3
  From: PF_RESET_0/PF_RESET_0/dff_15_rep:CLK
  To:   CoreDMA_IO_CTRL_0/CoreDMA_Controller_0/CoreDMA_Controller_0/CAXI4DMAOOlOI/CAXI4DMAOOl1I/CAXI4DMAOI1Ol/CAXI4DMAI00ll[15]:ALn
  Delay (ns):              4.009
  Arrival (ns):            5.872
  Recovery (ns):           0.209
  Minimum Period (ns):     4.341
  Skew (ns):               0.123
  Operating Conditions: slow_lv_ht

Path 4
  From: PF_RESET_0/PF_RESET_0/dff_15_rep:CLK
  To:   CoreDMA_IO_CTRL_0/CoreDMA_Controller_0/CoreDMA_Controller_0/CAXI4DMAOOlOI/CAXI4DMAOOl1I/CAXI4DMAO0OIl/CAXI4DMAIIl0l[8]:ALn
  Delay (ns):              4.013
  Arrival (ns):            5.876
  Recovery (ns):           0.209
  Minimum Period (ns):     4.341
  Skew (ns):               0.119
  Operating Conditions: slow_lv_ht

Path 5
  From: PF_RESET_0/PF_RESET_0/dff_15_rep:CLK
  To:   CoreDMA_IO_CTRL_0/CoreDMA_Controller_0/CoreDMA_Controller_0/CAXI4DMAOOlOI/CAXI4DMAOOl1I/CAXI4DMAI01Ol/CAXI4DMAOI10l_Z[11]:ALn
  Delay (ns):              4.009
  Arrival (ns):            5.872
  Recovery (ns):           0.209
  Minimum Period (ns):     4.341
  Skew (ns):               0.123
  Operating Conditions: slow_lv_ht


Expanded Path 1
  From: PF_RESET_0/PF_RESET_0/dff_15_rep:CLK
  To: CoreDMA_IO_CTRL_0/CoreDMA_Controller_0/CoreDMA_Controller_0/CAXI4DMAOOlOI/CAXI4DMAOOl1I/CAXI4DMAOI1Ol/CAXI4DMAI00ll[8]:ALn
  data required time                                    N/C
  data arrival time                          -        5.877
  slack                                                 N/C
  ________________________________________________________
  Data arrival time calculation
  0.000                        PF_CCC_C2_0/PF_CCC_C2_0/pll_inst_0:OUT1
               +     0.000          Clock source
  0.000                        PF_CCC_C2_0/PF_CCC_C2_0/pll_inst_0:OUT1 (r)
               +     0.206          net: PF_CCC_C2_0/PF_CCC_C2_0/pll_inst_0_clkint_4
  0.206                        PF_CCC_C2_0/PF_CCC_C2_0/clkint_4_1:A (r)
               +     0.143          cell: ADLIB:ICB_CLKINT
  0.349                        PF_CCC_C2_0/PF_CCC_C2_0/clkint_4_1:Y (r)
               +     0.363          net: PF_CCC_C2_0/PF_CCC_C2_0/clkint_4_NET
  0.712                        PF_CCC_C2_0/PF_CCC_C2_0/clkint_4/U0_GB0:A (r)
               +     0.173          cell: ADLIB:GB
  0.885                        PF_CCC_C2_0/PF_CCC_C2_0/clkint_4/U0_GB0:Y (r)
               +     0.370          net: PF_CCC_C2_0/PF_CCC_C2_0/clkint_4/U0_gbs_1
  1.255                        PF_CCC_C2_0/PF_CCC_C2_0/clkint_4/U0_RGB1_RGB2:A (r)
               +     0.058          cell: ADLIB:RGB
  1.313                        PF_CCC_C2_0/PF_CCC_C2_0/clkint_4/U0_RGB1_RGB2:Y (f)
               +     0.550          net: PF_CCC_C2_0/PF_CCC_C2_0/clkint_4/U0_RGB1_RGB2_rgb_net_1
  1.863                        PF_RESET_0/PF_RESET_0/dff_15_rep:CLK (r)
               +     0.209          cell: ADLIB:SLE
  2.072                        PF_RESET_0/PF_RESET_0/dff_15_rep:Q (r)
               +     2.672          net: PF_RESET_0/PF_RESET_0/dff_15_rep_Z
  4.744                        PF_RESET_0/PF_RESET_0/dff_15_rep_RNI5GV3:A (r)
               +     0.130          cell: ADLIB:GB
  4.874                        PF_RESET_0/PF_RESET_0/dff_15_rep_RNI5GV3:Y (r)
               +     0.359          net: PF_RESET_0/PF_RESET_0/dff_15_rep_RNI5GV3/U0_Y
  5.233                        PF_RESET_0/PF_RESET_0/dff_15_rep_RNI5GV3/U0_RGB1_RGB1:A (r)
               +     0.058          cell: ADLIB:RGB
  5.291                        PF_RESET_0/PF_RESET_0/dff_15_rep_RNI5GV3/U0_RGB1_RGB1:Y (f)
               +     0.586          net: PF_RESET_0/PF_RESET_0/dff_15_rep_RNI5GV3/U0_RGB1_RGB1_rgb_net_1
  5.877                        CoreDMA_IO_CTRL_0/CoreDMA_Controller_0/CoreDMA_Controller_0/CAXI4DMAOOlOI/CAXI4DMAOOl1I/CAXI4DMAOI1Ol/CAXI4DMAI00ll[8]:ALn (r)
                                    
  5.877                        data arrival time
  ________________________________________________________
  Data required time calculation
  N/C                          PF_CCC_C2_0/PF_CCC_C2_0/pll_inst_0:OUT1
               +     0.000          Clock source
  N/C                          PF_CCC_C2_0/PF_CCC_C2_0/pll_inst_0:OUT1 (r)
               +     0.188          net: PF_CCC_C2_0/PF_CCC_C2_0/pll_inst_0_clkint_4
  N/C                          PF_CCC_C2_0/PF_CCC_C2_0/clkint_4_1:A (r)
               +     0.124          cell: ADLIB:ICB_CLKINT
  N/C                          PF_CCC_C2_0/PF_CCC_C2_0/clkint_4_1:Y (r)
               +     0.331          net: PF_CCC_C2_0/PF_CCC_C2_0/clkint_4_NET
  N/C                          PF_CCC_C2_0/PF_CCC_C2_0/clkint_4:A (r)
               +     0.157          cell: ADLIB:GB
  N/C                          PF_CCC_C2_0/PF_CCC_C2_0/clkint_4:Y (r)
               +     0.326          net: PF_CCC_C2_0/PF_CCC_C2_0/clkint_4/U0_Y
  N/C                          PF_CCC_C2_0/PF_CCC_C2_0/clkint_4/U0_RGB1_RGB1:A (r)
               +     0.049          cell: ADLIB:RGB
  N/C                          PF_CCC_C2_0/PF_CCC_C2_0/clkint_4/U0_RGB1_RGB1:Y (f)
               +     0.500          net: PF_CCC_C2_0/PF_CCC_C2_0/clkint_4/U0_RGB1_RGB1_rgb_net_1
  N/C                          CoreDMA_IO_CTRL_0/CoreDMA_Controller_0/CoreDMA_Controller_0/CAXI4DMAOOlOI/CAXI4DMAOOl1I/CAXI4DMAOI1Ol/CAXI4DMAI00ll[8]:CLK (r)
               +     0.069          
  N/C                          clock reconvergence pessimism
               -     0.209          Library recovery time: ADLIB:SLE
  N/C                          CoreDMA_IO_CTRL_0/CoreDMA_Controller_0/CoreDMA_Controller_0/CAXI4DMAOOlOI/CAXI4DMAOOl1I/CAXI4DMAOI1Ol/CAXI4DMAI00ll[8]:ALn


Operating Conditions : slow_lv_ht

END SET Register to Asynchronous

----------------------------------------------------

SET External Recovery

Path 1
  From: USER_RESETN
  To:   PF_RESET_0/PF_RESET_0/dff_7:ALn
  Delay (ns):              7.492
  Arrival (ns):            7.492
  Recovery (ns):           0.209
  External Recovery (ns):   6.037
  Operating Conditions: slow_lv_ht

Path 2
  From: USER_RESETN
  To:   PF_RESET_0/PF_RESET_0/dff_6:ALn
  Delay (ns):              7.492
  Arrival (ns):            7.492
  Recovery (ns):           0.209
  External Recovery (ns):   6.037
  Operating Conditions: slow_lv_ht

Path 3
  From: USER_RESETN
  To:   PF_RESET_0/PF_RESET_0/dff_0:ALn
  Delay (ns):              7.492
  Arrival (ns):            7.492
  Recovery (ns):           0.209
  External Recovery (ns):   6.037
  Operating Conditions: slow_lv_ht

Path 4
  From: USER_RESETN
  To:   PF_RESET_0/PF_RESET_0/dff_2:ALn
  Delay (ns):              7.492
  Arrival (ns):            7.492
  Recovery (ns):           0.209
  External Recovery (ns):   6.036
  Operating Conditions: slow_lv_ht

Path 5
  From: USER_RESETN
  To:   PF_RESET_0/PF_RESET_0/dff_1:ALn
  Delay (ns):              7.492
  Arrival (ns):            7.492
  Recovery (ns):           0.209
  External Recovery (ns):   6.036
  Operating Conditions: slow_lv_ht


Expanded Path 1
  From: USER_RESETN
  To: PF_RESET_0/PF_RESET_0/dff_7:ALn
  data required time                                    N/C
  data arrival time                          -        7.492
  slack                                                 N/C
  ________________________________________________________
  Data arrival time calculation
  0.000                        USER_RESETN (r)
               +     0.000          net: USER_RESETN
  0.000                        USER_RESETN_ibuf/U_IOPAD:PAD (r)
               +     1.322          cell: ADLIB:IOPAD_IN
  1.322                        USER_RESETN_ibuf/U_IOPAD:Y (r)
               +     0.000          net: USER_RESETN_ibuf/YIN
  1.322                        USER_RESETN_ibuf/U_IOIN:YIN (r)
               +     0.346          cell: ADLIB:IOIN_IB_E
  1.668                        USER_RESETN_ibuf/U_IOIN:Y (r)
               +     2.719          net: USER_RESETN_c
  4.387                        PF_RESET_0/PF_RESET_0/un1_D:A (r)
               +     0.171          cell: ADLIB:CFG4
  4.558                        PF_RESET_0/PF_RESET_0/un1_D:Y (r)
               +     2.934          net: PF_RESET_0/PF_RESET_0/un1_INTERNAL_RST_i
  7.492                        PF_RESET_0/PF_RESET_0/dff_7:ALn (r)
                                    
  7.492                        data arrival time
  ________________________________________________________
  Data required time calculation
  N/C                          PF_CCC_C2_0/PF_CCC_C2_0/pll_inst_0:OUT1
               +     0.000          Clock source
  N/C                          PF_CCC_C2_0/PF_CCC_C2_0/pll_inst_0:OUT1 (r)
               +     0.188          net: PF_CCC_C2_0/PF_CCC_C2_0/pll_inst_0_clkint_4
  N/C                          PF_CCC_C2_0/PF_CCC_C2_0/clkint_4_1:A (r)
               +     0.124          cell: ADLIB:ICB_CLKINT
  N/C                          PF_CCC_C2_0/PF_CCC_C2_0/clkint_4_1:Y (r)
               +     0.331          net: PF_CCC_C2_0/PF_CCC_C2_0/clkint_4_NET
  N/C                          PF_CCC_C2_0/PF_CCC_C2_0/clkint_4/U0_GB0:A (r)
               +     0.158          cell: ADLIB:GB
  N/C                          PF_CCC_C2_0/PF_CCC_C2_0/clkint_4/U0_GB0:Y (r)
               +     0.333          net: PF_CCC_C2_0/PF_CCC_C2_0/clkint_4/U0_gbs_1
  N/C                          PF_CCC_C2_0/PF_CCC_C2_0/clkint_4/U0_RGB1_RGB2:A (r)
               +     0.049          cell: ADLIB:RGB
  N/C                          PF_CCC_C2_0/PF_CCC_C2_0/clkint_4/U0_RGB1_RGB2:Y (f)
               +     0.481          net: PF_CCC_C2_0/PF_CCC_C2_0/clkint_4/U0_RGB1_RGB2_rgb_net_1
  N/C                          PF_RESET_0/PF_RESET_0/dff_7:CLK (r)
               -     0.209          Library recovery time: ADLIB:SLE
  N/C                          PF_RESET_0/PF_RESET_0/dff_7:ALn


Operating Conditions : slow_lv_ht

END SET External Recovery

----------------------------------------------------

SET Asynchronous to Register

No Path 

END SET Asynchronous to Register

----------------------------------------------------

Clock Domain PF_CCC_C2_0/PF_CCC_C2_0/pll_inst_0:OUT2

SET Register to Register

Path 1
  From: si5344a_config_0/cfg_mem_i/mem24x24x512_0/mem24x24x512_mem24x24x512_0_PF_TPSRAM_R0C0/INST_RAM1K20_IP:A_CLK
  To:   si5344a_config_0/cfg_mem_rdata_ff[8]:EN
  Delay (ns):              5.087
  Arrival (ns):            7.314
  Setup (ns):              0.133
  Minimum Period (ns):     5.450
  Operating Conditions: slow_lv_lt

Path 2
  From: si5344a_config_0/cfg_mem_i/mem24x24x512_0/mem24x24x512_mem24x24x512_0_PF_TPSRAM_R0C0/INST_RAM1K20_IP:A_CLK
  To:   si5344a_config_0/cfg_mem_rdata_ff[3]:EN
  Delay (ns):              5.087
  Arrival (ns):            7.314
  Setup (ns):              0.133
  Minimum Period (ns):     5.450
  Operating Conditions: slow_lv_lt

Path 3
  From: si5344a_config_0/cfg_mem_i/mem24x24x512_0/mem24x24x512_mem24x24x512_0_PF_TPSRAM_R0C0/INST_RAM1K20_IP:A_CLK
  To:   si5344a_config_0/cfg_mem_rdata_ff[2]:EN
  Delay (ns):              5.087
  Arrival (ns):            7.314
  Setup (ns):              0.133
  Minimum Period (ns):     5.450
  Operating Conditions: slow_lv_lt

Path 4
  From: si5344a_config_0/cfg_mem_i/mem24x24x512_0/mem24x24x512_mem24x24x512_0_PF_TPSRAM_R0C0/INST_RAM1K20_IP:A_CLK
  To:   si5344a_config_0/cfg_mem_rdata_ff[19]:EN
  Delay (ns):              5.087
  Arrival (ns):            7.314
  Setup (ns):              0.133
  Minimum Period (ns):     5.450
  Operating Conditions: slow_lv_lt

Path 5
  From: si5344a_config_0/cfg_mem_i/mem24x24x512_0/mem24x24x512_mem24x24x512_0_PF_TPSRAM_R0C0/INST_RAM1K20_IP:A_CLK
  To:   si5344a_config_0/cfg_mem_rdata_ff[18]:EN
  Delay (ns):              5.087
  Arrival (ns):            7.314
  Setup (ns):              0.133
  Minimum Period (ns):     5.450
  Operating Conditions: slow_lv_lt


Expanded Path 1
  From: si5344a_config_0/cfg_mem_i/mem24x24x512_0/mem24x24x512_mem24x24x512_0_PF_TPSRAM_R0C0/INST_RAM1K20_IP:A_CLK
  To: si5344a_config_0/cfg_mem_rdata_ff[8]:EN
  data required time                                    N/C
  data arrival time                          -        7.314
  slack                                                 N/C
  ________________________________________________________
  Data arrival time calculation
  0.000                        PF_CCC_C2_0/PF_CCC_C2_0/pll_inst_0:OUT2
               +     0.000          Clock source
  0.000                        PF_CCC_C2_0/PF_CCC_C2_0/pll_inst_0:OUT2 (r)
               +     0.506          net: PF_CCC_C2_0/PF_CCC_C2_0/pll_inst_0_clkint_8
  0.506                        PF_CCC_C2_0/PF_CCC_C2_0/clkint_8_1:A (r)
               +     0.143          cell: ADLIB:ICB_CLKINT
  0.649                        PF_CCC_C2_0/PF_CCC_C2_0/clkint_8_1:Y (r)
               +     0.320          net: PF_CCC_C2_0/PF_CCC_C2_0/clkint_8_NET
  0.969                        PF_CCC_C2_0/PF_CCC_C2_0/clkint_8:A (r)
               +     0.172          cell: ADLIB:GB
  1.141                        PF_CCC_C2_0/PF_CCC_C2_0/clkint_8:Y (r)
               +     0.336          net: PF_CCC_C2_0/PF_CCC_C2_0/clkint_8/U0_Y
  1.477                        PF_CCC_C2_0/PF_CCC_C2_0/clkint_8/U0_RGB1_RGB0:A (r)
               +     0.059          cell: ADLIB:RGB
  1.536                        PF_CCC_C2_0/PF_CCC_C2_0/clkint_8/U0_RGB1_RGB0:Y (f)
               +     0.691          net: PF_CCC_C2_0/PF_CCC_C2_0/clkint_8/U0_RGB1_RGB0_rgb_net_1
  2.227                        si5344a_config_0/cfg_mem_i/mem24x24x512_0/mem24x24x512_mem24x24x512_0_PF_TPSRAM_R0C0/INST_RAM1K20_IP:A_CLK (r)
               +     2.341          cell: ADLIB:RAM1K20_IP
  4.568                        si5344a_config_0/cfg_mem_i/mem24x24x512_0/mem24x24x512_mem24x24x512_0_PF_TPSRAM_R0C0/INST_RAM1K20_IP:B_DOUT[1] (f)
               +     0.554          net: si5344a_config_0/cfg_mem_rdata[1]
  5.122                        si5344a_config_0/i2c_rdata_buf_i/fifo8x8x16_0/genblk18.fifo_corefifo_sync_scntr/un204_clk_6:C (f)
               +     0.192          cell: ADLIB:CFG4
  5.314                        si5344a_config_0/i2c_rdata_buf_i/fifo8x8x16_0/genblk18.fifo_corefifo_sync_scntr/un204_clk_6:Y (f)
               +     0.260          net: si5344a_config_0/i2c_rdata_buf_i/fifo8x8x16_0/genblk18.fifo_corefifo_sync_scntr/un204_clk_6_Z
  5.574                        si5344a_config_0/i2c_rdata_buf_i/fifo8x8x16_0/genblk18.fifo_corefifo_sync_scntr/un204_clk_15:B (f)
               +     0.181          cell: ADLIB:CFG4
  5.755                        si5344a_config_0/i2c_rdata_buf_i/fifo8x8x16_0/genblk18.fifo_corefifo_sync_scntr/un204_clk_15:Y (f)
               +     0.120          net: si5344a_config_0/i2c_rdata_buf_i/fifo8x8x16_0/genblk18.fifo_corefifo_sync_scntr/un204_clk_15_Z
  5.875                        si5344a_config_0/i2c_rdata_buf_i/fifo8x8x16_0/genblk18.fifo_corefifo_sync_scntr/un204_clk:D (f)
               +     0.123          cell: ADLIB:CFG4
  5.998                        si5344a_config_0/i2c_rdata_buf_i/fifo8x8x16_0/genblk18.fifo_corefifo_sync_scntr/un204_clk:Y (f)
               +     0.163          net: si5344a_config_0/i2c_rdata_buf_i/fifo8x8x16_0/genblk18.fifo_corefifo_sync_scntr/un204_clk_Z
  6.161                        si5344a_config_0/i2c_rdata_buf_i/fifo8x8x16_0/genblk18.fifo_corefifo_sync_scntr/cfg_state_9_sqmuxa_2:B (f)
               +     0.168          cell: ADLIB:CFG4
  6.329                        si5344a_config_0/i2c_rdata_buf_i/fifo8x8x16_0/genblk18.fifo_corefifo_sync_scntr/cfg_state_9_sqmuxa_2:Y (r)
               +     0.167          net: si5344a_config_0/cfg_state_9_sqmuxa_2
  6.496                        si5344a_config_0/i2c_rdata_buf_i/fifo8x8x16_0/genblk18.fifo_corefifo_sync_scntr/cfg_state_9_sqmuxa:C (r)
               +     0.174          cell: ADLIB:CFG3
  6.670                        si5344a_config_0/i2c_rdata_buf_i/fifo8x8x16_0/genblk18.fifo_corefifo_sync_scntr/cfg_state_9_sqmuxa:Y (r)
               +     0.644          net: si5344a_config_0/cfg_state_9_sqmuxa
  7.314                        si5344a_config_0/cfg_mem_rdata_ff[8]:EN (r)
                                    
  7.314                        data arrival time
  ________________________________________________________
  Data required time calculation
  N/C                          PF_CCC_C2_0/PF_CCC_C2_0/pll_inst_0:OUT2
               +     0.000          Clock source
  N/C                          PF_CCC_C2_0/PF_CCC_C2_0/pll_inst_0:OUT2 (r)
               +     0.461          net: PF_CCC_C2_0/PF_CCC_C2_0/pll_inst_0_clkint_8
  N/C                          PF_CCC_C2_0/PF_CCC_C2_0/clkint_8_1:A (r)
               +     0.124          cell: ADLIB:ICB_CLKINT
  N/C                          PF_CCC_C2_0/PF_CCC_C2_0/clkint_8_1:Y (r)
               +     0.290          net: PF_CCC_C2_0/PF_CCC_C2_0/clkint_8_NET
  N/C                          PF_CCC_C2_0/PF_CCC_C2_0/clkint_8:A (r)
               +     0.156          cell: ADLIB:GB
  N/C                          PF_CCC_C2_0/PF_CCC_C2_0/clkint_8:Y (r)
               +     0.304          net: PF_CCC_C2_0/PF_CCC_C2_0/clkint_8/U0_Y
  N/C                          PF_CCC_C2_0/PF_CCC_C2_0/clkint_8/U0_RGB1_RGB0:A (r)
               +     0.048          cell: ADLIB:RGB
  N/C                          PF_CCC_C2_0/PF_CCC_C2_0/clkint_8/U0_RGB1_RGB0:Y (f)
               +     0.454          net: PF_CCC_C2_0/PF_CCC_C2_0/clkint_8/U0_RGB1_RGB0_rgb_net_1
  N/C                          si5344a_config_0/cfg_mem_rdata_ff[8]:CLK (r)
               +     0.160          
  N/C                          clock reconvergence pessimism
               -     0.133          Library setup time: ADLIB:SLE
  N/C                          si5344a_config_0/cfg_mem_rdata_ff[8]:EN


Operating Conditions : slow_lv_lt

END SET Register to Register

----------------------------------------------------

SET External Setup

Path 1
  From: I2C_SDA
  To:   si5344a_config_0/i2c_state[16]:D
  Delay (ns):              3.131
  Arrival (ns):            3.131
  Setup (ns):              0.000
  External Setup (ns):     1.209
  Operating Conditions: slow_lv_ht

Path 2
  From: I2C_SDA
  To:   si5344a_config_0/i2c_state[4]:D
  Delay (ns):              2.936
  Arrival (ns):            2.936
  Setup (ns):              0.000
  External Setup (ns):     1.014
  Operating Conditions: slow_lv_ht

Path 3
  From: I2C_SDA
  To:   si5344a_config_0/i2c_state[23]:D
  Delay (ns):              2.936
  Arrival (ns):            2.936
  Setup (ns):              0.000
  External Setup (ns):     1.006
  Operating Conditions: slow_lv_ht

Path 4
  From: I2C_SDA
  To:   si5344a_config_0/i2c_state[18]:D
  Delay (ns):              2.902
  Arrival (ns):            2.902
  Setup (ns):              0.000
  External Setup (ns):     0.982
  Operating Conditions: slow_lv_ht

Path 5
  From: I2C_SDA
  To:   si5344a_config_0/i2c_state[20]:D
  Delay (ns):              2.900
  Arrival (ns):            2.900
  Setup (ns):              0.000
  External Setup (ns):     0.980
  Operating Conditions: slow_lv_ht


Expanded Path 1
  From: I2C_SDA
  To: si5344a_config_0/i2c_state[16]:D
  data required time                                    N/C
  data arrival time                          -        3.131
  slack                                                 N/C
  ________________________________________________________
  Data arrival time calculation
  0.000                        I2C_SDA (r)
               +     1.322          cell: ADLIB:IOPAD_BI
  1.322                        BIBUF_1/U_IOPAD:Y (r)
               +     0.000          net: BIBUF_1/YIN
  1.322                        BIBUF_1/U_IOBI:YIN (r)
               +     0.346          cell: ADLIB:IOBI_IB_OB_EB
  1.668                        BIBUF_1/U_IOBI:Y (r)
               +     1.193          net: BIBUF_1_Y
  2.861                        si5344a_config_0/i2c_rdata_buf_i/fifo8x8x16_0/genblk18.fifo_corefifo_sync_scntr/i2c_state_srsts[16]:A (r)
               +     0.247          cell: ADLIB:CFG4
  3.108                        si5344a_config_0/i2c_rdata_buf_i/fifo8x8x16_0/genblk18.fifo_corefifo_sync_scntr/i2c_state_srsts[16]:Y (f)
               +     0.023          net: si5344a_config_0/i2c_state_nss[8]
  3.131                        si5344a_config_0/i2c_state[16]:D (f)
                                    
  3.131                        data arrival time
  ________________________________________________________
  Data required time calculation
  N/C                          PF_CCC_C2_0/PF_CCC_C2_0/pll_inst_0:OUT2
               +     0.000          Clock source
  N/C                          PF_CCC_C2_0/PF_CCC_C2_0/pll_inst_0:OUT2 (r)
               +     0.458          net: PF_CCC_C2_0/PF_CCC_C2_0/pll_inst_0_clkint_8
  N/C                          PF_CCC_C2_0/PF_CCC_C2_0/clkint_8_1:A (r)
               +     0.127          cell: ADLIB:ICB_CLKINT
  N/C                          PF_CCC_C2_0/PF_CCC_C2_0/clkint_8_1:Y (r)
               +     0.317          net: PF_CCC_C2_0/PF_CCC_C2_0/clkint_8_NET
  N/C                          PF_CCC_C2_0/PF_CCC_C2_0/clkint_8:A (r)
               +     0.154          cell: ADLIB:GB
  N/C                          PF_CCC_C2_0/PF_CCC_C2_0/clkint_8:Y (r)
               +     0.324          net: PF_CCC_C2_0/PF_CCC_C2_0/clkint_8/U0_Y
  N/C                          PF_CCC_C2_0/PF_CCC_C2_0/clkint_8/U0_RGB1:A (r)
               +     0.049          cell: ADLIB:RGB
  N/C                          PF_CCC_C2_0/PF_CCC_C2_0/clkint_8/U0_RGB1:Y (f)
               +     0.493          net: PF_CCC_C2_0_OUT2_FABCLK_0
  N/C                          si5344a_config_0/i2c_state[16]:CLK (r)
               -     0.000          Library setup time: ADLIB:SLE
  N/C                          si5344a_config_0/i2c_state[16]:D


Operating Conditions : slow_lv_ht

END SET External Setup

----------------------------------------------------

SET Clock to Output

Path 1
  From: si5344a_config_0/i2c_state[21]:CLK
  To:   I2C_SCL
  Delay (ns):              7.112
  Arrival (ns):            9.255
  Clock to Out (ns):       9.255
  Operating Conditions: slow_lv_ht

Path 2
  From: si5344a_config_0/i2c_state[12]:CLK
  To:   I2C_SCL
  Delay (ns):              7.054
  Arrival (ns):            9.197
  Clock to Out (ns):       9.197
  Operating Conditions: slow_lv_ht

Path 3
  From: si5344a_config_0/i2c_state[15]:CLK
  To:   I2C_SDA
  Delay (ns):              6.938
  Arrival (ns):            9.088
  Clock to Out (ns):       9.088
  Operating Conditions: slow_lv_ht

Path 4
  From: si5344a_config_0/i2c_clock_divider[0]:CLK
  To:   I2C_SCL
  Delay (ns):              6.883
  Arrival (ns):            9.033
  Clock to Out (ns):       9.033
  Operating Conditions: slow_lv_ht

Path 5
  From: si5344a_config_0/i2c_clock_divider[2]:CLK
  To:   I2C_SCL
  Delay (ns):              6.858
  Arrival (ns):            9.008
  Clock to Out (ns):       9.008
  Operating Conditions: slow_lv_ht


Expanded Path 1
  From: si5344a_config_0/i2c_state[21]:CLK
  To: I2C_SCL
  data required time                                    N/C
  data arrival time                          -        9.255
  slack                                                 N/C
  ________________________________________________________
  Data arrival time calculation
  0.000                        PF_CCC_C2_0/PF_CCC_C2_0/pll_inst_0:OUT2
               +     0.000          Clock source
  0.000                        PF_CCC_C2_0/PF_CCC_C2_0/pll_inst_0:OUT2 (r)
               +     0.503          net: PF_CCC_C2_0/PF_CCC_C2_0/pll_inst_0_clkint_8
  0.503                        PF_CCC_C2_0/PF_CCC_C2_0/clkint_8_1:A (r)
               +     0.147          cell: ADLIB:ICB_CLKINT
  0.650                        PF_CCC_C2_0/PF_CCC_C2_0/clkint_8_1:Y (r)
               +     0.349          net: PF_CCC_C2_0/PF_CCC_C2_0/clkint_8_NET
  0.999                        PF_CCC_C2_0/PF_CCC_C2_0/clkint_8:A (r)
               +     0.169          cell: ADLIB:GB
  1.168                        PF_CCC_C2_0/PF_CCC_C2_0/clkint_8:Y (r)
               +     0.357          net: PF_CCC_C2_0/PF_CCC_C2_0/clkint_8/U0_Y
  1.525                        PF_CCC_C2_0/PF_CCC_C2_0/clkint_8/U0_RGB1:A (r)
               +     0.058          cell: ADLIB:RGB
  1.583                        PF_CCC_C2_0/PF_CCC_C2_0/clkint_8/U0_RGB1:Y (f)
               +     0.560          net: PF_CCC_C2_0_OUT2_FABCLK_0
  2.143                        si5344a_config_0/i2c_state[21]:CLK (r)
               +     0.201          cell: ADLIB:SLE
  2.344                        si5344a_config_0/i2c_state[21]:Q (r)
               +     0.267          net: si5344a_config_0/i2c_state_Z[21]
  2.611                        si5344a_config_0/i2c_rdata_buf_i/fifo8x8x16_0/genblk18.fifo_corefifo_sync_scntr/un14_si5344a_sdao_i_o2_0:B (r)
               +     0.053          cell: ADLIB:CFG2
  2.664                        si5344a_config_0/i2c_rdata_buf_i/fifo8x8x16_0/genblk18.fifo_corefifo_sync_scntr/un14_si5344a_sdao_i_o2_0:Y (r)
               +     0.382          net: si5344a_config_0.N_600_i
  3.046                        si5344a_config_0/i2c_rdata_buf_i/fifo8x8x16_0/genblk18.fifo_corefifo_sync_scntr/un14_si5344a_sdao_i_o2_0_RNIV6VK:D (r)
               +     0.238          cell: ADLIB:CFG4
  3.284                        si5344a_config_0/i2c_rdata_buf_i/fifo8x8x16_0/genblk18.fifo_corefifo_sync_scntr/un14_si5344a_sdao_i_o2_0_RNIV6VK:Y (r)
               +     0.131          net: si5344a_config_0/i2c_rdata_buf_i/fifo8x8x16_0/genblk18.fifo_corefifo_sync_scntr/N_604_1
  3.415                        si5344a_config_0/i2c_rdata_buf_i/fifo8x8x16_0/genblk18.fifo_corefifo_sync_scntr/un14_si5344a_sdao_i_o2_0_RNI4D6S:B (r)
               +     0.078          cell: ADLIB:CFG3
  3.493                        si5344a_config_0/i2c_rdata_buf_i/fifo8x8x16_0/genblk18.fifo_corefifo_sync_scntr/un14_si5344a_sdao_i_o2_0_RNI4D6S:Y (r)
               +     0.572          net: si5344a_config_0/i2c_rdata_buf_i/fifo8x8x16_0/genblk18.fifo_corefifo_sync_scntr/N_604
  4.065                        si5344a_config_0/i2c_rdata_buf_i/fifo8x8x16_0/genblk18.fifo_corefifo_sync_scntr/memwaddr_r_4_1.un27_si5344a_scl:D (r)
               +     0.090          cell: ADLIB:CFG4
  4.155                        si5344a_config_0/i2c_rdata_buf_i/fifo8x8x16_0/genblk18.fifo_corefifo_sync_scntr/memwaddr_r_4_1.un27_si5344a_scl:Y (r)
               +     0.131          net: si5344a_config_0/i2c_rdata_buf_i/fifo8x8x16_0/genblk18.fifo_corefifo_sync_scntr/un27_si5344a_scl
  4.286                        si5344a_config_0/i2c_rdata_buf_i/fifo8x8x16_0/genblk18.fifo_corefifo_sync_scntr/memwaddr_r_4_1.un45_si5344a_scl_RNILA1T:B (r)
               +     0.142          cell: ADLIB:CFG4
  4.428                        si5344a_config_0/i2c_rdata_buf_i/fifo8x8x16_0/genblk18.fifo_corefifo_sync_scntr/memwaddr_r_4_1.un45_si5344a_scl_RNILA1T:Y (f)
               +     0.217          net: si5344a_config_0.un31_si5344a_scl_i
  4.645                        INV_0:A (f)
               +     0.050          cell: ADLIB:CFG1
  4.695                        INV_0:Y (r)
               +     1.111          net: INV_0_Y
  5.806                        BIBUF_0/U_IOBI:E (r)
               +     0.210          cell: ADLIB:IOBI_IB_OB_EB
  6.016                        BIBUF_0/U_IOBI:EOUT (r)
               +     0.000          net: BIBUF_0/EOUT
  6.016                        BIBUF_0/U_IOPAD:E (r)
               +     3.239          cell: ADLIB:IOPAD_BI
  9.255                        BIBUF_0/U_IOPAD:PAD (r)
                                    
  9.255                        data arrival time
  ________________________________________________________
  Data required time calculation
  N/C                          PF_CCC_C2_0/PF_CCC_C2_0/pll_inst_0:OUT2
               +     0.000          Clock source
  N/C                          PF_CCC_C2_0/PF_CCC_C2_0/pll_inst_0:OUT2 (r)
                                    
  N/C                          I2C_SCL (r)


Operating Conditions : slow_lv_ht

END SET Clock to Output

----------------------------------------------------

SET Register to Asynchronous

No Path 

END SET Register to Asynchronous

----------------------------------------------------

SET External Recovery

No Path 

END SET External Recovery

----------------------------------------------------

SET Asynchronous to Register

No Path 

END SET Asynchronous to Register

----------------------------------------------------

Clock Domain REF_CLK_0

Info: The maximum frequency of this clock domain is limited by the minimum pulse widths of pin REF_CLK_0_ibuf/U_IOPAD:PAD

SET Register to Register

No Path 

END SET Register to Register

----------------------------------------------------

SET External Setup

No Path 

END SET External Setup

----------------------------------------------------

SET Clock to Output

No Path 

END SET Clock to Output

----------------------------------------------------

SET Register to Asynchronous

No Path 

END SET Register to Asynchronous

----------------------------------------------------

SET External Recovery

No Path 

END SET External Recovery

----------------------------------------------------

SET Asynchronous to Register

No Path 

END SET Asynchronous to Register

----------------------------------------------------

Path set Pin to Pin

SET Input to Output

No Path 

END SET Input to Output

----------------------------------------------------

Path set User Sets

