Timing Violation Report Max Delay Analysis

SmartTime Version v12.3
Microsemi Corporation - Microsemi Libero Software Release v12.3 (Version 12.800.0.16)
Date: Tue Jan  7 17:44:08 2020


Design: top
Family: PolarFire
Die: MPF300TS
Package: FCG1152
Temperature Range: -40 - 100 C
Voltage Range: 1.0185 - 1.0815 V
Speed Grade: -1
Design State: Post-Layout
Data source: Production
Multi Corner Report Operating Conditions: slow_lv_ht, slow_lv_lt, fast_hv_lt
Scenario for Timing Analysis: timing_analysis


Path 1
  From: PCIe_EP_0/PCIex4_0/PCIE_1:AXI_CLK
  To:   CoreDMA_IO_CTRL_0/axi_io_ctrl_0/dma0_data_cnt[4]:EN
  Delay (ns):              3.792
  Slack (ns):              0.742
  Arrival (ns):           18.207
  Required (ns):          18.949
  Operating Conditions: slow_lv_ht

Path 2
  From: PCIe_EP_0/PCIex4_0/PCIE_1:AXI_CLK
  To:   CoreDMA_IO_CTRL_0/axi_io_ctrl_0/dma0_data_cnt[16]:EN
  Delay (ns):              3.792
  Slack (ns):              0.742
  Arrival (ns):           18.207
  Required (ns):          18.949
  Operating Conditions: slow_lv_ht

Path 3
  From: PCIe_EP_0/PCIex4_0/PCIE_1:AXI_CLK
  To:   CoreDMA_IO_CTRL_0/axi_io_ctrl_0/dma0_data_cnt[19]:EN
  Delay (ns):              3.792
  Slack (ns):              0.742
  Arrival (ns):           18.207
  Required (ns):          18.949
  Operating Conditions: slow_lv_ht

Path 4
  From: PCIe_EP_0/PCIex4_0/PCIE_1:AXI_CLK
  To:   CoreDMA_IO_CTRL_0/axi_io_ctrl_0/dma0_data_cnt[12]:EN
  Delay (ns):              3.791
  Slack (ns):              0.743
  Arrival (ns):           18.206
  Required (ns):          18.949
  Operating Conditions: slow_lv_ht

Path 5
  From: PCIe_EP_0/PCIex4_0/PCIE_1:AXI_CLK
  To:   CoreDMA_IO_CTRL_0/axi_io_ctrl_0/dma0_data_cnt[21]:EN
  Delay (ns):              3.791
  Slack (ns):              0.744
  Arrival (ns):           18.206
  Required (ns):          18.950
  Operating Conditions: slow_lv_ht

Path 6
  From: PCIe_EP_0/PCIex4_0/PCIE_1:AXI_CLK
  To:   CoreDMA_IO_CTRL_0/axi_io_ctrl_0/dma0_data_cnt[5]:EN
  Delay (ns):              3.784
  Slack (ns):              0.746
  Arrival (ns):           18.199
  Required (ns):          18.945
  Operating Conditions: slow_lv_ht

Path 7
  From: PCIe_EP_0/PCIex4_0/PCIE_1:AXI_CLK
  To:   CoreDMA_IO_CTRL_0/axi_io_ctrl_0/dma0_data_cnt[20]:EN
  Delay (ns):              3.784
  Slack (ns):              0.747
  Arrival (ns):           18.199
  Required (ns):          18.946
  Operating Conditions: slow_lv_ht

Path 8
  From: PCIe_EP_0/PCIex4_0/PCIE_1:AXI_CLK
  To:   CoreDMA_IO_CTRL_0/axi_io_ctrl_0/dma0_data_cnt[22]:EN
  Delay (ns):              3.773
  Slack (ns):              0.761
  Arrival (ns):           18.188
  Required (ns):          18.949
  Operating Conditions: slow_lv_ht

Path 9
  From: PCIe_EP_0/PCIex4_0/PCIE_1:AXI_CLK
  To:   CoreDMA_IO_CTRL_0/axi_io_ctrl_0/dma0_data_cnt[14]:EN
  Delay (ns):              3.772
  Slack (ns):              0.761
  Arrival (ns):           18.187
  Required (ns):          18.948
  Operating Conditions: slow_lv_ht

Path 10
  From: PCIe_EP_0/PCIex4_0/PCIE_1:AXI_CLK
  To:   CoreDMA_IO_CTRL_0/axi_io_ctrl_0/dma0_data_cnt[17]:EN
  Delay (ns):              3.773
  Slack (ns):              0.761
  Arrival (ns):           18.188
  Required (ns):          18.949
  Operating Conditions: slow_lv_ht

Path 11
  From: PCIe_EP_0/PCIex4_0/PCIE_1:AXI_CLK
  To:   CoreDMA_IO_CTRL_0/axi_io_ctrl_0/dma0_data_cnt[18]:EN
  Delay (ns):              3.772
  Slack (ns):              0.762
  Arrival (ns):           18.187
  Required (ns):          18.949
  Operating Conditions: slow_lv_ht

Path 12
  From: PCIe_EP_0/PCIex4_0/PCIE_1:AXI_CLK
  To:   CoreDMA_IO_CTRL_0/axi_io_ctrl_0/dma0_data_cnt[6]:EN
  Delay (ns):              3.772
  Slack (ns):              0.762
  Arrival (ns):           18.187
  Required (ns):          18.949
  Operating Conditions: slow_lv_ht

Path 13
  From: PCIe_EP_0/PCIex4_0/PCIE_1:AXI_CLK
  To:   CoreDMA_IO_CTRL_0/axi_io_ctrl_0/dma0_data_cnt[23]:EN
  Delay (ns):              3.680
  Slack (ns):              0.848
  Arrival (ns):           18.095
  Required (ns):          18.943
  Operating Conditions: slow_lv_ht

Path 14
  From: PCIe_EP_0/PCIex4_0/PCIE_1:AXI_CLK
  To:   CoreDMA_IO_CTRL_0/axi_io_ctrl_0/dma0_data_cnt[9]:EN
  Delay (ns):              3.655
  Slack (ns):              0.883
  Arrival (ns):           18.070
  Required (ns):          18.953
  Operating Conditions: slow_lv_ht

Path 15
  From: PCIe_EP_0/PCIex4_0/PCIE_1:AXI_CLK
  To:   CoreDMA_IO_CTRL_0/axi_io_ctrl_0/dma0_data_cnt[2]:EN
  Delay (ns):              3.655
  Slack (ns):              0.883
  Arrival (ns):           18.070
  Required (ns):          18.953
  Operating Conditions: slow_lv_ht

Path 16
  From: PCIe_EP_0/PCIex4_0/PCIE_1:AXI_CLK
  To:   CoreDMA_IO_CTRL_0/axi_io_ctrl_0/dma0_data_cnt[15]:EN
  Delay (ns):              3.655
  Slack (ns):              0.883
  Arrival (ns):           18.070
  Required (ns):          18.953
  Operating Conditions: slow_lv_ht

Path 17
  From: PCIe_EP_0/PCIex4_0/PCIE_1:AXI_CLK
  To:   CoreDMA_IO_CTRL_0/axi_io_ctrl_0/dma0_data_cnt[8]:EN
  Delay (ns):              3.654
  Slack (ns):              0.884
  Arrival (ns):           18.069
  Required (ns):          18.953
  Operating Conditions: slow_lv_ht

Path 18
  From: PCIe_EP_0/PCIex4_0/PCIE_1:AXI_CLK
  To:   CoreDMA_IO_CTRL_0/axi_io_ctrl_0/dma0_data_cnt[3]:EN
  Delay (ns):              3.654
  Slack (ns):              0.884
  Arrival (ns):           18.069
  Required (ns):          18.953
  Operating Conditions: slow_lv_ht

Path 19
  From: PCIe_EP_0/PCIex4_0/PCIE_1:AXI_CLK
  To:   CoreDMA_IO_CTRL_0/axi_io_ctrl_0/dma0_data_cnt[1]:EN
  Delay (ns):              3.655
  Slack (ns):              0.884
  Arrival (ns):           18.070
  Required (ns):          18.954
  Operating Conditions: slow_lv_ht

Path 20
  From: PCIe_EP_0/PCIex4_0/PCIE_1:AXI_CLK
  To:   CoreDMA_IO_CTRL_0/axi_io_ctrl_0/dma0_data_cnt[10]:EN
  Delay (ns):              3.654
  Slack (ns):              0.884
  Arrival (ns):           18.069
  Required (ns):          18.953
  Operating Conditions: slow_lv_ht

Path 21
  From: PCIe_EP_0/PCIex4_0/PCIE_1:AXI_CLK
  To:   CoreDMA_IO_CTRL_0/axi_io_ctrl_0/dma0_data_cnt[0]:EN
  Delay (ns):              3.655
  Slack (ns):              0.884
  Arrival (ns):           18.070
  Required (ns):          18.954
  Operating Conditions: slow_lv_ht

Path 22
  From: CoreDMA_IO_CTRL_0/CoreDMA_Controller_0/CoreDMA_Controller_0/CAXI4DMAOOlOI/CAXI4DMAOOl1I/CAXI4DMAlI0Ol[1][6]:CLK
  To:   CoreDMA_IO_CTRL_0/CoreDMA_Controller_0/CoreDMA_Controller_0/CAXI4DMAOOlOI/CAXI4DMAOOl1I/CAXI4DMAllIIl/CAXI4DMAO01Il[1]:EN
  Delay (ns):              3.919
  Slack (ns):              0.884
  Arrival (ns):           18.016
  Required (ns):          18.900
  Operating Conditions: slow_lv_ht

Path 23
  From: CoreDMA_IO_CTRL_0/CoreDMA_Controller_0/CoreDMA_Controller_0/CAXI4DMAOOlOI/CAXI4DMAOOl1I/CAXI4DMAlI0Ol[1][6]:CLK
  To:   CoreDMA_IO_CTRL_0/CoreDMA_Controller_0/CoreDMA_Controller_0/CAXI4DMAOOlOI/CAXI4DMAOOl1I/CAXI4DMAllIIl/CAXI4DMAO01Il[0]:EN
  Delay (ns):              3.919
  Slack (ns):              0.884
  Arrival (ns):           18.016
  Required (ns):          18.900
  Operating Conditions: slow_lv_ht

Path 24
  From: PCIe_EP_0/PCIex4_0/PCIE_1:AXI_CLK
  To:   CoreDMA_IO_CTRL_0/axi_io_ctrl_0/dma0_data_cnt[7]:EN
  Delay (ns):              3.655
  Slack (ns):              0.884
  Arrival (ns):           18.070
  Required (ns):          18.954
  Operating Conditions: slow_lv_ht

Path 25
  From: PCIe_EP_0/PCIex4_0/PCIE_1:AXI_CLK
  To:   CoreDMA_IO_CTRL_0/axi_io_ctrl_0/dma0_data_cnt[11]:EN
  Delay (ns):              3.654
  Slack (ns):              0.885
  Arrival (ns):           18.069
  Required (ns):          18.954
  Operating Conditions: slow_lv_ht

Path 26
  From: PCIe_EP_0/PCIex4_0/PCIE_1:AXI_CLK
  To:   CoreDMA_IO_CTRL_0/axi_io_ctrl_0/dma0_data_cnt[13]:EN
  Delay (ns):              3.654
  Slack (ns):              0.885
  Arrival (ns):           18.069
  Required (ns):          18.954
  Operating Conditions: slow_lv_ht

Path 27
  From: CoreDMA_IO_CTRL_0/CoreDMA_Controller_0/CoreDMA_Controller_0/CAXI4DMAOOlOI/CAXI4DMAOOl1I/CAXI4DMAOI1Ol/CAXI4DMAI1l1:CLK
  To:   CoreDMA_IO_CTRL_0/CoreDMA_Controller_0/CoreDMA_Controller_0/CAXI4DMAOOlOI/CAXI4DMAOOl1I/CAXI4DMAllIIl/CAXI4DMAO01Il[0]:EN
  Delay (ns):              3.898
  Slack (ns):              0.935
  Arrival (ns):           17.997
  Required (ns):          18.932
  Operating Conditions: slow_lv_ht

Path 28
  From: CoreDMA_IO_CTRL_0/CoreDMA_Controller_0/CoreDMA_Controller_0/CAXI4DMAOOlOI/CAXI4DMAOOl1I/CAXI4DMAOI1Ol/CAXI4DMAI1l1:CLK
  To:   CoreDMA_IO_CTRL_0/CoreDMA_Controller_0/CoreDMA_Controller_0/CAXI4DMAOOlOI/CAXI4DMAOOl1I/CAXI4DMAllIIl/CAXI4DMAO01Il[1]:EN
  Delay (ns):              3.898
  Slack (ns):              0.935
  Arrival (ns):           17.997
  Required (ns):          18.932
  Operating Conditions: slow_lv_ht

Path 29
  From: CoreDMA_IO_CTRL_0/CoreDMA_Controller_0/CoreDMA_Controller_0/CAXI4DMAI00OI/CAXI4DMAOIOl[0]:CLK
  To:   CoreDMA_IO_CTRL_0/CoreDMA_Controller_0/CoreDMA_Controller_0/CAXI4DMAI00OI/CAXI4DMAIlOl[8]:D
  Delay (ns):              3.964
  Slack (ns):              0.947
  Arrival (ns):           18.070
  Required (ns):          19.017
  Operating Conditions: slow_lv_ht

Path 30
  From: CoreDMA_IO_CTRL_0/CoreDMA_Controller_0/CoreDMA_Controller_0/CAXI4DMAI00OI/CAXI4DMAIlOl[4]:CLK
  To:   CoreDMA_IO_CTRL_0/CoreDMA_Controller_0/CoreDMA_Controller_0/CAXI4DMAI00OI/CAXI4DMAOllI[0]:D
  Delay (ns):              4.003
  Slack (ns):              0.970
  Arrival (ns):           18.093
  Required (ns):          19.063
  Operating Conditions: slow_lv_ht

Path 31
  From: CoreDMA_IO_CTRL_0/CoreDMA_Controller_0/CoreDMA_Controller_0/CAXI4DMAOOlOI/CAXI4DMAOOl1I/CAXI4DMAlI0Ol[1][7]:CLK
  To:   CoreDMA_IO_CTRL_0/CoreDMA_Controller_0/CoreDMA_Controller_0/CAXI4DMAOOlOI/CAXI4DMAOOl1I/CAXI4DMAllIIl/CAXI4DMAO01Il[0]:EN
  Delay (ns):              3.803
  Slack (ns):              0.990
  Arrival (ns):           17.910
  Required (ns):          18.900
  Operating Conditions: slow_lv_ht

Path 32
  From: CoreDMA_IO_CTRL_0/CoreDMA_Controller_0/CoreDMA_Controller_0/CAXI4DMAOOlOI/CAXI4DMAOOl1I/CAXI4DMAlI0Ol[1][7]:CLK
  To:   CoreDMA_IO_CTRL_0/CoreDMA_Controller_0/CoreDMA_Controller_0/CAXI4DMAOOlOI/CAXI4DMAOOl1I/CAXI4DMAllIIl/CAXI4DMAO01Il[1]:EN
  Delay (ns):              3.803
  Slack (ns):              0.990
  Arrival (ns):           17.910
  Required (ns):          18.900
  Operating Conditions: slow_lv_ht

Path 33
  From: CoreDMA_IO_CTRL_0/CoreDMA_Controller_0/CoreDMA_Controller_0/CAXI4DMAI00OI/CAXI4DMAOIOl[0]:CLK
  To:   CoreDMA_IO_CTRL_0/CoreDMA_Controller_0/CoreDMA_Controller_0/CAXI4DMAI00OI/CAXI4DMAIlOl[4]:D
  Delay (ns):              3.909
  Slack (ns):              0.994
  Arrival (ns):           18.015
  Required (ns):          19.009
  Operating Conditions: slow_lv_ht

Path 34
  From: CoreDMA_IO_CTRL_0/CoreDMA_Controller_0/CoreDMA_Controller_0/CAXI4DMAI00OI/CAXI4DMAIlOl[4]:CLK
  To:   CoreDMA_IO_CTRL_0/CoreDMA_Controller_0/CoreDMA_Controller_0/CAXI4DMAI00OI/CAXI4DMAlI0I[0]:D
  Delay (ns):              3.967
  Slack (ns):              1.006
  Arrival (ns):           18.057
  Required (ns):          19.063
  Operating Conditions: slow_lv_ht

Path 35
  From: CoreDMA_IO_CTRL_0/CoreDMA_Controller_0/CoreDMA_Controller_0/CAXI4DMAI00OI/CAXI4DMAIlOl[4]:CLK
  To:   CoreDMA_IO_CTRL_0/CoreDMA_Controller_0/CoreDMA_Controller_0/CAXI4DMAI00OI/CAXI4DMAlI0I[2]:D
  Delay (ns):              3.966
  Slack (ns):              1.007
  Arrival (ns):           18.056
  Required (ns):          19.063
  Operating Conditions: slow_lv_ht

Path 36
  From: CoreDMA_IO_CTRL_0/CoreDMA_Controller_0/CoreDMA_Controller_0/CAXI4DMAI00OI/CAXI4DMAOIOl[0]:CLK
  To:   CoreDMA_IO_CTRL_0/CoreDMA_Controller_0/CoreDMA_Controller_0/CAXI4DMAI00OI/CAXI4DMAIlOl[11]:D
  Delay (ns):              3.868
  Slack (ns):              1.035
  Arrival (ns):           17.974
  Required (ns):          19.009
  Operating Conditions: slow_lv_ht

Path 37
  From: CoreDMA_IO_CTRL_0/CoreDMA_Controller_0/CoreDMA_Controller_0/CAXI4DMAI00OI/CAXI4DMAIlOl[4]:CLK
  To:   CoreDMA_IO_CTRL_0/CoreDMA_Controller_0/CoreDMA_Controller_0/CAXI4DMAI00OI/CAXI4DMAOllI[2]:D
  Delay (ns):              3.943
  Slack (ns):              1.036
  Arrival (ns):           18.033
  Required (ns):          19.069
  Operating Conditions: slow_lv_ht

Path 38
  From: CoreDMA_IO_CTRL_0/CoreDMA_Controller_0/CoreDMA_Controller_0/CAXI4DMAI00OI/CAXI4DMAIlOl[4]:CLK
  To:   CoreDMA_IO_CTRL_0/CoreDMA_Controller_0/CoreDMA_Controller_0/CAXI4DMAI00OI/CAXI4DMAlI0I[6]:D
  Delay (ns):              3.938
  Slack (ns):              1.041
  Arrival (ns):           18.028
  Required (ns):          19.069
  Operating Conditions: slow_lv_ht

Path 39
  From: CoreDMA_IO_CTRL_0/CoreDMA_Controller_0/CoreDMA_Controller_0/CAXI4DMAOOlOI/CAXI4DMAOOl1I/CAXI4DMAlI0Ol[1][9]:CLK
  To:   CoreDMA_IO_CTRL_0/CoreDMA_Controller_0/CoreDMA_Controller_0/CAXI4DMAOOlOI/CAXI4DMAOOl1I/CAXI4DMAllIIl/CAXI4DMAO01Il[1]:EN
  Delay (ns):              3.751
  Slack (ns):              1.052
  Arrival (ns):           17.848
  Required (ns):          18.900
  Operating Conditions: slow_lv_ht

Path 40
  From: CoreDMA_IO_CTRL_0/CoreDMA_Controller_0/CoreDMA_Controller_0/CAXI4DMAOOlOI/CAXI4DMAOOl1I/CAXI4DMAlI0Ol[1][9]:CLK
  To:   CoreDMA_IO_CTRL_0/CoreDMA_Controller_0/CoreDMA_Controller_0/CAXI4DMAOOlOI/CAXI4DMAOOl1I/CAXI4DMAllIIl/CAXI4DMAO01Il[0]:EN
  Delay (ns):              3.751
  Slack (ns):              1.052
  Arrival (ns):           17.848
  Required (ns):          18.900
  Operating Conditions: slow_lv_ht

Path 41
  From: CoreDMA_IO_CTRL_0/CoreDMA_Controller_0/CoreDMA_Controller_0/CAXI4DMAI00OI/CAXI4DMAOIOl[0]:CLK
  To:   CoreDMA_IO_CTRL_0/CoreDMA_Controller_0/CoreDMA_Controller_0/CAXI4DMAI00OI/CAXI4DMAIlOl[10]:D
  Delay (ns):              3.855
  Slack (ns):              1.056
  Arrival (ns):           17.961
  Required (ns):          19.017
  Operating Conditions: slow_lv_ht

Path 42
  From: CoreDMA_IO_CTRL_0/CoreDMA_Controller_0/CoreDMA_Controller_0/CAXI4DMAI00OI/CAXI4DMAIlOl[4]:CLK
  To:   CoreDMA_IO_CTRL_0/CoreDMA_Controller_0/CoreDMA_Controller_0/CAXI4DMAI00OI/CAXI4DMAlI0I[3]:D
  Delay (ns):              3.922
  Slack (ns):              1.057
  Arrival (ns):           18.012
  Required (ns):          19.069
  Operating Conditions: slow_lv_ht

Path 43
  From: CoreDMA_IO_CTRL_0/CoreDMA_Controller_0/CoreDMA_Controller_0/CAXI4DMAI00OI/CAXI4DMAIlOl[4]:CLK
  To:   CoreDMA_IO_CTRL_0/CoreDMA_Controller_0/CoreDMA_Controller_0/CAXI4DMAI00OI/CAXI4DMAOllI[5]:D
  Delay (ns):              3.913
  Slack (ns):              1.060
  Arrival (ns):           18.003
  Required (ns):          19.063
  Operating Conditions: slow_lv_ht

Path 44
  From: CoreDMA_IO_CTRL_0/CoreDMA_Controller_0/CoreDMA_Controller_0/CAXI4DMAI00OI/CAXI4DMAOIOl[0]:CLK
  To:   CoreDMA_IO_CTRL_0/CoreDMA_Controller_0/CoreDMA_Controller_0/CAXI4DMAI00OI/CAXI4DMAIlOl[5]:D
  Delay (ns):              3.839
  Slack (ns):              1.064
  Arrival (ns):           17.945
  Required (ns):          19.009
  Operating Conditions: slow_lv_ht

Path 45
  From: CoreDMA_IO_CTRL_0/CoreDMA_Controller_0/CoreDMA_Controller_0/CAXI4DMAI00OI/CAXI4DMAOIOl[0]:CLK
  To:   CoreDMA_IO_CTRL_0/CoreDMA_Controller_0/CoreDMA_Controller_0/CAXI4DMAI00OI/CAXI4DMAIlOl[7]:D
  Delay (ns):              3.843
  Slack (ns):              1.068
  Arrival (ns):           17.949
  Required (ns):          19.017
  Operating Conditions: slow_lv_ht

Path 46
  From: CoreDMA_IO_CTRL_0/CoreDMA_Controller_0/CoreDMA_Controller_0/CAXI4DMAI00OI/CAXI4DMAOIOl[8]:CLK
  To:   CoreDMA_IO_CTRL_0/CoreDMA_Controller_0/CoreDMA_Controller_0/CAXI4DMAI00OI/CAXI4DMAIlOl[8]:D
  Delay (ns):              3.806
  Slack (ns):              1.069
  Arrival (ns):           17.937
  Required (ns):          19.006
  Operating Conditions: slow_lv_ht

Path 47
  From: CoreDMA_IO_CTRL_0/CoreDMA_Controller_0/CoreDMA_Controller_0/CAXI4DMAI00OI/CAXI4DMAIlOl[3]:CLK
  To:   CoreDMA_IO_CTRL_0/CoreDMA_Controller_0/CoreDMA_Controller_0/CAXI4DMAI00OI/CAXI4DMAOllI[0]:D
  Delay (ns):              3.885
  Slack (ns):              1.087
  Arrival (ns):           17.976
  Required (ns):          19.063
  Operating Conditions: slow_lv_ht

Path 48
  From: CoreDMA_IO_CTRL_0/CoreDMA_Controller_0/CoreDMA_Controller_0/CAXI4DMAOOlOI/CAXI4DMAOOl1I/CAXI4DMAlI0Ol[1][4]:CLK
  To:   CoreDMA_IO_CTRL_0/CoreDMA_Controller_0/CoreDMA_Controller_0/CAXI4DMAOOlOI/CAXI4DMAOOl1I/CAXI4DMAllIIl/CAXI4DMAO01Il[1]:EN
  Delay (ns):              3.704
  Slack (ns):              1.089
  Arrival (ns):           17.811
  Required (ns):          18.900
  Operating Conditions: slow_lv_ht

Path 49
  From: CoreDMA_IO_CTRL_0/CoreDMA_Controller_0/CoreDMA_Controller_0/CAXI4DMAOOlOI/CAXI4DMAOOl1I/CAXI4DMAlI0Ol[1][4]:CLK
  To:   CoreDMA_IO_CTRL_0/CoreDMA_Controller_0/CoreDMA_Controller_0/CAXI4DMAOOlOI/CAXI4DMAOOl1I/CAXI4DMAllIIl/CAXI4DMAO01Il[0]:EN
  Delay (ns):              3.704
  Slack (ns):              1.089
  Arrival (ns):           17.811
  Required (ns):          18.900
  Operating Conditions: slow_lv_ht

Path 50
  From: CoreDMA_IO_CTRL_0/CoreDMA_Controller_0/CoreDMA_Controller_0/CAXI4DMAI00OI/CAXI4DMAIlOl[4]:CLK
  To:   CoreDMA_IO_CTRL_0/CoreDMA_Controller_0/CoreDMA_Controller_0/CAXI4DMAI00OI/CAXI4DMAlI0I[5]:D
  Delay (ns):              3.880
  Slack (ns):              1.093
  Arrival (ns):           17.970
  Required (ns):          19.063
  Operating Conditions: slow_lv_ht

Path 51
  From: CoreDMA_IO_CTRL_0/CoreDMA_Controller_0/CoreDMA_Controller_0/CAXI4DMAI00OI/CAXI4DMAOIOl[0]:CLK
  To:   CoreDMA_IO_CTRL_0/CoreDMA_Controller_0/CoreDMA_Controller_0/CAXI4DMAI00OI/CAXI4DMAIlOl[6]:D
  Delay (ns):              3.817
  Slack (ns):              1.094
  Arrival (ns):           17.923
  Required (ns):          19.017
  Operating Conditions: slow_lv_ht

Path 52
  From: CoreDMA_IO_CTRL_0/CoreDMA_Controller_0/CoreDMA_Controller_0/CAXI4DMAI00OI/CAXI4DMAIlOl[7]:CLK
  To:   CoreDMA_IO_CTRL_0/CoreDMA_Controller_0/CoreDMA_Controller_0/CAXI4DMAI00OI/CAXI4DMAOllI[0]:D
  Delay (ns):              3.868
  Slack (ns):              1.095
  Arrival (ns):           17.968
  Required (ns):          19.063
  Operating Conditions: slow_lv_ht

Path 53
  From: CoreDMA_IO_CTRL_0/CoreDMA_Controller_0/CoreDMA_Controller_0/CAXI4DMAI00OI/CAXI4DMAIlOl[4]:CLK
  To:   CoreDMA_IO_CTRL_0/CoreDMA_Controller_0/CoreDMA_Controller_0/CAXI4DMAI00OI/CAXI4DMAOllI[3]:D
  Delay (ns):              3.881
  Slack (ns):              1.098
  Arrival (ns):           17.971
  Required (ns):          19.069
  Operating Conditions: slow_lv_ht

Path 54
  From: CoreDMA_IO_CTRL_0/CoreDMA_Controller_0/CoreDMA_Controller_0/CAXI4DMAI00OI/CAXI4DMAIlOl[4]:CLK
  To:   CoreDMA_IO_CTRL_0/CoreDMA_Controller_0/CoreDMA_Controller_0/CAXI4DMAI00OI/CAXI4DMAOllI[6]:D
  Delay (ns):              3.879
  Slack (ns):              1.100
  Arrival (ns):           17.969
  Required (ns):          19.069
  Operating Conditions: slow_lv_ht

Path 55
  From: CoreDMA_IO_CTRL_0/CoreDMA_Controller_0/CoreDMA_Controller_0/CAXI4DMAI00OI/CAXI4DMAIlOl[4]:CLK
  To:   CoreDMA_IO_CTRL_0/CoreDMA_Controller_0/CoreDMA_Controller_0/CAXI4DMAI00OI/CAXI4DMAOllI[4]:D
  Delay (ns):              3.873
  Slack (ns):              1.100
  Arrival (ns):           17.963
  Required (ns):          19.063
  Operating Conditions: slow_lv_ht

Path 56
  From: CoreDMA_IO_CTRL_0/CoreDMA_Controller_0/CoreDMA_Controller_0/CAXI4DMAI00OI/CAXI4DMAOIOl[0]:CLK
  To:   CoreDMA_IO_CTRL_0/CoreDMA_Controller_0/CoreDMA_Controller_0/CAXI4DMAI00OI/CAXI4DMAIlOl[9]:D
  Delay (ns):              3.799
  Slack (ns):              1.112
  Arrival (ns):           17.905
  Required (ns):          19.017
  Operating Conditions: slow_lv_ht

Path 57
  From: CoreDMA_IO_CTRL_0/CoreDMA_Controller_0/CoreDMA_Controller_0/CAXI4DMAI00OI/CAXI4DMAOIOl[10]:CLK
  To:   CoreDMA_IO_CTRL_0/CoreDMA_Controller_0/CoreDMA_Controller_0/CAXI4DMAI00OI/CAXI4DMAOllI[0]:D
  Delay (ns):              3.840
  Slack (ns):              1.115
  Arrival (ns):           17.948
  Required (ns):          19.063
  Operating Conditions: slow_lv_ht

Path 58
  From: CoreDMA_IO_CTRL_0/CoreDMA_Controller_0/CoreDMA_Controller_0/CAXI4DMAI00OI/CAXI4DMAOIOl[8]:CLK
  To:   CoreDMA_IO_CTRL_0/CoreDMA_Controller_0/CoreDMA_Controller_0/CAXI4DMAI00OI/CAXI4DMAIlOl[4]:D
  Delay (ns):              3.751
  Slack (ns):              1.116
  Arrival (ns):           17.882
  Required (ns):          18.998
  Operating Conditions: slow_lv_ht

Path 59
  From: CoreDMA_IO_CTRL_0/CoreDMA_Controller_0/CoreDMA_Controller_0/CAXI4DMAI00OI/CAXI4DMAOIOl[0]:CLK
  To:   CoreDMA_IO_CTRL_0/CoreDMA_Controller_0/CoreDMA_Controller_0/CAXI4DMAI00OI/CAXI4DMAIlOl[3]:D
  Delay (ns):              3.784
  Slack (ns):              1.119
  Arrival (ns):           17.890
  Required (ns):          19.009
  Operating Conditions: slow_lv_ht

Path 60
  From: CoreDMA_IO_CTRL_0/CoreDMA_Controller_0/CoreDMA_Controller_0/CAXI4DMAI00OI/CAXI4DMAIlOl[3]:CLK
  To:   CoreDMA_IO_CTRL_0/CoreDMA_Controller_0/CoreDMA_Controller_0/CAXI4DMAI00OI/CAXI4DMAlI0I[0]:D
  Delay (ns):              3.849
  Slack (ns):              1.123
  Arrival (ns):           17.940
  Required (ns):          19.063
  Operating Conditions: slow_lv_ht

Path 61
  From: CoreDMA_IO_CTRL_0/CoreDMA_Controller_0/CoreDMA_Controller_0/CAXI4DMAI00OI/CAXI4DMAIlOl[3]:CLK
  To:   CoreDMA_IO_CTRL_0/CoreDMA_Controller_0/CoreDMA_Controller_0/CAXI4DMAI00OI/CAXI4DMAlI0I[2]:D
  Delay (ns):              3.848
  Slack (ns):              1.124
  Arrival (ns):           17.939
  Required (ns):          19.063
  Operating Conditions: slow_lv_ht

Path 62
  From: CoreDMA_IO_CTRL_0/CoreDMA_Controller_0/CoreDMA_Controller_0/CAXI4DMAOOlOI/CAXI4DMAOOl1I/CAXI4DMAI01Ol/CAXI4DMAOlO1l_Z[5]:CLK
  To:   CoreDMA_IO_CTRL_0/CoreDMA_Controller_0/CoreDMA_Controller_0/CAXI4DMAOOlOI/CAXI4DMAOOl1I/CAXI4DMAllIIl/CAXI4DMAO01Il[0]:EN
  Delay (ns):              3.674
  Slack (ns):              1.125
  Arrival (ns):           17.775
  Required (ns):          18.900
  Operating Conditions: slow_lv_ht

Path 63
  From: CoreDMA_IO_CTRL_0/CoreDMA_Controller_0/CoreDMA_Controller_0/CAXI4DMAOOlOI/CAXI4DMAOOl1I/CAXI4DMAI01Ol/CAXI4DMAOlO1l_Z[5]:CLK
  To:   CoreDMA_IO_CTRL_0/CoreDMA_Controller_0/CoreDMA_Controller_0/CAXI4DMAOOlOI/CAXI4DMAOOl1I/CAXI4DMAllIIl/CAXI4DMAO01Il[1]:EN
  Delay (ns):              3.674
  Slack (ns):              1.125
  Arrival (ns):           17.775
  Required (ns):          18.900
  Operating Conditions: slow_lv_ht

Path 64
  From: CoreDMA_IO_CTRL_0/CoreDMA_Controller_0/CoreDMA_Controller_0/CAXI4DMAI00OI/CAXI4DMAIlOl[7]:CLK
  To:   CoreDMA_IO_CTRL_0/CoreDMA_Controller_0/CoreDMA_Controller_0/CAXI4DMAI00OI/CAXI4DMAlI0I[0]:D
  Delay (ns):              3.832
  Slack (ns):              1.131
  Arrival (ns):           17.932
  Required (ns):          19.063
  Operating Conditions: slow_lv_ht

Path 65
  From: CoreDMA_IO_CTRL_0/CoreDMA_Controller_0/CoreDMA_Controller_0/CAXI4DMAI00OI/CAXI4DMAIlOl[5]:CLK
  To:   CoreDMA_IO_CTRL_0/CoreDMA_Controller_0/CoreDMA_Controller_0/CAXI4DMAI00OI/CAXI4DMAIlOl[8]:D
  Delay (ns):              3.840
  Slack (ns):              1.131
  Arrival (ns):           17.931
  Required (ns):          19.062
  Operating Conditions: slow_lv_ht

Path 66
  From: CoreDMA_IO_CTRL_0/CoreDMA_Controller_0/CoreDMA_Controller_0/CAXI4DMAI00OI/CAXI4DMAIlOl[7]:CLK
  To:   CoreDMA_IO_CTRL_0/CoreDMA_Controller_0/CoreDMA_Controller_0/CAXI4DMAI00OI/CAXI4DMAlI0I[2]:D
  Delay (ns):              3.831
  Slack (ns):              1.132
  Arrival (ns):           17.931
  Required (ns):          19.063
  Operating Conditions: slow_lv_ht

Path 67
  From: CoreDMA_IO_CTRL_0/CoreDMA_Controller_0/CoreDMA_Controller_0/CAXI4DMAI00OI/CAXI4DMAIlOl[4]:CLK
  To:   CoreDMA_IO_CTRL_0/CoreDMA_Controller_0/CoreDMA_Controller_0/CAXI4DMAI00OI/CAXI4DMAlI0I[4]:D
  Delay (ns):              3.838
  Slack (ns):              1.134
  Arrival (ns):           17.928
  Required (ns):          19.062
  Operating Conditions: slow_lv_ht

Path 68
  From: CoreDMA_IO_CTRL_0/CoreDMA_Controller_0/CoreDMA_Controller_0/CAXI4DMAOOlOI/CAXI4DMAOOl1I/CAXI4DMAlI0Ol[1][3]:CLK
  To:   CoreDMA_IO_CTRL_0/CoreDMA_Controller_0/CoreDMA_Controller_0/CAXI4DMAOOlOI/CAXI4DMAOOl1I/CAXI4DMAllIIl/CAXI4DMAO01Il[1]:EN
  Delay (ns):              3.660
  Slack (ns):              1.139
  Arrival (ns):           17.761
  Required (ns):          18.900
  Operating Conditions: slow_lv_ht

Path 69
  From: CoreDMA_IO_CTRL_0/CoreDMA_Controller_0/CoreDMA_Controller_0/CAXI4DMAOOlOI/CAXI4DMAOOl1I/CAXI4DMAlI0Ol[1][3]:CLK
  To:   CoreDMA_IO_CTRL_0/CoreDMA_Controller_0/CoreDMA_Controller_0/CAXI4DMAOOlOI/CAXI4DMAOOl1I/CAXI4DMAllIIl/CAXI4DMAO01Il[0]:EN
  Delay (ns):              3.660
  Slack (ns):              1.139
  Arrival (ns):           17.761
  Required (ns):          18.900
  Operating Conditions: slow_lv_ht

Path 70
  From: CoreDMA_IO_CTRL_0/CoreDMA_Controller_0/CoreDMA_Controller_0/CAXI4DMAI00OI/CAXI4DMAOIOl[10]:CLK
  To:   CoreDMA_IO_CTRL_0/CoreDMA_Controller_0/CoreDMA_Controller_0/CAXI4DMAI00OI/CAXI4DMAlI0I[0]:D
  Delay (ns):              3.804
  Slack (ns):              1.151
  Arrival (ns):           17.912
  Required (ns):          19.063
  Operating Conditions: slow_lv_ht

Path 71
  From: CoreDMA_IO_CTRL_0/CoreDMA_Controller_0/CoreDMA_Controller_0/CAXI4DMAI00OI/CAXI4DMAOIOl[10]:CLK
  To:   CoreDMA_IO_CTRL_0/CoreDMA_Controller_0/CoreDMA_Controller_0/CAXI4DMAI00OI/CAXI4DMAlI0I[2]:D
  Delay (ns):              3.803
  Slack (ns):              1.152
  Arrival (ns):           17.911
  Required (ns):          19.063
  Operating Conditions: slow_lv_ht

Path 72
  From: CoreDMA_IO_CTRL_0/CoreDMA_Controller_0/CoreDMA_Controller_0/CAXI4DMAI00OI/CAXI4DMAIlOl[3]:CLK
  To:   CoreDMA_IO_CTRL_0/CoreDMA_Controller_0/CoreDMA_Controller_0/CAXI4DMAI00OI/CAXI4DMAOllI[2]:D
  Delay (ns):              3.825
  Slack (ns):              1.153
  Arrival (ns):           17.916
  Required (ns):          19.069
  Operating Conditions: slow_lv_ht

Path 73
  From: CoreDMA_IO_CTRL_0/CoreDMA_Controller_0/CoreDMA_Controller_0/CAXI4DMAI00OI/CAXI4DMAOIOl[8]:CLK
  To:   CoreDMA_IO_CTRL_0/CoreDMA_Controller_0/CoreDMA_Controller_0/CAXI4DMAI00OI/CAXI4DMAIlOl[11]:D
  Delay (ns):              3.710
  Slack (ns):              1.157
  Arrival (ns):           17.841
  Required (ns):          18.998
  Operating Conditions: slow_lv_ht

Path 74
  From: CoreDMA_IO_CTRL_0/CoreDMA_Controller_0/CoreDMA_Controller_0/CAXI4DMAOOlOI/CAXI4DMAOOl1I/CAXI4DMAlI0Ol[1][8]:CLK
  To:   CoreDMA_IO_CTRL_0/CoreDMA_Controller_0/CoreDMA_Controller_0/CAXI4DMAOOlOI/CAXI4DMAOOl1I/CAXI4DMAllIIl/CAXI4DMAO01Il[1]:EN
  Delay (ns):              3.676
  Slack (ns):              1.158
  Arrival (ns):           17.774
  Required (ns):          18.932
  Operating Conditions: slow_lv_ht

Path 75
  From: CoreDMA_IO_CTRL_0/CoreDMA_Controller_0/CoreDMA_Controller_0/CAXI4DMAI00OI/CAXI4DMAIlOl[3]:CLK
  To:   CoreDMA_IO_CTRL_0/CoreDMA_Controller_0/CoreDMA_Controller_0/CAXI4DMAI00OI/CAXI4DMAlI0I[6]:D
  Delay (ns):              3.820
  Slack (ns):              1.158
  Arrival (ns):           17.911
  Required (ns):          19.069
  Operating Conditions: slow_lv_ht

Path 76
  From: CoreDMA_IO_CTRL_0/CoreDMA_Controller_0/CoreDMA_Controller_0/CAXI4DMAOOlOI/CAXI4DMAOOl1I/CAXI4DMAlI0Ol[1][8]:CLK
  To:   CoreDMA_IO_CTRL_0/CoreDMA_Controller_0/CoreDMA_Controller_0/CAXI4DMAOOlOI/CAXI4DMAOOl1I/CAXI4DMAllIIl/CAXI4DMAO01Il[0]:EN
  Delay (ns):              3.676
  Slack (ns):              1.158
  Arrival (ns):           17.774
  Required (ns):          18.932
  Operating Conditions: slow_lv_ht

Path 77
  From: CoreDMA_IO_CTRL_0/CoreDMA_Controller_0/CoreDMA_Controller_0/CAXI4DMAI00OI/CAXI4DMAIlOl[7]:CLK
  To:   CoreDMA_IO_CTRL_0/CoreDMA_Controller_0/CoreDMA_Controller_0/CAXI4DMAI00OI/CAXI4DMAOllI[2]:D
  Delay (ns):              3.808
  Slack (ns):              1.161
  Arrival (ns):           17.908
  Required (ns):          19.069
  Operating Conditions: slow_lv_ht

Path 78
  From: CoreDMA_IO_CTRL_0/CoreDMA_Controller_0/CoreDMA_Controller_0/CAXI4DMAI00OI/CAXI4DMAIlOl[7]:CLK
  To:   CoreDMA_IO_CTRL_0/CoreDMA_Controller_0/CoreDMA_Controller_0/CAXI4DMAI00OI/CAXI4DMAlI0I[6]:D
  Delay (ns):              3.803
  Slack (ns):              1.166
  Arrival (ns):           17.903
  Required (ns):          19.069
  Operating Conditions: slow_lv_ht

Path 79
  From: CoreDMA_IO_CTRL_0/CoreDMA_Controller_0/CoreDMA_Controller_0/CAXI4DMAI00OI/CAXI4DMAIlOl[3]:CLK
  To:   CoreDMA_IO_CTRL_0/CoreDMA_Controller_0/CoreDMA_Controller_0/CAXI4DMAI00OI/CAXI4DMAlI0I[3]:D
  Delay (ns):              3.804
  Slack (ns):              1.174
  Arrival (ns):           17.895
  Required (ns):          19.069
  Operating Conditions: slow_lv_ht

Path 80
  From: CoreDMA_IO_CTRL_0/CoreDMA_Controller_0/CoreDMA_Controller_0/CAXI4DMAI00OI/CAXI4DMAIlOl[0]:CLK
  To:   CoreDMA_IO_CTRL_0/CoreDMA_Controller_0/CoreDMA_Controller_0/CAXI4DMAI00OI/CAXI4DMAOllI[0]:D
  Delay (ns):              3.779
  Slack (ns):              1.176
  Arrival (ns):           17.887
  Required (ns):          19.063
  Operating Conditions: slow_lv_ht

Path 81
  From: CoreDMA_IO_CTRL_0/CoreDMA_Controller_0/CoreDMA_Controller_0/CAXI4DMAI00OI/CAXI4DMAIlOl[3]:CLK
  To:   CoreDMA_IO_CTRL_0/CoreDMA_Controller_0/CoreDMA_Controller_0/CAXI4DMAI00OI/CAXI4DMAOllI[5]:D
  Delay (ns):              3.795
  Slack (ns):              1.177
  Arrival (ns):           17.886
  Required (ns):          19.063
  Operating Conditions: slow_lv_ht

Path 82
  From: CoreDMA_IO_CTRL_0/CoreDMA_Controller_0/CoreDMA_Controller_0/CAXI4DMAI00OI/CAXI4DMAIlOl[4]:CLK
  To:   CoreDMA_IO_CTRL_0/CoreDMA_Controller_0/CoreDMA_Controller_0/CAXI4DMAI00OI/CAXI4DMAIlOl[8]:D
  Delay (ns):              3.795
  Slack (ns):              1.177
  Arrival (ns):           17.885
  Required (ns):          19.062
  Operating Conditions: slow_lv_ht

Path 83
  From: CoreDMA_IO_CTRL_0/CoreDMA_Controller_0/CoreDMA_Controller_0/CAXI4DMAI00OI/CAXI4DMAOIOl[8]:CLK
  To:   CoreDMA_IO_CTRL_0/CoreDMA_Controller_0/CoreDMA_Controller_0/CAXI4DMAI00OI/CAXI4DMAIlOl[10]:D
  Delay (ns):              3.697
  Slack (ns):              1.178
  Arrival (ns):           17.828
  Required (ns):          19.006
  Operating Conditions: slow_lv_ht

Path 84
  From: CoreDMA_IO_CTRL_0/CoreDMA_Controller_0/CoreDMA_Controller_0/CAXI4DMAI00OI/CAXI4DMAOIOl[10]:CLK
  To:   CoreDMA_IO_CTRL_0/CoreDMA_Controller_0/CoreDMA_Controller_0/CAXI4DMAI00OI/CAXI4DMAOllI[2]:D
  Delay (ns):              3.780
  Slack (ns):              1.181
  Arrival (ns):           17.888
  Required (ns):          19.069
  Operating Conditions: slow_lv_ht

Path 85
  From: CoreDMA_IO_CTRL_0/CoreDMA_Controller_0/CoreDMA_Controller_0/CAXI4DMAI00OI/CAXI4DMAIlOl[7]:CLK
  To:   CoreDMA_IO_CTRL_0/CoreDMA_Controller_0/CoreDMA_Controller_0/CAXI4DMAI00OI/CAXI4DMAlI0I[3]:D
  Delay (ns):              3.787
  Slack (ns):              1.182
  Arrival (ns):           17.887
  Required (ns):          19.069
  Operating Conditions: slow_lv_ht

Path 86
  From: CoreDMA_IO_CTRL_0/CoreDMA_Controller_0/CoreDMA_Controller_0/CAXI4DMAOOlOI/CAXI4DMAOOl1I/CAXI4DMAlI0Ol[0][3]:CLK
  To:   CoreDMA_IO_CTRL_0/CoreDMA_Controller_0/CoreDMA_Controller_0/CAXI4DMAOOlOI/CAXI4DMAOOl1I/CAXI4DMAllIIl/CAXI4DMAO01Il[1]:EN
  Delay (ns):              3.618
  Slack (ns):              1.185
  Arrival (ns):           17.715
  Required (ns):          18.900
  Operating Conditions: slow_lv_ht

Path 87
  From: CoreDMA_IO_CTRL_0/CoreDMA_Controller_0/CoreDMA_Controller_0/CAXI4DMAOOlOI/CAXI4DMAOOl1I/CAXI4DMAlI0Ol[0][3]:CLK
  To:   CoreDMA_IO_CTRL_0/CoreDMA_Controller_0/CoreDMA_Controller_0/CAXI4DMAOOlOI/CAXI4DMAOOl1I/CAXI4DMAllIIl/CAXI4DMAO01Il[0]:EN
  Delay (ns):              3.618
  Slack (ns):              1.185
  Arrival (ns):           17.715
  Required (ns):          18.900
  Operating Conditions: slow_lv_ht

Path 88
  From: CoreDMA_IO_CTRL_0/CoreDMA_Controller_0/CoreDMA_Controller_0/CAXI4DMAI00OI/CAXI4DMAIlOl[7]:CLK
  To:   CoreDMA_IO_CTRL_0/CoreDMA_Controller_0/CoreDMA_Controller_0/CAXI4DMAI00OI/CAXI4DMAOllI[5]:D
  Delay (ns):              3.778
  Slack (ns):              1.185
  Arrival (ns):           17.878
  Required (ns):          19.063
  Operating Conditions: slow_lv_ht

Path 89
  From: CoreDMA_IO_CTRL_0/CoreDMA_Controller_0/CoreDMA_Controller_0/CAXI4DMAI00OI/CAXI4DMAOIOl[8]:CLK
  To:   CoreDMA_IO_CTRL_0/CoreDMA_Controller_0/CoreDMA_Controller_0/CAXI4DMAI00OI/CAXI4DMAIlOl[5]:D
  Delay (ns):              3.681
  Slack (ns):              1.186
  Arrival (ns):           17.812
  Required (ns):          18.998
  Operating Conditions: slow_lv_ht

Path 90
  From: CoreDMA_IO_CTRL_0/CoreDMA_Controller_0/CoreDMA_Controller_0/CAXI4DMAI00OI/CAXI4DMAOIOl[10]:CLK
  To:   CoreDMA_IO_CTRL_0/CoreDMA_Controller_0/CoreDMA_Controller_0/CAXI4DMAI00OI/CAXI4DMAlI0I[6]:D
  Delay (ns):              3.775
  Slack (ns):              1.186
  Arrival (ns):           17.883
  Required (ns):          19.069
  Operating Conditions: slow_lv_ht

Path 91
  From: CoreDMA_IO_CTRL_0/CoreDMA_Controller_0/CoreDMA_Controller_0/CAXI4DMAI00OI/CAXI4DMAOIOl[8]:CLK
  To:   CoreDMA_IO_CTRL_0/CoreDMA_Controller_0/CoreDMA_Controller_0/CAXI4DMAI00OI/CAXI4DMAIlOl[7]:D
  Delay (ns):              3.685
  Slack (ns):              1.190
  Arrival (ns):           17.816
  Required (ns):          19.006
  Operating Conditions: slow_lv_ht

Path 92
  From: CoreDMA_IO_CTRL_0/CoreDMA_Controller_0/CoreDMA_Controller_0/CAXI4DMAI00OI/CAXI4DMAOIOl[12]:CLK
  To:   CoreDMA_IO_CTRL_0/CoreDMA_Controller_0/CoreDMA_Controller_0/CAXI4DMAI00OI/CAXI4DMAOllI[0]:D
  Delay (ns):              3.700
  Slack (ns):              1.190
  Arrival (ns):           17.830
  Required (ns):          19.020
  Operating Conditions: slow_lv_ht

Path 93
  From: CoreDMA_IO_CTRL_0/CoreDMA_Controller_0/CoreDMA_Controller_0/CAXI4DMAl00OI/CAXI4DMAIO10_Z[3]:CLK
  To:   CoreDMA_IO_CTRL_0/CoreDMA_Controller_0/CoreDMA_Controller_0/CAXI4DMAI00OI/CAXI4DMAOOlI[26]:EN
  Delay (ns):              3.594
  Slack (ns):              1.195
  Arrival (ns):           17.705
  Required (ns):          18.900
  Operating Conditions: slow_lv_ht

Path 94
  From: CoreDMA_IO_CTRL_0/CoreDMA_Controller_0/CoreDMA_Controller_0/CAXI4DMAl00OI/CAXI4DMAIO10_Z[3]:CLK
  To:   CoreDMA_IO_CTRL_0/CoreDMA_Controller_0/CoreDMA_Controller_0/CAXI4DMAI00OI/CAXI4DMAOOlI[15]:EN
  Delay (ns):              3.594
  Slack (ns):              1.195
  Arrival (ns):           17.705
  Required (ns):          18.900
  Operating Conditions: slow_lv_ht

Path 95
  From: CoreDMA_IO_CTRL_0/CoreDMA_Controller_0/CoreDMA_Controller_0/CAXI4DMAl00OI/CAXI4DMAIO10_Z[3]:CLK
  To:   CoreDMA_IO_CTRL_0/CoreDMA_Controller_0/CoreDMA_Controller_0/CAXI4DMAI00OI/CAXI4DMAOOlI[12]:EN
  Delay (ns):              3.594
  Slack (ns):              1.195
  Arrival (ns):           17.705
  Required (ns):          18.900
  Operating Conditions: slow_lv_ht

Path 96
  From: CoreDMA_IO_CTRL_0/CoreDMA_Controller_0/CoreDMA_Controller_0/CAXI4DMAI00OI/CAXI4DMAIlOl[2]:CLK
  To:   CoreDMA_IO_CTRL_0/CoreDMA_Controller_0/CoreDMA_Controller_0/CAXI4DMAI00OI/CAXI4DMAOllI[0]:D
  Delay (ns):              3.761
  Slack (ns):              1.196
  Arrival (ns):           17.867
  Required (ns):          19.063
  Operating Conditions: slow_lv_ht

Path 97
  From: CoreDMA_IO_CTRL_0/CoreDMA_Controller_0/CoreDMA_Controller_0/CAXI4DMAl00OI/CAXI4DMAIO10_Z[3]:CLK
  To:   CoreDMA_IO_CTRL_0/CoreDMA_Controller_0/CoreDMA_Controller_0/CAXI4DMAI00OI/CAXI4DMAOOlI[31]:EN
  Delay (ns):              3.593
  Slack (ns):              1.196
  Arrival (ns):           17.704
  Required (ns):          18.900
  Operating Conditions: slow_lv_ht

Path 98
  From: CoreDMA_IO_CTRL_0/CoreDMA_Controller_0/CoreDMA_Controller_0/CAXI4DMAI00OI/CAXI4DMAOIOl[10]:CLK
  To:   CoreDMA_IO_CTRL_0/CoreDMA_Controller_0/CoreDMA_Controller_0/CAXI4DMAI00OI/CAXI4DMAlI0I[3]:D
  Delay (ns):              3.759
  Slack (ns):              1.202
  Arrival (ns):           17.867
  Required (ns):          19.069
  Operating Conditions: slow_lv_ht

Path 99
  From: CoreDMA_IO_CTRL_0/CoreDMA_Controller_0/CoreDMA_Controller_0/CAXI4DMAI00OI/CAXI4DMAIlOl[3]:CLK
  To:   CoreDMA_IO_CTRL_0/CoreDMA_Controller_0/CoreDMA_Controller_0/CAXI4DMAI00OI/CAXI4DMAIlOl[8]:D
  Delay (ns):              3.768
  Slack (ns):              1.203
  Arrival (ns):           17.859
  Required (ns):          19.062
  Operating Conditions: slow_lv_ht

Path 100
  From: CoreDMA_IO_CTRL_0/CoreDMA_Controller_0/CoreDMA_Controller_0/CAXI4DMAI00OI/CAXI4DMAIlOl[0]:CLK
  To:   CoreDMA_IO_CTRL_0/CoreDMA_Controller_0/CoreDMA_Controller_0/CAXI4DMAI00OI/CAXI4DMAIlOl[8]:D
  Delay (ns):              3.750
  Slack (ns):              1.204
  Arrival (ns):           17.858
  Required (ns):          19.062
  Operating Conditions: slow_lv_ht

