Timing Violation Report Min Delay Analysis

SmartTime Version v2021.2
Microsemi Corporation - Microsemi Libero Software Release v2021.2 (Version 2021.2.0.11)
Date: Tue Oct  5 11:32:23 2021


Design: top
Family: PolarFire
Die: MPF100T
Package: FCVG484
Temperature Range: -40 - 100 C
Voltage Range: 0.97 - 1.03 V
Speed Grade: -1
Design State: Post-Layout
Data source: Production
Multi Corner Report Operating Conditions: slow_lv_ht, slow_lv_lt, fast_hv_lt


*** IMPORTANT RECOMMENDATION *** If you haven't done so, it is highly recommended to add clock jitter information for each clock domain into Libero SoC through clock uncertainty SDC timing constraints. Please refer to the Libero SoC v2021.2 release notes for more details.

Path 1
  From: CORERESET_PF_C0_0/CORERESET_PF_C0_0/dff_15:CLK
  To:   system_top_0/counter_2[19]:SLn
  Delay (ns):              1.933
  Slack (ns):             -0.794
  Arrival (ns):            6.192
  Required (ns):           6.986
  Operating Conditions: fast_hv_lt

Path 2
  From: CORERESET_PF_C0_0/CORERESET_PF_C0_0/dff_15:CLK
  To:   system_top_0/counter_2[13]:SLn
  Delay (ns):              1.934
  Slack (ns):             -0.794
  Arrival (ns):            6.193
  Required (ns):           6.987
  Operating Conditions: fast_hv_lt

Path 3
  From: CORERESET_PF_C0_0/CORERESET_PF_C0_0/dff_15:CLK
  To:   system_top_0/counter_2[12]:SLn
  Delay (ns):              1.934
  Slack (ns):             -0.794
  Arrival (ns):            6.193
  Required (ns):           6.987
  Operating Conditions: fast_hv_lt

Path 4
  From: CORERESET_PF_C0_0/CORERESET_PF_C0_0/dff_15:CLK
  To:   system_top_0/counter_2[3]:SLn
  Delay (ns):              1.934
  Slack (ns):             -0.793
  Arrival (ns):            6.193
  Required (ns):           6.986
  Operating Conditions: fast_hv_lt

Path 5
  From: CORERESET_PF_C0_0/CORERESET_PF_C0_0/dff_15:CLK
  To:   system_top_0/counter_2[17]:SLn
  Delay (ns):              1.934
  Slack (ns):             -0.793
  Arrival (ns):            6.193
  Required (ns):           6.986
  Operating Conditions: fast_hv_lt

Path 6
  From: CORERESET_PF_C0_0/CORERESET_PF_C0_0/dff_15:CLK
  To:   system_top_0/counter_2[11]:SLn
  Delay (ns):              1.935
  Slack (ns):             -0.793
  Arrival (ns):            6.194
  Required (ns):           6.987
  Operating Conditions: fast_hv_lt

Path 7
  From: CORERESET_PF_C0_0/CORERESET_PF_C0_0/dff_15:CLK
  To:   system_top_0/counter_2[5]:SLn
  Delay (ns):              1.935
  Slack (ns):             -0.792
  Arrival (ns):            6.194
  Required (ns):           6.986
  Operating Conditions: fast_hv_lt

Path 8
  From: CORERESET_PF_C0_0/CORERESET_PF_C0_0/dff_15:CLK
  To:   system_top_0/counter_2[4]:SLn
  Delay (ns):              1.935
  Slack (ns):             -0.792
  Arrival (ns):            6.194
  Required (ns):           6.986
  Operating Conditions: fast_hv_lt

Path 9
  From: CORERESET_PF_C0_0/CORERESET_PF_C0_0/dff_15:CLK
  To:   system_top_0/counter_2[18]:SLn
  Delay (ns):              1.935
  Slack (ns):             -0.792
  Arrival (ns):            6.194
  Required (ns):           6.986
  Operating Conditions: fast_hv_lt

Path 10
  From: CORERESET_PF_C0_0/CORERESET_PF_C0_0/dff_15:CLK
  To:   system_top_0/counter[9]:SLn
  Delay (ns):              1.973
  Slack (ns):             -0.755
  Arrival (ns):            6.232
  Required (ns):           6.987
  Operating Conditions: fast_hv_lt

Path 11
  From: CORERESET_PF_C0_0/CORERESET_PF_C0_0/dff_15:CLK
  To:   system_top_0/counter[11]:SLn
  Delay (ns):              1.973
  Slack (ns):             -0.755
  Arrival (ns):            6.232
  Required (ns):           6.987
  Operating Conditions: fast_hv_lt

Path 12
  From: CORERESET_PF_C0_0/CORERESET_PF_C0_0/dff_15:CLK
  To:   system_top_0/counter[8]:SLn
  Delay (ns):              1.974
  Slack (ns):             -0.754
  Arrival (ns):            6.233
  Required (ns):           6.987
  Operating Conditions: fast_hv_lt

Path 13
  From: CORERESET_PF_C0_0/CORERESET_PF_C0_0/dff_15:CLK
  To:   system_top_0/counter[7]:SLn
  Delay (ns):              1.973
  Slack (ns):             -0.754
  Arrival (ns):            6.232
  Required (ns):           6.986
  Operating Conditions: fast_hv_lt

Path 14
  From: CORERESET_PF_C0_0/CORERESET_PF_C0_0/dff_15:CLK
  To:   system_top_0/counter[5]:SLn
  Delay (ns):              1.974
  Slack (ns):             -0.754
  Arrival (ns):            6.233
  Required (ns):           6.987
  Operating Conditions: fast_hv_lt

Path 15
  From: CORERESET_PF_C0_0/CORERESET_PF_C0_0/dff_15:CLK
  To:   system_top_0/counter[3]:SLn
  Delay (ns):              1.974
  Slack (ns):             -0.754
  Arrival (ns):            6.233
  Required (ns):           6.987
  Operating Conditions: fast_hv_lt

Path 16
  From: CORERESET_PF_C0_0/CORERESET_PF_C0_0/dff_15:CLK
  To:   system_top_0/counter[1]:SLn
  Delay (ns):              1.974
  Slack (ns):             -0.754
  Arrival (ns):            6.233
  Required (ns):           6.987
  Operating Conditions: fast_hv_lt

Path 17
  From: CORERESET_PF_C0_0/CORERESET_PF_C0_0/dff_15:CLK
  To:   system_top_0/counter[4]:SLn
  Delay (ns):              1.975
  Slack (ns):             -0.753
  Arrival (ns):            6.234
  Required (ns):           6.987
  Operating Conditions: fast_hv_lt

Path 18
  From: CORERESET_PF_C0_0/CORERESET_PF_C0_0/dff_15:CLK
  To:   system_top_0/counter[10]:SLn
  Delay (ns):              1.975
  Slack (ns):             -0.753
  Arrival (ns):            6.234
  Required (ns):           6.987
  Operating Conditions: fast_hv_lt

Path 19
  From: CORERESET_PF_C0_0/CORERESET_PF_C0_0/dff_15:CLK
  To:   system_top_0/counter[6]:SLn
  Delay (ns):              1.975
  Slack (ns):             -0.752
  Arrival (ns):            6.234
  Required (ns):           6.986
  Operating Conditions: fast_hv_lt

Path 20
  From: CORERESET_PF_C0_0/CORERESET_PF_C0_0/dff_15:CLK
  To:   system_top_0/counter[2]:SLn
  Delay (ns):              1.976
  Slack (ns):             -0.752
  Arrival (ns):            6.235
  Required (ns):           6.987
  Operating Conditions: fast_hv_lt

Path 21
  From: CORERESET_PF_C0_0/CORERESET_PF_C0_0/dff_15:CLK
  To:   system_top_0/counter_2[31]:SLn
  Delay (ns):              2.024
  Slack (ns):             -0.703
  Arrival (ns):            6.283
  Required (ns):           6.986
  Operating Conditions: fast_hv_lt

Path 22
  From: CORERESET_PF_C0_0/CORERESET_PF_C0_0/dff_15:CLK
  To:   system_top_0/counter_2[28]:SLn
  Delay (ns):              2.024
  Slack (ns):             -0.703
  Arrival (ns):            6.283
  Required (ns):           6.986
  Operating Conditions: fast_hv_lt

Path 23
  From: CORERESET_PF_C0_0/CORERESET_PF_C0_0/dff_15:CLK
  To:   system_top_0/counter_2[27]:SLn
  Delay (ns):              2.024
  Slack (ns):             -0.703
  Arrival (ns):            6.283
  Required (ns):           6.986
  Operating Conditions: fast_hv_lt

Path 24
  From: CORERESET_PF_C0_0/CORERESET_PF_C0_0/dff_15:CLK
  To:   system_top_0/counter_2[24]:SLn
  Delay (ns):              2.025
  Slack (ns):             -0.702
  Arrival (ns):            6.284
  Required (ns):           6.986
  Operating Conditions: fast_hv_lt

Path 25
  From: CORERESET_PF_C0_0/CORERESET_PF_C0_0/dff_15:CLK
  To:   system_top_0/counter_2[21]:SLn
  Delay (ns):              2.025
  Slack (ns):             -0.702
  Arrival (ns):            6.284
  Required (ns):           6.986
  Operating Conditions: fast_hv_lt

Path 26
  From: CORERESET_PF_C0_0/CORERESET_PF_C0_0/dff_15:CLK
  To:   system_top_0/counter_2[20]:SLn
  Delay (ns):              2.025
  Slack (ns):             -0.702
  Arrival (ns):            6.284
  Required (ns):           6.986
  Operating Conditions: fast_hv_lt

Path 27
  From: CORERESET_PF_C0_0/CORERESET_PF_C0_0/dff_15:CLK
  To:   system_top_0/counter_2[30]:SLn
  Delay (ns):              2.026
  Slack (ns):             -0.701
  Arrival (ns):            6.285
  Required (ns):           6.986
  Operating Conditions: fast_hv_lt

Path 28
  From: CORERESET_PF_C0_0/CORERESET_PF_C0_0/dff_15:CLK
  To:   system_top_0/counter_2[26]:SLn
  Delay (ns):              2.026
  Slack (ns):             -0.701
  Arrival (ns):            6.285
  Required (ns):           6.986
  Operating Conditions: fast_hv_lt

Path 29
  From: CORERESET_PF_C0_0/CORERESET_PF_C0_0/dff_15:CLK
  To:   system_top_0/counter_2[25]:SLn
  Delay (ns):              2.026
  Slack (ns):             -0.701
  Arrival (ns):            6.285
  Required (ns):           6.986
  Operating Conditions: fast_hv_lt

Path 30
  From: CORERESET_PF_C0_0/CORERESET_PF_C0_0/dff_15:CLK
  To:   system_top_0/counter_2[22]:SLn
  Delay (ns):              2.026
  Slack (ns):             -0.701
  Arrival (ns):            6.285
  Required (ns):           6.986
  Operating Conditions: fast_hv_lt

Path 31
  From: CORERESET_PF_C0_0/CORERESET_PF_C0_0/dff_15:CLK
  To:   system_top_0/counter_2[29]:SLn
  Delay (ns):              2.027
  Slack (ns):             -0.699
  Arrival (ns):            6.286
  Required (ns):           6.985
  Operating Conditions: fast_hv_lt

Path 32
  From: CORERESET_PF_C0_0/CORERESET_PF_C0_0/dff_15:CLK
  To:   system_top_0/counter_2[1]:SLn
  Delay (ns):              2.027
  Slack (ns):             -0.699
  Arrival (ns):            6.286
  Required (ns):           6.985
  Operating Conditions: fast_hv_lt

Path 33
  From: CORERESET_PF_C0_0/CORERESET_PF_C0_0/dff_15:CLK
  To:   system_top_0/led[1]:SLn
  Delay (ns):              2.028
  Slack (ns):             -0.698
  Arrival (ns):            6.287
  Required (ns):           6.985
  Operating Conditions: fast_hv_lt

Path 34
  From: CORERESET_PF_C0_0/CORERESET_PF_C0_0/dff_15:CLK
  To:   system_top_0/led[0]:SLn
  Delay (ns):              2.028
  Slack (ns):             -0.698
  Arrival (ns):            6.287
  Required (ns):           6.985
  Operating Conditions: fast_hv_lt

Path 35
  From: CORERESET_PF_C0_0/CORERESET_PF_C0_0/dff_15:CLK
  To:   system_top_0/counter_2[23]:SLn
  Delay (ns):              2.028
  Slack (ns):             -0.698
  Arrival (ns):            6.287
  Required (ns):           6.985
  Operating Conditions: fast_hv_lt

Path 36
  From: CORERESET_PF_C0_0/CORERESET_PF_C0_0/dff_15:CLK
  To:   system_top_0/counter_2[0]:SLn
  Delay (ns):              2.028
  Slack (ns):             -0.698
  Arrival (ns):            6.287
  Required (ns):           6.985
  Operating Conditions: fast_hv_lt

Path 37
  From: CORERESET_PF_C0_0/CORERESET_PF_C0_0/dff_15:CLK
  To:   system_top_0/counter[0]:SLn
  Delay (ns):              2.028
  Slack (ns):             -0.698
  Arrival (ns):            6.287
  Required (ns):           6.985
  Operating Conditions: fast_hv_lt

Path 38
  From: CORERESET_PF_C0_0/CORERESET_PF_C0_0/dff_15:CLK
  To:   system_top_0/counter_2[33]:SLn
  Delay (ns):              2.029
  Slack (ns):             -0.697
  Arrival (ns):            6.288
  Required (ns):           6.985
  Operating Conditions: fast_hv_lt

Path 39
  From: CORERESET_PF_C0_0/CORERESET_PF_C0_0/dff_15:CLK
  To:   system_top_0/counter_2[32]:SLn
  Delay (ns):              2.029
  Slack (ns):             -0.697
  Arrival (ns):            6.288
  Required (ns):           6.985
  Operating Conditions: fast_hv_lt

Path 40
  From: CORERESET_PF_C0_0/CORERESET_PF_C0_0/dff_15:CLK
  To:   system_top_0/counter[24]:SLn
  Delay (ns):              2.030
  Slack (ns):             -0.696
  Arrival (ns):            6.289
  Required (ns):           6.985
  Operating Conditions: fast_hv_lt

Path 41
  From: CORERESET_PF_C0_0/CORERESET_PF_C0_0/dff_15:CLK
  To:   system_top_0/counter_2[8]:SLn
  Delay (ns):              2.157
  Slack (ns):             -0.568
  Arrival (ns):            6.416
  Required (ns):           6.984
  Operating Conditions: fast_hv_lt

Path 42
  From: CORERESET_PF_C0_0/CORERESET_PF_C0_0/dff_15:CLK
  To:   system_top_0/counter_2[16]:SLn
  Delay (ns):              2.157
  Slack (ns):             -0.568
  Arrival (ns):            6.416
  Required (ns):           6.984
  Operating Conditions: fast_hv_lt

Path 43
  From: CORERESET_PF_C0_0/CORERESET_PF_C0_0/dff_15:CLK
  To:   system_top_0/counter_2[7]:SLn
  Delay (ns):              2.158
  Slack (ns):             -0.567
  Arrival (ns):            6.417
  Required (ns):           6.984
  Operating Conditions: fast_hv_lt

Path 44
  From: CORERESET_PF_C0_0/CORERESET_PF_C0_0/dff_15:CLK
  To:   system_top_0/counter_2[6]:SLn
  Delay (ns):              2.158
  Slack (ns):             -0.567
  Arrival (ns):            6.417
  Required (ns):           6.984
  Operating Conditions: fast_hv_lt

Path 45
  From: CORERESET_PF_C0_0/CORERESET_PF_C0_0/dff_15:CLK
  To:   system_top_0/counter_2[14]:SLn
  Delay (ns):              2.158
  Slack (ns):             -0.567
  Arrival (ns):            6.417
  Required (ns):           6.984
  Operating Conditions: fast_hv_lt

Path 46
  From: CORERESET_PF_C0_0/CORERESET_PF_C0_0/dff_15:CLK
  To:   system_top_0/counter_2[10]:SLn
  Delay (ns):              2.158
  Slack (ns):             -0.567
  Arrival (ns):            6.417
  Required (ns):           6.984
  Operating Conditions: fast_hv_lt

Path 47
  From: CORERESET_PF_C0_0/CORERESET_PF_C0_0/dff_15:CLK
  To:   system_top_0/counter_2[9]:SLn
  Delay (ns):              2.159
  Slack (ns):             -0.566
  Arrival (ns):            6.418
  Required (ns):           6.984
  Operating Conditions: fast_hv_lt

Path 48
  From: CORERESET_PF_C0_0/CORERESET_PF_C0_0/dff_15:CLK
  To:   system_top_0/counter_2[2]:SLn
  Delay (ns):              2.159
  Slack (ns):             -0.566
  Arrival (ns):            6.418
  Required (ns):           6.984
  Operating Conditions: fast_hv_lt

Path 49
  From: CORERESET_PF_C0_0/CORERESET_PF_C0_0/dff_15:CLK
  To:   system_top_0/counter_2[15]:SLn
  Delay (ns):              2.160
  Slack (ns):             -0.565
  Arrival (ns):            6.419
  Required (ns):           6.984
  Operating Conditions: fast_hv_lt

Path 50
  From: CORERESET_PF_C0_0/CORERESET_PF_C0_0/dff_15:CLK
  To:   system_top_0/counter[23]:SLn
  Delay (ns):              2.211
  Slack (ns):             -0.517
  Arrival (ns):            6.470
  Required (ns):           6.987
  Operating Conditions: fast_hv_lt

Path 51
  From: CORERESET_PF_C0_0/CORERESET_PF_C0_0/dff_15:CLK
  To:   system_top_0/counter[21]:SLn
  Delay (ns):              2.211
  Slack (ns):             -0.516
  Arrival (ns):            6.470
  Required (ns):           6.986
  Operating Conditions: fast_hv_lt

Path 52
  From: CORERESET_PF_C0_0/CORERESET_PF_C0_0/dff_15:CLK
  To:   system_top_0/counter[19]:SLn
  Delay (ns):              2.211
  Slack (ns):             -0.516
  Arrival (ns):            6.470
  Required (ns):           6.986
  Operating Conditions: fast_hv_lt

Path 53
  From: CORERESET_PF_C0_0/CORERESET_PF_C0_0/dff_15:CLK
  To:   system_top_0/counter[17]:SLn
  Delay (ns):              2.211
  Slack (ns):             -0.516
  Arrival (ns):            6.470
  Required (ns):           6.986
  Operating Conditions: fast_hv_lt

Path 54
  From: CORERESET_PF_C0_0/CORERESET_PF_C0_0/dff_15:CLK
  To:   system_top_0/counter[13]:SLn
  Delay (ns):              2.212
  Slack (ns):             -0.516
  Arrival (ns):            6.471
  Required (ns):           6.987
  Operating Conditions: fast_hv_lt

Path 55
  From: CORERESET_PF_C0_0/CORERESET_PF_C0_0/dff_15:CLK
  To:   system_top_0/counter[22]:SLn
  Delay (ns):              2.212
  Slack (ns):             -0.515
  Arrival (ns):            6.471
  Required (ns):           6.986
  Operating Conditions: fast_hv_lt

Path 56
  From: CORERESET_PF_C0_0/CORERESET_PF_C0_0/dff_15:CLK
  To:   system_top_0/counter[20]:SLn
  Delay (ns):              2.212
  Slack (ns):             -0.515
  Arrival (ns):            6.471
  Required (ns):           6.986
  Operating Conditions: fast_hv_lt

Path 57
  From: CORERESET_PF_C0_0/CORERESET_PF_C0_0/dff_15:CLK
  To:   system_top_0/counter[18]:SLn
  Delay (ns):              2.212
  Slack (ns):             -0.515
  Arrival (ns):            6.471
  Required (ns):           6.986
  Operating Conditions: fast_hv_lt

Path 58
  From: CORERESET_PF_C0_0/CORERESET_PF_C0_0/dff_15:CLK
  To:   system_top_0/counter[15]:SLn
  Delay (ns):              2.212
  Slack (ns):             -0.515
  Arrival (ns):            6.471
  Required (ns):           6.986
  Operating Conditions: fast_hv_lt

Path 59
  From: CORERESET_PF_C0_0/CORERESET_PF_C0_0/dff_15:CLK
  To:   system_top_0/counter[16]:SLn
  Delay (ns):              2.213
  Slack (ns):             -0.514
  Arrival (ns):            6.472
  Required (ns):           6.986
  Operating Conditions: fast_hv_lt

Path 60
  From: CORERESET_PF_C0_0/CORERESET_PF_C0_0/dff_15:CLK
  To:   system_top_0/counter[14]:SLn
  Delay (ns):              2.213
  Slack (ns):             -0.514
  Arrival (ns):            6.472
  Required (ns):           6.986
  Operating Conditions: fast_hv_lt

Path 61
  From: CORERESET_PF_C0_0/CORERESET_PF_C0_0/dff_15:CLK
  To:   system_top_0/counter[12]:SLn
  Delay (ns):              2.214
  Slack (ns):             -0.514
  Arrival (ns):            6.473
  Required (ns):           6.987
  Operating Conditions: fast_hv_lt

Path 62
  From: PF_DDR4_SS_0/MSC_i_0/MSC_i_1/MSC_i_6/MSC_i_219/MSC_i_222/MSC_i_235/IblrpjDK5iAqgFeCA2bx0qjc5oplnd9kGyaJHsKdkxemBwKc00Bh2wkkiI3:CLK
  To:   PF_DDR4_SS_0/MSC_i_0/MSC_i_1/MSC_i_6/MSC_i_219/MSC_i_222/MSC_i_235/IblrpjDK5iAqgFeCA2bx0qjc5opll8ftHBGpEDpi6nI3ieKksfehar9oqbJ:D
  Delay (ns):              0.295
  Slack (ns):              0.023
  Arrival (ns):            7.371
  Required (ns):           7.348
  Operating Conditions: slow_lv_ht

Path 63
  From: PF_DDR4_SS_0/MSC_i_0/MSC_i_1/MSC_i_6/MSC_i_256/IeJEKklE96kl7fF40B23:CLK
  To:   PF_DDR4_SS_0/MSC_i_0/MSC_i_1/MSC_i_6/MSC_i_256/MSC_i_259/IbgIbFmakql0xwFnEgkgvcdGzzIf1GxbIFylsrJ:D
  Delay (ns):              0.199
  Slack (ns):              0.050
  Arrival (ns):            4.581
  Required (ns):           4.531
  Operating Conditions: fast_hv_lt

Path 64
  From: PF_DDR4_SS_0/MSC_i_0/MSC_i_1/MSC_i_6/MSC_i_256/IeJEKklE96kl7fF40BrJ:CLK
  To:   PF_DDR4_SS_0/MSC_i_0/MSC_i_1/MSC_i_6/MSC_i_256/MSC_i_259/IbgIbFmakql0xwFnEgkgvcdGzzIf1GxbIFylshn:D
  Delay (ns):              0.213
  Slack (ns):              0.064
  Arrival (ns):            4.595
  Required (ns):           4.531
  Operating Conditions: fast_hv_lt

Path 65
  From: PF_DDR4_SS_0/MSC_i_0/MSC_i_1/MSC_i_6/MSC_i_7/MSC_i_11/MSC_i_12/MSC_i_13/IxjilFF0eAxijJxp0xk7J:CLK
  To:   PF_DDR4_SS_0/MSC_i_0/MSC_i_1/MSC_i_6/MSC_i_7/MSC_i_11/MSC_i_12/MSC_i_13/MSC_i_15/MSC_i_19/ImCq:D
  Delay (ns):              0.143
  Slack (ns):              0.068
  Arrival (ns):            4.528
  Required (ns):           4.460
  Operating Conditions: fast_hv_lt

Path 66
  From: PF_DDR4_SS_0/MSC_i_0/MSC_i_1/MSC_i_6/MSC_i_7/Ij7a1zIsv3Ak3G3DdI53o0hrG7J:CLK
  To:   PF_DDR4_SS_0/MSC_i_0/MSC_i_1/MSC_i_6/MSC_i_7/IcaAFLwywDniBBnr9opnf4ox3fuvc5J18xhn:D
  Delay (ns):              0.143
  Slack (ns):              0.068
  Arrival (ns):            4.518
  Required (ns):           4.450
  Operating Conditions: fast_hv_lt

Path 67
  From: PF_DDR4_SS_0/MSC_i_0/MSC_i_1/MSC_i_6/MSC_i_7/Iek08fra1xD6E9AGxlxn:CLK
  To:   PF_DDR4_SS_0/MSC_i_0/MSC_i_1/MSC_i_6/MSC_i_7/IjnqbfhkaAqJsDy34mkwiyvhlxn:D
  Delay (ns):              0.143
  Slack (ns):              0.068
  Arrival (ns):            4.513
  Required (ns):           4.445
  Operating Conditions: fast_hv_lt

Path 68
  From: PF_DDR4_SS_0/MSC_i_0/MSC_i_1/MSC_i_6/MSC_i_219/MSC_i_222/MSC_i_235/IblrpjDK5iAqgFeCA2bx0qjc5opebDKL7EJInfyI4a0LqlDvDCecIAKhDm3:CLK
  To:   PF_DDR4_SS_0/MSC_i_0/MSC_i_1/MSC_i_6/MSC_i_219/MSC_i_222/MSC_i_235/IblrpjDK5iAqgFeCA2bx0qjc5opeawri9gDokzGcdDtp8FD35qtcq6xlKrJ:D
  Delay (ns):              0.142
  Slack (ns):              0.068
  Arrival (ns):            4.543
  Required (ns):           4.475
  Operating Conditions: fast_hv_lt

Path 69
  From: PF_DDR4_SS_0/MSC_i_0/MSC_i_1/MSC_i_6/MSC_i_216/IigFstwdlGD7fK0pjwI62kxgchn:CLK
  To:   PF_DDR4_SS_0/DDRPHY_BLK_0/IOD_TRAINING_0/COREDDR_TIP_INT_U/u_register_bank/pipelined_generate_block.DFI_ADDRESS_P0_OUT[13]:D
  Delay (ns):              0.143
  Slack (ns):              0.068
  Arrival (ns):            4.513
  Required (ns):           4.445
  Operating Conditions: fast_hv_lt

Path 70
  From: PF_DDR4_SS_0/MSC_i_0/MSC_i_1/MSC_i_6/MSC_i_141/IofE4bw879iG45efoqs7hyqGrxHvJbmvqav6zgwpvn7sh81w1g1BHr19bjHrttIL10a9HA6FDz2I3:CLK
  To:   PF_DDR4_SS_0/MSC_i_0/MSC_i_1/MSC_i_6/MSC_i_271/IlglEEx9E4Dbn7HmFmntJb7xF6DnLBt3kwcGEExJr1tblIjn9nG44qgbJ:D
  Delay (ns):              0.143
  Slack (ns):              0.068
  Arrival (ns):            4.528
  Required (ns):           4.460
  Operating Conditions: fast_hv_lt

Path 71
  From: PF_DDR4_SS_0/DDRPHY_BLK_0/IOD_TRAINING_0/COREDDR_TIP_INT_U/reset_n_1:CLK
  To:   PF_DDR4_SS_0/DDRPHY_BLK_0/IOD_TRAINING_0/COREDDR_TIP_INT_U/reset_n_2:D
  Delay (ns):              0.143
  Slack (ns):              0.068
  Arrival (ns):            4.524
  Required (ns):           4.456
  Operating Conditions: fast_hv_lt

Path 72
  From: PF_DDR4_SS_0/DDRPHY_BLK_0/IOD_TRAINING_0/COREDDR_TIP_INT_U/TIP_CTRL_BLK/LEVELLING/IOG_IF/move_int[6]:CLK
  To:   PF_DDR4_SS_0/DDRPHY_BLK_0/IOD_TRAINING_0/COREDDR_TIP_INT_U/MOVE[6]:D
  Delay (ns):              0.143
  Slack (ns):              0.068
  Arrival (ns):            4.526
  Required (ns):           4.458
  Operating Conditions: fast_hv_lt

Path 73
  From: PF_DDR4_SS_0/MSC_i_0/MSC_i_1/MSC_i_6/MSC_i_219/MSC_i_222/MSC_i_235/IblrpjDK5iAqgFeCA2bx0qjc5oplpCKEDIoka0lEoFt2akJ8HwhiA5ibGDn:CLK
  To:   PF_DDR4_SS_0/MSC_i_0/MSC_i_1/MSC_i_6/MSC_i_219/MSC_i_222/MSC_i_235/IblrpjDK5iAqgFeCA2bx0qjc5oplovrbFkh1JK2JA6lIsEJG9awii07gbI3:D
  Delay (ns):              0.144
  Slack (ns):              0.069
  Arrival (ns):            4.545
  Required (ns):           4.476
  Operating Conditions: fast_hv_lt

Path 74
  From: PF_DDR4_SS_0/MSC_i_0/MSC_i_1/MSC_i_6/MSC_i_219/MSC_i_222/MSC_i_235/IblrpjDK5iAqgFeCA2bx0qjc5opee1k35nlismC78sGo0LDgi7weeJHLzbJ:CLK
  To:   PF_DDR4_SS_0/MSC_i_0/MSC_i_1/MSC_i_6/MSC_i_219/MSC_i_222/MSC_i_235/IblrpjDK5iAqgFeCA2bx0qjc5opedj2C61e0p7hDij84J3DoalBdyFvd6hn:D
  Delay (ns):              0.143
  Slack (ns):              0.069
  Arrival (ns):            4.544
  Required (ns):           4.475
  Operating Conditions: fast_hv_lt

Path 75
  From: PF_DDR4_SS_0/MSC_i_0/MSC_i_1/MSC_i_6/MSC_i_141/IofE4bw879iG45efoqs7hyqGrxHvJbmvqav6zgwpvn7sh81w1g1BHr19bjHrttIL10a9HA6FDzaDn:CLK
  To:   PF_DDR4_SS_0/MSC_i_0/MSC_i_1/MSC_i_6/MSC_i_271/IlglEEx9E4Dbn7HmFmntJb7xF6DnLBt3kwcGEExJr1tblIjn9nG44pzI3:D
  Delay (ns):              0.143
  Slack (ns):              0.069
  Arrival (ns):            4.519
  Required (ns):           4.450
  Operating Conditions: fast_hv_lt

Path 76
  From: PF_DDR4_SS_0/MSC_i_0/MSC_i_1/MSC_i_6/MSC_i_7/MSC_i_11/MSC_i_12/MSC_i_28/Ieq80kEBGGEqzFzrHLbJ:CLK
  To:   PF_DDR4_SS_0/MSC_i_0/MSC_i_1/MSC_i_6/MSC_i_7/MSC_i_11/MSC_i_12/MSC_i_28/MSC_i_30/MSC_i_33/ImCq:D
  Delay (ns):              0.145
  Slack (ns):              0.070
  Arrival (ns):            4.551
  Required (ns):           4.481
  Operating Conditions: fast_hv_lt

Path 77
  From: PF_DDR4_SS_0/MSC_i_0/MSC_i_1/MSC_i_6/MSC_i_262/MSC_i_265/Ihqfcvm1xseH6bHhn:CLK
  To:   PF_DDR4_SS_0/MSC_i_0/MSC_i_1/MSC_i_6/MSC_i_262/MSC_i_265/Ihqfcvm1xsfmzgcm3:D
  Delay (ns):              0.145
  Slack (ns):              0.070
  Arrival (ns):            4.532
  Required (ns):           4.462
  Operating Conditions: fast_hv_lt

Path 78
  From: PF_DDR4_SS_0/MSC_i_0/MSC_i_1/MSC_i_6/MSC_i_219/MSC_i_222/MSC_i_239/IblrpjDK5iAqgFeCA2bx0qjc5ooIC2kAzjGG4EdCb0b7Ha6FfbsKnd8fvxn:CLK
  To:   PF_DDR4_SS_0/MSC_i_0/MSC_i_1/MSC_i_6/MSC_i_219/MSC_i_222/MSC_i_239/IblrpjDK5iAqgFeCA2bx0qjc5ooIBk2J0xAm2muHxqGcn47aI17J6Llj223:D
  Delay (ns):              0.145
  Slack (ns):              0.070
  Arrival (ns):            4.545
  Required (ns):           4.475
  Operating Conditions: fast_hv_lt

Path 79
  From: PF_DDR4_SS_0/MSC_i_0/MSC_i_1/MSC_i_6/MSC_i_219/MSC_i_222/MSC_i_235/Iceik52v83Bpl1rft9oy9vpnwDjuc6w96HktxLtBlB04kL0ufjnvF2xn:CLK
  To:   PF_DDR4_SS_0/MSC_i_0/MSC_i_1/MSC_i_6/MSC_i_219/MSC_i_222/MSC_i_235/Iceik52v83Bpl1rft9oy9vpnwDjhAehLn51IpjuFzq4fFbaEbLDteEI3:D
  Delay (ns):              0.145
  Slack (ns):              0.070
  Arrival (ns):            4.532
  Required (ns):           4.462
  Operating Conditions: fast_hv_lt

Path 80
  From: PF_DDR4_SS_0/MSC_i_0/MSC_i_1/MSC_i_6/MSC_i_216/IhqioI9qlzj1kwjgs:CLK
  To:   PF_DDR4_SS_0/DDRPHY_BLK_0/IOD_TRAINING_0/COREDDR_TIP_INT_U/u_register_bank/pipelined_generate_block.DFI_WE_N_P0_OUT:D
  Delay (ns):              0.145
  Slack (ns):              0.070
  Arrival (ns):            4.519
  Required (ns):           4.449
  Operating Conditions: fast_hv_lt

Path 81
  From: PF_DDR4_SS_0/MSC_i_0/MSC_i_1/MSC_i_6/MSC_i_141/MSC_i_169/Ic4jjp3AKtw9hg3f40xhpJc:CLK
  To:   PF_DDR4_SS_0/MSC_i_0/MSC_i_1/MSC_i_6/MSC_i_271/IblrpjDK5iAqgFeCA2bx0qjc5opb04Dy1DB5uzDL7J8fw517zmkdtrm4Jhn:D
  Delay (ns):              0.144
  Slack (ns):              0.070
  Arrival (ns):            4.539
  Required (ns):           4.469
  Operating Conditions: fast_hv_lt

Path 82
  From: PF_DDR4_SS_0/MSC_i_0/MSC_i_1/MSC_i_6/MSC_i_262/MSC_i_265/Ihqfcvm1xseH6d7bJ:CLK
  To:   PF_DDR4_SS_0/MSC_i_0/MSC_i_1/MSC_i_6/MSC_i_262/MSC_i_265/Ihqfcvm1xsfmzhEhn:D
  Delay (ns):              0.145
  Slack (ns):              0.071
  Arrival (ns):            4.532
  Required (ns):           4.461
  Operating Conditions: fast_hv_lt

Path 83
  From: PF_DDR4_SS_0/MSC_i_0/MSC_i_1/MSC_i_6/MSC_i_141/IofE4bw879iG45efoqs7hyqGrxHvJbmvqav6zgwpvn7sh81w1g1BHr19bjHrtuaxJnw8gadLuhDI3:CLK
  To:   PF_DDR4_SS_0/MSC_i_0/MSC_i_1/MSC_i_6/MSC_i_271/IlglEEx9E4Dbn7HmFmntJb7xF6DnLBt3kwcGEExJr1tblIjn9nG44nArJ:D
  Delay (ns):              0.145
  Slack (ns):              0.071
  Arrival (ns):            4.521
  Required (ns):           4.450
  Operating Conditions: fast_hv_lt

Path 84
  From: PF_DDR4_SS_0/MSC_i_0/MSC_i_1/MSC_i_6/MSC_i_7/MSC_i_11/MSC_i_12/MSC_i_13/Ieq80kEBGGEqzFzrHK23:CLK
  To:   PF_DDR4_SS_0/MSC_i_0/MSC_i_1/MSC_i_6/MSC_i_7/MSC_i_11/MSC_i_12/MSC_i_13/MSC_i_15/MSC_i_17/ImCq:D
  Delay (ns):              0.147
  Slack (ns):              0.072
  Arrival (ns):            4.550
  Required (ns):           4.478
  Operating Conditions: fast_hv_lt

Path 85
  From: PF_DDR4_SS_0/MSC_i_0/MSC_i_1/MSC_i_6/MSC_i_7/MSC_i_101/MSC_i_102/MSC_i_103/Ieq80kEBGGEqzFzrHKxn:CLK
  To:   PF_DDR4_SS_0/MSC_i_0/MSC_i_1/MSC_i_6/MSC_i_7/MSC_i_101/MSC_i_102/MSC_i_103/MSC_i_105/MSC_i_112/ImCq:D
  Delay (ns):              0.144
  Slack (ns):              0.072
  Arrival (ns):            4.534
  Required (ns):           4.462
  Operating Conditions: fast_hv_lt

Path 86
  From: PF_DDR4_SS_0/MSC_i_0/MSC_i_1/MSC_i_6/MSC_i_7/Ij7a1zIsv3Ak3G3DdI53o0humDn:CLK
  To:   PF_DDR4_SS_0/MSC_i_0/MSC_i_1/MSC_i_6/MSC_i_7/IcaAFLwywDniBBnr9opnf4ox3fuvc5J1AFm3:D
  Delay (ns):              0.147
  Slack (ns):              0.072
  Arrival (ns):            4.521
  Required (ns):           4.449
  Operating Conditions: fast_hv_lt

Path 87
  From: PF_DDR4_SS_0/MSC_i_0/MSC_i_1/MSC_i_6/MSC_i_7/Iek08fra1xD6E9AGxDDn:CLK
  To:   PF_DDR4_SS_0/MSC_i_0/MSC_i_1/MSC_i_6/MSC_i_7/IjnqbfhkaAqJsDy34mkwiyvhDDn:D
  Delay (ns):              0.147
  Slack (ns):              0.072
  Arrival (ns):            4.522
  Required (ns):           4.450
  Operating Conditions: fast_hv_lt

Path 88
  From: PF_DDR4_SS_0/MSC_i_0/MSC_i_1/MSC_i_6/MSC_i_7/IBLrIEGsKz4hk7gcrJ:CLK
  To:   PF_DDR4_SS_0/MSC_i_0/MSC_i_1/MSC_i_6/MSC_i_7/IbDjfhFeG9qBpd3u18Heyc7Hm3:D
  Delay (ns):              0.147
  Slack (ns):              0.072
  Arrival (ns):            4.518
  Required (ns):           4.446
  Operating Conditions: fast_hv_lt

Path 89
  From: PF_DDR4_SS_0/MSC_i_0/MSC_i_1/MSC_i_6/MSC_i_219/MSC_i_222/MSC_i_235/IblrpjDK5iAqgFeCA2bx0qjc5ooI9ELg1B34z6CaJh8s6m7iAgaJeGAn923:CLK
  To:   PF_DDR4_SS_0/MSC_i_0/MSC_i_1/MSC_i_6/MSC_i_219/MSC_i_222/MSC_i_235/IblrpjDK5iAqgFeCA2bx0qjc5ooI8xrp3dxaxfhgsK09cG7q16pIyCnrG7J:D
  Delay (ns):              0.147
  Slack (ns):              0.072
  Arrival (ns):            4.534
  Required (ns):           4.462
  Operating Conditions: fast_hv_lt

Path 90
  From: PF_DDR4_SS_0/MSC_i_0/MSC_i_1/MSC_i_6/MSC_i_216/IxjbK2BIbgpl8DpII1Kxn:CLK
  To:   PF_DDR4_SS_0/DDRPHY_BLK_0/IOD_TRAINING_0/COREDDR_TIP_INT_U/u_register_bank/pipelined_generate_block.DFI_BG_P1_OUT[0]:D
  Delay (ns):              0.147
  Slack (ns):              0.072
  Arrival (ns):            4.527
  Required (ns):           4.455
  Operating Conditions: fast_hv_lt

Path 91
  From: PF_DDR4_SS_0/MSC_i_0/MSC_i_1/MSC_i_6/MSC_i_141/IofE4bw879iG45efoqs7hyqGrxHvJbmvqav6zgwpvn7sh81w1g1BHr19bjHrttIL10a9HA6FDzaxn:CLK
  To:   PF_DDR4_SS_0/MSC_i_0/MSC_i_1/MSC_i_6/MSC_i_271/IlglEEx9E4Dbn7HmFmntJb7xF6DnLBt3kwcGEExJr1tblIjn9nG44pz23:D
  Delay (ns):              0.147
  Slack (ns):              0.072
  Arrival (ns):            4.544
  Required (ns):           4.472
  Operating Conditions: fast_hv_lt

Path 92
  From: CoreDMA_IO_CTRL_0/axi4dma_init_0/reg_waddr[0]:CLK
  To:   CoreDMA_IO_CTRL_0/axi4dma_init_0/awaddr_reg[0]:D
  Delay (ns):              0.147
  Slack (ns):              0.072
  Arrival (ns):            4.521
  Required (ns):           4.449
  Operating Conditions: fast_hv_lt

Path 93
  From: AXItoAPB_0/AHBtoAPB_0/AHBtoAPB_0/U_ApbAddrData/haddrReg[17]:CLK
  To:   PCIe_EP_0/PCIex4_0/pcie_apblink_master_inst/last_raddr[17]:D
  Delay (ns):              0.147
  Slack (ns):              0.072
  Arrival (ns):            1.735
  Required (ns):           1.663
  Operating Conditions: fast_hv_lt

Path 94
  From: PF_DDR4_SS_0/MSC_i_0/MSC_i_1/MSC_i_6/MSC_i_219/MSC_i_222/MSC_i_239/Iceik52v83Bpl1rft9oy9vpnwDhr3Ka6wKg0b52xyog1lln9132L96bJ:CLK
  To:   PF_DDR4_SS_0/MSC_i_0/MSC_i_1/MSC_i_6/MSC_i_217/IeJn3pnxBCEHDcvJFrvc2FoAyqunpxwDwtC6D9b4df84tmmJblEzty3BtEC3Ag6GrAAke68hn:D
  Delay (ns):              0.148
  Slack (ns):              0.073
  Arrival (ns):            4.536
  Required (ns):           4.463
  Operating Conditions: fast_hv_lt

Path 95
  From: PF_DDR4_SS_0/MSC_i_0/MSC_i_1/MSC_i_6/MSC_i_217/Ie7mDE2JFFA5j9H6z2xn:CLK
  To:   PF_DDR4_SS_0/MSC_i_0/MSC_i_1/MSC_i_6/MSC_i_217/Ie7mDE2JFFA5j9H6z223:D
  Delay (ns):              0.148
  Slack (ns):              0.073
  Arrival (ns):            4.531
  Required (ns):           4.458
  Operating Conditions: fast_hv_lt

Path 96
  From: PF_DDR4_SS_0/MSC_i_0/MSC_i_1/MSC_i_6/MSC_i_216/IigFstwdlGD7fK0pjwI61F4bGI3:CLK
  To:   PF_DDR4_SS_0/DDRPHY_BLK_0/IOD_TRAINING_0/COREDDR_TIP_INT_U/u_register_bank/pipelined_generate_block.DFI_ADDRESS_P3_OUT[12]:D
  Delay (ns):              0.148
  Slack (ns):              0.073
  Arrival (ns):            4.518
  Required (ns):           4.445
  Operating Conditions: fast_hv_lt

Path 97
  From: PF_DDR4_SS_0/MSC_i_0/MSC_i_1/MSC_i_6/MSC_i_141/IofE4bw879iG45efoqs7hyqGrxHvJbmvqav6zgwpvn7sh81w1g1BHr19bjHrttIL10a9HA6FDz27J:CLK
  To:   PF_DDR4_SS_0/MSC_i_0/MSC_i_1/MSC_i_6/MSC_i_271/IlglEEx9E4Dbn7HmFmntJb7xF6DnLBt3kwcGEExJr1tblIjn9nG44qfDn:D
  Delay (ns):              0.148
  Slack (ns):              0.073
  Arrival (ns):            4.544
  Required (ns):           4.471
  Operating Conditions: fast_hv_lt

Path 98
  From: PF_DDR4_SS_0/DDRPHY_BLK_0/IOD_TRAINING_0/COREDDR_TIP_INT_U/TIP_CTRL_BLK/LEVELLING/IOG_IF/move_int[1]:CLK
  To:   PF_DDR4_SS_0/DDRPHY_BLK_0/IOD_TRAINING_0/COREDDR_TIP_INT_U/MOVE[1]:D
  Delay (ns):              0.147
  Slack (ns):              0.073
  Arrival (ns):            4.530
  Required (ns):           4.457
  Operating Conditions: fast_hv_lt

Path 99
  From: CoreDMA_IO_CTRL_0/axi4dma_init_0/reg_wdata[7]:CLK
  To:   CoreDMA_IO_CTRL_0/axi4dma_init_0/wdata_o[7]:D
  Delay (ns):              0.182
  Slack (ns):              0.073
  Arrival (ns):            4.573
  Required (ns):           4.500
  Operating Conditions: fast_hv_lt

Path 100
  From: AXI4_Interconnect_0/AXI4_Interconnect_0/SlvConvertor_loop[2].slvcnv/slvCDC/genblk1.cdc_BChan/wrPtr_s1[2]:CLK
  To:   AXI4_Interconnect_0/AXI4_Interconnect_0/SlvConvertor_loop[2].slvcnv/slvCDC/genblk1.cdc_BChan/wrPtr_s2[2]:D
  Delay (ns):              0.148
  Slack (ns):              0.073
  Arrival (ns):            4.520
  Required (ns):           4.447
  Operating Conditions: fast_hv_lt

