----------------------------------------------------------------
-Pin Report - Date: Tue Mar 29 07:04:55 2022 Pinchecksum: NOT-AVAILABLE
-Product: Designer
-Release: v2021.2
-Version: 2021.2.0.11
-Design Name: top
-Family: PolarFire
-Die: MPF100T
-Package: FCVG484
-----------------------------------------------------------------

Number |Port               |Function                                               |State      |I/O Std  |Direction |Used I/O Reg |User I/O Lock Down |Clamp Diode |Resistor Pull |Use I/O Calibration from the lane |Schmitt Trigger |Vcm Input Range |On Die Termination |Odt Value (Ohm) |Input Delay |Slew |Output Drive (mA) |Impedance (ohm) |Output Load (pF) |Source Termination (Ohm) |Output Delay |
-------|-------------------|-------------------------------------------------------|-----------|---------|----------|-------------|-------------------|------------|--------------|----------------------------------|----------------|----------------|-------------------|----------------|------------|-----|------------------|----------------|-----------------|-------------------------|-------------|
A1                          VSS                                                     Reserved    
A2      fmc_out[24]         GPIO144PB2/DQS/CCC_SW_PLL1_OUT0                         Fixed       LVCMOS25  Output     None          No                  ON           None           No                                 ---              ---              ---                 120              ---          OFF   8                  ---              5                 ---                       OFF           
A3      fmc_out[25]         GPIO144NB2/DQS                                          Fixed       LVCMOS25  Output     None          No                  ON           None           No                                 ---              ---              ---                 120              ---          OFF   8                  ---              5                 ---                       OFF           
A4                          VSS                                                     Reserved    
A5      fmc_out[22]         GPIO3PB2                                                Fixed       LVCMOS25  Output     None          No                  ON           None           No                                 ---              ---              ---                 120              ---          OFF   8                  ---              5                 ---                       OFF           
A6      fmc_out[23]         GPIO3NB2                                                Fixed       LVCMOS25  Output     None          No                  ON           None           No                                 ---              ---              ---                 120              ---          OFF   8                  ---              5                 ---                       OFF           
A7      fmc_out[13]         GPIO5PB2                                                Fixed       LVCMOS25  Output     None          No                  ON           None           No                                 ---              ---              ---                 120              ---          OFF   8                  ---              5                 ---                       OFF           
A8                          GPIO7NB2                                                Unassigned  
A9                          VDDI2                                                   Reserved    
A10     fmc_out[30]         GPIO12PB2/CLKIN_S_4                                     Fixed       LVCMOS25  Output     None          No                  ON           None           No                                 ---              ---              ---                 120              ---          OFF   8                  ---              5                 ---                       OFF           
A11     fmc_out[31]         GPIO12NB2                                               Fixed       LVCMOS25  Output     None          No                  ON           None           No                                 ---              ---              ---                 120              ---          OFF   8                  ---              5                 ---                       OFF           
A12     fmc_out[7]          GPIO17PB2/CLKIN_S_7                                     Fixed       LVCMOS25  Output     None          No                  ON           None           No                                 ---              ---              ---                 120              ---          OFF   8                  ---              5                 ---                       OFF           
A13     fmc_out[17]         GPIO14PB2/DQS                                           Fixed       LVCMOS25  Output     None          No                  ON           None           No                                 ---              ---              ---                 120              ---          OFF   8                  ---              5                 ---                       OFF           
A14                         VSS                                                     Reserved    
A15                         GPIO25PB2                                               Unassigned  
A16                         GPIO25NB2                                               Unassigned  
A17                         GPIO26PB2/DQS                                           Unassigned  
A18     fmc_in[7]           GPIO28PB2                                               Fixed       LVCMOS25  Input      None          No                  ON           Up             No                                 OFF              ---              OFF                 120              OFF          ---   ---                ---              ---               ---                       ---           
A19                         VDDI2                                                   Reserved    
A20     fmc_in[25]          GPIO31PB2                                               Fixed       LVCMOS25  Input      None          No                  ON           Up             No                                 OFF              ---              OFF                 120              OFF          ---   ---                ---              ---               ---                       ---           
A21     fmc_in[24]          GPIO31NB2                                               Fixed       LVCMOS25  Input      None          No                  ON           Up             No                                 OFF              ---              OFF                 120              OFF          ---   ---                ---              ---               ---                       ---           
A22                         VSS                                                     Reserved    
AA1                         HSIO107NB0                                              Unassigned  
AA2     DDR_REF             HSIO104PB0/CLKIN_N_2/CCC_NW_CLKIN_N_2/CCC_NW_PLL1_OUT0  Fixed       LVCMOS12  Input      None          No                  ON           Up             No                                 OFF              ---              OFF                 120              OFF          ---   ---                ---              ---               ---                       ---           
AA3                         HSIO94PB0                                               Unassigned  
AA4                         VSS                                                     Reserved    
AA5                         HSIO92NB0                                               Unassigned  
AA6                         HSIO91PB0                                               Unassigned  
AA7                         HSIO91NB0                                               Unassigned  
AA8     DQS[3]              HSIO87PB0/DQS                                           Fixed       POD12I    Inout      None          No                  ON           None           No                                 OFF              MID              ON                  60               ---          OFF   ---                40               5                 ---                       ---           
AA9                         VDDI0                                                   Reserved    
AA10    DQ[28]              HSIO86NB0                                               Fixed       POD12I    Inout      None          No                  ON           None           No                                 OFF              MID              ON                  60               ---          OFF   ---                40               5                 ---                       ---           
AA11    DQ[29]              HSIO86PB0                                               Fixed       POD12I    Inout      None          No                  ON           None           No                                 OFF              MID              ON                  60               ---          OFF   ---                40               5                 ---                       ---           
AA12    DQ[7]               HSIO64PB1                                               Fixed       POD12I    Inout      None          No                  ON           None           No                                 OFF              MID              ON                  60               ---          OFF   ---                40               5                 ---                       ---           
AA13    DQ[5]               HSIO62PB1                                               Fixed       POD12I    Inout      None          No                  ON           None           No                                 OFF              MID              ON                  60               ---          OFF   ---                40               5                 ---                       ---           
AA14                        VSS                                                     Reserved    
AA15    DQ[3]               HSIO61PB1                                               Fixed       POD12I    Inout      None          No                  ON           None           No                                 OFF              MID              ON                  60               ---          OFF   ---                40               5                 ---                       ---           
AA16    DQ[2]               HSIO61NB1                                               Fixed       POD12I    Inout      None          No                  ON           None           No                                 OFF              MID              ON                  60               ---          OFF   ---                40               5                 ---                       ---           
AA17    A[12]               HSIO52NB1                                               Fixed       HSTL12I   Output     None          No                  ON           None           No                                 ---              ---              ---                 50               ---          OFF   ---                50               5                 ---                       ---           
AA18                        HSIO50PB1/CLKIN_N_8/CCC_NE_CLKIN_N_8/CCC_NE_PLL1_OUT0   Unassigned  
AA19                        VDDI1                                                   Reserved    
AA20    A[5]                HSIO46PB1                                               Fixed       HSTL12I   Output     None          No                  ON           None           No                                 ---              ---              ---                 50               ---          OFF   ---                50               5                 ---                       ---           
AA21                        HSIO44PB1/CCC_NE_CLKIN_N_10/CCC_NE_PLL0_OUT0            Unassigned  
AA22                        HSIO44NB1                                               Unassigned  
AB1                         VSS                                                     Reserved    
AB2                         HSIO104NB0                                              Unassigned  
AB3                         HSIO94NB0                                               Unassigned  
AB4                         HSIO93PB0/DQS                                           Unassigned  
AB5                         HSIO93NB0/DQS                                           Unassigned  
AB6                         VDDI0                                                   Reserved    
AB7                         HSIO90PB0                                               Unassigned  
AB8                         HSIO90NB0                                               Unassigned  
AB9     DQ[31]              HSIO88PB0                                               Fixed       POD12I    Inout      None          No                  ON           None           No                                 OFF              MID              ON                  60               ---          OFF   ---                40               5                 ---                       ---           
AB10    DQ[30]              HSIO88NB0                                               Fixed       POD12I    Inout      None          No                  ON           None           No                                 OFF              MID              ON                  60               ---          OFF   ---                40               5                 ---                       ---           
AB11                        VSS                                                     Reserved    
AB12    DQ[6]               HSIO64NB1                                               Fixed       POD12I    Inout      None          No                  ON           None           No                                 OFF              MID              ON                  60               ---          OFF   ---                40               5                 ---                       ---           
AB13    DQ[4]               HSIO62NB1                                               Fixed       POD12I    Inout      None          No                  ON           None           No                                 OFF              MID              ON                  60               ---          OFF   ---                40               5                 ---                       ---           
AB14    DQ[1]               HSIO60PB1                                               Fixed       POD12I    Inout      None          No                  ON           None           No                                 OFF              MID              ON                  60               ---          OFF   ---                40               5                 ---                       ---           
AB15    DQ[0]               HSIO60NB1                                               Fixed       POD12I    Inout      None          No                  ON           None           No                                 OFF              MID              ON                  60               ---          OFF   ---                40               5                 ---                       ---           
AB16                        VDDI1                                                   Reserved    
AB17    A[13]               HSIO52PB1                                               Fixed       HSTL12I   Output     None          No                  ON           None           No                                 ---              ---              ---                 50               ---          OFF   ---                50               5                 ---                       ---           
AB18    A[11]               HSIO51PB1/DQS/CCC_NE_PLL1_OUT0                          Fixed       HSTL12I   Output     None          No                  ON           None           No                                 ---              ---              ---                 50               ---          OFF   ---                50               5                 ---                       ---           
AB19    A[10]               HSIO51NB1/DQS                                           Fixed       HSTL12I   Output     None          No                  ON           None           No                                 ---              ---              ---                 50               ---          OFF   ---                50               5                 ---                       ---           
AB20    A[7]                HSIO47PB1                                               Fixed       HSTL12I   Output     None          No                  ON           None           No                                 ---              ---              ---                 50               ---          OFF   ---                50               5                 ---                       ---           
AB21    A[6]                HSIO47NB1                                               Fixed       HSTL12I   Output     None          No                  ON           None           No                                 ---              ---              ---                 50               ---          OFF   ---                50               5                 ---                       ---           
AB22                        VSS                                                     Reserved    
B1      fmc_in[22]          GPIO143NB2                                              Fixed       LVCMOS25  Input      None          No                  ON           Up             No                                 OFF              ---              OFF                 120              OFF          ---   ---                ---              ---               ---                       ---           
B2      fmc_in[1]           GPIO145NB2                                              Fixed       LVCMOS25  Input      None          No                  ON           Up             No                                 OFF              ---              OFF                 120              OFF          ---   ---                ---              ---               ---                       ---           
B3                          GPIO147PB2/CLKIN_S_3/CCC_SW_CLKIN_S_3                   Unassigned  
B4                          GPIO147NB2                                              Unassigned  
B5      fmc_out[10]         GPIO1NB2                                                Fixed       LVCMOS25  Output     None          No                  ON           None           No                                 ---              ---              ---                 120              ---          OFF   8                  ---              5                 ---                       OFF           
B6                          VDDI2                                                   Reserved    
B7      fmc_out[12]         GPIO5NB2                                                Fixed       LVCMOS25  Output     None          No                  ON           None           No                                 ---              ---              ---                 120              ---          OFF   8                  ---              5                 ---                       OFF           
B8                          GPIO7PB2                                                Unassigned  
B9                          GPIO9PB2                                                Unassigned  
B10     fmc_out[28]         GPIO11NB2                                               Fixed       LVCMOS25  Output     None          No                  ON           None           No                                 ---              ---              ---                 120              ---          OFF   8                  ---              5                 ---                       OFF           
B11                         VSS                                                     Reserved    
B12     fmc_out[6]          GPIO17NB2                                               Fixed       LVCMOS25  Output     None          No                  ON           None           No                                 ---              ---              ---                 120              ---          OFF   8                  ---              5                 ---                       OFF           
B13     fmc_out[16]         GPIO14NB2/DQS                                           Fixed       LVCMOS25  Output     None          No                  ON           None           No                                 ---              ---              ---                 120              ---          OFF   8                  ---              5                 ---                       OFF           
B14     fmc_out[19]         GPIO29NB2                                               Fixed       LVCMOS25  Output     None          No                  ON           None           No                                 ---              ---              ---                 120              ---          OFF   8                  ---              5                 ---                       OFF           
B15     fmc_out[18]         GPIO29PB2                                               Fixed       LVCMOS25  Output     None          No                  ON           None           No                                 ---              ---              ---                 120              ---          OFF   8                  ---              5                 ---                       OFF           
B16                         VDDI2                                                   Reserved    
B17                         GPIO26NB2/DQS                                           Unassigned  
B18     fmc_in[6]           GPIO28NB2                                               Fixed       LVCMOS25  Input      None          No                  ON           Up             No                                 OFF              ---              OFF                 120              OFF          ---   ---                ---              ---               ---                       ---           
B19     fmc_in[21]          GPIO30PB2                                               Fixed       LVCMOS25  Input      None          No                  ON           Up             No                                 OFF              ---              OFF                 120              OFF          ---   ---                ---              ---               ---                       ---           
B20     fmc_in[20]          GPIO30NB2                                               Fixed       LVCMOS25  Input      None          No                  ON           Up             No                                 OFF              ---              OFF                 120              OFF          ---   ---                ---              ---               ---                       ---           
B21                         GPIO32PB2/DQS/CCC_SE_PLL0_OUT0                          Unassigned  
B22                         GPIO32NB2/DQS                                           Unassigned  
C1      fmc_in[23]          GPIO143PB2/CCC_SW_CLKIN_S_1                             Fixed       LVCMOS25  Input      None          No                  ON           Up             No                                 OFF              ---              OFF                 120              OFF          ---   ---                ---              ---               ---                       ---           
C2      fmc_in[0]           GPIO145PB2/CLKIN_S_2/CCC_SW_CLKIN_S_2/CCC_SW_PLL1_OUT0  Fixed       LVCMOS25  Input      None          No                  ON           Up             No                                 OFF              ---              OFF                 120              OFF          ---   ---                ---              ---               ---                       ---           
C3                          VDDI2                                                   Reserved    
C4      fmc_in[31]          GPIO146NB2                                              Fixed       LVCMOS25  Input      None          No                  ON           Up             No                                 OFF              ---              OFF                 120              OFF          ---   ---                ---              ---               ---                       ---           
C5      fmc_out[11]         GPIO1PB2                                                Fixed       LVCMOS25  Output     None          No                  ON           None           No                                 ---              ---              ---                 120              ---          OFF   8                  ---              5                 ---                       OFF           
C6      fmc_out[27]         GPIO2NB2/DQS                                            Fixed       LVCMOS25  Output     None          No                  ON           None           No                                 ---              ---              ---                 120              ---          OFF   8                  ---              5                 ---                       OFF           
C7      fmc_out[32]         GPIO4PB2                                                Fixed       LVCMOS25  Output     None          No                  ON           None           No                                 ---              ---              ---                 120              ---          OFF   8                  ---              5                 ---                       OFF           
C8                          VSS                                                     Reserved    
C9                          GPIO9NB2                                                Unassigned  
C10     fmc_out[29]         GPIO11PB2                                               Fixed       LVCMOS25  Output     None          No                  ON           None           No                                 ---              ---              ---                 120              ---          OFF   8                  ---              5                 ---                       OFF           
C11                         GPIO13PB2/CLKIN_S_5                                     Unassigned  
C12                         GPIO15PB2/CLKIN_S_6                                     Unassigned  
C13                         VDDI2                                                   Reserved    
C14                         GPIO27NB2                                               Unassigned  
C15                         GPIO27PB2                                               Unassigned  
C16     fmc_out[9]          GPIO24NB2                                               Fixed       LVCMOS25  Output     None          No                  ON           None           No                                 ---              ---              ---                 120              ---          OFF   8                  ---              5                 ---                       OFF           
C17     fmc_out[8]          GPIO24PB2                                               Fixed       LVCMOS25  Output     None          No                  ON           None           No                                 ---              ---              ---                 120              ---          OFF   8                  ---              5                 ---                       OFF           
C18                         VSS                                                     Reserved    
C19     fmc_in[5]           GPIO34NB2                                               Fixed       LVCMOS25  Input      None          No                  ON           Up             No                                 OFF              ---              OFF                 120              OFF          ---   ---                ---              ---               ---                       ---           
C20     fmc_in[4]           GPIO34PB2/CCC_SE_PLL0_OUT1                              Fixed       LVCMOS25  Input      None          No                  ON           Up             No                                 OFF              ---              OFF                 120              OFF          ---   ---                ---              ---               ---                       ---           
C21                         VDDI2                                                   Reserved    
C22     fmc_in[3]           GPIO33PB2/CLKIN_S_8/CCC_SE_CLKIN_S_8/CCC_SE_PLL0_OUT0   Fixed       LVCMOS25  Input      None          No                  ON           Up             No                                 OFF              ---              OFF                 120              OFF          ---   ---                ---              ---               ---                       ---           
D1                          GPIO139NB4/DQS                                          Unassigned  
D2                          GPIO139PB4/DQS/CCC_SW_PLL0_OUT0                         Unassigned  
D3      fmc_out[3]          GPIO142NB2                                              Fixed       LVCMOS25  Output     None          No                  ON           None           No                                 ---              ---              ---                 120              ---          OFF   8                  ---              5                 ---                       OFF           
D4      fmc_in[30]          GPIO146PB2/CCC_SW_PLL1_OUT1                             Fixed       LVCMOS25  Input      None          No                  ON           Up             No                                 OFF              ---              OFF                 120              OFF          ---   ---                ---              ---               ---                       ---           
D5                          VSS                                                     Reserved    
D6      fmc_out[26]         GPIO2PB2/DQS                                            Fixed       LVCMOS25  Output     None          No                  ON           None           No                                 ---              ---              ---                 120              ---          OFF   8                  ---              5                 ---                       OFF           
D7      fmc_out[33]         GPIO4NB2                                                Fixed       LVCMOS25  Output     None          No                  ON           None           No                                 ---              ---              ---                 120              ---          OFF   8                  ---              5                 ---                       OFF           
D8                          GPIO6NB2                                                Unassigned  
D9                          GPIO8NB2/DQS                                            Unassigned  
D10                         VDDI2                                                   Reserved    
D11                         GPIO13NB2                                               Unassigned  
D12                         GPIO15NB2                                               Unassigned  
D13                         GPIO16NB2/LPRB_B                                        Unassigned  
D14                         GPIO16PB2/LPRB_A                                        Unassigned  
D15                         VSS                                                     Reserved    
D16     fmc_in[27]          GPIO38NB2/DQS                                           Fixed       LVCMOS25  Input      None          No                  ON           Up             No                                 OFF              ---              OFF                 120              OFF          ---   ---                ---              ---               ---                       ---           
D17     fmc_in[26]          GPIO38PB2/DQS/CCC_SE_PLL1_OUT0                          Fixed       LVCMOS25  Input      None          No                  ON           Up             No                                 OFF              ---              OFF                 120              OFF          ---   ---                ---              ---               ---                       ---           
D18     fmc_out[1]          GPIO39NB2                                               Fixed       LVCMOS25  Output     None          No                  ON           None           No                                 ---              ---              ---                 120              ---          OFF   8                  ---              5                 ---                       OFF           
D19     fmc_out[0]          GPIO39PB2/CCC_SE_CLKIN_S_10/CCC_SE_PLL1_OUT0            Fixed       LVCMOS25  Output     None          No                  ON           None           No                                 ---              ---              ---                 120              ---          OFF   8                  ---              5                 ---                       OFF           
D20                         GPIO35NB2                                               Unassigned  
D21                         GPIO35PB2/CLKIN_S_9/CCC_SE_CLKIN_S_9                    Unassigned  
D22     fmc_in[2]           GPIO33NB2                                               Fixed       LVCMOS25  Input      None          No                  ON           Up             No                                 OFF              ---              OFF                 120              OFF          ---   ---                ---              ---               ---                       ---           
E1                          GPIO137PB4/CLKIN_W_2/CCC_SW_CLKIN_W_2/CCC_SW_PLL0_OUT0  Unassigned  
E2                          VSS                                                     Reserved    
E3                          GPIO140PB4                                              Unassigned  
E4      fmc_out[2]          GPIO142PB2/CCC_SW_CLKIN_S_0                             Fixed       LVCMOS25  Output     None          No                  ON           None           No                                 ---              ---              ---                 120              ---          OFF   8                  ---              5                 ---                       OFF           
E5      fmc_out[21]         GPIO0PB2                                                Fixed       LVCMOS25  Output     None          No                  ON           None           No                                 ---              ---              ---                 120              ---          OFF   8                  ---              5                 ---                       OFF           
E6      fmc_out[20]         GPIO0NB2                                                Fixed       LVCMOS25  Output     None          No                  ON           None           No                                 ---              ---              ---                 120              ---          OFF   8                  ---              5                 ---                       OFF           
E7                          VDDI2                                                   Reserved    
E8                          GPIO6PB2                                                Unassigned  
E9                          GPIO8PB2/DQS                                            Unassigned  
E10     fmc_out[4]          GPIO10NB2                                               Fixed       LVCMOS25  Output     None          No                  ON           None           No                                 ---              ---              ---                 120              ---          OFF   8                  ---              5                 ---                       OFF           
E11     fmc_in[16]          GPIO20NB2/DQS                                           Fixed       LVCMOS25  Input      None          No                  ON           Up             No                                 OFF              ---              OFF                 120              OFF          ---   ---                ---              ---               ---                       ---           
E12                         VSS                                                     Reserved    
E13     fmc_in[14]          GPIO22NB2                                               Fixed       LVCMOS25  Input      None          No                  ON           Up             No                                 OFF              ---              OFF                 120              OFF          ---   ---                ---              ---               ---                       ---           
E14     fmc_in[15]          GPIO22PB2                                               Fixed       LVCMOS25  Input      None          No                  ON           Up             No                                 OFF              ---              OFF                 120              OFF          ---   ---                ---              ---               ---                       ---           
E15     fmc_in[29]          GPIO40NB2                                               Fixed       LVCMOS25  Input      None          No                  ON           Up             No                                 OFF              ---              OFF                 120              OFF          ---   ---                ---              ---               ---                       ---           
E16                         GPIO41NB2                                               Unassigned  
E17                         VDDI2                                                   Reserved    
E18     fmc_in[18]          GPIO37NB2                                               Fixed       LVCMOS25  Input      None          No                  ON           Up             No                                 OFF              ---              OFF                 120              OFF          ---   ---                ---              ---               ---                       ---           
E19     fmc_in[19]          GPIO37PB2                                               Fixed       LVCMOS25  Input      None          No                  ON           Up             No                                 OFF              ---              OFF                 120              OFF          ---   ---                ---              ---               ---                       ---           
E20                         VDDI2                                                   Reserved    
E21                         VSS                                                     Reserved    
E22                         VSS                                                     Reserved    
F1                          GPIO137NB4                                              Unassigned  
F2                          GPIO136PB4/CCC_SW_PLL0_OUT1                             Unassigned  
F3                          GPIO140NB4                                              Unassigned  
F4                          VDDI4                                                   Reserved    
F5                          GPIO141NB4                                              Unassigned  
F6                          TMS                                                     Reserved    
F7                          TDO                                                     Reserved    
F8                          SS                                                      Reserved    
F9                          VSS                                                     Reserved    
F10     fmc_out[5]          GPIO10PB2                                               Fixed       LVCMOS25  Output     None          No                  ON           None           No                                 ---              ---              ---                 120              ---          OFF   8                  ---              5                 ---                       OFF           
F11     fmc_in[17]          GPIO20PB2/DQS                                           Fixed       LVCMOS25  Input      None          No                  ON           Up             No                                 OFF              ---              OFF                 120              OFF          ---   ---                ---              ---               ---                       ---           
F12     fmc_in[10]          GPIO19NB2                                               Fixed       LVCMOS25  Input      None          No                  ON           Up             No                                 OFF              ---              OFF                 120              OFF          ---   ---                ---              ---               ---                       ---           
F13     fmc_in[11]          GPIO19PB2                                               Fixed       LVCMOS25  Input      None          No                  ON           Up             No                                 OFF              ---              OFF                 120              OFF          ---   ---                ---              ---               ---                       ---           
F14                         VDDI2                                                   Reserved    
F15     fmc_in[28]          GPIO40PB2/CCC_SE_PLL1_OUT1                              Fixed       LVCMOS25  Input      None          No                  ON           Up             No                                 OFF              ---              OFF                 120              OFF          ---   ---                ---              ---               ---                       ---           
F16                         GPIO41PB2/CCC_SE_CLKIN_S_11                             Unassigned  
F17     fmc_in[13]          GPIO36PB2                                               Fixed       LVCMOS25  Input      None          No                  ON           Up             No                                 OFF              ---              OFF                 120              OFF          ---   ---                ---              ---               ---                       ---           
F18                         VSS                                                     Reserved    
F19                         VSS                                                     Reserved    
F20                         VSS                                                     Reserved    
F21                         XCVR_0_TX0_N                                            Reserved    
F22                         XCVR_0_TX0_P                                            Reserved    
G1                          VDDI4                                                   Reserved    
G2                          GPIO136NB4                                              Unassigned  
G3                          GPIO138NB4                                              Unassigned  
G4                          GPIO138PB4/CLKIN_W_1/CCC_SW_CLKIN_W_1                   Unassigned  
G5                          GPIO141PB4/CLKIN_W_0/CCC_SW_CLKIN_W_0                   Unassigned  
G6                          VSS                                                     Reserved    
G7                          TDI                                                     Reserved    
G8                          DEVRST_N                                                Reserved    
G9                          SDI                                                     Reserved    
G10                         RESERVED                                                Reserved    
G11                         VDDI3                                                   Reserved    
G12     fmc_out[14]         GPIO18NB2                                               Fixed       LVCMOS25  Output     None          No                  ON           None           No                                 ---              ---              ---                 120              ---          OFF   8                  ---              5                 ---                       OFF           
G13     fmc_in[33]          GPIO23NB2                                               Fixed       LVCMOS25  Input      None          No                  ON           Up             No                                 OFF              ---              OFF                 120              OFF          ---   ---                ---              ---               ---                       ---           
G14     fmc_in[32]          GPIO23PB2                                               Fixed       LVCMOS25  Input      None          No                  ON           Up             No                                 OFF              ---              OFF                 120              OFF          ---   ---                ---              ---               ---                       ---           
G15     fmc_in[9]           GPIO21PB2                                               Fixed       LVCMOS25  Input      None          No                  ON           Up             No                                 OFF              ---              OFF                 120              OFF          ---   ---                ---              ---               ---                       ---           
G16                         VSS                                                     Reserved    
G17     fmc_in[12]          GPIO36NB2                                               Fixed       LVCMOS25  Input      None          No                  ON           Up             No                                 OFF              ---              OFF                 120              OFF          ---   ---                ---              ---               ---                       ---           
G18                         VSS                                                     Reserved    
G19                         XCVR_0_RX0_P                                            Reserved    
G20                         XCVR_0_RX0_N                                            Reserved    
G21                         VDDA                                                    Reserved    
G22                         VSS                                                     Reserved    
H1                          GPIO131PB4/CLKIN_W_5/CCC_NW_CLKIN_W_5                   Unassigned  
H2                          GPIO134PB4                                              Unassigned  
H3                          VSS                                                     Reserved    
H4                          SDO                                                     Reserved    
H5                          SCK                                                     Reserved    
H6                          IO_CFG_INTF                                             Reserved    
H7                          TRSTB                                                   Reserved    
H8                          VDD25                                                   Reserved    
H9                          SPI_EN                                                  Reserved    
H10                         TCK                                                     Reserved    
H11                         VDDAUX2                                                 Reserved    
H12     fmc_out[15]         GPIO18PB2                                               Fixed       LVCMOS25  Output     None          No                  ON           None           No                                 ---              ---              ---                 120              ---          OFF   8                  ---              5                 ---                       OFF           
H13                         VDDI2                                                   Reserved    
H14                         VDDAUX2                                                 Reserved    
H15     fmc_in[8]           GPIO21NB2                                               Fixed       LVCMOS25  Input      None          No                  ON           Up             No                                 OFF              ---              OFF                 120              OFF          ---   ---                ---              ---               ---                       ---           
H16                         VDDAUX2                                                 Reserved    
H17                         VDDI2                                                   Reserved    
H18                         XCVR_VREF                                               Reserved    
H19                         XCVR_VREF                                               Reserved    
H20                         VSS                                                     Reserved    
H21                         XCVR_0_TX1_N                                            Reserved    
H22                         XCVR_0_TX1_P                                            Reserved    
J1                          GPIO131NB4                                              Unassigned  
J2                          GPIO134NB4                                              Unassigned  
J3                          GPIO133PB4/DQS                                          Unassigned  
J4                          GPIO135NB4                                              Unassigned  
J5                          VDDI4                                                   Reserved    
J6                          GPIO126NB4                                              Unassigned  
J7                          GPIO126PB4                                              Unassigned  
J8                          GPIO129PB4                                              Unassigned  
J9                          GPIO129NB4                                              Unassigned  
J10                         VSS                                                     Reserved    
J11                         VDDI3                                                   Reserved    
J12                         VSS                                                     Reserved    
J13                         VDDAUX2                                                 Reserved    
J14                         VSS                                                     Reserved    
J15                         VDD                                                     Reserved    
J16                         VSS                                                     Reserved    
J17                         VDD25                                                   Reserved    
J18                         VDDA25                                                  Reserved    
J19                         XCVR_0C_REFCLK_P                                        Reserved    
J20                         XCVR_0C_REFCLK_N                                        Reserved    
J21                         VDDA                                                    Reserved    
J22                         VSS                                                     Reserved    
K1                          GPIO130PB4                                              Unassigned  
K2                          VDDI4                                                   Reserved    
K3                          GPIO133NB4/DQS                                          Unassigned  
K4                          GPIO135PB4/CLKIN_W_3/CCC_SW_CLKIN_W_3                   Unassigned  
K5                          GPIO125NB4                                              Unassigned  
K6                          GPIO125PB4                                              Unassigned  
K7                          VSS                                                     Reserved    
K8                          GPIO127NB4/DQS                                          Unassigned  
K9                          GPIO127PB4/DQS                                          Unassigned  
K10                         VDDAUX4                                                 Reserved    
K11                         VSS                                                     Reserved    
K12                         VDD                                                     Reserved    
K13                         VSS                                                     Reserved    
K14                         VDD                                                     Reserved    
K15                         VSS                                                     Reserved    
K16                         VDD                                                     Reserved    
K17                         VSS                                                     Reserved    
K18                         VDD_XCVR_CLK                                            Reserved    
K19                         VDDA                                                    Reserved    
K20                         VSS                                                     Reserved    
K21                         XCVR_0_RX1_P                                            Reserved    
K22                         XCVR_0_RX1_N                                            Reserved    
L1                          GPIO130NB4                                              Unassigned  
L2      PCIe_RST_DIR        GPIO132NB4                                              Fixed       LVCMOS18  Output     None          No                  ON           None           No                                 ---              ---              ---                 120              ---          OFF   8                  ---              5                 ---                       OFF           
L3      USER_RESETN         GPIO132PB4/CLKIN_W_4/CCC_NW_CLKIN_W_4                   Fixed       LVCMOS18  Input      None          No                  ON           Up             No                                 OFF              ---              OFF                 120              OFF          ---   ---                ---              ---               ---                       ---           
L4                          VSS                                                     Reserved    
L5                          GPIO124PB4                                              Unassigned  
L6                          GPIO124NB4                                              Unassigned  
L7                          GPIO128NB4                                              Unassigned  
L8                          GPIO128PB4                                              Unassigned  
L9                          VDDI4                                                   Reserved    
L10                         VSS                                                     Reserved    
L11                         VDD                                                     Reserved    
L12                         VSS                                                     Reserved    
L13                         VDD25                                                   Reserved    
L14                         VSS                                                     Reserved    
L15                         VDD                                                     Reserved    
L16                         VSS                                                     Reserved    
L17                         VDD                                                     Reserved    
L18                         VSS                                                     Reserved    
L19                         XCVR_0A_REFCLK_P                                        Reserved    
L20                         XCVR_0A_REFCLK_N                                        Reserved    
L21                         VDDA                                                    Reserved    
L22                         VSS                                                     Reserved    
M1                          VSS                                                     Reserved    
M2                          GPIO112PB4                                              Unassigned  
M3                          GPIO112NB4                                              Unassigned  
M4                          GPIO114NB4                                              Unassigned  
M5                          GPIO114PB4/CLKIN_W_6/CCC_NW_CLKIN_W_6/CCC_NW_PLL0_OUT1  Unassigned  
M6                          VDDI4                                                   Reserved    
M7                          GPIO119NB4                                              Unassigned  
M8                          GPIO119PB4                                              Unassigned  
M9                          GPIO123PB4                                              Unassigned  
M10                         VDDAUX4                                                 Reserved    
M11                         VSS                                                     Reserved    
M12                         VDD                                                     Reserved    
M13                         VSS                                                     Reserved    
M14                         VDD                                                     Reserved    
M15                         VSS                                                     Reserved    
M16                         VDD                                                     Reserved    
M17                         VSS                                                     Reserved    
M18                         VDDA25                                                  Reserved    
M19                         VSS                                                     Reserved    
M20                         VSS                                                     Reserved    
M21     PCIESS_LANE_RXD2_P  XCVR_0_RX2_P                                            Dedicated   
M22     PCIESS_LANE_RXD2_N  XCVR_0_RX2_N                                            Dedicated   
N1                          GPIO113PB4                                              Unassigned  
N2                          GPIO115PB4/DQS/CCC_NW_PLL0_OUT0                         Unassigned  
N3                          VDDI4                                                   Reserved    
N4                          GPIO116PB4                                              Unassigned  
N5                          GPIO116NB4                                              Unassigned  
N6                          GPIO121NB4/DQS                                          Unassigned  
N7                          GPIO121PB4/DQS                                          Unassigned  
N8                          GPIO123NB4                                              Unassigned  
N9                          VDDAUX4                                                 Reserved    
N10                         VSS                                                     Reserved    
N11                         VDD                                                     Reserved    
N12                         VSS                                                     Reserved    
N13                         VDD                                                     Reserved    
N14                         VDD18                                                   Reserved    
N15                         VDD                                                     Reserved    
N16                         VSS                                                     Reserved    
N17                         VDD                                                     Reserved    
N18                         VSS                                                     Reserved    
N19     REF_CLK_PAD_P       XCVR_0B_REFCLK_P                                        Dedicated   
N20     REF_CLK_PAD_N       XCVR_0B_REFCLK_N                                        Dedicated   
N21                         VDDA                                                    Reserved    
N22                         VSS                                                     Reserved    
P1                          GPIO113NB4                                              Unassigned  
P2                          GPIO115NB4/DQS                                          Unassigned  
P3                          GPIO117NB4                                              Unassigned  
P4                          GPIO117PB4                                              Unassigned  
P5                          VSS                                                     Reserved    
P6      led[1]              GPIO122NB4                                              Fixed       LVCMOS18  Output     None          No                  ON           None           No                                 ---              ---              ---                 120              ---          OFF   8                  ---              5                 ---                       OFF           
P7                          GPIO118PB4                                              Unassigned  
P8                          GPIO118NB4                                              Unassigned  
P9                          GPIO120NB4                                              Unassigned  
P10                         VDD18                                                   Reserved    
P11                         VSS                                                     Reserved    
P12                         VDD18                                                   Reserved    
P13                         VSS                                                     Reserved    
P14                         VDD18                                                   Reserved    
P15                         VSS                                                     Reserved    
P16                         VDD18                                                   Reserved    
P17                         VSS                                                     Reserved    
P18                         VDD_XCVR_CLK                                            Reserved    
P19                         VDDA                                                    Reserved    
P20                         VSS                                                     Reserved    
P21     PCIESS_LANE_TXD2_N  XCVR_0_TX2_N                                            Dedicated   
P22     PCIESS_LANE_TXD2_P  XCVR_0_TX2_P                                            Dedicated   
R1                          GPIO108PB4/CLKIN_W_7/CCC_NW_CLKIN_W_7/CCC_NW_PLL0_OUT0  Unassigned  
R2                          VSS                                                     Reserved    
R3                          GPIO109PB4/DQS                                          Unassigned  
R4                          GPIO109NB4/DQS                                          Unassigned  
R5                          GPIO111PB4                                              Unassigned  
R6      led[0]              GPIO122PB4                                              Fixed       LVCMOS18  Output     None          No                  ON           None           No                                 ---              ---              ---                 120              ---          OFF   8                  ---              5                 ---                       OFF           
R7                          VDDI4                                                   Reserved    
R8                          GPIO120PB4                                              Unassigned  
R9                          VDD25                                                   Reserved    
R10     DQS_N[2]            HSIO81NB0/DQS                                           Fixed       POD12I    Inout      None          No                  ON           None           No                                 OFF              MID              ON                  60               ---          OFF   ---                40               5                 ---                       ---           
R11     DQ[16]              HSIO78NB0                                               Fixed       POD12I    Inout      None          No                  ON           None           No                                 OFF              MID              ON                  60               ---          OFF   ---                40               5                 ---                       ---           
R12     SHIELD2             HSIO78PB0/CLKIN_N_5                                     Fixed       SHIELD12  Output     ---           ---                 ---          ---            ---                                ---              ---              ---                 ---              ---          ---   ---                ---              ---               ---                       ---           
R13     DQ[15]              HSIO71NB1                                               Fixed       POD12I    Inout      None          No                  ON           None           No                                 OFF              MID              ON                  60               ---          OFF   ---                40               5                 ---                       ---           
R14     DM_N[1]             HSIO71PB1                                               Fixed       POD12I    Output     None          No                  ON           None           No                                 ---              ---              ---                 60               ---          OFF   ---                40               5                 ---                       OFF           
R15                         HSIO59NB1                                               Unassigned  
R16                         HSIO59PB1                                               Unassigned  
R17                         VDD25                                                   Reserved    
R18                         VSS                                                     Reserved    
R19                         XCVR_0_RX3_N                                            Reserved    
R20                         XCVR_0_RX3_P                                            Reserved    
R21                         VDDA                                                    Reserved    
R22                         VSS                                                     Reserved    
T1                          GPIO108NB4                                              Unassigned  
T2      vadj_en             GPIO110NB4                                              Fixed       LVCMOS18  Output     None          No                  ON           None           No                                 ---              ---              ---                 120              ---          OFF   8                  ---              5                 ---                       OFF           
T3      vadj_2v5            GPIO110PB4                                              Fixed       LVCMOS18  Output     None          No                  ON           None           No                                 ---              ---              ---                 120              ---          OFF   8                  ---              5                 ---                       OFF           
T4                          VDDI4                                                   Reserved    
T5                          GPIO111NB4                                              Unassigned  
T6                          HSIO97PB0                                               Unassigned  
T7                          HSIO97NB0                                               Unassigned  
T8      DQ[23]              HSIO83NB0                                               Fixed       POD12I    Inout      None          No                  ON           None           No                                 OFF              MID              ON                  60               ---          OFF   ---                40               5                 ---                       ---           
T9                          VSS                                                     Reserved    
T10     DQS[2]              HSIO81PB0/DQS                                           Fixed       POD12I    Inout      None          No                  ON           None           No                                 OFF              MID              ON                  60               ---          OFF   ---                40               5                 ---                       ---           
T11     DQ[22]              HSIO82PB0                                               Fixed       POD12I    Inout      None          No                  ON           None           No                                 OFF              MID              ON                  60               ---          OFF   ---                40               5                 ---                       ---           
T12     DQ[13]              HSIO70NB1                                               Fixed       POD12I    Inout      None          No                  ON           None           No                                 OFF              MID              ON                  60               ---          OFF   ---                40               5                 ---                       ---           
T13     DQ[14]              HSIO70PB1                                               Fixed       POD12I    Inout      None          No                  ON           None           No                                 OFF              MID              ON                  60               ---          OFF   ---                40               5                 ---                       ---           
T14                         VDDI1                                                   Reserved    
T15     RESET_N             HSIO58PB1                                               Fixed       HSTL12I   Output     None          No                  ON           None           No                                 ---              ---              ---                 50               ---          OFF   ---                50               5                 ---                       ---           
T16     CKE                 HSIO57PB1/DQS                                           Fixed       HSTL12I   Output     None          No                  ON           None           No                                 ---              ---              ---                 50               ---          OFF   ---                50               5                 ---                       ---           
T17     CS_N                HSIO57NB1/DQS                                           Fixed       HSTL12I   Output     None          No                  ON           None           No                                 ---              ---              ---                 50               ---          OFF   ---                50               5                 ---                       ---           
T18                         VSS                                                     Reserved    
T19                         VSS                                                     Reserved    
T20                         VSS                                                     Reserved    
T21                         XCVR_0_TX3_N                                            Reserved    
T22                         XCVR_0_TX3_P                                            Reserved    
U1                          VDDI0                                                   Reserved    
U2                          HSIO106NB0                                              Unassigned  
U3                          HSIO106PB0/CCC_NW_CLKIN_N_1                             Unassigned  
U4                          HSIO101PB0                                              Unassigned  
U5                          HSIO101NB0                                              Unassigned  
U6                          VSS                                                     Reserved    
U7                          HSIO99PB0/DQS                                           Unassigned  
U8      DM_N[2]             HSIO83PB0                                               Fixed       POD12I    Output     None          No                  ON           None           No                                 ---              ---              ---                 60               ---          OFF   ---                40               5                 ---                       OFF           
U9      DQ[19]              HSIO80NB0                                               Fixed       POD12I    Inout      None          No                  ON           None           No                                 OFF              MID              ON                  60               ---          OFF   ---                40               5                 ---                       ---           
U10     DQ[21]              HSIO82NB0                                               Fixed       POD12I    Inout      None          No                  ON           None           No                                 OFF              MID              ON                  60               ---          OFF   ---                40               5                 ---                       ---           
U11                         VDDI0                                                   Reserved    
U12     SHIELD1             HSIO66PB1/CLKIN_N_7                                     Fixed       SHIELD12  Output     ---           ---                 ---          ---            ---                                ---              ---              ---                 ---              ---          ---   ---                ---              ---               ---                       ---           
U13     DQ[12]              HSIO68PB1/CLKIN_N_6                                     Fixed       POD12I    Inout      None          No                  ON           None           No                                 OFF              MID              ON                  60               ---          OFF   ---                40               5                 ---                       ---           
U14     DQ[11]              HSIO68NB1                                               Fixed       POD12I    Inout      None          No                  ON           None           No                                 OFF              MID              ON                  60               ---          OFF   ---                40               5                 ---                       ---           
U15     ODT                 HSIO58NB1                                               Fixed       HSTL12I   Output     None          No                  ON           None           No                                 ---              ---              ---                 50               ---          OFF   ---                50               5                 ---                       ---           
U16                         VSS                                                     Reserved    
U17     BG[0]               HSIO56NB1                                               Fixed       HSTL12I   Output     None          No                  ON           None           No                                 ---              ---              ---                 50               ---          OFF   ---                50               5                 ---                       ---           
U18     BG[1]               HSIO56PB1                                               Fixed       HSTL12I   Output     None          No                  ON           None           No                                 ---              ---              ---                 50               ---          OFF   ---                50               5                 ---                       ---           
U19     BA[0]               HSIO54PB1                                               Fixed       HSTL12I   Output     None          No                  ON           None           No                                 ---              ---              ---                 50               ---          OFF   ---                50               5                 ---                       ---           
U20                         VSS                                                     Reserved    
U21                         VSS                                                     Reserved    
U22                         VSS                                                     Reserved    
V1                          HSIO105NB0/DQS                                          Unassigned  
V2                          HSIO105PB0/DQS/CCC_NW_PLL1_OUT0                         Unassigned  
V3                          VSS                                                     Reserved    
V4                          HSIO100NB0                                              Unassigned  
V5                          HSIO98PB0                                               Unassigned  
V6                          HSIO98NB0                                               Unassigned  
V7                          HSIO99NB0/DQS                                           Unassigned  
V8                          VDDI0                                                   Reserved    
V9      DQ[20]              HSIO80PB0/CLKIN_N_4                                     Fixed       POD12I    Inout      None          No                  ON           None           No                                 OFF              MID              ON                  60               ---          OFF   ---                40               5                 ---                       ---           
V10     DQ[17]              HSIO79NB0                                               Fixed       POD12I    Inout      None          No                  ON           None           No                                 OFF              MID              ON                  60               ---          OFF   ---                40               5                 ---                       ---           
V11     DQ[18]              HSIO79PB0                                               Fixed       POD12I    Inout      None          No                  ON           None           No                                 OFF              MID              ON                  60               ---          OFF   ---                40               5                 ---                       ---           
V12     DQ[8]               HSIO66NB1                                               Fixed       POD12I    Inout      None          No                  ON           None           No                                 OFF              MID              ON                  60               ---          OFF   ---                40               5                 ---                       ---           
V13                         VSS                                                     Reserved    
V14     DQS_N[1]            HSIO69NB1/DQS                                           Fixed       POD12I    Inout      None          No                  ON           None           No                                 OFF              MID              ON                  60               ---          OFF   ---                40               5                 ---                       ---           
V15     DQS[1]              HSIO69PB1/DQS                                           Fixed       POD12I    Inout      None          No                  ON           None           No                                 OFF              MID              ON                  60               ---          OFF   ---                40               5                 ---                       ---           
V16     ACT_N               HSIO55PB1                                               Fixed       HSTL12I   Output     None          No                  ON           None           No                                 ---              ---              ---                 50               ---          OFF   ---                50               5                 ---                       ---           
V17     BA[1]               HSIO55NB1                                               Fixed       HSTL12I   Output     None          No                  ON           None           No                                 ---              ---              ---                 50               ---          OFF   ---                50               5                 ---                       ---           
V18                         VDDI1                                                   Reserved    
V19     RAS_N               HSIO54NB1                                               Fixed       HSTL12I   Output     None          No                  ON           None           No                                 ---              ---              ---                 50               ---          OFF   ---                50               5                 ---                       ---           
V20     A[0]                HSIO42NB1                                               Fixed       HSTL12I   Output     None          No                  ON           None           No                                 ---              ---              ---                 50               ---          OFF   ---                50               5                 ---                       ---           
V21     A[1]                HSIO42PB1/CCC_NE_CLKIN_N_11                             Fixed       HSTL12I   Output     None          No                  ON           None           No                                 ---              ---              ---                 50               ---          OFF   ---                50               5                 ---                       ---           
V22     A[2]                HSIO43NB1                                               Fixed       HSTL12I   Output     None          No                  ON           None           No                                 ---              ---              ---                 50               ---          OFF   ---                50               5                 ---                       ---           
W1                          HSIO102NB0                                              Unassigned  
W2                          HSIO102PB0/CLKIN_N_3/CCC_NW_CLKIN_N_3                   Unassigned  
W3                          HSIO103PB0/CCC_NW_PLL1_OUT1                             Unassigned  
W4                          HSIO100PB0                                              Unassigned  
W5                          VDDI0                                                   Reserved    
W6                          HSIO96PB0                                               Unassigned  
W7                          HSIO96NB0                                               Unassigned  
W8      DM_N[3]             HSIO89NB0                                               Fixed       POD12I    Output     None          No                  ON           None           No                                 ---              ---              ---                 60               ---          OFF   ---                40               5                 ---                       OFF           
W9      SHIELD3             HSIO89PB0                                               Fixed       SHIELD12  Output     ---           ---                 ---          ---            ---                                ---              ---              ---                 ---              ---          ---   ---                ---              ---               ---                       ---           
W10                         VSS                                                     Reserved    
W11     DQ[26]              HSIO85NB0                                               Fixed       POD12I    Inout      None          No                  ON           None           No                                 OFF              MID              ON                  60               ---          OFF   ---                40               5                 ---                       ---           
W12     DQ[9]               HSIO67NB1                                               Fixed       POD12I    Inout      None          No                  ON           None           No                                 OFF              MID              ON                  60               ---          OFF   ---                40               5                 ---                       ---           
W13     DQ[10]              HSIO67PB1                                               Fixed       POD12I    Inout      None          No                  ON           None           No                                 OFF              MID              ON                  60               ---          OFF   ---                40               5                 ---                       ---           
W14     SHIELD0             HSIO65PB1                                               Fixed       SHIELD12  Output     ---           ---                 ---          ---            ---                                ---              ---              ---                 ---              ---          ---   ---                ---              ---               ---                       ---           
W15                         VDDI1                                                   Reserved    
W16     CAS_N               HSIO53PB1                                               Fixed       HSTL12I   Output     None          No                  ON           None           No                                 ---              ---              ---                 50               ---          OFF   ---                50               5                 ---                       ---           
W17     A[9]                HSIO49PB1/CCC_NE_PLL1_OUT1                              Fixed       HSTL12I   Output     None          No                  ON           None           No                                 ---              ---              ---                 50               ---          OFF   ---                50               5                 ---                       ---           
W18     A[8]                HSIO49NB1                                               Fixed       HSTL12I   Output     None          No                  ON           None           No                                 ---              ---              ---                 50               ---          OFF   ---                50               5                 ---                       ---           
W19                         HSIO48NB1                                               Unassigned  
W20                         VSS                                                     Reserved    
W21     CK0_N               HSIO45NB1/DQS                                           Fixed       HSTL12I   Output     None          No                  ON           None           No                                 ---              ---              ---                 50               ---          OFF   ---                50               5                 ---                       ---           
W22     A[3]                HSIO43PB1/CCC_NE_PLL0_OUT1                              Fixed       HSTL12I   Output     None          No                  ON           None           No                                 ---              ---              ---                 50               ---          OFF   ---                50               5                 ---                       ---           
Y1                          HSIO107PB0/CCC_NW_CLKIN_N_0                             Unassigned  
Y2                          VDDI0                                                   Reserved    
Y3                          HSIO103NB0                                              Unassigned  
Y4                          HSIO92PB0                                               Unassigned  
Y5                          HSIO95PB0                                               Unassigned  
Y6                          HSIO95NB0                                               Unassigned  
Y7                          VSS                                                     Reserved    
Y8      DQS_N[3]            HSIO87NB0/DQS                                           Fixed       POD12I    Inout      None          No                  ON           None           No                                 OFF              MID              ON                  60               ---          OFF   ---                40               5                 ---                       ---           
Y9      DQ[24]              HSIO84NB0                                               Fixed       POD12I    Inout      None          No                  ON           None           No                                 OFF              MID              ON                  60               ---          OFF   ---                40               5                 ---                       ---           
Y10     DQ[25]              HSIO84PB0                                               Fixed       POD12I    Inout      None          No                  ON           None           No                                 OFF              MID              ON                  60               ---          OFF   ---                40               5                 ---                       ---           
Y11     DQ[27]              HSIO85PB0                                               Fixed       POD12I    Inout      None          No                  ON           None           No                                 OFF              MID              ON                  60               ---          OFF   ---                40               5                 ---                       ---           
Y12                         VDDI1                                                   Reserved    
Y13     DM_N[0]             HSIO65NB1                                               Fixed       POD12I    Output     None          No                  ON           None           No                                 ---              ---              ---                 60               ---          OFF   ---                40               5                 ---                       OFF           
Y14     DQS[0]              HSIO63PB1/DQS                                           Fixed       POD12I    Inout      None          No                  ON           None           No                                 OFF              MID              ON                  60               ---          OFF   ---                40               5                 ---                       ---           
Y15     DQS_N[0]            HSIO63NB1/DQS                                           Fixed       POD12I    Inout      None          No                  ON           None           No                                 OFF              MID              ON                  60               ---          OFF   ---                40               5                 ---                       ---           
Y16     WE_N                HSIO53NB1                                               Fixed       HSTL12I   Output     None          No                  ON           None           No                                 ---              ---              ---                 50               ---          OFF   ---                50               5                 ---                       ---           
Y17                         VSS                                                     Reserved    
Y18                         HSIO50NB1                                               Unassigned  
Y19                         HSIO48PB1/CLKIN_N_9/CCC_NE_CLKIN_N_9                    Unassigned  
Y20     A[4]                HSIO46NB1                                               Fixed       HSTL12I   Output     None          No                  ON           None           No                                 ---              ---              ---                 50               ---          OFF   ---                50               5                 ---                       ---           
Y21     CK0                 HSIO45PB1/DQS/CCC_NE_PLL0_OUT0                          Fixed       HSTL12I   Output     None          No                  ON           None           No                                 ---              ---              ---                 50               ---          OFF   ---                50               5                 ---                       ---           
Y22                         VDDI1                                                   Reserved    
