Timing Violation Report Min Delay Analysis

SmartTime Version v12.6
Microsemi Corporation - Microsemi Libero Software Release v12.6 (Version 12.900.20.24)
Date: Sun Apr 25 15:31:42 2021


Design: top
Family: PolarFire
Die: MPF100T
Package: FCVG484
Temperature Range: 0 - 100 C
Voltage Range: 0.97 - 1.03 V
Speed Grade: -1
Design State: Post-Layout
Data source: Production
Multi Corner Report Operating Conditions: slow_lv_ht, slow_lv_lt, fast_hv_lt
Scenario for Timing Analysis: timing_analysis


*** IMPORTANT RECOMMENDATION *** If you haven't done so, it is highly recommended to add clock jitter information for each clock domain into Libero SoC through clock uncertainty SDC timing constraints. Please refer to the Libero SoC v12.5 release notes for more details.

Path 1
  From: CoreDMA_IO_CTRL_0/axi_io_ctrl_0/clk_count2[10]:CLK
  To:   CoreDMA_IO_CTRL_0/UART_SD_0/cmd_ctrlr_0/clk_count2[10]:D
  Delay (ns):              0.308
  Slack (ns):              0.039
  Arrival (ns):            6.987
  Required (ns):           6.948
  Operating Conditions: slow_lv_ht

Path 2
  From: CoreDMA_IO_CTRL_0/CoreDMA_Controller_0/CoreDMA_Controller_0/CAXI4DMAOOlOI/CAXI4DMAOOl1I/CAXI4DMAO0OIl/CAXI4DMAl11I[4]:CLK
  To:   CoreDMA_IO_CTRL_0/CoreDMA_Controller_0/CoreDMA_Controller_0/CAXI4DMAI00OI/CAXI4DMAl11I[4]:D
  Delay (ns):              0.305
  Slack (ns):              0.040
  Arrival (ns):            6.981
  Required (ns):           6.941
  Operating Conditions: slow_lv_ht

Path 3
  From: PF_DDR4_SS_0/MSC_i_0/MSC_i_1/MSC_i_8/MSC_i_272/data_shifter_gen[1].data_shifter[1][102]:CLK
  To:   PF_DDR4_SS_0/DDRPHY_BLK_0/IOD_TRAINING_0/COREDDR_TIP_INT_U/u_register_bank/pipelined_generate_block.IOG_DQ_TXDATA_OUT[115]:D
  Delay (ns):              0.313
  Slack (ns):              0.043
  Arrival (ns):            7.021
  Required (ns):           6.978
  Operating Conditions: slow_lv_ht

Path 4
  From: PF_DDR4_SS_0/MSC_i_0/MSC_i_1/MSC_i_8/MSC_i_10/cmd_fifo_wr_data_reg3[8]:CLK
  To:   PF_DDR4_SS_0/MSC_i_0/MSC_i_1/MSC_i_8/MSC_i_10/cmd_fifo_wr_data_reg4[8]:D
  Delay (ns):              0.311
  Slack (ns):              0.047
  Arrival (ns):            7.017
  Required (ns):           6.970
  Operating Conditions: slow_lv_ht

Path 5
  From: CoreDMA_IO_CTRL_0/axi_io_ctrl_0/clk_count2[0]:CLK
  To:   CoreDMA_IO_CTRL_0/UART_SD_0/cmd_ctrlr_0/clk_count2[0]:D
  Delay (ns):              0.312
  Slack (ns):              0.051
  Arrival (ns):            6.558
  Required (ns):           6.507
  Operating Conditions: slow_lv_lt

Path 6
  From: CoreDMA_IO_CTRL_0/axi_io_ctrl_0/clk_count2[1]:CLK
  To:   CoreDMA_IO_CTRL_0/UART_SD_0/cmd_ctrlr_0/clk_count2[1]:D
  Delay (ns):              0.318
  Slack (ns):              0.057
  Arrival (ns):            6.564
  Required (ns):           6.507
  Operating Conditions: slow_lv_lt

Path 7
  From: CoreDMA_IO_CTRL_0/CoreDMA_Controller_0/CoreDMA_Controller_0/CAXI4DMAOOlOI/CAXI4DMAOOl1I/CAXI4DMAO0OIl/CAXI4DMAl11I[11]:CLK
  To:   CoreDMA_IO_CTRL_0/CoreDMA_Controller_0/CoreDMA_Controller_0/CAXI4DMAI00OI/CAXI4DMAl11I[11]:D
  Delay (ns):              0.317
  Slack (ns):              0.061
  Arrival (ns):            6.564
  Required (ns):           6.503
  Operating Conditions: slow_lv_lt

Path 8
  From: CoreDMA_IO_CTRL_0/axi_io_ctrl_0/clk_count2[8]:CLK
  To:   CoreDMA_IO_CTRL_0/UART_SD_0/cmd_ctrlr_0/clk_count2[8]:D
  Delay (ns):              0.217
  Slack (ns):              0.064
  Arrival (ns):            4.561
  Required (ns):           4.497
  Operating Conditions: fast_hv_lt

Path 9
  From: PF_DDR4_SS_0/MSC_i_0/MSC_i_1/MSC_i_8/MSC_i_169/MSC_i_195/fr4.dfi_in_p3_r:CLK
  To:   PF_DDR4_SS_0/MSC_i_0/MSC_i_1/MSC_i_8/MSC_i_272/data_shifter_gen[1].data_shifter[1][110]:D
  Delay (ns):              0.146
  Slack (ns):              0.069
  Arrival (ns):            4.509
  Required (ns):           4.440
  Operating Conditions: fast_hv_lt

Path 10
  From: PF_DDR4_SS_0/MSC_i_0/MSC_i_1/MSC_i_8/MSC_i_140/MSC_i_141/MSC_i_157/data_shifter_gen[20].data_shifter[20][0]:CLK
  To:   PF_DDR4_SS_0/MSC_i_0/MSC_i_1/MSC_i_8/MSC_i_140/MSC_i_141/MSC_i_157/data_shifter_gen[19].data_shifter[19][0]:D
  Delay (ns):              0.146
  Slack (ns):              0.069
  Arrival (ns):            4.520
  Required (ns):           4.451
  Operating Conditions: fast_hv_lt

Path 11
  From: PF_DDR4_SS_0/MSC_i_0/MSC_i_1/MSC_i_8/dfi_rddata_postdbi_r[69]:CLK
  To:   PF_DDR4_SS_0/MSC_i_0/MSC_i_1/MSC_i_8/l_rd_data_to_mp_r[69]:D
  Delay (ns):              0.291
  Slack (ns):              0.070
  Arrival (ns):            7.015
  Required (ns):           6.945
  Operating Conditions: slow_lv_ht

Path 12
  From: PF_DDR4_SS_0/MSC_i_0/MSC_i_1/MSC_i_8/MSC_i_273/dfi_bank_r2[0]:CLK
  To:   PF_DDR4_SS_0/DDRPHY_BLK_0/IOD_TRAINING_0/COREDDR_TIP_INT_U/u_register_bank/pipelined_generate_block.DFI_BANK_P0_OUT[0]:D
  Delay (ns):              0.147
  Slack (ns):              0.070
  Arrival (ns):            4.498
  Required (ns):           4.428
  Operating Conditions: fast_hv_lt

Path 13
  From: PF_DDR4_SS_0/MSC_i_0/MSC_i_1/MSC_i_8/MSC_i_169/gen_fr4.DFI_WRDATA_ALIGN_eq_0.dfi_wrdata_p3_po_r1[6]:CLK
  To:   PF_DDR4_SS_0/MSC_i_0/MSC_i_1/MSC_i_8/MSC_i_272/data_shifter_gen[1].data_shifter[1][46]:D
  Delay (ns):              0.146
  Slack (ns):              0.070
  Arrival (ns):            4.512
  Required (ns):           4.442
  Operating Conditions: fast_hv_lt

Path 14
  From: PF_DDR4_SS_0/MSC_i_0/MSC_i_1/MSC_i_8/MSC_i_140/MSC_i_141/MSC_i_161/data_shifter_gen[17].data_shifter[17][0]:CLK
  To:   PF_DDR4_SS_0/MSC_i_0/MSC_i_1/MSC_i_8/MSC_i_140/MSC_i_141/MSC_i_161/data_shifter_gen[16].data_shifter[16][0]:D
  Delay (ns):              0.146
  Slack (ns):              0.070
  Arrival (ns):            4.503
  Required (ns):           4.433
  Operating Conditions: fast_hv_lt

Path 15
  From: PF_DDR4_SS_0/MSC_i_0/MSC_i_1/MSC_i_8/MSC_i_140/MSC_i_141/MSC_i_161/data_shifter_gen[14].data_shifter[14][1]:CLK
  To:   PF_DDR4_SS_0/MSC_i_0/MSC_i_1/MSC_i_8/MSC_i_140/MSC_i_141/MSC_i_161/data_shifter_gen[13].data_shifter[13][1]:D
  Delay (ns):              0.146
  Slack (ns):              0.070
  Arrival (ns):            4.519
  Required (ns):           4.449
  Operating Conditions: fast_hv_lt

Path 16
  From: PF_DDR4_SS_0/MSC_i_0/MSC_i_1/MSC_i_8/MSC_i_140/MSC_i_141/MSC_i_157/data_shifter_gen[25].data_shifter[25][1]:CLK
  To:   PF_DDR4_SS_0/MSC_i_0/MSC_i_1/MSC_i_8/MSC_i_140/MSC_i_141/MSC_i_157/data_shifter_gen[24].data_shifter[24][1]:D
  Delay (ns):              0.147
  Slack (ns):              0.070
  Arrival (ns):            4.521
  Required (ns):           4.451
  Operating Conditions: fast_hv_lt

Path 17
  From: PF_DDR4_SS_0/MSC_i_0/MSC_i_1/MSC_i_8/MSC_i_140/MSC_i_141/MSC_i_157/data_shifter_gen[23].data_shifter[23][1]:CLK
  To:   PF_DDR4_SS_0/MSC_i_0/MSC_i_1/MSC_i_8/MSC_i_140/MSC_i_141/MSC_i_157/data_shifter_gen[22].data_shifter[22][1]:D
  Delay (ns):              0.146
  Slack (ns):              0.070
  Arrival (ns):            4.521
  Required (ns):           4.451
  Operating Conditions: fast_hv_lt

Path 18
  From: PF_DDR4_SS_0/MSC_i_0/MSC_i_1/MSC_i_8/MSC_i_10/cmd_fifo_wr_data_reg2[18]:CLK
  To:   PF_DDR4_SS_0/MSC_i_0/MSC_i_1/MSC_i_8/MSC_i_10/cmd_fifo_wr_data_reg3[18]:D
  Delay (ns):              0.147
  Slack (ns):              0.070
  Arrival (ns):            4.508
  Required (ns):           4.438
  Operating Conditions: fast_hv_lt

Path 19
  From: AXI4_Interconnect_0/AXI4_Interconnect_0/SlvConvertor_loop[2].slvcnv/slvCDC/genblk1.cdc_BChan/wrPtr_s1[1]:CLK
  To:   AXI4_Interconnect_0/AXI4_Interconnect_0/SlvConvertor_loop[2].slvcnv/slvCDC/genblk1.cdc_BChan/wrPtr_s2[1]:D
  Delay (ns):              0.147
  Slack (ns):              0.070
  Arrival (ns):            4.496
  Required (ns):           4.426
  Operating Conditions: fast_hv_lt

Path 20
  From: PF_DDR4_SS_0/MSC_i_0/MSC_i_1/MSC_i_8/MSC_i_273/dfi_address_r2[11]:CLK
  To:   PF_DDR4_SS_0/DDRPHY_BLK_0/IOD_TRAINING_0/COREDDR_TIP_INT_U/u_register_bank/pipelined_generate_block.DFI_ADDRESS_P0_OUT[11]:D
  Delay (ns):              0.148
  Slack (ns):              0.071
  Arrival (ns):            4.498
  Required (ns):           4.427
  Operating Conditions: fast_hv_lt

Path 21
  From: PF_DDR4_SS_0/MSC_i_0/MSC_i_1/MSC_i_8/MSC_i_10/wr_data_packed[119]:CLK
  To:   PF_DDR4_SS_0/MSC_i_0/MSC_i_1/MSC_i_8/MSC_i_10/wr_data_fifo_wr_data[119]:D
  Delay (ns):              0.147
  Slack (ns):              0.071
  Arrival (ns):            4.500
  Required (ns):           4.429
  Operating Conditions: fast_hv_lt

Path 22
  From: PF_DDR4_SS_0/MSC_i_0/MSC_i_1/MSC_i_8/MSC_i_10/araddr_r1[29]:CLK
  To:   PF_DDR4_SS_0/MSC_i_0/MSC_i_1/MSC_i_8/MSC_i_10/rd_cmd_wr_data[29]:D
  Delay (ns):              0.147
  Slack (ns):              0.071
  Arrival (ns):            4.506
  Required (ns):           4.435
  Operating Conditions: fast_hv_lt

Path 23
  From: AXI4_Interconnect_0/AXI4_Interconnect_0/SlvConvertor_loop[2].slvcnv/slvCDC/genblk1.cdc_RChan/wrPtr_s1[0]:CLK
  To:   AXI4_Interconnect_0/AXI4_Interconnect_0/SlvConvertor_loop[2].slvcnv/slvCDC/genblk1.cdc_RChan/wrPtr_s2[0]:D
  Delay (ns):              0.147
  Slack (ns):              0.071
  Arrival (ns):            4.514
  Required (ns):           4.443
  Operating Conditions: fast_hv_lt

Path 24
  From: PF_RESET_0/PF_RESET_0/dff_6:CLK
  To:   PF_RESET_0/PF_RESET_0/dff_7:D
  Delay (ns):              0.148
  Slack (ns):              0.072
  Arrival (ns):            4.495
  Required (ns):           4.423
  Operating Conditions: fast_hv_lt

Path 25
  From: PF_DDR4_SS_0/MSC_i_0/MSC_i_1/MSC_i_8/MSC_i_10/cmd_fifo_wr_data_reg1[21]:CLK
  To:   PF_DDR4_SS_0/MSC_i_0/MSC_i_1/MSC_i_8/MSC_i_10/cmd_fifo_wr_data_reg2[21]:D
  Delay (ns):              0.148
  Slack (ns):              0.072
  Arrival (ns):            4.508
  Required (ns):           4.436
  Operating Conditions: fast_hv_lt

Path 26
  From: PF_DDR4_SS_0/DDRPHY_BLK_0/IOD_TRAINING_0/COREDDR_TIP_INT_U/TIP_CTRL_BLK/LEVELLING/IOG_IF/move_int[1]:CLK
  To:   PF_DDR4_SS_0/DDRPHY_BLK_0/IOD_TRAINING_0/COREDDR_TIP_INT_U/MOVE[1]:D
  Delay (ns):              0.148
  Slack (ns):              0.072
  Arrival (ns):            4.517
  Required (ns):           4.445
  Operating Conditions: fast_hv_lt

Path 27
  From: PF_DDR4_SS_0/MSC_i_0/MSC_i_1/MSC_i_8/MSC_i_140/MSC_i_141/MSC_i_161/data_shifter_gen[38].data_shifter[38][1]:CLK
  To:   PF_DDR4_SS_0/MSC_i_0/MSC_i_1/MSC_i_8/MSC_i_140/MSC_i_141/MSC_i_161/data_shifter_gen[37].data_shifter[37][1]:D
  Delay (ns):              0.149
  Slack (ns):              0.073
  Arrival (ns):            4.519
  Required (ns):           4.446
  Operating Conditions: fast_hv_lt

Path 28
  From: PF_DDR4_SS_0/MSC_i_0/MSC_i_1/MSC_i_8/MSC_i_140/MSC_i_141/MSC_i_157/data_shifter_gen[9].data_shifter[9][1]:CLK
  To:   PF_DDR4_SS_0/MSC_i_0/MSC_i_1/MSC_i_8/MSC_i_140/MSC_i_141/MSC_i_157/data_shifter_gen[8].data_shifter[8][1]:D
  Delay (ns):              0.148
  Slack (ns):              0.073
  Arrival (ns):            4.522
  Required (ns):           4.449
  Operating Conditions: fast_hv_lt

Path 29
  From: PF_DDR4_SS_0/MSC_i_0/MSC_i_1/MSC_i_8/MSC_i_140/MSC_i_141/MSC_i_157/data_shifter_gen[37].data_shifter[37][0]:CLK
  To:   PF_DDR4_SS_0/MSC_i_0/MSC_i_1/MSC_i_8/MSC_i_140/MSC_i_141/MSC_i_157/data_shifter_gen[36].data_shifter[36][0]:D
  Delay (ns):              0.149
  Slack (ns):              0.073
  Arrival (ns):            4.533
  Required (ns):           4.460
  Operating Conditions: fast_hv_lt

Path 30
  From: PF_DDR4_SS_0/MSC_i_0/MSC_i_1/MSC_i_8/MSC_i_140/MSC_i_141/MSC_i_157/data_shifter_gen[10].data_shifter[10][1]:CLK
  To:   PF_DDR4_SS_0/MSC_i_0/MSC_i_1/MSC_i_8/MSC_i_140/MSC_i_141/MSC_i_157/data_shifter_gen[9].data_shifter[9][1]:D
  Delay (ns):              0.150
  Slack (ns):              0.073
  Arrival (ns):            4.523
  Required (ns):           4.450
  Operating Conditions: fast_hv_lt

Path 31
  From: PF_DDR4_SS_0/MSC_i_0/MSC_i_1/MSC_i_8/MSC_i_140/MSC_i_141/MSC_i_157/data_shifter_gen[10].data_shifter[10][0]:CLK
  To:   PF_DDR4_SS_0/MSC_i_0/MSC_i_1/MSC_i_8/MSC_i_140/MSC_i_141/MSC_i_157/data_shifter_gen[9].data_shifter[9][0]:D
  Delay (ns):              0.150
  Slack (ns):              0.073
  Arrival (ns):            4.527
  Required (ns):           4.454
  Operating Conditions: fast_hv_lt

Path 32
  From: PF_DDR4_SS_0/MSC_i_0/MSC_i_1/MSC_i_8/MSC_i_10/araddr_r1[30]:CLK
  To:   PF_DDR4_SS_0/MSC_i_0/MSC_i_1/MSC_i_8/MSC_i_10/rd_cmd_wr_data[30]:D
  Delay (ns):              0.150
  Slack (ns):              0.073
  Arrival (ns):            4.507
  Required (ns):           4.434
  Operating Conditions: fast_hv_lt

Path 33
  From: PF_DDR4_SS_0/DDRPHY_BLK_0/IOD_TRAINING_0/COREDDR_TIP_INT_U/u_register_bank/pipelined_generate_block.IOG_DM_TXDATA_OUT[12]:CLK
  To:   PF_DDR4_SS_0/DDRPHY_BLK_0/IOD_TRAINING_0/COREDDR_TIP_INT_U/TIP_CTRL_BLK/PHY_SIG_MOD/iog_dm_txdata_in_reg[12]:D
  Delay (ns):              0.149
  Slack (ns):              0.073
  Arrival (ns):            4.512
  Required (ns):           4.439
  Operating Conditions: fast_hv_lt

Path 34
  From: PF_DDR4_SS_0/MSC_i_0/MSC_i_1/MSC_i_8/MSC_i_273/dfi_act_n_r2:CLK
  To:   PF_DDR4_SS_0/DDRPHY_BLK_0/IOD_TRAINING_0/COREDDR_TIP_INT_U/u_register_bank/pipelined_generate_block.DFI_ACT_N_P0_OUT:D
  Delay (ns):              0.151
  Slack (ns):              0.074
  Arrival (ns):            4.501
  Required (ns):           4.427
  Operating Conditions: fast_hv_lt

Path 35
  From: PF_DDR4_SS_0/MSC_i_0/MSC_i_1/MSC_i_8/MSC_i_169/MSC_i_183/fr4.dfi_in_p3_r:CLK
  To:   PF_DDR4_SS_0/MSC_i_0/MSC_i_1/MSC_i_8/MSC_i_272/data_shifter_gen[1].data_shifter[1][120]:D
  Delay (ns):              0.150
  Slack (ns):              0.074
  Arrival (ns):            4.524
  Required (ns):           4.450
  Operating Conditions: fast_hv_lt

Path 36
  From: PF_DDR4_SS_0/MSC_i_0/MSC_i_1/MSC_i_8/MSC_i_140/MSC_i_141/MSC_i_161/data_shifter_gen[17].data_shifter[17][1]:CLK
  To:   PF_DDR4_SS_0/MSC_i_0/MSC_i_1/MSC_i_8/MSC_i_140/MSC_i_141/MSC_i_161/data_shifter_gen[16].data_shifter[16][1]:D
  Delay (ns):              0.150
  Slack (ns):              0.074
  Arrival (ns):            4.523
  Required (ns):           4.449
  Operating Conditions: fast_hv_lt

Path 37
  From: PF_DDR4_SS_0/MSC_i_0/MSC_i_1/MSC_i_8/MSC_i_10/wr_data_packed[36]:CLK
  To:   PF_DDR4_SS_0/MSC_i_0/MSC_i_1/MSC_i_8/MSC_i_10/wr_data_fifo_wr_data[36]:D
  Delay (ns):              0.148
  Slack (ns):              0.074
  Arrival (ns):            4.503
  Required (ns):           4.429
  Operating Conditions: fast_hv_lt

Path 38
  From: PF_DDR4_SS_0/MSC_i_0/MSC_i_1/MSC_i_8/MSC_i_10/wr_data_delay_fifo_rd_data_reg[48]:CLK
  To:   PF_DDR4_SS_0/MSC_i_0/MSC_i_1/MSC_i_8/MSC_i_10/wr_data_packed[112]:D
  Delay (ns):              0.150
  Slack (ns):              0.074
  Arrival (ns):            4.503
  Required (ns):           4.429
  Operating Conditions: fast_hv_lt

Path 39
  From: PF_DDR4_SS_0/MSC_i_0/MSC_i_1/MSC_i_8/MSC_i_10/cmd_fifo_wr_data_reg1[47]:CLK
  To:   PF_DDR4_SS_0/MSC_i_0/MSC_i_1/MSC_i_8/MSC_i_10/cmd_fifo_wr_data_reg2[47]:D
  Delay (ns):              0.151
  Slack (ns):              0.074
  Arrival (ns):            4.518
  Required (ns):           4.444
  Operating Conditions: fast_hv_lt

Path 40
  From: PF_DDR4_SS_0/MSC_i_0/MSC_i_1/MSC_i_8/MSC_i_10/MSC_i_53/MSC_i_54/MSC_i_56/MSC_i_58/MSC_i_60/s0:CLK
  To:   PF_DDR4_SS_0/MSC_i_0/MSC_i_1/MSC_i_8/MSC_i_10/MSC_i_53/MSC_i_54/MSC_i_56/MSC_i_58/MSC_i_60/s1:D
  Delay (ns):              0.150
  Slack (ns):              0.074
  Arrival (ns):            4.530
  Required (ns):           4.456
  Operating Conditions: fast_hv_lt

Path 41
  From: PF_DDR4_SS_0/DDRPHY_BLK_0/IOD_TRAINING_0/COREDDR_TIP_INT_U/TIP_CTRL_BLK/LEVELLING/IOG_IF/move_int[5]:CLK
  To:   PF_DDR4_SS_0/DDRPHY_BLK_0/IOD_TRAINING_0/COREDDR_TIP_INT_U/MOVE[5]:D
  Delay (ns):              0.151
  Slack (ns):              0.074
  Arrival (ns):            4.519
  Required (ns):           4.445
  Operating Conditions: fast_hv_lt

Path 42
  From: CoreDMA_IO_CTRL_0/CoreAXI4_Lite_0/CoreAXI4_Lite_0/MstConvertor_loop[0].mstrconv/rgsl/genblk3.rrs/sDat[11]:CLK
  To:   CoreDMA_IO_CTRL_0/axi4dma_init_0/reg_rdata[7]:D
  Delay (ns):              0.150
  Slack (ns):              0.074
  Arrival (ns):            4.505
  Required (ns):           4.431
  Operating Conditions: fast_hv_lt

Path 43
  From: PF_RESET_0/PF_RESET_0/dff_10:CLK
  To:   PF_RESET_0/PF_RESET_0/dff_11:D
  Delay (ns):              0.152
  Slack (ns):              0.075
  Arrival (ns):            4.498
  Required (ns):           4.423
  Operating Conditions: fast_hv_lt

Path 44
  From: PF_DDR4_SS_0/MSC_i_0/MSC_i_1/MSC_i_8/MSC_i_273/dfi_we_n_r2:CLK
  To:   PF_DDR4_SS_0/DDRPHY_BLK_0/IOD_TRAINING_0/COREDDR_TIP_INT_U/u_register_bank/pipelined_generate_block.DFI_WE_N_P0_OUT:D
  Delay (ns):              0.152
  Slack (ns):              0.075
  Arrival (ns):            4.502
  Required (ns):           4.427
  Operating Conditions: fast_hv_lt

Path 45
  From: PF_DDR4_SS_0/MSC_i_0/MSC_i_1/MSC_i_8/MSC_i_273/dfi_address_r2[8]:CLK
  To:   PF_DDR4_SS_0/DDRPHY_BLK_0/IOD_TRAINING_0/COREDDR_TIP_INT_U/u_register_bank/pipelined_generate_block.DFI_ADDRESS_P0_OUT[8]:D
  Delay (ns):              0.151
  Slack (ns):              0.075
  Arrival (ns):            4.498
  Required (ns):           4.423
  Operating Conditions: fast_hv_lt

Path 46
  From: PF_DDR4_SS_0/MSC_i_0/MSC_i_1/MSC_i_8/MSC_i_140/MSC_i_141/MSC_i_161/data_shifter_gen[19].data_shifter[19][1]:CLK
  To:   PF_DDR4_SS_0/MSC_i_0/MSC_i_1/MSC_i_8/MSC_i_140/MSC_i_141/MSC_i_161/data_shifter_gen[18].data_shifter[18][1]:D
  Delay (ns):              0.151
  Slack (ns):              0.075
  Arrival (ns):            4.524
  Required (ns):           4.449
  Operating Conditions: fast_hv_lt

Path 47
  From: PF_DDR4_SS_0/MSC_i_0/MSC_i_1/MSC_i_8/MSC_i_140/MSC_i_141/MSC_i_157/data_shifter_gen[26].data_shifter[26][0]:CLK
  To:   PF_DDR4_SS_0/MSC_i_0/MSC_i_1/MSC_i_8/MSC_i_140/MSC_i_141/MSC_i_157/data_shifter_gen[25].data_shifter[25][0]:D
  Delay (ns):              0.151
  Slack (ns):              0.075
  Arrival (ns):            4.525
  Required (ns):           4.450
  Operating Conditions: fast_hv_lt

Path 48
  From: PF_DDR4_SS_0/MSC_i_0/MSC_i_1/MSC_i_8/MSC_i_140/MSC_i_141/MSC_i_157/data_shifter_gen[17].data_shifter[17][1]:CLK
  To:   PF_DDR4_SS_0/MSC_i_0/MSC_i_1/MSC_i_8/MSC_i_140/MSC_i_141/MSC_i_157/data_shifter_gen[16].data_shifter[16][1]:D
  Delay (ns):              0.151
  Slack (ns):              0.075
  Arrival (ns):            4.526
  Required (ns):           4.451
  Operating Conditions: fast_hv_lt

Path 49
  From: PF_DDR4_SS_0/DDRPHY_BLK_0/IOD_TRAINING_0/COREDDR_TIP_INT_U/TIP_CTRL_BLK/LEVELLING/IOG_IF/move_int[12]:CLK
  To:   PF_DDR4_SS_0/DDRPHY_BLK_0/IOD_TRAINING_0/COREDDR_TIP_INT_U/MOVE[12]:D
  Delay (ns):              0.152
  Slack (ns):              0.075
  Arrival (ns):            4.523
  Required (ns):           4.448
  Operating Conditions: fast_hv_lt

Path 50
  From: PF_DDR4_SS_0/DDRPHY_BLK_0/IOD_TRAINING_0/COREDDR_TIP_INT_U/TIP_CTRL_BLK/LEVELLING/IOG_IF/move_int[11]:CLK
  To:   PF_DDR4_SS_0/DDRPHY_BLK_0/IOD_TRAINING_0/COREDDR_TIP_INT_U/MOVE[11]:D
  Delay (ns):              0.150
  Slack (ns):              0.075
  Arrival (ns):            4.519
  Required (ns):           4.444
  Operating Conditions: fast_hv_lt

Path 51
  From: AXI4_Interconnect_0/AXI4_Interconnect_0/SlvConvertor_loop[2].slvcnv/slvCDC/genblk1.cdc_AWChan/rdPtr_s1[2]:CLK
  To:   AXI4_Interconnect_0/AXI4_Interconnect_0/SlvConvertor_loop[2].slvcnv/slvCDC/genblk1.cdc_AWChan/rdPtr_s2[2]:D
  Delay (ns):              0.152
  Slack (ns):              0.075
  Arrival (ns):            4.506
  Required (ns):           4.431
  Operating Conditions: fast_hv_lt

Path 52
  From: PF_DDR4_SS_0/MSC_i_0/MSC_i_1/MSC_i_8/MSC_i_273/dfi_reset_n_r1:CLK
  To:   PF_DDR4_SS_0/DDRPHY_BLK_0/IOD_TRAINING_0/COREDDR_TIP_INT_U/u_register_bank/pipelined_generate_block.DFI_RESET_N_P1_OUT:D
  Delay (ns):              0.152
  Slack (ns):              0.076
  Arrival (ns):            4.508
  Required (ns):           4.432
  Operating Conditions: fast_hv_lt

Path 53
  From: PF_DDR4_SS_0/MSC_i_0/MSC_i_1/MSC_i_8/MSC_i_273/dfi_address_r1[9]:CLK
  To:   PF_DDR4_SS_0/DDRPHY_BLK_0/IOD_TRAINING_0/COREDDR_TIP_INT_U/u_register_bank/pipelined_generate_block.DFI_ADDRESS_P2_OUT[9]:D
  Delay (ns):              0.153
  Slack (ns):              0.076
  Arrival (ns):            4.501
  Required (ns):           4.425
  Operating Conditions: fast_hv_lt

Path 54
  From: PF_DDR4_SS_0/MSC_i_0/MSC_i_1/MSC_i_8/MSC_i_273/dfi_address_r1[11]:CLK
  To:   PF_DDR4_SS_0/DDRPHY_BLK_0/IOD_TRAINING_0/COREDDR_TIP_INT_U/u_register_bank/pipelined_generate_block.DFI_ADDRESS_P1_OUT[11]:D
  Delay (ns):              0.152
  Slack (ns):              0.076
  Arrival (ns):            4.502
  Required (ns):           4.426
  Operating Conditions: fast_hv_lt

Path 55
  From: PF_DDR4_SS_0/MSC_i_0/MSC_i_1/MSC_i_8/MSC_i_272/data_shifter_gen[1].data_shifter[1][156]:CLK
  To:   PF_DDR4_SS_0/DDRPHY_BLK_0/IOD_TRAINING_0/COREDDR_TIP_INT_U/u_register_bank/pipelined_generate_block.DFI_WRDATA_EN_P1_OUT:D
  Delay (ns):              0.151
  Slack (ns):              0.076
  Arrival (ns):            4.515
  Required (ns):           4.439
  Operating Conditions: fast_hv_lt

Path 56
  From: PF_DDR4_SS_0/MSC_i_0/MSC_i_1/MSC_i_8/MSC_i_169/gen_fr4.DFI_WRDATA_ALIGN_eq_0.dfi_wrdata_p3_po_r1[4]:CLK
  To:   PF_DDR4_SS_0/MSC_i_0/MSC_i_1/MSC_i_8/MSC_i_272/data_shifter_gen[1].data_shifter[1][44]:D
  Delay (ns):              0.152
  Slack (ns):              0.076
  Arrival (ns):            4.526
  Required (ns):           4.450
  Operating Conditions: fast_hv_lt

Path 57
  From: PF_DDR4_SS_0/MSC_i_0/MSC_i_1/MSC_i_8/MSC_i_169/gen_fr4.DFI_WRDATA_ALIGN_eq_0.dfi_wrdata_p3_po_r1[14]:CLK
  To:   PF_DDR4_SS_0/MSC_i_0/MSC_i_1/MSC_i_8/MSC_i_272/data_shifter_gen[1].data_shifter[1][54]:D
  Delay (ns):              0.153
  Slack (ns):              0.076
  Arrival (ns):            4.532
  Required (ns):           4.456
  Operating Conditions: fast_hv_lt

Path 58
  From: PF_DDR4_SS_0/MSC_i_0/MSC_i_1/MSC_i_8/MSC_i_10/wr_data_packed[112]:CLK
  To:   PF_DDR4_SS_0/MSC_i_0/MSC_i_1/MSC_i_8/MSC_i_10/wr_data_fifo_wr_data[112]:D
  Delay (ns):              0.152
  Slack (ns):              0.076
  Arrival (ns):            4.505
  Required (ns):           4.429
  Operating Conditions: fast_hv_lt

Path 59
  From: PF_DDR4_SS_0/MSC_i_0/MSC_i_1/MSC_i_8/MSC_i_10/MSC_i_53/MSC_i_54/MSC_i_66/din_gray_r[0]:CLK
  To:   PF_DDR4_SS_0/MSC_i_0/MSC_i_1/MSC_i_8/MSC_i_10/MSC_i_53/MSC_i_54/MSC_i_66/MSC_i_68/MSC_i_73/s0:D
  Delay (ns):              0.152
  Slack (ns):              0.076
  Arrival (ns):            4.534
  Required (ns):           4.458
  Operating Conditions: fast_hv_lt

Path 60
  From: PF_DDR4_SS_0/MSC_i_0/MSC_i_1/MSC_i_8/MSC_i_10/MSC_i_23/MSC_i_24/MSC_i_39/din_gray_r[3]:CLK
  To:   PF_DDR4_SS_0/MSC_i_0/MSC_i_1/MSC_i_8/MSC_i_10/MSC_i_23/MSC_i_24/MSC_i_39/MSC_i_41/MSC_i_49/s0:D
  Delay (ns):              0.296
  Slack (ns):              0.076
  Arrival (ns):            6.582
  Required (ns):           6.506
  Operating Conditions: slow_lv_lt

Path 61
  From: PF_DDR4_SS_0/DDRPHY_BLK_0/IOD_TRAINING_0/COREDDR_TIP_INT_U/u_register_bank/pipelined_generate_block.IOG_DQ_TXDATA_OUT[74]:CLK
  To:   PF_DDR4_SS_0/DDRPHY_BLK_0/IOD_TRAINING_0/COREDDR_TIP_INT_U/TIP_CTRL_BLK/PHY_SIG_MOD/iog_dq_txdata_in_reg[74]:D
  Delay (ns):              0.153
  Slack (ns):              0.076
  Arrival (ns):            4.522
  Required (ns):           4.446
  Operating Conditions: fast_hv_lt

Path 62
  From: PF_DDR4_SS_0/DDRPHY_BLK_0/IOD_TRAINING_0/COREDDR_TIP_INT_U/u_register_bank/pipelined_generate_block.IOG_DQ_TXDATA_OUT[118]:CLK
  To:   PF_DDR4_SS_0/DDRPHY_BLK_0/IOD_TRAINING_0/COREDDR_TIP_INT_U/TIP_CTRL_BLK/PHY_SIG_MOD/iog_dq_txdata_in_reg[118]:D
  Delay (ns):              0.152
  Slack (ns):              0.076
  Arrival (ns):            4.522
  Required (ns):           4.446
  Operating Conditions: fast_hv_lt

Path 63
  From: AXI4_Interconnect_0/AXI4_Interconnect_0/SlvConvertor_loop[4].slvcnv/rgsl/genblk2.arrs/sDat[30]:CLK
  To:   PF_DDR4_SS_0/MSC_i_0/MSC_i_1/MSC_i_8/MSC_i_10/arlen_r1[7]:D
  Delay (ns):              0.152
  Slack (ns):              0.076
  Arrival (ns):            4.502
  Required (ns):           4.426
  Operating Conditions: fast_hv_lt

Path 64
  From: PF_DDR4_SS_0/MSC_i_0/MSC_i_1/MSC_i_8/MSC_i_273/dfi_cke_r2[0]:CLK
  To:   PF_DDR4_SS_0/DDRPHY_BLK_0/IOD_TRAINING_0/COREDDR_TIP_INT_U/u_register_bank/pipelined_generate_block.DFI_CKE_P2_OUT:D
  Delay (ns):              0.153
  Slack (ns):              0.077
  Arrival (ns):            4.509
  Required (ns):           4.432
  Operating Conditions: fast_hv_lt

Path 65
  From: PF_DDR4_SS_0/MSC_i_0/MSC_i_1/MSC_i_8/MSC_i_273/dfi_act_n_r1:CLK
  To:   PF_DDR4_SS_0/DDRPHY_BLK_0/IOD_TRAINING_0/COREDDR_TIP_INT_U/u_register_bank/pipelined_generate_block.DFI_ACT_N_P1_OUT:D
  Delay (ns):              0.153
  Slack (ns):              0.077
  Arrival (ns):            4.504
  Required (ns):           4.427
  Operating Conditions: fast_hv_lt

Path 66
  From: PF_DDR4_SS_0/MSC_i_0/MSC_i_1/MSC_i_8/MSC_i_169/gen_fr4.DFI_WRDATA_ALIGN_eq_0.dfi_wrdata_p2_po_r1[6]:CLK
  To:   PF_DDR4_SS_0/MSC_i_0/MSC_i_1/MSC_i_8/MSC_i_272/data_shifter_gen[1].data_shifter[1][78]:D
  Delay (ns):              0.154
  Slack (ns):              0.077
  Arrival (ns):            4.519
  Required (ns):           4.442
  Operating Conditions: fast_hv_lt

Path 67
  From: PF_DDR4_SS_0/MSC_i_0/MSC_i_1/MSC_i_8/MSC_i_140/MSC_i_141/MSC_i_157/data_shifter_gen[22].data_shifter[22][0]:CLK
  To:   PF_DDR4_SS_0/MSC_i_0/MSC_i_1/MSC_i_8/MSC_i_140/MSC_i_141/MSC_i_157/data_shifter_gen[21].data_shifter[21][0]:D
  Delay (ns):              0.153
  Slack (ns):              0.077
  Arrival (ns):            4.527
  Required (ns):           4.450
  Operating Conditions: fast_hv_lt

Path 68
  From: PF_DDR4_SS_0/MSC_i_0/MSC_i_1/MSC_i_8/MSC_i_140/MSC_i_141/MSC_i_156/lat_n0.resettable.data_shifter_2_[122]:CLK
  To:   PF_DDR4_SS_0/MSC_i_0/MSC_i_1/MSC_i_8/MSC_i_273/dfi_address_r1[12]:D
  Delay (ns):              0.153
  Slack (ns):              0.077
  Arrival (ns):            4.496
  Required (ns):           4.419
  Operating Conditions: fast_hv_lt

Path 69
  From: PF_DDR4_SS_0/MSC_i_0/MSC_i_1/MSC_i_8/MSC_i_10/MSC_i_23/MSC_i_24/MSC_i_39/din_gray_r[9]:CLK
  To:   PF_DDR4_SS_0/MSC_i_0/MSC_i_1/MSC_i_8/MSC_i_10/MSC_i_23/MSC_i_24/MSC_i_39/MSC_i_41/MSC_i_42/s0:D
  Delay (ns):              0.151
  Slack (ns):              0.077
  Arrival (ns):            4.518
  Required (ns):           4.441
  Operating Conditions: fast_hv_lt

Path 70
  From: PF_DDR4_SS_0/DDRPHY_BLK_0/IOD_TRAINING_0/COREDDR_TIP_INT_U/u_register_bank/pipelined_generate_block.IOG_DQ_TXDATA_OUT[18]:CLK
  To:   PF_DDR4_SS_0/DDRPHY_BLK_0/IOD_TRAINING_0/COREDDR_TIP_INT_U/TIP_CTRL_BLK/PHY_SIG_MOD/iog_dq_txdata_in_reg[18]:D
  Delay (ns):              0.153
  Slack (ns):              0.077
  Arrival (ns):            4.517
  Required (ns):           4.440
  Operating Conditions: fast_hv_lt

Path 71
  From: CoreDMA_IO_CTRL_0/UART_SD_0/cmd_ctrlr_0/clk_count2[16]:CLK
  To:   CoreDMA_IO_CTRL_0/UART_SD_0/cmd_ctrlr_0/clk_cnt[6][0]:D
  Delay (ns):              0.151
  Slack (ns):              0.077
  Arrival (ns):            4.497
  Required (ns):           4.420
  Operating Conditions: fast_hv_lt

Path 72
  From: AXI4_Interconnect_0/AXI4_Interconnect_0/SlvConvertor_loop[3].slvcnv/rgsl/genblk4.wrs/sDat[48]:CLK
  To:   SRAM_AXI_0/COREAXI4SRAM_0/genblk1.U_SRAM_AXI_COREAXI4SRAM_0_CoreAXI4SRAM_MAINCTRL/genblk1.wdata_sc_r[38]:D
  Delay (ns):              0.153
  Slack (ns):              0.077
  Arrival (ns):            4.520
  Required (ns):           4.443
  Operating Conditions: fast_hv_lt

Path 73
  From: AXI4_Interconnect_0/AXI4_Interconnect_0/SlvConvertor_loop[0].slvcnv/slvCDC/genblk1.cdc_AWChan/wrPtr_s1[1]:CLK
  To:   AXI4_Interconnect_0/AXI4_Interconnect_0/SlvConvertor_loop[0].slvcnv/slvCDC/genblk1.cdc_AWChan/wrPtr_s2[1]:D
  Delay (ns):              0.145
  Slack (ns):              0.077
  Arrival (ns):            1.691
  Required (ns):           1.614
  Operating Conditions: fast_hv_lt

Path 74
  From: PF_RESET_0/PF_RESET_0/dff_13:CLK
  To:   PF_RESET_0/PF_RESET_0/dff_14:D
  Delay (ns):              0.152
  Slack (ns):              0.078
  Arrival (ns):            4.514
  Required (ns):           4.436
  Operating Conditions: fast_hv_lt

Path 75
  From: PF_DDR4_SS_0/MSC_i_0/MSC_i_1/MSC_i_8/MSC_i_273/dfi_odt_p0_r1[0]:CLK
  To:   PF_DDR4_SS_0/DDRPHY_BLK_0/IOD_TRAINING_0/COREDDR_TIP_INT_U/u_register_bank/pipelined_generate_block.DFI_ODT_P3_OUT:D
  Delay (ns):              0.152
  Slack (ns):              0.078
  Arrival (ns):            4.521
  Required (ns):           4.443
  Operating Conditions: fast_hv_lt

Path 76
  From: PF_DDR4_SS_0/MSC_i_0/MSC_i_1/MSC_i_8/MSC_i_252/MSC_i_255/data_r1[33]:CLK
  To:   PF_DDR4_SS_0/MSC_i_0/MSC_i_1/MSC_i_8/MSC_i_252/MSC_i_255/data_r2[33]:D
  Delay (ns):              0.154
  Slack (ns):              0.078
  Arrival (ns):            4.515
  Required (ns):           4.437
  Operating Conditions: fast_hv_lt

Path 77
  From: PF_DDR4_SS_0/MSC_i_0/MSC_i_1/MSC_i_8/MSC_i_169/MSC_i_220/fr4.dfi_in_p3_r:CLK
  To:   PF_DDR4_SS_0/MSC_i_0/MSC_i_1/MSC_i_8/MSC_i_272/data_shifter_gen[1].data_shifter[1][151]:D
  Delay (ns):              0.151
  Slack (ns):              0.078
  Arrival (ns):            4.502
  Required (ns):           4.424
  Operating Conditions: fast_hv_lt

Path 78
  From: PF_DDR4_SS_0/MSC_i_0/MSC_i_1/MSC_i_8/MSC_i_169/MSC_i_201/fr4.dfi_in_p3_r:CLK
  To:   PF_DDR4_SS_0/MSC_i_0/MSC_i_1/MSC_i_8/MSC_i_272/data_shifter_gen[1].data_shifter[1][105]:D
  Delay (ns):              0.151
  Slack (ns):              0.078
  Arrival (ns):            4.524
  Required (ns):           4.446
  Operating Conditions: fast_hv_lt

Path 79
  From: PF_DDR4_SS_0/MSC_i_0/MSC_i_1/MSC_i_8/MSC_i_169/MSC_i_200/fr4.dfi_in_p3_r:CLK
  To:   PF_DDR4_SS_0/MSC_i_0/MSC_i_1/MSC_i_8/MSC_i_272/data_shifter_gen[1].data_shifter[1][131]:D
  Delay (ns):              0.151
  Slack (ns):              0.078
  Arrival (ns):            4.527
  Required (ns):           4.449
  Operating Conditions: fast_hv_lt

Path 80
  From: PF_DDR4_SS_0/MSC_i_0/MSC_i_1/MSC_i_8/MSC_i_140/MSC_i_141/MSC_i_157/data_shifter_gen[34].data_shifter[34][1]:CLK
  To:   PF_DDR4_SS_0/MSC_i_0/MSC_i_1/MSC_i_8/MSC_i_140/MSC_i_141/MSC_i_157/data_shifter_gen[33].data_shifter[33][1]:D
  Delay (ns):              0.152
  Slack (ns):              0.078
  Arrival (ns):            4.527
  Required (ns):           4.449
  Operating Conditions: fast_hv_lt

Path 81
  From: PF_DDR4_SS_0/MSC_i_0/MSC_i_1/MSC_i_8/MSC_i_140/MSC_i_141/MSC_i_156/lat_n0.resettable.data_shifter_2_[49]:CLK
  To:   PF_DDR4_SS_0/MSC_i_0/MSC_i_1/MSC_i_8/MSC_i_273/dfi_odt_p0_r1[0]:D
  Delay (ns):              0.152
  Slack (ns):              0.078
  Arrival (ns):            4.521
  Required (ns):           4.443
  Operating Conditions: fast_hv_lt

Path 82
  From: PF_DDR4_SS_0/MSC_i_0/MSC_i_1/MSC_i_8/MSC_i_10/wr_data_packed[73]:CLK
  To:   PF_DDR4_SS_0/MSC_i_0/MSC_i_1/MSC_i_8/MSC_i_10/wr_data_fifo_wr_data[73]:D
  Delay (ns):              0.152
  Slack (ns):              0.078
  Arrival (ns):            4.500
  Required (ns):           4.422
  Operating Conditions: fast_hv_lt

Path 83
  From: PF_DDR4_SS_0/MSC_i_0/MSC_i_1/MSC_i_8/MSC_i_10/MSC_i_23/MSC_i_24/MSC_i_39/MSC_i_41/MSC_i_49/s0:CLK
  To:   PF_DDR4_SS_0/MSC_i_0/MSC_i_1/MSC_i_8/MSC_i_10/MSC_i_23/MSC_i_24/MSC_i_39/MSC_i_41/MSC_i_49/s1:D
  Delay (ns):              0.152
  Slack (ns):              0.078
  Arrival (ns):            4.520
  Required (ns):           4.442
  Operating Conditions: fast_hv_lt

Path 84
  From: PF_DDR4_SS_0/DDRPHY_BLK_0/IOD_TRAINING_0/COREDDR_TIP_INT_U/u_register_bank/pipelined_generate_block.IOG_DM_TXDATA_OUT[14]:CLK
  To:   PF_DDR4_SS_0/DDRPHY_BLK_0/IOD_TRAINING_0/COREDDR_TIP_INT_U/TIP_CTRL_BLK/PHY_SIG_MOD/iog_dm_txdata_in_reg[14]:D
  Delay (ns):              0.155
  Slack (ns):              0.078
  Arrival (ns):            4.517
  Required (ns):           4.439
  Operating Conditions: fast_hv_lt

Path 85
  From: PF_DDR4_SS_0/DDRPHY_BLK_0/IOD_TRAINING_0/COREDDR_TIP_INT_U/dfi_rddata_en_p0_1:CLK
  To:   PF_DDR4_SS_0/DDRPHY_BLK_0/IOD_TRAINING_0/COREDDR_TIP_INT_U/dfi_rddata_en_p0_2:D
  Delay (ns):              0.152
  Slack (ns):              0.078
  Arrival (ns):            4.516
  Required (ns):           4.438
  Operating Conditions: fast_hv_lt

Path 86
  From: PF_DDR4_SS_0/DDRPHY_BLK_0/IOD_TRAINING_0/COREDDR_TIP_INT_U/TIP_CTRL_BLK/PHY_SIG_MOD/iog_dq_txdata_in_reg[6]:CLK
  To:   PF_DDR4_SS_0/DDRPHY_BLK_0/IOD_TRAINING_0/COREDDR_TIP_INT_U/TIP_CTRL_BLK/PHY_SIG_MOD/iog_dq_txdata_in_reg_2[6]:D
  Delay (ns):              0.155
  Slack (ns):              0.078
  Arrival (ns):            4.517
  Required (ns):           4.439
  Operating Conditions: fast_hv_lt

Path 87
  From: PF_DDR4_SS_0/DDRPHY_BLK_0/IOD_TRAINING_0/COREDDR_TIP_INT_U/TIP_CTRL_BLK/LEVELLING/IOG_IF/move_int[15]:CLK
  To:   PF_DDR4_SS_0/DDRPHY_BLK_0/IOD_TRAINING_0/COREDDR_TIP_INT_U/MOVE[15]:D
  Delay (ns):              0.155
  Slack (ns):              0.078
  Arrival (ns):            4.523
  Required (ns):           4.445
  Operating Conditions: fast_hv_lt

Path 88
  From: PF_DDR4_SS_0/DDRPHY_BLK_0/IOD_TRAINING_0/COREDDR_TIP_INT_U/TIP_CTRL_BLK/LEVELLING/IOG_IF/move_int[13]:CLK
  To:   PF_DDR4_SS_0/DDRPHY_BLK_0/IOD_TRAINING_0/COREDDR_TIP_INT_U/MOVE[13]:D
  Delay (ns):              0.155
  Slack (ns):              0.078
  Arrival (ns):            4.526
  Required (ns):           4.448
  Operating Conditions: fast_hv_lt

Path 89
  From: CoreDMA_IO_CTRL_0/axi4dma_init_0/reg_wdata[20]:CLK
  To:   CoreDMA_IO_CTRL_0/axi4dma_init_0/wdata_o[20]:D
  Delay (ns):              0.154
  Slack (ns):              0.078
  Arrival (ns):            4.489
  Required (ns):           4.411
  Operating Conditions: fast_hv_lt

Path 90
  From: CoreDMA_IO_CTRL_0/UART_SD_0/cmd_ctrlr_0/clk_count1[26]:CLK
  To:   CoreDMA_IO_CTRL_0/UART_SD_0/cmd_ctrlr_0/clk_cnt[3][2]:D
  Delay (ns):              0.152
  Slack (ns):              0.078
  Arrival (ns):            4.513
  Required (ns):           4.435
  Operating Conditions: fast_hv_lt

Path 91
  From: CoreDMA_IO_CTRL_0/UART_SD_0/cmd_ctrlr_0/clk_count1[17]:CLK
  To:   CoreDMA_IO_CTRL_0/UART_SD_0/cmd_ctrlr_0/clk_cnt[2][1]:D
  Delay (ns):              0.152
  Slack (ns):              0.078
  Arrival (ns):            4.512
  Required (ns):           4.434
  Operating Conditions: fast_hv_lt

Path 92
  From: CoreDMA_IO_CTRL_0/UART_SD_0/cmd_ctrlr_0/clk_count1[11]:CLK
  To:   CoreDMA_IO_CTRL_0/UART_SD_0/cmd_ctrlr_0/clk_cnt[1][3]:D
  Delay (ns):              0.152
  Slack (ns):              0.078
  Arrival (ns):            4.508
  Required (ns):           4.430
  Operating Conditions: fast_hv_lt

Path 93
  From: CoreDMA_IO_CTRL_0/CoreAXI4_Lite_0/CoreAXI4_Lite_0/SlvConvertor_loop[0].slvcnv/rgsl/genblk3.rrs/sDat[5]:CLK
  To:   CoreDMA_IO_CTRL_0/CoreAXI4_Lite_0/CoreAXI4_Lite_0/MstConvertor_loop[0].mstrconv/rgsl/genblk3.rrs/holdDat[5]:D
  Delay (ns):              0.155
  Slack (ns):              0.078
  Arrival (ns):            4.507
  Required (ns):           4.429
  Operating Conditions: fast_hv_lt

Path 94
  From: PCIe_EP_0/PCIex4_0/pcie_apblink_master_inst/prdata[4]:CLK
  To:   PCIe_EP_0/PCIex4_0/pcie_apblink_master_inst/prdata[3]:D
  Delay (ns):              0.153
  Slack (ns):              0.079
  Arrival (ns):            1.718
  Required (ns):           1.639
  Operating Conditions: fast_hv_lt

Path 95
  From: PCIe_EP_0/PCIex4_0/pcie_apblink_master_inst/lnk_m_cs[14]:CLK
  To:   PCIe_EP_0/PCIex4_0/pcie_apblink_master_inst/lnk_m_cs[15]:D
  Delay (ns):              0.147
  Slack (ns):              0.079
  Arrival (ns):            1.702
  Required (ns):           1.623
  Operating Conditions: fast_hv_lt

Path 96
  From: CoreDMA_IO_CTRL_0/axi4dma_init_0/reg_wdata[27]:CLK
  To:   CoreDMA_IO_CTRL_0/axi4dma_init_0/wdata_o[27]:D
  Delay (ns):              0.153
  Slack (ns):              0.079
  Arrival (ns):            4.479
  Required (ns):           4.400
  Operating Conditions: fast_hv_lt

Path 97
  From: CoreDMA_IO_CTRL_0/UART_SD_0/cmd_ctrlr_0/clk_count1[15]:CLK
  To:   CoreDMA_IO_CTRL_0/UART_SD_0/cmd_ctrlr_0/clk_cnt[1][7]:D
  Delay (ns):              0.153
  Slack (ns):              0.079
  Arrival (ns):            4.510
  Required (ns):           4.431
  Operating Conditions: fast_hv_lt

Path 98
  From: AXI4_Interconnect_0/AXI4_Interconnect_0/axicb/cb.arcon/trgmx/slaveAADDR[21]:CLK
  To:   AXI4_Interconnect_0/AXI4_Interconnect_0/SlvConvertor_loop[0].slvcnv/rgsl/genblk2.arrs/holdDat[52]:D
  Delay (ns):              0.155
  Slack (ns):              0.079
  Arrival (ns):            4.508
  Required (ns):           4.429
  Operating Conditions: fast_hv_lt

Path 99
  From: AXI4_Interconnect_0/AXI4_Interconnect_0/SlvConvertor_loop[3].slvcnv/rgsl/genblk4.wrs/sDat[14]:CLK
  To:   SRAM_AXI_0/COREAXI4SRAM_0/genblk1.U_SRAM_AXI_COREAXI4SRAM_0_CoreAXI4SRAM_MAINCTRL/genblk1.wdata_sc_r[4]:D
  Delay (ns):              0.153
  Slack (ns):              0.079
  Arrival (ns):            4.508
  Required (ns):           4.429
  Operating Conditions: fast_hv_lt

Path 100
  From: AXI4_Interconnect_0/AXI4_Interconnect_0/SlvConvertor_loop[2].slvcnv/slvCDC/genblk1.cdc_ARChan/rdPtr_s1[2]:CLK
  To:   AXI4_Interconnect_0/AXI4_Interconnect_0/SlvConvertor_loop[2].slvcnv/slvCDC/genblk1.cdc_ARChan/rdPtr_s2[2]:D
  Delay (ns):              0.152
  Slack (ns):              0.079
  Arrival (ns):            4.487
  Required (ns):           4.408
  Operating Conditions: fast_hv_lt

