Timing Violation Report Min Delay Analysis

SmartTime Version v12.6
Microsemi Corporation - Microsemi Libero Software Release v12.6 (Version 12.900.20.24)
Date: Wed Aug  4 12:21:48 2021


Design: top
Family: PolarFire
Die: MPF300TS
Package: FCVG484
Temperature Range: -40 - 100 C
Voltage Range: 0.97 - 1.03 V
Speed Grade: -1
Design State: Post-Layout
Data source: Production
Multi Corner Report Operating Conditions: slow_lv_ht, slow_lv_lt, fast_hv_lt
Scenario for Timing Analysis: timing_analysis


*** IMPORTANT RECOMMENDATION *** If you haven't done so, it is highly recommended to add clock jitter information for each clock domain into Libero SoC through clock uncertainty SDC timing constraints. Please refer to the Libero SoC v12.5 release notes for more details.

Path 1
  From: CoreDMA_IO_CTRL_0/CoreAXI4_Lite_0/CoreAXI4_Lite_0/MstConvertor_loop[0].mstrconv/rgsl/genblk4.wrs/sDat[10]:CLK
  To:   CoreDMA_IO_CTRL_0/CoreAXI4_Lite_0/CoreAXI4_Lite_0/SlvConvertor_loop[0].slvcnv/rgsl/genblk4.wrs/holdDat[10]:D
  Delay (ns):              0.293
  Slack (ns):              0.025
  Arrival (ns):            9.119
  Required (ns):           9.094
  Operating Conditions: slow_lv_ht

Path 2
  From: PF_DDR4_SS_0/MSC_i_0/MSC_i_1/MSC_i_8/MSC_i_272/data_shifter_gen[1].data_shifter[1][16]:CLK
  To:   PF_DDR4_SS_0/DDRPHY_BLK_0/IOD_TRAINING_0/COREDDR_TIP_INT_U/u_register_bank/pipelined_generate_block.IOG_DQ_TXDATA_OUT[70]:D
  Delay (ns):              0.198
  Slack (ns):              0.042
  Arrival (ns):            5.711
  Required (ns):           5.669
  Operating Conditions: fast_hv_lt

Path 3
  From: PF_DDR4_SS_0/MSC_i_0/MSC_i_1/MSC_i_8/MSC_i_272/data_shifter_gen[1].data_shifter[1][112]:CLK
  To:   PF_DDR4_SS_0/DDRPHY_BLK_0/IOD_TRAINING_0/COREDDR_TIP_INT_U/u_register_bank/pipelined_generate_block.IOG_DQ_TXDATA_OUT[64]:D
  Delay (ns):              0.198
  Slack (ns):              0.042
  Arrival (ns):            5.711
  Required (ns):           5.669
  Operating Conditions: fast_hv_lt

Path 4
  From: PF_DDR4_SS_0/MSC_i_0/MSC_i_1/MSC_i_8/MSC_i_10/wr_data_delay_fifo_rd_data_reg_early[71]:CLK
  To:   PF_DDR4_SS_0/MSC_i_0/MSC_i_1/MSC_i_8/MSC_i_10/wr_data_delay_fifo_rd_data_reg[71]:D
  Delay (ns):              0.201
  Slack (ns):              0.046
  Arrival (ns):            5.731
  Required (ns):           5.685
  Operating Conditions: fast_hv_lt

Path 5
  From: AXI4_Interconnect_0/AXI4_Interconnect_0/MstConvertor_loop[1].mstrconv/rgsl/genblk3.rrs/sDat[46]:CLK
  To:   CoreDMA_IO_CTRL_0/CoreDMA_Controller_0/CoreDMA_Controller_0/CAXI4DMAI00OI/CAXI4DMAIOIl[42]:D
  Delay (ns):              0.201
  Slack (ns):              0.048
  Arrival (ns):            5.731
  Required (ns):           5.683
  Operating Conditions: fast_hv_lt

Path 6
  From: PF_DDR4_SS_0/MSC_i_0/MSC_i_1/MSC_i_8/MSC_i_10/wr_data_delay_fifo_rd_data_reg[55]:CLK
  To:   PF_DDR4_SS_0/MSC_i_0/MSC_i_1/MSC_i_8/MSC_i_10/wr_data_packed[55]:D
  Delay (ns):              0.206
  Slack (ns):              0.049
  Arrival (ns):            5.732
  Required (ns):           5.683
  Operating Conditions: fast_hv_lt

Path 7
  From: PF_DDR4_SS_0/MSC_i_0/MSC_i_1/MSC_i_8/MSC_i_10/wr_data_delay_fifo_rd_data_reg[33]:CLK
  To:   PF_DDR4_SS_0/MSC_i_0/MSC_i_1/MSC_i_8/MSC_i_10/wr_data_packed[97]:D
  Delay (ns):              0.204
  Slack (ns):              0.050
  Arrival (ns):            5.732
  Required (ns):           5.682
  Operating Conditions: fast_hv_lt

Path 8
  From: PF_DDR4_SS_0/MSC_i_0/MSC_i_1/MSC_i_8/MSC_i_10/wr_data_packed[133]:CLK
  To:   PF_DDR4_SS_0/MSC_i_0/MSC_i_1/MSC_i_8/MSC_i_10/wr_data_fifo_wr_data[133]:D
  Delay (ns):              0.205
  Slack (ns):              0.054
  Arrival (ns):            5.738
  Required (ns):           5.684
  Operating Conditions: fast_hv_lt

Path 9
  From: PF_DDR4_SS_0/MSC_i_0/MSC_i_1/dfi_rddata_w2_i[25]:CLK
  To:   PF_DDR4_SS_0/MSC_i_0/MSC_i_1/MSC_i_8/MSC_i_249/dfi_rddata_w2_r[25]:D
  Delay (ns):              0.185
  Slack (ns):              0.063
  Arrival (ns):            5.706
  Required (ns):           5.643
  Operating Conditions: fast_hv_lt

Path 10
  From: PF_DDR4_SS_0/MSC_i_0/MSC_i_1/MSC_i_8/MSC_i_273/dfi_we_n_r2:CLK
  To:   PF_DDR4_SS_0/DDRPHY_BLK_0/IOD_TRAINING_0/COREDDR_TIP_INT_U/u_register_bank/pipelined_generate_block.DFI_WE_N_P0_OUT:D
  Delay (ns):              0.143
  Slack (ns):              0.068
  Arrival (ns):            5.675
  Required (ns):           5.607
  Operating Conditions: fast_hv_lt

Path 11
  From: PF_DDR4_SS_0/MSC_i_0/MSC_i_1/MSC_i_8/MSC_i_273/dfi_reset_n_r2:CLK
  To:   PF_DDR4_SS_0/DDRPHY_BLK_0/IOD_TRAINING_0/COREDDR_TIP_INT_U/u_register_bank/pipelined_generate_block.DFI_RESET_N_P0_OUT:D
  Delay (ns):              0.143
  Slack (ns):              0.068
  Arrival (ns):            5.668
  Required (ns):           5.600
  Operating Conditions: fast_hv_lt

Path 12
  From: PF_DDR4_SS_0/MSC_i_0/MSC_i_1/MSC_i_8/MSC_i_273/dfi_cas_n_r2:CLK
  To:   PF_DDR4_SS_0/DDRPHY_BLK_0/IOD_TRAINING_0/COREDDR_TIP_INT_U/u_register_bank/pipelined_generate_block.DFI_CAS_N_P0_OUT:D
  Delay (ns):              0.143
  Slack (ns):              0.068
  Arrival (ns):            5.678
  Required (ns):           5.610
  Operating Conditions: fast_hv_lt

Path 13
  From: PF_DDR4_SS_0/MSC_i_0/MSC_i_1/MSC_i_8/MSC_i_273/dfi_bank_r2[1]:CLK
  To:   PF_DDR4_SS_0/DDRPHY_BLK_0/IOD_TRAINING_0/COREDDR_TIP_INT_U/u_register_bank/pipelined_generate_block.DFI_BANK_P0_OUT[1]:D
  Delay (ns):              0.143
  Slack (ns):              0.068
  Arrival (ns):            5.673
  Required (ns):           5.605
  Operating Conditions: fast_hv_lt

Path 14
  From: PF_DDR4_SS_0/MSC_i_0/MSC_i_1/MSC_i_8/MSC_i_273/dfi_act_n_r2:CLK
  To:   PF_DDR4_SS_0/DDRPHY_BLK_0/IOD_TRAINING_0/COREDDR_TIP_INT_U/u_register_bank/pipelined_generate_block.DFI_ACT_N_P0_OUT:D
  Delay (ns):              0.143
  Slack (ns):              0.068
  Arrival (ns):            5.678
  Required (ns):           5.610
  Operating Conditions: fast_hv_lt

Path 15
  From: PF_DDR4_SS_0/MSC_i_0/MSC_i_1/MSC_i_8/MSC_i_140/MSC_i_141/r_valid_sh[2]:CLK
  To:   PF_DDR4_SS_0/MSC_i_0/MSC_i_1/MSC_i_8/MSC_i_140/MSC_i_141/r_valid_sh[3]:D
  Delay (ns):              0.143
  Slack (ns):              0.068
  Arrival (ns):            5.675
  Required (ns):           5.607
  Operating Conditions: fast_hv_lt

Path 16
  From: PF_DDR4_SS_0/MSC_i_0/MSC_i_1/MSC_i_8/MSC_i_140/MSC_i_141/MSC_i_161/data_shifter_gen[15].data_shifter[15][0]:CLK
  To:   PF_DDR4_SS_0/MSC_i_0/MSC_i_1/MSC_i_8/MSC_i_140/MSC_i_141/MSC_i_161/data_shifter_gen[14].data_shifter[14][0]:D
  Delay (ns):              0.143
  Slack (ns):              0.068
  Arrival (ns):            5.675
  Required (ns):           5.607
  Operating Conditions: fast_hv_lt

Path 17
  From: PF_DDR4_SS_0/MSC_i_0/MSC_i_1/MSC_i_8/MSC_i_140/MSC_i_141/MSC_i_161/data_shifter_gen[12].data_shifter[12][0]:CLK
  To:   PF_DDR4_SS_0/MSC_i_0/MSC_i_1/MSC_i_8/MSC_i_140/MSC_i_141/MSC_i_161/data_shifter_gen[11].data_shifter[11][0]:D
  Delay (ns):              0.143
  Slack (ns):              0.068
  Arrival (ns):            5.675
  Required (ns):           5.607
  Operating Conditions: fast_hv_lt

Path 18
  From: PF_DDR4_SS_0/MSC_i_0/MSC_i_1/MSC_i_8/MSC_i_140/MSC_i_141/MSC_i_157/data_shifter_gen[32].data_shifter[32][1]:CLK
  To:   PF_DDR4_SS_0/MSC_i_0/MSC_i_1/MSC_i_8/MSC_i_140/MSC_i_141/MSC_i_157/data_shifter_gen[31].data_shifter[31][1]:D
  Delay (ns):              0.143
  Slack (ns):              0.068
  Arrival (ns):            5.671
  Required (ns):           5.603
  Operating Conditions: fast_hv_lt

Path 19
  From: PF_DDR4_SS_0/MSC_i_0/MSC_i_1/MSC_i_8/MSC_i_140/MSC_i_141/MSC_i_157/data_shifter_gen[21].data_shifter[21][0]:CLK
  To:   PF_DDR4_SS_0/MSC_i_0/MSC_i_1/MSC_i_8/MSC_i_140/MSC_i_141/MSC_i_157/data_shifter_gen[20].data_shifter[20][0]:D
  Delay (ns):              0.143
  Slack (ns):              0.068
  Arrival (ns):            5.678
  Required (ns):           5.610
  Operating Conditions: fast_hv_lt

Path 20
  From: PF_DDR4_SS_0/MSC_i_0/MSC_i_1/MSC_i_8/MSC_i_140/MSC_i_141/MSC_i_157/data_shifter_gen[20].data_shifter[20][0]:CLK
  To:   PF_DDR4_SS_0/MSC_i_0/MSC_i_1/MSC_i_8/MSC_i_140/MSC_i_141/MSC_i_157/data_shifter_gen[19].data_shifter[19][0]:D
  Delay (ns):              0.143
  Slack (ns):              0.068
  Arrival (ns):            5.678
  Required (ns):           5.610
  Operating Conditions: fast_hv_lt

Path 21
  From: PF_DDR4_SS_0/MSC_i_0/MSC_i_1/MSC_i_8/MSC_i_140/MSC_i_141/MSC_i_156/lat_n0.resettable.data_shifter_2_[65]:CLK
  To:   PF_DDR4_SS_0/MSC_i_0/MSC_i_1/MSC_i_8/MSC_i_273/dfi_cs_cmd_phase_r1[0]:D
  Delay (ns):              0.143
  Slack (ns):              0.068
  Arrival (ns):            5.670
  Required (ns):           5.602
  Operating Conditions: fast_hv_lt

Path 22
  From: PF_DDR4_SS_0/MSC_i_0/MSC_i_1/MSC_i_8/MSC_i_169/gen_fr4.DFI_WRDATA_ALIGN_eq_0.dfi_rddata_en_p1_po_r1[0]:CLK
  To:   PF_DDR4_SS_0/MSC_i_0/MSC_i_1/MSC_i_8/MSC_i_169/gen_fr4.DFI_WRDATA_ALIGN_eq_0.dfi_rddata_en_p1_po_r2[0]:D
  Delay (ns):              0.144
  Slack (ns):              0.069
  Arrival (ns):            5.673
  Required (ns):           5.604
  Operating Conditions: fast_hv_lt

Path 23
  From: PF_DDR4_SS_0/MSC_i_0/MSC_i_1/MSC_i_8/MSC_i_169/MSC_i_201/fr4.dfi_in_p3_r:CLK
  To:   PF_DDR4_SS_0/MSC_i_0/MSC_i_1/MSC_i_8/MSC_i_272/data_shifter_gen[1].data_shifter[1][105]:D
  Delay (ns):              0.143
  Slack (ns):              0.069
  Arrival (ns):            5.659
  Required (ns):           5.590
  Operating Conditions: fast_hv_lt

Path 24
  From: PF_DDR4_SS_0/MSC_i_0/MSC_i_1/MSC_i_8/MSC_i_140/MSC_i_141/MSC_i_157/data_shifter_gen[17].data_shifter[17][1]:CLK
  To:   PF_DDR4_SS_0/MSC_i_0/MSC_i_1/MSC_i_8/MSC_i_140/MSC_i_141/MSC_i_157/data_shifter_gen[16].data_shifter[16][1]:D
  Delay (ns):              0.143
  Slack (ns):              0.069
  Arrival (ns):            5.675
  Required (ns):           5.606
  Operating Conditions: fast_hv_lt

Path 25
  From: PF_DDR4_SS_0/MSC_i_0/MSC_i_1/MSC_i_8/MSC_i_140/MSC_i_141/MSC_i_156/lat_n0.resettable.data_shifter_0_[112]:CLK
  To:   PF_DDR4_SS_0/MSC_i_0/MSC_i_1/MSC_i_8/MSC_i_140/MSC_i_141/MSC_i_156/lat_n0.resettable.data_shifter_1_[112]:D
  Delay (ns):              0.143
  Slack (ns):              0.069
  Arrival (ns):            5.695
  Required (ns):           5.626
  Operating Conditions: fast_hv_lt

Path 26
  From: PF_DDR4_SS_0/MSC_i_0/MSC_i_1/MSC_i_8/MSC_i_140/MSC_i_141/MSC_i_149/lat_n0.resettable.data_shifter_0_[3]:CLK
  To:   PF_DDR4_SS_0/MSC_i_0/MSC_i_1/MSC_i_8/MSC_i_140/MSC_i_141/MSC_i_149/lat_n0.resettable.data_shifter_1_[3]:D
  Delay (ns):              0.143
  Slack (ns):              0.069
  Arrival (ns):            5.672
  Required (ns):           5.603
  Operating Conditions: fast_hv_lt

Path 27
  From: PF_DDR4_SS_0/MSC_i_0/MSC_i_1/MSC_i_8/MSC_i_10/MSC_i_23/MSC_i_24/MSC_i_39/din_gray_r[2]:CLK
  To:   PF_DDR4_SS_0/MSC_i_0/MSC_i_1/MSC_i_8/MSC_i_10/MSC_i_23/MSC_i_24/MSC_i_39/MSC_i_41/MSC_i_46/s0:D
  Delay (ns):              0.144
  Slack (ns):              0.069
  Arrival (ns):            5.690
  Required (ns):           5.621
  Operating Conditions: fast_hv_lt

Path 28
  From: PF_DDR4_SS_0/MSC_i_0/MSC_i_1/MSC_i_8/MSC_i_10/MSC_i_107/MSC_i_108/MSC_i_110/din_gray_r[3]:CLK
  To:   PF_DDR4_SS_0/MSC_i_0/MSC_i_1/MSC_i_8/MSC_i_10/MSC_i_107/MSC_i_108/MSC_i_110/MSC_i_112/MSC_i_121/s0:D
  Delay (ns):              0.144
  Slack (ns):              0.069
  Arrival (ns):            5.686
  Required (ns):           5.617
  Operating Conditions: fast_hv_lt

Path 29
  From: PF_DDR4_SS_0/DDRPHY_BLK_0/IOD_TRAINING_0/COREDDR_TIP_INT_U/u_register_bank/pipelined_generate_block.IOG_DQ_TXDATA_OUT[114]:CLK
  To:   PF_DDR4_SS_0/DDRPHY_BLK_0/IOD_TRAINING_0/COREDDR_TIP_INT_U/TIP_CTRL_BLK/PHY_SIG_MOD/iog_dq_txdata_in_reg[114]:D
  Delay (ns):              0.144
  Slack (ns):              0.069
  Arrival (ns):            5.666
  Required (ns):           5.597
  Operating Conditions: fast_hv_lt

Path 30
  From: si5344a_config_0/slv_addr_shift_reg[4]:CLK
  To:   si5344a_config_0/slv_addr_shift_reg[5]:D
  Delay (ns):              0.144
  Slack (ns):              0.070
  Arrival (ns):            3.411
  Required (ns):           3.341
  Operating Conditions: fast_hv_lt

Path 31
  From: PF_DDR4_SS_0/MSC_i_0/MSC_i_1/MSC_i_8/MSC_i_140/MSC_i_141/rd_cmd_sh[3]:CLK
  To:   PF_DDR4_SS_0/MSC_i_0/MSC_i_1/MSC_i_8/MSC_i_140/MSC_i_141/rd_cmd_sh[4]:D
  Delay (ns):              0.145
  Slack (ns):              0.070
  Arrival (ns):            5.677
  Required (ns):           5.607
  Operating Conditions: fast_hv_lt

Path 32
  From: PF_DDR4_SS_0/MSC_i_0/MSC_i_1/MSC_i_8/MSC_i_140/MSC_i_141/MSC_i_157/data_shifter_gen[4].data_shifter[4][0]:CLK
  To:   PF_DDR4_SS_0/MSC_i_0/MSC_i_1/MSC_i_8/MSC_i_140/MSC_i_141/MSC_i_157/data_shifter_gen[3].data_shifter[3][0]:D
  Delay (ns):              0.145
  Slack (ns):              0.070
  Arrival (ns):            5.678
  Required (ns):           5.608
  Operating Conditions: fast_hv_lt

Path 33
  From: PF_DDR4_SS_0/MSC_i_0/MSC_i_1/MSC_i_8/MSC_i_140/MSC_i_141/MSC_i_157/data_shifter_gen[34].data_shifter[34][1]:CLK
  To:   PF_DDR4_SS_0/MSC_i_0/MSC_i_1/MSC_i_8/MSC_i_140/MSC_i_141/MSC_i_157/data_shifter_gen[33].data_shifter[33][1]:D
  Delay (ns):              0.145
  Slack (ns):              0.070
  Arrival (ns):            5.673
  Required (ns):           5.603
  Operating Conditions: fast_hv_lt

Path 34
  From: PF_DDR4_SS_0/MSC_i_0/MSC_i_1/MSC_i_8/MSC_i_140/MSC_i_141/MSC_i_156/lat_n0.resettable.data_shifter_0_[114]:CLK
  To:   PF_DDR4_SS_0/MSC_i_0/MSC_i_1/MSC_i_8/MSC_i_140/MSC_i_141/MSC_i_156/lat_n0.resettable.data_shifter_1_[114]:D
  Delay (ns):              0.145
  Slack (ns):              0.070
  Arrival (ns):            5.699
  Required (ns):           5.629
  Operating Conditions: fast_hv_lt

Path 35
  From: PF_DDR4_SS_0/MSC_i_0/MSC_i_1/MSC_i_8/MSC_i_10/araddr_r1[20]:CLK
  To:   PF_DDR4_SS_0/MSC_i_0/MSC_i_1/MSC_i_8/MSC_i_10/rd_cmd_wr_data[20]:D
  Delay (ns):              0.145
  Slack (ns):              0.070
  Arrival (ns):            5.667
  Required (ns):           5.597
  Operating Conditions: fast_hv_lt

Path 36
  From: PF_DDR4_SS_0/DDRPHY_BLK_0/IOD_TRAINING_0/COREDDR_TIP_INT_U/TIP_CTRL_BLK/LEVELLING/WRLVL/wrlvl_instances[0].uWrlvl/dq_in_reg[4]:CLK
  To:   PF_DDR4_SS_0/DDRPHY_BLK_0/IOD_TRAINING_0/COREDDR_TIP_INT_U/TIP_CTRL_BLK/LEVELLING/WRLVL/wrlvl_instances[0].uWrlvl/dq_in_reg_2[4]:D
  Delay (ns):              0.145
  Slack (ns):              0.070
  Arrival (ns):            5.658
  Required (ns):           5.588
  Operating Conditions: fast_hv_lt

Path 37
  From: PF_DDR4_SS_0/MSC_i_0/MSC_i_1/MSC_i_8/MSC_i_273/dfi_odt_p3_r1[0]:CLK
  To:   PF_DDR4_SS_0/MSC_i_0/MSC_i_1/MSC_i_8/MSC_i_273/dfi_odt_p3_r2[0]:D
  Delay (ns):              0.147
  Slack (ns):              0.071
  Arrival (ns):            5.676
  Required (ns):           5.605
  Operating Conditions: fast_hv_lt

Path 38
  From: PF_DDR4_SS_0/MSC_i_0/MSC_i_1/MSC_i_8/MSC_i_140/MSC_i_141/MSC_i_157/data_shifter_gen[12].data_shifter[12][1]:CLK
  To:   PF_DDR4_SS_0/MSC_i_0/MSC_i_1/MSC_i_8/MSC_i_140/MSC_i_141/MSC_i_157/data_shifter_gen[11].data_shifter[11][1]:D
  Delay (ns):              0.145
  Slack (ns):              0.071
  Arrival (ns):            5.677
  Required (ns):           5.606
  Operating Conditions: fast_hv_lt

Path 39
  From: CoreDMA_IO_CTRL_0/UART_SD_0/CORE_UART_0/Core_UART_0/make_RX/rx_shift[7]:CLK
  To:   CoreDMA_IO_CTRL_0/UART_SD_0/CORE_UART_0/Core_UART_0/make_RX/rx_shift[6]:D
  Delay (ns):              0.146
  Slack (ns):              0.071
  Arrival (ns):            5.675
  Required (ns):           5.604
  Operating Conditions: fast_hv_lt

Path 40
  From: AXI4_Interconnect_0/AXI4_Interconnect_0/SlvConvertor_loop[0].slvcnv/slvCDC/genblk1.cdc_RChan/wrPtr_s1[2]:CLK
  To:   AXI4_Interconnect_0/AXI4_Interconnect_0/SlvConvertor_loop[0].slvcnv/slvCDC/genblk1.cdc_RChan/wrPtr_s2[2]:D
  Delay (ns):              0.197
  Slack (ns):              0.071
  Arrival (ns):            5.737
  Required (ns):           5.666
  Operating Conditions: fast_hv_lt

Path 41
  From: si5344a_config_0/rdata_shift_reg[2]:CLK
  To:   si5344a_config_0/rdata_shift_reg[3]:D
  Delay (ns):              0.147
  Slack (ns):              0.072
  Arrival (ns):            3.432
  Required (ns):           3.360
  Operating Conditions: fast_hv_lt

Path 42
  From: PF_DDR4_SS_0/MSC_i_0/MSC_i_1/MSC_i_8/MSC_i_273/dfi_bank_r2[3]:CLK
  To:   PF_DDR4_SS_0/DDRPHY_BLK_0/IOD_TRAINING_0/COREDDR_TIP_INT_U/u_register_bank/pipelined_generate_block.DFI_BG_P0_OUT[1]:D
  Delay (ns):              0.147
  Slack (ns):              0.072
  Arrival (ns):            5.677
  Required (ns):           5.605
  Operating Conditions: fast_hv_lt

Path 43
  From: PF_DDR4_SS_0/MSC_i_0/MSC_i_1/MSC_i_8/MSC_i_140/MSC_i_141/w_valid_attr_sh_gen[1].w_valid_attr_sh[1][3]:CLK
  To:   PF_DDR4_SS_0/MSC_i_0/MSC_i_1/MSC_i_8/MSC_i_140/MSC_i_141/w_valid_attr_sh_gen[1].w_valid_attr_sh[1][4]:D
  Delay (ns):              0.147
  Slack (ns):              0.072
  Arrival (ns):            5.680
  Required (ns):           5.608
  Operating Conditions: fast_hv_lt

Path 44
  From: PF_DDR4_SS_0/MSC_i_0/MSC_i_1/MSC_i_8/MSC_i_140/MSC_i_141/w_valid_attr_sh_gen[1].w_valid_attr_sh[1][1]:CLK
  To:   PF_DDR4_SS_0/MSC_i_0/MSC_i_1/MSC_i_8/MSC_i_140/MSC_i_141/w_valid_attr_sh_gen[1].w_valid_attr_sh[1][2]:D
  Delay (ns):              0.147
  Slack (ns):              0.072
  Arrival (ns):            5.680
  Required (ns):           5.608
  Operating Conditions: fast_hv_lt

Path 45
  From: PF_DDR4_SS_0/MSC_i_0/MSC_i_1/MSC_i_8/MSC_i_140/MSC_i_141/MSC_i_157/data_shifter_gen[30].data_shifter[30][1]:CLK
  To:   PF_DDR4_SS_0/MSC_i_0/MSC_i_1/MSC_i_8/MSC_i_140/MSC_i_141/MSC_i_157/data_shifter_gen[29].data_shifter[29][1]:D
  Delay (ns):              0.147
  Slack (ns):              0.072
  Arrival (ns):            5.675
  Required (ns):           5.603
  Operating Conditions: fast_hv_lt

Path 46
  From: PF_DDR4_SS_0/MSC_i_0/MSC_i_1/MSC_i_8/MSC_i_140/MSC_i_141/MSC_i_157/data_shifter_gen[27].data_shifter[27][1]:CLK
  To:   PF_DDR4_SS_0/MSC_i_0/MSC_i_1/MSC_i_8/MSC_i_140/MSC_i_141/MSC_i_157/data_shifter_gen[26].data_shifter[26][1]:D
  Delay (ns):              0.147
  Slack (ns):              0.072
  Arrival (ns):            5.675
  Required (ns):           5.603
  Operating Conditions: fast_hv_lt

Path 47
  From: PF_DDR4_SS_0/MSC_i_0/MSC_i_1/MSC_i_8/MSC_i_140/MSC_i_141/MSC_i_157/data_shifter_gen[12].data_shifter[12][0]:CLK
  To:   PF_DDR4_SS_0/MSC_i_0/MSC_i_1/MSC_i_8/MSC_i_140/MSC_i_141/MSC_i_157/data_shifter_gen[11].data_shifter[11][0]:D
  Delay (ns):              0.147
  Slack (ns):              0.072
  Arrival (ns):            5.682
  Required (ns):           5.610
  Operating Conditions: fast_hv_lt

Path 48
  From: PF_DDR4_SS_0/MSC_i_0/MSC_i_1/MSC_i_8/MSC_i_140/MSC_i_141/MSC_i_157/data_shifter_gen[10].data_shifter[10][1]:CLK
  To:   PF_DDR4_SS_0/MSC_i_0/MSC_i_1/MSC_i_8/MSC_i_140/MSC_i_141/MSC_i_157/data_shifter_gen[9].data_shifter[9][1]:D
  Delay (ns):              0.147
  Slack (ns):              0.072
  Arrival (ns):            5.678
  Required (ns):           5.606
  Operating Conditions: fast_hv_lt

Path 49
  From: PF_DDR4_SS_0/MSC_i_0/MSC_i_1/MSC_i_8/MSC_i_140/MSC_i_141/MSC_i_156/lat_n0.resettable.data_shifter_2_[1]:CLK
  To:   PF_DDR4_SS_0/MSC_i_0/MSC_i_1/MSC_i_8/MSC_i_273/dfi_odt_p3_r1[0]:D
  Delay (ns):              0.147
  Slack (ns):              0.072
  Arrival (ns):            5.676
  Required (ns):           5.604
  Operating Conditions: fast_hv_lt

Path 50
  From: PF_DDR4_SS_0/MSC_i_0/MSC_i_1/MSC_i_8/MSC_i_10/araddr_r1[9]:CLK
  To:   PF_DDR4_SS_0/MSC_i_0/MSC_i_1/MSC_i_8/MSC_i_10/rd_cmd_wr_data[9]:D
  Delay (ns):              0.147
  Slack (ns):              0.072
  Arrival (ns):            5.672
  Required (ns):           5.600
  Operating Conditions: fast_hv_lt

Path 51
  From: PF_DDR4_SS_0/MSC_i_0/MSC_i_1/MSC_i_8/MSC_i_10/araddr_r1[15]:CLK
  To:   PF_DDR4_SS_0/MSC_i_0/MSC_i_1/MSC_i_8/MSC_i_10/rd_cmd_wr_data[15]:D
  Delay (ns):              0.147
  Slack (ns):              0.072
  Arrival (ns):            5.670
  Required (ns):           5.598
  Operating Conditions: fast_hv_lt

Path 52
  From: PF_DDR4_SS_0/MSC_i_0/MSC_i_1/MSC_i_8/MSC_i_10/araddr_r1[14]:CLK
  To:   PF_DDR4_SS_0/MSC_i_0/MSC_i_1/MSC_i_8/MSC_i_10/rd_cmd_wr_data[14]:D
  Delay (ns):              0.147
  Slack (ns):              0.072
  Arrival (ns):            5.669
  Required (ns):           5.597
  Operating Conditions: fast_hv_lt

Path 53
  From: PF_DDR4_SS_0/DDRPHY_BLK_0/IOD_TRAINING_0/COREDDR_TIP_INT_U/u_register_bank/pipelined_generate_block.IOG_DQ_TXDATA_OUT[38]:CLK
  To:   PF_DDR4_SS_0/DDRPHY_BLK_0/IOD_TRAINING_0/COREDDR_TIP_INT_U/TIP_CTRL_BLK/PHY_SIG_MOD/iog_dq_txdata_in_reg[38]:D
  Delay (ns):              0.147
  Slack (ns):              0.072
  Arrival (ns):            5.666
  Required (ns):           5.594
  Operating Conditions: fast_hv_lt

Path 54
  From: PCIe_EP_0/PCIex4_0/pcie_apblink_master_inst/prdata[22]:CLK
  To:   PCIe_EP_0/PCIex4_0/pcie_apblink_master_inst/prdata[21]:D
  Delay (ns):              0.147
  Slack (ns):              0.072
  Arrival (ns):            1.892
  Required (ns):           1.820
  Operating Conditions: fast_hv_lt

Path 55
  From: si5344a_config_0/slv_addr_shift_reg[5]:CLK
  To:   si5344a_config_0/slv_addr_shift_reg[6]:D
  Delay (ns):              0.147
  Slack (ns):              0.073
  Arrival (ns):            3.414
  Required (ns):           3.341
  Operating Conditions: fast_hv_lt

Path 56
  From: PF_DDR4_SS_0/MSC_i_0/MSC_i_1/MSC_i_8/MSC_i_273/dfi_odt_p3_r2[0]:CLK
  To:   PF_DDR4_SS_0/DDRPHY_BLK_0/IOD_TRAINING_0/COREDDR_TIP_INT_U/u_register_bank/pipelined_generate_block.DFI_ODT_P2_OUT:D
  Delay (ns):              0.147
  Slack (ns):              0.073
  Arrival (ns):            5.677
  Required (ns):           5.604
  Operating Conditions: fast_hv_lt

Path 57
  From: PF_DDR4_SS_0/MSC_i_0/MSC_i_1/MSC_i_8/MSC_i_273/dfi_cs_n_r1[0]:CLK
  To:   PF_DDR4_SS_0/MSC_i_0/MSC_i_1/MSC_i_8/MSC_i_273/dfi_cs_n_r2[0]:D
  Delay (ns):              0.148
  Slack (ns):              0.073
  Arrival (ns):            5.675
  Required (ns):           5.602
  Operating Conditions: fast_hv_lt

Path 58
  From: PF_DDR4_SS_0/MSC_i_0/MSC_i_1/MSC_i_8/MSC_i_273/dfi_bank_r2[2]:CLK
  To:   PF_DDR4_SS_0/DDRPHY_BLK_0/IOD_TRAINING_0/COREDDR_TIP_INT_U/u_register_bank/pipelined_generate_block.DFI_BG_P0_OUT[0]:D
  Delay (ns):              0.144
  Slack (ns):              0.073
  Arrival (ns):            5.662
  Required (ns):           5.589
  Operating Conditions: fast_hv_lt

Path 59
  From: PF_DDR4_SS_0/MSC_i_0/MSC_i_1/MSC_i_8/MSC_i_273/dfi_address_r1[10]:CLK
  To:   PF_DDR4_SS_0/DDRPHY_BLK_0/IOD_TRAINING_0/COREDDR_TIP_INT_U/u_register_bank/pipelined_generate_block.DFI_ADDRESS_P1_OUT[10]:D
  Delay (ns):              0.148
  Slack (ns):              0.073
  Arrival (ns):            5.683
  Required (ns):           5.610
  Operating Conditions: fast_hv_lt

Path 60
  From: PF_DDR4_SS_0/MSC_i_0/MSC_i_1/MSC_i_8/MSC_i_140/mr_reload_sm[3]:CLK
  To:   PF_DDR4_SS_0/MSC_i_0/MSC_i_1/MSC_i_8/MSC_i_140/mr_reload_sm[4]:D
  Delay (ns):              0.148
  Slack (ns):              0.073
  Arrival (ns):            5.697
  Required (ns):           5.624
  Operating Conditions: fast_hv_lt

Path 61
  From: PF_DDR4_SS_0/MSC_i_0/MSC_i_1/MSC_i_8/MSC_i_140/MSC_i_141/r_valid_sh[3]:CLK
  To:   PF_DDR4_SS_0/MSC_i_0/MSC_i_1/MSC_i_8/MSC_i_140/MSC_i_141/r_valid_sh[4]:D
  Delay (ns):              0.148
  Slack (ns):              0.073
  Arrival (ns):            5.680
  Required (ns):           5.607
  Operating Conditions: fast_hv_lt

Path 62
  From: PF_DDR4_SS_0/MSC_i_0/MSC_i_1/MSC_i_8/MSC_i_140/MSC_i_141/MSC_i_161/data_shifter_gen[23].data_shifter[23][1]:CLK
  To:   PF_DDR4_SS_0/MSC_i_0/MSC_i_1/MSC_i_8/MSC_i_140/MSC_i_141/MSC_i_161/data_shifter_gen[22].data_shifter[22][1]:D
  Delay (ns):              0.148
  Slack (ns):              0.073
  Arrival (ns):            5.683
  Required (ns):           5.610
  Operating Conditions: fast_hv_lt

Path 63
  From: PF_DDR4_SS_0/MSC_i_0/MSC_i_1/MSC_i_8/MSC_i_140/MSC_i_141/MSC_i_161/data_shifter_gen[11].data_shifter[11][0]:CLK
  To:   PF_DDR4_SS_0/MSC_i_0/MSC_i_1/MSC_i_8/MSC_i_140/MSC_i_141/MSC_i_161/data_shifter_gen[10].data_shifter[10][0]:D
  Delay (ns):              0.148
  Slack (ns):              0.073
  Arrival (ns):            5.680
  Required (ns):           5.607
  Operating Conditions: fast_hv_lt

Path 64
  From: PF_DDR4_SS_0/MSC_i_0/MSC_i_1/MSC_i_8/MSC_i_140/MSC_i_141/MSC_i_157/data_shifter_gen[31].data_shifter[31][1]:CLK
  To:   PF_DDR4_SS_0/MSC_i_0/MSC_i_1/MSC_i_8/MSC_i_140/MSC_i_141/MSC_i_157/data_shifter_gen[30].data_shifter[30][1]:D
  Delay (ns):              0.148
  Slack (ns):              0.073
  Arrival (ns):            5.676
  Required (ns):           5.603
  Operating Conditions: fast_hv_lt

Path 65
  From: PF_DDR4_SS_0/MSC_i_0/MSC_i_1/MSC_i_8/MSC_i_140/MSC_i_141/MSC_i_157/data_shifter_gen[19].data_shifter[19][0]:CLK
  To:   PF_DDR4_SS_0/MSC_i_0/MSC_i_1/MSC_i_8/MSC_i_140/MSC_i_141/MSC_i_157/data_shifter_gen[18].data_shifter[18][0]:D
  Delay (ns):              0.148
  Slack (ns):              0.073
  Arrival (ns):            5.683
  Required (ns):           5.610
  Operating Conditions: fast_hv_lt

Path 66
  From: PF_DDR4_SS_0/MSC_i_0/MSC_i_1/MSC_i_8/MSC_i_10/wr_data_delay_fifo_rd_data_reg[15]:CLK
  To:   PF_DDR4_SS_0/MSC_i_0/MSC_i_1/MSC_i_8/MSC_i_10/wr_data_packed[79]:D
  Delay (ns):              0.147
  Slack (ns):              0.073
  Arrival (ns):            5.670
  Required (ns):           5.597
  Operating Conditions: fast_hv_lt

Path 67
  From: PF_DDR4_SS_0/MSC_i_0/MSC_i_1/MSC_i_8/MSC_i_10/cmd_fifo_wr_data_reg2[70]:CLK
  To:   PF_DDR4_SS_0/MSC_i_0/MSC_i_1/MSC_i_8/MSC_i_10/cmd_fifo_wr_data_reg3[70]:D
  Delay (ns):              0.231
  Slack (ns):              0.073
  Arrival (ns):            5.759
  Required (ns):           5.686
  Operating Conditions: fast_hv_lt

Path 68
  From: PF_DDR4_SS_0/MSC_i_0/MSC_i_1/MSC_i_8/MSC_i_10/awaddr_r1[8]:CLK
  To:   PF_DDR4_SS_0/MSC_i_0/MSC_i_1/MSC_i_8/MSC_i_10/wr_cmd_wr_data[8]:D
  Delay (ns):              0.144
  Slack (ns):              0.073
  Arrival (ns):            5.667
  Required (ns):           5.594
  Operating Conditions: fast_hv_lt

Path 69
  From: PF_DDR4_SS_0/MSC_i_0/MSC_i_1/MSC_i_8/MSC_i_10/awaddr_r1[28]:CLK
  To:   PF_DDR4_SS_0/MSC_i_0/MSC_i_1/MSC_i_8/MSC_i_10/wr_cmd_wr_data[28]:D
  Delay (ns):              0.144
  Slack (ns):              0.073
  Arrival (ns):            5.668
  Required (ns):           5.595
  Operating Conditions: fast_hv_lt

Path 70
  From: CoreDMA_IO_CTRL_0/axi4dma_init_0/wdata_o[14]:CLK
  To:   CoreDMA_IO_CTRL_0/CoreAXI4_Lite_0/CoreAXI4_Lite_0/MstConvertor_loop[0].mstrconv/rgsl/genblk4.wrs/holdDat[20]:D
  Delay (ns):              0.148
  Slack (ns):              0.073
  Arrival (ns):            5.686
  Required (ns):           5.613
  Operating Conditions: fast_hv_lt

Path 71
  From: PF_DDR4_SS_0/MSC_i_0/MSC_i_1/MSC_i_8/MSC_i_273/dfi_reset_n_r1:CLK
  To:   PF_DDR4_SS_0/MSC_i_0/MSC_i_1/MSC_i_8/MSC_i_273/dfi_reset_n_r2:D
  Delay (ns):              0.149
  Slack (ns):              0.074
  Arrival (ns):            5.674
  Required (ns):           5.600
  Operating Conditions: fast_hv_lt

Path 72
  From: PF_DDR4_SS_0/MSC_i_0/MSC_i_1/MSC_i_8/MSC_i_273/dfi_cke_r2[0]:CLK
  To:   PF_DDR4_SS_0/DDRPHY_BLK_0/IOD_TRAINING_0/COREDDR_TIP_INT_U/u_register_bank/pipelined_generate_block.DFI_CKE_P1_OUT:D
  Delay (ns):              0.149
  Slack (ns):              0.074
  Arrival (ns):            5.674
  Required (ns):           5.600
  Operating Conditions: fast_hv_lt

Path 73
  From: PF_DDR4_SS_0/MSC_i_0/MSC_i_1/MSC_i_8/MSC_i_273/dfi_cas_n_r1:CLK
  To:   PF_DDR4_SS_0/DDRPHY_BLK_0/IOD_TRAINING_0/COREDDR_TIP_INT_U/u_register_bank/pipelined_generate_block.DFI_CAS_N_P3_OUT:D
  Delay (ns):              0.149
  Slack (ns):              0.074
  Arrival (ns):            5.684
  Required (ns):           5.610
  Operating Conditions: fast_hv_lt

Path 74
  From: PF_DDR4_SS_0/MSC_i_0/MSC_i_1/MSC_i_8/MSC_i_273/dfi_bank_r1[1]:CLK
  To:   PF_DDR4_SS_0/DDRPHY_BLK_0/IOD_TRAINING_0/COREDDR_TIP_INT_U/u_register_bank/pipelined_generate_block.DFI_BANK_P1_OUT[1]:D
  Delay (ns):              0.149
  Slack (ns):              0.074
  Arrival (ns):            5.679
  Required (ns):           5.605
  Operating Conditions: fast_hv_lt

Path 75
  From: PF_DDR4_SS_0/MSC_i_0/MSC_i_1/MSC_i_8/MSC_i_273/dfi_address_r2[7]:CLK
  To:   PF_DDR4_SS_0/DDRPHY_BLK_0/IOD_TRAINING_0/COREDDR_TIP_INT_U/u_register_bank/pipelined_generate_block.DFI_ADDRESS_P0_OUT[7]:D
  Delay (ns):              0.149
  Slack (ns):              0.074
  Arrival (ns):            5.687
  Required (ns):           5.613
  Operating Conditions: fast_hv_lt

Path 76
  From: PF_DDR4_SS_0/MSC_i_0/MSC_i_1/MSC_i_8/MSC_i_169/MSC_i_174/fr4.dfi_in_p3_r:CLK
  To:   PF_DDR4_SS_0/MSC_i_0/MSC_i_1/MSC_i_8/MSC_i_272/data_shifter_gen[1].data_shifter[1][129]:D
  Delay (ns):              0.148
  Slack (ns):              0.074
  Arrival (ns):            5.685
  Required (ns):           5.611
  Operating Conditions: fast_hv_lt

Path 77
  From: PF_DDR4_SS_0/MSC_i_0/MSC_i_1/MSC_i_8/MSC_i_140/MSC_i_141/MSC_i_157/data_shifter_gen[36].data_shifter[36][1]:CLK
  To:   PF_DDR4_SS_0/MSC_i_0/MSC_i_1/MSC_i_8/MSC_i_140/MSC_i_141/MSC_i_157/data_shifter_gen[35].data_shifter[35][1]:D
  Delay (ns):              0.149
  Slack (ns):              0.074
  Arrival (ns):            5.677
  Required (ns):           5.603
  Operating Conditions: fast_hv_lt

Path 78
  From: PF_DDR4_SS_0/MSC_i_0/MSC_i_1/MSC_i_8/MSC_i_140/MSC_i_141/MSC_i_157/data_shifter_gen[16].data_shifter[16][1]:CLK
  To:   PF_DDR4_SS_0/MSC_i_0/MSC_i_1/MSC_i_8/MSC_i_140/MSC_i_141/MSC_i_157/data_shifter_gen[15].data_shifter[15][1]:D
  Delay (ns):              0.149
  Slack (ns):              0.074
  Arrival (ns):            5.680
  Required (ns):           5.606
  Operating Conditions: fast_hv_lt

Path 79
  From: PF_DDR4_SS_0/MSC_i_0/MSC_i_1/MSC_i_8/MSC_i_10/wr_data_packed[66]:CLK
  To:   PF_DDR4_SS_0/MSC_i_0/MSC_i_1/MSC_i_8/MSC_i_10/wr_data_fifo_wr_data[66]:D
  Delay (ns):              0.147
  Slack (ns):              0.074
  Arrival (ns):            5.667
  Required (ns):           5.593
  Operating Conditions: fast_hv_lt

Path 80
  From: PF_DDR4_SS_0/MSC_i_0/MSC_i_1/MSC_i_8/MSC_i_10/araddr_r1[29]:CLK
  To:   PF_DDR4_SS_0/MSC_i_0/MSC_i_1/MSC_i_8/MSC_i_10/rd_cmd_wr_data[29]:D
  Delay (ns):              0.149
  Slack (ns):              0.074
  Arrival (ns):            5.676
  Required (ns):           5.602
  Operating Conditions: fast_hv_lt

Path 81
  From: PF_DDR4_SS_0/MSC_i_0/MSC_i_1/MSC_i_8/MSC_i_10/araddr_r1[18]:CLK
  To:   PF_DDR4_SS_0/MSC_i_0/MSC_i_1/MSC_i_8/MSC_i_10/rd_cmd_wr_data[18]:D
  Delay (ns):              0.149
  Slack (ns):              0.074
  Arrival (ns):            5.671
  Required (ns):           5.597
  Operating Conditions: fast_hv_lt

Path 82
  From: PF_DDR4_SS_0/MSC_i_0/MSC_i_1/MSC_i_8/MSC_i_10/araddr_r1[11]:CLK
  To:   PF_DDR4_SS_0/MSC_i_0/MSC_i_1/MSC_i_8/MSC_i_10/rd_cmd_wr_data[11]:D
  Delay (ns):              0.149
  Slack (ns):              0.074
  Arrival (ns):            5.676
  Required (ns):           5.602
  Operating Conditions: fast_hv_lt

Path 83
  From: PF_DDR4_SS_0/DDRPHY_BLK_0/IOD_TRAINING_0/COREDDR_TIP_INT_U/u_register_bank/pipelined_generate_block.IOG_DM_TXDATA_OUT[10]:CLK
  To:   PF_DDR4_SS_0/DDRPHY_BLK_0/IOD_TRAINING_0/COREDDR_TIP_INT_U/TIP_CTRL_BLK/PHY_SIG_MOD/iog_dm_txdata_in_reg[10]:D
  Delay (ns):              0.149
  Slack (ns):              0.074
  Arrival (ns):            5.678
  Required (ns):           5.604
  Operating Conditions: fast_hv_lt

Path 84
  From: PF_DDR4_SS_0/DDRPHY_BLK_0/IOD_TRAINING_0/COREDDR_TIP_INT_U/TIP_CTRL_BLK/TRN_CLK/genblk2[1].u_dqsw270_flags/noise_detect/data_0[0]:CLK
  To:   PF_DDR4_SS_0/DDRPHY_BLK_0/IOD_TRAINING_0/COREDDR_TIP_INT_U/TIP_CTRL_BLK/TRN_CLK/genblk2[1].u_dqsw270_flags/noise_detect/data_1[0]:D
  Delay (ns):              0.149
  Slack (ns):              0.074
  Arrival (ns):            5.665
  Required (ns):           5.591
  Operating Conditions: fast_hv_lt

Path 85
  From: PCIe_EP_0/PCIex4_0/pcie_apblink_master_inst/prdata[23]:CLK
  To:   PCIe_EP_0/PCIex4_0/pcie_apblink_master_inst/prdata[22]:D
  Delay (ns):              0.149
  Slack (ns):              0.074
  Arrival (ns):            1.894
  Required (ns):           1.820
  Operating Conditions: fast_hv_lt

Path 86
  From: CoreDMA_IO_CTRL_0/axi4dma_init_0/wdata_o[18]:CLK
  To:   CoreDMA_IO_CTRL_0/CoreAXI4_Lite_0/CoreAXI4_Lite_0/MstConvertor_loop[0].mstrconv/rgsl/genblk4.wrs/holdDat[24]:D
  Delay (ns):              0.149
  Slack (ns):              0.074
  Arrival (ns):            5.687
  Required (ns):           5.613
  Operating Conditions: fast_hv_lt

Path 87
  From: CoreDMA_IO_CTRL_0/UART_SD_0/pattern_gen_checker_0/awaddr_o[2]:CLK
  To:   AXI4_Interconnect_0/AXI4_Interconnect_0/MstConvertor_loop[2].mstrconv/rgsl/genblk1.awrs/holdDat[33]:D
  Delay (ns):              0.149
  Slack (ns):              0.074
  Arrival (ns):            5.675
  Required (ns):           5.601
  Operating Conditions: fast_hv_lt

Path 88
  From: CoreDMA_IO_CTRL_0/UART_SD_0/pattern_gen_checker_0/araddr_o[0]:CLK
  To:   AXI4_Interconnect_0/AXI4_Interconnect_0/MstConvertor_loop[2].mstrconv/rgsl/genblk2.arrs/holdDat[31]:D
  Delay (ns):              0.149
  Slack (ns):              0.074
  Arrival (ns):            5.674
  Required (ns):           5.600
  Operating Conditions: fast_hv_lt

Path 89
  From: AXI4_Interconnect_0/AXI4_Interconnect_0/SlvConvertor_loop[0].slvcnv/rgsl/genblk1.awrs/holdDat[35]:CLK
  To:   AXI4_Interconnect_0/AXI4_Interconnect_0/SlvConvertor_loop[0].slvcnv/rgsl/genblk1.awrs/sDat[35]:D
  Delay (ns):              0.231
  Slack (ns):              0.074
  Arrival (ns):            5.755
  Required (ns):           5.681
  Operating Conditions: fast_hv_lt

Path 90
  From: PF_DDR4_SS_0/MSC_i_0/MSC_i_1/MSC_i_8/MSC_i_10/araddr_r1[13]:CLK
  To:   PF_DDR4_SS_0/MSC_i_0/MSC_i_1/MSC_i_8/MSC_i_10/rd_cmd_wr_data[13]:D
  Delay (ns):              0.150
  Slack (ns):              0.075
  Arrival (ns):            5.673
  Required (ns):           5.598
  Operating Conditions: fast_hv_lt

Path 91
  From: PF_DDR4_SS_0/MSC_i_0/MSC_i_1/MSC_i_8/MSC_i_10/MSC_i_107/MSC_i_108/MSC_i_124/MSC_i_126/MSC_i_136/s0:CLK
  To:   PF_DDR4_SS_0/MSC_i_0/MSC_i_1/MSC_i_8/MSC_i_10/MSC_i_107/MSC_i_108/MSC_i_124/MSC_i_126/MSC_i_136/s1:D
  Delay (ns):              0.147
  Slack (ns):              0.075
  Arrival (ns):            5.669
  Required (ns):           5.594
  Operating Conditions: fast_hv_lt

Path 92
  From: PF_DDR4_SS_0/DDRPHY_BLK_0/IOD_TRAINING_0/COREDDR_TIP_INT_U/u_register_bank/pipelined_generate_block.IOG_DQ_TXDATA_OUT[99]:CLK
  To:   PF_DDR4_SS_0/DDRPHY_BLK_0/IOD_TRAINING_0/COREDDR_TIP_INT_U/TIP_CTRL_BLK/PHY_SIG_MOD/iog_dq_txdata_in_reg[99]:D
  Delay (ns):              0.149
  Slack (ns):              0.075
  Arrival (ns):            5.661
  Required (ns):           5.586
  Operating Conditions: fast_hv_lt

Path 93
  From: PF_DDR4_SS_0/DDRPHY_BLK_0/IOD_TRAINING_0/COREDDR_TIP_INT_U/u_register_bank/pipelined_generate_block.IOG_DQ_TXDATA_OUT[75]:CLK
  To:   PF_DDR4_SS_0/DDRPHY_BLK_0/IOD_TRAINING_0/COREDDR_TIP_INT_U/TIP_CTRL_BLK/PHY_SIG_MOD/iog_dq_txdata_in_reg[75]:D
  Delay (ns):              0.150
  Slack (ns):              0.075
  Arrival (ns):            5.664
  Required (ns):           5.589
  Operating Conditions: fast_hv_lt

Path 94
  From: PF_DDR4_SS_0/DDRPHY_BLK_0/IOD_TRAINING_0/COREDDR_TIP_INT_U/u_register_bank/pipelined_generate_block.IOG_DM_TXDATA_OUT[9]:CLK
  To:   PF_DDR4_SS_0/DDRPHY_BLK_0/IOD_TRAINING_0/COREDDR_TIP_INT_U/TIP_CTRL_BLK/PHY_SIG_MOD/iog_dm_txdata_in_reg[9]:D
  Delay (ns):              0.150
  Slack (ns):              0.075
  Arrival (ns):            5.679
  Required (ns):           5.604
  Operating Conditions: fast_hv_lt

Path 95
  From: PF_DDR4_SS_0/DDRPHY_BLK_0/IOD_TRAINING_0/COREDDR_TIP_INT_U/u_register_bank/pipelined_generate_block.IOG_DM_TXDATA_OUT[5]:CLK
  To:   PF_DDR4_SS_0/DDRPHY_BLK_0/IOD_TRAINING_0/COREDDR_TIP_INT_U/TIP_CTRL_BLK/PHY_SIG_MOD/iog_dm_txdata_in_reg[5]:D
  Delay (ns):              0.149
  Slack (ns):              0.075
  Arrival (ns):            5.677
  Required (ns):           5.602
  Operating Conditions: fast_hv_lt

Path 96
  From: PF_DDR4_SS_0/DDRPHY_BLK_0/IOD_TRAINING_0/COREDDR_TIP_INT_U/u_register_bank/pipelined_generate_block.IOG_DM_TXDATA_OUT[14]:CLK
  To:   PF_DDR4_SS_0/DDRPHY_BLK_0/IOD_TRAINING_0/COREDDR_TIP_INT_U/TIP_CTRL_BLK/PHY_SIG_MOD/iog_dm_txdata_in_reg[14]:D
  Delay (ns):              0.150
  Slack (ns):              0.075
  Arrival (ns):            5.679
  Required (ns):           5.604
  Operating Conditions: fast_hv_lt

Path 97
  From: PF_DDR4_SS_0/DDRPHY_BLK_0/IOD_TRAINING_0/COREDDR_TIP_INT_U/TIP_CTRL_BLK/LEVELLING/WRLVL/wrlvl_instances[1].uWrlvl/dq_in_reg[4]:CLK
  To:   PF_DDR4_SS_0/DDRPHY_BLK_0/IOD_TRAINING_0/COREDDR_TIP_INT_U/TIP_CTRL_BLK/LEVELLING/WRLVL/wrlvl_instances[1].uWrlvl/dq_in_reg_2[4]:D
  Delay (ns):              0.149
  Slack (ns):              0.075
  Arrival (ns):            5.645
  Required (ns):           5.570
  Operating Conditions: fast_hv_lt

Path 98
  From: PCIe_EP_0/PCIex4_0/pcie_apblink_master_inst/prdata[6]:CLK
  To:   PCIe_EP_0/PCIex4_0/pcie_apblink_master_inst/prdata[5]:D
  Delay (ns):              0.150
  Slack (ns):              0.075
  Arrival (ns):            1.902
  Required (ns):           1.827
  Operating Conditions: fast_hv_lt

Path 99
  From: CORERESET_PF_C0_0/CORERESET_PF_C0_0/dff_9:CLK
  To:   CORERESET_PF_C0_0/CORERESET_PF_C0_0/dff_10:D
  Delay (ns):              0.147
  Slack (ns):              0.075
  Arrival (ns):            3.419
  Required (ns):           3.344
  Operating Conditions: fast_hv_lt

Path 100
  From: AXI4_Interconnect_0/AXI4_Interconnect_0/SlvConvertor_loop[1].slvcnv/rgsl/genblk2.arrs/sDat[36]:CLK
  To:   CoreDMA_IO_CTRL_0/axi_io_ctrl_0/raddr_int[2]:D
  Delay (ns):              0.142
  Slack (ns):              0.075
  Arrival (ns):            5.671
  Required (ns):           5.596
  Operating Conditions: fast_hv_lt

