Timing Violation Report Min Delay Analysis

SmartTime Version v12.6
Microsemi Corporation - Microsemi Libero Software Release v12.6 (Version 12.900.20.24)
Date: Thu Apr 29 13:01:14 2021


Design: top
Family: PolarFire
Die: MPF300T
Package: FCVG484
Temperature Range: 0 - 100 C
Voltage Range: 0.97 - 1.03 V
Speed Grade: -1
Design State: Post-Layout
Data source: Production
Multi Corner Report Operating Conditions: slow_lv_ht, slow_lv_lt, fast_hv_lt
Scenario for Timing Analysis: timing_analysis


*** IMPORTANT RECOMMENDATION *** If you haven't done so, it is highly recommended to add clock jitter information for each clock domain into Libero SoC through clock uncertainty SDC timing constraints. Please refer to the Libero SoC v12.5 release notes for more details.

Path 1
  From: CoreDMA_IO_CTRL_0/UART_SD_0/cmd_ctrlr_0/clk_count2[4]:CLK
  To:   CoreDMA_IO_CTRL_0/UART_SD_0/cmd_ctrlr_0/clk_cnt[4][4]:D
  Delay (ns):              0.292
  Slack (ns):              0.020
  Arrival (ns):            8.973
  Required (ns):           8.953
  Operating Conditions: slow_lv_ht

Path 2
  From: PF_DDR4_SS_0/MSC_i_0/MSC_i_1/MSC_i_8/MSC_i_10/cmd_fifo_wr_data_reg3[43]:CLK
  To:   PF_DDR4_SS_0/MSC_i_0/MSC_i_1/MSC_i_8/MSC_i_10/cmd_fifo_wr_data_reg4[43]:D
  Delay (ns):              0.293
  Slack (ns):              0.026
  Arrival (ns):            8.123
  Required (ns):           8.097
  Operating Conditions: slow_lv_lt

Path 3
  From: PF_DDR4_SS_0/MSC_i_0/MSC_i_1/MSC_i_8/MSC_i_272/data_shifter_gen[1].data_shifter[1][125]:CLK
  To:   PF_DDR4_SS_0/DDRPHY_BLK_0/IOD_TRAINING_0/COREDDR_TIP_INT_U/u_register_bank/pipelined_generate_block.IOG_DQ_TXDATA_OUT[41]:D
  Delay (ns):              0.294
  Slack (ns):              0.031
  Arrival (ns):            8.101
  Required (ns):           8.070
  Operating Conditions: slow_lv_lt

Path 4
  From: PF_DDR4_SS_0/MSC_i_0/MSC_i_1/MSC_i_8/MSC_i_272/data_shifter_gen[1].data_shifter[1][56]:CLK
  To:   PF_DDR4_SS_0/DDRPHY_BLK_0/IOD_TRAINING_0/COREDDR_TIP_INT_U/u_register_bank/pipelined_generate_block.IOG_DQ_TXDATA_OUT[5]:D
  Delay (ns):              0.300
  Slack (ns):              0.039
  Arrival (ns):            8.117
  Required (ns):           8.078
  Operating Conditions: slow_lv_lt

Path 5
  From: PF_DDR4_SS_0/MSC_i_0/MSC_i_1/MSC_i_8/MSC_i_10/wr_data_delay_fifo_rd_data_reg_early[46]:CLK
  To:   PF_DDR4_SS_0/MSC_i_0/MSC_i_1/MSC_i_8/MSC_i_10/wr_data_delay_fifo_rd_data_reg[46]:D
  Delay (ns):              0.308
  Slack (ns):              0.044
  Arrival (ns):            8.130
  Required (ns):           8.086
  Operating Conditions: slow_lv_lt

Path 6
  From: PF_DDR4_SS_0/MSC_i_0/MSC_i_1/MSC_i_8/MSC_i_10/wr_data_delay_fifo_rd_data_reg_early[27]:CLK
  To:   PF_DDR4_SS_0/MSC_i_0/MSC_i_1/MSC_i_8/MSC_i_10/wr_data_delay_fifo_rd_data_reg[27]:D
  Delay (ns):              0.308
  Slack (ns):              0.044
  Arrival (ns):            8.130
  Required (ns):           8.086
  Operating Conditions: slow_lv_lt

Path 7
  From: CoreDMA_IO_CTRL_0/UART_SD_0/cmd_ctrlr_0/clk_count2[27]:CLK
  To:   CoreDMA_IO_CTRL_0/UART_SD_0/cmd_ctrlr_0/clk_cnt[7][3]:D
  Delay (ns):              0.205
  Slack (ns):              0.044
  Arrival (ns):            5.882
  Required (ns):           5.838
  Operating Conditions: fast_hv_lt

Path 8
  From: CoreDMA_IO_CTRL_0/UART_SD_0/cmd_ctrlr_0/clk_count1[17]:CLK
  To:   CoreDMA_IO_CTRL_0/UART_SD_0/cmd_ctrlr_0/clk_cnt[2][1]:D
  Delay (ns):              0.202
  Slack (ns):              0.045
  Arrival (ns):            5.876
  Required (ns):           5.831
  Operating Conditions: fast_hv_lt

Path 9
  From: PF_DDR4_SS_0/MSC_i_0/MSC_i_1/MSC_i_8/MSC_i_10/wr_data_delay_fifo_rd_data_reg_early[43]:CLK
  To:   PF_DDR4_SS_0/MSC_i_0/MSC_i_1/MSC_i_8/MSC_i_10/wr_data_delay_fifo_rd_data_reg[43]:D
  Delay (ns):              0.312
  Slack (ns):              0.049
  Arrival (ns):            8.135
  Required (ns):           8.086
  Operating Conditions: slow_lv_lt

Path 10
  From: PF_DDR4_SS_0/MSC_i_0/MSC_i_1/MSC_i_8/MSC_i_10/wr_data_delay_fifo_rd_data_reg_early[28]:CLK
  To:   PF_DDR4_SS_0/MSC_i_0/MSC_i_1/MSC_i_8/MSC_i_10/wr_data_delay_fifo_rd_data_reg[28]:D
  Delay (ns):              0.314
  Slack (ns):              0.050
  Arrival (ns):            8.136
  Required (ns):           8.086
  Operating Conditions: slow_lv_lt

Path 11
  From: CoreDMA_IO_CTRL_0/axi_io_ctrl_0/clk_count2[14]:CLK
  To:   CoreDMA_IO_CTRL_0/UART_SD_0/cmd_ctrlr_0/clk_count2[14]:D
  Delay (ns):              0.210
  Slack (ns):              0.050
  Arrival (ns):            5.886
  Required (ns):           5.836
  Operating Conditions: fast_hv_lt

Path 12
  From: PF_DDR4_SS_0/MSC_i_0/MSC_i_1/MSC_i_8/MSC_i_10/wr_data_delay_fifo_rd_data_reg_early[26]:CLK
  To:   PF_DDR4_SS_0/MSC_i_0/MSC_i_1/MSC_i_8/MSC_i_10/wr_data_delay_fifo_rd_data_reg[26]:D
  Delay (ns):              0.315
  Slack (ns):              0.051
  Arrival (ns):            8.137
  Required (ns):           8.086
  Operating Conditions: slow_lv_lt

Path 13
  From: PF_DDR4_SS_0/MSC_i_0/MSC_i_1/MSC_i_8/MSC_i_10/wr_data_delay_fifo_rd_data_reg_early[25]:CLK
  To:   PF_DDR4_SS_0/MSC_i_0/MSC_i_1/MSC_i_8/MSC_i_10/wr_data_delay_fifo_rd_data_reg[25]:D
  Delay (ns):              0.315
  Slack (ns):              0.051
  Arrival (ns):            8.137
  Required (ns):           8.086
  Operating Conditions: slow_lv_lt

Path 14
  From: CoreDMA_IO_CTRL_0/axi_io_ctrl_0/clk_count2[25]:CLK
  To:   CoreDMA_IO_CTRL_0/UART_SD_0/cmd_ctrlr_0/clk_count2[25]:D
  Delay (ns):              0.217
  Slack (ns):              0.058
  Arrival (ns):            5.894
  Required (ns):           5.836
  Operating Conditions: fast_hv_lt

Path 15
  From: PF_DDR4_SS_0/MSC_i_0/MSC_i_1/MSC_i_8/MSC_i_10/wr_data_delay_fifo_rd_data_reg[39]:CLK
  To:   PF_DDR4_SS_0/MSC_i_0/MSC_i_1/MSC_i_8/MSC_i_10/wr_data_packed[39]:D
  Delay (ns):              0.213
  Slack (ns):              0.060
  Arrival (ns):            5.878
  Required (ns):           5.818
  Operating Conditions: fast_hv_lt

Path 16
  From: CoreDMA_IO_CTRL_0/UART_SD_0/cmd_ctrlr_0/clk_count1[9]:CLK
  To:   CoreDMA_IO_CTRL_0/UART_SD_0/cmd_ctrlr_0/clk_cnt[1][1]:D
  Delay (ns):              0.191
  Slack (ns):              0.068
  Arrival (ns):            5.879
  Required (ns):           5.811
  Operating Conditions: fast_hv_lt

Path 17
  From: PF_DDR4_SS_0/MSC_i_0/MSC_i_1/MSC_i_8/MSC_i_273/dfi_bank_r2[0]:CLK
  To:   PF_DDR4_SS_0/DDRPHY_BLK_0/IOD_TRAINING_0/COREDDR_TIP_INT_U/u_register_bank/pipelined_generate_block.DFI_BANK_P0_OUT[0]:D
  Delay (ns):              0.147
  Slack (ns):              0.070
  Arrival (ns):            5.826
  Required (ns):           5.756
  Operating Conditions: fast_hv_lt

Path 18
  From: PF_DDR4_SS_0/MSC_i_0/MSC_i_1/MSC_i_8/MSC_i_169/gen_fr4.DFI_WRDATA_ALIGN_eq_0.dfi_wrdata_p2_po_r1[24]:CLK
  To:   PF_DDR4_SS_0/MSC_i_0/MSC_i_1/MSC_i_8/MSC_i_272/data_shifter_gen[1].data_shifter[1][96]:D
  Delay (ns):              0.146
  Slack (ns):              0.070
  Arrival (ns):            5.796
  Required (ns):           5.726
  Operating Conditions: fast_hv_lt

Path 19
  From: PF_DDR4_SS_0/MSC_i_0/MSC_i_1/MSC_i_8/MSC_i_10/cmd_fifo_wr_data_reg1[4]:CLK
  To:   PF_DDR4_SS_0/MSC_i_0/MSC_i_1/MSC_i_8/MSC_i_10/cmd_fifo_wr_data_reg2[4]:D
  Delay (ns):              0.146
  Slack (ns):              0.070
  Arrival (ns):            5.813
  Required (ns):           5.743
  Operating Conditions: fast_hv_lt

Path 20
  From: PF_DDR4_SS_0/MSC_i_0/MSC_i_1/MSC_i_8/MSC_i_10/awaddr_r1[18]:CLK
  To:   PF_DDR4_SS_0/MSC_i_0/MSC_i_1/MSC_i_8/MSC_i_10/wr_cmd_wr_data[18]:D
  Delay (ns):              0.147
  Slack (ns):              0.070
  Arrival (ns):            5.818
  Required (ns):           5.748
  Operating Conditions: fast_hv_lt

Path 21
  From: PF_DDR4_SS_0/MSC_i_0/MSC_i_1/MSC_i_8/MSC_i_273/dfi_act_n_r2:CLK
  To:   PF_DDR4_SS_0/DDRPHY_BLK_0/IOD_TRAINING_0/COREDDR_TIP_INT_U/u_register_bank/pipelined_generate_block.DFI_ACT_N_P0_OUT:D
  Delay (ns):              0.147
  Slack (ns):              0.071
  Arrival (ns):            5.829
  Required (ns):           5.758
  Operating Conditions: fast_hv_lt

Path 22
  From: PF_DDR4_SS_0/MSC_i_0/MSC_i_1/MSC_i_8/MSC_i_140/MSC_i_141/MSC_i_161/data_shifter_gen[34].data_shifter[34][1]:CLK
  To:   PF_DDR4_SS_0/MSC_i_0/MSC_i_1/MSC_i_8/MSC_i_140/MSC_i_141/MSC_i_161/data_shifter_gen[33].data_shifter[33][1]:D
  Delay (ns):              0.147
  Slack (ns):              0.071
  Arrival (ns):            5.834
  Required (ns):           5.763
  Operating Conditions: fast_hv_lt

Path 23
  From: PF_DDR4_SS_0/MSC_i_0/MSC_i_1/MSC_i_8/MSC_i_140/MSC_i_141/MSC_i_156/lat_n0.resettable.data_shifter_2_[119]:CLK
  To:   PF_DDR4_SS_0/MSC_i_0/MSC_i_1/MSC_i_8/MSC_i_273/dfi_address_r1[9]:D
  Delay (ns):              0.147
  Slack (ns):              0.071
  Arrival (ns):            5.833
  Required (ns):           5.762
  Operating Conditions: fast_hv_lt

Path 24
  From: PF_DDR4_SS_0/MSC_i_0/MSC_i_1/MSC_i_8/MSC_i_10/MSC_i_75/MSC_i_76/MSC_i_92/din_gray_r[10]:CLK
  To:   PF_DDR4_SS_0/MSC_i_0/MSC_i_1/MSC_i_8/MSC_i_10/MSC_i_75/MSC_i_76/MSC_i_92/MSC_i_94/MSC_i_97/s0:D
  Delay (ns):              0.147
  Slack (ns):              0.071
  Arrival (ns):            5.822
  Required (ns):           5.751
  Operating Conditions: fast_hv_lt

Path 25
  From: AXItoAPB_0/AHBtoAPB_0/AHBtoAPB_0/U_ApbAddrData/haddrReg[25]:CLK
  To:   PCIe_EP_0/PCIex4_0/pcie_apblink_master_inst/last_raddr[25]:D
  Delay (ns):              0.192
  Slack (ns):              0.071
  Arrival (ns):            2.019
  Required (ns):           1.948
  Operating Conditions: fast_hv_lt

Path 26
  From: PF_DDR4_SS_0/MSC_i_0/MSC_i_1/MSC_i_8/MSC_i_273/dfi_address_r2[0]:CLK
  To:   PF_DDR4_SS_0/DDRPHY_BLK_0/IOD_TRAINING_0/COREDDR_TIP_INT_U/u_register_bank/pipelined_generate_block.DFI_ADDRESS_P0_OUT[0]:D
  Delay (ns):              0.148
  Slack (ns):              0.072
  Arrival (ns):            5.836
  Required (ns):           5.764
  Operating Conditions: fast_hv_lt

Path 27
  From: PF_DDR4_SS_0/MSC_i_0/MSC_i_1/MSC_i_8/MSC_i_10/MSC_i_23/MSC_i_24/MSC_i_26/MSC_i_28/MSC_i_34/s0:CLK
  To:   PF_DDR4_SS_0/MSC_i_0/MSC_i_1/MSC_i_8/MSC_i_10/MSC_i_23/MSC_i_24/MSC_i_26/MSC_i_28/MSC_i_34/s1:D
  Delay (ns):              0.148
  Slack (ns):              0.072
  Arrival (ns):            5.819
  Required (ns):           5.747
  Operating Conditions: fast_hv_lt

Path 28
  From: PF_DDR4_SS_0/DDRPHY_BLK_0/IOD_TRAINING_0/COREDDR_TIP_INT_U/TIP_CTRL_BLK/LEVELLING/WRLVL/wrlvl_instances[1].uWrlvl/dq_in_reg[0]:CLK
  To:   PF_DDR4_SS_0/DDRPHY_BLK_0/IOD_TRAINING_0/COREDDR_TIP_INT_U/TIP_CTRL_BLK/LEVELLING/WRLVL/wrlvl_instances[1].uWrlvl/dq_in_reg_2[0]:D
  Delay (ns):              0.149
  Slack (ns):              0.072
  Arrival (ns):            5.799
  Required (ns):           5.727
  Operating Conditions: fast_hv_lt

Path 29
  From: CoreDMA_IO_CTRL_0/CoreAXI4_Lite_0/CoreAXI4_Lite_0/SlvConvertor_loop[0].slvcnv/rgsl/genblk3.rrs/sDat[11]:CLK
  To:   CoreDMA_IO_CTRL_0/CoreAXI4_Lite_0/CoreAXI4_Lite_0/MstConvertor_loop[0].mstrconv/rgsl/genblk3.rrs/holdDat[11]:D
  Delay (ns):              0.193
  Slack (ns):              0.072
  Arrival (ns):            5.837
  Required (ns):           5.765
  Operating Conditions: fast_hv_lt

Path 30
  From: PF_DDR4_SS_0/MSC_i_0/MSC_i_1/MSC_i_8/MSC_i_273/dfi_address_r2[8]:CLK
  To:   PF_DDR4_SS_0/DDRPHY_BLK_0/IOD_TRAINING_0/COREDDR_TIP_INT_U/u_register_bank/pipelined_generate_block.DFI_ADDRESS_P0_OUT[8]:D
  Delay (ns):              0.150
  Slack (ns):              0.073
  Arrival (ns):            5.836
  Required (ns):           5.763
  Operating Conditions: fast_hv_lt

Path 31
  From: PF_DDR4_SS_0/MSC_i_0/MSC_i_1/MSC_i_8/MSC_i_272/data_shifter_gen[1].data_shifter[1][90]:CLK
  To:   PF_DDR4_SS_0/DDRPHY_BLK_0/IOD_TRAINING_0/COREDDR_TIP_INT_U/u_register_bank/pipelined_generate_block.IOG_DQ_TXDATA_OUT[19]:D
  Delay (ns):              0.149
  Slack (ns):              0.073
  Arrival (ns):            5.809
  Required (ns):           5.736
  Operating Conditions: fast_hv_lt

Path 32
  From: PF_DDR4_SS_0/MSC_i_0/MSC_i_1/MSC_i_8/MSC_i_272/data_shifter_gen[1].data_shifter[1][85]:CLK
  To:   PF_DDR4_SS_0/DDRPHY_BLK_0/IOD_TRAINING_0/COREDDR_TIP_INT_U/u_register_bank/pipelined_generate_block.IOG_DQ_TXDATA_OUT[106]:D
  Delay (ns):              0.150
  Slack (ns):              0.073
  Arrival (ns):            5.824
  Required (ns):           5.751
  Operating Conditions: fast_hv_lt

Path 33
  From: PF_DDR4_SS_0/MSC_i_0/MSC_i_1/MSC_i_8/MSC_i_272/data_shifter_gen[1].data_shifter[1][19]:CLK
  To:   PF_DDR4_SS_0/DDRPHY_BLK_0/IOD_TRAINING_0/COREDDR_TIP_INT_U/u_register_bank/pipelined_generate_block.IOG_DQ_TXDATA_OUT[94]:D
  Delay (ns):              0.149
  Slack (ns):              0.073
  Arrival (ns):            5.799
  Required (ns):           5.726
  Operating Conditions: fast_hv_lt

Path 34
  From: PF_DDR4_SS_0/MSC_i_0/MSC_i_1/MSC_i_8/MSC_i_169/gen_fr4.DFI_WRDATA_ALIGN_eq_0.dfi_rddata_en_p2_po_r2[0]:CLK
  To:   PF_DDR4_SS_0/MSC_i_0/MSC_i_1/MSC_i_8/MSC_i_272/data_shifter_gen[1].data_shifter[1][4]:D
  Delay (ns):              0.148
  Slack (ns):              0.073
  Arrival (ns):            5.790
  Required (ns):           5.717
  Operating Conditions: fast_hv_lt

Path 35
  From: PF_DDR4_SS_0/MSC_i_0/MSC_i_1/MSC_i_8/MSC_i_169/MSC_i_211/fr4.dfi_in_p3_r:CLK
  To:   PF_DDR4_SS_0/MSC_i_0/MSC_i_1/MSC_i_8/MSC_i_272/data_shifter_gen[1].data_shifter[1][104]:D
  Delay (ns):              0.148
  Slack (ns):              0.073
  Arrival (ns):            5.829
  Required (ns):           5.756
  Operating Conditions: fast_hv_lt

Path 36
  From: PF_DDR4_SS_0/MSC_i_0/MSC_i_1/MSC_i_8/MSC_i_10/cmd_fifo_wr_data_reg2[0]:CLK
  To:   PF_DDR4_SS_0/MSC_i_0/MSC_i_1/MSC_i_8/MSC_i_10/cmd_fifo_wr_data_reg3[0]:D
  Delay (ns):              0.151
  Slack (ns):              0.073
  Arrival (ns):            5.826
  Required (ns):           5.753
  Operating Conditions: fast_hv_lt

Path 37
  From: AXI4_Interconnect_0/AXI4_Interconnect_0/SlvConvertor_loop[2].slvcnv/slvCDC/genblk1.cdc_RChan/wrPtr_s1[0]:CLK
  To:   AXI4_Interconnect_0/AXI4_Interconnect_0/SlvConvertor_loop[2].slvcnv/slvCDC/genblk1.cdc_RChan/wrPtr_s2[0]:D
  Delay (ns):              0.150
  Slack (ns):              0.073
  Arrival (ns):            5.851
  Required (ns):           5.778
  Operating Conditions: fast_hv_lt

Path 38
  From: PF_DDR4_SS_0/MSC_i_0/MSC_i_1/MSC_i_8/MSC_i_273/dfi_bank_r2[1]:CLK
  To:   PF_DDR4_SS_0/DDRPHY_BLK_0/IOD_TRAINING_0/COREDDR_TIP_INT_U/u_register_bank/pipelined_generate_block.DFI_BANK_P0_OUT[1]:D
  Delay (ns):              0.150
  Slack (ns):              0.074
  Arrival (ns):            5.830
  Required (ns):           5.756
  Operating Conditions: fast_hv_lt

Path 39
  From: PF_DDR4_SS_0/MSC_i_0/MSC_i_1/MSC_i_8/MSC_i_272/data_shifter_gen[1].data_shifter[1][53]:CLK
  To:   PF_DDR4_SS_0/DDRPHY_BLK_0/IOD_TRAINING_0/COREDDR_TIP_INT_U/u_register_bank/pipelined_generate_block.IOG_DQ_TXDATA_OUT[108]:D
  Delay (ns):              0.151
  Slack (ns):              0.074
  Arrival (ns):            5.825
  Required (ns):           5.751
  Operating Conditions: fast_hv_lt

Path 40
  From: PF_DDR4_SS_0/MSC_i_0/MSC_i_1/MSC_i_8/MSC_i_169/gen_fr4.DFI_WRDATA_ALIGN_eq_0.dfi_wrdata_p2_po_r1[11]:CLK
  To:   PF_DDR4_SS_0/MSC_i_0/MSC_i_1/MSC_i_8/MSC_i_272/data_shifter_gen[1].data_shifter[1][83]:D
  Delay (ns):              0.150
  Slack (ns):              0.074
  Arrival (ns):            5.800
  Required (ns):           5.726
  Operating Conditions: fast_hv_lt

Path 41
  From: PF_DDR4_SS_0/MSC_i_0/MSC_i_1/MSC_i_8/MSC_i_140/MSC_i_141/MSC_i_157/data_shifter_gen[23].data_shifter[23][0]:CLK
  To:   PF_DDR4_SS_0/MSC_i_0/MSC_i_1/MSC_i_8/MSC_i_140/MSC_i_141/MSC_i_157/data_shifter_gen[22].data_shifter[22][0]:D
  Delay (ns):              0.150
  Slack (ns):              0.074
  Arrival (ns):            5.830
  Required (ns):           5.756
  Operating Conditions: fast_hv_lt

Path 42
  From: PF_DDR4_SS_0/MSC_i_0/MSC_i_1/MSC_i_8/MSC_i_140/MSC_i_141/MSC_i_156/lat_n0.resettable.data_shifter_2_[65]:CLK
  To:   PF_DDR4_SS_0/MSC_i_0/MSC_i_1/MSC_i_8/MSC_i_273/dfi_cs_cmd_phase_r1[0]:D
  Delay (ns):              0.151
  Slack (ns):              0.074
  Arrival (ns):            5.826
  Required (ns):           5.752
  Operating Conditions: fast_hv_lt

Path 43
  From: PF_DDR4_SS_0/MSC_i_0/MSC_i_1/MSC_i_8/MSC_i_10/cmd_fifo_wr_en_reg3_0:CLK
  To:   PF_DDR4_SS_0/MSC_i_0/MSC_i_1/MSC_i_8/MSC_i_10/cmd_fifo_wr_en_reg4:D
  Delay (ns):              0.151
  Slack (ns):              0.074
  Arrival (ns):            5.818
  Required (ns):           5.744
  Operating Conditions: fast_hv_lt

Path 44
  From: PF_DDR4_SS_0/DDRPHY_BLK_0/IOD_TRAINING_0/COREDDR_TIP_INT_U/TIP_CTRL_BLK/LEVELLING/WRLVL/wrlvl_instances[1].uWrlvl/dq_in_reg[3]:CLK
  To:   PF_DDR4_SS_0/DDRPHY_BLK_0/IOD_TRAINING_0/COREDDR_TIP_INT_U/TIP_CTRL_BLK/LEVELLING/WRLVL/wrlvl_instances[1].uWrlvl/dq_in_reg_2[3]:D
  Delay (ns):              0.151
  Slack (ns):              0.074
  Arrival (ns):            5.794
  Required (ns):           5.720
  Operating Conditions: fast_hv_lt

Path 45
  From: PF_DDR4_SS_0/DDRPHY_BLK_0/IOD_TRAINING_0/COREDDR_TIP_INT_U/TIP_CTRL_BLK/LEVELLING/IOG_IF/direction_int[0]:CLK
  To:   PF_DDR4_SS_0/DDRPHY_BLK_0/IOD_TRAINING_0/COREDDR_TIP_INT_U/DIRECTION[0]:D
  Delay (ns):              0.150
  Slack (ns):              0.074
  Arrival (ns):            5.795
  Required (ns):           5.721
  Operating Conditions: fast_hv_lt

Path 46
  From: CoreDMA_IO_CTRL_0/axi4dma_init_0/reg_wdata[27]:CLK
  To:   CoreDMA_IO_CTRL_0/axi4dma_init_0/wdata_o[27]:D
  Delay (ns):              0.150
  Slack (ns):              0.074
  Arrival (ns):            5.832
  Required (ns):           5.758
  Operating Conditions: fast_hv_lt

Path 47
  From: CoreDMA_IO_CTRL_0/axi4dma_init_0/reg_wdata[16]:CLK
  To:   CoreDMA_IO_CTRL_0/axi4dma_init_0/wdata_o[16]:D
  Delay (ns):              0.151
  Slack (ns):              0.074
  Arrival (ns):            5.839
  Required (ns):           5.765
  Operating Conditions: fast_hv_lt

Path 48
  From: CoreDMA_IO_CTRL_0/UART_SD_0/cmd_ctrlr_0/clk_count2[5]:CLK
  To:   CoreDMA_IO_CTRL_0/UART_SD_0/cmd_ctrlr_0/clk_cnt[4][5]:D
  Delay (ns):              0.151
  Slack (ns):              0.074
  Arrival (ns):            5.825
  Required (ns):           5.751
  Operating Conditions: fast_hv_lt

Path 49
  From: PF_DDR4_SS_0/MSC_i_0/MSC_i_1/MSC_i_8/MSC_i_252/MSC_i_255/data_r1[19]:CLK
  To:   PF_DDR4_SS_0/MSC_i_0/MSC_i_1/MSC_i_8/MSC_i_252/MSC_i_255/data_r2[19]:D
  Delay (ns):              0.152
  Slack (ns):              0.075
  Arrival (ns):            5.835
  Required (ns):           5.760
  Operating Conditions: fast_hv_lt

Path 50
  From: PF_DDR4_SS_0/MSC_i_0/MSC_i_1/MSC_i_8/MSC_i_169/gen_fr4.DFI_WRDATA_ALIGN_eq_0.dfi_wrdata_en_p3_po_r2[0]:CLK
  To:   PF_DDR4_SS_0/MSC_i_0/MSC_i_1/MSC_i_8/MSC_i_272/data_shifter_gen[1].data_shifter[1][156]:D
  Delay (ns):              0.151
  Slack (ns):              0.075
  Arrival (ns):            5.825
  Required (ns):           5.750
  Operating Conditions: fast_hv_lt

Path 51
  From: PF_DDR4_SS_0/MSC_i_0/MSC_i_1/MSC_i_8/MSC_i_140/MSC_i_141/MSC_i_156/lat_n0.resettable.data_shifter_1_[113]:CLK
  To:   PF_DDR4_SS_0/MSC_i_0/MSC_i_1/MSC_i_8/MSC_i_140/MSC_i_141/MSC_i_156/lat_n0.resettable.data_shifter_2_[113]:D
  Delay (ns):              0.151
  Slack (ns):              0.075
  Arrival (ns):            5.837
  Required (ns):           5.762
  Operating Conditions: fast_hv_lt

Path 52
  From: PF_DDR4_SS_0/MSC_i_0/MSC_i_1/MSC_i_8/MSC_i_10/wr_data_packed[32]:CLK
  To:   PF_DDR4_SS_0/MSC_i_0/MSC_i_1/MSC_i_8/MSC_i_10/wr_data_fifo_wr_data[32]:D
  Delay (ns):              0.148
  Slack (ns):              0.075
  Arrival (ns):            5.827
  Required (ns):           5.752
  Operating Conditions: fast_hv_lt

Path 53
  From: PF_DDR4_SS_0/MSC_i_0/MSC_i_1/MSC_i_8/MSC_i_10/araddr_r1[29]:CLK
  To:   PF_DDR4_SS_0/MSC_i_0/MSC_i_1/MSC_i_8/MSC_i_10/rd_cmd_wr_data[29]:D
  Delay (ns):              0.151
  Slack (ns):              0.075
  Arrival (ns):            5.822
  Required (ns):           5.747
  Operating Conditions: fast_hv_lt

Path 54
  From: PF_DDR4_SS_0/MSC_i_0/MSC_i_1/MSC_i_8/MSC_i_10/MSC_i_53/MSC_i_54/MSC_i_66/MSC_i_68/MSC_i_69/s0:CLK
  To:   PF_DDR4_SS_0/MSC_i_0/MSC_i_1/MSC_i_8/MSC_i_10/MSC_i_53/MSC_i_54/MSC_i_66/MSC_i_68/MSC_i_69/s1:D
  Delay (ns):              0.152
  Slack (ns):              0.075
  Arrival (ns):            5.847
  Required (ns):           5.772
  Operating Conditions: fast_hv_lt

Path 55
  From: CoreDMA_IO_CTRL_0/axi4dma_init_0/wdata_o[22]:CLK
  To:   CoreDMA_IO_CTRL_0/CoreAXI4_Lite_0/CoreAXI4_Lite_0/MstConvertor_loop[0].mstrconv/rgsl/genblk4.wrs/holdDat[28]:D
  Delay (ns):              0.151
  Slack (ns):              0.075
  Arrival (ns):            5.834
  Required (ns):           5.759
  Operating Conditions: fast_hv_lt

Path 56
  From: AXI4_Interconnect_0/AXI4_Interconnect_0/SlvConvertor_loop[4].slvcnv/rgsl/genblk2.arrs/sDat[62]:CLK
  To:   PF_DDR4_SS_0/MSC_i_0/MSC_i_1/MSC_i_8/MSC_i_10/araddr_r1[31]:D
  Delay (ns):              0.148
  Slack (ns):              0.075
  Arrival (ns):            5.813
  Required (ns):           5.738
  Operating Conditions: fast_hv_lt

Path 57
  From: PF_DDR4_SS_0/MSC_i_0/MSC_i_1/MSC_i_8/MSC_i_273/dfi_we_n_r1:CLK
  To:   PF_DDR4_SS_0/DDRPHY_BLK_0/IOD_TRAINING_0/COREDDR_TIP_INT_U/u_register_bank/pipelined_generate_block.DFI_WE_N_P3_OUT:D
  Delay (ns):              0.152
  Slack (ns):              0.076
  Arrival (ns):            5.836
  Required (ns):           5.760
  Operating Conditions: fast_hv_lt

Path 58
  From: PF_DDR4_SS_0/MSC_i_0/MSC_i_1/MSC_i_8/MSC_i_273/dfi_reset_n_r2:CLK
  To:   PF_DDR4_SS_0/DDRPHY_BLK_0/IOD_TRAINING_0/COREDDR_TIP_INT_U/u_register_bank/pipelined_generate_block.DFI_RESET_N_P0_OUT:D
  Delay (ns):              0.152
  Slack (ns):              0.076
  Arrival (ns):            5.827
  Required (ns):           5.751
  Operating Conditions: fast_hv_lt

Path 59
  From: PF_DDR4_SS_0/MSC_i_0/MSC_i_1/MSC_i_8/MSC_i_273/dfi_ras_n_r1:CLK
  To:   PF_DDR4_SS_0/DDRPHY_BLK_0/IOD_TRAINING_0/COREDDR_TIP_INT_U/u_register_bank/pipelined_generate_block.DFI_RAS_N_P2_OUT:D
  Delay (ns):              0.152
  Slack (ns):              0.076
  Arrival (ns):            5.836
  Required (ns):           5.760
  Operating Conditions: fast_hv_lt

Path 60
  From: PF_DDR4_SS_0/MSC_i_0/MSC_i_1/MSC_i_8/MSC_i_273/dfi_address_r1[3]:CLK
  To:   PF_DDR4_SS_0/DDRPHY_BLK_0/IOD_TRAINING_0/COREDDR_TIP_INT_U/u_register_bank/pipelined_generate_block.DFI_ADDRESS_P3_OUT[3]:D
  Delay (ns):              0.153
  Slack (ns):              0.076
  Arrival (ns):            5.839
  Required (ns):           5.763
  Operating Conditions: fast_hv_lt

Path 61
  From: PF_DDR4_SS_0/MSC_i_0/MSC_i_1/MSC_i_8/MSC_i_169/gen_fr4.DFI_WRDATA_ALIGN_eq_0.dfi_wrdata_p3_po_r1[28]:CLK
  To:   PF_DDR4_SS_0/MSC_i_0/MSC_i_1/MSC_i_8/MSC_i_272/data_shifter_gen[1].data_shifter[1][68]:D
  Delay (ns):              0.153
  Slack (ns):              0.076
  Arrival (ns):            5.803
  Required (ns):           5.727
  Operating Conditions: fast_hv_lt

Path 62
  From: PF_DDR4_SS_0/MSC_i_0/MSC_i_1/MSC_i_8/MSC_i_169/gen_fr4.DFI_WRDATA_ALIGN_eq_0.dfi_wrdata_p2_po_r1[15]:CLK
  To:   PF_DDR4_SS_0/MSC_i_0/MSC_i_1/MSC_i_8/MSC_i_272/data_shifter_gen[1].data_shifter[1][87]:D
  Delay (ns):              0.152
  Slack (ns):              0.076
  Arrival (ns):            5.801
  Required (ns):           5.725
  Operating Conditions: fast_hv_lt

Path 63
  From: PF_DDR4_SS_0/MSC_i_0/MSC_i_1/MSC_i_8/MSC_i_140/MSC_i_141/MSC_i_161/data_shifter_gen[36].data_shifter[36][1]:CLK
  To:   PF_DDR4_SS_0/MSC_i_0/MSC_i_1/MSC_i_8/MSC_i_140/MSC_i_141/MSC_i_161/data_shifter_gen[35].data_shifter[35][1]:D
  Delay (ns):              0.152
  Slack (ns):              0.076
  Arrival (ns):            5.839
  Required (ns):           5.763
  Operating Conditions: fast_hv_lt

Path 64
  From: PF_DDR4_SS_0/MSC_i_0/MSC_i_1/MSC_i_8/MSC_i_140/MSC_i_141/MSC_i_157/data_shifter_gen[25].data_shifter[25][0]:CLK
  To:   PF_DDR4_SS_0/MSC_i_0/MSC_i_1/MSC_i_8/MSC_i_140/MSC_i_141/MSC_i_157/data_shifter_gen[24].data_shifter[24][0]:D
  Delay (ns):              0.152
  Slack (ns):              0.076
  Arrival (ns):            5.832
  Required (ns):           5.756
  Operating Conditions: fast_hv_lt

Path 65
  From: PF_DDR4_SS_0/MSC_i_0/MSC_i_1/MSC_i_8/MSC_i_140/MSC_i_141/MSC_i_157/data_shifter_gen[22].data_shifter[22][0]:CLK
  To:   PF_DDR4_SS_0/MSC_i_0/MSC_i_1/MSC_i_8/MSC_i_140/MSC_i_141/MSC_i_157/data_shifter_gen[21].data_shifter[21][0]:D
  Delay (ns):              0.152
  Slack (ns):              0.076
  Arrival (ns):            5.832
  Required (ns):           5.756
  Operating Conditions: fast_hv_lt

Path 66
  From: PF_DDR4_SS_0/MSC_i_0/MSC_i_1/MSC_i_8/MSC_i_140/MSC_i_141/MSC_i_149/lat_n0.resettable.data_shifter_0_[4]:CLK
  To:   PF_DDR4_SS_0/MSC_i_0/MSC_i_1/MSC_i_8/MSC_i_140/MSC_i_141/MSC_i_149/lat_n0.resettable.data_shifter_1_[4]:D
  Delay (ns):              0.152
  Slack (ns):              0.076
  Arrival (ns):            5.832
  Required (ns):           5.756
  Operating Conditions: fast_hv_lt

Path 67
  From: PF_DDR4_SS_0/MSC_i_0/MSC_i_1/MSC_i_8/MSC_i_10/awaddr_r1[20]:CLK
  To:   PF_DDR4_SS_0/MSC_i_0/MSC_i_1/MSC_i_8/MSC_i_10/wr_cmd_wr_data[20]:D
  Delay (ns):              0.152
  Slack (ns):              0.076
  Arrival (ns):            5.817
  Required (ns):           5.741
  Operating Conditions: fast_hv_lt

Path 68
  From: CoreDMA_IO_CTRL_0/axi4dma_init_0/reg_wdata[26]:CLK
  To:   CoreDMA_IO_CTRL_0/axi4dma_init_0/wdata_o[26]:D
  Delay (ns):              0.153
  Slack (ns):              0.076
  Arrival (ns):            5.834
  Required (ns):           5.758
  Operating Conditions: fast_hv_lt

Path 69
  From: AXItoAPB_0/AHBtoAPB_0/AHBtoAPB_0/U_ApbAddrData/haddrReg[5]:CLK
  To:   PCIe_EP_0/PCIex4_0/pcie_apblink_master_inst/last_raddr[5]:D
  Delay (ns):              0.153
  Slack (ns):              0.076
  Arrival (ns):            1.986
  Required (ns):           1.910
  Operating Conditions: fast_hv_lt

Path 70
  From: AXI4_Interconnect_0/AXI4_Interconnect_0/SlvConvertor_loop[3].slvcnv/rgsl/genblk4.wrs/sDat[54]:CLK
  To:   SRAM_AXI_0/COREAXI4SRAM_0/genblk1.U_SRAM_AXI_COREAXI4SRAM_0_CoreAXI4SRAM_MAINCTRL/genblk1.wdata_sc_r[44]:D
  Delay (ns):              0.153
  Slack (ns):              0.076
  Arrival (ns):            5.836
  Required (ns):           5.760
  Operating Conditions: fast_hv_lt

Path 71
  From: PF_DDR4_SS_0/MSC_i_0/MSC_i_1/MSC_i_8/MSC_i_273/dfi_cke_r2[0]:CLK
  To:   PF_DDR4_SS_0/DDRPHY_BLK_0/IOD_TRAINING_0/COREDDR_TIP_INT_U/u_register_bank/pipelined_generate_block.DFI_CKE_P2_OUT:D
  Delay (ns):              0.153
  Slack (ns):              0.077
  Arrival (ns):            5.828
  Required (ns):           5.751
  Operating Conditions: fast_hv_lt

Path 72
  From: PF_DDR4_SS_0/MSC_i_0/MSC_i_1/MSC_i_8/MSC_i_273/dfi_bank_r1[2]:CLK
  To:   PF_DDR4_SS_0/DDRPHY_BLK_0/IOD_TRAINING_0/COREDDR_TIP_INT_U/u_register_bank/pipelined_generate_block.DFI_BG_P2_OUT[0]:D
  Delay (ns):              0.153
  Slack (ns):              0.077
  Arrival (ns):            5.833
  Required (ns):           5.756
  Operating Conditions: fast_hv_lt

Path 73
  From: PF_DDR4_SS_0/MSC_i_0/MSC_i_1/MSC_i_8/MSC_i_273/dfi_bank_r1[0]:CLK
  To:   PF_DDR4_SS_0/MSC_i_0/MSC_i_1/MSC_i_8/MSC_i_273/dfi_bank_r2[0]:D
  Delay (ns):              0.153
  Slack (ns):              0.077
  Arrival (ns):            5.833
  Required (ns):           5.756
  Operating Conditions: fast_hv_lt

Path 74
  From: PF_DDR4_SS_0/MSC_i_0/MSC_i_1/MSC_i_8/MSC_i_273/dfi_address_r2[7]:CLK
  To:   PF_DDR4_SS_0/DDRPHY_BLK_0/IOD_TRAINING_0/COREDDR_TIP_INT_U/u_register_bank/pipelined_generate_block.DFI_ADDRESS_P0_OUT[7]:D
  Delay (ns):              0.153
  Slack (ns):              0.077
  Arrival (ns):            5.840
  Required (ns):           5.763
  Operating Conditions: fast_hv_lt

Path 75
  From: PF_DDR4_SS_0/MSC_i_0/MSC_i_1/MSC_i_8/MSC_i_273/dfi_address_r1[11]:CLK
  To:   PF_DDR4_SS_0/DDRPHY_BLK_0/IOD_TRAINING_0/COREDDR_TIP_INT_U/u_register_bank/pipelined_generate_block.DFI_ADDRESS_P3_OUT[11]:D
  Delay (ns):              0.154
  Slack (ns):              0.077
  Arrival (ns):            5.840
  Required (ns):           5.763
  Operating Conditions: fast_hv_lt

Path 76
  From: PF_DDR4_SS_0/MSC_i_0/MSC_i_1/MSC_i_8/MSC_i_169/gen_fr4.DFI_WRDATA_ALIGN_eq_0.dfi_wrdata_p3_po_r1[19]:CLK
  To:   PF_DDR4_SS_0/MSC_i_0/MSC_i_1/MSC_i_8/MSC_i_272/data_shifter_gen[1].data_shifter[1][59]:D
  Delay (ns):              0.151
  Slack (ns):              0.077
  Arrival (ns):            5.823
  Required (ns):           5.746
  Operating Conditions: fast_hv_lt

Path 77
  From: PF_DDR4_SS_0/MSC_i_0/MSC_i_1/MSC_i_8/MSC_i_169/gen_fr4.DFI_WRDATA_ALIGN_eq_0.dfi_wrdata_p2_po_r1[3]:CLK
  To:   PF_DDR4_SS_0/MSC_i_0/MSC_i_1/MSC_i_8/MSC_i_272/data_shifter_gen[1].data_shifter[1][75]:D
  Delay (ns):              0.151
  Slack (ns):              0.077
  Arrival (ns):            5.796
  Required (ns):           5.719
  Operating Conditions: fast_hv_lt

Path 78
  From: PF_DDR4_SS_0/MSC_i_0/MSC_i_1/MSC_i_8/MSC_i_169/gen_fr4.DFI_WRDATA_ALIGN_eq_0.dfi_wrdata_p2_po_r1[2]:CLK
  To:   PF_DDR4_SS_0/MSC_i_0/MSC_i_1/MSC_i_8/MSC_i_272/data_shifter_gen[1].data_shifter[1][74]:D
  Delay (ns):              0.151
  Slack (ns):              0.077
  Arrival (ns):            5.841
  Required (ns):           5.764
  Operating Conditions: fast_hv_lt

Path 79
  From: PF_DDR4_SS_0/MSC_i_0/MSC_i_1/MSC_i_8/MSC_i_169/gen_fr4.DFI_WRDATA_ALIGN_eq_0.dfi_wrdata_mask_p2_po_r1[3]:CLK
  To:   PF_DDR4_SS_0/MSC_i_0/MSC_i_1/MSC_i_8/MSC_i_272/data_shifter_gen[1].data_shifter[1][147]:D
  Delay (ns):              0.154
  Slack (ns):              0.077
  Arrival (ns):            5.812
  Required (ns):           5.735
  Operating Conditions: fast_hv_lt

Path 80
  From: PF_DDR4_SS_0/MSC_i_0/MSC_i_1/MSC_i_8/MSC_i_10/araddr_r1[28]:CLK
  To:   PF_DDR4_SS_0/MSC_i_0/MSC_i_1/MSC_i_8/MSC_i_10/rd_cmd_wr_data[28]:D
  Delay (ns):              0.154
  Slack (ns):              0.077
  Arrival (ns):            5.824
  Required (ns):           5.747
  Operating Conditions: fast_hv_lt

Path 81
  From: PF_DDR4_SS_0/MSC_i_0/MSC_i_1/MSC_i_8/MSC_i_10/araddr_r1[14]:CLK
  To:   PF_DDR4_SS_0/MSC_i_0/MSC_i_1/MSC_i_8/MSC_i_10/rd_cmd_wr_data[14]:D
  Delay (ns):              0.151
  Slack (ns):              0.077
  Arrival (ns):            5.833
  Required (ns):           5.756
  Operating Conditions: fast_hv_lt

Path 82
  From: CoreDMA_IO_CTRL_0/axi4dma_init_0/wdata_o[0]:CLK
  To:   CoreDMA_IO_CTRL_0/CoreAXI4_Lite_0/CoreAXI4_Lite_0/MstConvertor_loop[0].mstrconv/rgsl/genblk4.wrs/holdDat[6]:D
  Delay (ns):              0.153
  Slack (ns):              0.077
  Arrival (ns):            5.836
  Required (ns):           5.759
  Operating Conditions: fast_hv_lt

Path 83
  From: CoreDMA_IO_CTRL_0/UART_SD_0/cmd_ctrlr_0/clk_count1[25]:CLK
  To:   CoreDMA_IO_CTRL_0/UART_SD_0/cmd_ctrlr_0/clk_cnt[3][1]:D
  Delay (ns):              0.145
  Slack (ns):              0.077
  Arrival (ns):            5.840
  Required (ns):           5.763
  Operating Conditions: fast_hv_lt

Path 84
  From: AXI4_Interconnect_0/AXI4_Interconnect_0/SlvConvertor_loop[1].slvcnv/rgsl/genblk2.arrs/sDat[41]:CLK
  To:   CoreDMA_IO_CTRL_0/axi_io_ctrl_0/raddr_int[7]:D
  Delay (ns):              0.154
  Slack (ns):              0.077
  Arrival (ns):            5.822
  Required (ns):           5.745
  Operating Conditions: fast_hv_lt

Path 85
  From: PF_DDR4_SS_0/MSC_i_0/MSC_i_1/MSC_i_8/MSC_i_10/wr_data_packed[47]:CLK
  To:   PF_DDR4_SS_0/MSC_i_0/MSC_i_1/MSC_i_8/MSC_i_10/wr_data_fifo_wr_data[47]:D
  Delay (ns):              0.152
  Slack (ns):              0.078
  Arrival (ns):            5.809
  Required (ns):           5.731
  Operating Conditions: fast_hv_lt

Path 86
  From: PF_DDR4_SS_0/MSC_i_0/MSC_i_1/MSC_i_8/MSC_i_10/awaddr_r1[7]:CLK
  To:   PF_DDR4_SS_0/MSC_i_0/MSC_i_1/MSC_i_8/MSC_i_10/wr_cmd_wr_data[7]:D
  Delay (ns):              0.152
  Slack (ns):              0.078
  Arrival (ns):            5.830
  Required (ns):           5.752
  Operating Conditions: fast_hv_lt

Path 87
  From: PF_DDR4_SS_0/MSC_i_0/MSC_i_1/MSC_i_8/MSC_i_10/awaddr_r1[10]:CLK
  To:   PF_DDR4_SS_0/MSC_i_0/MSC_i_1/MSC_i_8/MSC_i_10/wr_cmd_wr_data[10]:D
  Delay (ns):              0.152
  Slack (ns):              0.078
  Arrival (ns):            5.812
  Required (ns):           5.734
  Operating Conditions: fast_hv_lt

Path 88
  From: PF_DDR4_SS_0/MSC_i_0/MSC_i_1/MSC_i_8/MSC_i_10/araddr_r1[13]:CLK
  To:   PF_DDR4_SS_0/MSC_i_0/MSC_i_1/MSC_i_8/MSC_i_10/rd_cmd_wr_data[13]:D
  Delay (ns):              0.152
  Slack (ns):              0.078
  Arrival (ns):            5.834
  Required (ns):           5.756
  Operating Conditions: fast_hv_lt

Path 89
  From: PF_DDR4_SS_0/MSC_i_0/MSC_i_1/MSC_i_8/MSC_i_10/araddr_r1[12]:CLK
  To:   PF_DDR4_SS_0/MSC_i_0/MSC_i_1/MSC_i_8/MSC_i_10/rd_cmd_wr_data[12]:D
  Delay (ns):              0.152
  Slack (ns):              0.078
  Arrival (ns):            5.834
  Required (ns):           5.756
  Operating Conditions: fast_hv_lt

Path 90
  From: PF_DDR4_SS_0/MSC_i_0/MSC_i_1/MSC_i_8/MSC_i_10/MSC_i_107/MSC_i_108/MSC_i_110/MSC_i_112/MSC_i_118/s0:CLK
  To:   PF_DDR4_SS_0/MSC_i_0/MSC_i_1/MSC_i_8/MSC_i_10/MSC_i_107/MSC_i_108/MSC_i_110/MSC_i_112/MSC_i_118/s1:D
  Delay (ns):              0.152
  Slack (ns):              0.078
  Arrival (ns):            5.823
  Required (ns):           5.745
  Operating Conditions: fast_hv_lt

Path 91
  From: PF_DDR4_SS_0/MSC_i_0/MSC_i_1/MSC_i_2/MSC_i_3/s0:CLK
  To:   PF_DDR4_SS_0/MSC_i_0/MSC_i_1/MSC_i_4/MSC_i_5/MSC_i_6/MSC_i_7/s1:D
  Delay (ns):              0.151
  Slack (ns):              0.078
  Arrival (ns):            5.796
  Required (ns):           5.718
  Operating Conditions: fast_hv_lt

Path 92
  From: PF_DDR4_SS_0/DDRPHY_BLK_0/IOD_TRAINING_0/COREDDR_TIP_INT_U/u_register_bank/pipelined_generate_block.IOG_DQ_TXDATA_OUT[91]:CLK
  To:   PF_DDR4_SS_0/DDRPHY_BLK_0/IOD_TRAINING_0/COREDDR_TIP_INT_U/TIP_CTRL_BLK/PHY_SIG_MOD/iog_dq_txdata_in_reg[91]:D
  Delay (ns):              0.155
  Slack (ns):              0.078
  Arrival (ns):            5.830
  Required (ns):           5.752
  Operating Conditions: fast_hv_lt

Path 93
  From: PF_DDR4_SS_0/DDRPHY_BLK_0/IOD_TRAINING_0/COREDDR_TIP_INT_U/u_register_bank/pipelined_generate_block.IOG_DM_TXDATA_OUT[4]:CLK
  To:   PF_DDR4_SS_0/DDRPHY_BLK_0/IOD_TRAINING_0/COREDDR_TIP_INT_U/TIP_CTRL_BLK/PHY_SIG_MOD/iog_dm_txdata_in_reg[4]:D
  Delay (ns):              0.155
  Slack (ns):              0.078
  Arrival (ns):            5.832
  Required (ns):           5.754
  Operating Conditions: fast_hv_lt

Path 94
  From: PF_DDR4_SS_0/DDRPHY_BLK_0/IOD_TRAINING_0/COREDDR_TIP_INT_U/TIP_CTRL_BLK/TRN_CLK/genblk3[0].bclk_trainer/current_state[2]:CLK
  To:   PF_DDR4_SS_0/DDRPHY_BLK_0/IOD_TRAINING_0/COREDDR_TIP_INT_U/TIP_CTRL_BLK/TRN_CLK/genblk3[0].bclk_trainer/current_state[3]:D
  Delay (ns):              0.155
  Slack (ns):              0.078
  Arrival (ns):            5.828
  Required (ns):           5.750
  Operating Conditions: fast_hv_lt

Path 95
  From: PF_DDR4_SS_0/DDRPHY_BLK_0/IOD_TRAINING_0/COREDDR_TIP_INT_U/TIP_CTRL_BLK/TRN_CLK/genblk2[1].u_dqsw_flags/noise_detect/data_0[0]:CLK
  To:   PF_DDR4_SS_0/DDRPHY_BLK_0/IOD_TRAINING_0/COREDDR_TIP_INT_U/TIP_CTRL_BLK/TRN_CLK/genblk2[1].u_dqsw_flags/noise_detect/data_1[0]:D
  Delay (ns):              0.154
  Slack (ns):              0.078
  Arrival (ns):            5.803
  Required (ns):           5.725
  Operating Conditions: fast_hv_lt

Path 96
  From: CoreDMA_IO_CTRL_0/UART_SD_0/pattern_gen_checker_0/araddr_o[6]:CLK
  To:   AXI4_Interconnect_0/AXI4_Interconnect_0/MstConvertor_loop[2].mstrconv/rgsl/genblk2.arrs/holdDat[37]:D
  Delay (ns):              0.152
  Slack (ns):              0.078
  Arrival (ns):            5.804
  Required (ns):           5.726
  Operating Conditions: fast_hv_lt

Path 97
  From: CoreDMA_IO_CTRL_0/UART_SD_0/CORE_UART_0/Core_UART_0/make_RX/rx_shift[4]:CLK
  To:   CoreDMA_IO_CTRL_0/UART_SD_0/CORE_UART_0/Core_UART_0/make_RX/rx_shift[3]:D
  Delay (ns):              0.153
  Slack (ns):              0.078
  Arrival (ns):            5.827
  Required (ns):           5.749
  Operating Conditions: fast_hv_lt

Path 98
  From: CoreDMA_IO_CTRL_0/CoreAXI4_Lite_0/CoreAXI4_Lite_0/MstConvertor_loop[0].mstrconv/rgsl/genblk3.rrs/sDat[9]:CLK
  To:   CoreDMA_IO_CTRL_0/axi4dma_init_0/reg_rdata[5]:D
  Delay (ns):              0.152
  Slack (ns):              0.078
  Arrival (ns):            5.807
  Required (ns):           5.729
  Operating Conditions: fast_hv_lt

Path 99
  From: AXI4_Interconnect_0/AXI4_Interconnect_0/SlvConvertor_loop[4].slvcnv/rgsl/genblk2.arrs/sDat[55]:CLK
  To:   PF_DDR4_SS_0/MSC_i_0/MSC_i_1/MSC_i_8/MSC_i_10/araddr_r1[24]:D
  Delay (ns):              0.152
  Slack (ns):              0.078
  Arrival (ns):            5.824
  Required (ns):           5.746
  Operating Conditions: fast_hv_lt

Path 100
  From: AXI4_Interconnect_0/AXI4_Interconnect_0/SlvConvertor_loop[0].slvcnv/slvCDC/genblk1.cdc_AWChan/wrPtr_s1[1]:CLK
  To:   AXI4_Interconnect_0/AXI4_Interconnect_0/SlvConvertor_loop[0].slvcnv/slvCDC/genblk1.cdc_AWChan/wrPtr_s2[1]:D
  Delay (ns):              0.152
  Slack (ns):              0.078
  Arrival (ns):            1.985
  Required (ns):           1.907
  Operating Conditions: fast_hv_lt

