Timing Violation Report Max Delay Analysis

SmartTime Version v12.6
Microsemi Corporation - Microsemi Libero Software Release v12.6 (Version 12.900.20.24)
Date: Sun Jul 25 14:18:25 2021


Design: top
Family: PolarFire
Die: MPF300T
Package: FCVG484
Temperature Range: 0 - 100 C
Voltage Range: 0.97 - 1.03 V
Speed Grade: -1
Design State: Post-Layout
Data source: Production
Multi Corner Report Operating Conditions: slow_lv_ht, slow_lv_lt, fast_hv_lt
Scenario for Timing Analysis: timing_analysis


*** IMPORTANT RECOMMENDATION *** If you haven't done so, it is highly recommended to add clock jitter information for each clock domain into Libero SoC through clock uncertainty SDC timing constraints. Please refer to the Libero SoC v12.5 release notes for more details.

Path 1
  From: CoreDMA_IO_CTRL_0/CoreDMA_Controller_0/CoreDMA_Controller_0/CAXI4DMAI00OI/CAXI4DMAIlOl[3]:CLK
  To:   CoreDMA_IO_CTRL_0/CoreDMA_Controller_0/CoreDMA_Controller_0/CAXI4DMAI00OI/CAXI4DMAIlOl[8]:D
  Delay (ns):              4.251
  Slack (ns):              0.740
  Arrival (ns):           14.655
  Required (ns):          15.395
  Operating Conditions: slow_lv_ht

Path 2
  From: CoreDMA_IO_CTRL_0/CoreDMA_Controller_0/CoreDMA_Controller_0/CAXI4DMAI00OI/CAXI4DMAIlOl[3]:CLK
  To:   CoreDMA_IO_CTRL_0/CoreDMA_Controller_0/CoreDMA_Controller_0/CAXI4DMAI00OI/CAXI4DMAIlOl[10]:D
  Delay (ns):              4.245
  Slack (ns):              0.746
  Arrival (ns):           14.649
  Required (ns):          15.395
  Operating Conditions: slow_lv_ht

Path 3
  From: CoreDMA_IO_CTRL_0/CoreDMA_Controller_0/CoreDMA_Controller_0/CAXI4DMAI00OI/CAXI4DMAIlOl[5]:CLK
  To:   CoreDMA_IO_CTRL_0/CoreDMA_Controller_0/CoreDMA_Controller_0/CAXI4DMAI00OI/CAXI4DMAIlOl[8]:D
  Delay (ns):              4.207
  Slack (ns):              0.784
  Arrival (ns):           14.611
  Required (ns):          15.395
  Operating Conditions: slow_lv_ht

Path 4
  From: CoreDMA_IO_CTRL_0/CoreDMA_Controller_0/CoreDMA_Controller_0/CAXI4DMAI00OI/CAXI4DMAIlOl[5]:CLK
  To:   CoreDMA_IO_CTRL_0/CoreDMA_Controller_0/CoreDMA_Controller_0/CAXI4DMAI00OI/CAXI4DMAIlOl[10]:D
  Delay (ns):              4.201
  Slack (ns):              0.790
  Arrival (ns):           14.605
  Required (ns):          15.395
  Operating Conditions: slow_lv_ht

Path 5
  From: CoreDMA_IO_CTRL_0/CoreDMA_Controller_0/CoreDMA_Controller_0/CAXI4DMAI00OI/CAXI4DMAIlOl[9]:CLK
  To:   CoreDMA_IO_CTRL_0/CoreDMA_Controller_0/CoreDMA_Controller_0/CAXI4DMAI00OI/CAXI4DMAIlOl[8]:D
  Delay (ns):              4.198
  Slack (ns):              0.793
  Arrival (ns):           14.602
  Required (ns):          15.395
  Operating Conditions: slow_lv_ht

Path 6
  From: CoreDMA_IO_CTRL_0/CoreDMA_Controller_0/CoreDMA_Controller_0/CAXI4DMAI00OI/CAXI4DMAIlOl[3]:CLK
  To:   CoreDMA_IO_CTRL_0/CoreDMA_Controller_0/CoreDMA_Controller_0/CAXI4DMAI00OI/CAXI4DMAIlOl[6]:D
  Delay (ns):              4.196
  Slack (ns):              0.795
  Arrival (ns):           14.600
  Required (ns):          15.395
  Operating Conditions: slow_lv_ht

Path 7
  From: CoreDMA_IO_CTRL_0/CoreDMA_Controller_0/CoreDMA_Controller_0/CAXI4DMAI00OI/CAXI4DMAIlOl[9]:CLK
  To:   CoreDMA_IO_CTRL_0/CoreDMA_Controller_0/CoreDMA_Controller_0/CAXI4DMAI00OI/CAXI4DMAIlOl[10]:D
  Delay (ns):              4.192
  Slack (ns):              0.799
  Arrival (ns):           14.596
  Required (ns):          15.395
  Operating Conditions: slow_lv_ht

Path 8
  From: CoreDMA_IO_CTRL_0/CoreDMA_Controller_0/CoreDMA_Controller_0/CAXI4DMAI00OI/CAXI4DMAIlOl[7]:CLK
  To:   CoreDMA_IO_CTRL_0/CoreDMA_Controller_0/CoreDMA_Controller_0/CAXI4DMAI00OI/CAXI4DMAIlOl[8]:D
  Delay (ns):              4.185
  Slack (ns):              0.806
  Arrival (ns):           14.589
  Required (ns):          15.395
  Operating Conditions: slow_lv_ht

Path 9
  From: CoreDMA_IO_CTRL_0/CoreDMA_Controller_0/CoreDMA_Controller_0/CAXI4DMAI00OI/CAXI4DMAIlOl[7]:CLK
  To:   CoreDMA_IO_CTRL_0/CoreDMA_Controller_0/CoreDMA_Controller_0/CAXI4DMAI00OI/CAXI4DMAIlOl[10]:D
  Delay (ns):              4.179
  Slack (ns):              0.812
  Arrival (ns):           14.583
  Required (ns):          15.395
  Operating Conditions: slow_lv_ht

Path 10
  From: CoreDMA_IO_CTRL_0/CoreDMA_Controller_0/CoreDMA_Controller_0/CAXI4DMAI00OI/CAXI4DMAIlOl[8]:CLK
  To:   CoreDMA_IO_CTRL_0/CoreDMA_Controller_0/CoreDMA_Controller_0/CAXI4DMAI00OI/CAXI4DMAIlOl[10]:D
  Delay (ns):              4.161
  Slack (ns):              0.830
  Arrival (ns):           14.565
  Required (ns):          15.395
  Operating Conditions: slow_lv_ht

Path 11
  From: CoreDMA_IO_CTRL_0/CoreDMA_Controller_0/CoreDMA_Controller_0/CAXI4DMAI00OI/CAXI4DMAIlOl[8]:CLK
  To:   CoreDMA_IO_CTRL_0/CoreDMA_Controller_0/CoreDMA_Controller_0/CAXI4DMAI00OI/CAXI4DMAIlOl[8]:D
  Delay (ns):              4.167
  Slack (ns):              0.833
  Arrival (ns):           14.571
  Required (ns):          15.404
  Operating Conditions: slow_lv_ht

Path 12
  From: CoreDMA_IO_CTRL_0/CoreDMA_Controller_0/CoreDMA_Controller_0/CAXI4DMAI00OI/CAXI4DMAIlOl[5]:CLK
  To:   CoreDMA_IO_CTRL_0/CoreDMA_Controller_0/CoreDMA_Controller_0/CAXI4DMAI00OI/CAXI4DMAIlOl[6]:D
  Delay (ns):              4.152
  Slack (ns):              0.839
  Arrival (ns):           14.556
  Required (ns):          15.395
  Operating Conditions: slow_lv_ht

Path 13
  From: CoreDMA_IO_CTRL_0/CoreDMA_Controller_0/CoreDMA_Controller_0/CAXI4DMAI00OI/CAXI4DMAIlOl[4]:CLK
  To:   CoreDMA_IO_CTRL_0/CoreDMA_Controller_0/CoreDMA_Controller_0/CAXI4DMAI00OI/CAXI4DMAIlOl[8]:D
  Delay (ns):              4.122
  Slack (ns):              0.842
  Arrival (ns):           14.521
  Required (ns):          15.363
  Operating Conditions: slow_lv_ht

Path 14
  From: CoreDMA_IO_CTRL_0/CoreDMA_Controller_0/CoreDMA_Controller_0/CAXI4DMAI00OI/CAXI4DMAIlOl[9]:CLK
  To:   CoreDMA_IO_CTRL_0/CoreDMA_Controller_0/CoreDMA_Controller_0/CAXI4DMAI00OI/CAXI4DMAIlOl[6]:D
  Delay (ns):              4.143
  Slack (ns):              0.848
  Arrival (ns):           14.547
  Required (ns):          15.395
  Operating Conditions: slow_lv_ht

Path 15
  From: CoreDMA_IO_CTRL_0/CoreDMA_Controller_0/CoreDMA_Controller_0/CAXI4DMAI00OI/CAXI4DMAIlOl[4]:CLK
  To:   CoreDMA_IO_CTRL_0/CoreDMA_Controller_0/CoreDMA_Controller_0/CAXI4DMAI00OI/CAXI4DMAIlOl[10]:D
  Delay (ns):              4.116
  Slack (ns):              0.848
  Arrival (ns):           14.515
  Required (ns):          15.363
  Operating Conditions: slow_lv_ht

Path 16
  From: CoreDMA_IO_CTRL_0/CoreDMA_Controller_0/CoreDMA_Controller_0/CAXI4DMAI00OI/CAXI4DMAIlOl[7]:CLK
  To:   CoreDMA_IO_CTRL_0/CoreDMA_Controller_0/CoreDMA_Controller_0/CAXI4DMAI00OI/CAXI4DMAIlOl[6]:D
  Delay (ns):              4.130
  Slack (ns):              0.861
  Arrival (ns):           14.534
  Required (ns):          15.395
  Operating Conditions: slow_lv_ht

Path 17
  From: CoreDMA_IO_CTRL_0/CoreDMA_Controller_0/CoreDMA_Controller_0/CAXI4DMAI00OI/CAXI4DMAIlOl[3]:CLK
  To:   CoreDMA_IO_CTRL_0/CoreDMA_Controller_0/CoreDMA_Controller_0/CAXI4DMAI00OI/CAXI4DMAIlOl[9]:D
  Delay (ns):              4.118
  Slack (ns):              0.873
  Arrival (ns):           14.522
  Required (ns):          15.395
  Operating Conditions: slow_lv_ht

Path 18
  From: CoreDMA_IO_CTRL_0/CoreDMA_Controller_0/CoreDMA_Controller_0/CAXI4DMAI00OI/CAXI4DMAIlOl[3]:CLK
  To:   CoreDMA_IO_CTRL_0/CoreDMA_Controller_0/CoreDMA_Controller_0/CAXI4DMAI00OI/CAXI4DMAIlOl[7]:D
  Delay (ns):              4.116
  Slack (ns):              0.875
  Arrival (ns):           14.520
  Required (ns):          15.395
  Operating Conditions: slow_lv_ht

Path 19
  From: CoreDMA_IO_CTRL_0/CoreDMA_Controller_0/CoreDMA_Controller_0/CAXI4DMAI00OI/CAXI4DMAIlOl[10]:CLK
  To:   CoreDMA_IO_CTRL_0/CoreDMA_Controller_0/CoreDMA_Controller_0/CAXI4DMAI00OI/CAXI4DMAIlOl[8]:D
  Delay (ns):              4.113
  Slack (ns):              0.878
  Arrival (ns):           14.517
  Required (ns):          15.395
  Operating Conditions: slow_lv_ht

Path 20
  From: CoreDMA_IO_CTRL_0/CoreDMA_Controller_0/CoreDMA_Controller_0/CAXI4DMAI00OI/CAXI4DMAIlOl[8]:CLK
  To:   CoreDMA_IO_CTRL_0/CoreDMA_Controller_0/CoreDMA_Controller_0/CAXI4DMAI00OI/CAXI4DMAIlOl[6]:D
  Delay (ns):              4.112
  Slack (ns):              0.879
  Arrival (ns):           14.516
  Required (ns):          15.395
  Operating Conditions: slow_lv_ht

Path 21
  From: CoreDMA_IO_CTRL_0/CoreDMA_Controller_0/CoreDMA_Controller_0/CAXI4DMAI00OI/CAXI4DMAIlOl[10]:CLK
  To:   CoreDMA_IO_CTRL_0/CoreDMA_Controller_0/CoreDMA_Controller_0/CAXI4DMAI00OI/CAXI4DMAIlOl[10]:D
  Delay (ns):              4.107
  Slack (ns):              0.893
  Arrival (ns):           14.511
  Required (ns):          15.404
  Operating Conditions: slow_lv_ht

Path 22
  From: CoreDMA_IO_CTRL_0/CoreDMA_Controller_0/CoreDMA_Controller_0/CAXI4DMAI00OI/CAXI4DMAIlOl[0]:CLK
  To:   CoreDMA_IO_CTRL_0/CoreDMA_Controller_0/CoreDMA_Controller_0/CAXI4DMAI00OI/CAXI4DMAIlOl[8]:D
  Delay (ns):              4.035
  Slack (ns):              0.894
  Arrival (ns):           14.445
  Required (ns):          15.339
  Operating Conditions: slow_lv_ht

Path 23
  From: CoreDMA_IO_CTRL_0/CoreDMA_Controller_0/CoreDMA_Controller_0/CAXI4DMAI00OI/CAXI4DMAOIOl[0]:CLK
  To:   CoreDMA_IO_CTRL_0/CoreDMA_Controller_0/CoreDMA_Controller_0/CAXI4DMAI00OI/CAXI4DMAOllI[2]:D
  Delay (ns):              4.059
  Slack (ns):              0.895
  Arrival (ns):           14.469
  Required (ns):          15.364
  Operating Conditions: slow_lv_ht

Path 24
  From: CoreDMA_IO_CTRL_0/CoreDMA_Controller_0/CoreDMA_Controller_0/CAXI4DMAI00OI/CAXI4DMAIlOl[3]:CLK
  To:   CoreDMA_IO_CTRL_0/CoreDMA_Controller_0/CoreDMA_Controller_0/CAXI4DMAI00OI/CAXI4DMAIlOl[11]:D
  Delay (ns):              4.058
  Slack (ns):              0.896
  Arrival (ns):           14.462
  Required (ns):          15.358
  Operating Conditions: slow_lv_ht

Path 25
  From: CoreDMA_IO_CTRL_0/CoreDMA_Controller_0/CoreDMA_Controller_0/CAXI4DMAI00OI/CAXI4DMAIlOl[4]:CLK
  To:   CoreDMA_IO_CTRL_0/CoreDMA_Controller_0/CoreDMA_Controller_0/CAXI4DMAI00OI/CAXI4DMAIlOl[6]:D
  Delay (ns):              4.067
  Slack (ns):              0.897
  Arrival (ns):           14.466
  Required (ns):          15.363
  Operating Conditions: slow_lv_ht

Path 26
  From: CoreDMA_IO_CTRL_0/CoreDMA_Controller_0/CoreDMA_Controller_0/CAXI4DMAI00OI/CAXI4DMAIlOl[0]:CLK
  To:   CoreDMA_IO_CTRL_0/CoreDMA_Controller_0/CoreDMA_Controller_0/CAXI4DMAI00OI/CAXI4DMAIlOl[10]:D
  Delay (ns):              4.029
  Slack (ns):              0.900
  Arrival (ns):           14.439
  Required (ns):          15.339
  Operating Conditions: slow_lv_ht

Path 27
  From: CoreDMA_IO_CTRL_0/CoreDMA_Controller_0/CoreDMA_Controller_0/CAXI4DMAI00OI/CAXI4DMAIlOl[3]:CLK
  To:   CoreDMA_IO_CTRL_0/CoreDMA_Controller_0/CoreDMA_Controller_0/CAXI4DMAI00OI/CAXI4DMAIlOl[4]:D
  Delay (ns):              4.052
  Slack (ns):              0.902
  Arrival (ns):           14.456
  Required (ns):          15.358
  Operating Conditions: slow_lv_ht

Path 28
  From: CoreDMA_IO_CTRL_0/CoreDMA_Controller_0/CoreDMA_Controller_0/CAXI4DMAI00OI/CAXI4DMAIlOl[5]:CLK
  To:   CoreDMA_IO_CTRL_0/CoreDMA_Controller_0/CoreDMA_Controller_0/CAXI4DMAI00OI/CAXI4DMAIlOl[9]:D
  Delay (ns):              4.074
  Slack (ns):              0.917
  Arrival (ns):           14.478
  Required (ns):          15.395
  Operating Conditions: slow_lv_ht

Path 29
  From: CoreDMA_IO_CTRL_0/CoreDMA_Controller_0/CoreDMA_Controller_0/CAXI4DMAI00OI/CAXI4DMAIlOl[5]:CLK
  To:   CoreDMA_IO_CTRL_0/CoreDMA_Controller_0/CoreDMA_Controller_0/CAXI4DMAI00OI/CAXI4DMAIlOl[7]:D
  Delay (ns):              4.072
  Slack (ns):              0.919
  Arrival (ns):           14.476
  Required (ns):          15.395
  Operating Conditions: slow_lv_ht

Path 30
  From: CoreDMA_IO_CTRL_0/CoreDMA_Controller_0/CoreDMA_Controller_0/CAXI4DMAI00OI/CAXI4DMAIlOl[6]:CLK
  To:   CoreDMA_IO_CTRL_0/CoreDMA_Controller_0/CoreDMA_Controller_0/CAXI4DMAI00OI/CAXI4DMAIlOl[8]:D
  Delay (ns):              4.066
  Slack (ns):              0.925
  Arrival (ns):           14.470
  Required (ns):          15.395
  Operating Conditions: slow_lv_ht

Path 31
  From: CoreDMA_IO_CTRL_0/CoreDMA_Controller_0/CoreDMA_Controller_0/CAXI4DMAI00OI/CAXI4DMAIlOl[9]:CLK
  To:   CoreDMA_IO_CTRL_0/CoreDMA_Controller_0/CoreDMA_Controller_0/CAXI4DMAI00OI/CAXI4DMAIlOl[7]:D
  Delay (ns):              4.063
  Slack (ns):              0.928
  Arrival (ns):           14.467
  Required (ns):          15.395
  Operating Conditions: slow_lv_ht

Path 32
  From: CoreDMA_IO_CTRL_0/CoreDMA_Controller_0/CoreDMA_Controller_0/CAXI4DMAI00OI/CAXI4DMAIlOl[6]:CLK
  To:   CoreDMA_IO_CTRL_0/CoreDMA_Controller_0/CoreDMA_Controller_0/CAXI4DMAI00OI/CAXI4DMAIlOl[10]:D
  Delay (ns):              4.060
  Slack (ns):              0.931
  Arrival (ns):           14.464
  Required (ns):          15.395
  Operating Conditions: slow_lv_ht

Path 33
  From: CoreDMA_IO_CTRL_0/CoreDMA_Controller_0/CoreDMA_Controller_0/CAXI4DMAI00OI/CAXI4DMAIlOl[10]:CLK
  To:   CoreDMA_IO_CTRL_0/CoreDMA_Controller_0/CoreDMA_Controller_0/CAXI4DMAI00OI/CAXI4DMAIlOl[6]:D
  Delay (ns):              4.058
  Slack (ns):              0.933
  Arrival (ns):           14.462
  Required (ns):          15.395
  Operating Conditions: slow_lv_ht

Path 34
  From: CoreDMA_IO_CTRL_0/CoreDMA_Controller_0/CoreDMA_Controller_0/CAXI4DMAI00OI/CAXI4DMAIlOl[9]:CLK
  To:   CoreDMA_IO_CTRL_0/CoreDMA_Controller_0/CoreDMA_Controller_0/CAXI4DMAI00OI/CAXI4DMAIlOl[9]:D
  Delay (ns):              4.065
  Slack (ns):              0.935
  Arrival (ns):           14.469
  Required (ns):          15.404
  Operating Conditions: slow_lv_ht

Path 35
  From: CoreDMA_IO_CTRL_0/CoreDMA_Controller_0/CoreDMA_Controller_0/CAXI4DMAI00OI/CAXI4DMAIlOl[7]:CLK
  To:   CoreDMA_IO_CTRL_0/CoreDMA_Controller_0/CoreDMA_Controller_0/CAXI4DMAI00OI/CAXI4DMAIlOl[9]:D
  Delay (ns):              4.052
  Slack (ns):              0.939
  Arrival (ns):           14.456
  Required (ns):          15.395
  Operating Conditions: slow_lv_ht

Path 36
  From: CoreDMA_IO_CTRL_0/CoreDMA_Controller_0/CoreDMA_Controller_0/CAXI4DMAI00OI/CAXI4DMAIOOl[0]:CLK
  To:   CoreDMA_IO_CTRL_0/CoreDMA_Controller_0/CoreDMA_Controller_0/CAXI4DMAI00OI/CAXI4DMAOllI[2]:D
  Delay (ns):              4.016
  Slack (ns):              0.939
  Arrival (ns):           14.439
  Required (ns):          15.378
  Operating Conditions: slow_lv_ht

Path 37
  From: CoreDMA_IO_CTRL_0/CoreDMA_Controller_0/CoreDMA_Controller_0/CAXI4DMAI00OI/CAXI4DMAIlOl[5]:CLK
  To:   CoreDMA_IO_CTRL_0/CoreDMA_Controller_0/CoreDMA_Controller_0/CAXI4DMAI00OI/CAXI4DMAIlOl[11]:D
  Delay (ns):              4.014
  Slack (ns):              0.940
  Arrival (ns):           14.418
  Required (ns):          15.358
  Operating Conditions: slow_lv_ht

Path 38
  From: CoreDMA_IO_CTRL_0/CoreDMA_Controller_0/CoreDMA_Controller_0/CAXI4DMAI00OI/CAXI4DMAIlOl[7]:CLK
  To:   CoreDMA_IO_CTRL_0/CoreDMA_Controller_0/CoreDMA_Controller_0/CAXI4DMAI00OI/CAXI4DMAOllI[2]:D
  Delay (ns):              4.006
  Slack (ns):              0.944
  Arrival (ns):           14.410
  Required (ns):          15.354
  Operating Conditions: slow_lv_ht

Path 39
  From: CoreDMA_IO_CTRL_0/CoreDMA_Controller_0/CoreDMA_Controller_0/CAXI4DMAI00OI/CAXI4DMAIlOl[5]:CLK
  To:   CoreDMA_IO_CTRL_0/CoreDMA_Controller_0/CoreDMA_Controller_0/CAXI4DMAI00OI/CAXI4DMAIlOl[4]:D
  Delay (ns):              4.008
  Slack (ns):              0.946
  Arrival (ns):           14.412
  Required (ns):          15.358
  Operating Conditions: slow_lv_ht

Path 40
  From: CoreDMA_IO_CTRL_0/CoreDMA_Controller_0/CoreDMA_Controller_0/CAXI4DMAI00OI/CAXI4DMAIlOl[9]:CLK
  To:   CoreDMA_IO_CTRL_0/CoreDMA_Controller_0/CoreDMA_Controller_0/CAXI4DMAI00OI/CAXI4DMAIlOl[11]:D
  Delay (ns):              4.005
  Slack (ns):              0.949
  Arrival (ns):           14.409
  Required (ns):          15.358
  Operating Conditions: slow_lv_ht

Path 41
  From: CoreDMA_IO_CTRL_0/CoreDMA_Controller_0/CoreDMA_Controller_0/CAXI4DMAI00OI/CAXI4DMAIlOl[0]:CLK
  To:   CoreDMA_IO_CTRL_0/CoreDMA_Controller_0/CoreDMA_Controller_0/CAXI4DMAI00OI/CAXI4DMAIlOl[6]:D
  Delay (ns):              3.980
  Slack (ns):              0.949
  Arrival (ns):           14.390
  Required (ns):          15.339
  Operating Conditions: slow_lv_ht

Path 42
  From: CoreDMA_IO_CTRL_0/CoreDMA_Controller_0/CoreDMA_Controller_0/CAXI4DMAI00OI/CAXI4DMAIlOl[7]:CLK
  To:   CoreDMA_IO_CTRL_0/CoreDMA_Controller_0/CoreDMA_Controller_0/CAXI4DMAI00OI/CAXI4DMAIlOl[7]:D
  Delay (ns):              4.050
  Slack (ns):              0.950
  Arrival (ns):           14.454
  Required (ns):          15.404
  Operating Conditions: slow_lv_ht

Path 43
  From: CoreDMA_IO_CTRL_0/CoreDMA_Controller_0/CoreDMA_Controller_0/CAXI4DMAI00OI/CAXI4DMAIlOl[9]:CLK
  To:   CoreDMA_IO_CTRL_0/CoreDMA_Controller_0/CoreDMA_Controller_0/CAXI4DMAI00OI/CAXI4DMAIlOl[4]:D
  Delay (ns):              3.999
  Slack (ns):              0.955
  Arrival (ns):           14.403
  Required (ns):          15.358
  Operating Conditions: slow_lv_ht

Path 44
  From: CoreDMA_IO_CTRL_0/CoreDMA_Controller_0/CoreDMA_Controller_0/CAXI4DMAI00OI/CAXI4DMAIlOl[0]:CLK
  To:   CoreDMA_IO_CTRL_0/CoreDMA_Controller_0/CoreDMA_Controller_0/CAXI4DMAI00OI/CAXI4DMAOllI[2]:D
  Delay (ns):              3.999
  Slack (ns):              0.955
  Arrival (ns):           14.409
  Required (ns):          15.364
  Operating Conditions: slow_lv_ht

Path 45
  From: CoreDMA_IO_CTRL_0/CoreDMA_Controller_0/CoreDMA_Controller_0/CAXI4DMAI00OI/CAXI4DMAIlOl[8]:CLK
  To:   CoreDMA_IO_CTRL_0/CoreDMA_Controller_0/CoreDMA_Controller_0/CAXI4DMAI00OI/CAXI4DMAIlOl[9]:D
  Delay (ns):              4.034
  Slack (ns):              0.957
  Arrival (ns):           14.438
  Required (ns):          15.395
  Operating Conditions: slow_lv_ht

Path 46
  From: CoreDMA_IO_CTRL_0/CoreDMA_Controller_0/CoreDMA_Controller_0/CAXI4DMAI00OI/CAXI4DMAIlOl[8]:CLK
  To:   CoreDMA_IO_CTRL_0/CoreDMA_Controller_0/CoreDMA_Controller_0/CAXI4DMAI00OI/CAXI4DMAIlOl[7]:D
  Delay (ns):              4.032
  Slack (ns):              0.959
  Arrival (ns):           14.436
  Required (ns):          15.395
  Operating Conditions: slow_lv_ht

Path 47
  From: CoreDMA_IO_CTRL_0/CoreDMA_Controller_0/CoreDMA_Controller_0/CAXI4DMAI00OI/CAXI4DMAIlOl[7]:CLK
  To:   CoreDMA_IO_CTRL_0/CoreDMA_Controller_0/CoreDMA_Controller_0/CAXI4DMAI00OI/CAXI4DMAIlOl[11]:D
  Delay (ns):              3.992
  Slack (ns):              0.962
  Arrival (ns):           14.396
  Required (ns):          15.358
  Operating Conditions: slow_lv_ht

Path 48
  From: CoreDMA_IO_CTRL_0/CoreDMA_Controller_0/CoreDMA_Controller_0/CAXI4DMAI00OI/CAXI4DMAIlOl[7]:CLK
  To:   CoreDMA_IO_CTRL_0/CoreDMA_Controller_0/CoreDMA_Controller_0/CAXI4DMAI00OI/CAXI4DMAIlOl[4]:D
  Delay (ns):              3.986
  Slack (ns):              0.968
  Arrival (ns):           14.390
  Required (ns):          15.358
  Operating Conditions: slow_lv_ht

Path 49
  From: CoreDMA_IO_CTRL_0/CoreDMA_Controller_0/CoreDMA_Controller_0/CAXI4DMAI00OI/CAXI4DMAIlOl[3]:CLK
  To:   CoreDMA_IO_CTRL_0/CoreDMA_Controller_0/CoreDMA_Controller_0/CAXI4DMAI00OI/CAXI4DMAIlOl[5]:D
  Delay (ns):              4.019
  Slack (ns):              0.972
  Arrival (ns):           14.423
  Required (ns):          15.395
  Operating Conditions: slow_lv_ht

Path 50
  From: CoreDMA_IO_CTRL_0/CoreDMA_Controller_0/CoreDMA_Controller_0/CAXI4DMAI00OI/CAXI4DMAIlOl[4]:CLK
  To:   CoreDMA_IO_CTRL_0/CoreDMA_Controller_0/CoreDMA_Controller_0/CAXI4DMAI00OI/CAXI4DMAIlOl[9]:D
  Delay (ns):              3.989
  Slack (ns):              0.975
  Arrival (ns):           14.388
  Required (ns):          15.363
  Operating Conditions: slow_lv_ht

Path 51
  From: CoreDMA_IO_CTRL_0/CoreDMA_Controller_0/CoreDMA_Controller_0/CAXI4DMAI00OI/CAXI4DMAIlOl[3]:CLK
  To:   CoreDMA_IO_CTRL_0/CoreDMA_Controller_0/CoreDMA_Controller_0/CAXI4DMAI00OI/CAXI4DMAIlOl[2]:D
  Delay (ns):              3.979
  Slack (ns):              0.975
  Arrival (ns):           14.383
  Required (ns):          15.358
  Operating Conditions: slow_lv_ht

Path 52
  From: CoreDMA_IO_CTRL_0/CoreDMA_Controller_0/CoreDMA_Controller_0/CAXI4DMAI00OI/CAXI4DMAIlOl[4]:CLK
  To:   CoreDMA_IO_CTRL_0/CoreDMA_Controller_0/CoreDMA_Controller_0/CAXI4DMAI00OI/CAXI4DMAIlOl[7]:D
  Delay (ns):              3.987
  Slack (ns):              0.977
  Arrival (ns):           14.386
  Required (ns):          15.363
  Operating Conditions: slow_lv_ht

Path 53
  From: CoreDMA_IO_CTRL_0/CoreDMA_Controller_0/CoreDMA_Controller_0/CAXI4DMAI00OI/CAXI4DMAIlOl[8]:CLK
  To:   CoreDMA_IO_CTRL_0/CoreDMA_Controller_0/CoreDMA_Controller_0/CAXI4DMAI00OI/CAXI4DMAIlOl[11]:D
  Delay (ns):              3.974
  Slack (ns):              0.980
  Arrival (ns):           14.378
  Required (ns):          15.358
  Operating Conditions: slow_lv_ht

Path 54
  From: CoreDMA_IO_CTRL_0/CoreDMA_Controller_0/CoreDMA_Controller_0/CAXI4DMAI00OI/CAXI4DMAIlOl[3]:CLK
  To:   CoreDMA_IO_CTRL_0/CoreDMA_Controller_0/CoreDMA_Controller_0/CAXI4DMAI00OI/CAXI4DMAIlOl[3]:D
  Delay (ns):              4.020
  Slack (ns):              0.980
  Arrival (ns):           14.424
  Required (ns):          15.404
  Operating Conditions: slow_lv_ht

Path 55
  From: CoreDMA_IO_CTRL_0/CoreDMA_Controller_0/CoreDMA_Controller_0/CAXI4DMAI00OI/CAXI4DMAIlOl[5]:CLK
  To:   CoreDMA_IO_CTRL_0/CoreDMA_Controller_0/CoreDMA_Controller_0/CAXI4DMAI00OI/CAXI4DMAOllI[2]:D
  Delay (ns):              3.965
  Slack (ns):              0.985
  Arrival (ns):           14.369
  Required (ns):          15.354
  Operating Conditions: slow_lv_ht

Path 56
  From: CoreDMA_IO_CTRL_0/CoreDMA_Controller_0/CoreDMA_Controller_0/CAXI4DMAI00OI/CAXI4DMAIlOl[8]:CLK
  To:   CoreDMA_IO_CTRL_0/CoreDMA_Controller_0/CoreDMA_Controller_0/CAXI4DMAI00OI/CAXI4DMAIlOl[4]:D
  Delay (ns):              3.968
  Slack (ns):              0.986
  Arrival (ns):           14.372
  Required (ns):          15.358
  Operating Conditions: slow_lv_ht

Path 57
  From: CoreDMA_IO_CTRL_0/CoreDMA_Controller_0/CoreDMA_Controller_0/CAXI4DMAI00OI/CAXI4DMAOIOl[4]:CLK
  To:   CoreDMA_IO_CTRL_0/CoreDMA_Controller_0/CoreDMA_Controller_0/CAXI4DMAI00OI/CAXI4DMAIlOl[8]:D
  Delay (ns):              3.970
  Slack (ns):              0.989
  Arrival (ns):           14.374
  Required (ns):          15.363
  Operating Conditions: slow_lv_ht

Path 58
  From: CoreDMA_IO_CTRL_0/CoreDMA_Controller_0/CoreDMA_Controller_0/CAXI4DMAI00OI/CAXI4DMAIlOl[6]:CLK
  To:   CoreDMA_IO_CTRL_0/CoreDMA_Controller_0/CoreDMA_Controller_0/CAXI4DMAI00OI/CAXI4DMAIlOl[6]:D
  Delay (ns):              4.011
  Slack (ns):              0.989
  Arrival (ns):           14.415
  Required (ns):          15.404
  Operating Conditions: slow_lv_ht

Path 59
  From: CoreDMA_IO_CTRL_0/CoreDMA_Controller_0/CoreDMA_Controller_0/CAXI4DMAI00OI/CAXI4DMAOIOl[4]:CLK
  To:   CoreDMA_IO_CTRL_0/CoreDMA_Controller_0/CoreDMA_Controller_0/CAXI4DMAI00OI/CAXI4DMAIlOl[10]:D
  Delay (ns):              3.964
  Slack (ns):              0.995
  Arrival (ns):           14.368
  Required (ns):          15.363
  Operating Conditions: slow_lv_ht

Path 60
  From: CoreDMA_IO_CTRL_0/CoreDMA_Controller_0/CoreDMA_Controller_0/CAXI4DMAI00OI/CAXI4DMAOIOl[11]:CLK
  To:   CoreDMA_IO_CTRL_0/CoreDMA_Controller_0/CoreDMA_Controller_0/CAXI4DMAI00OI/CAXI4DMAOllI[2]:D
  Delay (ns):              3.952
  Slack (ns):              1.000
  Arrival (ns):           14.364
  Required (ns):          15.364
  Operating Conditions: slow_lv_ht

Path 61
  From: CoreDMA_IO_CTRL_0/CoreDMA_Controller_0/CoreDMA_Controller_0/CAXI4DMAI00OI/CAXI4DMAOIOl[0]:CLK
  To:   CoreDMA_IO_CTRL_0/CoreDMA_Controller_0/CoreDMA_Controller_0/CAXI4DMAI00OI/CAXI4DMAlI0I[2]:D
  Delay (ns):              3.943
  Slack (ns):              1.011
  Arrival (ns):           14.353
  Required (ns):          15.364
  Operating Conditions: slow_lv_ht

Path 62
  From: CoreDMA_IO_CTRL_0/CoreDMA_Controller_0/CoreDMA_Controller_0/CAXI4DMAI00OI/CAXI4DMAIlOl[10]:CLK
  To:   CoreDMA_IO_CTRL_0/CoreDMA_Controller_0/CoreDMA_Controller_0/CAXI4DMAI00OI/CAXI4DMAIlOl[9]:D
  Delay (ns):              3.980
  Slack (ns):              1.011
  Arrival (ns):           14.384
  Required (ns):          15.395
  Operating Conditions: slow_lv_ht

Path 63
  From: CoreDMA_IO_CTRL_0/CoreDMA_Controller_0/CoreDMA_Controller_0/CAXI4DMAI00OI/CAXI4DMAIlOl[10]:CLK
  To:   CoreDMA_IO_CTRL_0/CoreDMA_Controller_0/CoreDMA_Controller_0/CAXI4DMAI00OI/CAXI4DMAIlOl[7]:D
  Delay (ns):              3.978
  Slack (ns):              1.013
  Arrival (ns):           14.382
  Required (ns):          15.395
  Operating Conditions: slow_lv_ht

Path 64
  From: CoreDMA_IO_CTRL_0/CoreDMA_Controller_0/CoreDMA_Controller_0/CAXI4DMAI00OI/CAXI4DMAIlOl[5]:CLK
  To:   CoreDMA_IO_CTRL_0/CoreDMA_Controller_0/CoreDMA_Controller_0/CAXI4DMAI00OI/CAXI4DMAIlOl[3]:D
  Delay (ns):              3.976
  Slack (ns):              1.015
  Arrival (ns):           14.380
  Required (ns):          15.395
  Operating Conditions: slow_lv_ht

Path 65
  From: CoreDMA_IO_CTRL_0/CoreDMA_Controller_0/CoreDMA_Controller_0/CAXI4DMAI00OI/CAXI4DMAIlOl[5]:CLK
  To:   CoreDMA_IO_CTRL_0/CoreDMA_Controller_0/CoreDMA_Controller_0/CAXI4DMAI00OI/CAXI4DMAIlOl[2]:D
  Delay (ns):              3.935
  Slack (ns):              1.019
  Arrival (ns):           14.339
  Required (ns):          15.358
  Operating Conditions: slow_lv_ht

Path 66
  From: CoreDMA_IO_CTRL_0/CoreDMA_Controller_0/CoreDMA_Controller_0/CAXI4DMAI00OI/CAXI4DMAOIOl[0]:CLK
  To:   CoreDMA_IO_CTRL_0/CoreDMA_Controller_0/CoreDMA_Controller_0/CAXI4DMAI00OI/CAXI4DMAlI0I[4]:D
  Delay (ns):              3.932
  Slack (ns):              1.022
  Arrival (ns):           14.342
  Required (ns):          15.364
  Operating Conditions: slow_lv_ht

Path 67
  From: CoreDMA_IO_CTRL_0/CoreDMA_Controller_0/CoreDMA_Controller_0/CAXI4DMAI00OI/CAXI4DMAIlOl[9]:CLK
  To:   CoreDMA_IO_CTRL_0/CoreDMA_Controller_0/CoreDMA_Controller_0/CAXI4DMAI00OI/CAXI4DMAIlOl[3]:D
  Delay (ns):              3.967
  Slack (ns):              1.024
  Arrival (ns):           14.371
  Required (ns):          15.395
  Operating Conditions: slow_lv_ht

Path 68
  From: CoreDMA_IO_CTRL_0/CoreDMA_Controller_0/CoreDMA_Controller_0/CAXI4DMAI00OI/CAXI4DMAIlOl[9]:CLK
  To:   CoreDMA_IO_CTRL_0/CoreDMA_Controller_0/CoreDMA_Controller_0/CAXI4DMAI00OI/CAXI4DMAIlOl[5]:D
  Delay (ns):              3.966
  Slack (ns):              1.025
  Arrival (ns):           14.370
  Required (ns):          15.395
  Operating Conditions: slow_lv_ht

Path 69
  From: CoreDMA_IO_CTRL_0/CoreDMA_Controller_0/CoreDMA_Controller_0/CAXI4DMAI00OI/CAXI4DMAIlOl[5]:CLK
  To:   CoreDMA_IO_CTRL_0/CoreDMA_Controller_0/CoreDMA_Controller_0/CAXI4DMAI00OI/CAXI4DMAIlOl[5]:D
  Delay (ns):              3.975
  Slack (ns):              1.025
  Arrival (ns):           14.379
  Required (ns):          15.404
  Operating Conditions: slow_lv_ht

Path 70
  From: CoreDMA_IO_CTRL_0/CoreDMA_Controller_0/CoreDMA_Controller_0/CAXI4DMAI00OI/CAXI4DMAIlOl[0]:CLK
  To:   CoreDMA_IO_CTRL_0/CoreDMA_Controller_0/CoreDMA_Controller_0/CAXI4DMAI00OI/CAXI4DMAIlOl[9]:D
  Delay (ns):              3.902
  Slack (ns):              1.027
  Arrival (ns):           14.312
  Required (ns):          15.339
  Operating Conditions: slow_lv_ht

Path 71
  From: CoreDMA_IO_CTRL_0/CoreDMA_Controller_0/CoreDMA_Controller_0/CAXI4DMAI00OI/CAXI4DMAIlOl[9]:CLK
  To:   CoreDMA_IO_CTRL_0/CoreDMA_Controller_0/CoreDMA_Controller_0/CAXI4DMAI00OI/CAXI4DMAIlOl[2]:D
  Delay (ns):              3.926
  Slack (ns):              1.028
  Arrival (ns):           14.330
  Required (ns):          15.358
  Operating Conditions: slow_lv_ht

Path 72
  From: CoreDMA_IO_CTRL_0/CoreDMA_Controller_0/CoreDMA_Controller_0/CAXI4DMAI00OI/CAXI4DMAIlOl[0]:CLK
  To:   CoreDMA_IO_CTRL_0/CoreDMA_Controller_0/CoreDMA_Controller_0/CAXI4DMAI00OI/CAXI4DMAIlOl[7]:D
  Delay (ns):              3.900
  Slack (ns):              1.029
  Arrival (ns):           14.310
  Required (ns):          15.339
  Operating Conditions: slow_lv_ht

Path 73
  From: CoreDMA_IO_CTRL_0/CoreDMA_Controller_0/CoreDMA_Controller_0/CAXI4DMAI00OI/CAXI4DMAOIOl[1]:CLK
  To:   CoreDMA_IO_CTRL_0/CoreDMA_Controller_0/CoreDMA_Controller_0/CAXI4DMAI00OI/CAXI4DMAIlOl[8]:D
  Delay (ns):              3.911
  Slack (ns):              1.033
  Arrival (ns):           14.315
  Required (ns):          15.348
  Operating Conditions: slow_lv_ht

Path 74
  From: CoreDMA_IO_CTRL_0/CoreDMA_Controller_0/CoreDMA_Controller_0/CAXI4DMAI00OI/CAXI4DMAIlOl[10]:CLK
  To:   CoreDMA_IO_CTRL_0/CoreDMA_Controller_0/CoreDMA_Controller_0/CAXI4DMAI00OI/CAXI4DMAIlOl[11]:D
  Delay (ns):              3.920
  Slack (ns):              1.034
  Arrival (ns):           14.324
  Required (ns):          15.358
  Operating Conditions: slow_lv_ht

Path 75
  From: CoreDMA_IO_CTRL_0/CoreDMA_Controller_0/CoreDMA_Controller_0/CAXI4DMAI00OI/CAXI4DMAIOOl[3]:CLK
  To:   CoreDMA_IO_CTRL_0/CoreDMA_Controller_0/CoreDMA_Controller_0/CAXI4DMAI00OI/CAXI4DMAOllI[2]:D
  Delay (ns):              3.914
  Slack (ns):              1.034
  Arrival (ns):           14.344
  Required (ns):          15.378
  Operating Conditions: slow_lv_ht

Path 76
  From: CoreDMA_IO_CTRL_0/CoreDMA_Controller_0/CoreDMA_Controller_0/CAXI4DMAI00OI/CAXI4DMAIlOl[7]:CLK
  To:   CoreDMA_IO_CTRL_0/CoreDMA_Controller_0/CoreDMA_Controller_0/CAXI4DMAI00OI/CAXI4DMAIlOl[3]:D
  Delay (ns):              3.954
  Slack (ns):              1.037
  Arrival (ns):           14.358
  Required (ns):          15.395
  Operating Conditions: slow_lv_ht

Path 77
  From: CoreDMA_IO_CTRL_0/CoreDMA_Controller_0/CoreDMA_Controller_0/CAXI4DMAI00OI/CAXI4DMAIlOl[7]:CLK
  To:   CoreDMA_IO_CTRL_0/CoreDMA_Controller_0/CoreDMA_Controller_0/CAXI4DMAI00OI/CAXI4DMAIlOl[5]:D
  Delay (ns):              3.953
  Slack (ns):              1.038
  Arrival (ns):           14.357
  Required (ns):          15.395
  Operating Conditions: slow_lv_ht

Path 78
  From: CoreDMA_IO_CTRL_0/CoreDMA_Controller_0/CoreDMA_Controller_0/CAXI4DMAI00OI/CAXI4DMAOIOl[1]:CLK
  To:   CoreDMA_IO_CTRL_0/CoreDMA_Controller_0/CoreDMA_Controller_0/CAXI4DMAI00OI/CAXI4DMAIlOl[10]:D
  Delay (ns):              3.905
  Slack (ns):              1.039
  Arrival (ns):           14.309
  Required (ns):          15.348
  Operating Conditions: slow_lv_ht

Path 79
  From: CoreDMA_IO_CTRL_0/CoreDMA_Controller_0/CoreDMA_Controller_0/CAXI4DMAI00OI/CAXI4DMAIlOl[10]:CLK
  To:   CoreDMA_IO_CTRL_0/CoreDMA_Controller_0/CoreDMA_Controller_0/CAXI4DMAI00OI/CAXI4DMAIlOl[4]:D
  Delay (ns):              3.914
  Slack (ns):              1.040
  Arrival (ns):           14.318
  Required (ns):          15.358
  Operating Conditions: slow_lv_ht

Path 80
  From: CoreDMA_IO_CTRL_0/CoreDMA_Controller_0/CoreDMA_Controller_0/CAXI4DMAI00OI/CAXI4DMAIlOl[7]:CLK
  To:   CoreDMA_IO_CTRL_0/CoreDMA_Controller_0/CoreDMA_Controller_0/CAXI4DMAI00OI/CAXI4DMAIlOl[2]:D
  Delay (ns):              3.913
  Slack (ns):              1.041
  Arrival (ns):           14.317
  Required (ns):          15.358
  Operating Conditions: slow_lv_ht

Path 81
  From: CoreDMA_IO_CTRL_0/CoreDMA_Controller_0/CoreDMA_Controller_0/CAXI4DMAI00OI/CAXI4DMAIlOl[6]:CLK
  To:   CoreDMA_IO_CTRL_0/CoreDMA_Controller_0/CoreDMA_Controller_0/CAXI4DMAI00OI/CAXI4DMAOllI[2]:D
  Delay (ns):              3.909
  Slack (ns):              1.041
  Arrival (ns):           14.313
  Required (ns):          15.354
  Operating Conditions: slow_lv_ht

Path 82
  From: CoreDMA_IO_CTRL_0/CoreDMA_Controller_0/CoreDMA_Controller_0/CAXI4DMAI00OI/CAXI4DMAOIOl[4]:CLK
  To:   CoreDMA_IO_CTRL_0/CoreDMA_Controller_0/CoreDMA_Controller_0/CAXI4DMAI00OI/CAXI4DMAIlOl[6]:D
  Delay (ns):              3.915
  Slack (ns):              1.044
  Arrival (ns):           14.319
  Required (ns):          15.363
  Operating Conditions: slow_lv_ht

Path 83
  From: CoreDMA_IO_CTRL_0/CoreDMA_Controller_0/CoreDMA_Controller_0/CAXI4DMAI00OI/CAXI4DMAIlOl[1]:CLK
  To:   CoreDMA_IO_CTRL_0/CoreDMA_Controller_0/CoreDMA_Controller_0/CAXI4DMAI00OI/CAXI4DMAOllI[2]:D
  Delay (ns):              3.906
  Slack (ns):              1.049
  Arrival (ns):           14.305
  Required (ns):          15.354
  Operating Conditions: slow_lv_ht

Path 84
  From: CoreDMA_IO_CTRL_0/CoreDMA_Controller_0/CoreDMA_Controller_0/CAXI4DMAI00OI/CAXI4DMAIOOl[0]:CLK
  To:   CoreDMA_IO_CTRL_0/CoreDMA_Controller_0/CoreDMA_Controller_0/CAXI4DMAI00OI/CAXI4DMAlI0I[2]:D
  Delay (ns):              3.901
  Slack (ns):              1.054
  Arrival (ns):           14.324
  Required (ns):          15.378
  Operating Conditions: slow_lv_ht

Path 85
  From: CoreDMA_IO_CTRL_0/CoreDMA_Controller_0/CoreDMA_Controller_0/CAXI4DMAI00OI/CAXI4DMAIlOl[8]:CLK
  To:   CoreDMA_IO_CTRL_0/CoreDMA_Controller_0/CoreDMA_Controller_0/CAXI4DMAI00OI/CAXI4DMAIlOl[3]:D
  Delay (ns):              3.936
  Slack (ns):              1.055
  Arrival (ns):           14.340
  Required (ns):          15.395
  Operating Conditions: slow_lv_ht

Path 86
  From: CoreDMA_IO_CTRL_0/CoreDMA_Controller_0/CoreDMA_Controller_0/CAXI4DMAI00OI/CAXI4DMAIlOl[8]:CLK
  To:   CoreDMA_IO_CTRL_0/CoreDMA_Controller_0/CoreDMA_Controller_0/CAXI4DMAI00OI/CAXI4DMAIlOl[5]:D
  Delay (ns):              3.935
  Slack (ns):              1.056
  Arrival (ns):           14.339
  Required (ns):          15.395
  Operating Conditions: slow_lv_ht

Path 87
  From: CoreDMA_IO_CTRL_0/CoreDMA_Controller_0/CoreDMA_Controller_0/CAXI4DMAI00OI/CAXI4DMAIlOl[6]:CLK
  To:   CoreDMA_IO_CTRL_0/CoreDMA_Controller_0/CoreDMA_Controller_0/CAXI4DMAI00OI/CAXI4DMAIlOl[9]:D
  Delay (ns):              3.933
  Slack (ns):              1.058
  Arrival (ns):           14.337
  Required (ns):          15.395
  Operating Conditions: slow_lv_ht

Path 88
  From: CoreDMA_IO_CTRL_0/CoreDMA_Controller_0/CoreDMA_Controller_0/CAXI4DMAI00OI/CAXI4DMAIlOl[8]:CLK
  To:   CoreDMA_IO_CTRL_0/CoreDMA_Controller_0/CoreDMA_Controller_0/CAXI4DMAI00OI/CAXI4DMAIlOl[2]:D
  Delay (ns):              3.895
  Slack (ns):              1.059
  Arrival (ns):           14.299
  Required (ns):          15.358
  Operating Conditions: slow_lv_ht

Path 89
  From: CoreDMA_IO_CTRL_0/CoreDMA_Controller_0/CoreDMA_Controller_0/CAXI4DMAI00OI/CAXI4DMAIlOl[7]:CLK
  To:   CoreDMA_IO_CTRL_0/CoreDMA_Controller_0/CoreDMA_Controller_0/CAXI4DMAI00OI/CAXI4DMAlI0I[2]:D
  Delay (ns):              3.891
  Slack (ns):              1.059
  Arrival (ns):           14.295
  Required (ns):          15.354
  Operating Conditions: slow_lv_ht

Path 90
  From: CoreDMA_IO_CTRL_0/CoreDMA_Controller_0/CoreDMA_Controller_0/CAXI4DMAI00OI/CAXI4DMAIlOl[3]:CLK
  To:   CoreDMA_IO_CTRL_0/CoreDMA_Controller_0/CoreDMA_Controller_0/CAXI4DMAI00OI/CAXI4DMAOllI[2]:D
  Delay (ns):              3.891
  Slack (ns):              1.059
  Arrival (ns):           14.295
  Required (ns):          15.354
  Operating Conditions: slow_lv_ht

Path 91
  From: CoreDMA_IO_CTRL_0/CoreDMA_Controller_0/CoreDMA_Controller_0/CAXI4DMAI00OI/CAXI4DMAOIOl[7]:CLK
  To:   CoreDMA_IO_CTRL_0/CoreDMA_Controller_0/CoreDMA_Controller_0/CAXI4DMAI00OI/CAXI4DMAOllI[2]:D
  Delay (ns):              3.895
  Slack (ns):              1.060
  Arrival (ns):           14.294
  Required (ns):          15.354
  Operating Conditions: slow_lv_ht

Path 92
  From: CoreDMA_IO_CTRL_0/CoreDMA_Controller_0/CoreDMA_Controller_0/CAXI4DMAI00OI/CAXI4DMAIlOl[6]:CLK
  To:   CoreDMA_IO_CTRL_0/CoreDMA_Controller_0/CoreDMA_Controller_0/CAXI4DMAI00OI/CAXI4DMAIlOl[7]:D
  Delay (ns):              3.931
  Slack (ns):              1.060
  Arrival (ns):           14.335
  Required (ns):          15.395
  Operating Conditions: slow_lv_ht

Path 93
  From: CoreDMA_IO_CTRL_0/CoreDMA_Controller_0/CoreDMA_Controller_0/CAXI4DMAI00OI/CAXI4DMAIlOl[4]:CLK
  To:   CoreDMA_IO_CTRL_0/CoreDMA_Controller_0/CoreDMA_Controller_0/CAXI4DMAI00OI/CAXI4DMAIlOl[11]:D
  Delay (ns):              3.929
  Slack (ns):              1.062
  Arrival (ns):           14.328
  Required (ns):          15.390
  Operating Conditions: slow_lv_ht

Path 94
  From: CoreDMA_IO_CTRL_0/CoreDMA_Controller_0/CoreDMA_Controller_0/CAXI4DMAI00OI/CAXI4DMAIOOl[0]:CLK
  To:   CoreDMA_IO_CTRL_0/CoreDMA_Controller_0/CoreDMA_Controller_0/CAXI4DMAI00OI/CAXI4DMAOllI[0]:D
  Delay (ns):              3.886
  Slack (ns):              1.065
  Arrival (ns):           14.309
  Required (ns):          15.374
  Operating Conditions: slow_lv_ht

Path 95
  From: CoreDMA_IO_CTRL_0/CoreDMA_Controller_0/CoreDMA_Controller_0/CAXI4DMAI00OI/CAXI4DMAlI0I[5]:CLK
  To:   CoreDMA_IO_CTRL_0/CoreDMA_Controller_0/CoreDMA_Controller_0/CAXI4DMAI00OI/CAXI4DMAIlOl[8]:D
  Delay (ns):              3.838
  Slack (ns):              1.066
  Arrival (ns):           14.273
  Required (ns):          15.339
  Operating Conditions: slow_lv_ht

Path 96
  From: CoreDMA_IO_CTRL_0/CoreDMA_Controller_0/CoreDMA_Controller_0/CAXI4DMAI00OI/CAXI4DMAIlOl[11]:CLK
  To:   CoreDMA_IO_CTRL_0/CoreDMA_Controller_0/CoreDMA_Controller_0/CAXI4DMAI00OI/CAXI4DMAIlOl[8]:D
  Delay (ns):              3.895
  Slack (ns):              1.069
  Arrival (ns):           14.294
  Required (ns):          15.363
  Operating Conditions: slow_lv_ht

Path 97
  From: CoreDMA_IO_CTRL_0/CoreDMA_Controller_0/CoreDMA_Controller_0/CAXI4DMAI00OI/CAXI4DMAIlOl[7]:CLK
  To:   CoreDMA_IO_CTRL_0/CoreDMA_Controller_0/CoreDMA_Controller_0/CAXI4DMAI00OI/CAXI4DMAOllI[0]:D
  Delay (ns):              3.876
  Slack (ns):              1.070
  Arrival (ns):           14.280
  Required (ns):          15.350
  Operating Conditions: slow_lv_ht

Path 98
  From: CoreDMA_IO_CTRL_0/CoreDMA_Controller_0/CoreDMA_Controller_0/CAXI4DMAI00OI/CAXI4DMAIlOl[0]:CLK
  To:   CoreDMA_IO_CTRL_0/CoreDMA_Controller_0/CoreDMA_Controller_0/CAXI4DMAI00OI/CAXI4DMAlI0I[2]:D
  Delay (ns):              3.883
  Slack (ns):              1.071
  Arrival (ns):           14.293
  Required (ns):          15.364
  Operating Conditions: slow_lv_ht

Path 99
  From: CoreDMA_IO_CTRL_0/CoreDMA_Controller_0/CoreDMA_Controller_0/CAXI4DMAI00OI/CAXI4DMAlI0I[5]:CLK
  To:   CoreDMA_IO_CTRL_0/CoreDMA_Controller_0/CoreDMA_Controller_0/CAXI4DMAI00OI/CAXI4DMAIlOl[10]:D
  Delay (ns):              3.832
  Slack (ns):              1.072
  Arrival (ns):           14.267
  Required (ns):          15.339
  Operating Conditions: slow_lv_ht

Path 100
  From: CoreDMA_IO_CTRL_0/CoreDMA_Controller_0/CoreDMA_Controller_0/CAXI4DMAI00OI/CAXI4DMAIlOl[4]:CLK
  To:   CoreDMA_IO_CTRL_0/CoreDMA_Controller_0/CoreDMA_Controller_0/CAXI4DMAI00OI/CAXI4DMAIlOl[3]:D
  Delay (ns):              3.891
  Slack (ns):              1.073
  Arrival (ns):           14.290
  Required (ns):          15.363
  Operating Conditions: slow_lv_ht

