Timing Violation Report Max Delay Analysis

SmartTime Version v12.3
Microsemi Corporation - Microsemi Libero Software Release v12.3 (Version 12.800.0.16)
Date: Tue Jan  7 16:46:33 2020


Design: top
Family: PolarFire
Die: MPF300TS
Package: FCG1152
Temperature Range: -40 - 100 C
Voltage Range: 1.0185 - 1.0815 V
Speed Grade: -1
Design State: Post-Layout
Data source: Production
Multi Corner Report Operating Conditions: slow_lv_ht, slow_lv_lt, fast_hv_lt
Scenario for Timing Analysis: timing_analysis


Path 1
  From: CoreDMA_IO_CTRL_0/CoreDMA_Controller_0/CoreDMA_Controller_0/CAXI4DMAI00OI/CAXI4DMAIlOl[10]:CLK
  To:   CoreDMA_IO_CTRL_0/CoreDMA_Controller_0/CoreDMA_Controller_0/CAXI4DMAI00OI/CAXI4DMAIlOl[6]:D
  Delay (ns):              4.004
  Slack (ns):              0.936
  Arrival (ns):           18.194
  Required (ns):          19.130
  Operating Conditions: slow_lv_ht

Path 2
  From: CoreDMA_IO_CTRL_0/CoreDMA_Controller_0/CoreDMA_Controller_0/CAXI4DMAI00OI/CAXI4DMAIlOl[6]:CLK
  To:   CoreDMA_IO_CTRL_0/CoreDMA_Controller_0/CoreDMA_Controller_0/CAXI4DMAI00OI/CAXI4DMAIlOl[6]:D
  Delay (ns):              3.967
  Slack (ns):              1.033
  Arrival (ns):           18.147
  Required (ns):          19.180
  Operating Conditions: slow_lv_ht

Path 3
  From: CoreDMA_IO_CTRL_0/CoreDMA_Controller_0/CoreDMA_Controller_0/CAXI4DMAI00OI/CAXI4DMAIlOl[6]:CLK
  To:   CoreDMA_IO_CTRL_0/CoreDMA_Controller_0/CoreDMA_Controller_0/CAXI4DMAI00OI/CAXI4DMAIlOl[10]:D
  Delay (ns):              3.906
  Slack (ns):              1.053
  Arrival (ns):           18.086
  Required (ns):          19.139
  Operating Conditions: slow_lv_ht

Path 4
  From: CoreDMA_IO_CTRL_0/CoreDMA_Controller_0/CoreDMA_Controller_0/CAXI4DMAI00OI/CAXI4DMAIlOl[10]:CLK
  To:   CoreDMA_IO_CTRL_0/CoreDMA_Controller_0/CoreDMA_Controller_0/CAXI4DMAI00OI/CAXI4DMAIlOl[7]:D
  Delay (ns):              3.916
  Slack (ns):              1.056
  Arrival (ns):           18.106
  Required (ns):          19.162
  Operating Conditions: slow_lv_ht

Path 5
  From: CoreDMA_IO_CTRL_0/CoreDMA_Controller_0/CoreDMA_Controller_0/CAXI4DMAI00OI/CAXI4DMAIlOl[10]:CLK
  To:   CoreDMA_IO_CTRL_0/CoreDMA_Controller_0/CoreDMA_Controller_0/CAXI4DMAI00OI/CAXI4DMAIlOl[10]:D
  Delay (ns):              3.943
  Slack (ns):              1.057
  Arrival (ns):           18.133
  Required (ns):          19.190
  Operating Conditions: slow_lv_ht

Path 6
  From: CoreDMA_IO_CTRL_0/CoreDMA_Controller_0/CoreDMA_Controller_0/CAXI4DMAI00OI/CAXI4DMAIlOl[9]:CLK
  To:   CoreDMA_IO_CTRL_0/CoreDMA_Controller_0/CoreDMA_Controller_0/CAXI4DMAI00OI/CAXI4DMAlI0I[6]:D
  Delay (ns):              3.882
  Slack (ns):              1.066
  Arrival (ns):           18.073
  Required (ns):          19.139
  Operating Conditions: slow_lv_ht

Path 7
  From: CoreDMA_IO_CTRL_0/CoreDMA_Controller_0/CoreDMA_Controller_0/CAXI4DMAI00OI/CAXI4DMAIlOl[10]:CLK
  To:   CoreDMA_IO_CTRL_0/CoreDMA_Controller_0/CoreDMA_Controller_0/CAXI4DMAI00OI/CAXI4DMAIlOl[9]:D
  Delay (ns):              3.922
  Slack (ns):              1.071
  Arrival (ns):           18.112
  Required (ns):          19.183
  Operating Conditions: slow_lv_ht

Path 8
  From: CoreDMA_IO_CTRL_0/CoreDMA_Controller_0/CoreDMA_Controller_0/CAXI4DMAI00OI/CAXI4DMAIlOl[10]:CLK
  To:   CoreDMA_IO_CTRL_0/CoreDMA_Controller_0/CoreDMA_Controller_0/CAXI4DMAI00OI/CAXI4DMAIlOl[8]:D
  Delay (ns):              3.868
  Slack (ns):              1.072
  Arrival (ns):           18.058
  Required (ns):          19.130
  Operating Conditions: slow_lv_ht

Path 9
  From: CoreDMA_IO_CTRL_0/CoreDMA_Controller_0/CoreDMA_Controller_0/CAXI4DMAI00OI/CAXI4DMAIlOl[8]:CLK
  To:   CoreDMA_IO_CTRL_0/CoreDMA_Controller_0/CoreDMA_Controller_0/CAXI4DMAI00OI/CAXI4DMAIlOl[6]:D
  Delay (ns):              3.919
  Slack (ns):              1.073
  Arrival (ns):           18.099
  Required (ns):          19.172
  Operating Conditions: slow_lv_ht

Path 10
  From: CoreDMA_IO_CTRL_0/CoreDMA_Controller_0/CoreDMA_Controller_0/CAXI4DMAI00OI/CAXI4DMAIlOl[7]:CLK
  To:   CoreDMA_IO_CTRL_0/CoreDMA_Controller_0/CoreDMA_Controller_0/CAXI4DMAI00OI/CAXI4DMAIlOl[6]:D
  Delay (ns):              3.855
  Slack (ns):              1.074
  Arrival (ns):           18.056
  Required (ns):          19.130
  Operating Conditions: slow_lv_ht

Path 11
  From: CoreDMA_IO_CTRL_0/CoreDMA_Controller_0/CoreDMA_Controller_0/CAXI4DMAI00OI/CAXI4DMAIlOl[6]:CLK
  To:   CoreDMA_IO_CTRL_0/CoreDMA_Controller_0/CoreDMA_Controller_0/CAXI4DMAI00OI/CAXI4DMAIlOl[9]:D
  Delay (ns):              3.885
  Slack (ns):              1.074
  Arrival (ns):           18.065
  Required (ns):          19.139
  Operating Conditions: slow_lv_ht

Path 12
  From: CoreDMA_IO_CTRL_0/CoreDMA_Controller_0/CoreDMA_Controller_0/CAXI4DMAI00OI/CAXI4DMAIlOl[9]:CLK
  To:   CoreDMA_IO_CTRL_0/CoreDMA_Controller_0/CoreDMA_Controller_0/CAXI4DMAI00OI/CAXI4DMAIlOl[6]:D
  Delay (ns):              3.862
  Slack (ns):              1.077
  Arrival (ns):           18.053
  Required (ns):          19.130
  Operating Conditions: slow_lv_ht

Path 13
  From: CoreDMA_IO_CTRL_0/CoreDMA_Controller_0/CoreDMA_Controller_0/CAXI4DMAI00OI/CAXI4DMAIlOl[10]:CLK
  To:   CoreDMA_IO_CTRL_0/CoreDMA_Controller_0/CoreDMA_Controller_0/CAXI4DMAI00OI/CAXI4DMAIlOl[11]:D
  Delay (ns):              3.911
  Slack (ns):              1.082
  Arrival (ns):           18.101
  Required (ns):          19.183
  Operating Conditions: slow_lv_ht

Path 14
  From: CoreDMA_IO_CTRL_0/CoreDMA_Controller_0/CoreDMA_Controller_0/CAXI4DMAI00OI/CAXI4DMAIlOl[6]:CLK
  To:   CoreDMA_IO_CTRL_0/CoreDMA_Controller_0/CoreDMA_Controller_0/CAXI4DMAI00OI/CAXI4DMAIlOl[11]:D
  Delay (ns):              3.874
  Slack (ns):              1.085
  Arrival (ns):           18.054
  Required (ns):          19.139
  Operating Conditions: slow_lv_ht

Path 15
  From: CoreDMA_IO_CTRL_0/CoreDMA_Controller_0/CoreDMA_Controller_0/CAXI4DMAI00OI/CAXI4DMAIlOl[6]:CLK
  To:   CoreDMA_IO_CTRL_0/CoreDMA_Controller_0/CoreDMA_Controller_0/CAXI4DMAI00OI/CAXI4DMAIlOl[7]:D
  Delay (ns):              3.879
  Slack (ns):              1.090
  Arrival (ns):           18.059
  Required (ns):          19.149
  Operating Conditions: slow_lv_ht

Path 16
  From: CoreDMA_IO_CTRL_0/CoreDMA_Controller_0/CoreDMA_Controller_0/CAXI4DMAI00OI/CAXI4DMAIlOl[8]:CLK
  To:   CoreDMA_IO_CTRL_0/CoreDMA_Controller_0/CoreDMA_Controller_0/CAXI4DMAI00OI/CAXI4DMAIlOl[10]:D
  Delay (ns):              3.858
  Slack (ns):              1.101
  Arrival (ns):           18.038
  Required (ns):          19.139
  Operating Conditions: slow_lv_ht

Path 17
  From: CoreDMA_IO_CTRL_0/CoreDMA_Controller_0/CoreDMA_Controller_0/CAXI4DMAI00OI/CAXI4DMAIlOl[8]:CLK
  To:   CoreDMA_IO_CTRL_0/CoreDMA_Controller_0/CoreDMA_Controller_0/CAXI4DMAI00OI/CAXI4DMAIlOl[9]:D
  Delay (ns):              3.837
  Slack (ns):              1.122
  Arrival (ns):           18.017
  Required (ns):          19.139
  Operating Conditions: slow_lv_ht

Path 18
  From: CoreDMA_IO_CTRL_0/CoreDMA_Controller_0/CoreDMA_Controller_0/CAXI4DMAI00OI/CAXI4DMAIlOl[4]:CLK
  To:   CoreDMA_IO_CTRL_0/CoreDMA_Controller_0/CoreDMA_Controller_0/CAXI4DMAI00OI/CAXI4DMAIlOl[6]:D
  Delay (ns):              3.829
  Slack (ns):              1.130
  Arrival (ns):           18.013
  Required (ns):          19.143
  Operating Conditions: slow_lv_ht

Path 19
  From: CoreDMA_IO_CTRL_0/CoreDMA_Controller_0/CoreDMA_Controller_0/CAXI4DMAI00OI/CAXI4DMAIlOl[8]:CLK
  To:   CoreDMA_IO_CTRL_0/CoreDMA_Controller_0/CoreDMA_Controller_0/CAXI4DMAI00OI/CAXI4DMAIlOl[11]:D
  Delay (ns):              3.826
  Slack (ns):              1.133
  Arrival (ns):           18.006
  Required (ns):          19.139
  Operating Conditions: slow_lv_ht

Path 20
  From: CoreDMA_IO_CTRL_0/CoreDMA_Controller_0/CoreDMA_Controller_0/CAXI4DMAI00OI/CAXI4DMAIlOl[8]:CLK
  To:   CoreDMA_IO_CTRL_0/CoreDMA_Controller_0/CoreDMA_Controller_0/CAXI4DMAI00OI/CAXI4DMAIlOl[7]:D
  Delay (ns):              3.831
  Slack (ns):              1.138
  Arrival (ns):           18.011
  Required (ns):          19.149
  Operating Conditions: slow_lv_ht

Path 21
  From: CoreDMA_IO_CTRL_0/CoreDMA_Controller_0/CoreDMA_Controller_0/CAXI4DMAI00OI/CAXI4DMAIlOl[9]:CLK
  To:   CoreDMA_IO_CTRL_0/CoreDMA_Controller_0/CoreDMA_Controller_0/CAXI4DMAI00OI/CAXI4DMAlI0I[5]:D
  Delay (ns):              3.793
  Slack (ns):              1.157
  Arrival (ns):           17.984
  Required (ns):          19.141
  Operating Conditions: slow_lv_ht

Path 22
  From: CoreDMA_IO_CTRL_0/CoreDMA_Controller_0/CoreDMA_Controller_0/CAXI4DMAI00OI/CAXI4DMAIlOl[7]:CLK
  To:   CoreDMA_IO_CTRL_0/CoreDMA_Controller_0/CoreDMA_Controller_0/CAXI4DMAI00OI/CAXI4DMAIlOl[10]:D
  Delay (ns):              3.794
  Slack (ns):              1.157
  Arrival (ns):           17.995
  Required (ns):          19.152
  Operating Conditions: slow_lv_ht

Path 23
  From: CoreDMA_IO_CTRL_0/CoreDMA_Controller_0/CoreDMA_Controller_0/CAXI4DMAI00OI/CAXI4DMAIlOl[9]:CLK
  To:   CoreDMA_IO_CTRL_0/CoreDMA_Controller_0/CoreDMA_Controller_0/CAXI4DMAI00OI/CAXI4DMAlI0I[4]:D
  Delay (ns):              3.789
  Slack (ns):              1.161
  Arrival (ns):           17.980
  Required (ns):          19.141
  Operating Conditions: slow_lv_ht

Path 24
  From: CoreDMA_IO_CTRL_0/CoreDMA_Controller_0/CoreDMA_Controller_0/CAXI4DMAI00OI/CAXI4DMAIlOl[6]:CLK
  To:   CoreDMA_IO_CTRL_0/CoreDMA_Controller_0/CoreDMA_Controller_0/CAXI4DMAI00OI/CAXI4DMAIlOl[8]:D
  Delay (ns):              3.831
  Slack (ns):              1.161
  Arrival (ns):           18.011
  Required (ns):          19.172
  Operating Conditions: slow_lv_ht

Path 25
  From: CoreDMA_IO_CTRL_0/CoreDMA_Controller_0/CoreDMA_Controller_0/CAXI4DMAI00OI/CAXI4DMAIlOl[5]:CLK
  To:   CoreDMA_IO_CTRL_0/CoreDMA_Controller_0/CoreDMA_Controller_0/CAXI4DMAI00OI/CAXI4DMAIlOl[6]:D
  Delay (ns):              3.787
  Slack (ns):              1.175
  Arrival (ns):           17.968
  Required (ns):          19.143
  Operating Conditions: slow_lv_ht

Path 26
  From: CoreDMA_IO_CTRL_0/CoreDMA_Controller_0/CoreDMA_Controller_0/CAXI4DMAI00OI/CAXI4DMAIlOl[7]:CLK
  To:   CoreDMA_IO_CTRL_0/CoreDMA_Controller_0/CoreDMA_Controller_0/CAXI4DMAI00OI/CAXI4DMAIlOl[9]:D
  Delay (ns):              3.773
  Slack (ns):              1.178
  Arrival (ns):           17.974
  Required (ns):          19.152
  Operating Conditions: slow_lv_ht

Path 27
  From: PCIe_EP_0/PCIex4_0/PCIE_1:AXI_CLK
  To:   AXI4_Interconnect_0/AXI4_Interconnect_0/MstConvertor_loop[0].mstrconv/rgsl/genblk2.arrs/sDat[21]:EN
  Delay (ns):              3.343
  Slack (ns):              1.180
  Arrival (ns):           17.788
  Required (ns):          18.968
  Operating Conditions: slow_lv_ht

Path 28
  From: PCIe_EP_0/PCIex4_0/PCIE_1:AXI_CLK
  To:   AXI4_Interconnect_0/AXI4_Interconnect_0/MstConvertor_loop[0].mstrconv/rgsl/genblk2.arrs/sDat[23]:EN
  Delay (ns):              3.342
  Slack (ns):              1.181
  Arrival (ns):           17.787
  Required (ns):          18.968
  Operating Conditions: slow_lv_ht

Path 29
  From: PCIe_EP_0/PCIex4_0/PCIE_1:AXI_CLK
  To:   AXI4_Interconnect_0/AXI4_Interconnect_0/MstConvertor_loop[0].mstrconv/rgsl/genblk2.arrs/sDat[25]:EN
  Delay (ns):              3.341
  Slack (ns):              1.182
  Arrival (ns):           17.786
  Required (ns):          18.968
  Operating Conditions: slow_lv_ht

Path 30
  From: CoreDMA_IO_CTRL_0/CoreDMA_Controller_0/CoreDMA_Controller_0/CAXI4DMAI00OI/CAXI4DMAIlOl[9]:CLK
  To:   CoreDMA_IO_CTRL_0/CoreDMA_Controller_0/CoreDMA_Controller_0/CAXI4DMAI00OI/CAXI4DMAOllI[5]:D
  Delay (ns):              3.766
  Slack (ns):              1.184
  Arrival (ns):           17.957
  Required (ns):          19.141
  Operating Conditions: slow_lv_ht

Path 31
  From: CoreDMA_IO_CTRL_0/CoreDMA_Controller_0/CoreDMA_Controller_0/CAXI4DMAI00OI/CAXI4DMAIlOl[9]:CLK
  To:   CoreDMA_IO_CTRL_0/CoreDMA_Controller_0/CoreDMA_Controller_0/CAXI4DMAI00OI/CAXI4DMAlI0I[2]:D
  Delay (ns):              3.764
  Slack (ns):              1.184
  Arrival (ns):           17.955
  Required (ns):          19.139
  Operating Conditions: slow_lv_ht

Path 32
  From: CoreDMA_IO_CTRL_0/CoreDMA_Controller_0/CoreDMA_Controller_0/CAXI4DMAI00OI/CAXI4DMAIlOl[4]:CLK
  To:   CoreDMA_IO_CTRL_0/CoreDMA_Controller_0/CoreDMA_Controller_0/CAXI4DMAI00OI/CAXI4DMAIlOl[10]:D
  Delay (ns):              3.768
  Slack (ns):              1.187
  Arrival (ns):           17.952
  Required (ns):          19.139
  Operating Conditions: slow_lv_ht

Path 33
  From: CoreDMA_IO_CTRL_0/CoreDMA_Controller_0/CoreDMA_Controller_0/CAXI4DMAI00OI/CAXI4DMAIlOl[7]:CLK
  To:   CoreDMA_IO_CTRL_0/CoreDMA_Controller_0/CoreDMA_Controller_0/CAXI4DMAI00OI/CAXI4DMAIlOl[11]:D
  Delay (ns):              3.762
  Slack (ns):              1.189
  Arrival (ns):           17.963
  Required (ns):          19.152
  Operating Conditions: slow_lv_ht

Path 34
  From: CoreDMA_IO_CTRL_0/CoreDMA_Controller_0/CoreDMA_Controller_0/CAXI4DMAI00OI/CAXI4DMAIlOl[9]:CLK
  To:   CoreDMA_IO_CTRL_0/CoreDMA_Controller_0/CoreDMA_Controller_0/CAXI4DMAI00OI/CAXI4DMAIlOl[10]:D
  Delay (ns):              3.801
  Slack (ns):              1.191
  Arrival (ns):           17.992
  Required (ns):          19.183
  Operating Conditions: slow_lv_ht

Path 35
  From: CoreDMA_IO_CTRL_0/CoreDMA_Controller_0/CoreDMA_Controller_0/CAXI4DMAI00OI/CAXI4DMAIlOl[9]:CLK
  To:   CoreDMA_IO_CTRL_0/CoreDMA_Controller_0/CoreDMA_Controller_0/CAXI4DMAI00OI/CAXI4DMAIlOl[7]:D
  Delay (ns):              3.774
  Slack (ns):              1.197
  Arrival (ns):           17.965
  Required (ns):          19.162
  Operating Conditions: slow_lv_ht

Path 36
  From: CoreDMA_IO_CTRL_0/CoreDMA_Controller_0/CoreDMA_Controller_0/CAXI4DMAI00OI/CAXI4DMAIlOl[4]:CLK
  To:   CoreDMA_IO_CTRL_0/CoreDMA_Controller_0/CoreDMA_Controller_0/CAXI4DMAI00OI/CAXI4DMAIlOl[9]:D
  Delay (ns):              3.747
  Slack (ns):              1.208
  Arrival (ns):           17.931
  Required (ns):          19.139
  Operating Conditions: slow_lv_ht

Path 37
  From: CoreDMA_IO_CTRL_0/CoreDMA_Controller_0/CoreDMA_Controller_0/CAXI4DMAI00OI/CAXI4DMAIlOl[7]:CLK
  To:   CoreDMA_IO_CTRL_0/CoreDMA_Controller_0/CoreDMA_Controller_0/CAXI4DMAI00OI/CAXI4DMAIlOl[8]:D
  Delay (ns):              3.719
  Slack (ns):              1.210
  Arrival (ns):           17.920
  Required (ns):          19.130
  Operating Conditions: slow_lv_ht

Path 38
  From: CoreDMA_IO_CTRL_0/CoreDMA_Controller_0/CoreDMA_Controller_0/CAXI4DMAI00OI/CAXI4DMAOIOl[7]:CLK
  To:   CoreDMA_IO_CTRL_0/CoreDMA_Controller_0/CoreDMA_Controller_0/CAXI4DMAI00OI/CAXI4DMAlI0I[6]:D
  Delay (ns):              3.712
  Slack (ns):              1.211
  Arrival (ns):           17.914
  Required (ns):          19.125
  Operating Conditions: slow_lv_ht

Path 39
  From: CoreDMA_IO_CTRL_0/CoreDMA_Controller_0/CoreDMA_Controller_0/CAXI4DMAI00OI/CAXI4DMAIlOl[10]:CLK
  To:   CoreDMA_IO_CTRL_0/CoreDMA_Controller_0/CoreDMA_Controller_0/CAXI4DMAI00OI/CAXI4DMAIlOl[4]:D
  Delay (ns):              3.733
  Slack (ns):              1.212
  Arrival (ns):           17.923
  Required (ns):          19.135
  Operating Conditions: slow_lv_ht

Path 40
  From: CoreDMA_IO_CTRL_0/CoreDMA_Controller_0/CoreDMA_Controller_0/CAXI4DMAI00OI/CAXI4DMAIlOl[9]:CLK
  To:   CoreDMA_IO_CTRL_0/CoreDMA_Controller_0/CoreDMA_Controller_0/CAXI4DMAI00OI/CAXI4DMAOllI[4]:D
  Delay (ns):              3.738
  Slack (ns):              1.212
  Arrival (ns):           17.929
  Required (ns):          19.141
  Operating Conditions: slow_lv_ht

Path 41
  From: CoreDMA_IO_CTRL_0/CoreDMA_Controller_0/CoreDMA_Controller_0/CAXI4DMAI00OI/CAXI4DMAIlOl[9]:CLK
  To:   CoreDMA_IO_CTRL_0/CoreDMA_Controller_0/CoreDMA_Controller_0/CAXI4DMAI00OI/CAXI4DMAIlOl[8]:D
  Delay (ns):              3.726
  Slack (ns):              1.213
  Arrival (ns):           17.917
  Required (ns):          19.130
  Operating Conditions: slow_lv_ht

Path 42
  From: CoreDMA_IO_CTRL_0/CoreDMA_Controller_0/CoreDMA_Controller_0/CAXI4DMAI00OI/CAXI4DMAIlOl[8]:CLK
  To:   CoreDMA_IO_CTRL_0/CoreDMA_Controller_0/CoreDMA_Controller_0/CAXI4DMAI00OI/CAXI4DMAIlOl[8]:D
  Delay (ns):              3.783
  Slack (ns):              1.217
  Arrival (ns):           17.963
  Required (ns):          19.180
  Operating Conditions: slow_lv_ht

Path 43
  From: CoreDMA_IO_CTRL_0/CoreDMA_Controller_0/CoreDMA_Controller_0/CAXI4DMAI00OI/CAXI4DMAIlOl[10]:CLK
  To:   CoreDMA_IO_CTRL_0/CoreDMA_Controller_0/CoreDMA_Controller_0/CAXI4DMAI00OI/CAXI4DMAIlOl[5]:D
  Delay (ns):              3.724
  Slack (ns):              1.217
  Arrival (ns):           17.914
  Required (ns):          19.131
  Operating Conditions: slow_lv_ht

Path 44
  From: CoreDMA_IO_CTRL_0/CoreDMA_Controller_0/CoreDMA_Controller_0/CAXI4DMAI00OI/CAXI4DMAIlOl[4]:CLK
  To:   CoreDMA_IO_CTRL_0/CoreDMA_Controller_0/CoreDMA_Controller_0/CAXI4DMAI00OI/CAXI4DMAIlOl[11]:D
  Delay (ns):              3.736
  Slack (ns):              1.219
  Arrival (ns):           17.920
  Required (ns):          19.139
  Operating Conditions: slow_lv_ht

Path 45
  From: PF_DDR4_SS_0/MSC_i_229/MSC_i_230/MSC_i_233/MSC_i_359/init_sm[3]:CLK
  To:   PF_DDR4_SS_0/MSC_i_229/MSC_i_230/MSC_i_233/MSC_i_359/MSC_i_360/pda_mode_cs[6]:EN
  Delay (ns):              3.579
  Slack (ns):              1.219
  Arrival (ns):           17.757
  Required (ns):          18.976
  Operating Conditions: slow_lv_ht

Path 46
  From: CoreDMA_IO_CTRL_0/CoreDMA_Controller_0/CoreDMA_Controller_0/CAXI4DMAI00OI/CAXI4DMAIlOl[9]:CLK
  To:   CoreDMA_IO_CTRL_0/CoreDMA_Controller_0/CoreDMA_Controller_0/CAXI4DMAI00OI/CAXI4DMAIlOl[9]:D
  Delay (ns):              3.780
  Slack (ns):              1.220
  Arrival (ns):           17.971
  Required (ns):          19.191
  Operating Conditions: slow_lv_ht

Path 47
  From: CoreDMA_IO_CTRL_0/CoreDMA_Controller_0/CoreDMA_Controller_0/CAXI4DMAI00OI/CAXI4DMAIlOl[9]:CLK
  To:   CoreDMA_IO_CTRL_0/CoreDMA_Controller_0/CoreDMA_Controller_0/CAXI4DMAI00OI/CAXI4DMAIlOl[11]:D
  Delay (ns):              3.769
  Slack (ns):              1.223
  Arrival (ns):           17.960
  Required (ns):          19.183
  Operating Conditions: slow_lv_ht

Path 48
  From: CoreDMA_IO_CTRL_0/CoreDMA_Controller_0/CoreDMA_Controller_0/CAXI4DMAI00OI/CAXI4DMAIlOl[3]:CLK
  To:   CoreDMA_IO_CTRL_0/CoreDMA_Controller_0/CoreDMA_Controller_0/CAXI4DMAI00OI/CAXI4DMAIlOl[6]:D
  Delay (ns):              3.735
  Slack (ns):              1.224
  Arrival (ns):           17.919
  Required (ns):          19.143
  Operating Conditions: slow_lv_ht

Path 49
  From: CoreDMA_IO_CTRL_0/CoreDMA_Controller_0/CoreDMA_Controller_0/CAXI4DMAI00OI/CAXI4DMAIlOl[4]:CLK
  To:   CoreDMA_IO_CTRL_0/CoreDMA_Controller_0/CoreDMA_Controller_0/CAXI4DMAI00OI/CAXI4DMAIlOl[7]:D
  Delay (ns):              3.741
  Slack (ns):              1.224
  Arrival (ns):           17.925
  Required (ns):          19.149
  Operating Conditions: slow_lv_ht

Path 50
  From: CoreDMA_IO_CTRL_0/CoreDMA_Controller_0/CoreDMA_Controller_0/CAXI4DMAI00OI/CAXI4DMAIlOl[9]:CLK
  To:   CoreDMA_IO_CTRL_0/CoreDMA_Controller_0/CoreDMA_Controller_0/CAXI4DMAI00OI/CAXI4DMAOllI[6]:D
  Delay (ns):              3.721
  Slack (ns):              1.226
  Arrival (ns):           17.912
  Required (ns):          19.138
  Operating Conditions: slow_lv_ht

Path 51
  From: CoreDMA_IO_CTRL_0/CoreDMA_Controller_0/CoreDMA_Controller_0/CAXI4DMAI00OI/CAXI4DMAIlOl[5]:CLK
  To:   CoreDMA_IO_CTRL_0/CoreDMA_Controller_0/CoreDMA_Controller_0/CAXI4DMAI00OI/CAXI4DMAIlOl[10]:D
  Delay (ns):              3.726
  Slack (ns):              1.232
  Arrival (ns):           17.907
  Required (ns):          19.139
  Operating Conditions: slow_lv_ht

Path 52
  From: CoreDMA_IO_CTRL_0/CoreDMA_Controller_0/CoreDMA_Controller_0/CAXI4DMAI00OI/CAXI4DMAIlOl[9]:CLK
  To:   CoreDMA_IO_CTRL_0/CoreDMA_Controller_0/CoreDMA_Controller_0/CAXI4DMAI00OI/CAXI4DMAOllI[2]:D
  Delay (ns):              3.715
  Slack (ns):              1.232
  Arrival (ns):           17.906
  Required (ns):          19.138
  Operating Conditions: slow_lv_ht

Path 53
  From: CoreDMA_IO_CTRL_0/CoreDMA_Controller_0/CoreDMA_Controller_0/CAXI4DMAI00OI/CAXI4DMAIlOl[7]:CLK
  To:   CoreDMA_IO_CTRL_0/CoreDMA_Controller_0/CoreDMA_Controller_0/CAXI4DMAI00OI/CAXI4DMAIlOl[7]:D
  Delay (ns):              3.767
  Slack (ns):              1.233
  Arrival (ns):           17.968
  Required (ns):          19.201
  Operating Conditions: slow_lv_ht

Path 54
  From: PF_DDR4_SS_0/MSC_i_229/MSC_i_230/MSC_i_233/MSC_i_359/init_sm[3]:CLK
  To:   PF_DDR4_SS_0/MSC_i_229/MSC_i_230/MSC_i_233/MSC_i_359/MSC_i_360/mpr_mode_cs[6]:EN
  Delay (ns):              3.565
  Slack (ns):              1.233
  Arrival (ns):           17.743
  Required (ns):          18.976
  Operating Conditions: slow_lv_ht

Path 55
  From: CoreDMA_IO_CTRL_0/CoreDMA_Controller_0/CoreDMA_Controller_0/CAXI4DMAI00OI/CAXI4DMAIlOl[5]:CLK
  To:   CoreDMA_IO_CTRL_0/CoreDMA_Controller_0/CoreDMA_Controller_0/CAXI4DMAI00OI/CAXI4DMAIlOl[9]:D
  Delay (ns):              3.705
  Slack (ns):              1.253
  Arrival (ns):           17.886
  Required (ns):          19.139
  Operating Conditions: slow_lv_ht

Path 56
  From: CoreDMA_IO_CTRL_0/CoreDMA_Controller_0/CoreDMA_Controller_0/CAXI4DMAI00OI/CAXI4DMAIlOl[9]:CLK
  To:   CoreDMA_IO_CTRL_0/CoreDMA_Controller_0/CoreDMA_Controller_0/CAXI4DMAI00OI/CAXI4DMAlI0I[0]:D
  Delay (ns):              3.690
  Slack (ns):              1.257
  Arrival (ns):           17.881
  Required (ns):          19.138
  Operating Conditions: slow_lv_ht

Path 57
  From: CoreDMA_IO_CTRL_0/CoreDMA_Controller_0/CoreDMA_Controller_0/CAXI4DMAI00OI/CAXI4DMAOIOl[16]:CLK
  To:   CoreDMA_IO_CTRL_0/CoreDMA_Controller_0/CoreDMA_Controller_0/CAXI4DMAI00OI/CAXI4DMAIlOl[6]:D
  Delay (ns):              3.652
  Slack (ns):              1.262
  Arrival (ns):           17.854
  Required (ns):          19.116
  Operating Conditions: slow_lv_ht

Path 58
  From: PF_DDR4_SS_0/MSC_i_229/MSC_i_230/MSC_i_233/MSC_i_359/init_sm[2]:CLK
  To:   PF_DDR4_SS_0/MSC_i_229/MSC_i_230/MSC_i_233/MSC_i_359/MSC_i_360/pda_mode_cs[6]:EN
  Delay (ns):              3.536
  Slack (ns):              1.262
  Arrival (ns):           17.714
  Required (ns):          18.976
  Operating Conditions: slow_lv_ht

Path 59
  From: CoreDMA_IO_CTRL_0/CoreDMA_Controller_0/CoreDMA_Controller_0/CAXI4DMAI00OI/CAXI4DMAIlOl[10]:CLK
  To:   CoreDMA_IO_CTRL_0/CoreDMA_Controller_0/CoreDMA_Controller_0/CAXI4DMAI00OI/CAXI4DMAIlOl[3]:D
  Delay (ns):              3.681
  Slack (ns):              1.264
  Arrival (ns):           17.871
  Required (ns):          19.135
  Operating Conditions: slow_lv_ht

Path 60
  From: CoreDMA_IO_CTRL_0/CoreDMA_Controller_0/CoreDMA_Controller_0/CAXI4DMAI00OI/CAXI4DMAIlOl[5]:CLK
  To:   CoreDMA_IO_CTRL_0/CoreDMA_Controller_0/CoreDMA_Controller_0/CAXI4DMAI00OI/CAXI4DMAIlOl[11]:D
  Delay (ns):              3.694
  Slack (ns):              1.264
  Arrival (ns):           17.875
  Required (ns):          19.139
  Operating Conditions: slow_lv_ht

Path 61
  From: CoreDMA_IO_CTRL_0/CoreDMA_Controller_0/CoreDMA_Controller_0/CAXI4DMAI00OI/CAXI4DMAIlOl[4]:CLK
  To:   CoreDMA_IO_CTRL_0/CoreDMA_Controller_0/CoreDMA_Controller_0/CAXI4DMAI00OI/CAXI4DMAIlOl[8]:D
  Delay (ns):              3.693
  Slack (ns):              1.266
  Arrival (ns):           17.877
  Required (ns):          19.143
  Operating Conditions: slow_lv_ht

Path 62
  From: CoreDMA_IO_CTRL_0/CoreDMA_Controller_0/CoreDMA_Controller_0/CAXI4DMAI00OI/CAXI4DMAIlOl[5]:CLK
  To:   CoreDMA_IO_CTRL_0/CoreDMA_Controller_0/CoreDMA_Controller_0/CAXI4DMAI00OI/CAXI4DMAIlOl[7]:D
  Delay (ns):              3.699
  Slack (ns):              1.269
  Arrival (ns):           17.880
  Required (ns):          19.149
  Operating Conditions: slow_lv_ht

Path 63
  From: CoreDMA_IO_CTRL_0/CoreDMA_Controller_0/CoreDMA_Controller_0/CAXI4DMAI00OI/CAXI4DMAIlOl[9]:CLK
  To:   CoreDMA_IO_CTRL_0/CoreDMA_Controller_0/CoreDMA_Controller_0/CAXI4DMAI00OI/CAXI4DMAOllI[0]:D
  Delay (ns):              3.674
  Slack (ns):              1.271
  Arrival (ns):           17.865
  Required (ns):          19.136
  Operating Conditions: slow_lv_ht

Path 64
  From: CoreDMA_IO_CTRL_0/CoreDMA_Controller_0/CoreDMA_Controller_0/CAXI4DMAI00OI/CAXI4DMAIlOl[6]:CLK
  To:   CoreDMA_IO_CTRL_0/CoreDMA_Controller_0/CoreDMA_Controller_0/CAXI4DMAI00OI/CAXI4DMAIlOl[4]:D
  Delay (ns):              3.696
  Slack (ns):              1.272
  Arrival (ns):           17.876
  Required (ns):          19.148
  Operating Conditions: slow_lv_ht

Path 65
  From: PF_DDR4_SS_0/MSC_i_229/MSC_i_230/MSC_i_233/MSC_i_359/init_sm[2]:CLK
  To:   PF_DDR4_SS_0/MSC_i_229/MSC_i_230/MSC_i_233/MSC_i_359/MSC_i_360/mpr_mode_cs[6]:EN
  Delay (ns):              3.522
  Slack (ns):              1.276
  Arrival (ns):           17.700
  Required (ns):          18.976
  Operating Conditions: slow_lv_ht

Path 66
  From: CoreDMA_IO_CTRL_0/CoreDMA_Controller_0/CoreDMA_Controller_0/CAXI4DMAI00OI/CAXI4DMAIlOl[6]:CLK
  To:   CoreDMA_IO_CTRL_0/CoreDMA_Controller_0/CoreDMA_Controller_0/CAXI4DMAI00OI/CAXI4DMAIlOl[5]:D
  Delay (ns):              3.687
  Slack (ns):              1.277
  Arrival (ns):           17.867
  Required (ns):          19.144
  Operating Conditions: slow_lv_ht

Path 67
  From: CoreDMA_IO_CTRL_0/CoreDMA_Controller_0/CoreDMA_Controller_0/CAXI4DMAI00OI/CAXI4DMAOIOl[3]:CLK
  To:   CoreDMA_IO_CTRL_0/CoreDMA_Controller_0/CoreDMA_Controller_0/CAXI4DMAI00OI/CAXI4DMAIlOl[6]:D
  Delay (ns):              3.651
  Slack (ns):              1.278
  Arrival (ns):           17.852
  Required (ns):          19.130
  Operating Conditions: slow_lv_ht

Path 68
  From: CoreDMA_IO_CTRL_0/CoreDMA_Controller_0/CoreDMA_Controller_0/CAXI4DMAI00OI/CAXI4DMAIlOl[3]:CLK
  To:   CoreDMA_IO_CTRL_0/CoreDMA_Controller_0/CoreDMA_Controller_0/CAXI4DMAI00OI/CAXI4DMAIlOl[10]:D
  Delay (ns):              3.674
  Slack (ns):              1.281
  Arrival (ns):           17.858
  Required (ns):          19.139
  Operating Conditions: slow_lv_ht

Path 69
  From: CoreDMA_IO_CTRL_0/CoreDMA_Controller_0/CoreDMA_Controller_0/CAXI4DMAI00OI/CAXI4DMAOIOl[5]:CLK
  To:   CoreDMA_IO_CTRL_0/CoreDMA_Controller_0/CoreDMA_Controller_0/CAXI4DMAI00OI/CAXI4DMAIlOl[6]:D
  Delay (ns):              3.642
  Slack (ns):              1.287
  Arrival (ns):           17.843
  Required (ns):          19.130
  Operating Conditions: slow_lv_ht

Path 70
  From: CoreDMA_IO_CTRL_0/CoreDMA_Controller_0/CoreDMA_Controller_0/CAXI4DMAI00OI/CAXI4DMAOIOl[10]:CLK
  To:   CoreDMA_IO_CTRL_0/CoreDMA_Controller_0/CoreDMA_Controller_0/CAXI4DMAI00OI/CAXI4DMAIlOl[6]:D
  Delay (ns):              3.624
  Slack (ns):              1.290
  Arrival (ns):           17.826
  Required (ns):          19.116
  Operating Conditions: slow_lv_ht

Path 71
  From: CoreDMA_IO_CTRL_0/CoreDMA_Controller_0/CoreDMA_Controller_0/CAXI4DMAI00OI/CAXI4DMAOIOl[8]:CLK
  To:   CoreDMA_IO_CTRL_0/CoreDMA_Controller_0/CoreDMA_Controller_0/CAXI4DMAI00OI/CAXI4DMAIlOl[6]:D
  Delay (ns):              3.635
  Slack (ns):              1.292
  Arrival (ns):           17.824
  Required (ns):          19.116
  Operating Conditions: slow_lv_ht

Path 72
  From: CoreDMA_IO_CTRL_0/CoreDMA_Controller_0/CoreDMA_Controller_0/CAXI4DMAI00OI/CAXI4DMAOIOl[7]:CLK
  To:   CoreDMA_IO_CTRL_0/CoreDMA_Controller_0/CoreDMA_Controller_0/CAXI4DMAI00OI/CAXI4DMAlI0I[5]:D
  Delay (ns):              3.623
  Slack (ns):              1.302
  Arrival (ns):           17.825
  Required (ns):          19.127
  Operating Conditions: slow_lv_ht

Path 73
  From: CoreDMA_IO_CTRL_0/CoreDMA_Controller_0/CoreDMA_Controller_0/CAXI4DMAI00OI/CAXI4DMAIlOl[3]:CLK
  To:   CoreDMA_IO_CTRL_0/CoreDMA_Controller_0/CoreDMA_Controller_0/CAXI4DMAI00OI/CAXI4DMAIlOl[9]:D
  Delay (ns):              3.653
  Slack (ns):              1.302
  Arrival (ns):           17.837
  Required (ns):          19.139
  Operating Conditions: slow_lv_ht

Path 74
  From: CoreDMA_IO_CTRL_0/CoreDMA_Controller_0/CoreDMA_Controller_0/CAXI4DMAI00OI/CAXI4DMAOIOl[7]:CLK
  To:   CoreDMA_IO_CTRL_0/CoreDMA_Controller_0/CoreDMA_Controller_0/CAXI4DMAI00OI/CAXI4DMAlI0I[4]:D
  Delay (ns):              3.619
  Slack (ns):              1.306
  Arrival (ns):           17.821
  Required (ns):          19.127
  Operating Conditions: slow_lv_ht

Path 75
  From: CoreDMA_IO_CTRL_0/CoreDMA_Controller_0/CoreDMA_Controller_0/CAXI4DMAI00OI/CAXI4DMAOIOl[18]:CLK
  To:   CoreDMA_IO_CTRL_0/CoreDMA_Controller_0/CoreDMA_Controller_0/CAXI4DMAI00OI/CAXI4DMAIlOl[6]:D
  Delay (ns):              3.616
  Slack (ns):              1.308
  Arrival (ns):           17.808
  Required (ns):          19.116
  Operating Conditions: slow_lv_ht

Path 76
  From: CoreDMA_IO_CTRL_0/CoreDMA_Controller_0/CoreDMA_Controller_0/CAXI4DMAI00OI/CAXI4DMAIlOl[5]:CLK
  To:   CoreDMA_IO_CTRL_0/CoreDMA_Controller_0/CoreDMA_Controller_0/CAXI4DMAI00OI/CAXI4DMAIlOl[8]:D
  Delay (ns):              3.651
  Slack (ns):              1.311
  Arrival (ns):           17.832
  Required (ns):          19.143
  Operating Conditions: slow_lv_ht

Path 77
  From: CoreDMA_IO_CTRL_0/CoreDMA_Controller_0/CoreDMA_Controller_0/CAXI4DMAI00OI/CAXI4DMAOIOl[4]:CLK
  To:   CoreDMA_IO_CTRL_0/CoreDMA_Controller_0/CoreDMA_Controller_0/CAXI4DMAI00OI/CAXI4DMAIlOl[6]:D
  Delay (ns):              3.617
  Slack (ns):              1.312
  Arrival (ns):           17.818
  Required (ns):          19.130
  Operating Conditions: slow_lv_ht

Path 78
  From: CoreDMA_IO_CTRL_0/CoreDMA_Controller_0/CoreDMA_Controller_0/CAXI4DMAI00OI/CAXI4DMAIlOl[3]:CLK
  To:   CoreDMA_IO_CTRL_0/CoreDMA_Controller_0/CoreDMA_Controller_0/CAXI4DMAI00OI/CAXI4DMAIlOl[11]:D
  Delay (ns):              3.642
  Slack (ns):              1.313
  Arrival (ns):           17.826
  Required (ns):          19.139
  Operating Conditions: slow_lv_ht

Path 79
  From: CoreDMA_IO_CTRL_0/CoreDMA_Controller_0/CoreDMA_Controller_0/CAXI4DMAI00OI/CAXI4DMAIlOl[9]:CLK
  To:   CoreDMA_IO_CTRL_0/CoreDMA_Controller_0/CoreDMA_Controller_0/CAXI4DMAI00OI/CAXI4DMAlI0I[7]:D
  Delay (ns):              3.637
  Slack (ns):              1.313
  Arrival (ns):           17.828
  Required (ns):          19.141
  Operating Conditions: slow_lv_ht

Path 80
  From: CoreDMA_IO_CTRL_0/CoreDMA_Controller_0/CoreDMA_Controller_0/CAXI4DMAI00OI/CAXI4DMAIlOl[3]:CLK
  To:   CoreDMA_IO_CTRL_0/CoreDMA_Controller_0/CoreDMA_Controller_0/CAXI4DMAI00OI/CAXI4DMAIlOl[7]:D
  Delay (ns):              3.647
  Slack (ns):              1.318
  Arrival (ns):           17.831
  Required (ns):          19.149
  Operating Conditions: slow_lv_ht

Path 81
  From: CoreDMA_IO_CTRL_0/CoreDMA_Controller_0/CoreDMA_Controller_0/CAXI4DMAI00OI/CAXI4DMAIlOl[8]:CLK
  To:   CoreDMA_IO_CTRL_0/CoreDMA_Controller_0/CoreDMA_Controller_0/CAXI4DMAI00OI/CAXI4DMAIlOl[4]:D
  Delay (ns):              3.648
  Slack (ns):              1.320
  Arrival (ns):           17.828
  Required (ns):          19.148
  Operating Conditions: slow_lv_ht

Path 82
  From: CoreDMA_IO_CTRL_0/CoreDMA_Controller_0/CoreDMA_Controller_0/CAXI4DMAI00OI/CAXI4DMAOIOl[6]:CLK
  To:   CoreDMA_IO_CTRL_0/CoreDMA_Controller_0/CoreDMA_Controller_0/CAXI4DMAI00OI/CAXI4DMAlI0I[6]:D
  Delay (ns):              3.618
  Slack (ns):              1.321
  Arrival (ns):           17.818
  Required (ns):          19.139
  Operating Conditions: slow_lv_ht

Path 83
  From: CoreDMA_IO_CTRL_0/CoreDMA_Controller_0/CoreDMA_Controller_0/CAXI4DMAI00OI/CAXI4DMAOIOl[23]:CLK
  To:   CoreDMA_IO_CTRL_0/CoreDMA_Controller_0/CoreDMA_Controller_0/CAXI4DMAI00OI/CAXI4DMAIlOl[6]:D
  Delay (ns):              3.668
  Slack (ns):              1.324
  Arrival (ns):           17.848
  Required (ns):          19.172
  Operating Conditions: slow_lv_ht

Path 84
  From: CoreDMA_IO_CTRL_0/CoreDMA_Controller_0/CoreDMA_Controller_0/CAXI4DMAI00OI/CAXI4DMAIlOl[6]:CLK
  To:   CoreDMA_IO_CTRL_0/CoreDMA_Controller_0/CoreDMA_Controller_0/CAXI4DMAI00OI/CAXI4DMAIlOl[3]:D
  Delay (ns):              3.644
  Slack (ns):              1.324
  Arrival (ns):           17.824
  Required (ns):          19.148
  Operating Conditions: slow_lv_ht

Path 85
  From: CoreDMA_IO_CTRL_0/CoreDMA_Controller_0/CoreDMA_Controller_0/CAXI4DMAI00OI/CAXI4DMAIlOl[8]:CLK
  To:   CoreDMA_IO_CTRL_0/CoreDMA_Controller_0/CoreDMA_Controller_0/CAXI4DMAI00OI/CAXI4DMAIlOl[5]:D
  Delay (ns):              3.639
  Slack (ns):              1.325
  Arrival (ns):           17.819
  Required (ns):          19.144
  Operating Conditions: slow_lv_ht

Path 86
  From: CoreDMA_IO_CTRL_0/CoreDMA_Controller_0/CoreDMA_Controller_0/CAXI4DMAI00OI/CAXI4DMAOIOl[7]:CLK
  To:   CoreDMA_IO_CTRL_0/CoreDMA_Controller_0/CoreDMA_Controller_0/CAXI4DMAI00OI/CAXI4DMAIlOl[6]:D
  Delay (ns):              3.589
  Slack (ns):              1.325
  Arrival (ns):           17.791
  Required (ns):          19.116
  Operating Conditions: slow_lv_ht

Path 87
  From: CoreDMA_IO_CTRL_0/CoreDMA_Controller_0/CoreDMA_Controller_0/CAXI4DMAI00OI/CAXI4DMAIlOl[9]:CLK
  To:   CoreDMA_IO_CTRL_0/CoreDMA_Controller_0/CoreDMA_Controller_0/CAXI4DMAI00OI/CAXI4DMAOllI[7]:D
  Delay (ns):              3.623
  Slack (ns):              1.326
  Arrival (ns):           17.814
  Required (ns):          19.140
  Operating Conditions: slow_lv_ht

Path 88
  From: CoreDMA_IO_CTRL_0/CoreDMA_Controller_0/CoreDMA_Controller_0/CAXI4DMAI00OI/CAXI4DMAOIOl[7]:CLK
  To:   CoreDMA_IO_CTRL_0/CoreDMA_Controller_0/CoreDMA_Controller_0/CAXI4DMAI00OI/CAXI4DMAOllI[5]:D
  Delay (ns):              3.596
  Slack (ns):              1.329
  Arrival (ns):           17.798
  Required (ns):          19.127
  Operating Conditions: slow_lv_ht

Path 89
  From: CoreDMA_IO_CTRL_0/CoreDMA_Controller_0/CoreDMA_Controller_0/CAXI4DMAI00OI/CAXI4DMAOIOl[7]:CLK
  To:   CoreDMA_IO_CTRL_0/CoreDMA_Controller_0/CoreDMA_Controller_0/CAXI4DMAI00OI/CAXI4DMAlI0I[2]:D
  Delay (ns):              3.594
  Slack (ns):              1.329
  Arrival (ns):           17.796
  Required (ns):          19.125
  Operating Conditions: slow_lv_ht

Path 90
  From: CoreDMA_IO_CTRL_0/CoreDMA_Controller_0/CoreDMA_Controller_0/CAXI4DMAI00OI/CAXI4DMAOIOl[16]:CLK
  To:   CoreDMA_IO_CTRL_0/CoreDMA_Controller_0/CoreDMA_Controller_0/CAXI4DMAI00OI/CAXI4DMAIlOl[10]:D
  Delay (ns):              3.591
  Slack (ns):              1.332
  Arrival (ns):           17.793
  Required (ns):          19.125
  Operating Conditions: slow_lv_ht

Path 91
  From: CoreDMA_IO_CTRL_0/CoreDMA_Controller_0/CoreDMA_Controller_0/CAXI4DMAOOlOI/CAXI4DMAOOl1I/CAXI4DMAOI1Ol/CAXI4DMAI1l1:CLK
  To:   CoreDMA_IO_CTRL_0/CoreDMA_Controller_0/CoreDMA_Controller_0/CAXI4DMAOOlOI/CAXI4DMAOOl1I/CAXI4DMAllIIl/CAXI4DMAO01Il[0]:EN
  Delay (ns):              3.483
  Slack (ns):              1.334
  Arrival (ns):           17.668
  Required (ns):          19.002
  Operating Conditions: slow_lv_ht

Path 92
  From: CoreDMA_IO_CTRL_0/CoreDMA_Controller_0/CoreDMA_Controller_0/CAXI4DMAOOlOI/CAXI4DMAOOl1I/CAXI4DMAOI1Ol/CAXI4DMAI1l1:CLK
  To:   CoreDMA_IO_CTRL_0/CoreDMA_Controller_0/CoreDMA_Controller_0/CAXI4DMAOOlOI/CAXI4DMAOOl1I/CAXI4DMAllIIl/CAXI4DMAO01Il[1]:EN
  Delay (ns):              3.482
  Slack (ns):              1.335
  Arrival (ns):           17.667
  Required (ns):          19.002
  Operating Conditions: slow_lv_ht

Path 93
  From: CoreDMA_IO_CTRL_0/CoreDMA_Controller_0/CoreDMA_Controller_0/CAXI4DMAI00OI/CAXI4DMAOIOl[9]:CLK
  To:   CoreDMA_IO_CTRL_0/CoreDMA_Controller_0/CoreDMA_Controller_0/CAXI4DMAI00OI/CAXI4DMAIlOl[6]:D
  Delay (ns):              3.573
  Slack (ns):              1.341
  Arrival (ns):           17.775
  Required (ns):          19.116
  Operating Conditions: slow_lv_ht

Path 94
  From: CoreDMA_IO_CTRL_0/CoreDMA_Controller_0/CoreDMA_Controller_0/CAXI4DMAOOlOI/CAXI4DMAOOl1I/CAXI4DMAOI1Ol/CAXI4DMAI1l1:CLK
  To:   CoreDMA_IO_CTRL_0/CoreDMA_Controller_0/CoreDMA_Controller_0/CAXI4DMAOOlOI/CAXI4DMAOOl1I/CAXI4DMAllIIl/CAXI4DMAIO10l_Z[1]:D
  Delay (ns):              3.585
  Slack (ns):              1.344
  Arrival (ns):           17.770
  Required (ns):          19.114
  Operating Conditions: slow_lv_ht

Path 95
  From: CoreDMA_IO_CTRL_0/CoreDMA_Controller_0/CoreDMA_Controller_0/CAXI4DMAI00OI/CAXI4DMAIlOl[7]:CLK
  To:   CoreDMA_IO_CTRL_0/CoreDMA_Controller_0/CoreDMA_Controller_0/CAXI4DMAI00OI/CAXI4DMAlI0I[6]:D
  Delay (ns):              3.592
  Slack (ns):              1.346
  Arrival (ns):           17.793
  Required (ns):          19.139
  Operating Conditions: slow_lv_ht

Path 96
  From: CoreDMA_IO_CTRL_0/CoreDMA_Controller_0/CoreDMA_Controller_0/CAXI4DMAI00OI/CAXI4DMAIlOl[7]:CLK
  To:   CoreDMA_IO_CTRL_0/CoreDMA_Controller_0/CoreDMA_Controller_0/CAXI4DMAI00OI/CAXI4DMAIlOl[4]:D
  Delay (ns):              3.584
  Slack (ns):              1.350
  Arrival (ns):           17.785
  Required (ns):          19.135
  Operating Conditions: slow_lv_ht

Path 97
  From: CoreDMA_IO_CTRL_0/CoreDMA_Controller_0/CoreDMA_Controller_0/CAXI4DMAI00OI/CAXI4DMAOIOl[23]:CLK
  To:   CoreDMA_IO_CTRL_0/CoreDMA_Controller_0/CoreDMA_Controller_0/CAXI4DMAI00OI/CAXI4DMAIlOl[10]:D
  Delay (ns):              3.607
  Slack (ns):              1.352
  Arrival (ns):           17.787
  Required (ns):          19.139
  Operating Conditions: slow_lv_ht

Path 98
  From: CoreDMA_IO_CTRL_0/CoreDMA_Controller_0/CoreDMA_Controller_0/CAXI4DMAI00OI/CAXI4DMAOIOl[6]:CLK
  To:   CoreDMA_IO_CTRL_0/CoreDMA_Controller_0/CoreDMA_Controller_0/CAXI4DMAI00OI/CAXI4DMAIlOl[6]:D
  Delay (ns):              3.578
  Slack (ns):              1.352
  Arrival (ns):           17.778
  Required (ns):          19.130
  Operating Conditions: slow_lv_ht

Path 99
  From: CoreDMA_IO_CTRL_0/CoreDMA_Controller_0/CoreDMA_Controller_0/CAXI4DMAI00OI/CAXI4DMAOIOl[16]:CLK
  To:   CoreDMA_IO_CTRL_0/CoreDMA_Controller_0/CoreDMA_Controller_0/CAXI4DMAI00OI/CAXI4DMAIlOl[9]:D
  Delay (ns):              3.570
  Slack (ns):              1.353
  Arrival (ns):           17.772
  Required (ns):          19.125
  Operating Conditions: slow_lv_ht

Path 100
  From: CoreDMA_IO_CTRL_0/CoreDMA_Controller_0/CoreDMA_Controller_0/CAXI4DMAI00OI/CAXI4DMAIlOl[9]:CLK
  To:   CoreDMA_IO_CTRL_0/CoreDMA_Controller_0/CoreDMA_Controller_0/CAXI4DMAI00OI/CAXI4DMAIlOl[4]:D
  Delay (ns):              3.591
  Slack (ns):              1.353
  Arrival (ns):           17.782
  Required (ns):          19.135
  Operating Conditions: slow_lv_ht

