Timing Violation Report Min Delay Analysis

SmartTime Version v12.6
Microsemi Corporation - Microsemi Libero Software Release v12.6 (Version 12.900.20.24)
Date: Wed May  5 04:14:36 2021


Design: top
Family: PolarFire
Die: MPF300T
Package: FCVG484
Temperature Range: 0 - 100 C
Voltage Range: 0.97 - 1.03 V
Speed Grade: -1
Design State: Post-Layout
Data source: Production
Multi Corner Report Operating Conditions: slow_lv_ht, slow_lv_lt, fast_hv_lt
Scenario for Timing Analysis: timing_analysis


*** IMPORTANT RECOMMENDATION *** If you haven't done so, it is highly recommended to add clock jitter information for each clock domain into Libero SoC through clock uncertainty SDC timing constraints. Please refer to the Libero SoC v12.5 release notes for more details.

Path 1
  From: PF_DDR4_SS_0/MSC_i_0/MSC_i_1/MSC_i_8/MSC_i_10/wr_data_delay_fifo_rd_data_reg[29]:CLK
  To:   PF_DDR4_SS_0/MSC_i_0/MSC_i_1/MSC_i_8/MSC_i_10/wr_data_packed[93]:D
  Delay (ns):              0.293
  Slack (ns):              0.028
  Arrival (ns):            8.020
  Required (ns):           7.992
  Operating Conditions: slow_lv_lt

Path 2
  From: PF_DDR4_SS_0/MSC_i_0/MSC_i_1/MSC_i_8/MSC_i_10/wr_data_delay_fifo_rd_data_reg[44]:CLK
  To:   PF_DDR4_SS_0/MSC_i_0/MSC_i_1/MSC_i_8/MSC_i_10/wr_data_packed[108]:D
  Delay (ns):              0.304
  Slack (ns):              0.039
  Arrival (ns):            8.030
  Required (ns):           7.991
  Operating Conditions: slow_lv_lt

Path 3
  From: PF_DDR4_SS_0/MSC_i_0/MSC_i_1/MSC_i_8/MSC_i_10/wr_data_delay_fifo_rd_data_reg[14]:CLK
  To:   PF_DDR4_SS_0/MSC_i_0/MSC_i_1/MSC_i_8/MSC_i_10/wr_data_packed[78]:D
  Delay (ns):              0.310
  Slack (ns):              0.041
  Arrival (ns):            8.041
  Required (ns):           8.000
  Operating Conditions: slow_lv_lt

Path 4
  From: PF_DDR4_SS_0/MSC_i_0/MSC_i_1/MSC_i_8/MSC_i_10/wr_data_delay_fifo_rd_data_reg[14]:CLK
  To:   PF_DDR4_SS_0/MSC_i_0/MSC_i_1/MSC_i_8/MSC_i_10/wr_data_packed[14]:D
  Delay (ns):              0.310
  Slack (ns):              0.041
  Arrival (ns):            8.041
  Required (ns):           8.000
  Operating Conditions: slow_lv_lt

Path 5
  From: PF_DDR4_SS_0/MSC_i_0/MSC_i_1/MSC_i_8/MSC_i_10/MSC_i_107/MSC_i_108/MSC_i_124/MSC_i_126/MSC_i_131/s0:CLK
  To:   PF_DDR4_SS_0/MSC_i_0/MSC_i_1/MSC_i_8/MSC_i_10/MSC_i_107/MSC_i_108/MSC_i_124/MSC_i_126/MSC_i_131/s1:D
  Delay (ns):              0.305
  Slack (ns):              0.041
  Arrival (ns):            8.055
  Required (ns):           8.014
  Operating Conditions: slow_lv_lt

Path 6
  From: PF_DDR4_SS_0/MSC_i_0/MSC_i_1/MSC_i_8/MSC_i_10/wr_data_delay_fifo_rd_data_reg[43]:CLK
  To:   PF_DDR4_SS_0/MSC_i_0/MSC_i_1/MSC_i_8/MSC_i_10/wr_data_packed[107]:D
  Delay (ns):              0.309
  Slack (ns):              0.045
  Arrival (ns):            8.036
  Required (ns):           7.991
  Operating Conditions: slow_lv_lt

Path 7
  From: PF_DDR4_SS_0/MSC_i_0/MSC_i_1/MSC_i_8/MSC_i_10/wr_data_delay_fifo_rd_data_reg[35]:CLK
  To:   PF_DDR4_SS_0/MSC_i_0/MSC_i_1/MSC_i_8/MSC_i_10/wr_data_packed[99]:D
  Delay (ns):              0.310
  Slack (ns):              0.045
  Arrival (ns):            8.037
  Required (ns):           7.992
  Operating Conditions: slow_lv_lt

Path 8
  From: PF_DDR4_SS_0/MSC_i_0/MSC_i_1/MSC_i_8/MSC_i_10/wr_data_delay_fifo_rd_data_reg[50]:CLK
  To:   PF_DDR4_SS_0/MSC_i_0/MSC_i_1/MSC_i_8/MSC_i_10/wr_data_packed[114]:D
  Delay (ns):              0.312
  Slack (ns):              0.047
  Arrival (ns):            8.039
  Required (ns):           7.992
  Operating Conditions: slow_lv_lt

Path 9
  From: PF_DDR4_SS_0/MSC_i_0/MSC_i_1/MSC_i_8/MSC_i_10/wr_data_delay_fifo_rd_data_reg[45]:CLK
  To:   PF_DDR4_SS_0/MSC_i_0/MSC_i_1/MSC_i_8/MSC_i_10/wr_data_packed[109]:D
  Delay (ns):              0.312
  Slack (ns):              0.047
  Arrival (ns):            8.038
  Required (ns):           7.991
  Operating Conditions: slow_lv_lt

Path 10
  From: PF_DDR4_SS_0/MSC_i_0/MSC_i_1/MSC_i_8/MSC_i_10/wr_data_delay_fifo_rd_data_reg[26]:CLK
  To:   PF_DDR4_SS_0/MSC_i_0/MSC_i_1/MSC_i_8/MSC_i_10/wr_data_packed[90]:D
  Delay (ns):              0.312
  Slack (ns):              0.047
  Arrival (ns):            8.038
  Required (ns):           7.991
  Operating Conditions: slow_lv_lt

Path 11
  From: PF_DDR4_SS_0/MSC_i_0/MSC_i_1/MSC_i_8/MSC_i_10/wr_data_delay_fifo_rd_data_reg[61]:CLK
  To:   PF_DDR4_SS_0/MSC_i_0/MSC_i_1/MSC_i_8/MSC_i_10/wr_data_packed[125]:D
  Delay (ns):              0.311
  Slack (ns):              0.048
  Arrival (ns):            8.045
  Required (ns):           7.997
  Operating Conditions: slow_lv_lt

Path 12
  From: PF_DDR4_SS_0/MSC_i_0/MSC_i_1/MSC_i_8/MSC_i_10/wr_data_delay_fifo_rd_data_reg[34]:CLK
  To:   PF_DDR4_SS_0/MSC_i_0/MSC_i_1/MSC_i_8/MSC_i_10/wr_data_packed[98]:D
  Delay (ns):              0.314
  Slack (ns):              0.049
  Arrival (ns):            8.041
  Required (ns):           7.992
  Operating Conditions: slow_lv_lt

Path 13
  From: PF_DDR4_SS_0/MSC_i_0/MSC_i_1/MSC_i_8/MSC_i_10/wr_data_delay_fifo_rd_data_reg[56]:CLK
  To:   PF_DDR4_SS_0/MSC_i_0/MSC_i_1/MSC_i_8/MSC_i_10/wr_data_packed[120]:D
  Delay (ns):              0.314
  Slack (ns):              0.050
  Arrival (ns):            8.047
  Required (ns):           7.997
  Operating Conditions: slow_lv_lt

Path 14
  From: PF_DDR4_SS_0/MSC_i_0/MSC_i_1/MSC_i_8/MSC_i_10/wr_data_delay_fifo_rd_data_reg[53]:CLK
  To:   PF_DDR4_SS_0/MSC_i_0/MSC_i_1/MSC_i_8/MSC_i_10/wr_data_packed[53]:D
  Delay (ns):              0.213
  Slack (ns):              0.050
  Arrival (ns):            5.875
  Required (ns):           5.825
  Operating Conditions: fast_hv_lt

Path 15
  From: AXI4_Interconnect_0/AXI4_Interconnect_0/axicb/cb.arcon/trgmx/slaveAADDR[16]:CLK
  To:   AXI4_Interconnect_0/AXI4_Interconnect_0/SlvConvertor_loop[0].slvcnv/rgsl/genblk2.arrs/holdDat[47]:D
  Delay (ns):              0.214
  Slack (ns):              0.050
  Arrival (ns):            5.890
  Required (ns):           5.840
  Operating Conditions: fast_hv_lt

Path 16
  From: CoreDMA_IO_CTRL_0/UART_SD_0/pattern_gen_checker_0/araddr_o[31]:CLK
  To:   AXI4_Interconnect_0/AXI4_Interconnect_0/MstConvertor_loop[2].mstrconv/rgsl/genblk2.arrs/holdDat[62]:D
  Delay (ns):              0.324
  Slack (ns):              0.051
  Arrival (ns):            8.062
  Required (ns):           8.011
  Operating Conditions: slow_lv_lt

Path 17
  From: PF_DDR4_SS_0/DDRPHY_BLK_0/IOD_TRAINING_0/COREDDR_TIP_INT_U/u_register_bank/pipelined_generate_block.IOG_DQ_TXDATA_OUT[18]:CLK
  To:   PF_DDR4_SS_0/DDRPHY_BLK_0/IOD_TRAINING_0/COREDDR_TIP_INT_U/TIP_CTRL_BLK/PHY_SIG_MOD/iog_dq_txdata_in_reg[18]:D
  Delay (ns):              0.314
  Slack (ns):              0.052
  Arrival (ns):            8.048
  Required (ns):           7.996
  Operating Conditions: slow_lv_lt

Path 18
  From: PF_DDR4_SS_0/MSC_i_0/MSC_i_1/MSC_i_8/MSC_i_10/wr_data_delay_fifo_rd_data_reg[54]:CLK
  To:   PF_DDR4_SS_0/MSC_i_0/MSC_i_1/MSC_i_8/MSC_i_10/wr_data_packed[118]:D
  Delay (ns):              0.212
  Slack (ns):              0.053
  Arrival (ns):            5.869
  Required (ns):           5.816
  Operating Conditions: fast_hv_lt

Path 19
  From: CoreDMA_IO_CTRL_0/UART_SD_0/pattern_gen_checker_0/araddr_o[28]:CLK
  To:   AXI4_Interconnect_0/AXI4_Interconnect_0/MstConvertor_loop[2].mstrconv/rgsl/genblk2.arrs/holdDat[59]:D
  Delay (ns):              0.213
  Slack (ns):              0.053
  Arrival (ns):            5.891
  Required (ns):           5.838
  Operating Conditions: fast_hv_lt

Path 20
  From: PF_DDR4_SS_0/MSC_i_0/MSC_i_1/MSC_i_8/MSC_i_10/wr_data_delay_fifo_rd_data_reg[30]:CLK
  To:   PF_DDR4_SS_0/MSC_i_0/MSC_i_1/MSC_i_8/MSC_i_10/wr_data_packed[94]:D
  Delay (ns):              0.214
  Slack (ns):              0.055
  Arrival (ns):            5.871
  Required (ns):           5.816
  Operating Conditions: fast_hv_lt

Path 21
  From: PF_DDR4_SS_0/MSC_i_0/MSC_i_1/MSC_i_8/MSC_i_10/wr_data_delay_fifo_rd_data_reg[27]:CLK
  To:   PF_DDR4_SS_0/MSC_i_0/MSC_i_1/MSC_i_8/MSC_i_10/wr_data_packed[91]:D
  Delay (ns):              0.213
  Slack (ns):              0.056
  Arrival (ns):            5.870
  Required (ns):           5.814
  Operating Conditions: fast_hv_lt

Path 22
  From: PF_DDR4_SS_0/MSC_i_0/MSC_i_1/MSC_i_8/MSC_i_10/wr_data_delay_fifo_rd_data_reg[21]:CLK
  To:   PF_DDR4_SS_0/MSC_i_0/MSC_i_1/MSC_i_8/MSC_i_10/wr_data_packed[85]:D
  Delay (ns):              0.208
  Slack (ns):              0.057
  Arrival (ns):            5.865
  Required (ns):           5.808
  Operating Conditions: fast_hv_lt

Path 23
  From: CoreDMA_IO_CTRL_0/CoreAXI4_Lite_0/CoreAXI4_Lite_0/MstConvertor_loop[0].mstrconv/rgsl/genblk4.wrs/sDat[15]:CLK
  To:   CoreDMA_IO_CTRL_0/CoreAXI4_Lite_0/CoreAXI4_Lite_0/SlvConvertor_loop[0].slvcnv/rgsl/genblk4.wrs/holdDat[15]:D
  Delay (ns):              0.215
  Slack (ns):              0.063
  Arrival (ns):            5.852
  Required (ns):           5.789
  Operating Conditions: fast_hv_lt

Path 24
  From: PF_DDR4_SS_0/MSC_i_0/MSC_i_1/MSC_i_8/MSC_i_273/dfi_reset_n_r2:CLK
  To:   PF_DDR4_SS_0/DDRPHY_BLK_0/IOD_TRAINING_0/COREDDR_TIP_INT_U/u_register_bank/pipelined_generate_block.DFI_RESET_N_P0_OUT:D
  Delay (ns):              0.147
  Slack (ns):              0.070
  Arrival (ns):            5.820
  Required (ns):           5.750
  Operating Conditions: fast_hv_lt

Path 25
  From: PF_DDR4_SS_0/MSC_i_0/MSC_i_1/MSC_i_8/MSC_i_273/dfi_address_r2[11]:CLK
  To:   PF_DDR4_SS_0/DDRPHY_BLK_0/IOD_TRAINING_0/COREDDR_TIP_INT_U/u_register_bank/pipelined_generate_block.DFI_ADDRESS_P0_OUT[11]:D
  Delay (ns):              0.147
  Slack (ns):              0.070
  Arrival (ns):            5.832
  Required (ns):           5.762
  Operating Conditions: fast_hv_lt

Path 26
  From: PF_DDR4_SS_0/MSC_i_0/MSC_i_1/MSC_i_8/MSC_i_169/gen_fr4.DFI_WRDATA_ALIGN_eq_0.dfi_wrdata_p3_po_r1[12]:CLK
  To:   PF_DDR4_SS_0/MSC_i_0/MSC_i_1/MSC_i_8/MSC_i_272/data_shifter_gen[1].data_shifter[1][52]:D
  Delay (ns):              0.146
  Slack (ns):              0.070
  Arrival (ns):            5.827
  Required (ns):           5.757
  Operating Conditions: fast_hv_lt

Path 27
  From: PF_DDR4_SS_0/MSC_i_0/MSC_i_1/MSC_i_8/MSC_i_169/gen_fr4.DFI_WRDATA_ALIGN_eq_0.dfi_wrdata_p2_po_r1[19]:CLK
  To:   PF_DDR4_SS_0/MSC_i_0/MSC_i_1/MSC_i_8/MSC_i_272/data_shifter_gen[1].data_shifter[1][91]:D
  Delay (ns):              0.146
  Slack (ns):              0.070
  Arrival (ns):            5.811
  Required (ns):           5.741
  Operating Conditions: fast_hv_lt

Path 28
  From: PF_DDR4_SS_0/MSC_i_0/MSC_i_1/MSC_i_8/MSC_i_140/MSC_i_141/MSC_i_161/data_shifter_gen[22].data_shifter[22][0]:CLK
  To:   PF_DDR4_SS_0/MSC_i_0/MSC_i_1/MSC_i_8/MSC_i_140/MSC_i_141/MSC_i_161/data_shifter_gen[21].data_shifter[21][0]:D
  Delay (ns):              0.147
  Slack (ns):              0.070
  Arrival (ns):            5.832
  Required (ns):           5.762
  Operating Conditions: fast_hv_lt

Path 29
  From: PF_DDR4_SS_0/MSC_i_0/MSC_i_1/MSC_i_8/MSC_i_140/MSC_i_141/MSC_i_157/data_shifter_gen[32].data_shifter[32][1]:CLK
  To:   PF_DDR4_SS_0/MSC_i_0/MSC_i_1/MSC_i_8/MSC_i_140/MSC_i_141/MSC_i_157/data_shifter_gen[31].data_shifter[31][1]:D
  Delay (ns):              0.146
  Slack (ns):              0.070
  Arrival (ns):            5.827
  Required (ns):           5.757
  Operating Conditions: fast_hv_lt

Path 30
  From: PF_DDR4_SS_0/MSC_i_0/MSC_i_1/MSC_i_8/MSC_i_140/MSC_i_141/MSC_i_157/data_shifter_gen[16].data_shifter[16][1]:CLK
  To:   PF_DDR4_SS_0/MSC_i_0/MSC_i_1/MSC_i_8/MSC_i_140/MSC_i_141/MSC_i_157/data_shifter_gen[15].data_shifter[15][1]:D
  Delay (ns):              0.147
  Slack (ns):              0.070
  Arrival (ns):            5.829
  Required (ns):           5.759
  Operating Conditions: fast_hv_lt

Path 31
  From: PF_DDR4_SS_0/MSC_i_0/MSC_i_1/MSC_i_8/MSC_i_140/MSC_i_141/MSC_i_157/data_shifter_gen[13].data_shifter[13][1]:CLK
  To:   PF_DDR4_SS_0/MSC_i_0/MSC_i_1/MSC_i_8/MSC_i_140/MSC_i_141/MSC_i_157/data_shifter_gen[12].data_shifter[12][1]:D
  Delay (ns):              0.147
  Slack (ns):              0.070
  Arrival (ns):            5.829
  Required (ns):           5.759
  Operating Conditions: fast_hv_lt

Path 32
  From: PF_DDR4_SS_0/MSC_i_0/MSC_i_1/MSC_i_8/MSC_i_140/MSC_i_141/MSC_i_149/lat_n0.resettable.data_shifter_2_[0]:CLK
  To:   PF_DDR4_SS_0/MSC_i_0/MSC_i_1/MSC_i_8/MSC_i_273/dfi_we_n_r1:D
  Delay (ns):              0.147
  Slack (ns):              0.070
  Arrival (ns):            5.828
  Required (ns):           5.758
  Operating Conditions: fast_hv_lt

Path 33
  From: PF_DDR4_SS_0/MSC_i_0/MSC_i_1/MSC_i_8/MSC_i_10/MSC_i_75/MSC_i_76/MSC_i_92/MSC_i_94/MSC_i_98/s0:CLK
  To:   PF_DDR4_SS_0/MSC_i_0/MSC_i_1/MSC_i_8/MSC_i_10/MSC_i_75/MSC_i_76/MSC_i_92/MSC_i_94/MSC_i_98/s1:D
  Delay (ns):              0.147
  Slack (ns):              0.070
  Arrival (ns):            5.826
  Required (ns):           5.756
  Operating Conditions: fast_hv_lt

Path 34
  From: PF_DDR4_SS_0/MSC_i_0/MSC_i_1/MSC_i_8/MSC_i_10/MSC_i_75/MSC_i_76/MSC_i_78/MSC_i_80/MSC_i_87/s0:CLK
  To:   PF_DDR4_SS_0/MSC_i_0/MSC_i_1/MSC_i_8/MSC_i_10/MSC_i_75/MSC_i_76/MSC_i_78/MSC_i_80/MSC_i_87/s1:D
  Delay (ns):              0.147
  Slack (ns):              0.070
  Arrival (ns):            5.827
  Required (ns):           5.757
  Operating Conditions: fast_hv_lt

Path 35
  From: PF_DDR4_SS_0/MSC_i_0/MSC_i_1/MSC_i_8/MSC_i_10/MSC_i_23/MSC_i_24/MSC_i_26/MSC_i_28/MSC_i_37/s0:CLK
  To:   PF_DDR4_SS_0/MSC_i_0/MSC_i_1/MSC_i_8/MSC_i_10/MSC_i_23/MSC_i_24/MSC_i_26/MSC_i_28/MSC_i_37/s1:D
  Delay (ns):              0.147
  Slack (ns):              0.070
  Arrival (ns):            5.808
  Required (ns):           5.738
  Operating Conditions: fast_hv_lt

Path 36
  From: PF_DDR4_SS_0/DDRPHY_BLK_0/IOD_TRAINING_0/COREDDR_TIP_INT_U/TIP_CTRL_BLK/LEVELLING/IOG_IF/load_int[0]:CLK
  To:   PF_DDR4_SS_0/DDRPHY_BLK_0/IOD_TRAINING_0/COREDDR_TIP_INT_U/LOAD[0]:D
  Delay (ns):              0.146
  Slack (ns):              0.070
  Arrival (ns):            5.813
  Required (ns):           5.743
  Operating Conditions: fast_hv_lt

Path 37
  From: CoreDMA_IO_CTRL_0/UART_SD_0/cmd_ctrlr_0/clk_count2[8]:CLK
  To:   CoreDMA_IO_CTRL_0/UART_SD_0/cmd_ctrlr_0/clk_cnt[5][0]:D
  Delay (ns):              0.147
  Slack (ns):              0.070
  Arrival (ns):            5.810
  Required (ns):           5.740
  Operating Conditions: fast_hv_lt

Path 38
  From: PF_DDR4_SS_0/MSC_i_0/MSC_i_1/MSC_i_8/MSC_i_169/gen_fr4.DFI_WRDATA_ALIGN_eq_0.dfi_wrdata_p3_po_r1[2]:CLK
  To:   PF_DDR4_SS_0/MSC_i_0/MSC_i_1/MSC_i_8/MSC_i_272/data_shifter_gen[1].data_shifter[1][42]:D
  Delay (ns):              0.147
  Slack (ns):              0.071
  Arrival (ns):            5.827
  Required (ns):           5.756
  Operating Conditions: fast_hv_lt

Path 39
  From: PF_DDR4_SS_0/MSC_i_0/MSC_i_1/MSC_i_8/MSC_i_169/gen_fr4.DFI_WRDATA_ALIGN_eq_0.dfi_wrdata_p3_po_r1[15]:CLK
  To:   PF_DDR4_SS_0/MSC_i_0/MSC_i_1/MSC_i_8/MSC_i_272/data_shifter_gen[1].data_shifter[1][55]:D
  Delay (ns):              0.147
  Slack (ns):              0.071
  Arrival (ns):            5.794
  Required (ns):           5.723
  Operating Conditions: fast_hv_lt

Path 40
  From: PF_DDR4_SS_0/MSC_i_0/MSC_i_1/MSC_i_8/MSC_i_140/MSC_i_141/MSC_i_157/data_shifter_gen[37].data_shifter[37][1]:CLK
  To:   PF_DDR4_SS_0/MSC_i_0/MSC_i_1/MSC_i_8/MSC_i_140/MSC_i_141/MSC_i_157/data_shifter_gen[36].data_shifter[36][1]:D
  Delay (ns):              0.147
  Slack (ns):              0.071
  Arrival (ns):            5.828
  Required (ns):           5.757
  Operating Conditions: fast_hv_lt

Path 41
  From: PF_DDR4_SS_0/MSC_i_0/MSC_i_1/MSC_i_8/MSC_i_10/cmd_fifo_wr_data_reg3[30]:CLK
  To:   PF_DDR4_SS_0/MSC_i_0/MSC_i_1/MSC_i_8/MSC_i_10/cmd_fifo_wr_data_reg4[30]:D
  Delay (ns):              0.147
  Slack (ns):              0.071
  Arrival (ns):            5.827
  Required (ns):           5.756
  Operating Conditions: fast_hv_lt

Path 42
  From: PF_DDR4_SS_0/MSC_i_0/MSC_i_1/MSC_i_8/MSC_i_10/cmd_fifo_wr_data_reg3[27]:CLK
  To:   PF_DDR4_SS_0/MSC_i_0/MSC_i_1/MSC_i_8/MSC_i_10/cmd_fifo_wr_data_reg4[27]:D
  Delay (ns):              0.147
  Slack (ns):              0.071
  Arrival (ns):            5.827
  Required (ns):           5.756
  Operating Conditions: fast_hv_lt

Path 43
  From: PF_DDR4_SS_0/MSC_i_0/MSC_i_1/MSC_i_8/MSC_i_273/dfi_bank_r2[2]:CLK
  To:   PF_DDR4_SS_0/DDRPHY_BLK_0/IOD_TRAINING_0/COREDDR_TIP_INT_U/u_register_bank/pipelined_generate_block.DFI_BG_P0_OUT[0]:D
  Delay (ns):              0.148
  Slack (ns):              0.072
  Arrival (ns):            5.826
  Required (ns):           5.754
  Operating Conditions: fast_hv_lt

Path 44
  From: PF_DDR4_SS_0/MSC_i_0/MSC_i_1/MSC_i_8/MSC_i_272/data_shifter_gen[1].data_shifter[1][40]:CLK
  To:   PF_DDR4_SS_0/DDRPHY_BLK_0/IOD_TRAINING_0/COREDDR_TIP_INT_U/u_register_bank/pipelined_generate_block.IOG_DQ_TXDATA_OUT[4]:D
  Delay (ns):              0.148
  Slack (ns):              0.072
  Arrival (ns):            5.811
  Required (ns):           5.739
  Operating Conditions: fast_hv_lt

Path 45
  From: PF_DDR4_SS_0/MSC_i_0/MSC_i_1/MSC_i_8/MSC_i_140/MSC_i_141/MSC_i_161/data_shifter_gen[25].data_shifter[25][0]:CLK
  To:   PF_DDR4_SS_0/MSC_i_0/MSC_i_1/MSC_i_8/MSC_i_140/MSC_i_141/MSC_i_161/data_shifter_gen[24].data_shifter[24][0]:D
  Delay (ns):              0.150
  Slack (ns):              0.072
  Arrival (ns):            5.835
  Required (ns):           5.763
  Operating Conditions: fast_hv_lt

Path 46
  From: PF_DDR4_SS_0/MSC_i_0/MSC_i_1/MSC_i_8/MSC_i_140/MSC_i_141/MSC_i_161/data_shifter_gen[13].data_shifter[13][1]:CLK
  To:   PF_DDR4_SS_0/MSC_i_0/MSC_i_1/MSC_i_8/MSC_i_140/MSC_i_141/MSC_i_161/data_shifter_gen[12].data_shifter[12][1]:D
  Delay (ns):              0.148
  Slack (ns):              0.072
  Arrival (ns):            5.851
  Required (ns):           5.779
  Operating Conditions: fast_hv_lt

Path 47
  From: PF_DDR4_SS_0/MSC_i_0/MSC_i_1/MSC_i_8/MSC_i_140/MSC_i_141/MSC_i_156/lat_n0.resettable.data_shifter_1_[108]:CLK
  To:   PF_DDR4_SS_0/MSC_i_0/MSC_i_1/MSC_i_8/MSC_i_140/MSC_i_141/MSC_i_156/lat_n0.resettable.data_shifter_2_[108]:D
  Delay (ns):              0.148
  Slack (ns):              0.072
  Arrival (ns):            5.826
  Required (ns):           5.754
  Operating Conditions: fast_hv_lt

Path 48
  From: PF_DDR4_SS_0/MSC_i_0/MSC_i_1/MSC_i_8/MSC_i_140/MSC_i_141/MSC_i_149/lat_n0.resettable.data_shifter_1_[4]:CLK
  To:   PF_DDR4_SS_0/MSC_i_0/MSC_i_1/MSC_i_8/MSC_i_140/MSC_i_141/MSC_i_149/lat_n0.resettable.data_shifter_2_[4]:D
  Delay (ns):              0.148
  Slack (ns):              0.072
  Arrival (ns):            5.825
  Required (ns):           5.753
  Operating Conditions: fast_hv_lt

Path 49
  From: PF_DDR4_SS_0/MSC_i_0/MSC_i_1/MSC_i_8/MSC_i_10/cmd_fifo_wr_data_reg3[29]:CLK
  To:   PF_DDR4_SS_0/MSC_i_0/MSC_i_1/MSC_i_8/MSC_i_10/cmd_fifo_wr_data_reg4[29]:D
  Delay (ns):              0.148
  Slack (ns):              0.072
  Arrival (ns):            5.827
  Required (ns):           5.755
  Operating Conditions: fast_hv_lt

Path 50
  From: AXI4_Interconnect_0/AXI4_Interconnect_0/SlvConvertor_loop[2].slvcnv/slvCDC/genblk1.cdc_RChan/wrPtr_s1[0]:CLK
  To:   AXI4_Interconnect_0/AXI4_Interconnect_0/SlvConvertor_loop[2].slvcnv/slvCDC/genblk1.cdc_RChan/wrPtr_s2[0]:D
  Delay (ns):              0.148
  Slack (ns):              0.072
  Arrival (ns):            5.821
  Required (ns):           5.749
  Operating Conditions: fast_hv_lt

Path 51
  From: PF_DDR4_SS_0/MSC_i_0/MSC_i_1/MSC_i_8/MSC_i_140/MSC_i_141/MSC_i_161/data_shifter_gen[17].data_shifter[17][0]:CLK
  To:   PF_DDR4_SS_0/MSC_i_0/MSC_i_1/MSC_i_8/MSC_i_140/MSC_i_141/MSC_i_161/data_shifter_gen[16].data_shifter[16][0]:D
  Delay (ns):              0.150
  Slack (ns):              0.073
  Arrival (ns):            5.835
  Required (ns):           5.762
  Operating Conditions: fast_hv_lt

Path 52
  From: PF_DDR4_SS_0/MSC_i_0/MSC_i_1/MSC_i_8/MSC_i_140/MSC_i_141/MSC_i_149/lat_n0.resettable.data_shifter_1_[1]:CLK
  To:   PF_DDR4_SS_0/MSC_i_0/MSC_i_1/MSC_i_8/MSC_i_140/MSC_i_141/MSC_i_149/lat_n0.resettable.data_shifter_2_[1]:D
  Delay (ns):              0.148
  Slack (ns):              0.073
  Arrival (ns):            5.828
  Required (ns):           5.755
  Operating Conditions: fast_hv_lt

Path 53
  From: PF_DDR4_SS_0/MSC_i_0/MSC_i_1/MSC_i_8/MSC_i_10/cmd_fifo_wr_data_reg1[43]:CLK
  To:   PF_DDR4_SS_0/MSC_i_0/MSC_i_1/MSC_i_8/MSC_i_10/cmd_fifo_wr_data_reg2[43]:D
  Delay (ns):              0.190
  Slack (ns):              0.073
  Arrival (ns):            5.862
  Required (ns):           5.789
  Operating Conditions: fast_hv_lt

Path 54
  From: CoreDMA_IO_CTRL_0/UART_SD_0/pattern_gen_checker_0/wdata_int_u[0]:CLK
  To:   CoreDMA_IO_CTRL_0/UART_SD_0/pattern_gen_checker_0/wdata_o[32]:D
  Delay (ns):              0.149
  Slack (ns):              0.073
  Arrival (ns):            5.812
  Required (ns):           5.739
  Operating Conditions: fast_hv_lt

Path 55
  From: AXI4_Interconnect_0/AXI4_Interconnect_0/SlvConvertor_loop[4].slvcnv/rgsl/genblk2.arrs/sDat[24]:CLK
  To:   PF_DDR4_SS_0/MSC_i_0/MSC_i_1/MSC_i_8/MSC_i_10/arlen_r1[1]:D
  Delay (ns):              0.150
  Slack (ns):              0.073
  Arrival (ns):            5.828
  Required (ns):           5.755
  Operating Conditions: fast_hv_lt

Path 56
  From: AXI4_Interconnect_0/AXI4_Interconnect_0/SlvConvertor_loop[4].slvcnv/rgsl/genblk1.awrs/sDat[36]:CLK
  To:   PF_DDR4_SS_0/MSC_i_0/MSC_i_1/MSC_i_8/MSC_i_10/awaddr_r1[5]:D
  Delay (ns):              0.149
  Slack (ns):              0.073
  Arrival (ns):            5.826
  Required (ns):           5.753
  Operating Conditions: fast_hv_lt

Path 57
  From: PF_DDR4_SS_0/MSC_i_0/MSC_i_1/MSC_i_8/MSC_i_273/dfi_cas_n_r2:CLK
  To:   PF_DDR4_SS_0/DDRPHY_BLK_0/IOD_TRAINING_0/COREDDR_TIP_INT_U/u_register_bank/pipelined_generate_block.DFI_CAS_N_P0_OUT:D
  Delay (ns):              0.150
  Slack (ns):              0.074
  Arrival (ns):            5.832
  Required (ns):           5.758
  Operating Conditions: fast_hv_lt

Path 58
  From: PF_DDR4_SS_0/MSC_i_0/MSC_i_1/MSC_i_8/MSC_i_273/dfi_address_r1[4]:CLK
  To:   PF_DDR4_SS_0/DDRPHY_BLK_0/IOD_TRAINING_0/COREDDR_TIP_INT_U/u_register_bank/pipelined_generate_block.DFI_ADDRESS_P2_OUT[4]:D
  Delay (ns):              0.151
  Slack (ns):              0.074
  Arrival (ns):            5.833
  Required (ns):           5.759
  Operating Conditions: fast_hv_lt

Path 59
  From: PF_DDR4_SS_0/MSC_i_0/MSC_i_1/MSC_i_8/MSC_i_169/MSC_i_232/fr4.dfi_in_p3_r:CLK
  To:   PF_DDR4_SS_0/MSC_i_0/MSC_i_1/MSC_i_8/MSC_i_272/data_shifter_gen[1].data_shifter[1][108]:D
  Delay (ns):              0.150
  Slack (ns):              0.074
  Arrival (ns):            5.822
  Required (ns):           5.748
  Operating Conditions: fast_hv_lt

Path 60
  From: PF_DDR4_SS_0/MSC_i_0/MSC_i_1/MSC_i_8/MSC_i_140/MSC_i_141/MSC_i_161/data_shifter_gen[39].data_shifter[39][0]:CLK
  To:   PF_DDR4_SS_0/MSC_i_0/MSC_i_1/MSC_i_8/MSC_i_140/MSC_i_141/MSC_i_161/data_shifter_gen[38].data_shifter[38][0]:D
  Delay (ns):              0.150
  Slack (ns):              0.074
  Arrival (ns):            5.837
  Required (ns):           5.763
  Operating Conditions: fast_hv_lt

Path 61
  From: PF_DDR4_SS_0/MSC_i_0/MSC_i_1/MSC_i_8/MSC_i_140/MSC_i_141/MSC_i_161/data_shifter_gen[21].data_shifter[21][0]:CLK
  To:   PF_DDR4_SS_0/MSC_i_0/MSC_i_1/MSC_i_8/MSC_i_140/MSC_i_141/MSC_i_161/data_shifter_gen[20].data_shifter[20][0]:D
  Delay (ns):              0.150
  Slack (ns):              0.074
  Arrival (ns):            5.836
  Required (ns):           5.762
  Operating Conditions: fast_hv_lt

Path 62
  From: PF_DDR4_SS_0/MSC_i_0/MSC_i_1/MSC_i_8/MSC_i_140/MSC_i_141/MSC_i_157/data_shifter_gen[34].data_shifter[34][1]:CLK
  To:   PF_DDR4_SS_0/MSC_i_0/MSC_i_1/MSC_i_8/MSC_i_140/MSC_i_141/MSC_i_157/data_shifter_gen[33].data_shifter[33][1]:D
  Delay (ns):              0.150
  Slack (ns):              0.074
  Arrival (ns):            5.831
  Required (ns):           5.757
  Operating Conditions: fast_hv_lt

Path 63
  From: PF_DDR4_SS_0/MSC_i_0/MSC_i_1/MSC_i_8/MSC_i_140/MSC_i_141/MSC_i_157/data_shifter_gen[14].data_shifter[14][1]:CLK
  To:   PF_DDR4_SS_0/MSC_i_0/MSC_i_1/MSC_i_8/MSC_i_140/MSC_i_141/MSC_i_157/data_shifter_gen[13].data_shifter[13][1]:D
  Delay (ns):              0.150
  Slack (ns):              0.074
  Arrival (ns):            5.832
  Required (ns):           5.758
  Operating Conditions: fast_hv_lt

Path 64
  From: PF_DDR4_SS_0/MSC_i_0/MSC_i_1/MSC_i_8/MSC_i_140/MSC_i_141/MSC_i_156/lat_n0.resettable.data_shifter_2_[108]:CLK
  To:   PF_DDR4_SS_0/MSC_i_0/MSC_i_1/MSC_i_8/MSC_i_273/dfi_bank_r1[2]:D
  Delay (ns):              0.150
  Slack (ns):              0.074
  Arrival (ns):            5.828
  Required (ns):           5.754
  Operating Conditions: fast_hv_lt

Path 65
  From: PF_DDR4_SS_0/MSC_i_0/MSC_i_1/MSC_i_8/MSC_i_140/MSC_i_141/MSC_i_149/lat_n0.resettable.data_shifter_2_[4]:CLK
  To:   PF_DDR4_SS_0/MSC_i_0/MSC_i_1/MSC_i_8/MSC_i_273/dfi_cs_n_r1[0]:D
  Delay (ns):              0.150
  Slack (ns):              0.074
  Arrival (ns):            5.827
  Required (ns):           5.753
  Operating Conditions: fast_hv_lt

Path 66
  From: PF_DDR4_SS_0/MSC_i_0/MSC_i_1/MSC_i_8/MSC_i_10/awaddr_r1[20]:CLK
  To:   PF_DDR4_SS_0/MSC_i_0/MSC_i_1/MSC_i_8/MSC_i_10/wr_cmd_wr_data[20]:D
  Delay (ns):              0.151
  Slack (ns):              0.074
  Arrival (ns):            5.828
  Required (ns):           5.754
  Operating Conditions: fast_hv_lt

Path 67
  From: PF_DDR4_SS_0/MSC_i_0/MSC_i_1/MSC_i_8/MSC_i_10/awaddr_r1[15]:CLK
  To:   PF_DDR4_SS_0/MSC_i_0/MSC_i_1/MSC_i_8/MSC_i_10/wr_cmd_wr_data[15]:D
  Delay (ns):              0.151
  Slack (ns):              0.074
  Arrival (ns):            5.827
  Required (ns):           5.753
  Operating Conditions: fast_hv_lt

Path 68
  From: PF_DDR4_SS_0/MSC_i_0/MSC_i_1/MSC_i_8/MSC_i_10/araddr_r1[29]:CLK
  To:   PF_DDR4_SS_0/MSC_i_0/MSC_i_1/MSC_i_8/MSC_i_10/rd_cmd_wr_data[29]:D
  Delay (ns):              0.148
  Slack (ns):              0.074
  Arrival (ns):            5.835
  Required (ns):           5.761
  Operating Conditions: fast_hv_lt

Path 69
  From: PF_DDR4_SS_0/MSC_i_0/MSC_i_1/MSC_i_8/MSC_i_273/dfi_ras_n_r2:CLK
  To:   PF_DDR4_SS_0/DDRPHY_BLK_0/IOD_TRAINING_0/COREDDR_TIP_INT_U/u_register_bank/pipelined_generate_block.DFI_RAS_N_P0_OUT:D
  Delay (ns):              0.152
  Slack (ns):              0.075
  Arrival (ns):            5.829
  Required (ns):           5.754
  Operating Conditions: fast_hv_lt

Path 70
  From: PF_DDR4_SS_0/MSC_i_0/MSC_i_1/MSC_i_8/MSC_i_273/dfi_ras_n_r1:CLK
  To:   PF_DDR4_SS_0/DDRPHY_BLK_0/IOD_TRAINING_0/COREDDR_TIP_INT_U/u_register_bank/pipelined_generate_block.DFI_RAS_N_P1_OUT:D
  Delay (ns):              0.151
  Slack (ns):              0.075
  Arrival (ns):            5.833
  Required (ns):           5.758
  Operating Conditions: fast_hv_lt

Path 71
  From: PF_DDR4_SS_0/MSC_i_0/MSC_i_1/MSC_i_8/MSC_i_273/dfi_address_r1[3]:CLK
  To:   PF_DDR4_SS_0/DDRPHY_BLK_0/IOD_TRAINING_0/COREDDR_TIP_INT_U/u_register_bank/pipelined_generate_block.DFI_ADDRESS_P2_OUT[3]:D
  Delay (ns):              0.152
  Slack (ns):              0.075
  Arrival (ns):            5.837
  Required (ns):           5.762
  Operating Conditions: fast_hv_lt

Path 72
  From: PF_DDR4_SS_0/MSC_i_0/MSC_i_1/MSC_i_8/MSC_i_140/MSC_i_141/MSC_i_157/data_shifter_gen[30].data_shifter[30][1]:CLK
  To:   PF_DDR4_SS_0/MSC_i_0/MSC_i_1/MSC_i_8/MSC_i_140/MSC_i_141/MSC_i_157/data_shifter_gen[29].data_shifter[29][1]:D
  Delay (ns):              0.151
  Slack (ns):              0.075
  Arrival (ns):            5.832
  Required (ns):           5.757
  Operating Conditions: fast_hv_lt

Path 73
  From: PF_DDR4_SS_0/MSC_i_0/MSC_i_1/MSC_i_8/MSC_i_140/MSC_i_141/MSC_i_156/lat_n0.resettable.data_shifter_2_[119]:CLK
  To:   PF_DDR4_SS_0/MSC_i_0/MSC_i_1/MSC_i_8/MSC_i_273/dfi_address_r1[9]:D
  Delay (ns):              0.151
  Slack (ns):              0.075
  Arrival (ns):            5.850
  Required (ns):           5.775
  Operating Conditions: fast_hv_lt

Path 74
  From: PF_DDR4_SS_0/MSC_i_0/MSC_i_1/MSC_i_8/MSC_i_140/MSC_i_141/MSC_i_156/lat_n0.resettable.data_shifter_2_[110]:CLK
  To:   PF_DDR4_SS_0/MSC_i_0/MSC_i_1/MSC_i_8/MSC_i_273/dfi_address_r1[0]:D
  Delay (ns):              0.151
  Slack (ns):              0.075
  Arrival (ns):            5.834
  Required (ns):           5.759
  Operating Conditions: fast_hv_lt

Path 75
  From: PF_DDR4_SS_0/MSC_i_0/MSC_i_1/MSC_i_8/MSC_i_140/MSC_i_141/MSC_i_156/lat_n0.resettable.data_shifter_1_[109]:CLK
  To:   PF_DDR4_SS_0/MSC_i_0/MSC_i_1/MSC_i_8/MSC_i_140/MSC_i_141/MSC_i_156/lat_n0.resettable.data_shifter_2_[109]:D
  Delay (ns):              0.152
  Slack (ns):              0.075
  Arrival (ns):            5.833
  Required (ns):           5.758
  Operating Conditions: fast_hv_lt

Path 76
  From: PF_DDR4_SS_0/MSC_i_0/MSC_i_1/MSC_i_8/MSC_i_140/MSC_i_141/MSC_i_156/lat_n0.resettable.data_shifter_1_[107]:CLK
  To:   PF_DDR4_SS_0/MSC_i_0/MSC_i_1/MSC_i_8/MSC_i_140/MSC_i_141/MSC_i_156/lat_n0.resettable.data_shifter_2_[107]:D
  Delay (ns):              0.151
  Slack (ns):              0.075
  Arrival (ns):            5.851
  Required (ns):           5.776
  Operating Conditions: fast_hv_lt

Path 77
  From: PF_DDR4_SS_0/DDRPHY_BLK_0/IOD_TRAINING_0/COREDDR_TIP_INT_U/u_register_bank/pipelined_generate_block.IOG_DQ_TXDATA_OUT[30]:CLK
  To:   PF_DDR4_SS_0/DDRPHY_BLK_0/IOD_TRAINING_0/COREDDR_TIP_INT_U/TIP_CTRL_BLK/PHY_SIG_MOD/iog_dq_txdata_in_reg[30]:D
  Delay (ns):              0.151
  Slack (ns):              0.075
  Arrival (ns):            5.836
  Required (ns):           5.761
  Operating Conditions: fast_hv_lt

Path 78
  From: AXI4_Interconnect_0/AXI4_Interconnect_0/SlvConvertor_loop[3].slvcnv/rgsl/genblk4.wrs/sDat[25]:CLK
  To:   SRAM_AXI_0/COREAXI4SRAM_0/genblk1.U_SRAM_AXI_COREAXI4SRAM_0_CoreAXI4SRAM_MAINCTRL/genblk1.wdata_sc_r[15]:D
  Delay (ns):              0.152
  Slack (ns):              0.075
  Arrival (ns):            5.827
  Required (ns):           5.752
  Operating Conditions: fast_hv_lt

Path 79
  From: PF_DDR4_SS_0/MSC_i_0/MSC_i_1/MSC_i_8/dfi_rddata_postdbi_r[3]:CLK
  To:   PF_DDR4_SS_0/MSC_i_0/MSC_i_1/MSC_i_8/l_rd_data_to_mp_r[3]:D
  Delay (ns):              0.152
  Slack (ns):              0.076
  Arrival (ns):            5.836
  Required (ns):           5.760
  Operating Conditions: fast_hv_lt

Path 80
  From: PF_DDR4_SS_0/MSC_i_0/MSC_i_1/MSC_i_8/MSC_i_273/dfi_reset_n_r1:CLK
  To:   PF_DDR4_SS_0/DDRPHY_BLK_0/IOD_TRAINING_0/COREDDR_TIP_INT_U/u_register_bank/pipelined_generate_block.DFI_RESET_N_P2_OUT:D
  Delay (ns):              0.152
  Slack (ns):              0.076
  Arrival (ns):            5.825
  Required (ns):           5.749
  Operating Conditions: fast_hv_lt

Path 81
  From: PF_DDR4_SS_0/MSC_i_0/MSC_i_1/MSC_i_8/MSC_i_273/dfi_address_r1[10]:CLK
  To:   PF_DDR4_SS_0/DDRPHY_BLK_0/IOD_TRAINING_0/COREDDR_TIP_INT_U/u_register_bank/pipelined_generate_block.DFI_ADDRESS_P3_OUT[10]:D
  Delay (ns):              0.153
  Slack (ns):              0.076
  Arrival (ns):            5.834
  Required (ns):           5.758
  Operating Conditions: fast_hv_lt

Path 82
  From: PF_DDR4_SS_0/MSC_i_0/MSC_i_1/MSC_i_8/MSC_i_272/data_shifter_gen[1].data_shifter[1][72]:CLK
  To:   PF_DDR4_SS_0/DDRPHY_BLK_0/IOD_TRAINING_0/COREDDR_TIP_INT_U/u_register_bank/pipelined_generate_block.IOG_DQ_TXDATA_OUT[2]:D
  Delay (ns):              0.152
  Slack (ns):              0.076
  Arrival (ns):            5.815
  Required (ns):           5.739
  Operating Conditions: fast_hv_lt

Path 83
  From: PF_DDR4_SS_0/MSC_i_0/MSC_i_1/MSC_i_8/MSC_i_140/MSC_i_141/MSC_i_161/data_shifter_gen[4].data_shifter[4][1]:CLK
  To:   PF_DDR4_SS_0/MSC_i_0/MSC_i_1/MSC_i_8/MSC_i_140/MSC_i_141/MSC_i_161/data_shifter_gen[3].data_shifter[3][1]:D
  Delay (ns):              0.152
  Slack (ns):              0.076
  Arrival (ns):            5.837
  Required (ns):           5.761
  Operating Conditions: fast_hv_lt

Path 84
  From: PF_DDR4_SS_0/MSC_i_0/MSC_i_1/MSC_i_8/MSC_i_140/MSC_i_141/MSC_i_161/data_shifter_gen[35].data_shifter[35][0]:CLK
  To:   PF_DDR4_SS_0/MSC_i_0/MSC_i_1/MSC_i_8/MSC_i_140/MSC_i_141/MSC_i_161/data_shifter_gen[34].data_shifter[34][0]:D
  Delay (ns):              0.152
  Slack (ns):              0.076
  Arrival (ns):            5.839
  Required (ns):           5.763
  Operating Conditions: fast_hv_lt

Path 85
  From: PF_DDR4_SS_0/MSC_i_0/MSC_i_1/MSC_i_8/MSC_i_140/MSC_i_141/MSC_i_157/data_shifter_gen[31].data_shifter[31][1]:CLK
  To:   PF_DDR4_SS_0/MSC_i_0/MSC_i_1/MSC_i_8/MSC_i_140/MSC_i_141/MSC_i_157/data_shifter_gen[30].data_shifter[30][1]:D
  Delay (ns):              0.153
  Slack (ns):              0.076
  Arrival (ns):            5.834
  Required (ns):           5.758
  Operating Conditions: fast_hv_lt

Path 86
  From: PF_DDR4_SS_0/MSC_i_0/MSC_i_1/MSC_i_8/MSC_i_140/MSC_i_141/MSC_i_156/lat_n0.resettable.data_shifter_1_[120]:CLK
  To:   PF_DDR4_SS_0/MSC_i_0/MSC_i_1/MSC_i_8/MSC_i_140/MSC_i_141/MSC_i_156/lat_n0.resettable.data_shifter_2_[120]:D
  Delay (ns):              0.152
  Slack (ns):              0.076
  Arrival (ns):            5.845
  Required (ns):           5.769
  Operating Conditions: fast_hv_lt

Path 87
  From: PF_DDR4_SS_0/MSC_i_0/MSC_i_1/MSC_i_8/MSC_i_10/cmd_fifo_wr_data_reg1[40]:CLK
  To:   PF_DDR4_SS_0/MSC_i_0/MSC_i_1/MSC_i_8/MSC_i_10/cmd_fifo_wr_data_reg2[40]:D
  Delay (ns):              0.193
  Slack (ns):              0.076
  Arrival (ns):            5.865
  Required (ns):           5.789
  Operating Conditions: fast_hv_lt

Path 88
  From: PF_DDR4_SS_0/MSC_i_0/MSC_i_1/MSC_i_8/MSC_i_10/araddr_r1[9]:CLK
  To:   PF_DDR4_SS_0/MSC_i_0/MSC_i_1/MSC_i_8/MSC_i_10/rd_cmd_wr_data[9]:D
  Delay (ns):              0.152
  Slack (ns):              0.076
  Arrival (ns):            5.831
  Required (ns):           5.755
  Operating Conditions: fast_hv_lt

Path 89
  From: PF_DDR4_SS_0/DDRPHY_BLK_0/IOD_TRAINING_0/COREDDR_TIP_INT_U/u_register_bank/pipelined_generate_block.IOG_DQ_TXDATA_OUT[95]:CLK
  To:   PF_DDR4_SS_0/DDRPHY_BLK_0/IOD_TRAINING_0/COREDDR_TIP_INT_U/TIP_CTRL_BLK/PHY_SIG_MOD/iog_dq_txdata_in_reg[95]:D
  Delay (ns):              0.153
  Slack (ns):              0.076
  Arrival (ns):            5.819
  Required (ns):           5.743
  Operating Conditions: fast_hv_lt

Path 90
  From: PF_DDR4_SS_0/DDRPHY_BLK_0/IOD_TRAINING_0/COREDDR_TIP_INT_U/u_register_bank/pipelined_generate_block.IOG_DQ_TXDATA_OUT[79]:CLK
  To:   PF_DDR4_SS_0/DDRPHY_BLK_0/IOD_TRAINING_0/COREDDR_TIP_INT_U/TIP_CTRL_BLK/PHY_SIG_MOD/iog_dq_txdata_in_reg[79]:D
  Delay (ns):              0.152
  Slack (ns):              0.076
  Arrival (ns):            5.802
  Required (ns):           5.726
  Operating Conditions: fast_hv_lt

Path 91
  From: AXI4_Interconnect_0/AXI4_Interconnect_0/SlvConvertor_loop[4].slvcnv/rgsl/genblk2.arrs/sDat[28]:CLK
  To:   PF_DDR4_SS_0/MSC_i_0/MSC_i_1/MSC_i_8/MSC_i_10/arlen_r1[5]:D
  Delay (ns):              0.152
  Slack (ns):              0.076
  Arrival (ns):            5.831
  Required (ns):           5.755
  Operating Conditions: fast_hv_lt

Path 92
  From: AXI4_Interconnect_0/AXI4_Interconnect_0/SlvConvertor_loop[1].slvcnv/rgsl/genblk2.arrs/holdDat[66]:CLK
  To:   AXI4_Interconnect_0/AXI4_Interconnect_0/SlvConvertor_loop[1].slvcnv/rgsl/genblk2.arrs/sDat[66]:D
  Delay (ns):              0.236
  Slack (ns):              0.076
  Arrival (ns):            5.914
  Required (ns):           5.838
  Operating Conditions: fast_hv_lt

Path 93
  From: PF_DDR4_SS_0/MSC_i_0/MSC_i_1/MSC_i_8/MSC_i_140/MSC_i_141/MSC_i_157/data_shifter_gen[15].data_shifter[15][0]:CLK
  To:   PF_DDR4_SS_0/MSC_i_0/MSC_i_1/MSC_i_8/MSC_i_140/MSC_i_141/MSC_i_157/data_shifter_gen[14].data_shifter[14][0]:D
  Delay (ns):              0.151
  Slack (ns):              0.077
  Arrival (ns):            5.837
  Required (ns):           5.760
  Operating Conditions: fast_hv_lt

Path 94
  From: PF_DDR4_SS_0/MSC_i_0/MSC_i_1/MSC_i_8/MSC_i_10/cmd_fifo_wr_data_reg3[55]:CLK
  To:   PF_DDR4_SS_0/MSC_i_0/MSC_i_1/MSC_i_8/MSC_i_10/cmd_fifo_wr_data_reg4[55]:D
  Delay (ns):              0.241
  Slack (ns):              0.077
  Arrival (ns):            5.920
  Required (ns):           5.843
  Operating Conditions: fast_hv_lt

Path 95
  From: PF_DDR4_SS_0/MSC_i_0/MSC_i_1/MSC_i_8/MSC_i_10/awaddr_r1[16]:CLK
  To:   PF_DDR4_SS_0/MSC_i_0/MSC_i_1/MSC_i_8/MSC_i_10/wr_cmd_wr_data[16]:D
  Delay (ns):              0.154
  Slack (ns):              0.077
  Arrival (ns):            5.831
  Required (ns):           5.754
  Operating Conditions: fast_hv_lt

Path 96
  From: PF_DDR4_SS_0/MSC_i_0/MSC_i_1/MSC_i_8/MSC_i_10/MSC_i_23/MSC_i_24/MSC_i_39/MSC_i_41/MSC_i_50/s0:CLK
  To:   PF_DDR4_SS_0/MSC_i_0/MSC_i_1/MSC_i_8/MSC_i_10/MSC_i_23/MSC_i_24/MSC_i_39/MSC_i_41/MSC_i_50/s1:D
  Delay (ns):              0.151
  Slack (ns):              0.077
  Arrival (ns):            5.814
  Required (ns):           5.737
  Operating Conditions: fast_hv_lt

Path 97
  From: PF_DDR4_SS_0/MSC_i_0/MSC_i_1/MSC_i_8/MSC_i_10/MSC_i_107/MSC_i_108/MSC_i_110/din_gray_r[10]:CLK
  To:   PF_DDR4_SS_0/MSC_i_0/MSC_i_1/MSC_i_8/MSC_i_10/MSC_i_107/MSC_i_108/MSC_i_110/MSC_i_112/MSC_i_115/s0:D
  Delay (ns):              0.154
  Slack (ns):              0.077
  Arrival (ns):            5.852
  Required (ns):           5.775
  Operating Conditions: fast_hv_lt

Path 98
  From: CoreDMA_IO_CTRL_0/CoreDMA_Controller_0/CoreDMA_Controller_0/CAXI4DMAI00OI/CAXI4DMAOOlI[8]:CLK
  To:   AXI4_Interconnect_0/AXI4_Interconnect_0/MstConvertor_loop[1].mstrconv/rgsl/genblk1.awrs/holdDat[39]:D
  Delay (ns):              0.154
  Slack (ns):              0.077
  Arrival (ns):            5.811
  Required (ns):           5.734
  Operating Conditions: fast_hv_lt

Path 99
  From: CoreDMA_IO_CTRL_0/CoreAXI4_Lite_0/CoreAXI4_Lite_0/arst_aclk_sync/sysReset_f1:CLK
  To:   CoreDMA_IO_CTRL_0/CoreAXI4_Lite_0/CoreAXI4_Lite_0/arst_aclk_sync/sysReset:D
  Delay (ns):              0.154
  Slack (ns):              0.077
  Arrival (ns):            5.799
  Required (ns):           5.722
  Operating Conditions: fast_hv_lt

Path 100
  From: AXI4_Interconnect_0/AXI4_Interconnect_0/SlvConvertor_loop[3].slvcnv/rgsl/genblk4.wrs/sDat[36]:CLK
  To:   SRAM_AXI_0/COREAXI4SRAM_0/genblk1.U_SRAM_AXI_COREAXI4SRAM_0_CoreAXI4SRAM_MAINCTRL/genblk1.wdata_sc_r[26]:D
  Delay (ns):              0.154
  Slack (ns):              0.077
  Arrival (ns):            5.824
  Required (ns):           5.747
  Operating Conditions: fast_hv_lt

