Timing Violation Report Max Delay Analysis

SmartTime Version v12.6
Microsemi Corporation - Microsemi Libero Software Release v12.6 (Version 12.900.20.24)
Date: Thu Apr 29 12:46:11 2021


Design: top
Family: PolarFire
Die: MPF300T
Package: FCVG484
Temperature Range: 0 - 100 C
Voltage Range: 0.97 - 1.03 V
Speed Grade: -1
Design State: Post-Layout
Data source: Production
Multi Corner Report Operating Conditions: slow_lv_ht, slow_lv_lt, fast_hv_lt
Scenario for Timing Analysis: timing_analysis


*** IMPORTANT RECOMMENDATION *** If you haven't done so, it is highly recommended to add clock jitter information for each clock domain into Libero SoC through clock uncertainty SDC timing constraints. Please refer to the Libero SoC v12.5 release notes for more details.

Path 1
  From: CoreDMA_IO_CTRL_0/CoreDMA_Controller_0/CoreDMA_Controller_0/CAXI4DMAI00OI/CAXI4DMAIlOl[4]:CLK
  To:   CoreDMA_IO_CTRL_0/CoreDMA_Controller_0/CoreDMA_Controller_0/CAXI4DMAI00OI/CAXI4DMAIlOl[5]:D
  Delay (ns):              4.127
  Slack (ns):              0.829
  Arrival (ns):           14.341
  Required (ns):          15.170
  Operating Conditions: slow_lv_ht

Path 2
  From: CoreDMA_IO_CTRL_0/CoreDMA_Controller_0/CoreDMA_Controller_0/CAXI4DMAI00OI/CAXI4DMAIlOl[4]:CLK
  To:   CoreDMA_IO_CTRL_0/CoreDMA_Controller_0/CoreDMA_Controller_0/CAXI4DMAI00OI/CAXI4DMAIlOl[10]:D
  Delay (ns):              4.031
  Slack (ns):              0.925
  Arrival (ns):           14.245
  Required (ns):          15.170
  Operating Conditions: slow_lv_ht

Path 3
  From: CoreDMA_IO_CTRL_0/CoreDMA_Controller_0/CoreDMA_Controller_0/CAXI4DMAI00OI/CAXI4DMAIlOl[1]:CLK
  To:   CoreDMA_IO_CTRL_0/CoreDMA_Controller_0/CoreDMA_Controller_0/CAXI4DMAI00OI/CAXI4DMAIlOl[5]:D
  Delay (ns):              4.030
  Slack (ns):              0.926
  Arrival (ns):           14.244
  Required (ns):          15.170
  Operating Conditions: slow_lv_ht

Path 4
  From: CoreDMA_IO_CTRL_0/CoreDMA_Controller_0/CoreDMA_Controller_0/CAXI4DMAI00OI/CAXI4DMAIlOl[4]:CLK
  To:   CoreDMA_IO_CTRL_0/CoreDMA_Controller_0/CoreDMA_Controller_0/CAXI4DMAI00OI/CAXI4DMAIlOl[11]:D
  Delay (ns):              4.027
  Slack (ns):              0.929
  Arrival (ns):           14.241
  Required (ns):          15.170
  Operating Conditions: slow_lv_ht

Path 5
  From: CoreDMA_IO_CTRL_0/CoreDMA_Controller_0/CoreDMA_Controller_0/CAXI4DMAI00OI/CAXI4DMAIlOl[4]:CLK
  To:   CoreDMA_IO_CTRL_0/CoreDMA_Controller_0/CoreDMA_Controller_0/CAXI4DMAI00OI/CAXI4DMAIlOl[8]:D
  Delay (ns):              3.981
  Slack (ns):              0.975
  Arrival (ns):           14.195
  Required (ns):          15.170
  Operating Conditions: slow_lv_ht

Path 6
  From: CoreDMA_IO_CTRL_0/CoreDMA_Controller_0/CoreDMA_Controller_0/CAXI4DMAI00OI/CAXI4DMAIlOl[11]:CLK
  To:   CoreDMA_IO_CTRL_0/CoreDMA_Controller_0/CoreDMA_Controller_0/CAXI4DMAI00OI/CAXI4DMAIlOl[5]:D
  Delay (ns):              4.017
  Slack (ns):              0.975
  Arrival (ns):           14.231
  Required (ns):          15.206
  Operating Conditions: slow_lv_ht

Path 7
  From: CoreDMA_IO_CTRL_0/CoreDMA_Controller_0/CoreDMA_Controller_0/CAXI4DMAI00OI/CAXI4DMAIlOl[3]:CLK
  To:   CoreDMA_IO_CTRL_0/CoreDMA_Controller_0/CoreDMA_Controller_0/CAXI4DMAI00OI/CAXI4DMAIlOl[5]:D
  Delay (ns):              3.973
  Slack (ns):              0.983
  Arrival (ns):           14.187
  Required (ns):          15.170
  Operating Conditions: slow_lv_ht

Path 8
  From: CoreDMA_IO_CTRL_0/CoreDMA_Controller_0/CoreDMA_Controller_0/CAXI4DMAI00OI/CAXI4DMAOIOl[16]:CLK
  To:   CoreDMA_IO_CTRL_0/CoreDMA_Controller_0/CoreDMA_Controller_0/CAXI4DMAI00OI/CAXI4DMAIlOl[5]:D
  Delay (ns):              3.940
  Slack (ns):              0.984
  Arrival (ns):           14.161
  Required (ns):          15.145
  Operating Conditions: slow_lv_ht

Path 9
  From: CoreDMA_IO_CTRL_0/CoreDMA_Controller_0/CoreDMA_Controller_0/CAXI4DMAI00OI/CAXI4DMAOIOl[4]:CLK
  To:   CoreDMA_IO_CTRL_0/CoreDMA_Controller_0/CoreDMA_Controller_0/CAXI4DMAI00OI/CAXI4DMAIlOl[5]:D
  Delay (ns):              3.976
  Slack (ns):              0.985
  Arrival (ns):           14.185
  Required (ns):          15.170
  Operating Conditions: slow_lv_ht

Path 10
  From: CoreDMA_IO_CTRL_0/CoreDMA_Controller_0/CoreDMA_Controller_0/CAXI4DMAI00OI/CAXI4DMAIlOl[9]:CLK
  To:   CoreDMA_IO_CTRL_0/CoreDMA_Controller_0/CoreDMA_Controller_0/CAXI4DMAI00OI/CAXI4DMAIlOl[5]:D
  Delay (ns):              3.968
  Slack (ns):              0.988
  Arrival (ns):           14.182
  Required (ns):          15.170
  Operating Conditions: slow_lv_ht

Path 11
  From: CoreDMA_IO_CTRL_0/CoreDMA_Controller_0/CoreDMA_Controller_0/CAXI4DMAI00OI/CAXI4DMAIlOl[10]:CLK
  To:   CoreDMA_IO_CTRL_0/CoreDMA_Controller_0/CoreDMA_Controller_0/CAXI4DMAI00OI/CAXI4DMAIlOl[5]:D
  Delay (ns):              3.991
  Slack (ns):              1.000
  Arrival (ns):           14.206
  Required (ns):          15.206
  Operating Conditions: slow_lv_ht

Path 12
  From: CoreDMA_IO_CTRL_0/CoreDMA_Controller_0/CoreDMA_Controller_0/CAXI4DMAI00OI/CAXI4DMAIlOl[6]:CLK
  To:   CoreDMA_IO_CTRL_0/CoreDMA_Controller_0/CoreDMA_Controller_0/CAXI4DMAI00OI/CAXI4DMAIlOl[5]:D
  Delay (ns):              3.988
  Slack (ns):              1.003
  Arrival (ns):           14.203
  Required (ns):          15.206
  Operating Conditions: slow_lv_ht

Path 13
  From: CoreDMA_IO_CTRL_0/CoreDMA_Controller_0/CoreDMA_Controller_0/CAXI4DMAI00OI/CAXI4DMAIlOl[4]:CLK
  To:   CoreDMA_IO_CTRL_0/CoreDMA_Controller_0/CoreDMA_Controller_0/CAXI4DMAI00OI/CAXI4DMAIlOl[9]:D
  Delay (ns):              3.984
  Slack (ns):              1.007
  Arrival (ns):           14.198
  Required (ns):          15.205
  Operating Conditions: slow_lv_ht

Path 14
  From: CoreDMA_IO_CTRL_0/CoreDMA_Controller_0/CoreDMA_Controller_0/CAXI4DMAI00OI/CAXI4DMAOIOl[10]:CLK
  To:   CoreDMA_IO_CTRL_0/CoreDMA_Controller_0/CoreDMA_Controller_0/CAXI4DMAI00OI/CAXI4DMAIlOl[5]:D
  Delay (ns):              3.956
  Slack (ns):              1.011
  Arrival (ns):           14.159
  Required (ns):          15.170
  Operating Conditions: slow_lv_ht

Path 15
  From: CoreDMA_IO_CTRL_0/CoreDMA_Controller_0/CoreDMA_Controller_0/CAXI4DMAI00OI/CAXI4DMAIlOl[7]:CLK
  To:   CoreDMA_IO_CTRL_0/CoreDMA_Controller_0/CoreDMA_Controller_0/CAXI4DMAI00OI/CAXI4DMAIlOl[5]:D
  Delay (ns):              3.977
  Slack (ns):              1.014
  Arrival (ns):           14.192
  Required (ns):          15.206
  Operating Conditions: slow_lv_ht

Path 16
  From: CoreDMA_IO_CTRL_0/CoreDMA_Controller_0/CoreDMA_Controller_0/CAXI4DMAOOlOI/CAXI4DMAOOl1I/CAXI4DMAlI0Ol[0][8]:CLK
  To:   CoreDMA_IO_CTRL_0/CoreDMA_Controller_0/CoreDMA_Controller_0/CAXI4DMAOOlOI/CAXI4DMAOOl1I/CAXI4DMAllIIl/CAXI4DMAO01Il_Z[1]:EN
  Delay (ns):              3.793
  Slack (ns):              1.019
  Arrival (ns):           13.999
  Required (ns):          15.018
  Operating Conditions: slow_lv_ht

Path 17
  From: CoreDMA_IO_CTRL_0/CoreDMA_Controller_0/CoreDMA_Controller_0/CAXI4DMAOOlOI/CAXI4DMAOOl1I/CAXI4DMAlI0Ol[0][8]:CLK
  To:   CoreDMA_IO_CTRL_0/CoreDMA_Controller_0/CoreDMA_Controller_0/CAXI4DMAOOlOI/CAXI4DMAOOl1I/CAXI4DMAllIIl/CAXI4DMAO01Il_Z[0]:EN
  Delay (ns):              3.793
  Slack (ns):              1.019
  Arrival (ns):           13.999
  Required (ns):          15.018
  Operating Conditions: slow_lv_ht

Path 18
  From: CoreDMA_IO_CTRL_0/CoreDMA_Controller_0/CoreDMA_Controller_0/CAXI4DMAI00OI/CAXI4DMAOIOl[0]:CLK
  To:   CoreDMA_IO_CTRL_0/CoreDMA_Controller_0/CoreDMA_Controller_0/CAXI4DMAI00OI/CAXI4DMAIlOl[5]:D
  Delay (ns):              3.941
  Slack (ns):              1.020
  Arrival (ns):           14.150
  Required (ns):          15.170
  Operating Conditions: slow_lv_ht

Path 19
  From: CoreDMA_IO_CTRL_0/CoreDMA_Controller_0/CoreDMA_Controller_0/CAXI4DMAI00OI/CAXI4DMAIlOl[1]:CLK
  To:   CoreDMA_IO_CTRL_0/CoreDMA_Controller_0/CoreDMA_Controller_0/CAXI4DMAI00OI/CAXI4DMAIlOl[10]:D
  Delay (ns):              3.934
  Slack (ns):              1.022
  Arrival (ns):           14.148
  Required (ns):          15.170
  Operating Conditions: slow_lv_ht

Path 20
  From: CoreDMA_IO_CTRL_0/CoreDMA_Controller_0/CoreDMA_Controller_0/CAXI4DMAI00OI/CAXI4DMAIlOl[4]:CLK
  To:   CoreDMA_IO_CTRL_0/CoreDMA_Controller_0/CoreDMA_Controller_0/CAXI4DMAI00OI/CAXI4DMAIlOl[4]:D
  Delay (ns):              3.977
  Slack (ns):              1.023
  Arrival (ns):           14.191
  Required (ns):          15.214
  Operating Conditions: slow_lv_ht

Path 21
  From: CoreDMA_IO_CTRL_0/CoreDMA_Controller_0/CoreDMA_Controller_0/CAXI4DMAOOlOI/CAXI4DMAOOl1I/CAXI4DMAlI0Ol[0][11]:CLK
  To:   CoreDMA_IO_CTRL_0/CoreDMA_Controller_0/CoreDMA_Controller_0/CAXI4DMAOOlOI/CAXI4DMAOOl1I/CAXI4DMAllIIl/CAXI4DMAO01Il_Z[1]:EN
  Delay (ns):              3.801
  Slack (ns):              1.026
  Arrival (ns):           13.977
  Required (ns):          15.003
  Operating Conditions: slow_lv_ht

Path 22
  From: CoreDMA_IO_CTRL_0/CoreDMA_Controller_0/CoreDMA_Controller_0/CAXI4DMAOOlOI/CAXI4DMAOOl1I/CAXI4DMAlI0Ol[0][11]:CLK
  To:   CoreDMA_IO_CTRL_0/CoreDMA_Controller_0/CoreDMA_Controller_0/CAXI4DMAOOlOI/CAXI4DMAOOl1I/CAXI4DMAllIIl/CAXI4DMAO01Il_Z[0]:EN
  Delay (ns):              3.801
  Slack (ns):              1.026
  Arrival (ns):           13.977
  Required (ns):          15.003
  Operating Conditions: slow_lv_ht

Path 23
  From: CoreDMA_IO_CTRL_0/CoreDMA_Controller_0/CoreDMA_Controller_0/CAXI4DMAI00OI/CAXI4DMAIlOl[1]:CLK
  To:   CoreDMA_IO_CTRL_0/CoreDMA_Controller_0/CoreDMA_Controller_0/CAXI4DMAI00OI/CAXI4DMAIlOl[11]:D
  Delay (ns):              3.930
  Slack (ns):              1.026
  Arrival (ns):           14.144
  Required (ns):          15.170
  Operating Conditions: slow_lv_ht

Path 24
  From: CoreDMA_IO_CTRL_0/CoreDMA_Controller_0/CoreDMA_Controller_0/CAXI4DMAI00OI/CAXI4DMAIlOl[4]:CLK
  To:   CoreDMA_IO_CTRL_0/CoreDMA_Controller_0/CoreDMA_Controller_0/CAXI4DMAI00OI/CAXI4DMAIlOl[7]:D
  Delay (ns):              3.920
  Slack (ns):              1.036
  Arrival (ns):           14.134
  Required (ns):          15.170
  Operating Conditions: slow_lv_ht

Path 25
  From: CoreDMA_IO_CTRL_0/CoreDMA_Controller_0/CoreDMA_Controller_0/CAXI4DMAI00OI/CAXI4DMAOIOl[14]:CLK
  To:   CoreDMA_IO_CTRL_0/CoreDMA_Controller_0/CoreDMA_Controller_0/CAXI4DMAI00OI/CAXI4DMAIlOl[5]:D
  Delay (ns):              3.880
  Slack (ns):              1.044
  Arrival (ns):           14.101
  Required (ns):          15.145
  Operating Conditions: slow_lv_ht

Path 26
  From: CoreDMA_IO_CTRL_0/CoreDMA_Controller_0/CoreDMA_Controller_0/CAXI4DMAI00OI/CAXI4DMAIlOl[4]:CLK
  To:   CoreDMA_IO_CTRL_0/CoreDMA_Controller_0/CoreDMA_Controller_0/CAXI4DMAI00OI/CAXI4DMAIlOl[6]:D
  Delay (ns):              3.911
  Slack (ns):              1.046
  Arrival (ns):           14.125
  Required (ns):          15.171
  Operating Conditions: slow_lv_ht

Path 27
  From: CoreDMA_IO_CTRL_0/CoreDMA_Controller_0/CoreDMA_Controller_0/CAXI4DMAI00OI/CAXI4DMAOIOl[3]:CLK
  To:   CoreDMA_IO_CTRL_0/CoreDMA_Controller_0/CoreDMA_Controller_0/CAXI4DMAI00OI/CAXI4DMAIlOl[5]:D
  Delay (ns):              3.914
  Slack (ns):              1.047
  Arrival (ns):           14.123
  Required (ns):          15.170
  Operating Conditions: slow_lv_ht

Path 28
  From: CoreDMA_IO_CTRL_0/CoreDMA_Controller_0/CoreDMA_Controller_0/CAXI4DMAI00OI/CAXI4DMAOIOl[8]:CLK
  To:   CoreDMA_IO_CTRL_0/CoreDMA_Controller_0/CoreDMA_Controller_0/CAXI4DMAI00OI/CAXI4DMAIlOl[5]:D
  Delay (ns):              3.913
  Slack (ns):              1.048
  Arrival (ns):           14.122
  Required (ns):          15.170
  Operating Conditions: slow_lv_ht

Path 29
  From: CoreDMA_IO_CTRL_0/CoreDMA_Controller_0/CoreDMA_Controller_0/CAXI4DMAI00OI/CAXI4DMAIlOl[4]:CLK
  To:   CoreDMA_IO_CTRL_0/CoreDMA_Controller_0/CoreDMA_Controller_0/CAXI4DMAI00OI/CAXI4DMAIlOl[3]:D
  Delay (ns):              3.938
  Slack (ns):              1.053
  Arrival (ns):           14.152
  Required (ns):          15.205
  Operating Conditions: slow_lv_ht

Path 30
  From: PCIe_EP_0/PCIex4_0/PCIE_1:AXI_CLK
  To:   CoreDMA_IO_CTRL_0/axi_io_ctrl_0/dma0_data_cnt[4]:EN
  Delay (ns):              3.456
  Slack (ns):              1.058
  Arrival (ns):           13.958
  Required (ns):          15.016
  Operating Conditions: slow_lv_ht

Path 31
  From: PCIe_EP_0/PCIex4_0/PCIE_1:AXI_CLK
  To:   CoreDMA_IO_CTRL_0/axi_io_ctrl_0/dma0_data_cnt[22]:EN
  Delay (ns):              3.455
  Slack (ns):              1.059
  Arrival (ns):           13.957
  Required (ns):          15.016
  Operating Conditions: slow_lv_ht

Path 32
  From: PCIe_EP_0/PCIex4_0/PCIE_1:AXI_CLK
  To:   CoreDMA_IO_CTRL_0/axi_io_ctrl_0/dma0_data_cnt[21]:EN
  Delay (ns):              3.455
  Slack (ns):              1.059
  Arrival (ns):           13.957
  Required (ns):          15.016
  Operating Conditions: slow_lv_ht

Path 33
  From: PCIe_EP_0/PCIex4_0/PCIE_1:AXI_CLK
  To:   CoreDMA_IO_CTRL_0/axi_io_ctrl_0/dma0_data_cnt[19]:EN
  Delay (ns):              3.455
  Slack (ns):              1.059
  Arrival (ns):           13.957
  Required (ns):          15.016
  Operating Conditions: slow_lv_ht

Path 34
  From: PCIe_EP_0/PCIex4_0/PCIE_1:AXI_CLK
  To:   CoreDMA_IO_CTRL_0/axi_io_ctrl_0/dma0_data_cnt[18]:EN
  Delay (ns):              3.455
  Slack (ns):              1.059
  Arrival (ns):           13.957
  Required (ns):          15.016
  Operating Conditions: slow_lv_ht

Path 35
  From: PCIe_EP_0/PCIex4_0/PCIE_1:AXI_CLK
  To:   CoreDMA_IO_CTRL_0/axi_io_ctrl_0/dma0_data_cnt[17]:EN
  Delay (ns):              3.455
  Slack (ns):              1.059
  Arrival (ns):           13.957
  Required (ns):          15.016
  Operating Conditions: slow_lv_ht

Path 36
  From: PCIe_EP_0/PCIex4_0/PCIE_1:AXI_CLK
  To:   CoreDMA_IO_CTRL_0/axi_io_ctrl_0/dma0_data_cnt[16]:EN
  Delay (ns):              3.455
  Slack (ns):              1.059
  Arrival (ns):           13.957
  Required (ns):          15.016
  Operating Conditions: slow_lv_ht

Path 37
  From: PCIe_EP_0/PCIex4_0/PCIE_1:AXI_CLK
  To:   CoreDMA_IO_CTRL_0/axi_io_ctrl_0/dma0_data_cnt[15]:EN
  Delay (ns):              3.455
  Slack (ns):              1.059
  Arrival (ns):           13.957
  Required (ns):          15.016
  Operating Conditions: slow_lv_ht

Path 38
  From: PCIe_EP_0/PCIex4_0/PCIE_1:AXI_CLK
  To:   CoreDMA_IO_CTRL_0/axi_io_ctrl_0/dma0_data_cnt[14]:EN
  Delay (ns):              3.455
  Slack (ns):              1.059
  Arrival (ns):           13.957
  Required (ns):          15.016
  Operating Conditions: slow_lv_ht

Path 39
  From: CoreDMA_IO_CTRL_0/CoreDMA_Controller_0/CoreDMA_Controller_0/CAXI4DMAI00OI/CAXI4DMAIlOl[2]:CLK
  To:   CoreDMA_IO_CTRL_0/CoreDMA_Controller_0/CoreDMA_Controller_0/CAXI4DMAI00OI/CAXI4DMAIlOl[5]:D
  Delay (ns):              3.895
  Slack (ns):              1.061
  Arrival (ns):           14.109
  Required (ns):          15.170
  Operating Conditions: slow_lv_ht

Path 40
  From: CoreDMA_IO_CTRL_0/CoreDMA_Controller_0/CoreDMA_Controller_0/CAXI4DMAI00OI/CAXI4DMAIlOl[0]:CLK
  To:   CoreDMA_IO_CTRL_0/CoreDMA_Controller_0/CoreDMA_Controller_0/CAXI4DMAI00OI/CAXI4DMAIlOl[5]:D
  Delay (ns):              3.863
  Slack (ns):              1.061
  Arrival (ns):           14.084
  Required (ns):          15.145
  Operating Conditions: slow_lv_ht

Path 41
  From: CoreDMA_IO_CTRL_0/CoreDMA_Controller_0/CoreDMA_Controller_0/CAXI4DMAI00OI/CAXI4DMAIlOl[5]:CLK
  To:   CoreDMA_IO_CTRL_0/CoreDMA_Controller_0/CoreDMA_Controller_0/CAXI4DMAI00OI/CAXI4DMAIlOl[5]:D
  Delay (ns):              3.934
  Slack (ns):              1.066
  Arrival (ns):           14.149
  Required (ns):          15.215
  Operating Conditions: slow_lv_ht

Path 42
  From: CoreDMA_IO_CTRL_0/CoreDMA_Controller_0/CoreDMA_Controller_0/CAXI4DMAI00OI/CAXI4DMAIlOl[1]:CLK
  To:   CoreDMA_IO_CTRL_0/CoreDMA_Controller_0/CoreDMA_Controller_0/CAXI4DMAI00OI/CAXI4DMAIlOl[8]:D
  Delay (ns):              3.884
  Slack (ns):              1.072
  Arrival (ns):           14.098
  Required (ns):          15.170
  Operating Conditions: slow_lv_ht

Path 43
  From: CoreDMA_IO_CTRL_0/CoreDMA_Controller_0/CoreDMA_Controller_0/CAXI4DMAI00OI/CAXI4DMAIlOl[11]:CLK
  To:   CoreDMA_IO_CTRL_0/CoreDMA_Controller_0/CoreDMA_Controller_0/CAXI4DMAI00OI/CAXI4DMAIlOl[10]:D
  Delay (ns):              3.919
  Slack (ns):              1.073
  Arrival (ns):           14.133
  Required (ns):          15.206
  Operating Conditions: slow_lv_ht

Path 44
  From: CoreDMA_IO_CTRL_0/CoreDMA_Controller_0/CoreDMA_Controller_0/CAXI4DMAOOlOI/CAXI4DMAOOl1I/CAXI4DMAI01Ol/CAXI4DMAOlO1l_Z[18]:CLK
  To:   CoreDMA_IO_CTRL_0/CoreDMA_Controller_0/CoreDMA_Controller_0/CAXI4DMAOOlOI/CAXI4DMAOOl1I/CAXI4DMAllIIl/CAXI4DMAO01Il_Z[1]:EN
  Delay (ns):              3.742
  Slack (ns):              1.074
  Arrival (ns):           13.929
  Required (ns):          15.003
  Operating Conditions: slow_lv_ht

Path 45
  From: CoreDMA_IO_CTRL_0/CoreDMA_Controller_0/CoreDMA_Controller_0/CAXI4DMAOOlOI/CAXI4DMAOOl1I/CAXI4DMAI01Ol/CAXI4DMAOlO1l_Z[18]:CLK
  To:   CoreDMA_IO_CTRL_0/CoreDMA_Controller_0/CoreDMA_Controller_0/CAXI4DMAOOlOI/CAXI4DMAOOl1I/CAXI4DMAllIIl/CAXI4DMAO01Il_Z[0]:EN
  Delay (ns):              3.742
  Slack (ns):              1.074
  Arrival (ns):           13.929
  Required (ns):          15.003
  Operating Conditions: slow_lv_ht

Path 46
  From: CoreDMA_IO_CTRL_0/CoreDMA_Controller_0/CoreDMA_Controller_0/CAXI4DMAI00OI/CAXI4DMAIlOl[8]:CLK
  To:   CoreDMA_IO_CTRL_0/CoreDMA_Controller_0/CoreDMA_Controller_0/CAXI4DMAI00OI/CAXI4DMAIlOl[5]:D
  Delay (ns):              3.917
  Slack (ns):              1.075
  Arrival (ns):           14.131
  Required (ns):          15.206
  Operating Conditions: slow_lv_ht

Path 47
  From: CoreDMA_IO_CTRL_0/CoreDMA_Controller_0/CoreDMA_Controller_0/CAXI4DMAOOlOI/CAXI4DMAOOl1I/CAXI4DMAlI0Ol[1][6]:CLK
  To:   CoreDMA_IO_CTRL_0/CoreDMA_Controller_0/CoreDMA_Controller_0/CAXI4DMAOOlOI/CAXI4DMAOOl1I/CAXI4DMAllIIl/CAXI4DMAO01Il_Z[1]:EN
  Delay (ns):              3.741
  Slack (ns):              1.077
  Arrival (ns):           13.941
  Required (ns):          15.018
  Operating Conditions: slow_lv_ht

Path 48
  From: CoreDMA_IO_CTRL_0/CoreDMA_Controller_0/CoreDMA_Controller_0/CAXI4DMAOOlOI/CAXI4DMAOOl1I/CAXI4DMAlI0Ol[1][6]:CLK
  To:   CoreDMA_IO_CTRL_0/CoreDMA_Controller_0/CoreDMA_Controller_0/CAXI4DMAOOlOI/CAXI4DMAOOl1I/CAXI4DMAllIIl/CAXI4DMAO01Il_Z[0]:EN
  Delay (ns):              3.741
  Slack (ns):              1.077
  Arrival (ns):           13.941
  Required (ns):          15.018
  Operating Conditions: slow_lv_ht

Path 49
  From: CoreDMA_IO_CTRL_0/CoreDMA_Controller_0/CoreDMA_Controller_0/CAXI4DMAI00OI/CAXI4DMAOIOl[6]:CLK
  To:   CoreDMA_IO_CTRL_0/CoreDMA_Controller_0/CoreDMA_Controller_0/CAXI4DMAI00OI/CAXI4DMAIlOl[5]:D
  Delay (ns):              3.882
  Slack (ns):              1.079
  Arrival (ns):           14.091
  Required (ns):          15.170
  Operating Conditions: slow_lv_ht

Path 50
  From: CoreDMA_IO_CTRL_0/CoreDMA_Controller_0/CoreDMA_Controller_0/CAXI4DMAI00OI/CAXI4DMAIlOl[3]:CLK
  To:   CoreDMA_IO_CTRL_0/CoreDMA_Controller_0/CoreDMA_Controller_0/CAXI4DMAI00OI/CAXI4DMAIlOl[10]:D
  Delay (ns):              3.877
  Slack (ns):              1.079
  Arrival (ns):           14.091
  Required (ns):          15.170
  Operating Conditions: slow_lv_ht

Path 51
  From: CoreDMA_IO_CTRL_0/CoreDMA_Controller_0/CoreDMA_Controller_0/CAXI4DMAI00OI/CAXI4DMAIlOl[3]:CLK
  To:   CoreDMA_IO_CTRL_0/CoreDMA_Controller_0/CoreDMA_Controller_0/CAXI4DMAI00OI/CAXI4DMAIlOl[11]:D
  Delay (ns):              3.873
  Slack (ns):              1.083
  Arrival (ns):           14.087
  Required (ns):          15.170
  Operating Conditions: slow_lv_ht

Path 52
  From: CoreDMA_IO_CTRL_0/CoreDMA_Controller_0/CoreDMA_Controller_0/CAXI4DMAI00OI/CAXI4DMAIlOl[11]:CLK
  To:   CoreDMA_IO_CTRL_0/CoreDMA_Controller_0/CoreDMA_Controller_0/CAXI4DMAI00OI/CAXI4DMAIlOl[9]:D
  Delay (ns):              3.872
  Slack (ns):              1.083
  Arrival (ns):           14.086
  Required (ns):          15.169
  Operating Conditions: slow_lv_ht

Path 53
  From: CoreDMA_IO_CTRL_0/CoreDMA_Controller_0/CoreDMA_Controller_0/CAXI4DMAI00OI/CAXI4DMAIlOl[9]:CLK
  To:   CoreDMA_IO_CTRL_0/CoreDMA_Controller_0/CoreDMA_Controller_0/CAXI4DMAI00OI/CAXI4DMAIlOl[10]:D
  Delay (ns):              3.872
  Slack (ns):              1.084
  Arrival (ns):           14.086
  Required (ns):          15.170
  Operating Conditions: slow_lv_ht

Path 54
  From: CoreDMA_IO_CTRL_0/CoreDMA_Controller_0/CoreDMA_Controller_0/CAXI4DMAI00OI/CAXI4DMAIlOl[11]:CLK
  To:   CoreDMA_IO_CTRL_0/CoreDMA_Controller_0/CoreDMA_Controller_0/CAXI4DMAI00OI/CAXI4DMAIlOl[11]:D
  Delay (ns):              3.915
  Slack (ns):              1.085
  Arrival (ns):           14.129
  Required (ns):          15.214
  Operating Conditions: slow_lv_ht

Path 55
  From: CoreDMA_IO_CTRL_0/CoreDMA_Controller_0/CoreDMA_Controller_0/CAXI4DMAI00OI/CAXI4DMAIlOl[9]:CLK
  To:   CoreDMA_IO_CTRL_0/CoreDMA_Controller_0/CoreDMA_Controller_0/CAXI4DMAI00OI/CAXI4DMAIlOl[11]:D
  Delay (ns):              3.868
  Slack (ns):              1.088
  Arrival (ns):           14.082
  Required (ns):          15.170
  Operating Conditions: slow_lv_ht

Path 56
  From: CoreDMA_IO_CTRL_0/CoreDMA_Controller_0/CoreDMA_Controller_0/CAXI4DMAI00OI/CAXI4DMAIlOl[2]:CLK
  To:   CoreDMA_IO_CTRL_0/CoreDMA_Controller_0/CoreDMA_Controller_0/CAXI4DMAI00OI/CAXI4DMAOllI[2]:D
  Delay (ns):              3.852
  Slack (ns):              1.088
  Arrival (ns):           14.066
  Required (ns):          15.154
  Operating Conditions: slow_lv_ht

Path 57
  From: CoreDMA_IO_CTRL_0/CoreDMA_Controller_0/CoreDMA_Controller_0/CAXI4DMAOOlOI/CAXI4DMAOOl1I/CAXI4DMAlI0Ol[1][4]:CLK
  To:   CoreDMA_IO_CTRL_0/CoreDMA_Controller_0/CoreDMA_Controller_0/CAXI4DMAOOlOI/CAXI4DMAOOl1I/CAXI4DMAllIIl/CAXI4DMAO01Il_Z[1]:EN
  Delay (ns):              3.731
  Slack (ns):              1.089
  Arrival (ns):           13.914
  Required (ns):          15.003
  Operating Conditions: slow_lv_ht

Path 58
  From: CoreDMA_IO_CTRL_0/CoreDMA_Controller_0/CoreDMA_Controller_0/CAXI4DMAOOlOI/CAXI4DMAOOl1I/CAXI4DMAlI0Ol[1][4]:CLK
  To:   CoreDMA_IO_CTRL_0/CoreDMA_Controller_0/CoreDMA_Controller_0/CAXI4DMAOOlOI/CAXI4DMAOOl1I/CAXI4DMAllIIl/CAXI4DMAO01Il_Z[0]:EN
  Delay (ns):              3.731
  Slack (ns):              1.089
  Arrival (ns):           13.914
  Required (ns):          15.003
  Operating Conditions: slow_lv_ht

Path 59
  From: CoreDMA_IO_CTRL_0/CoreDMA_Controller_0/CoreDMA_Controller_0/CAXI4DMAI00OI/CAXI4DMAIlOl[11]:CLK
  To:   CoreDMA_IO_CTRL_0/CoreDMA_Controller_0/CoreDMA_Controller_0/CAXI4DMAI00OI/CAXI4DMAIlOl[4]:D
  Delay (ns):              3.865
  Slack (ns):              1.090
  Arrival (ns):           14.079
  Required (ns):          15.169
  Operating Conditions: slow_lv_ht

Path 60
  From: CoreDMA_IO_CTRL_0/CoreDMA_Controller_0/CoreDMA_Controller_0/CAXI4DMAOOlOI/CAXI4DMAOOl1I/CAXI4DMAOI1Ol/CAXI4DMAI1l1:CLK
  To:   CoreDMA_IO_CTRL_0/CoreDMA_Controller_0/CoreDMA_Controller_0/CAXI4DMAOOlOI/CAXI4DMAOOl1I/CAXI4DMAllIIl/CAXI4DMAO01Il_Z[1]:EN
  Delay (ns):              3.739
  Slack (ns):              1.091
  Arrival (ns):           13.912
  Required (ns):          15.003
  Operating Conditions: slow_lv_ht

Path 61
  From: CoreDMA_IO_CTRL_0/CoreDMA_Controller_0/CoreDMA_Controller_0/CAXI4DMAOOlOI/CAXI4DMAOOl1I/CAXI4DMAOI1Ol/CAXI4DMAI1l1:CLK
  To:   CoreDMA_IO_CTRL_0/CoreDMA_Controller_0/CoreDMA_Controller_0/CAXI4DMAOOlOI/CAXI4DMAOOl1I/CAXI4DMAllIIl/CAXI4DMAO01Il_Z[0]:EN
  Delay (ns):              3.739
  Slack (ns):              1.091
  Arrival (ns):           13.912
  Required (ns):          15.003
  Operating Conditions: slow_lv_ht

Path 62
  From: CoreDMA_IO_CTRL_0/CoreDMA_Controller_0/CoreDMA_Controller_0/CAXI4DMAI00OI/CAXI4DMAIlOl[6]:CLK
  To:   CoreDMA_IO_CTRL_0/CoreDMA_Controller_0/CoreDMA_Controller_0/CAXI4DMAI00OI/CAXI4DMAIlOl[10]:D
  Delay (ns):              3.892
  Slack (ns):              1.099
  Arrival (ns):           14.107
  Required (ns):          15.206
  Operating Conditions: slow_lv_ht

Path 63
  From: CoreDMA_IO_CTRL_0/CoreDMA_Controller_0/CoreDMA_Controller_0/CAXI4DMAI00OI/CAXI4DMAIlOl[6]:CLK
  To:   CoreDMA_IO_CTRL_0/CoreDMA_Controller_0/CoreDMA_Controller_0/CAXI4DMAI00OI/CAXI4DMAOllI[2]:D
  Delay (ns):              3.839
  Slack (ns):              1.100
  Arrival (ns):           14.054
  Required (ns):          15.154
  Operating Conditions: slow_lv_ht

Path 64
  From: CoreDMA_IO_CTRL_0/CoreDMA_Controller_0/CoreDMA_Controller_0/CAXI4DMAI00OI/CAXI4DMAIlOl[10]:CLK
  To:   CoreDMA_IO_CTRL_0/CoreDMA_Controller_0/CoreDMA_Controller_0/CAXI4DMAI00OI/CAXI4DMAIlOl[11]:D
  Delay (ns):              3.891
  Slack (ns):              1.100
  Arrival (ns):           14.106
  Required (ns):          15.206
  Operating Conditions: slow_lv_ht

Path 65
  From: CoreDMA_IO_CTRL_0/CoreDMA_Controller_0/CoreDMA_Controller_0/CAXI4DMAI00OI/CAXI4DMAOIOl[16]:CLK
  To:   CoreDMA_IO_CTRL_0/CoreDMA_Controller_0/CoreDMA_Controller_0/CAXI4DMAI00OI/CAXI4DMAIlOl[10]:D
  Delay (ns):              3.823
  Slack (ns):              1.101
  Arrival (ns):           14.044
  Required (ns):          15.145
  Operating Conditions: slow_lv_ht

Path 66
  From: CoreDMA_IO_CTRL_0/CoreDMA_Controller_0/CoreDMA_Controller_0/CAXI4DMAI00OI/CAXI4DMAOIOl[4]:CLK
  To:   CoreDMA_IO_CTRL_0/CoreDMA_Controller_0/CoreDMA_Controller_0/CAXI4DMAI00OI/CAXI4DMAIlOl[10]:D
  Delay (ns):              3.859
  Slack (ns):              1.102
  Arrival (ns):           14.068
  Required (ns):          15.170
  Operating Conditions: slow_lv_ht

Path 67
  From: CoreDMA_IO_CTRL_0/CoreDMA_Controller_0/CoreDMA_Controller_0/CAXI4DMAI00OI/CAXI4DMAIlOl[6]:CLK
  To:   CoreDMA_IO_CTRL_0/CoreDMA_Controller_0/CoreDMA_Controller_0/CAXI4DMAI00OI/CAXI4DMAIlOl[11]:D
  Delay (ns):              3.888
  Slack (ns):              1.103
  Arrival (ns):           14.103
  Required (ns):          15.206
  Operating Conditions: slow_lv_ht

Path 68
  From: CoreDMA_IO_CTRL_0/CoreDMA_Controller_0/CoreDMA_Controller_0/CAXI4DMAI00OI/CAXI4DMAIlOl[1]:CLK
  To:   CoreDMA_IO_CTRL_0/CoreDMA_Controller_0/CoreDMA_Controller_0/CAXI4DMAI00OI/CAXI4DMAIlOl[9]:D
  Delay (ns):              3.887
  Slack (ns):              1.104
  Arrival (ns):           14.101
  Required (ns):          15.205
  Operating Conditions: slow_lv_ht

Path 69
  From: CoreDMA_IO_CTRL_0/CoreDMA_Controller_0/CoreDMA_Controller_0/CAXI4DMAI00OI/CAXI4DMAOIOl[16]:CLK
  To:   CoreDMA_IO_CTRL_0/CoreDMA_Controller_0/CoreDMA_Controller_0/CAXI4DMAI00OI/CAXI4DMAIlOl[11]:D
  Delay (ns):              3.819
  Slack (ns):              1.105
  Arrival (ns):           14.040
  Required (ns):          15.145
  Operating Conditions: slow_lv_ht

Path 70
  From: CoreDMA_IO_CTRL_0/CoreDMA_Controller_0/CoreDMA_Controller_0/CAXI4DMAI00OI/CAXI4DMAIlOl[10]:CLK
  To:   CoreDMA_IO_CTRL_0/CoreDMA_Controller_0/CoreDMA_Controller_0/CAXI4DMAI00OI/CAXI4DMAIlOl[10]:D
  Delay (ns):              3.895
  Slack (ns):              1.105
  Arrival (ns):           14.110
  Required (ns):          15.215
  Operating Conditions: slow_lv_ht

Path 71
  From: CoreDMA_IO_CTRL_0/CoreDMA_Controller_0/CoreDMA_Controller_0/CAXI4DMAOOlOI/CAXI4DMAOOl1I/CAXI4DMAlI0Ol[0][3]:CLK
  To:   CoreDMA_IO_CTRL_0/CoreDMA_Controller_0/CoreDMA_Controller_0/CAXI4DMAOOlOI/CAXI4DMAOOl1I/CAXI4DMAllIIl/CAXI4DMAO01Il_Z[1]:EN
  Delay (ns):              3.705
  Slack (ns):              1.106
  Arrival (ns):           13.912
  Required (ns):          15.018
  Operating Conditions: slow_lv_ht

Path 72
  From: CoreDMA_IO_CTRL_0/CoreDMA_Controller_0/CoreDMA_Controller_0/CAXI4DMAOOlOI/CAXI4DMAOOl1I/CAXI4DMAlI0Ol[0][3]:CLK
  To:   CoreDMA_IO_CTRL_0/CoreDMA_Controller_0/CoreDMA_Controller_0/CAXI4DMAOOlOI/CAXI4DMAOOl1I/CAXI4DMAllIIl/CAXI4DMAO01Il_Z[0]:EN
  Delay (ns):              3.705
  Slack (ns):              1.106
  Arrival (ns):           13.912
  Required (ns):          15.018
  Operating Conditions: slow_lv_ht

Path 73
  From: CoreDMA_IO_CTRL_0/CoreDMA_Controller_0/CoreDMA_Controller_0/CAXI4DMAI00OI/CAXI4DMAOIOl[4]:CLK
  To:   CoreDMA_IO_CTRL_0/CoreDMA_Controller_0/CoreDMA_Controller_0/CAXI4DMAI00OI/CAXI4DMAIlOl[11]:D
  Delay (ns):              3.855
  Slack (ns):              1.106
  Arrival (ns):           14.064
  Required (ns):          15.170
  Operating Conditions: slow_lv_ht

Path 74
  From: CoreDMA_IO_CTRL_0/CoreDMA_Controller_0/CoreDMA_Controller_0/CAXI4DMAI00OI/CAXI4DMAIlOl[10]:CLK
  To:   CoreDMA_IO_CTRL_0/CoreDMA_Controller_0/CoreDMA_Controller_0/CAXI4DMAI00OI/CAXI4DMAIlOl[9]:D
  Delay (ns):              3.848
  Slack (ns):              1.106
  Arrival (ns):           14.063
  Required (ns):          15.169
  Operating Conditions: slow_lv_ht

Path 75
  From: CoreDMA_IO_CTRL_0/CoreDMA_Controller_0/CoreDMA_Controller_0/CAXI4DMAOOlOI/CAXI4DMAOOl1I/CAXI4DMAI01Ol/CAXI4DMAO010l_Z[11]:CLK
  To:   CoreDMA_IO_CTRL_0/CoreDMA_Controller_0/CoreDMA_Controller_0/CAXI4DMAOOlOI/CAXI4DMAOOl1I/CAXI4DMAllIIl/CAXI4DMAO01Il_Z[1]:EN
  Delay (ns):              3.717
  Slack (ns):              1.108
  Arrival (ns):           13.895
  Required (ns):          15.003
  Operating Conditions: slow_lv_ht

Path 76
  From: CoreDMA_IO_CTRL_0/CoreDMA_Controller_0/CoreDMA_Controller_0/CAXI4DMAOOlOI/CAXI4DMAOOl1I/CAXI4DMAI01Ol/CAXI4DMAO010l_Z[11]:CLK
  To:   CoreDMA_IO_CTRL_0/CoreDMA_Controller_0/CoreDMA_Controller_0/CAXI4DMAOOlOI/CAXI4DMAOOl1I/CAXI4DMAllIIl/CAXI4DMAO01Il_Z[0]:EN
  Delay (ns):              3.717
  Slack (ns):              1.108
  Arrival (ns):           13.895
  Required (ns):          15.003
  Operating Conditions: slow_lv_ht

Path 77
  From: CoreDMA_IO_CTRL_0/CoreDMA_Controller_0/CoreDMA_Controller_0/CAXI4DMAI00OI/CAXI4DMAIlOl[6]:CLK
  To:   CoreDMA_IO_CTRL_0/CoreDMA_Controller_0/CoreDMA_Controller_0/CAXI4DMAI00OI/CAXI4DMAIlOl[9]:D
  Delay (ns):              3.845
  Slack (ns):              1.109
  Arrival (ns):           14.060
  Required (ns):          15.169
  Operating Conditions: slow_lv_ht

Path 78
  From: CoreDMA_IO_CTRL_0/CoreDMA_Controller_0/CoreDMA_Controller_0/CAXI4DMAI00OI/CAXI4DMAIlOl[7]:CLK
  To:   CoreDMA_IO_CTRL_0/CoreDMA_Controller_0/CoreDMA_Controller_0/CAXI4DMAI00OI/CAXI4DMAIlOl[10]:D
  Delay (ns):              3.881
  Slack (ns):              1.110
  Arrival (ns):           14.096
  Required (ns):          15.206
  Operating Conditions: slow_lv_ht

Path 79
  From: CoreDMA_IO_CTRL_0/CoreDMA_Controller_0/CoreDMA_Controller_0/CAXI4DMAI00OI/CAXI4DMAIlOl[1]:CLK
  To:   CoreDMA_IO_CTRL_0/CoreDMA_Controller_0/CoreDMA_Controller_0/CAXI4DMAI00OI/CAXI4DMAIlOl[4]:D
  Delay (ns):              3.880
  Slack (ns):              1.111
  Arrival (ns):           14.094
  Required (ns):          15.205
  Operating Conditions: slow_lv_ht

Path 80
  From: CoreDMA_IO_CTRL_0/CoreDMA_Controller_0/CoreDMA_Controller_0/CAXI4DMAI00OI/CAXI4DMAIlOl[10]:CLK
  To:   CoreDMA_IO_CTRL_0/CoreDMA_Controller_0/CoreDMA_Controller_0/CAXI4DMAI00OI/CAXI4DMAIlOl[4]:D
  Delay (ns):              3.841
  Slack (ns):              1.113
  Arrival (ns):           14.056
  Required (ns):          15.169
  Operating Conditions: slow_lv_ht

Path 81
  From: CoreDMA_IO_CTRL_0/CoreDMA_Controller_0/CoreDMA_Controller_0/CAXI4DMAI00OI/CAXI4DMAIlOl[7]:CLK
  To:   CoreDMA_IO_CTRL_0/CoreDMA_Controller_0/CoreDMA_Controller_0/CAXI4DMAI00OI/CAXI4DMAIlOl[11]:D
  Delay (ns):              3.877
  Slack (ns):              1.114
  Arrival (ns):           14.092
  Required (ns):          15.206
  Operating Conditions: slow_lv_ht

Path 82
  From: CoreDMA_IO_CTRL_0/CoreDMA_Controller_0/CoreDMA_Controller_0/CAXI4DMAI00OI/CAXI4DMAIlOl[6]:CLK
  To:   CoreDMA_IO_CTRL_0/CoreDMA_Controller_0/CoreDMA_Controller_0/CAXI4DMAI00OI/CAXI4DMAIlOl[4]:D
  Delay (ns):              3.838
  Slack (ns):              1.116
  Arrival (ns):           14.053
  Required (ns):          15.169
  Operating Conditions: slow_lv_ht

Path 83
  From: CoreDMA_IO_CTRL_0/CoreDMA_Controller_0/CoreDMA_Controller_0/CAXI4DMAOOlOI/CAXI4DMAOOl1I/CAXI4DMAlI0Ol[1][2]:CLK
  To:   CoreDMA_IO_CTRL_0/CoreDMA_Controller_0/CoreDMA_Controller_0/CAXI4DMAOOlOI/CAXI4DMAOOl1I/CAXI4DMAllIIl/CAXI4DMAO01Il_Z[1]:EN
  Delay (ns):              3.707
  Slack (ns):              1.117
  Arrival (ns):           13.901
  Required (ns):          15.018
  Operating Conditions: slow_lv_ht

Path 84
  From: CoreDMA_IO_CTRL_0/CoreDMA_Controller_0/CoreDMA_Controller_0/CAXI4DMAOOlOI/CAXI4DMAOOl1I/CAXI4DMAlI0Ol[1][2]:CLK
  To:   CoreDMA_IO_CTRL_0/CoreDMA_Controller_0/CoreDMA_Controller_0/CAXI4DMAOOlOI/CAXI4DMAOOl1I/CAXI4DMAllIIl/CAXI4DMAO01Il_Z[0]:EN
  Delay (ns):              3.707
  Slack (ns):              1.117
  Arrival (ns):           13.901
  Required (ns):          15.018
  Operating Conditions: slow_lv_ht

Path 85
  From: CoreDMA_IO_CTRL_0/CoreDMA_Controller_0/CoreDMA_Controller_0/CAXI4DMAI00OI/CAXI4DMAOIOl[17]:CLK
  To:   CoreDMA_IO_CTRL_0/CoreDMA_Controller_0/CoreDMA_Controller_0/CAXI4DMAI00OI/CAXI4DMAIlOl[5]:D
  Delay (ns):              3.804
  Slack (ns):              1.120
  Arrival (ns):           14.025
  Required (ns):          15.145
  Operating Conditions: slow_lv_ht

Path 86
  From: CoreDMA_IO_CTRL_0/CoreDMA_Controller_0/CoreDMA_Controller_0/CAXI4DMAI00OI/CAXI4DMAIlOl[7]:CLK
  To:   CoreDMA_IO_CTRL_0/CoreDMA_Controller_0/CoreDMA_Controller_0/CAXI4DMAI00OI/CAXI4DMAIlOl[9]:D
  Delay (ns):              3.834
  Slack (ns):              1.120
  Arrival (ns):           14.049
  Required (ns):          15.169
  Operating Conditions: slow_lv_ht

Path 87
  From: CoreDMA_IO_CTRL_0/CoreDMA_Controller_0/CoreDMA_Controller_0/CAXI4DMAI00OI/CAXI4DMAIlOl[1]:CLK
  To:   CoreDMA_IO_CTRL_0/CoreDMA_Controller_0/CoreDMA_Controller_0/CAXI4DMAI00OI/CAXI4DMAOllI[2]:D
  Delay (ns):              3.819
  Slack (ns):              1.121
  Arrival (ns):           14.033
  Required (ns):          15.154
  Operating Conditions: slow_lv_ht

Path 88
  From: CoreDMA_IO_CTRL_0/CoreDMA_Controller_0/CoreDMA_Controller_0/CAXI4DMAI00OI/CAXI4DMAIlOl[11]:CLK
  To:   CoreDMA_IO_CTRL_0/CoreDMA_Controller_0/CoreDMA_Controller_0/CAXI4DMAI00OI/CAXI4DMAIlOl[8]:D
  Delay (ns):              3.869
  Slack (ns):              1.123
  Arrival (ns):           14.083
  Required (ns):          15.206
  Operating Conditions: slow_lv_ht

Path 89
  From: CoreDMA_IO_CTRL_0/CoreDMA_Controller_0/CoreDMA_Controller_0/CAXI4DMAOOlOI/CAXI4DMAOOl1I/CAXI4DMAI01Ol/CAXI4DMAO010l_Z[12]:CLK
  To:   CoreDMA_IO_CTRL_0/CoreDMA_Controller_0/CoreDMA_Controller_0/CAXI4DMAOOlOI/CAXI4DMAOOl1I/CAXI4DMAllIIl/CAXI4DMAO01Il_Z[1]:EN
  Delay (ns):              3.691
  Slack (ns):              1.125
  Arrival (ns):           13.893
  Required (ns):          15.018
  Operating Conditions: slow_lv_ht

Path 90
  From: CoreDMA_IO_CTRL_0/CoreDMA_Controller_0/CoreDMA_Controller_0/CAXI4DMAOOlOI/CAXI4DMAOOl1I/CAXI4DMAI01Ol/CAXI4DMAO010l_Z[12]:CLK
  To:   CoreDMA_IO_CTRL_0/CoreDMA_Controller_0/CoreDMA_Controller_0/CAXI4DMAOOlOI/CAXI4DMAOOl1I/CAXI4DMAllIIl/CAXI4DMAO01Il_Z[0]:EN
  Delay (ns):              3.691
  Slack (ns):              1.125
  Arrival (ns):           13.893
  Required (ns):          15.018
  Operating Conditions: slow_lv_ht

Path 91
  From: CoreDMA_IO_CTRL_0/CoreDMA_Controller_0/CoreDMA_Controller_0/CAXI4DMAI00OI/CAXI4DMAIlOl[11]:CLK
  To:   CoreDMA_IO_CTRL_0/CoreDMA_Controller_0/CoreDMA_Controller_0/CAXI4DMAI00OI/CAXI4DMAIlOl[3]:D
  Delay (ns):              3.829
  Slack (ns):              1.126
  Arrival (ns):           14.043
  Required (ns):          15.169
  Operating Conditions: slow_lv_ht

Path 92
  From: CoreDMA_IO_CTRL_0/CoreDMA_Controller_0/CoreDMA_Controller_0/CAXI4DMAI00OI/CAXI4DMAIlOl[7]:CLK
  To:   CoreDMA_IO_CTRL_0/CoreDMA_Controller_0/CoreDMA_Controller_0/CAXI4DMAI00OI/CAXI4DMAIlOl[4]:D
  Delay (ns):              3.827
  Slack (ns):              1.127
  Arrival (ns):           14.042
  Required (ns):          15.169
  Operating Conditions: slow_lv_ht

Path 93
  From: CoreDMA_IO_CTRL_0/CoreDMA_Controller_0/CoreDMA_Controller_0/CAXI4DMAI00OI/CAXI4DMAOIOl[10]:CLK
  To:   CoreDMA_IO_CTRL_0/CoreDMA_Controller_0/CoreDMA_Controller_0/CAXI4DMAI00OI/CAXI4DMAIlOl[10]:D
  Delay (ns):              3.839
  Slack (ns):              1.128
  Arrival (ns):           14.042
  Required (ns):          15.170
  Operating Conditions: slow_lv_ht

Path 94
  From: CoreDMA_IO_CTRL_0/CoreDMA_Controller_0/CoreDMA_Controller_0/CAXI4DMAI00OI/CAXI4DMAIlOl[3]:CLK
  To:   CoreDMA_IO_CTRL_0/CoreDMA_Controller_0/CoreDMA_Controller_0/CAXI4DMAI00OI/CAXI4DMAIlOl[8]:D
  Delay (ns):              3.827
  Slack (ns):              1.129
  Arrival (ns):           14.041
  Required (ns):          15.170
  Operating Conditions: slow_lv_ht

Path 95
  From: CoreDMA_IO_CTRL_0/CoreDMA_Controller_0/CoreDMA_Controller_0/CAXI4DMAI00OI/CAXI4DMAIlOl[5]:CLK
  To:   CoreDMA_IO_CTRL_0/CoreDMA_Controller_0/CoreDMA_Controller_0/CAXI4DMAI00OI/CAXI4DMAOllI[2]:D
  Delay (ns):              3.809
  Slack (ns):              1.130
  Arrival (ns):           14.024
  Required (ns):          15.154
  Operating Conditions: slow_lv_ht

Path 96
  From: CoreDMA_IO_CTRL_0/CoreDMA_Controller_0/CoreDMA_Controller_0/CAXI4DMAI00OI/CAXI4DMAOIOl[10]:CLK
  To:   CoreDMA_IO_CTRL_0/CoreDMA_Controller_0/CoreDMA_Controller_0/CAXI4DMAI00OI/CAXI4DMAIlOl[11]:D
  Delay (ns):              3.835
  Slack (ns):              1.132
  Arrival (ns):           14.038
  Required (ns):          15.170
  Operating Conditions: slow_lv_ht

Path 97
  From: CoreDMA_IO_CTRL_0/CoreDMA_Controller_0/CoreDMA_Controller_0/CAXI4DMAI00OI/CAXI4DMAIlOl[1]:CLK
  To:   CoreDMA_IO_CTRL_0/CoreDMA_Controller_0/CoreDMA_Controller_0/CAXI4DMAI00OI/CAXI4DMAIlOl[7]:D
  Delay (ns):              3.823
  Slack (ns):              1.133
  Arrival (ns):           14.037
  Required (ns):          15.170
  Operating Conditions: slow_lv_ht

Path 98
  From: CoreDMA_IO_CTRL_0/CoreDMA_Controller_0/CoreDMA_Controller_0/CAXI4DMAI00OI/CAXI4DMAIlOl[9]:CLK
  To:   CoreDMA_IO_CTRL_0/CoreDMA_Controller_0/CoreDMA_Controller_0/CAXI4DMAI00OI/CAXI4DMAIlOl[8]:D
  Delay (ns):              3.822
  Slack (ns):              1.134
  Arrival (ns):           14.036
  Required (ns):          15.170
  Operating Conditions: slow_lv_ht

Path 99
  From: CoreDMA_IO_CTRL_0/CoreDMA_Controller_0/CoreDMA_Controller_0/CAXI4DMAI00OI/CAXI4DMAOIOl[16]:CLK
  To:   CoreDMA_IO_CTRL_0/CoreDMA_Controller_0/CoreDMA_Controller_0/CAXI4DMAI00OI/CAXI4DMAIlOl[4]:D
  Delay (ns):              3.788
  Slack (ns):              1.135
  Arrival (ns):           14.009
  Required (ns):          15.144
  Operating Conditions: slow_lv_ht

Path 100
  From: CoreDMA_IO_CTRL_0/CoreDMA_Controller_0/CoreDMA_Controller_0/CAXI4DMAI00OI/CAXI4DMAOIOl[4]:CLK
  To:   CoreDMA_IO_CTRL_0/CoreDMA_Controller_0/CoreDMA_Controller_0/CAXI4DMAI00OI/CAXI4DMAIlOl[4]:D
  Delay (ns):              3.824
  Slack (ns):              1.136
  Arrival (ns):           14.033
  Required (ns):          15.169
  Operating Conditions: slow_lv_ht

