Timing Violation Report Min Delay Analysis

SmartTime Version v12.6
Microsemi Corporation - Microsemi Libero Software Release v12.6 (Version 12.900.20.24)
Date: Wed Jul 21 08:24:39 2021


Design: top
Family: PolarFire
Die: MPF300T
Package: FCVG484
Temperature Range: 0 - 100 C
Voltage Range: 0.97 - 1.03 V
Speed Grade: -1
Design State: Post-Layout
Data source: Production
Multi Corner Report Operating Conditions: slow_lv_ht, slow_lv_lt, fast_hv_lt
Scenario for Timing Analysis: timing_analysis


*** IMPORTANT RECOMMENDATION *** If you haven't done so, it is highly recommended to add clock jitter information for each clock domain into Libero SoC through clock uncertainty SDC timing constraints. Please refer to the Libero SoC v12.5 release notes for more details.

Path 1
  From: PF_DDR4_SS_0/MSC_i_0/MSC_i_1/MSC_i_8/MSC_i_10/wr_data_delay_fifo_rd_data_reg[44]:CLK
  To:   PF_DDR4_SS_0/MSC_i_0/MSC_i_1/MSC_i_8/MSC_i_10/wr_data_packed[108]:D
  Delay (ns):              0.301
  Slack (ns):              0.026
  Arrival (ns):            8.015
  Required (ns):           7.989
  Operating Conditions: slow_lv_lt

Path 2
  From: PF_DDR4_SS_0/MSC_i_0/MSC_i_1/MSC_i_8/MSC_i_10/wr_data_delay_fifo_rd_data_reg[6]:CLK
  To:   PF_DDR4_SS_0/MSC_i_0/MSC_i_1/MSC_i_8/MSC_i_10/wr_data_packed[6]:D
  Delay (ns):              0.307
  Slack (ns):              0.028
  Arrival (ns):            8.018
  Required (ns):           7.990
  Operating Conditions: slow_lv_lt

Path 3
  From: PF_DDR4_SS_0/MSC_i_0/MSC_i_1/MSC_i_8/MSC_i_10/cmd_fifo_wr_data_reg1[64]:CLK
  To:   PF_DDR4_SS_0/MSC_i_0/MSC_i_1/MSC_i_8/MSC_i_10/cmd_fifo_wr_data_reg2[64]:D
  Delay (ns):              0.308
  Slack (ns):              0.036
  Arrival (ns):            8.032
  Required (ns):           7.996
  Operating Conditions: slow_lv_lt

Path 4
  From: PF_DDR4_SS_0/MSC_i_0/MSC_i_1/MSC_i_8/MSC_i_10/cmd_fifo_wr_data_reg2[62]:CLK
  To:   PF_DDR4_SS_0/MSC_i_0/MSC_i_1/MSC_i_8/MSC_i_10/cmd_fifo_wr_data_reg3[62]:D
  Delay (ns):              0.312
  Slack (ns):              0.039
  Arrival (ns):            8.038
  Required (ns):           7.999
  Operating Conditions: slow_lv_lt

Path 5
  From: PF_DDR4_SS_0/MSC_i_0/MSC_i_1/MSC_i_8/MSC_i_10/awaddr_r1[13]:CLK
  To:   PF_DDR4_SS_0/MSC_i_0/MSC_i_1/MSC_i_8/MSC_i_10/wr_cmd_wr_data[13]:D
  Delay (ns):              0.204
  Slack (ns):              0.041
  Arrival (ns):            5.867
  Required (ns):           5.826
  Operating Conditions: fast_hv_lt

Path 6
  From: PF_DDR4_SS_0/MSC_i_0/MSC_i_1/MSC_i_8/MSC_i_10/cmd_fifo_wr_data_reg3[69]:CLK
  To:   PF_DDR4_SS_0/MSC_i_0/MSC_i_1/MSC_i_8/MSC_i_10/cmd_fifo_wr_data_reg4[69]:D
  Delay (ns):              0.211
  Slack (ns):              0.042
  Arrival (ns):            5.876
  Required (ns):           5.834
  Operating Conditions: fast_hv_lt

Path 7
  From: PF_DDR4_SS_0/DDRPHY_BLK_0/IOD_TRAINING_0/COREDDR_TIP_INT_U/TIP_CTRL_BLK/LEVELLING/RDLVL/RDLVL_SMS/genblk1[0].RDLVL_TRAIN/gate_training/lowest_180_delay[2]:CLK
  To:   PF_DDR4_SS_0/DDRPHY_BLK_0/IOD_TRAINING_0/COREDDR_TIP_INT_U/TIP_CTRL_BLK/LEVELLING/RDLVL/RDLVL_SMS/genblk1[0].RDLVL_TRAIN/gate_training/steps_180_answer[2]:D
  Delay (ns):              0.218
  Slack (ns):              0.061
  Arrival (ns):            5.846
  Required (ns):           5.785
  Operating Conditions: fast_hv_lt

Path 8
  From: PF_DDR4_SS_0/MSC_i_0/MSC_i_1/MSC_i_8/MSC_i_10/l_req_tag_int[33]:CLK
  To:   PF_DDR4_SS_0/MSC_i_0/MSC_i_1/MSC_i_8/MSC_i_252/MSC_i_255/data_r1[88]:D
  Delay (ns):              0.231
  Slack (ns):              0.063
  Arrival (ns):            5.901
  Required (ns):           5.838
  Operating Conditions: fast_hv_lt

Path 9
  From: PF_DDR4_SS_0/DDRPHY_BLK_0/IOD_TRAINING_0/COREDDR_TIP_INT_U/TIP_CTRL_BLK/LEVELLING/RDLVL/RDLVL_SMS/genblk1[0].RDLVL_TRAIN/gate_training/lowest_180_delay[1]:CLK
  To:   PF_DDR4_SS_0/DDRPHY_BLK_0/IOD_TRAINING_0/COREDDR_TIP_INT_U/TIP_CTRL_BLK/LEVELLING/RDLVL/RDLVL_SMS/genblk1[0].RDLVL_TRAIN/gate_training/steps_180_answer[1]:D
  Delay (ns):              0.220
  Slack (ns):              0.063
  Arrival (ns):            5.848
  Required (ns):           5.785
  Operating Conditions: fast_hv_lt

Path 10
  From: PF_DDR4_SS_0/DDRPHY_BLK_0/IOD_TRAINING_0/COREDDR_TIP_INT_U/TIP_CTRL_BLK/LEVELLING/RDLVL/RDLVL_SMS/genblk1[0].RDLVL_TRAIN/dq_align_dqs_optimization/reset_data_gone_bad:CLK
  To:   PF_DDR4_SS_0/DDRPHY_BLK_0/IOD_TRAINING_0/COREDDR_TIP_INT_U/TIP_CTRL_BLK/LEVELLING/RDLVL/RDLVL_SMS/genblk1[0].RDLVL_TRAIN/dq_align_dqs_optimization/data_gone_bad[6]:SLn
  Delay (ns):              0.176
  Slack (ns):              0.063
  Arrival (ns):            5.811
  Required (ns):           5.748
  Operating Conditions: fast_hv_lt

Path 11
  From: PF_DDR4_SS_0/DDRPHY_BLK_0/IOD_TRAINING_0/COREDDR_TIP_INT_U/TIP_CTRL_BLK/LEVELLING/RDLVL/RDLVL_SMS/genblk1[0].RDLVL_TRAIN/dq_align_dqs_optimization/reset_data_gone_bad:CLK
  To:   PF_DDR4_SS_0/DDRPHY_BLK_0/IOD_TRAINING_0/COREDDR_TIP_INT_U/TIP_CTRL_BLK/LEVELLING/RDLVL/RDLVL_SMS/genblk1[0].RDLVL_TRAIN/dq_align_dqs_optimization/data_gone_bad[0]:SLn
  Delay (ns):              0.176
  Slack (ns):              0.063
  Arrival (ns):            5.811
  Required (ns):           5.748
  Operating Conditions: fast_hv_lt

Path 12
  From: PF_DDR4_SS_0/MSC_i_0/MSC_i_1/MSC_i_8/MSC_i_10/l_req_tag_int[46]:CLK
  To:   PF_DDR4_SS_0/MSC_i_0/MSC_i_1/MSC_i_8/MSC_i_252/MSC_i_255/data_r1[101]:D
  Delay (ns):              0.236
  Slack (ns):              0.068
  Arrival (ns):            5.906
  Required (ns):           5.838
  Operating Conditions: fast_hv_lt

Path 13
  From: PF_DDR4_SS_0/DDRPHY_BLK_0/IOD_TRAINING_0/COREDDR_TIP_INT_U/LANE_ALIGNMENT/dfi_rddata[82]:CLK
  To:   PF_DDR4_SS_0/MSC_i_0/MSC_i_1/dfi_rddata_w2_i[18]:D
  Delay (ns):              0.294
  Slack (ns):              0.069
  Arrival (ns):            8.798
  Required (ns):           8.729
  Operating Conditions: slow_lv_ht

Path 14
  From: PF_RESET_0/PF_RESET_0/dff_1:CLK
  To:   PF_RESET_0/PF_RESET_0/dff_2:D
  Delay (ns):              0.147
  Slack (ns):              0.070
  Arrival (ns):            5.795
  Required (ns):           5.725
  Operating Conditions: fast_hv_lt

Path 15
  From: PF_DDR4_SS_0/MSC_i_0/MSC_i_1/MSC_i_8/MSC_i_273/dfi_address_r2[8]:CLK
  To:   PF_DDR4_SS_0/DDRPHY_BLK_0/IOD_TRAINING_0/COREDDR_TIP_INT_U/u_register_bank/pipelined_generate_block.DFI_ADDRESS_P0_OUT[8]:D
  Delay (ns):              0.147
  Slack (ns):              0.070
  Arrival (ns):            5.822
  Required (ns):           5.752
  Operating Conditions: fast_hv_lt

Path 16
  From: PF_DDR4_SS_0/MSC_i_0/MSC_i_1/MSC_i_8/MSC_i_273/dfi_address_r2[1]:CLK
  To:   PF_DDR4_SS_0/DDRPHY_BLK_0/IOD_TRAINING_0/COREDDR_TIP_INT_U/u_register_bank/pipelined_generate_block.DFI_ADDRESS_P0_OUT[1]:D
  Delay (ns):              0.147
  Slack (ns):              0.070
  Arrival (ns):            5.822
  Required (ns):           5.752
  Operating Conditions: fast_hv_lt

Path 17
  From: PF_DDR4_SS_0/MSC_i_0/MSC_i_1/MSC_i_8/MSC_i_169/gen_fr4.DFI_WRDATA_ALIGN_eq_0.dfi_wrdata_p2_po_r1[25]:CLK
  To:   PF_DDR4_SS_0/MSC_i_0/MSC_i_1/MSC_i_8/MSC_i_272/data_shifter_gen[1].data_shifter[1][97]:D
  Delay (ns):              0.146
  Slack (ns):              0.070
  Arrival (ns):            5.807
  Required (ns):           5.737
  Operating Conditions: fast_hv_lt

Path 18
  From: PF_DDR4_SS_0/MSC_i_0/MSC_i_1/MSC_i_8/MSC_i_140/MSC_i_141/MSC_i_161/data_shifter_gen[39].data_shifter[39][0]:CLK
  To:   PF_DDR4_SS_0/MSC_i_0/MSC_i_1/MSC_i_8/MSC_i_140/MSC_i_141/MSC_i_161/data_shifter_gen[38].data_shifter[38][0]:D
  Delay (ns):              0.147
  Slack (ns):              0.070
  Arrival (ns):            5.820
  Required (ns):           5.750
  Operating Conditions: fast_hv_lt

Path 19
  From: PF_DDR4_SS_0/MSC_i_0/MSC_i_1/MSC_i_8/MSC_i_140/MSC_i_141/MSC_i_161/data_shifter_gen[22].data_shifter[22][0]:CLK
  To:   PF_DDR4_SS_0/MSC_i_0/MSC_i_1/MSC_i_8/MSC_i_140/MSC_i_141/MSC_i_161/data_shifter_gen[21].data_shifter[21][0]:D
  Delay (ns):              0.147
  Slack (ns):              0.070
  Arrival (ns):            5.817
  Required (ns):           5.747
  Operating Conditions: fast_hv_lt

Path 20
  From: PF_DDR4_SS_0/MSC_i_0/MSC_i_1/MSC_i_8/MSC_i_140/MSC_i_141/MSC_i_157/data_shifter_gen[8].data_shifter[8][0]:CLK
  To:   PF_DDR4_SS_0/MSC_i_0/MSC_i_1/MSC_i_8/MSC_i_140/MSC_i_141/MSC_i_157/data_shifter_gen[7].data_shifter[7][0]:D
  Delay (ns):              0.147
  Slack (ns):              0.070
  Arrival (ns):            5.825
  Required (ns):           5.755
  Operating Conditions: fast_hv_lt

Path 21
  From: PF_DDR4_SS_0/MSC_i_0/MSC_i_1/MSC_i_8/MSC_i_140/MSC_i_141/MSC_i_157/data_shifter_gen[13].data_shifter[13][1]:CLK
  To:   PF_DDR4_SS_0/MSC_i_0/MSC_i_1/MSC_i_8/MSC_i_140/MSC_i_141/MSC_i_157/data_shifter_gen[12].data_shifter[12][1]:D
  Delay (ns):              0.147
  Slack (ns):              0.070
  Arrival (ns):            5.845
  Required (ns):           5.775
  Operating Conditions: fast_hv_lt

Path 22
  From: PF_DDR4_SS_0/MSC_i_0/MSC_i_1/MSC_i_8/MSC_i_140/MSC_i_141/MSC_i_156/lat_n0.resettable.data_shifter_1_[49]:CLK
  To:   PF_DDR4_SS_0/MSC_i_0/MSC_i_1/MSC_i_8/MSC_i_140/MSC_i_141/MSC_i_156/lat_n0.resettable.data_shifter_2_[49]:D
  Delay (ns):              0.147
  Slack (ns):              0.070
  Arrival (ns):            5.818
  Required (ns):           5.748
  Operating Conditions: fast_hv_lt

Path 23
  From: AXI4_Interconnect_0/AXI4_Interconnect_0/SlvConvertor_loop[1].slvcnv/rgsl/genblk2.arrs/sDat[36]:CLK
  To:   CoreDMA_IO_CTRL_0/axi_io_ctrl_0/raddr_int[2]:D
  Delay (ns):              0.146
  Slack (ns):              0.070
  Arrival (ns):            5.808
  Required (ns):           5.738
  Operating Conditions: fast_hv_lt

Path 24
  From: PF_DDR4_SS_0/MSC_i_0/MSC_i_1/MSC_i_8/MSC_i_273/dfi_bank_r2[1]:CLK
  To:   PF_DDR4_SS_0/DDRPHY_BLK_0/IOD_TRAINING_0/COREDDR_TIP_INT_U/u_register_bank/pipelined_generate_block.DFI_BANK_P0_OUT[1]:D
  Delay (ns):              0.147
  Slack (ns):              0.071
  Arrival (ns):            5.815
  Required (ns):           5.744
  Operating Conditions: fast_hv_lt

Path 25
  From: PF_DDR4_SS_0/MSC_i_0/MSC_i_1/MSC_i_8/MSC_i_273/dfi_bank_r2[0]:CLK
  To:   PF_DDR4_SS_0/DDRPHY_BLK_0/IOD_TRAINING_0/COREDDR_TIP_INT_U/u_register_bank/pipelined_generate_block.DFI_BANK_P0_OUT[0]:D
  Delay (ns):              0.147
  Slack (ns):              0.071
  Arrival (ns):            5.817
  Required (ns):           5.746
  Operating Conditions: fast_hv_lt

Path 26
  From: PF_DDR4_SS_0/MSC_i_0/MSC_i_1/MSC_i_8/MSC_i_273/dfi_address_r2[6]:CLK
  To:   PF_DDR4_SS_0/DDRPHY_BLK_0/IOD_TRAINING_0/COREDDR_TIP_INT_U/u_register_bank/pipelined_generate_block.DFI_ADDRESS_P0_OUT[6]:D
  Delay (ns):              0.147
  Slack (ns):              0.071
  Arrival (ns):            5.823
  Required (ns):           5.752
  Operating Conditions: fast_hv_lt

Path 27
  From: PF_DDR4_SS_0/MSC_i_0/MSC_i_1/MSC_i_8/MSC_i_273/dfi_address_r2[12]:CLK
  To:   PF_DDR4_SS_0/DDRPHY_BLK_0/IOD_TRAINING_0/COREDDR_TIP_INT_U/u_register_bank/pipelined_generate_block.DFI_ADDRESS_P0_OUT[12]:D
  Delay (ns):              0.147
  Slack (ns):              0.071
  Arrival (ns):            5.816
  Required (ns):           5.745
  Operating Conditions: fast_hv_lt

Path 28
  From: PF_DDR4_SS_0/MSC_i_0/MSC_i_1/MSC_i_8/MSC_i_140/MSC_i_141/MSC_i_157/data_shifter_gen[16].data_shifter[16][1]:CLK
  To:   PF_DDR4_SS_0/MSC_i_0/MSC_i_1/MSC_i_8/MSC_i_140/MSC_i_141/MSC_i_157/data_shifter_gen[15].data_shifter[15][1]:D
  Delay (ns):              0.147
  Slack (ns):              0.071
  Arrival (ns):            5.845
  Required (ns):           5.774
  Operating Conditions: fast_hv_lt

Path 29
  From: PF_DDR4_SS_0/MSC_i_0/MSC_i_1/MSC_i_8/MSC_i_10/cmd_fifo_wr_data_reg3[8]:CLK
  To:   PF_DDR4_SS_0/MSC_i_0/MSC_i_1/MSC_i_8/MSC_i_10/cmd_fifo_wr_data_reg4[8]:D
  Delay (ns):              0.147
  Slack (ns):              0.071
  Arrival (ns):            5.814
  Required (ns):           5.743
  Operating Conditions: fast_hv_lt

Path 30
  From: PF_DDR4_SS_0/MSC_i_0/MSC_i_1/MSC_i_8/MSC_i_140/MSC_i_141/MSC_i_161/data_shifter_gen[25].data_shifter[25][0]:CLK
  To:   PF_DDR4_SS_0/MSC_i_0/MSC_i_1/MSC_i_8/MSC_i_140/MSC_i_141/MSC_i_161/data_shifter_gen[24].data_shifter[24][0]:D
  Delay (ns):              0.150
  Slack (ns):              0.072
  Arrival (ns):            5.820
  Required (ns):           5.748
  Operating Conditions: fast_hv_lt

Path 31
  From: PF_DDR4_SS_0/MSC_i_0/MSC_i_1/MSC_i_8/MSC_i_140/MSC_i_141/MSC_i_161/data_shifter_gen[24].data_shifter[24][0]:CLK
  To:   PF_DDR4_SS_0/MSC_i_0/MSC_i_1/MSC_i_8/MSC_i_140/MSC_i_141/MSC_i_161/data_shifter_gen[23].data_shifter[23][0]:D
  Delay (ns):              0.148
  Slack (ns):              0.072
  Arrival (ns):            5.819
  Required (ns):           5.747
  Operating Conditions: fast_hv_lt

Path 32
  From: AXI4_Interconnect_0/AXI4_Interconnect_0/SlvConvertor_loop[4].slvcnv/rgsl/genblk2.arrs/sDat[60]:CLK
  To:   PF_DDR4_SS_0/MSC_i_0/MSC_i_1/MSC_i_8/MSC_i_10/araddr_r1[29]:D
  Delay (ns):              0.148
  Slack (ns):              0.072
  Arrival (ns):            5.809
  Required (ns):           5.737
  Operating Conditions: fast_hv_lt

Path 33
  From: AXI4_Interconnect_0/AXI4_Interconnect_0/SlvConvertor_loop[2].slvcnv/slvCDC/genblk1.cdc_RChan/wrPtr_s1[1]:CLK
  To:   AXI4_Interconnect_0/AXI4_Interconnect_0/SlvConvertor_loop[2].slvcnv/slvCDC/genblk1.cdc_RChan/wrPtr_s2[1]:D
  Delay (ns):              0.150
  Slack (ns):              0.072
  Arrival (ns):            5.823
  Required (ns):           5.751
  Operating Conditions: fast_hv_lt

Path 34
  From: AXI4_Interconnect_0/AXI4_Interconnect_0/MstConvertor_loop[1].mstrconv/rgsl/genblk1.awrs/holdDat[50]:CLK
  To:   AXI4_Interconnect_0/AXI4_Interconnect_0/MstConvertor_loop[1].mstrconv/rgsl/genblk1.awrs/sDat[50]:D
  Delay (ns):              0.242
  Slack (ns):              0.072
  Arrival (ns):            5.901
  Required (ns):           5.829
  Operating Conditions: fast_hv_lt

Path 35
  From: PF_DDR4_SS_0/MSC_i_0/MSC_i_1/MSC_i_8/MSC_i_252/MSC_i_255/data_r1[35]:CLK
  To:   PF_DDR4_SS_0/MSC_i_0/MSC_i_1/MSC_i_8/MSC_i_252/MSC_i_255/data_r2[35]:D
  Delay (ns):              0.150
  Slack (ns):              0.073
  Arrival (ns):            5.825
  Required (ns):           5.752
  Operating Conditions: fast_hv_lt

Path 36
  From: PF_DDR4_SS_0/MSC_i_0/MSC_i_1/MSC_i_8/MSC_i_10/cmd_fifo_wr_data_reg1[12]:CLK
  To:   PF_DDR4_SS_0/MSC_i_0/MSC_i_1/MSC_i_8/MSC_i_10/cmd_fifo_wr_data_reg2[12]:D
  Delay (ns):              0.149
  Slack (ns):              0.073
  Arrival (ns):            5.817
  Required (ns):           5.744
  Operating Conditions: fast_hv_lt

Path 37
  From: PF_DDR4_SS_0/MSC_i_0/MSC_i_1/MSC_i_8/MSC_i_273/dfi_act_n_r2:CLK
  To:   PF_DDR4_SS_0/DDRPHY_BLK_0/IOD_TRAINING_0/COREDDR_TIP_INT_U/u_register_bank/pipelined_generate_block.DFI_ACT_N_P0_OUT:D
  Delay (ns):              0.150
  Slack (ns):              0.074
  Arrival (ns):            5.820
  Required (ns):           5.746
  Operating Conditions: fast_hv_lt

Path 38
  From: PF_DDR4_SS_0/MSC_i_0/MSC_i_1/MSC_i_8/MSC_i_140/MSC_i_141/MSC_i_161/data_shifter_gen[21].data_shifter[21][0]:CLK
  To:   PF_DDR4_SS_0/MSC_i_0/MSC_i_1/MSC_i_8/MSC_i_140/MSC_i_141/MSC_i_161/data_shifter_gen[20].data_shifter[20][0]:D
  Delay (ns):              0.150
  Slack (ns):              0.074
  Arrival (ns):            5.821
  Required (ns):           5.747
  Operating Conditions: fast_hv_lt

Path 39
  From: PF_DDR4_SS_0/MSC_i_0/MSC_i_1/MSC_i_8/MSC_i_140/MSC_i_141/MSC_i_157/data_shifter_gen[14].data_shifter[14][1]:CLK
  To:   PF_DDR4_SS_0/MSC_i_0/MSC_i_1/MSC_i_8/MSC_i_140/MSC_i_141/MSC_i_157/data_shifter_gen[13].data_shifter[13][1]:D
  Delay (ns):              0.150
  Slack (ns):              0.074
  Arrival (ns):            5.848
  Required (ns):           5.774
  Operating Conditions: fast_hv_lt

Path 40
  From: PF_DDR4_SS_0/MSC_i_0/MSC_i_1/MSC_i_8/MSC_i_140/MSC_i_141/MSC_i_156/lat_n0.resettable.data_shifter_2_[106]:CLK
  To:   PF_DDR4_SS_0/MSC_i_0/MSC_i_1/MSC_i_8/MSC_i_273/dfi_bank_r1[0]:D
  Delay (ns):              0.150
  Slack (ns):              0.074
  Arrival (ns):            5.820
  Required (ns):           5.746
  Operating Conditions: fast_hv_lt

Path 41
  From: PF_DDR4_SS_0/MSC_i_0/MSC_i_1/MSC_i_8/MSC_i_10/cmd_fifo_wr_data_reg2[16]:CLK
  To:   PF_DDR4_SS_0/MSC_i_0/MSC_i_1/MSC_i_8/MSC_i_10/cmd_fifo_wr_data_reg3[16]:D
  Delay (ns):              0.148
  Slack (ns):              0.074
  Arrival (ns):            5.811
  Required (ns):           5.737
  Operating Conditions: fast_hv_lt

Path 42
  From: PF_DDR4_SS_0/DDRPHY_BLK_0/IOD_TRAINING_0/COREDDR_TIP_INT_U/TIP_CTRL_BLK/LEVELLING/IOG_IF/move_int[12]:CLK
  To:   PF_DDR4_SS_0/DDRPHY_BLK_0/IOD_TRAINING_0/COREDDR_TIP_INT_U/MOVE[12]:D
  Delay (ns):              0.148
  Slack (ns):              0.074
  Arrival (ns):            5.783
  Required (ns):           5.709
  Operating Conditions: fast_hv_lt

Path 43
  From: AXI4_Interconnect_0/AXI4_Interconnect_0/SlvConvertor_loop[1].slvcnv/rgsl/genblk4.wrs/sDat[35]:CLK
  To:   CoreDMA_IO_CTRL_0/axi_io_ctrl_0/dma0_size[22]:D
  Delay (ns):              0.151
  Slack (ns):              0.074
  Arrival (ns):            5.823
  Required (ns):           5.749
  Operating Conditions: fast_hv_lt

Path 44
  From: PF_DDR4_SS_0/MSC_i_0/MSC_i_1/MSC_i_8/MSC_i_273/dfi_odt_p1_r2[0]:CLK
  To:   PF_DDR4_SS_0/DDRPHY_BLK_0/IOD_TRAINING_0/COREDDR_TIP_INT_U/u_register_bank/pipelined_generate_block.DFI_ODT_P0_OUT:D
  Delay (ns):              0.152
  Slack (ns):              0.075
  Arrival (ns):            5.824
  Required (ns):           5.749
  Operating Conditions: fast_hv_lt

Path 45
  From: PF_DDR4_SS_0/MSC_i_0/MSC_i_1/MSC_i_8/MSC_i_273/dfi_address_r1[4]:CLK
  To:   PF_DDR4_SS_0/DDRPHY_BLK_0/IOD_TRAINING_0/COREDDR_TIP_INT_U/u_register_bank/pipelined_generate_block.DFI_ADDRESS_P1_OUT[4]:D
  Delay (ns):              0.152
  Slack (ns):              0.075
  Arrival (ns):            5.827
  Required (ns):           5.752
  Operating Conditions: fast_hv_lt

Path 46
  From: PF_DDR4_SS_0/MSC_i_0/MSC_i_1/MSC_i_8/MSC_i_169/gen_fr4.DFI_WRDATA_ALIGN_eq_0.dfi_wrdata_p2_po_r1[19]:CLK
  To:   PF_DDR4_SS_0/MSC_i_0/MSC_i_1/MSC_i_8/MSC_i_272/data_shifter_gen[1].data_shifter[1][91]:D
  Delay (ns):              0.151
  Slack (ns):              0.075
  Arrival (ns):            5.820
  Required (ns):           5.745
  Operating Conditions: fast_hv_lt

Path 47
  From: PF_DDR4_SS_0/MSC_i_0/MSC_i_1/MSC_i_8/MSC_i_169/MSC_i_171/fr4.dfi_in_p3_r:CLK
  To:   PF_DDR4_SS_0/MSC_i_0/MSC_i_1/MSC_i_8/MSC_i_272/data_shifter_gen[1].data_shifter[1][114]:D
  Delay (ns):              0.151
  Slack (ns):              0.075
  Arrival (ns):            5.800
  Required (ns):           5.725
  Operating Conditions: fast_hv_lt

Path 48
  From: PF_DDR4_SS_0/MSC_i_0/MSC_i_1/MSC_i_8/MSC_i_140/MSC_i_141/rd_cmd_sh[3]:CLK
  To:   PF_DDR4_SS_0/MSC_i_0/MSC_i_1/MSC_i_8/MSC_i_140/MSC_i_141/rd_cmd_sh[4]:D
  Delay (ns):              0.150
  Slack (ns):              0.075
  Arrival (ns):            5.824
  Required (ns):           5.749
  Operating Conditions: fast_hv_lt

Path 49
  From: PF_DDR4_SS_0/MSC_i_0/MSC_i_1/MSC_i_8/MSC_i_140/MSC_i_141/MSC_i_161/data_shifter_gen[37].data_shifter[37][0]:CLK
  To:   PF_DDR4_SS_0/MSC_i_0/MSC_i_1/MSC_i_8/MSC_i_140/MSC_i_141/MSC_i_161/data_shifter_gen[36].data_shifter[36][0]:D
  Delay (ns):              0.151
  Slack (ns):              0.075
  Arrival (ns):            5.824
  Required (ns):           5.749
  Operating Conditions: fast_hv_lt

Path 50
  From: PF_DDR4_SS_0/MSC_i_0/MSC_i_1/MSC_i_8/MSC_i_140/MSC_i_141/MSC_i_161/data_shifter_gen[34].data_shifter[34][0]:CLK
  To:   PF_DDR4_SS_0/MSC_i_0/MSC_i_1/MSC_i_8/MSC_i_140/MSC_i_141/MSC_i_161/data_shifter_gen[33].data_shifter[33][0]:D
  Delay (ns):              0.151
  Slack (ns):              0.075
  Arrival (ns):            5.824
  Required (ns):           5.749
  Operating Conditions: fast_hv_lt

Path 51
  From: PF_DDR4_SS_0/MSC_i_0/MSC_i_1/MSC_i_8/MSC_i_140/MSC_i_141/MSC_i_156/lat_n0.resettable.data_shifter_0_[112]:CLK
  To:   PF_DDR4_SS_0/MSC_i_0/MSC_i_1/MSC_i_8/MSC_i_140/MSC_i_141/MSC_i_156/lat_n0.resettable.data_shifter_1_[112]:D
  Delay (ns):              0.152
  Slack (ns):              0.075
  Arrival (ns):            5.829
  Required (ns):           5.754
  Operating Conditions: fast_hv_lt

Path 52
  From: PF_DDR4_SS_0/MSC_i_0/MSC_i_1/MSC_i_8/MSC_i_10/cmd_fifo_wr_data_reg3[4]:CLK
  To:   PF_DDR4_SS_0/MSC_i_0/MSC_i_1/MSC_i_8/MSC_i_10/cmd_fifo_wr_data_reg4[4]:D
  Delay (ns):              0.151
  Slack (ns):              0.075
  Arrival (ns):            5.818
  Required (ns):           5.743
  Operating Conditions: fast_hv_lt

Path 53
  From: PF_DDR4_SS_0/DDRPHY_BLK_0/IOD_TRAINING_0/COREDDR_TIP_INT_U/u_register_bank/pipelined_generate_block.IOG_DQ_TXDATA_OUT[100]:CLK
  To:   PF_DDR4_SS_0/DDRPHY_BLK_0/IOD_TRAINING_0/COREDDR_TIP_INT_U/TIP_CTRL_BLK/PHY_SIG_MOD/iog_dq_txdata_in_reg[100]:D
  Delay (ns):              0.151
  Slack (ns):              0.075
  Arrival (ns):            5.812
  Required (ns):           5.737
  Operating Conditions: fast_hv_lt

Path 54
  From: PF_DDR4_SS_0/DDRPHY_BLK_0/IOD_TRAINING_0/COREDDR_TIP_INT_U/TIP_CTRL_BLK/LEVELLING/IOG_IF/move_int[2]:CLK
  To:   PF_DDR4_SS_0/DDRPHY_BLK_0/IOD_TRAINING_0/COREDDR_TIP_INT_U/MOVE[2]:D
  Delay (ns):              0.151
  Slack (ns):              0.075
  Arrival (ns):            5.822
  Required (ns):           5.747
  Operating Conditions: fast_hv_lt

Path 55
  From: CoreDMA_IO_CTRL_0/axi4dma_init_0/reg_waddr[6]:CLK
  To:   CoreDMA_IO_CTRL_0/axi4dma_init_0/awaddr_reg[6]:D
  Delay (ns):              0.151
  Slack (ns):              0.075
  Arrival (ns):            5.804
  Required (ns):           5.729
  Operating Conditions: fast_hv_lt

Path 56
  From: CoreDMA_IO_CTRL_0/axi4dma_init_0/reg_waddr[3]:CLK
  To:   CoreDMA_IO_CTRL_0/axi4dma_init_0/awaddr_reg[3]:D
  Delay (ns):              0.152
  Slack (ns):              0.075
  Arrival (ns):            5.805
  Required (ns):           5.730
  Operating Conditions: fast_hv_lt

Path 57
  From: AXI4_Interconnect_0/AXI4_Interconnect_0/SlvConvertor_loop[3].slvcnv/rgsl/genblk4.wrs/sDat[34]:CLK
  To:   SRAM_AXI_0/COREAXI4SRAM_0/genblk1.U_SRAM_AXI_COREAXI4SRAM_0_CoreAXI4SRAM_MAINCTRL/genblk1.wdata_sc_r[24]:D
  Delay (ns):              0.151
  Slack (ns):              0.075
  Arrival (ns):            5.825
  Required (ns):           5.750
  Operating Conditions: fast_hv_lt

Path 58
  From: PF_RESET_0/PF_RESET_0/dff_6:CLK
  To:   PF_RESET_0/PF_RESET_0/dff_7:D
  Delay (ns):              0.153
  Slack (ns):              0.076
  Arrival (ns):            5.801
  Required (ns):           5.725
  Operating Conditions: fast_hv_lt

Path 59
  From: PF_DDR4_SS_0/MSC_i_0/MSC_i_1/MSC_i_8/MSC_i_273/dfi_bank_r2[2]:CLK
  To:   PF_DDR4_SS_0/DDRPHY_BLK_0/IOD_TRAINING_0/COREDDR_TIP_INT_U/u_register_bank/pipelined_generate_block.DFI_BG_P0_OUT[0]:D
  Delay (ns):              0.151
  Slack (ns):              0.076
  Arrival (ns):            5.817
  Required (ns):           5.741
  Operating Conditions: fast_hv_lt

Path 60
  From: PF_DDR4_SS_0/MSC_i_0/MSC_i_1/MSC_i_8/MSC_i_273/dfi_address_r2[11]:CLK
  To:   PF_DDR4_SS_0/DDRPHY_BLK_0/IOD_TRAINING_0/COREDDR_TIP_INT_U/u_register_bank/pipelined_generate_block.DFI_ADDRESS_P0_OUT[11]:D
  Delay (ns):              0.153
  Slack (ns):              0.076
  Arrival (ns):            5.828
  Required (ns):           5.752
  Operating Conditions: fast_hv_lt

Path 61
  From: PF_DDR4_SS_0/MSC_i_0/MSC_i_1/MSC_i_8/MSC_i_273/dfi_address_r1[5]:CLK
  To:   PF_DDR4_SS_0/MSC_i_0/MSC_i_1/MSC_i_8/MSC_i_273/dfi_address_r2[5]:D
  Delay (ns):              0.152
  Slack (ns):              0.076
  Arrival (ns):            5.828
  Required (ns):           5.752
  Operating Conditions: fast_hv_lt

Path 62
  From: PF_DDR4_SS_0/MSC_i_0/MSC_i_1/MSC_i_8/MSC_i_273/dfi_address_r1[2]:CLK
  To:   PF_DDR4_SS_0/MSC_i_0/MSC_i_1/MSC_i_8/MSC_i_273/dfi_address_r2[2]:D
  Delay (ns):              0.152
  Slack (ns):              0.076
  Arrival (ns):            5.828
  Required (ns):           5.752
  Operating Conditions: fast_hv_lt

Path 63
  From: PF_DDR4_SS_0/MSC_i_0/MSC_i_1/MSC_i_8/MSC_i_252/MSC_i_255/data_r1[24]:CLK
  To:   PF_DDR4_SS_0/MSC_i_0/MSC_i_1/MSC_i_8/MSC_i_252/MSC_i_255/data_r2[24]:D
  Delay (ns):              0.152
  Slack (ns):              0.076
  Arrival (ns):            5.823
  Required (ns):           5.747
  Operating Conditions: fast_hv_lt

Path 64
  From: PF_DDR4_SS_0/MSC_i_0/MSC_i_1/MSC_i_8/MSC_i_169/MSC_i_201/fr4.dfi_in_p3_r:CLK
  To:   PF_DDR4_SS_0/MSC_i_0/MSC_i_1/MSC_i_8/MSC_i_272/data_shifter_gen[1].data_shifter[1][105]:D
  Delay (ns):              0.152
  Slack (ns):              0.076
  Arrival (ns):            5.804
  Required (ns):           5.728
  Operating Conditions: fast_hv_lt

Path 65
  From: PF_DDR4_SS_0/MSC_i_0/MSC_i_1/MSC_i_8/MSC_i_140/MSC_i_141/MSC_i_157/data_shifter_gen[15].data_shifter[15][0]:CLK
  To:   PF_DDR4_SS_0/MSC_i_0/MSC_i_1/MSC_i_8/MSC_i_140/MSC_i_141/MSC_i_157/data_shifter_gen[14].data_shifter[14][0]:D
  Delay (ns):              0.151
  Slack (ns):              0.076
  Arrival (ns):            5.830
  Required (ns):           5.754
  Operating Conditions: fast_hv_lt

Path 66
  From: PF_DDR4_SS_0/MSC_i_0/MSC_i_1/MSC_i_8/MSC_i_140/MSC_i_141/MSC_i_156/lat_n0.resettable.data_shifter_2_[108]:CLK
  To:   PF_DDR4_SS_0/MSC_i_0/MSC_i_1/MSC_i_8/MSC_i_273/dfi_bank_r1[2]:D
  Delay (ns):              0.151
  Slack (ns):              0.076
  Arrival (ns):            5.817
  Required (ns):           5.741
  Operating Conditions: fast_hv_lt

Path 67
  From: PF_DDR4_SS_0/MSC_i_0/MSC_i_1/MSC_i_8/MSC_i_10/cmd_fifo_wr_data_reg3[86]:CLK
  To:   PF_DDR4_SS_0/MSC_i_0/MSC_i_1/MSC_i_8/MSC_i_10/cmd_fifo_wr_data_reg4[86]:D
  Delay (ns):              0.153
  Slack (ns):              0.076
  Arrival (ns):            5.818
  Required (ns):           5.742
  Operating Conditions: fast_hv_lt

Path 68
  From: PF_DDR4_SS_0/DDRPHY_BLK_0/IOD_TRAINING_0/COREDDR_TIP_INT_U/u_register_bank/pipelined_generate_block.IOG_DQ_TXDATA_OUT[55]:CLK
  To:   PF_DDR4_SS_0/DDRPHY_BLK_0/IOD_TRAINING_0/COREDDR_TIP_INT_U/TIP_CTRL_BLK/PHY_SIG_MOD/iog_dq_txdata_in_reg[55]:D
  Delay (ns):              0.152
  Slack (ns):              0.076
  Arrival (ns):            5.807
  Required (ns):           5.731
  Operating Conditions: fast_hv_lt

Path 69
  From: PF_DDR4_SS_0/DDRPHY_BLK_0/IOD_TRAINING_0/COREDDR_TIP_INT_U/u_register_bank/pipelined_generate_block.IOG_DQ_TXDATA_OUT[39]:CLK
  To:   PF_DDR4_SS_0/DDRPHY_BLK_0/IOD_TRAINING_0/COREDDR_TIP_INT_U/TIP_CTRL_BLK/PHY_SIG_MOD/iog_dq_txdata_in_reg[39]:D
  Delay (ns):              0.152
  Slack (ns):              0.076
  Arrival (ns):            5.814
  Required (ns):           5.738
  Operating Conditions: fast_hv_lt

Path 70
  From: PF_DDR4_SS_0/DDRPHY_BLK_0/IOD_TRAINING_0/COREDDR_TIP_INT_U/u_register_bank/pipelined_generate_block.IOG_DQ_TXDATA_OUT[28]:CLK
  To:   PF_DDR4_SS_0/DDRPHY_BLK_0/IOD_TRAINING_0/COREDDR_TIP_INT_U/TIP_CTRL_BLK/PHY_SIG_MOD/iog_dq_txdata_in_reg[28]:D
  Delay (ns):              0.152
  Slack (ns):              0.076
  Arrival (ns):            5.814
  Required (ns):           5.738
  Operating Conditions: fast_hv_lt

Path 71
  From: PF_DDR4_SS_0/DDRPHY_BLK_0/IOD_TRAINING_0/COREDDR_TIP_INT_U/u_register_bank/pipelined_generate_block.IOG_DQ_TXDATA_OUT[108]:CLK
  To:   PF_DDR4_SS_0/DDRPHY_BLK_0/IOD_TRAINING_0/COREDDR_TIP_INT_U/TIP_CTRL_BLK/PHY_SIG_MOD/iog_dq_txdata_in_reg[108]:D
  Delay (ns):              0.153
  Slack (ns):              0.076
  Arrival (ns):            5.814
  Required (ns):           5.738
  Operating Conditions: fast_hv_lt

Path 72
  From: PF_DDR4_SS_0/DDRPHY_BLK_0/IOD_TRAINING_0/COREDDR_TIP_INT_U/u_register_bank/pipelined_generate_block.IOG_DQ_TXDATA_OUT[101]:CLK
  To:   PF_DDR4_SS_0/DDRPHY_BLK_0/IOD_TRAINING_0/COREDDR_TIP_INT_U/TIP_CTRL_BLK/PHY_SIG_MOD/iog_dq_txdata_in_reg[101]:D
  Delay (ns):              0.150
  Slack (ns):              0.076
  Arrival (ns):            5.793
  Required (ns):           5.717
  Operating Conditions: fast_hv_lt

Path 73
  From: system_top_0/counter_2[0]:CLK
  To:   system_top_0/counter_2[1]:D
  Delay (ns):              0.153
  Slack (ns):              0.077
  Arrival (ns):            2.004
  Required (ns):           1.927
  Operating Conditions: fast_hv_lt

Path 74
  From: PF_DDR4_SS_0/MSC_i_0/MSC_i_1/MSC_i_8/MSC_i_273/dfi_bank_r2[3]:CLK
  To:   PF_DDR4_SS_0/DDRPHY_BLK_0/IOD_TRAINING_0/COREDDR_TIP_INT_U/u_register_bank/pipelined_generate_block.DFI_BG_P0_OUT[1]:D
  Delay (ns):              0.153
  Slack (ns):              0.077
  Arrival (ns):            5.821
  Required (ns):           5.744
  Operating Conditions: fast_hv_lt

Path 75
  From: PF_DDR4_SS_0/MSC_i_0/MSC_i_1/MSC_i_8/MSC_i_273/dfi_bank_r1[1]:CLK
  To:   PF_DDR4_SS_0/MSC_i_0/MSC_i_1/MSC_i_8/MSC_i_273/dfi_bank_r2[1]:D
  Delay (ns):              0.153
  Slack (ns):              0.077
  Arrival (ns):            5.821
  Required (ns):           5.744
  Operating Conditions: fast_hv_lt

Path 76
  From: PF_DDR4_SS_0/MSC_i_0/MSC_i_1/MSC_i_8/MSC_i_273/dfi_address_r1[6]:CLK
  To:   PF_DDR4_SS_0/DDRPHY_BLK_0/IOD_TRAINING_0/COREDDR_TIP_INT_U/u_register_bank/pipelined_generate_block.DFI_ADDRESS_P3_OUT[6]:D
  Delay (ns):              0.153
  Slack (ns):              0.077
  Arrival (ns):            5.829
  Required (ns):           5.752
  Operating Conditions: fast_hv_lt

Path 77
  From: PF_DDR4_SS_0/MSC_i_0/MSC_i_1/MSC_i_8/MSC_i_169/gen_fr4.DFI_WRDATA_ALIGN_eq_0.dfi_wrdata_p3_po_r1[16]:CLK
  To:   PF_DDR4_SS_0/MSC_i_0/MSC_i_1/MSC_i_8/MSC_i_272/data_shifter_gen[1].data_shifter[1][56]:D
  Delay (ns):              0.154
  Slack (ns):              0.077
  Arrival (ns):            5.813
  Required (ns):           5.736
  Operating Conditions: fast_hv_lt

Path 78
  From: PF_DDR4_SS_0/MSC_i_0/MSC_i_1/MSC_i_8/MSC_i_140/MSC_i_141/MSC_i_161/data_shifter_gen[8].data_shifter[8][0]:CLK
  To:   PF_DDR4_SS_0/MSC_i_0/MSC_i_1/MSC_i_8/MSC_i_140/MSC_i_141/MSC_i_161/data_shifter_gen[7].data_shifter[7][0]:D
  Delay (ns):              0.154
  Slack (ns):              0.077
  Arrival (ns):            5.830
  Required (ns):           5.753
  Operating Conditions: fast_hv_lt

Path 79
  From: PF_DDR4_SS_0/MSC_i_0/MSC_i_1/MSC_i_8/MSC_i_140/MSC_i_141/MSC_i_161/data_shifter_gen[5].data_shifter[5][0]:CLK
  To:   PF_DDR4_SS_0/MSC_i_0/MSC_i_1/MSC_i_8/MSC_i_140/MSC_i_141/MSC_i_161/data_shifter_gen[4].data_shifter[4][0]:D
  Delay (ns):              0.153
  Slack (ns):              0.077
  Arrival (ns):            5.829
  Required (ns):           5.752
  Operating Conditions: fast_hv_lt

Path 80
  From: PF_DDR4_SS_0/MSC_i_0/MSC_i_1/MSC_i_8/MSC_i_140/MSC_i_141/MSC_i_157/data_shifter_gen[4].data_shifter[4][0]:CLK
  To:   PF_DDR4_SS_0/MSC_i_0/MSC_i_1/MSC_i_8/MSC_i_140/MSC_i_141/MSC_i_157/data_shifter_gen[3].data_shifter[3][0]:D
  Delay (ns):              0.154
  Slack (ns):              0.077
  Arrival (ns):            5.831
  Required (ns):           5.754
  Operating Conditions: fast_hv_lt

Path 81
  From: PF_DDR4_SS_0/MSC_i_0/MSC_i_1/MSC_i_8/MSC_i_140/MSC_i_141/MSC_i_156/lat_n0.resettable.data_shifter_0_[122]:CLK
  To:   PF_DDR4_SS_0/MSC_i_0/MSC_i_1/MSC_i_8/MSC_i_140/MSC_i_141/MSC_i_156/lat_n0.resettable.data_shifter_1_[122]:D
  Delay (ns):              0.151
  Slack (ns):              0.077
  Arrival (ns):            5.838
  Required (ns):           5.761
  Operating Conditions: fast_hv_lt

Path 82
  From: PF_DDR4_SS_0/MSC_i_0/MSC_i_1/MSC_i_8/MSC_i_10/wr_data_delay_fifo_rd_data_reg[4]:CLK
  To:   PF_DDR4_SS_0/MSC_i_0/MSC_i_1/MSC_i_8/MSC_i_10/wr_data_packed[4]:D
  Delay (ns):              0.249
  Slack (ns):              0.077
  Arrival (ns):            5.900
  Required (ns):           5.823
  Operating Conditions: fast_hv_lt

Path 83
  From: PF_DDR4_SS_0/MSC_i_0/MSC_i_1/MSC_i_8/MSC_i_10/cmd_fifo_wr_data_reg3[19]:CLK
  To:   PF_DDR4_SS_0/MSC_i_0/MSC_i_1/MSC_i_8/MSC_i_10/cmd_fifo_wr_data_reg4[19]:D
  Delay (ns):              0.151
  Slack (ns):              0.077
  Arrival (ns):            5.815
  Required (ns):           5.738
  Operating Conditions: fast_hv_lt

Path 84
  From: PF_DDR4_SS_0/MSC_i_0/MSC_i_1/MSC_i_8/MSC_i_10/awaddr_r1[8]:CLK
  To:   PF_DDR4_SS_0/MSC_i_0/MSC_i_1/MSC_i_8/MSC_i_10/wr_cmd_wr_data[8]:D
  Delay (ns):              0.151
  Slack (ns):              0.077
  Arrival (ns):            5.814
  Required (ns):           5.737
  Operating Conditions: fast_hv_lt

Path 85
  From: PF_DDR4_SS_0/MSC_i_0/MSC_i_1/MSC_i_8/MSC_i_10/awaddr_r1[21]:CLK
  To:   PF_DDR4_SS_0/MSC_i_0/MSC_i_1/MSC_i_8/MSC_i_10/wr_cmd_wr_data[21]:D
  Delay (ns):              0.145
  Slack (ns):              0.077
  Arrival (ns):            5.808
  Required (ns):           5.731
  Operating Conditions: fast_hv_lt

Path 86
  From: PF_DDR4_SS_0/MSC_i_0/MSC_i_1/MSC_i_8/MSC_i_10/MSC_i_75/MSC_i_76/MSC_i_92/MSC_i_94/MSC_i_98/s0:CLK
  To:   PF_DDR4_SS_0/MSC_i_0/MSC_i_1/MSC_i_8/MSC_i_10/MSC_i_75/MSC_i_76/MSC_i_92/MSC_i_94/MSC_i_98/s1:D
  Delay (ns):              0.151
  Slack (ns):              0.077
  Arrival (ns):            5.815
  Required (ns):           5.738
  Operating Conditions: fast_hv_lt

Path 87
  From: CoreDMA_IO_CTRL_0/UART_SD_0/CORE_UART_0/Core_UART_0/make_RX/rx_shift[6]:CLK
  To:   CoreDMA_IO_CTRL_0/UART_SD_0/CORE_UART_0/Core_UART_0/make_RX/rx_byte[6]:D
  Delay (ns):              0.154
  Slack (ns):              0.077
  Arrival (ns):            5.819
  Required (ns):           5.742
  Operating Conditions: fast_hv_lt

Path 88
  From: CoreDMA_IO_CTRL_0/UART_SD_0/CORE_UART_0/Core_UART_0/make_RX/rx_shift[5]:CLK
  To:   CoreDMA_IO_CTRL_0/UART_SD_0/CORE_UART_0/Core_UART_0/make_RX/rx_shift[4]:D
  Delay (ns):              0.153
  Slack (ns):              0.077
  Arrival (ns):            5.819
  Required (ns):           5.742
  Operating Conditions: fast_hv_lt

Path 89
  From: CoreDMA_IO_CTRL_0/UART_SD_0/CORE_UART_0/Core_UART_0/make_RX/rx_shift[1]:CLK
  To:   CoreDMA_IO_CTRL_0/UART_SD_0/CORE_UART_0/Core_UART_0/make_RX/rx_byte[1]:D
  Delay (ns):              0.154
  Slack (ns):              0.077
  Arrival (ns):            5.820
  Required (ns):           5.743
  Operating Conditions: fast_hv_lt

Path 90
  From: AXI4_Interconnect_0/AXI4_Interconnect_0/SlvConvertor_loop[4].slvcnv/rgsl/genblk2.arrs/sDat[61]:CLK
  To:   PF_DDR4_SS_0/MSC_i_0/MSC_i_1/MSC_i_8/MSC_i_10/araddr_r1[30]:D
  Delay (ns):              0.154
  Slack (ns):              0.077
  Arrival (ns):            5.814
  Required (ns):           5.737
  Operating Conditions: fast_hv_lt

Path 91
  From: AXI4_Interconnect_0/AXI4_Interconnect_0/SlvConvertor_loop[1].slvcnv/rgsl/genblk1.awrs/sDat[39]:CLK
  To:   CoreDMA_IO_CTRL_0/axi_io_ctrl_0/waddr_int[5]:D
  Delay (ns):              0.154
  Slack (ns):              0.077
  Arrival (ns):            5.818
  Required (ns):           5.741
  Operating Conditions: fast_hv_lt

Path 92
  From: PF_DDR4_SS_0/DDRPHY_BLK_0/IOD_TRAINING_0/COREDDR_TIP_INT_U/u_register_bank/pipelined_generate_block.IOG_DQ_TXDATA_OUT[30]:CLK
  To:   PF_DDR4_SS_0/DDRPHY_BLK_0/IOD_TRAINING_0/COREDDR_TIP_INT_U/TIP_CTRL_BLK/PHY_SIG_MOD/iog_dq_txdata_in_reg[30]:D
  Delay (ns):              0.155
  Slack (ns):              0.078
  Arrival (ns):            5.816
  Required (ns):           5.738
  Operating Conditions: fast_hv_lt

Path 93
  From: PF_DDR4_SS_0/DDRPHY_BLK_0/IOD_TRAINING_0/COREDDR_TIP_INT_U/TIP_CTRL_BLK/LEVELLING/WRLVL/wrlvl_instances[0].uWrlvl/dq_in_reg[0]:CLK
  To:   PF_DDR4_SS_0/DDRPHY_BLK_0/IOD_TRAINING_0/COREDDR_TIP_INT_U/TIP_CTRL_BLK/LEVELLING/WRLVL/wrlvl_instances[0].uWrlvl/dq_in_reg_2[0]:D
  Delay (ns):              0.153
  Slack (ns):              0.078
  Arrival (ns):            5.808
  Required (ns):           5.730
  Operating Conditions: fast_hv_lt

Path 94
  From: PF_DDR4_SS_0/DDRPHY_BLK_0/IOD_TRAINING_0/COREDDR_TIP_INT_U/TIP_CTRL_BLK/LEVELLING/WRLVL/wrlvl_instances[0].uWrlvl/current_state[3]:CLK
  To:   PF_DDR4_SS_0/DDRPHY_BLK_0/IOD_TRAINING_0/COREDDR_TIP_INT_U/TIP_CTRL_BLK/LEVELLING/WRLVL/wrlvl_instances[0].uWrlvl/current_state[4]:D
  Delay (ns):              0.152
  Slack (ns):              0.078
  Arrival (ns):            5.795
  Required (ns):           5.717
  Operating Conditions: fast_hv_lt

Path 95
  From: PF_DDR4_SS_0/DDRPHY_BLK_0/IOD_TRAINING_0/COREDDR_TIP_INT_U/TIP_CTRL_BLK/LEVELLING/RDLVL/RDLVL_SMS/genblk1[0].RDLVL_TRAIN/dq_align_dqs_optimization/delay_cnt_minus1[0]:CLK
  To:   PF_DDR4_SS_0/DDRPHY_BLK_0/IOD_TRAINING_0/COREDDR_TIP_INT_U/TIP_CTRL_BLK/LEVELLING/RDLVL/RDLVL_SMS/genblk1[0].RDLVL_TRAIN/dq_align_dqs_optimization/initlDqsOrStw_2_endw[0]:D
  Delay (ns):              0.152
  Slack (ns):              0.078
  Arrival (ns):            5.788
  Required (ns):           5.710
  Operating Conditions: fast_hv_lt

Path 96
  From: PF_DDR4_SS_0/DDRPHY_BLK_0/IOD_TRAINING_0/COREDDR_TIP_INT_U/TIP_CTRL_BLK/LEVELLING/IOG_IF/move_int[0]:CLK
  To:   PF_DDR4_SS_0/DDRPHY_BLK_0/IOD_TRAINING_0/COREDDR_TIP_INT_U/MOVE[0]:D
  Delay (ns):              0.152
  Slack (ns):              0.078
  Arrival (ns):            5.792
  Required (ns):           5.714
  Operating Conditions: fast_hv_lt

Path 97
  From: CoreDMA_IO_CTRL_0/axi4dma_init_0/reg_wdata[13]:CLK
  To:   CoreDMA_IO_CTRL_0/axi4dma_init_0/wdata_o[13]:D
  Delay (ns):              0.152
  Slack (ns):              0.078
  Arrival (ns):            5.811
  Required (ns):           5.733
  Operating Conditions: fast_hv_lt

Path 98
  From: CoreDMA_IO_CTRL_0/UART_SD_0/CORE_UART_0/Core_UART_0/make_RX/rx_byte[4]:CLK
  To:   CoreDMA_IO_CTRL_0/UART_SD_0/cmd_ctrlr_0/dma_size_4k[4]:D
  Delay (ns):              0.154
  Slack (ns):              0.078
  Arrival (ns):            5.818
  Required (ns):           5.740
  Operating Conditions: fast_hv_lt

Path 99
  From: AXI4_Interconnect_0/AXI4_Interconnect_0/SlvConvertor_loop[4].slvcnv/rgsl/genblk1.awrs/sDat[47]:CLK
  To:   PF_DDR4_SS_0/MSC_i_0/MSC_i_1/MSC_i_8/MSC_i_10/awaddr_r1[16]:D
  Delay (ns):              0.152
  Slack (ns):              0.078
  Arrival (ns):            5.820
  Required (ns):           5.742
  Operating Conditions: fast_hv_lt

Path 100
  From: AXI4_Interconnect_0/AXI4_Interconnect_0/SlvConvertor_loop[2].slvcnv/slvCDC/genblk1.cdc_BChan/wrPtr_s1[2]:CLK
  To:   AXI4_Interconnect_0/AXI4_Interconnect_0/SlvConvertor_loop[2].slvcnv/slvCDC/genblk1.cdc_BChan/wrPtr_s2[2]:D
  Delay (ns):              0.152
  Slack (ns):              0.078
  Arrival (ns):            5.826
  Required (ns):           5.748
  Operating Conditions: fast_hv_lt

