Timing Violation Report Min Delay Analysis

SmartTime Version v12.6
Microsemi Corporation - Microsemi Libero Software Release v12.6 (Version 12.900.20.24)
Date: Wed Apr 21 23:46:37 2021


Design: top
Family: PolarFire
Die: MPF100T
Package: FCVG484
Temperature Range: 0 - 100 C
Voltage Range: 0.97 - 1.03 V
Speed Grade: -1
Design State: Post-Layout
Data source: Production
Multi Corner Report Operating Conditions: slow_lv_ht, slow_lv_lt, fast_hv_lt
Scenario for Timing Analysis: timing_analysis


*** IMPORTANT RECOMMENDATION *** If you haven't done so, it is highly recommended to add clock jitter information for each clock domain into Libero SoC through clock uncertainty SDC timing constraints. Please refer to the Libero SoC v12.5 release notes for more details.

Path 1
  From: PF_DDR4_SS_0/MSC_i_0/MSC_i_1/MSC_i_8/MSC_i_12/cmd_fifo_wr_data_reg3[61]:CLK
  To:   PF_DDR4_SS_0/MSC_i_0/MSC_i_1/MSC_i_8/MSC_i_12/cmd_fifo_wr_data_reg4[61]:D
  Delay (ns):              0.304
  Slack (ns):              0.032
  Arrival (ns):            7.030
  Required (ns):           6.998
  Operating Conditions: slow_lv_ht

Path 2
  From: PF_DDR4_SS_0/MSC_i_0/MSC_i_1/MSC_i_8/MSC_i_12/cmd_fifo_wr_data_reg1[81]:CLK
  To:   PF_DDR4_SS_0/MSC_i_0/MSC_i_1/MSC_i_8/MSC_i_12/cmd_fifo_wr_data_reg2[81]:D
  Delay (ns):              0.297
  Slack (ns):              0.039
  Arrival (ns):            6.587
  Required (ns):           6.548
  Operating Conditions: slow_lv_lt

Path 3
  From: PF_DDR4_SS_0/MSC_i_0/MSC_i_1/MSC_i_8/MSC_i_12/cmd_fifo_wr_data_reg1[82]:CLK
  To:   PF_DDR4_SS_0/MSC_i_0/MSC_i_1/MSC_i_8/MSC_i_12/cmd_fifo_wr_data_reg2[82]:D
  Delay (ns):              0.314
  Slack (ns):              0.044
  Arrival (ns):            7.032
  Required (ns):           6.988
  Operating Conditions: slow_lv_ht

Path 4
  From: PF_DDR4_SS_0/MSC_i_0/MSC_i_1/MSC_i_8/MSC_i_12/cmd_fifo_wr_data_reg3[62]:CLK
  To:   PF_DDR4_SS_0/MSC_i_0/MSC_i_1/MSC_i_8/MSC_i_12/cmd_fifo_wr_data_reg4[62]:D
  Delay (ns):              0.307
  Slack (ns):              0.046
  Arrival (ns):            6.602
  Required (ns):           6.556
  Operating Conditions: slow_lv_lt

Path 5
  From: PF_DDR4_SS_0/MSC_i_0/MSC_i_1/MSC_i_8/MSC_i_12/cmd_fifo_wr_data_reg3[68]:CLK
  To:   PF_DDR4_SS_0/MSC_i_0/MSC_i_1/MSC_i_8/MSC_i_12/cmd_fifo_wr_data_reg4[68]:D
  Delay (ns):              0.308
  Slack (ns):              0.047
  Arrival (ns):            6.603
  Required (ns):           6.556
  Operating Conditions: slow_lv_lt

Path 6
  From: PF_DDR4_SS_0/MSC_i_0/MSC_i_1/MSC_i_8/MSC_i_12/cmd_fifo_wr_data_reg3[66]:CLK
  To:   PF_DDR4_SS_0/MSC_i_0/MSC_i_1/MSC_i_8/MSC_i_12/cmd_fifo_wr_data_reg4[66]:D
  Delay (ns):              0.319
  Slack (ns):              0.047
  Arrival (ns):            7.045
  Required (ns):           6.998
  Operating Conditions: slow_lv_ht

Path 7
  From: PF_DDR4_SS_0/MSC_i_0/MSC_i_1/MSC_i_8/MSC_i_12/cmd_fifo_wr_data_reg1[78]:CLK
  To:   PF_DDR4_SS_0/MSC_i_0/MSC_i_1/MSC_i_8/MSC_i_12/cmd_fifo_wr_data_reg2[78]:D
  Delay (ns):              0.306
  Slack (ns):              0.048
  Arrival (ns):            6.596
  Required (ns):           6.548
  Operating Conditions: slow_lv_lt

Path 8
  From: PF_DDR4_SS_0/MSC_i_0/MSC_i_1/MSC_i_8/MSC_i_12/cmd_fifo_wr_data_reg2[4]:CLK
  To:   PF_DDR4_SS_0/MSC_i_0/MSC_i_1/MSC_i_8/MSC_i_12/cmd_fifo_wr_data_reg3[4]:D
  Delay (ns):              0.312
  Slack (ns):              0.049
  Arrival (ns):            7.031
  Required (ns):           6.982
  Operating Conditions: slow_lv_ht

Path 9
  From: CoreDMA_IO_CTRL_0/CoreDMA_Controller_0/CoreDMA_Controller_0/CAXI4DMAI00OI/CAXI4DMAO1lI[9]:CLK
  To:   AXI4_Interconnect_0/AXI4_Interconnect_0/MstConvertor_loop[1].mstrconv/rgsl/genblk4.wrs/holdDat[19]:D
  Delay (ns):              0.314
  Slack (ns):              0.053
  Arrival (ns):            6.587
  Required (ns):           6.534
  Operating Conditions: slow_lv_lt

Path 10
  From: PF_DDR4_SS_0/MSC_i_0/MSC_i_1/MSC_i_8/MSC_i_12/cmd_fifo_wr_data_reg1[77]:CLK
  To:   PF_DDR4_SS_0/MSC_i_0/MSC_i_1/MSC_i_8/MSC_i_12/cmd_fifo_wr_data_reg2[77]:D
  Delay (ns):              0.313
  Slack (ns):              0.055
  Arrival (ns):            6.603
  Required (ns):           6.548
  Operating Conditions: slow_lv_lt

Path 11
  From: PF_DDR4_SS_0/MSC_i_0/MSC_i_1/MSC_i_8/MSC_i_12/cmd_fifo_wr_data_reg1[80]:CLK
  To:   PF_DDR4_SS_0/MSC_i_0/MSC_i_1/MSC_i_8/MSC_i_12/cmd_fifo_wr_data_reg2[80]:D
  Delay (ns):              0.315
  Slack (ns):              0.057
  Arrival (ns):            6.605
  Required (ns):           6.548
  Operating Conditions: slow_lv_lt

Path 12
  From: PF_DDR4_SS_0/MSC_i_0/MSC_i_1/MSC_i_8/MSC_i_12/cmd_fifo_wr_data_reg1[76]:CLK
  To:   PF_DDR4_SS_0/MSC_i_0/MSC_i_1/MSC_i_8/MSC_i_12/cmd_fifo_wr_data_reg2[76]:D
  Delay (ns):              0.316
  Slack (ns):              0.058
  Arrival (ns):            6.606
  Required (ns):           6.548
  Operating Conditions: slow_lv_lt

Path 13
  From: PF_DDR4_SS_0/DDRPHY_BLK_0/IOD_TRAINING_0/COREDDR_TIP_INT_U/TIP_CTRL_BLK/LEVELLING/RDLVL/RDLVL_SMS/genblk1[1].RDLVL_TRAIN/dq_align_dqs_optimization/reset_data_gone_bad:CLK
  To:   PF_DDR4_SS_0/DDRPHY_BLK_0/IOD_TRAINING_0/COREDDR_TIP_INT_U/TIP_CTRL_BLK/LEVELLING/RDLVL/RDLVL_SMS/genblk1[1].RDLVL_TRAIN/dq_align_dqs_optimization/data_gone_bad[2]:SLn
  Delay (ns):              0.254
  Slack (ns):              0.063
  Arrival (ns):            4.648
  Required (ns):           4.585
  Operating Conditions: fast_hv_lt

Path 14
  From: AXI4_Interconnect_0/AXI4_Interconnect_0/axicb/cb.arcon/trgmx/slaveAADDR[0]:CLK
  To:   AXI4_Interconnect_0/AXI4_Interconnect_0/SlvConvertor_loop[0].slvcnv/rgsl/genblk2.arrs/holdDat[31]:D
  Delay (ns):              0.213
  Slack (ns):              0.064
  Arrival (ns):            4.584
  Required (ns):           4.520
  Operating Conditions: fast_hv_lt

Path 15
  From: AXI4_Interconnect_0/AXI4_Interconnect_0/SlvConvertor_loop[0].slvcnv/slvCDC/genblk1.cdc_AWChan/wrGrayCounter/cntBinary[2]:CLK
  To:   AXI4_Interconnect_0/AXI4_Interconnect_0/SlvConvertor_loop[0].slvcnv/slvCDC/genblk1.cdc_AWChan/wrGrayCounter/cntGray[2]:D
  Delay (ns):              0.218
  Slack (ns):              0.065
  Arrival (ns):            4.583
  Required (ns):           4.518
  Operating Conditions: fast_hv_lt

Path 16
  From: AXI4_Interconnect_0/AXI4_Interconnect_0/axicb/cb.arcon/trgmx/slaveAADDR[1]:CLK
  To:   AXI4_Interconnect_0/AXI4_Interconnect_0/SlvConvertor_loop[0].slvcnv/rgsl/genblk2.arrs/holdDat[32]:D
  Delay (ns):              0.217
  Slack (ns):              0.068
  Arrival (ns):            4.588
  Required (ns):           4.520
  Operating Conditions: fast_hv_lt

Path 17
  From: AXI4_Interconnect_0/AXI4_Interconnect_0/SlvConvertor_loop[0].slvcnv/slvCDC/genblk1.cdc_AWChan/rdGrayCounter/cntBinary[2]:CLK
  To:   AXI4_Interconnect_0/AXI4_Interconnect_0/SlvConvertor_loop[0].slvcnv/slvCDC/genblk1.cdc_AWChan/rdGrayCounter/cntGray[2]:D
  Delay (ns):              0.222
  Slack (ns):              0.068
  Arrival (ns):            1.762
  Required (ns):           1.694
  Operating Conditions: fast_hv_lt

Path 18
  From: PF_DDR4_SS_0/MSC_i_0/MSC_i_1/MSC_i_8/MSC_i_272/dfi_address_r2[1]:CLK
  To:   PF_DDR4_SS_0/DDRPHY_BLK_0/IOD_TRAINING_0/COREDDR_TIP_INT_U/u_register_bank/pipelined_generate_block.DFI_ADDRESS_P0_OUT[1]:D
  Delay (ns):              0.147
  Slack (ns):              0.070
  Arrival (ns):            4.519
  Required (ns):           4.449
  Operating Conditions: fast_hv_lt

Path 19
  From: PF_DDR4_SS_0/MSC_i_0/MSC_i_1/MSC_i_8/MSC_i_233/MSC_i_234/MSC_i_254/data_shifter_gen[35].data_shifter[35][1]:CLK
  To:   PF_DDR4_SS_0/MSC_i_0/MSC_i_1/MSC_i_8/MSC_i_233/MSC_i_234/MSC_i_254/data_shifter_gen[34].data_shifter[34][1]:D
  Delay (ns):              0.147
  Slack (ns):              0.070
  Arrival (ns):            4.543
  Required (ns):           4.473
  Operating Conditions: fast_hv_lt

Path 20
  From: PF_DDR4_SS_0/MSC_i_0/MSC_i_1/MSC_i_8/MSC_i_151/gen_fr4.DFI_WRDATA_ALIGN_eq_0.dfi_wrdata_p2_po_r1[20]:CLK
  To:   PF_DDR4_SS_0/MSC_i_0/MSC_i_1/MSC_i_8/MSC_i_274/data_shifter_gen[1].data_shifter[1][92]:D
  Delay (ns):              0.146
  Slack (ns):              0.070
  Arrival (ns):            4.548
  Required (ns):           4.478
  Operating Conditions: fast_hv_lt

Path 21
  From: AXI4_Interconnect_0/AXI4_Interconnect_0/SlvConvertor_loop[4].slvcnv/rgsl/genblk1.awrs/sDat[53]:CLK
  To:   PF_DDR4_SS_0/MSC_i_0/MSC_i_1/MSC_i_8/MSC_i_12/awaddr_r1[22]:D
  Delay (ns):              0.147
  Slack (ns):              0.070
  Arrival (ns):            4.507
  Required (ns):           4.437
  Operating Conditions: fast_hv_lt

Path 22
  From: AXI4_Interconnect_0/AXI4_Interconnect_0/SlvConvertor_loop[0].slvcnv/slvCDC/genblk1.cdc_BChan/rdGrayCounter/cntBinary[2]:CLK
  To:   AXI4_Interconnect_0/AXI4_Interconnect_0/SlvConvertor_loop[0].slvcnv/slvCDC/genblk1.cdc_BChan/rdGrayCounter/cntGray[2]:D
  Delay (ns):              0.217
  Slack (ns):              0.070
  Arrival (ns):            4.584
  Required (ns):           4.514
  Operating Conditions: fast_hv_lt

Path 23
  From: PF_DDR4_SS_0/MSC_i_0/MSC_i_1/MSC_i_8/MSC_i_272/dfi_address_r2[6]:CLK
  To:   PF_DDR4_SS_0/DDRPHY_BLK_0/IOD_TRAINING_0/COREDDR_TIP_INT_U/u_register_bank/pipelined_generate_block.DFI_ADDRESS_P0_OUT[6]:D
  Delay (ns):              0.147
  Slack (ns):              0.071
  Arrival (ns):            4.516
  Required (ns):           4.445
  Operating Conditions: fast_hv_lt

Path 24
  From: PF_DDR4_SS_0/MSC_i_0/MSC_i_1/MSC_i_8/MSC_i_272/dfi_act_n_r2:CLK
  To:   PF_DDR4_SS_0/DDRPHY_BLK_0/IOD_TRAINING_0/COREDDR_TIP_INT_U/u_register_bank/pipelined_generate_block.DFI_ACT_N_P0_OUT:D
  Delay (ns):              0.147
  Slack (ns):              0.071
  Arrival (ns):            4.518
  Required (ns):           4.447
  Operating Conditions: fast_hv_lt

Path 25
  From: PF_DDR4_SS_0/MSC_i_0/MSC_i_1/MSC_i_8/MSC_i_233/MSC_i_234/MSC_i_254/data_shifter_gen[32].data_shifter[32][0]:CLK
  To:   PF_DDR4_SS_0/MSC_i_0/MSC_i_1/MSC_i_8/MSC_i_233/MSC_i_234/MSC_i_254/data_shifter_gen[31].data_shifter[31][0]:D
  Delay (ns):              0.147
  Slack (ns):              0.071
  Arrival (ns):            4.527
  Required (ns):           4.456
  Operating Conditions: fast_hv_lt

Path 26
  From: PF_DDR4_SS_0/MSC_i_0/MSC_i_1/MSC_i_8/MSC_i_233/MSC_i_234/MSC_i_249/lat_n0.resettable.data_shifter_1_[111]:CLK
  To:   PF_DDR4_SS_0/MSC_i_0/MSC_i_1/MSC_i_8/MSC_i_233/MSC_i_234/MSC_i_249/lat_n0.resettable.data_shifter_2_[111]:D
  Delay (ns):              0.148
  Slack (ns):              0.071
  Arrival (ns):            4.537
  Required (ns):           4.466
  Operating Conditions: fast_hv_lt

Path 27
  From: PF_DDR4_SS_0/MSC_i_0/MSC_i_1/MSC_i_8/MSC_i_233/MSC_i_234/MSC_i_249/lat_n0.resettable.data_shifter_1_[106]:CLK
  To:   PF_DDR4_SS_0/MSC_i_0/MSC_i_1/MSC_i_8/MSC_i_233/MSC_i_234/MSC_i_249/lat_n0.resettable.data_shifter_2_[106]:D
  Delay (ns):              0.148
  Slack (ns):              0.071
  Arrival (ns):            4.544
  Required (ns):           4.473
  Operating Conditions: fast_hv_lt

Path 28
  From: PF_DDR4_SS_0/MSC_i_0/MSC_i_1/MSC_i_8/MSC_i_12/cmd_fifo_wr_data_reg3[57]:CLK
  To:   PF_DDR4_SS_0/MSC_i_0/MSC_i_1/MSC_i_8/MSC_i_12/cmd_fifo_wr_data_reg4[57]:D
  Delay (ns):              0.147
  Slack (ns):              0.071
  Arrival (ns):            4.516
  Required (ns):           4.445
  Operating Conditions: fast_hv_lt

Path 29
  From: PF_DDR4_SS_0/DDRPHY_BLK_0/IOD_TRAINING_0/COREDDR_TIP_INT_U/TIP_CTRL_BLK/LEVELLING/IOG_IF/move_int[2]:CLK
  To:   PF_DDR4_SS_0/DDRPHY_BLK_0/IOD_TRAINING_0/COREDDR_TIP_INT_U/MOVE[2]:D
  Delay (ns):              0.147
  Slack (ns):              0.071
  Arrival (ns):            4.525
  Required (ns):           4.454
  Operating Conditions: fast_hv_lt

Path 30
  From: CoreDMA_IO_CTRL_0/UART_SD_0/cmd_ctrlr_0/clk_count2[25]:CLK
  To:   CoreDMA_IO_CTRL_0/UART_SD_0/cmd_ctrlr_0/clk_cnt[7][1]:D
  Delay (ns):              0.147
  Slack (ns):              0.071
  Arrival (ns):            4.523
  Required (ns):           4.452
  Operating Conditions: fast_hv_lt

Path 31
  From: PF_DDR4_SS_0/MSC_i_0/MSC_i_1/MSC_i_8/MSC_i_233/MSC_i_234/MSC_i_254/data_shifter_gen[29].data_shifter[29][0]:CLK
  To:   PF_DDR4_SS_0/MSC_i_0/MSC_i_1/MSC_i_8/MSC_i_233/MSC_i_234/MSC_i_254/data_shifter_gen[28].data_shifter[28][0]:D
  Delay (ns):              0.148
  Slack (ns):              0.072
  Arrival (ns):            4.528
  Required (ns):           4.456
  Operating Conditions: fast_hv_lt

Path 32
  From: PF_DDR4_SS_0/MSC_i_0/MSC_i_1/MSC_i_8/MSC_i_233/MSC_i_234/MSC_i_254/data_shifter_gen[15].data_shifter[15][1]:CLK
  To:   PF_DDR4_SS_0/MSC_i_0/MSC_i_1/MSC_i_8/MSC_i_233/MSC_i_234/MSC_i_254/data_shifter_gen[14].data_shifter[14][1]:D
  Delay (ns):              0.150
  Slack (ns):              0.072
  Arrival (ns):            4.546
  Required (ns):           4.474
  Operating Conditions: fast_hv_lt

Path 33
  From: PF_DDR4_SS_0/MSC_i_0/MSC_i_1/MSC_i_8/MSC_i_233/MSC_i_234/MSC_i_250/data_shifter_gen[32].data_shifter[32][0]:CLK
  To:   PF_DDR4_SS_0/MSC_i_0/MSC_i_1/MSC_i_8/MSC_i_233/MSC_i_234/MSC_i_250/data_shifter_gen[31].data_shifter[31][0]:D
  Delay (ns):              0.148
  Slack (ns):              0.072
  Arrival (ns):            4.531
  Required (ns):           4.459
  Operating Conditions: fast_hv_lt

Path 34
  From: PF_DDR4_SS_0/MSC_i_0/MSC_i_1/MSC_i_8/MSC_i_233/MSC_i_234/MSC_i_250/data_shifter_gen[15].data_shifter[15][0]:CLK
  To:   PF_DDR4_SS_0/MSC_i_0/MSC_i_1/MSC_i_8/MSC_i_233/MSC_i_234/MSC_i_250/data_shifter_gen[14].data_shifter[14][0]:D
  Delay (ns):              0.148
  Slack (ns):              0.072
  Arrival (ns):            4.531
  Required (ns):           4.459
  Operating Conditions: fast_hv_lt

Path 35
  From: PF_DDR4_SS_0/MSC_i_0/MSC_i_1/MSC_i_8/MSC_i_12/wr_data_delay_fifo_rd_data_reg_early[41]:CLK
  To:   PF_DDR4_SS_0/MSC_i_0/MSC_i_1/MSC_i_8/MSC_i_12/wr_data_delay_fifo_rd_data_reg[41]:D
  Delay (ns):              0.148
  Slack (ns):              0.072
  Arrival (ns):            4.543
  Required (ns):           4.471
  Operating Conditions: fast_hv_lt

Path 36
  From: PF_DDR4_SS_0/DDRPHY_BLK_0/IOD_TRAINING_0/COREDDR_TIP_INT_U/u_register_bank/pipelined_generate_block.IOG_DQ_TXDATA_OUT[78]:CLK
  To:   PF_DDR4_SS_0/DDRPHY_BLK_0/IOD_TRAINING_0/COREDDR_TIP_INT_U/TIP_CTRL_BLK/PHY_SIG_MOD/iog_dq_txdata_in_reg[78]:D
  Delay (ns):              0.149
  Slack (ns):              0.072
  Arrival (ns):            4.538
  Required (ns):           4.466
  Operating Conditions: fast_hv_lt

Path 37
  From: CoreDMA_IO_CTRL_0/UART_SD_0/cmd_ctrlr_0/clk_count1[22]:CLK
  To:   CoreDMA_IO_CTRL_0/UART_SD_0/cmd_ctrlr_0/clk_cnt[2][6]:D
  Delay (ns):              0.148
  Slack (ns):              0.072
  Arrival (ns):            4.524
  Required (ns):           4.452
  Operating Conditions: fast_hv_lt

Path 38
  From: AXI4_Interconnect_0/AXI4_Interconnect_0/SlvConvertor_loop[4].slvcnv/rgsl/genblk1.awrs/sDat[45]:CLK
  To:   PF_DDR4_SS_0/MSC_i_0/MSC_i_1/MSC_i_8/MSC_i_12/awaddr_r1[14]:D
  Delay (ns):              0.148
  Slack (ns):              0.072
  Arrival (ns):            4.514
  Required (ns):           4.442
  Operating Conditions: fast_hv_lt

Path 39
  From: AXI4_Interconnect_0/AXI4_Interconnect_0/SlvConvertor_loop[1].slvcnv/rgsl/genblk2.arrs/sDat[36]:CLK
  To:   CoreDMA_IO_CTRL_0/axi_io_ctrl_0/raddr_int[2]:D
  Delay (ns):              0.148
  Slack (ns):              0.072
  Arrival (ns):            4.514
  Required (ns):           4.442
  Operating Conditions: fast_hv_lt

Path 40
  From: PF_DDR4_SS_0/MSC_i_0/MSC_i_1/MSC_i_8/dfi_rddata_postdbi_r[40]:CLK
  To:   PF_DDR4_SS_0/MSC_i_0/MSC_i_1/MSC_i_8/l_rd_data_to_mp_r[40]:D
  Delay (ns):              0.191
  Slack (ns):              0.073
  Arrival (ns):            4.591
  Required (ns):           4.518
  Operating Conditions: fast_hv_lt

Path 41
  From: PF_DDR4_SS_0/MSC_i_0/MSC_i_1/MSC_i_8/MSC_i_272/dfi_address_r2[4]:CLK
  To:   PF_DDR4_SS_0/DDRPHY_BLK_0/IOD_TRAINING_0/COREDDR_TIP_INT_U/u_register_bank/pipelined_generate_block.DFI_ADDRESS_P0_OUT[4]:D
  Delay (ns):              0.151
  Slack (ns):              0.073
  Arrival (ns):            4.523
  Required (ns):           4.450
  Operating Conditions: fast_hv_lt

Path 42
  From: PF_DDR4_SS_0/MSC_i_0/MSC_i_1/MSC_i_8/MSC_i_233/MSC_i_234/MSC_i_250/data_shifter_gen[30].data_shifter[30][0]:CLK
  To:   PF_DDR4_SS_0/MSC_i_0/MSC_i_1/MSC_i_8/MSC_i_233/MSC_i_234/MSC_i_250/data_shifter_gen[29].data_shifter[29][0]:D
  Delay (ns):              0.149
  Slack (ns):              0.073
  Arrival (ns):            4.532
  Required (ns):           4.459
  Operating Conditions: fast_hv_lt

Path 43
  From: PF_DDR4_SS_0/MSC_i_0/MSC_i_1/MSC_i_8/MSC_i_233/MSC_i_234/MSC_i_250/data_shifter_gen[17].data_shifter[17][0]:CLK
  To:   PF_DDR4_SS_0/MSC_i_0/MSC_i_1/MSC_i_8/MSC_i_233/MSC_i_234/MSC_i_250/data_shifter_gen[16].data_shifter[16][0]:D
  Delay (ns):              0.150
  Slack (ns):              0.073
  Arrival (ns):            4.532
  Required (ns):           4.459
  Operating Conditions: fast_hv_lt

Path 44
  From: CoreDMA_IO_CTRL_0/UART_SD_0/cmd_ctrlr_0/clk_count2[3]:CLK
  To:   CoreDMA_IO_CTRL_0/UART_SD_0/cmd_ctrlr_0/clk_cnt[4][3]:D
  Delay (ns):              0.150
  Slack (ns):              0.073
  Arrival (ns):            4.525
  Required (ns):           4.452
  Operating Conditions: fast_hv_lt

Path 45
  From: PF_DDR4_SS_0/MSC_i_0/MSC_i_1/MSC_i_8/MSC_i_233/MSC_i_234/MSC_i_250/data_shifter_gen[37].data_shifter[37][1]:CLK
  To:   PF_DDR4_SS_0/MSC_i_0/MSC_i_1/MSC_i_8/MSC_i_233/MSC_i_234/MSC_i_250/data_shifter_gen[36].data_shifter[36][1]:D
  Delay (ns):              0.148
  Slack (ns):              0.074
  Arrival (ns):            4.535
  Required (ns):           4.461
  Operating Conditions: fast_hv_lt

Path 46
  From: PF_DDR4_SS_0/MSC_i_0/MSC_i_1/MSC_i_8/MSC_i_233/MSC_i_234/MSC_i_250/data_shifter_gen[26].data_shifter[26][0]:CLK
  To:   PF_DDR4_SS_0/MSC_i_0/MSC_i_1/MSC_i_8/MSC_i_233/MSC_i_234/MSC_i_250/data_shifter_gen[25].data_shifter[25][0]:D
  Delay (ns):              0.151
  Slack (ns):              0.074
  Arrival (ns):            4.533
  Required (ns):           4.459
  Operating Conditions: fast_hv_lt

Path 47
  From: PF_DDR4_SS_0/MSC_i_0/MSC_i_1/MSC_i_8/MSC_i_233/MSC_i_234/MSC_i_250/data_shifter_gen[24].data_shifter[24][0]:CLK
  To:   PF_DDR4_SS_0/MSC_i_0/MSC_i_1/MSC_i_8/MSC_i_233/MSC_i_234/MSC_i_250/data_shifter_gen[23].data_shifter[23][0]:D
  Delay (ns):              0.151
  Slack (ns):              0.074
  Arrival (ns):            4.533
  Required (ns):           4.459
  Operating Conditions: fast_hv_lt

Path 48
  From: PF_DDR4_SS_0/MSC_i_0/MSC_i_1/MSC_i_8/MSC_i_233/MSC_i_234/MSC_i_250/data_shifter_gen[21].data_shifter[21][0]:CLK
  To:   PF_DDR4_SS_0/MSC_i_0/MSC_i_1/MSC_i_8/MSC_i_233/MSC_i_234/MSC_i_250/data_shifter_gen[20].data_shifter[20][0]:D
  Delay (ns):              0.150
  Slack (ns):              0.074
  Arrival (ns):            4.533
  Required (ns):           4.459
  Operating Conditions: fast_hv_lt

Path 49
  From: PF_DDR4_SS_0/MSC_i_0/MSC_i_1/MSC_i_8/MSC_i_151/gen_fr4.DFI_WRDATA_ALIGN_eq_0.dfi_wrdata_p3_po_r1[17]:CLK
  To:   PF_DDR4_SS_0/MSC_i_0/MSC_i_1/MSC_i_8/MSC_i_274/data_shifter_gen[1].data_shifter[1][57]:D
  Delay (ns):              0.151
  Slack (ns):              0.074
  Arrival (ns):            4.547
  Required (ns):           4.473
  Operating Conditions: fast_hv_lt

Path 50
  From: PF_DDR4_SS_0/MSC_i_0/MSC_i_1/MSC_i_8/MSC_i_12/wr_data_packed[12]:CLK
  To:   PF_DDR4_SS_0/MSC_i_0/MSC_i_1/MSC_i_8/MSC_i_12/wr_data_fifo_wr_data[12]:D
  Delay (ns):              0.150
  Slack (ns):              0.074
  Arrival (ns):            4.527
  Required (ns):           4.453
  Operating Conditions: fast_hv_lt

Path 51
  From: PF_DDR4_SS_0/MSC_i_0/MSC_i_1/MSC_i_8/MSC_i_12/MSC_i_77/MSC_i_78/MSC_i_80/din_gray_r[4]:CLK
  To:   PF_DDR4_SS_0/MSC_i_0/MSC_i_1/MSC_i_8/MSC_i_12/MSC_i_77/MSC_i_78/MSC_i_80/MSC_i_82/MSC_i_87/s0:D
  Delay (ns):              0.151
  Slack (ns):              0.074
  Arrival (ns):            4.537
  Required (ns):           4.463
  Operating Conditions: fast_hv_lt

Path 52
  From: PF_DDR4_SS_0/DDRPHY_BLK_0/IOD_TRAINING_0/COREDDR_TIP_INT_U/TIP_CTRL_BLK/LEVELLING/WRLVL/wrlvl_instances[1].uWrlvl/dq_in_reg[4]:CLK
  To:   PF_DDR4_SS_0/DDRPHY_BLK_0/IOD_TRAINING_0/COREDDR_TIP_INT_U/TIP_CTRL_BLK/LEVELLING/WRLVL/wrlvl_instances[1].uWrlvl/dq_in_reg_2[4]:D
  Delay (ns):              0.150
  Slack (ns):              0.074
  Arrival (ns):            4.540
  Required (ns):           4.466
  Operating Conditions: fast_hv_lt

Path 53
  From: PF_DDR4_SS_0/DDRPHY_BLK_0/IOD_TRAINING_0/COREDDR_TIP_INT_U/TIP_CTRL_BLK/LEVELLING/IOG_IF/move_int[11]:CLK
  To:   PF_DDR4_SS_0/DDRPHY_BLK_0/IOD_TRAINING_0/COREDDR_TIP_INT_U/MOVE[11]:D
  Delay (ns):              0.150
  Slack (ns):              0.074
  Arrival (ns):            4.539
  Required (ns):           4.465
  Operating Conditions: fast_hv_lt

Path 54
  From: AXI4_Interconnect_0/AXI4_Interconnect_0/SlvConvertor_loop[1].slvcnv/rgsl/genblk2.arrs/sDat[41]:CLK
  To:   CoreDMA_IO_CTRL_0/axi_io_ctrl_0/raddr_int[7]:D
  Delay (ns):              0.150
  Slack (ns):              0.074
  Arrival (ns):            4.516
  Required (ns):           4.442
  Operating Conditions: fast_hv_lt

Path 55
  From: PF_RESET_0/PF_RESET_0/dff_13:CLK
  To:   PF_RESET_0/PF_RESET_0/dff_14:D
  Delay (ns):              0.152
  Slack (ns):              0.075
  Arrival (ns):            4.522
  Required (ns):           4.447
  Operating Conditions: fast_hv_lt

Path 56
  From: PF_DDR4_SS_0/MSC_i_0/MSC_i_1/MSC_i_8/MSC_i_272/dfi_ras_n_r1:CLK
  To:   PF_DDR4_SS_0/MSC_i_0/MSC_i_1/MSC_i_8/MSC_i_272/dfi_ras_n_r2:D
  Delay (ns):              0.152
  Slack (ns):              0.075
  Arrival (ns):            4.525
  Required (ns):           4.450
  Operating Conditions: fast_hv_lt

Path 57
  From: PF_DDR4_SS_0/MSC_i_0/MSC_i_1/MSC_i_8/MSC_i_272/dfi_address_r1[3]:CLK
  To:   PF_DDR4_SS_0/DDRPHY_BLK_0/IOD_TRAINING_0/COREDDR_TIP_INT_U/u_register_bank/pipelined_generate_block.DFI_ADDRESS_P1_OUT[3]:D
  Delay (ns):              0.152
  Slack (ns):              0.075
  Arrival (ns):            4.520
  Required (ns):           4.445
  Operating Conditions: fast_hv_lt

Path 58
  From: PF_DDR4_SS_0/MSC_i_0/MSC_i_1/MSC_i_8/MSC_i_233/MSC_i_234/MSC_i_254/data_shifter_gen[21].data_shifter[21][1]:CLK
  To:   PF_DDR4_SS_0/MSC_i_0/MSC_i_1/MSC_i_8/MSC_i_233/MSC_i_234/MSC_i_254/data_shifter_gen[20].data_shifter[20][1]:D
  Delay (ns):              0.152
  Slack (ns):              0.075
  Arrival (ns):            4.548
  Required (ns):           4.473
  Operating Conditions: fast_hv_lt

Path 59
  From: PF_DDR4_SS_0/MSC_i_0/MSC_i_1/MSC_i_8/MSC_i_233/MSC_i_234/MSC_i_250/data_shifter_gen[18].data_shifter[18][0]:CLK
  To:   PF_DDR4_SS_0/MSC_i_0/MSC_i_1/MSC_i_8/MSC_i_233/MSC_i_234/MSC_i_250/data_shifter_gen[17].data_shifter[17][0]:D
  Delay (ns):              0.152
  Slack (ns):              0.075
  Arrival (ns):            4.534
  Required (ns):           4.459
  Operating Conditions: fast_hv_lt

Path 60
  From: PF_DDR4_SS_0/MSC_i_0/MSC_i_1/MSC_i_8/MSC_i_233/MSC_i_234/MSC_i_250/data_shifter_gen[16].data_shifter[16][0]:CLK
  To:   PF_DDR4_SS_0/MSC_i_0/MSC_i_1/MSC_i_8/MSC_i_233/MSC_i_234/MSC_i_250/data_shifter_gen[15].data_shifter[15][0]:D
  Delay (ns):              0.152
  Slack (ns):              0.075
  Arrival (ns):            4.535
  Required (ns):           4.460
  Operating Conditions: fast_hv_lt

Path 61
  From: PF_DDR4_SS_0/MSC_i_0/MSC_i_1/MSC_i_8/MSC_i_233/MSC_i_234/MSC_i_249/lat_n0.resettable.data_shifter_1_[109]:CLK
  To:   PF_DDR4_SS_0/MSC_i_0/MSC_i_1/MSC_i_8/MSC_i_233/MSC_i_234/MSC_i_249/lat_n0.resettable.data_shifter_2_[109]:D
  Delay (ns):              0.152
  Slack (ns):              0.075
  Arrival (ns):            4.557
  Required (ns):           4.482
  Operating Conditions: fast_hv_lt

Path 62
  From: PF_DDR4_SS_0/MSC_i_0/MSC_i_1/MSC_i_8/MSC_i_151/gen_fr4.DFI_WRDATA_ALIGN_eq_0.dfi_wrdata_p2_po_r1[16]:CLK
  To:   PF_DDR4_SS_0/MSC_i_0/MSC_i_1/MSC_i_8/MSC_i_274/data_shifter_gen[1].data_shifter[1][88]:D
  Delay (ns):              0.152
  Slack (ns):              0.075
  Arrival (ns):            4.552
  Required (ns):           4.477
  Operating Conditions: fast_hv_lt

Path 63
  From: PF_DDR4_SS_0/MSC_i_0/MSC_i_1/MSC_i_8/MSC_i_151/gen_fr4.DFI_WRDATA_ALIGN_eq_0.dfi_wrdata_mask_p3_po_r1[3]:CLK
  To:   PF_DDR4_SS_0/MSC_i_0/MSC_i_1/MSC_i_8/MSC_i_274/data_shifter_gen[1].data_shifter[1][143]:D
  Delay (ns):              0.152
  Slack (ns):              0.075
  Arrival (ns):            4.540
  Required (ns):           4.465
  Operating Conditions: fast_hv_lt

Path 64
  From: PF_DDR4_SS_0/MSC_i_0/MSC_i_1/MSC_i_8/MSC_i_151/MSC_i_223/fr4.dfi_in_p3_r:CLK
  To:   PF_DDR4_SS_0/MSC_i_0/MSC_i_1/MSC_i_8/MSC_i_274/data_shifter_gen[1].data_shifter[1][109]:D
  Delay (ns):              0.150
  Slack (ns):              0.075
  Arrival (ns):            4.548
  Required (ns):           4.473
  Operating Conditions: fast_hv_lt

Path 65
  From: PF_DDR4_SS_0/MSC_i_0/MSC_i_1/MSC_i_8/MSC_i_12/wr_data_delay_fifo_rd_data_reg_early[69]:CLK
  To:   PF_DDR4_SS_0/MSC_i_0/MSC_i_1/MSC_i_8/MSC_i_12/wr_data_delay_fifo_rd_data_reg[69]:D
  Delay (ns):              0.152
  Slack (ns):              0.075
  Arrival (ns):            4.523
  Required (ns):           4.448
  Operating Conditions: fast_hv_lt

Path 66
  From: PF_DDR4_SS_0/MSC_i_0/MSC_i_1/MSC_i_8/MSC_i_12/araddr_r1[22]:CLK
  To:   PF_DDR4_SS_0/MSC_i_0/MSC_i_1/MSC_i_8/MSC_i_12/rd_cmd_wr_data[22]:D
  Delay (ns):              0.152
  Slack (ns):              0.075
  Arrival (ns):            4.518
  Required (ns):           4.443
  Operating Conditions: fast_hv_lt

Path 67
  From: PF_DDR4_SS_0/MSC_i_0/MSC_i_1/MSC_i_8/MSC_i_12/MSC_i_77/MSC_i_78/MSC_i_80/din_gray_r[7]:CLK
  To:   PF_DDR4_SS_0/MSC_i_0/MSC_i_1/MSC_i_8/MSC_i_12/MSC_i_77/MSC_i_78/MSC_i_80/MSC_i_82/MSC_i_84/s0:D
  Delay (ns):              0.152
  Slack (ns):              0.075
  Arrival (ns):            4.538
  Required (ns):           4.463
  Operating Conditions: fast_hv_lt

Path 68
  From: PF_DDR4_SS_0/MSC_i_0/MSC_i_1/MSC_i_8/MSC_i_12/MSC_i_109/MSC_i_110/MSC_i_112/MSC_i_114/MSC_i_119/s0:CLK
  To:   PF_DDR4_SS_0/MSC_i_0/MSC_i_1/MSC_i_8/MSC_i_12/MSC_i_109/MSC_i_110/MSC_i_112/MSC_i_114/MSC_i_119/s1:D
  Delay (ns):              0.152
  Slack (ns):              0.075
  Arrival (ns):            4.553
  Required (ns):           4.478
  Operating Conditions: fast_hv_lt

Path 69
  From: PF_DDR4_SS_0/DDRPHY_BLK_0/IOD_TRAINING_0/COREDDR_TIP_INT_U/u_register_bank/pipelined_generate_block.IOG_DQ_TXDATA_OUT[94]:CLK
  To:   PF_DDR4_SS_0/DDRPHY_BLK_0/IOD_TRAINING_0/COREDDR_TIP_INT_U/TIP_CTRL_BLK/PHY_SIG_MOD/iog_dq_txdata_in_reg[94]:D
  Delay (ns):              0.151
  Slack (ns):              0.075
  Arrival (ns):            4.544
  Required (ns):           4.469
  Operating Conditions: fast_hv_lt

Path 70
  From: PF_DDR4_SS_0/DDRPHY_BLK_0/IOD_TRAINING_0/COREDDR_TIP_INT_U/TIP_CTRL_BLK/LEVELLING/RDLVL/RDLVL_SMS/genblk1[1].RDLVL_TRAIN/gate_training/clk_sel_out[0]:CLK
  To:   PF_DDR4_SS_0/DDRPHY_BLK_0/IOD_TRAINING_0/COREDDR_TIP_INT_U/CLK_SEL[3]:D
  Delay (ns):              0.151
  Slack (ns):              0.075
  Arrival (ns):            4.543
  Required (ns):           4.468
  Operating Conditions: fast_hv_lt

Path 71
  From: PF_DDR4_SS_0/DDRPHY_BLK_0/IOD_TRAINING_0/COREDDR_TIP_INT_U/TIP_CTRL_BLK/LEVELLING/IOG_IF/move_int[7]:CLK
  To:   PF_DDR4_SS_0/DDRPHY_BLK_0/IOD_TRAINING_0/COREDDR_TIP_INT_U/MOVE[7]:D
  Delay (ns):              0.151
  Slack (ns):              0.075
  Arrival (ns):            4.529
  Required (ns):           4.454
  Operating Conditions: fast_hv_lt

Path 72
  From: CoreDMA_IO_CTRL_0/UART_SD_0/cmd_ctrlr_0/clk_count2[15]:CLK
  To:   CoreDMA_IO_CTRL_0/UART_SD_0/cmd_ctrlr_0/clk_cnt[5][7]:D
  Delay (ns):              0.152
  Slack (ns):              0.075
  Arrival (ns):            4.526
  Required (ns):           4.451
  Operating Conditions: fast_hv_lt

Path 73
  From: PF_DDR4_SS_0/MSC_i_0/MSC_i_1/MSC_i_8/dfi_rddata_postdbi_r[116]:CLK
  To:   PF_DDR4_SS_0/MSC_i_0/MSC_i_1/MSC_i_8/l_rd_data_to_mp_r[116]:D
  Delay (ns):              0.152
  Slack (ns):              0.076
  Arrival (ns):            4.537
  Required (ns):           4.461
  Operating Conditions: fast_hv_lt

Path 74
  From: PF_DDR4_SS_0/MSC_i_0/MSC_i_1/MSC_i_8/MSC_i_272/dfi_we_n_r2:CLK
  To:   PF_DDR4_SS_0/DDRPHY_BLK_0/IOD_TRAINING_0/COREDDR_TIP_INT_U/u_register_bank/pipelined_generate_block.DFI_WE_N_P0_OUT:D
  Delay (ns):              0.154
  Slack (ns):              0.076
  Arrival (ns):            4.524
  Required (ns):           4.448
  Operating Conditions: fast_hv_lt

Path 75
  From: PF_DDR4_SS_0/MSC_i_0/MSC_i_1/MSC_i_8/MSC_i_272/dfi_address_r2[12]:CLK
  To:   PF_DDR4_SS_0/DDRPHY_BLK_0/IOD_TRAINING_0/COREDDR_TIP_INT_U/u_register_bank/pipelined_generate_block.DFI_ADDRESS_P0_OUT[12]:D
  Delay (ns):              0.153
  Slack (ns):              0.076
  Arrival (ns):            4.522
  Required (ns):           4.446
  Operating Conditions: fast_hv_lt

Path 76
  From: PF_DDR4_SS_0/MSC_i_0/MSC_i_1/MSC_i_8/MSC_i_272/dfi_address_r2[0]:CLK
  To:   PF_DDR4_SS_0/DDRPHY_BLK_0/IOD_TRAINING_0/COREDDR_TIP_INT_U/u_register_bank/pipelined_generate_block.DFI_ADDRESS_P0_OUT[0]:D
  Delay (ns):              0.153
  Slack (ns):              0.076
  Arrival (ns):            4.525
  Required (ns):           4.449
  Operating Conditions: fast_hv_lt

Path 77
  From: PF_DDR4_SS_0/MSC_i_0/MSC_i_1/MSC_i_8/MSC_i_233/MSC_i_234/MSC_i_254/data_shifter_gen[37].data_shifter[37][0]:CLK
  To:   PF_DDR4_SS_0/MSC_i_0/MSC_i_1/MSC_i_8/MSC_i_233/MSC_i_234/MSC_i_254/data_shifter_gen[36].data_shifter[36][0]:D
  Delay (ns):              0.152
  Slack (ns):              0.076
  Arrival (ns):            4.532
  Required (ns):           4.456
  Operating Conditions: fast_hv_lt

Path 78
  From: PF_DDR4_SS_0/DDRPHY_BLK_0/IOD_TRAINING_0/COREDDR_TIP_INT_U/u_register_bank/pipelined_generate_block.IOG_DQ_TXDATA_OUT[19]:CLK
  To:   PF_DDR4_SS_0/DDRPHY_BLK_0/IOD_TRAINING_0/COREDDR_TIP_INT_U/TIP_CTRL_BLK/PHY_SIG_MOD/iog_dq_txdata_in_reg[19]:D
  Delay (ns):              0.153
  Slack (ns):              0.076
  Arrival (ns):            4.542
  Required (ns):           4.466
  Operating Conditions: fast_hv_lt

Path 79
  From: PF_DDR4_SS_0/DDRPHY_BLK_0/IOD_TRAINING_0/COREDDR_TIP_INT_U/TIP_CTRL_BLK/LEVELLING/WRLVL/wrlvl_instances[1].uWrlvl/dq_in_reg[6]:CLK
  To:   PF_DDR4_SS_0/DDRPHY_BLK_0/IOD_TRAINING_0/COREDDR_TIP_INT_U/TIP_CTRL_BLK/LEVELLING/WRLVL/wrlvl_instances[1].uWrlvl/dq_in_reg_2[6]:D
  Delay (ns):              0.153
  Slack (ns):              0.076
  Arrival (ns):            4.543
  Required (ns):           4.467
  Operating Conditions: fast_hv_lt

Path 80
  From: PF_DDR4_SS_0/DDRPHY_BLK_0/IOD_TRAINING_0/COREDDR_TIP_INT_U/TIP_CTRL_BLK/LEVELLING/WRLVL/wrlvl_instances[0].uWrlvl/dq_in_reg[7]:CLK
  To:   PF_DDR4_SS_0/DDRPHY_BLK_0/IOD_TRAINING_0/COREDDR_TIP_INT_U/TIP_CTRL_BLK/LEVELLING/WRLVL/wrlvl_instances[0].uWrlvl/dq_in_reg_2[7]:D
  Delay (ns):              0.153
  Slack (ns):              0.076
  Arrival (ns):            4.538
  Required (ns):           4.462
  Operating Conditions: fast_hv_lt

Path 81
  From: AXI4_Interconnect_0/AXI4_Interconnect_0/axicb/cb.arcon/trgmx/slaveAADDR[19]:CLK
  To:   AXI4_Interconnect_0/AXI4_Interconnect_0/SlvConvertor_loop[0].slvcnv/rgsl/genblk2.arrs/holdDat[50]:D
  Delay (ns):              0.152
  Slack (ns):              0.076
  Arrival (ns):            4.525
  Required (ns):           4.449
  Operating Conditions: fast_hv_lt

Path 82
  From: PF_DDR4_SS_0/MSC_i_0/MSC_i_1/MSC_i_8/MSC_i_272/dfi_bank_r2[1]:CLK
  To:   PF_DDR4_SS_0/DDRPHY_BLK_0/IOD_TRAINING_0/COREDDR_TIP_INT_U/u_register_bank/pipelined_generate_block.DFI_BANK_P0_OUT[1]:D
  Delay (ns):              0.154
  Slack (ns):              0.077
  Arrival (ns):            4.526
  Required (ns):           4.449
  Operating Conditions: fast_hv_lt

Path 83
  From: PF_DDR4_SS_0/MSC_i_0/MSC_i_1/MSC_i_8/MSC_i_272/dfi_address_r2[7]:CLK
  To:   PF_DDR4_SS_0/DDRPHY_BLK_0/IOD_TRAINING_0/COREDDR_TIP_INT_U/u_register_bank/pipelined_generate_block.DFI_ADDRESS_P0_OUT[7]:D
  Delay (ns):              0.153
  Slack (ns):              0.077
  Arrival (ns):            4.526
  Required (ns):           4.449
  Operating Conditions: fast_hv_lt

Path 84
  From: PF_DDR4_SS_0/MSC_i_0/MSC_i_1/MSC_i_8/MSC_i_272/dfi_address_r1[7]:CLK
  To:   PF_DDR4_SS_0/DDRPHY_BLK_0/IOD_TRAINING_0/COREDDR_TIP_INT_U/u_register_bank/pipelined_generate_block.DFI_ADDRESS_P2_OUT[7]:D
  Delay (ns):              0.153
  Slack (ns):              0.077
  Arrival (ns):            4.526
  Required (ns):           4.449
  Operating Conditions: fast_hv_lt

Path 85
  From: PF_DDR4_SS_0/MSC_i_0/MSC_i_1/MSC_i_8/MSC_i_272/dfi_address_r1[2]:CLK
  To:   PF_DDR4_SS_0/DDRPHY_BLK_0/IOD_TRAINING_0/COREDDR_TIP_INT_U/u_register_bank/pipelined_generate_block.DFI_ADDRESS_P3_OUT[2]:D
  Delay (ns):              0.153
  Slack (ns):              0.077
  Arrival (ns):            4.524
  Required (ns):           4.447
  Operating Conditions: fast_hv_lt

Path 86
  From: PF_DDR4_SS_0/MSC_i_0/MSC_i_1/MSC_i_8/MSC_i_272/dfi_address_r1[0]:CLK
  To:   PF_DDR4_SS_0/DDRPHY_BLK_0/IOD_TRAINING_0/COREDDR_TIP_INT_U/u_register_bank/pipelined_generate_block.DFI_ADDRESS_P3_OUT[0]:D
  Delay (ns):              0.153
  Slack (ns):              0.077
  Arrival (ns):            4.526
  Required (ns):           4.449
  Operating Conditions: fast_hv_lt

Path 87
  From: PF_DDR4_SS_0/MSC_i_0/MSC_i_1/MSC_i_8/MSC_i_263/MSC_i_266/data_r1[64]:CLK
  To:   PF_DDR4_SS_0/MSC_i_0/MSC_i_1/MSC_i_8/MSC_i_263/MSC_i_266/data_r2[64]:D
  Delay (ns):              0.153
  Slack (ns):              0.077
  Arrival (ns):            4.532
  Required (ns):           4.455
  Operating Conditions: fast_hv_lt

Path 88
  From: PF_DDR4_SS_0/MSC_i_0/MSC_i_1/MSC_i_8/MSC_i_233/MSC_i_234/MSC_i_249/lat_n0.resettable.data_shifter_2_[33]:CLK
  To:   PF_DDR4_SS_0/MSC_i_0/MSC_i_1/MSC_i_8/MSC_i_272/dfi_odt_p1_r1[0]:D
  Delay (ns):              0.151
  Slack (ns):              0.077
  Arrival (ns):            4.551
  Required (ns):           4.474
  Operating Conditions: fast_hv_lt

Path 89
  From: PF_DDR4_SS_0/MSC_i_0/MSC_i_1/MSC_i_8/MSC_i_233/MSC_i_234/MSC_i_249/lat_n0.resettable.data_shifter_1_[122]:CLK
  To:   PF_DDR4_SS_0/MSC_i_0/MSC_i_1/MSC_i_8/MSC_i_233/MSC_i_234/MSC_i_249/lat_n0.resettable.data_shifter_2_[122]:D
  Delay (ns):              0.154
  Slack (ns):              0.077
  Arrival (ns):            4.522
  Required (ns):           4.445
  Operating Conditions: fast_hv_lt

Path 90
  From: PF_DDR4_SS_0/MSC_i_0/MSC_i_1/MSC_i_8/MSC_i_151/gen_fr4.DFI_WRDATA_ALIGN_eq_0.dfi_wrdata_p2_po_r1[27]:CLK
  To:   PF_DDR4_SS_0/MSC_i_0/MSC_i_1/MSC_i_8/MSC_i_274/data_shifter_gen[1].data_shifter[1][99]:D
  Delay (ns):              0.152
  Slack (ns):              0.077
  Arrival (ns):            4.538
  Required (ns):           4.461
  Operating Conditions: fast_hv_lt

Path 91
  From: PF_DDR4_SS_0/MSC_i_0/MSC_i_1/MSC_i_8/MSC_i_12/wr_data_packed[124]:CLK
  To:   PF_DDR4_SS_0/MSC_i_0/MSC_i_1/MSC_i_8/MSC_i_12/wr_data_fifo_wr_data[124]:D
  Delay (ns):              0.154
  Slack (ns):              0.077
  Arrival (ns):            4.534
  Required (ns):           4.457
  Operating Conditions: fast_hv_lt

Path 92
  From: PF_DDR4_SS_0/MSC_i_0/MSC_i_1/MSC_i_8/MSC_i_12/cmd_fifo_wr_data_reg3[42]:CLK
  To:   PF_DDR4_SS_0/MSC_i_0/MSC_i_1/MSC_i_8/MSC_i_12/cmd_fifo_wr_data_reg4[42]:D
  Delay (ns):              0.153
  Slack (ns):              0.077
  Arrival (ns):            4.529
  Required (ns):           4.452
  Operating Conditions: fast_hv_lt

Path 93
  From: PF_DDR4_SS_0/DDRPHY_BLK_0/IOD_TRAINING_0/COREDDR_TIP_INT_U/u_register_bank/pipelined_generate_block.IOG_DQ_TXDATA_OUT[85]:CLK
  To:   PF_DDR4_SS_0/DDRPHY_BLK_0/IOD_TRAINING_0/COREDDR_TIP_INT_U/TIP_CTRL_BLK/PHY_SIG_MOD/iog_dq_txdata_in_reg[85]:D
  Delay (ns):              0.153
  Slack (ns):              0.077
  Arrival (ns):            4.540
  Required (ns):           4.463
  Operating Conditions: fast_hv_lt

Path 94
  From: PF_DDR4_SS_0/DDRPHY_BLK_0/IOD_TRAINING_0/COREDDR_TIP_INT_U/u_register_bank/pipelined_generate_block.IOG_DQ_TXDATA_OUT[114]:CLK
  To:   PF_DDR4_SS_0/DDRPHY_BLK_0/IOD_TRAINING_0/COREDDR_TIP_INT_U/TIP_CTRL_BLK/PHY_SIG_MOD/iog_dq_txdata_in_reg[114]:D
  Delay (ns):              0.153
  Slack (ns):              0.077
  Arrival (ns):            4.557
  Required (ns):           4.480
  Operating Conditions: fast_hv_lt

Path 95
  From: PF_DDR4_SS_0/DDRPHY_BLK_0/IOD_TRAINING_0/COREDDR_TIP_INT_U/u_register_bank/pipelined_generate_block.IOG_DM_TXDATA_OUT[3]:CLK
  To:   PF_DDR4_SS_0/DDRPHY_BLK_0/IOD_TRAINING_0/COREDDR_TIP_INT_U/TIP_CTRL_BLK/PHY_SIG_MOD/iog_dm_txdata_in_reg[3]:D
  Delay (ns):              0.153
  Slack (ns):              0.077
  Arrival (ns):            4.543
  Required (ns):           4.466
  Operating Conditions: fast_hv_lt

Path 96
  From: PF_DDR4_SS_0/DDRPHY_BLK_0/IOD_TRAINING_0/COREDDR_TIP_INT_U/TIP_CTRL_BLK/LEVELLING/IOG_IF/move_int[10]:CLK
  To:   PF_DDR4_SS_0/DDRPHY_BLK_0/IOD_TRAINING_0/COREDDR_TIP_INT_U/MOVE[10]:D
  Delay (ns):              0.154
  Slack (ns):              0.077
  Arrival (ns):            4.542
  Required (ns):           4.465
  Operating Conditions: fast_hv_lt

Path 97
  From: AXI4_Interconnect_0/AXI4_Interconnect_0/SlvConvertor_loop[4].slvcnv/rgsl/genblk1.awrs/sDat[54]:CLK
  To:   PF_DDR4_SS_0/MSC_i_0/MSC_i_1/MSC_i_8/MSC_i_12/awaddr_r1[23]:D
  Delay (ns):              0.154
  Slack (ns):              0.077
  Arrival (ns):            4.516
  Required (ns):           4.439
  Operating Conditions: fast_hv_lt

Path 98
  From: AXI4_Interconnect_0/AXI4_Interconnect_0/SlvConvertor_loop[3].slvcnv/rgsl/genblk4.wrs/sDat[65]:CLK
  To:   SRAM_AXI_0/COREAXI4SRAM_0/genblk1.U_SRAM_AXI_COREAXI4SRAM_0_CoreAXI4SRAM_MAINCTRL/genblk1.wdata_sc_r[55]:D
  Delay (ns):              0.153
  Slack (ns):              0.077
  Arrival (ns):            4.523
  Required (ns):           4.446
  Operating Conditions: fast_hv_lt

Path 99
  From: AXI4_Interconnect_0/AXI4_Interconnect_0/SlvConvertor_loop[2].slvcnv/slvCDC/genblk1.cdc_BChan/wrPtr_s1[1]:CLK
  To:   AXI4_Interconnect_0/AXI4_Interconnect_0/SlvConvertor_loop[2].slvcnv/slvCDC/genblk1.cdc_BChan/wrPtr_s2[1]:D
  Delay (ns):              0.152
  Slack (ns):              0.078
  Arrival (ns):            4.518
  Required (ns):           4.440
  Operating Conditions: fast_hv_lt

Path 100
  From: AXI4_Interconnect_0/AXI4_Interconnect_0/SlvConvertor_loop[1].slvcnv/rgsl/genblk1.awrs/sDat[39]:CLK
  To:   CoreDMA_IO_CTRL_0/axi_io_ctrl_0/waddr_int[5]:D
  Delay (ns):              0.152
  Slack (ns):              0.078
  Arrival (ns):            4.529
  Required (ns):           4.451
  Operating Conditions: fast_hv_lt

