Timing Violation Report Min Delay Analysis

SmartTime Version v12.6
Microsemi Corporation - Microsemi Libero Software Release v12.6 (Version 12.900.20.24)
Date: Tue Jul 20 06:16:20 2021


Design: top
Family: PolarFire
Die: MPF300T
Package: FCVG484
Temperature Range: 0 - 100 C
Voltage Range: 0.97 - 1.03 V
Speed Grade: -1
Design State: Post-Layout
Data source: Production
Multi Corner Report Operating Conditions: slow_lv_ht, slow_lv_lt, fast_hv_lt
Scenario for Timing Analysis: timing_analysis


*** IMPORTANT RECOMMENDATION *** If you haven't done so, it is highly recommended to add clock jitter information for each clock domain into Libero SoC through clock uncertainty SDC timing constraints. Please refer to the Libero SoC v12.5 release notes for more details.

Path 1
  From: PF_DDR4_SS_0/MSC_i_0/MSC_i_1/MSC_i_8/MSC_i_10/wr_data_delay_fifo_rd_data_reg_early[17]:CLK
  To:   PF_DDR4_SS_0/MSC_i_0/MSC_i_1/MSC_i_8/MSC_i_10/wr_data_delay_fifo_rd_data_reg[17]:D
  Delay (ns):              0.285
  Slack (ns):              0.024
  Arrival (ns):            8.025
  Required (ns):           8.001
  Operating Conditions: slow_lv_lt

Path 2
  From: CoreDMA_IO_CTRL_0/axi_io_ctrl_0/clk_count2[25]:CLK
  To:   CoreDMA_IO_CTRL_0/UART_SD_0/cmd_ctrlr_0/clk_count2[25]:D
  Delay (ns):              0.296
  Slack (ns):              0.028
  Arrival (ns):            8.801
  Required (ns):           8.773
  Operating Conditions: slow_lv_ht

Path 3
  From: PF_DDR4_SS_0/MSC_i_0/MSC_i_1/MSC_i_8/MSC_i_10/cmd_fifo_wr_data_reg2[90]:CLK
  To:   PF_DDR4_SS_0/MSC_i_0/MSC_i_1/MSC_i_8/MSC_i_10/cmd_fifo_wr_data_reg3[90]:D
  Delay (ns):              0.310
  Slack (ns):              0.038
  Arrival (ns):            8.050
  Required (ns):           8.012
  Operating Conditions: slow_lv_lt

Path 4
  From: PF_DDR4_SS_0/MSC_i_0/MSC_i_1/MSC_i_8/MSC_i_10/wr_data_delay_fifo_rd_data_reg[22]:CLK
  To:   PF_DDR4_SS_0/MSC_i_0/MSC_i_1/MSC_i_8/MSC_i_10/wr_data_packed[86]:D
  Delay (ns):              0.311
  Slack (ns):              0.043
  Arrival (ns):            8.042
  Required (ns):           7.999
  Operating Conditions: slow_lv_lt

Path 5
  From: PF_DDR4_SS_0/MSC_i_0/MSC_i_1/MSC_i_8/MSC_i_10/cmd_fifo_wr_data_reg2[40]:CLK
  To:   PF_DDR4_SS_0/MSC_i_0/MSC_i_1/MSC_i_8/MSC_i_10/cmd_fifo_wr_data_reg3[40]:D
  Delay (ns):              0.310
  Slack (ns):              0.043
  Arrival (ns):            8.052
  Required (ns):           8.009
  Operating Conditions: slow_lv_lt

Path 6
  From: AXI4_Interconnect_0/AXI4_Interconnect_0/SlvConvertor_loop[2].slvcnv/slvCDC/genblk1.cdc_AWChan/rdPtr_s1[2]:CLK
  To:   AXI4_Interconnect_0/AXI4_Interconnect_0/SlvConvertor_loop[2].slvcnv/slvCDC/genblk1.cdc_AWChan/rdPtr_s2[2]:D
  Delay (ns):              0.307
  Slack (ns):              0.044
  Arrival (ns):            8.034
  Required (ns):           7.990
  Operating Conditions: slow_lv_lt

Path 7
  From: PF_DDR4_SS_0/MSC_i_0/MSC_i_1/MSC_i_8/MSC_i_10/wr_data_delay_fifo_rd_data_reg_early[16]:CLK
  To:   PF_DDR4_SS_0/MSC_i_0/MSC_i_1/MSC_i_8/MSC_i_10/wr_data_delay_fifo_rd_data_reg[16]:D
  Delay (ns):              0.308
  Slack (ns):              0.047
  Arrival (ns):            8.048
  Required (ns):           8.001
  Operating Conditions: slow_lv_lt

Path 8
  From: PF_DDR4_SS_0/MSC_i_0/MSC_i_1/MSC_i_8/MSC_i_10/wr_data_delay_fifo_rd_data_reg_early[53]:CLK
  To:   PF_DDR4_SS_0/MSC_i_0/MSC_i_1/MSC_i_8/MSC_i_10/wr_data_delay_fifo_rd_data_reg[53]:D
  Delay (ns):              0.313
  Slack (ns):              0.048
  Arrival (ns):            8.047
  Required (ns):           7.999
  Operating Conditions: slow_lv_lt

Path 9
  From: AXI4_Interconnect_0/AXI4_Interconnect_0/SlvConvertor_loop[2].slvcnv/slvCDC/genblk1.cdc_AWChan/rdPtr_s1[0]:CLK
  To:   AXI4_Interconnect_0/AXI4_Interconnect_0/SlvConvertor_loop[2].slvcnv/slvCDC/genblk1.cdc_AWChan/rdPtr_s2[0]:D
  Delay (ns):              0.209
  Slack (ns):              0.050
  Arrival (ns):            5.863
  Required (ns):           5.813
  Operating Conditions: fast_hv_lt

Path 10
  From: AXI4_Interconnect_0/AXI4_Interconnect_0/SlvConvertor_loop[2].slvcnv/slvCDC/genblk1.cdc_AWChan/wrGrayCounterP2/cntBinary[2]:CLK
  To:   AXI4_Interconnect_0/AXI4_Interconnect_0/SlvConvertor_loop[2].slvcnv/slvCDC/genblk1.cdc_AWChan/wrGrayCounterP2/cntGray[2]:D
  Delay (ns):              0.210
  Slack (ns):              0.051
  Arrival (ns):            5.864
  Required (ns):           5.813
  Operating Conditions: fast_hv_lt

Path 11
  From: PF_DDR4_SS_0/MSC_i_0/MSC_i_1/MSC_i_8/MSC_i_10/wr_data_delay_fifo_rd_data_reg[31]:CLK
  To:   PF_DDR4_SS_0/MSC_i_0/MSC_i_1/MSC_i_8/MSC_i_10/wr_data_packed[95]:D
  Delay (ns):              0.213
  Slack (ns):              0.052
  Arrival (ns):            5.875
  Required (ns):           5.823
  Operating Conditions: fast_hv_lt

Path 12
  From: PF_DDR4_SS_0/MSC_i_0/MSC_i_1/MSC_i_8/MSC_i_10/wr_data_delay_fifo_rd_data_reg[29]:CLK
  To:   PF_DDR4_SS_0/MSC_i_0/MSC_i_1/MSC_i_8/MSC_i_10/wr_data_packed[93]:D
  Delay (ns):              0.319
  Slack (ns):              0.052
  Arrival (ns):            8.051
  Required (ns):           7.999
  Operating Conditions: slow_lv_lt

Path 13
  From: AXI4_Interconnect_0/AXI4_Interconnect_0/SlvConvertor_loop[4].slvcnv/rgsl/genblk2.arrs/sDat[60]:CLK
  To:   PF_DDR4_SS_0/MSC_i_0/MSC_i_1/MSC_i_8/MSC_i_10/araddr_r1[29]:D
  Delay (ns):              0.208
  Slack (ns):              0.052
  Arrival (ns):            5.885
  Required (ns):           5.833
  Operating Conditions: fast_hv_lt

Path 14
  From: PF_DDR4_SS_0/MSC_i_0/MSC_i_1/MSC_i_8/MSC_i_10/wr_data_delay_fifo_rd_data_reg_early[40]:CLK
  To:   PF_DDR4_SS_0/MSC_i_0/MSC_i_1/MSC_i_8/MSC_i_10/wr_data_delay_fifo_rd_data_reg[40]:D
  Delay (ns):              0.209
  Slack (ns):              0.053
  Arrival (ns):            5.880
  Required (ns):           5.827
  Operating Conditions: fast_hv_lt

Path 15
  From: PF_DDR4_SS_0/MSC_i_0/MSC_i_1/MSC_i_8/MSC_i_272/data_shifter_gen[1].data_shifter[1][66]:CLK
  To:   PF_DDR4_SS_0/DDRPHY_BLK_0/IOD_TRAINING_0/COREDDR_TIP_INT_U/u_register_bank/pipelined_generate_block.IOG_DQ_TXDATA_OUT[85]:D
  Delay (ns):              0.210
  Slack (ns):              0.054
  Arrival (ns):            5.860
  Required (ns):           5.806
  Operating Conditions: fast_hv_lt

Path 16
  From: CoreDMA_IO_CTRL_0/axi_io_ctrl_0/rdata_o[63]:CLK
  To:   AXI4_Interconnect_0/AXI4_Interconnect_0/SlvConvertor_loop[1].slvcnv/rgsl/genblk3.rrs/holdDat[67]:D
  Delay (ns):              0.216
  Slack (ns):              0.055
  Arrival (ns):            5.891
  Required (ns):           5.836
  Operating Conditions: fast_hv_lt

Path 17
  From: PF_DDR4_SS_0/MSC_i_0/MSC_i_1/MSC_i_8/MSC_i_169/gen_fr4.DFI_WRDATA_ALIGN_eq_0.dfi_wrdata_p2_po_r1[18]:CLK
  To:   PF_DDR4_SS_0/MSC_i_0/MSC_i_1/MSC_i_8/MSC_i_272/data_shifter_gen[1].data_shifter[1][90]:D
  Delay (ns):              0.314
  Slack (ns):              0.056
  Arrival (ns):            8.040
  Required (ns):           7.984
  Operating Conditions: slow_lv_lt

Path 18
  From: PF_DDR4_SS_0/DDRPHY_BLK_0/IOD_TRAINING_0/COREDDR_TIP_INT_U/TIP_CTRL_BLK/LEVELLING/RDLVL/RDLVL_SMS/genblk1[1].RDLVL_TRAIN/gate_training/pre_iog_counter[1]:CLK
  To:   PF_DDR4_SS_0/DDRPHY_BLK_0/IOD_TRAINING_0/COREDDR_TIP_INT_U/TIP_CTRL_BLK/LEVELLING/RDLVL/RDLVL_SMS/genblk1[1].RDLVL_TRAIN/gate_training/pre_iog_en_output_registered_2[6]:SLn
  Delay (ns):              0.175
  Slack (ns):              0.061
  Arrival (ns):            5.830
  Required (ns):           5.769
  Operating Conditions: fast_hv_lt

Path 19
  From: PF_DDR4_SS_0/DDRPHY_BLK_0/IOD_TRAINING_0/COREDDR_TIP_INT_U/TIP_CTRL_BLK/LEVELLING/RDLVL/RDLVL_SMS/genblk1[1].RDLVL_TRAIN/gate_training/pre_iog_counter[1]:CLK
  To:   PF_DDR4_SS_0/DDRPHY_BLK_0/IOD_TRAINING_0/COREDDR_TIP_INT_U/TIP_CTRL_BLK/LEVELLING/RDLVL/RDLVL_SMS/genblk1[1].RDLVL_TRAIN/gate_training/pre_iog_en_output_registered_2[8]:SLn
  Delay (ns):              0.176
  Slack (ns):              0.062
  Arrival (ns):            5.831
  Required (ns):           5.769
  Operating Conditions: fast_hv_lt

Path 20
  From: PF_DDR4_SS_0/MSC_i_0/MSC_i_1/MSC_i_8/MSC_i_273/dfi_ras_n_r2:CLK
  To:   PF_DDR4_SS_0/DDRPHY_BLK_0/IOD_TRAINING_0/COREDDR_TIP_INT_U/u_register_bank/pipelined_generate_block.DFI_RAS_N_P0_OUT:D
  Delay (ns):              0.147
  Slack (ns):              0.070
  Arrival (ns):            5.828
  Required (ns):           5.758
  Operating Conditions: fast_hv_lt

Path 21
  From: PF_DDR4_SS_0/MSC_i_0/MSC_i_1/MSC_i_8/MSC_i_273/dfi_act_n_r2:CLK
  To:   PF_DDR4_SS_0/DDRPHY_BLK_0/IOD_TRAINING_0/COREDDR_TIP_INT_U/u_register_bank/pipelined_generate_block.DFI_ACT_N_P0_OUT:D
  Delay (ns):              0.147
  Slack (ns):              0.070
  Arrival (ns):            5.828
  Required (ns):           5.758
  Operating Conditions: fast_hv_lt

Path 22
  From: PF_DDR4_SS_0/MSC_i_0/MSC_i_1/MSC_i_8/MSC_i_169/gen_fr4.DFI_WRDATA_ALIGN_eq_0.dfi_wrdata_p2_po_r1[20]:CLK
  To:   PF_DDR4_SS_0/MSC_i_0/MSC_i_1/MSC_i_8/MSC_i_272/data_shifter_gen[1].data_shifter[1][92]:D
  Delay (ns):              0.146
  Slack (ns):              0.070
  Arrival (ns):            5.828
  Required (ns):           5.758
  Operating Conditions: fast_hv_lt

Path 23
  From: PF_DDR4_SS_0/MSC_i_0/MSC_i_1/MSC_i_8/MSC_i_140/MSC_i_141/MSC_i_156/lat_n0.resettable.data_shifter_1_[113]:CLK
  To:   PF_DDR4_SS_0/MSC_i_0/MSC_i_1/MSC_i_8/MSC_i_140/MSC_i_141/MSC_i_156/lat_n0.resettable.data_shifter_2_[113]:D
  Delay (ns):              0.147
  Slack (ns):              0.070
  Arrival (ns):            5.825
  Required (ns):           5.755
  Operating Conditions: fast_hv_lt

Path 24
  From: PF_DDR4_SS_0/MSC_i_0/MSC_i_1/MSC_i_8/MSC_i_140/MSC_i_141/MSC_i_149/lat_n0.resettable.data_shifter_2_[0]:CLK
  To:   PF_DDR4_SS_0/MSC_i_0/MSC_i_1/MSC_i_8/MSC_i_273/dfi_we_n_r1:D
  Delay (ns):              0.147
  Slack (ns):              0.070
  Arrival (ns):            5.828
  Required (ns):           5.758
  Operating Conditions: fast_hv_lt

Path 25
  From: PF_DDR4_SS_0/MSC_i_0/MSC_i_1/MSC_i_8/MSC_i_140/MSC_i_141/MSC_i_157/data_shifter_gen[5].data_shifter[5][1]:CLK
  To:   PF_DDR4_SS_0/MSC_i_0/MSC_i_1/MSC_i_8/MSC_i_140/MSC_i_141/MSC_i_157/data_shifter_gen[4].data_shifter[4][1]:D
  Delay (ns):              0.147
  Slack (ns):              0.071
  Arrival (ns):            5.826
  Required (ns):           5.755
  Operating Conditions: fast_hv_lt

Path 26
  From: PF_DDR4_SS_0/MSC_i_0/MSC_i_1/MSC_i_8/MSC_i_140/MSC_i_141/MSC_i_156/lat_n0.resettable.data_shifter_1_[120]:CLK
  To:   PF_DDR4_SS_0/MSC_i_0/MSC_i_1/MSC_i_8/MSC_i_140/MSC_i_141/MSC_i_156/lat_n0.resettable.data_shifter_2_[120]:D
  Delay (ns):              0.147
  Slack (ns):              0.071
  Arrival (ns):            5.830
  Required (ns):           5.759
  Operating Conditions: fast_hv_lt

Path 27
  From: PF_DDR4_SS_0/MSC_i_0/MSC_i_1/MSC_i_8/MSC_i_273/dfi_address_r2[11]:CLK
  To:   PF_DDR4_SS_0/DDRPHY_BLK_0/IOD_TRAINING_0/COREDDR_TIP_INT_U/u_register_bank/pipelined_generate_block.DFI_ADDRESS_P0_OUT[11]:D
  Delay (ns):              0.148
  Slack (ns):              0.072
  Arrival (ns):            5.833
  Required (ns):           5.761
  Operating Conditions: fast_hv_lt

Path 28
  From: PF_DDR4_SS_0/MSC_i_0/MSC_i_1/MSC_i_8/MSC_i_169/MSC_i_183/fr4.dfi_in_p3_r:CLK
  To:   PF_DDR4_SS_0/MSC_i_0/MSC_i_1/MSC_i_8/MSC_i_272/data_shifter_gen[1].data_shifter[1][120]:D
  Delay (ns):              0.148
  Slack (ns):              0.072
  Arrival (ns):            5.826
  Required (ns):           5.754
  Operating Conditions: fast_hv_lt

Path 29
  From: PF_DDR4_SS_0/MSC_i_0/MSC_i_1/MSC_i_8/MSC_i_10/cmd_fifo_wr_data_reg2[46]:CLK
  To:   PF_DDR4_SS_0/MSC_i_0/MSC_i_1/MSC_i_8/MSC_i_10/cmd_fifo_wr_data_reg3[46]:D
  Delay (ns):              0.148
  Slack (ns):              0.072
  Arrival (ns):            5.840
  Required (ns):           5.768
  Operating Conditions: fast_hv_lt

Path 30
  From: PF_DDR4_SS_0/MSC_i_0/MSC_i_1/MSC_i_8/MSC_i_10/MSC_i_53/MSC_i_54/MSC_i_56/din_gray_r[2]:CLK
  To:   PF_DDR4_SS_0/MSC_i_0/MSC_i_1/MSC_i_8/MSC_i_10/MSC_i_53/MSC_i_54/MSC_i_56/MSC_i_58/MSC_i_61/s0:D
  Delay (ns):              0.148
  Slack (ns):              0.072
  Arrival (ns):            5.840
  Required (ns):           5.768
  Operating Conditions: fast_hv_lt

Path 31
  From: PF_DDR4_SS_0/MSC_i_0/MSC_i_1/MSC_i_8/MSC_i_273/dfi_bank_r2[3]:CLK
  To:   PF_DDR4_SS_0/DDRPHY_BLK_0/IOD_TRAINING_0/COREDDR_TIP_INT_U/u_register_bank/pipelined_generate_block.DFI_BG_P0_OUT[1]:D
  Delay (ns):              0.151
  Slack (ns):              0.073
  Arrival (ns):            5.829
  Required (ns):           5.756
  Operating Conditions: fast_hv_lt

Path 32
  From: PF_DDR4_SS_0/MSC_i_0/MSC_i_1/MSC_i_8/MSC_i_273/dfi_bank_r2[2]:CLK
  To:   PF_DDR4_SS_0/DDRPHY_BLK_0/IOD_TRAINING_0/COREDDR_TIP_INT_U/u_register_bank/pipelined_generate_block.DFI_BG_P0_OUT[0]:D
  Delay (ns):              0.150
  Slack (ns):              0.073
  Arrival (ns):            5.828
  Required (ns):           5.755
  Operating Conditions: fast_hv_lt

Path 33
  From: PF_DDR4_SS_0/MSC_i_0/MSC_i_1/MSC_i_8/MSC_i_169/MSC_i_195/fr4.dfi_in_p3_r:CLK
  To:   PF_DDR4_SS_0/MSC_i_0/MSC_i_1/MSC_i_8/MSC_i_272/data_shifter_gen[1].data_shifter[1][110]:D
  Delay (ns):              0.148
  Slack (ns):              0.073
  Arrival (ns):            5.803
  Required (ns):           5.730
  Operating Conditions: fast_hv_lt

Path 34
  From: PF_DDR4_SS_0/MSC_i_0/MSC_i_1/MSC_i_8/MSC_i_140/MSC_i_141/MSC_i_161/data_shifter_gen[21].data_shifter[21][0]:CLK
  To:   PF_DDR4_SS_0/MSC_i_0/MSC_i_1/MSC_i_8/MSC_i_140/MSC_i_141/MSC_i_161/data_shifter_gen[20].data_shifter[20][0]:D
  Delay (ns):              0.149
  Slack (ns):              0.073
  Arrival (ns):            5.834
  Required (ns):           5.761
  Operating Conditions: fast_hv_lt

Path 35
  From: PF_DDR4_SS_0/MSC_i_0/MSC_i_1/MSC_i_8/MSC_i_140/MSC_i_141/MSC_i_157/data_shifter_gen[34].data_shifter[34][1]:CLK
  To:   PF_DDR4_SS_0/MSC_i_0/MSC_i_1/MSC_i_8/MSC_i_140/MSC_i_141/MSC_i_157/data_shifter_gen[33].data_shifter[33][1]:D
  Delay (ns):              0.149
  Slack (ns):              0.073
  Arrival (ns):            5.823
  Required (ns):           5.750
  Operating Conditions: fast_hv_lt

Path 36
  From: PF_DDR4_SS_0/MSC_i_0/MSC_i_1/MSC_i_8/MSC_i_140/MSC_i_141/MSC_i_157/data_shifter_gen[10].data_shifter[10][0]:CLK
  To:   PF_DDR4_SS_0/MSC_i_0/MSC_i_1/MSC_i_8/MSC_i_140/MSC_i_141/MSC_i_157/data_shifter_gen[9].data_shifter[9][0]:D
  Delay (ns):              0.150
  Slack (ns):              0.073
  Arrival (ns):            5.836
  Required (ns):           5.763
  Operating Conditions: fast_hv_lt

Path 37
  From: PF_DDR4_SS_0/DDRPHY_BLK_0/IOD_TRAINING_0/COREDDR_TIP_INT_U/u_register_bank/pipelined_generate_block.IOG_DQ_TXDATA_OUT[52]:CLK
  To:   PF_DDR4_SS_0/DDRPHY_BLK_0/IOD_TRAINING_0/COREDDR_TIP_INT_U/TIP_CTRL_BLK/PHY_SIG_MOD/iog_dq_txdata_in_reg[52]:D
  Delay (ns):              0.149
  Slack (ns):              0.073
  Arrival (ns):            5.810
  Required (ns):           5.737
  Operating Conditions: fast_hv_lt

Path 38
  From: PCIe_EP_0/PCIex4_0/pcie_apblink_master_inst/prdata[19]:CLK
  To:   PCIe_EP_0/PCIex4_0/pcie_apblink_master_inst/prdata[18]:D
  Delay (ns):              0.149
  Slack (ns):              0.073
  Arrival (ns):            1.978
  Required (ns):           1.905
  Operating Conditions: fast_hv_lt

Path 39
  From: PF_DDR4_SS_0/MSC_i_0/MSC_i_1/MSC_i_8/MSC_i_169/gen_fr4.DFI_WRDATA_ALIGN_eq_0.dfi_wrdata_p2_po_r1[11]:CLK
  To:   PF_DDR4_SS_0/MSC_i_0/MSC_i_1/MSC_i_8/MSC_i_272/data_shifter_gen[1].data_shifter[1][83]:D
  Delay (ns):              0.151
  Slack (ns):              0.074
  Arrival (ns):            5.838
  Required (ns):           5.764
  Operating Conditions: fast_hv_lt

Path 40
  From: PF_DDR4_SS_0/DDRPHY_BLK_0/IOD_TRAINING_0/COREDDR_TIP_INT_U/TIP_CTRL_BLK/LEVELLING/WRLVL/wrlvl_instances[0].uWrlvl/dq_in_reg[3]:CLK
  To:   PF_DDR4_SS_0/DDRPHY_BLK_0/IOD_TRAINING_0/COREDDR_TIP_INT_U/TIP_CTRL_BLK/LEVELLING/WRLVL/wrlvl_instances[0].uWrlvl/dq_in_reg_2[3]:D
  Delay (ns):              0.150
  Slack (ns):              0.074
  Arrival (ns):            5.808
  Required (ns):           5.734
  Operating Conditions: fast_hv_lt

Path 41
  From: PF_DDR4_SS_0/MSC_i_0/MSC_i_1/MSC_i_8/MSC_i_265/hold_i_data[10]:CLK
  To:   PF_DDR4_SS_0/MSC_i_0/MSC_i_1/MSC_i_8/MSC_i_265/o_data[10]:D
  Delay (ns):              0.151
  Slack (ns):              0.075
  Arrival (ns):            5.845
  Required (ns):           5.770
  Operating Conditions: fast_hv_lt

Path 42
  From: PF_DDR4_SS_0/MSC_i_0/MSC_i_1/MSC_i_8/MSC_i_140/MSC_i_141/MSC_i_157/data_shifter_gen[31].data_shifter[31][1]:CLK
  To:   PF_DDR4_SS_0/MSC_i_0/MSC_i_1/MSC_i_8/MSC_i_140/MSC_i_141/MSC_i_157/data_shifter_gen[30].data_shifter[30][1]:D
  Delay (ns):              0.152
  Slack (ns):              0.075
  Arrival (ns):            5.826
  Required (ns):           5.751
  Operating Conditions: fast_hv_lt

Path 43
  From: PF_DDR4_SS_0/MSC_i_0/MSC_i_1/MSC_i_8/MSC_i_140/MSC_i_141/MSC_i_157/data_shifter_gen[12].data_shifter[12][0]:CLK
  To:   PF_DDR4_SS_0/MSC_i_0/MSC_i_1/MSC_i_8/MSC_i_140/MSC_i_141/MSC_i_157/data_shifter_gen[11].data_shifter[11][0]:D
  Delay (ns):              0.151
  Slack (ns):              0.075
  Arrival (ns):            5.838
  Required (ns):           5.763
  Operating Conditions: fast_hv_lt

Path 44
  From: PF_DDR4_SS_0/MSC_i_0/MSC_i_1/MSC_i_8/MSC_i_140/MSC_i_141/MSC_i_156/lat_n0.resettable.data_shifter_1_[107]:CLK
  To:   PF_DDR4_SS_0/MSC_i_0/MSC_i_1/MSC_i_8/MSC_i_140/MSC_i_141/MSC_i_156/lat_n0.resettable.data_shifter_2_[107]:D
  Delay (ns):              0.152
  Slack (ns):              0.075
  Arrival (ns):            5.848
  Required (ns):           5.773
  Operating Conditions: fast_hv_lt

Path 45
  From: PF_DDR4_SS_0/MSC_i_0/MSC_i_1/MSC_i_8/MSC_i_10/cmd_fifo_wr_data_reg3[77]:CLK
  To:   PF_DDR4_SS_0/MSC_i_0/MSC_i_1/MSC_i_8/MSC_i_10/cmd_fifo_wr_data_reg4[77]:D
  Delay (ns):              0.152
  Slack (ns):              0.075
  Arrival (ns):            5.827
  Required (ns):           5.752
  Operating Conditions: fast_hv_lt

Path 46
  From: PF_DDR4_SS_0/MSC_i_0/MSC_i_1/MSC_i_8/MSC_i_10/MSC_i_53/MSC_i_54/MSC_i_56/din_gray_r[0]:CLK
  To:   PF_DDR4_SS_0/MSC_i_0/MSC_i_1/MSC_i_8/MSC_i_10/MSC_i_53/MSC_i_54/MSC_i_56/MSC_i_58/MSC_i_63/s0:D
  Delay (ns):              0.152
  Slack (ns):              0.075
  Arrival (ns):            5.844
  Required (ns):           5.769
  Operating Conditions: fast_hv_lt

Path 47
  From: PF_DDR4_SS_0/MSC_i_0/MSC_i_1/MSC_i_8/MSC_i_10/MSC_i_107/MSC_i_108/MSC_i_110/din_gray_r[4]:CLK
  To:   PF_DDR4_SS_0/MSC_i_0/MSC_i_1/MSC_i_8/MSC_i_10/MSC_i_107/MSC_i_108/MSC_i_110/MSC_i_112/MSC_i_117/s0:D
  Delay (ns):              0.152
  Slack (ns):              0.075
  Arrival (ns):            5.831
  Required (ns):           5.756
  Operating Conditions: fast_hv_lt

Path 48
  From: PF_DDR4_SS_0/DDRPHY_BLK_0/IOD_TRAINING_0/COREDDR_TIP_INT_U/u_register_bank/pipelined_generate_block.IOG_DM_TXDATA_OUT[1]:CLK
  To:   PF_DDR4_SS_0/DDRPHY_BLK_0/IOD_TRAINING_0/COREDDR_TIP_INT_U/TIP_CTRL_BLK/PHY_SIG_MOD/iog_dm_txdata_in_reg[1]:D
  Delay (ns):              0.151
  Slack (ns):              0.075
  Arrival (ns):            5.811
  Required (ns):           5.736
  Operating Conditions: fast_hv_lt

Path 49
  From: CoreDMA_IO_CTRL_0/axi4dma_init_0/reg_wdata[26]:CLK
  To:   CoreDMA_IO_CTRL_0/axi4dma_init_0/wdata_o[26]:D
  Delay (ns):              0.152
  Slack (ns):              0.075
  Arrival (ns):            5.821
  Required (ns):           5.746
  Operating Conditions: fast_hv_lt

Path 50
  From: AXI4_Interconnect_0/AXI4_Interconnect_0/SlvConvertor_loop[1].slvcnv/rgsl/genblk2.arrs/sDat[41]:CLK
  To:   CoreDMA_IO_CTRL_0/axi_io_ctrl_0/raddr_int[7]:D
  Delay (ns):              0.152
  Slack (ns):              0.075
  Arrival (ns):            5.824
  Required (ns):           5.749
  Operating Conditions: fast_hv_lt

Path 51
  From: PF_DDR4_SS_0/MSC_i_0/MSC_i_1/MSC_i_8/MSC_i_140/MSC_i_141/MSC_i_161/data_shifter_gen[35].data_shifter[35][0]:CLK
  To:   PF_DDR4_SS_0/MSC_i_0/MSC_i_1/MSC_i_8/MSC_i_140/MSC_i_141/MSC_i_161/data_shifter_gen[34].data_shifter[34][0]:D
  Delay (ns):              0.152
  Slack (ns):              0.076
  Arrival (ns):            5.839
  Required (ns):           5.763
  Operating Conditions: fast_hv_lt

Path 52
  From: PF_DDR4_SS_0/MSC_i_0/MSC_i_1/MSC_i_8/MSC_i_140/MSC_i_141/MSC_i_157/data_shifter_gen[22].data_shifter[22][1]:CLK
  To:   PF_DDR4_SS_0/MSC_i_0/MSC_i_1/MSC_i_8/MSC_i_140/MSC_i_141/MSC_i_157/data_shifter_gen[21].data_shifter[21][1]:D
  Delay (ns):              0.152
  Slack (ns):              0.076
  Arrival (ns):            5.826
  Required (ns):           5.750
  Operating Conditions: fast_hv_lt

Path 53
  From: PF_DDR4_SS_0/MSC_i_0/MSC_i_1/MSC_i_8/MSC_i_140/MSC_i_141/MSC_i_156/lat_n0.resettable.data_shifter_2_[118]:CLK
  To:   PF_DDR4_SS_0/MSC_i_0/MSC_i_1/MSC_i_8/MSC_i_273/dfi_address_r1[8]:D
  Delay (ns):              0.153
  Slack (ns):              0.076
  Arrival (ns):            5.837
  Required (ns):           5.761
  Operating Conditions: fast_hv_lt

Path 54
  From: PF_DDR4_SS_0/MSC_i_0/MSC_i_1/MSC_i_8/MSC_i_10/wr_data_delay_fifo_rd_data_reg_early[55]:CLK
  To:   PF_DDR4_SS_0/MSC_i_0/MSC_i_1/MSC_i_8/MSC_i_10/wr_data_delay_fifo_rd_data_reg[55]:D
  Delay (ns):              0.152
  Slack (ns):              0.076
  Arrival (ns):            5.841
  Required (ns):           5.765
  Operating Conditions: fast_hv_lt

Path 55
  From: PF_DDR4_SS_0/MSC_i_0/MSC_i_1/MSC_i_8/MSC_i_10/wr_data_delay_fifo_rd_data_reg[63]:CLK
  To:   PF_DDR4_SS_0/MSC_i_0/MSC_i_1/MSC_i_8/MSC_i_10/wr_data_packed[127]:D
  Delay (ns):              0.152
  Slack (ns):              0.076
  Arrival (ns):            5.837
  Required (ns):           5.761
  Operating Conditions: fast_hv_lt

Path 56
  From: PF_DDR4_SS_0/DDRPHY_BLK_0/IOD_TRAINING_0/COREDDR_TIP_INT_U/u_register_bank/pipelined_generate_block.IOG_DQ_TXDATA_OUT[36]:CLK
  To:   PF_DDR4_SS_0/DDRPHY_BLK_0/IOD_TRAINING_0/COREDDR_TIP_INT_U/TIP_CTRL_BLK/PHY_SIG_MOD/iog_dq_txdata_in_reg[36]:D
  Delay (ns):              0.153
  Slack (ns):              0.076
  Arrival (ns):            5.820
  Required (ns):           5.744
  Operating Conditions: fast_hv_lt

Path 57
  From: PF_DDR4_SS_0/DDRPHY_BLK_0/IOD_TRAINING_0/COREDDR_TIP_INT_U/u_register_bank/pipelined_generate_block.IOG_DM_TXDATA_OUT[10]:CLK
  To:   PF_DDR4_SS_0/DDRPHY_BLK_0/IOD_TRAINING_0/COREDDR_TIP_INT_U/TIP_CTRL_BLK/PHY_SIG_MOD/iog_dm_txdata_in_reg[10]:D
  Delay (ns):              0.153
  Slack (ns):              0.076
  Arrival (ns):            5.805
  Required (ns):           5.729
  Operating Conditions: fast_hv_lt

Path 58
  From: PCIe_EP_0/PCIex4_0/pcie_apblink_master_inst/prdata[27]:CLK
  To:   PCIe_EP_0/PCIex4_0/pcie_apblink_master_inst/prdata[26]:D
  Delay (ns):              0.152
  Slack (ns):              0.076
  Arrival (ns):            1.980
  Required (ns):           1.904
  Operating Conditions: fast_hv_lt

Path 59
  From: CoreDMA_IO_CTRL_0/UART_SD_0/cmd_ctrlr_0/uart_data_out_o[2]:CLK
  To:   CoreDMA_IO_CTRL_0/UART_SD_0/CORE_UART_0/Core_UART_0/tx_hold_reg[2]:D
  Delay (ns):              0.197
  Slack (ns):              0.076
  Arrival (ns):            5.889
  Required (ns):           5.813
  Operating Conditions: fast_hv_lt

Path 60
  From: AXI4_Interconnect_0/AXI4_Interconnect_0/SlvConvertor_loop[2].slvcnv/slvCDC/genblk1.cdc_AWChan/wrGrayCounterP2/cntBinary[2]:CLK
  To:   AXI4_Interconnect_0/AXI4_Interconnect_0/SlvConvertor_loop[2].slvcnv/slvCDC/genblk1.cdc_AWChan/wrGrayCounterP2/cntGray[1]:D
  Delay (ns):              0.235
  Slack (ns):              0.076
  Arrival (ns):            5.889
  Required (ns):           5.813
  Operating Conditions: fast_hv_lt

Path 61
  From: AXI4_Interconnect_0/AXI4_Interconnect_0/SlvConvertor_loop[0].slvcnv/rgsl/genblk2.arrs/holdDat[64]:CLK
  To:   AXI4_Interconnect_0/AXI4_Interconnect_0/SlvConvertor_loop[0].slvcnv/rgsl/genblk2.arrs/sDat[64]:D
  Delay (ns):              0.235
  Slack (ns):              0.076
  Arrival (ns):            5.898
  Required (ns):           5.822
  Operating Conditions: fast_hv_lt

Path 62
  From: PF_DDR4_SS_0/MSC_i_0/MSC_i_1/MSC_i_8/MSC_i_273/dfi_we_n_r1:CLK
  To:   PF_DDR4_SS_0/DDRPHY_BLK_0/IOD_TRAINING_0/COREDDR_TIP_INT_U/u_register_bank/pipelined_generate_block.DFI_WE_N_P1_OUT:D
  Delay (ns):              0.153
  Slack (ns):              0.077
  Arrival (ns):            5.835
  Required (ns):           5.758
  Operating Conditions: fast_hv_lt

Path 63
  From: PF_DDR4_SS_0/MSC_i_0/MSC_i_1/MSC_i_8/MSC_i_273/dfi_reset_n_r1:CLK
  To:   PF_DDR4_SS_0/DDRPHY_BLK_0/IOD_TRAINING_0/COREDDR_TIP_INT_U/u_register_bank/pipelined_generate_block.DFI_RESET_N_P2_OUT:D
  Delay (ns):              0.153
  Slack (ns):              0.077
  Arrival (ns):            5.825
  Required (ns):           5.748
  Operating Conditions: fast_hv_lt

Path 64
  From: PF_DDR4_SS_0/MSC_i_0/MSC_i_1/MSC_i_8/MSC_i_273/dfi_cke_r2[0]:CLK
  To:   PF_DDR4_SS_0/DDRPHY_BLK_0/IOD_TRAINING_0/COREDDR_TIP_INT_U/u_register_bank/pipelined_generate_block.DFI_CKE_P2_OUT:D
  Delay (ns):              0.153
  Slack (ns):              0.077
  Arrival (ns):            5.825
  Required (ns):           5.748
  Operating Conditions: fast_hv_lt

Path 65
  From: PF_DDR4_SS_0/MSC_i_0/MSC_i_1/MSC_i_8/MSC_i_273/dfi_cas_n_r2:CLK
  To:   PF_DDR4_SS_0/DDRPHY_BLK_0/IOD_TRAINING_0/COREDDR_TIP_INT_U/u_register_bank/pipelined_generate_block.DFI_CAS_N_P0_OUT:D
  Delay (ns):              0.154
  Slack (ns):              0.077
  Arrival (ns):            5.835
  Required (ns):           5.758
  Operating Conditions: fast_hv_lt

Path 66
  From: PF_DDR4_SS_0/MSC_i_0/MSC_i_1/MSC_i_8/MSC_i_273/dfi_cas_n_r1:CLK
  To:   PF_DDR4_SS_0/DDRPHY_BLK_0/IOD_TRAINING_0/COREDDR_TIP_INT_U/u_register_bank/pipelined_generate_block.DFI_CAS_N_P3_OUT:D
  Delay (ns):              0.153
  Slack (ns):              0.077
  Arrival (ns):            5.835
  Required (ns):           5.758
  Operating Conditions: fast_hv_lt

Path 67
  From: PF_DDR4_SS_0/MSC_i_0/MSC_i_1/MSC_i_8/MSC_i_273/dfi_bank_r1[2]:CLK
  To:   PF_DDR4_SS_0/DDRPHY_BLK_0/IOD_TRAINING_0/COREDDR_TIP_INT_U/u_register_bank/pipelined_generate_block.DFI_BG_P3_OUT[0]:D
  Delay (ns):              0.153
  Slack (ns):              0.077
  Arrival (ns):            5.832
  Required (ns):           5.755
  Operating Conditions: fast_hv_lt

Path 68
  From: PF_DDR4_SS_0/MSC_i_0/MSC_i_1/MSC_i_8/MSC_i_273/dfi_address_r2[7]:CLK
  To:   PF_DDR4_SS_0/DDRPHY_BLK_0/IOD_TRAINING_0/COREDDR_TIP_INT_U/u_register_bank/pipelined_generate_block.DFI_ADDRESS_P0_OUT[7]:D
  Delay (ns):              0.153
  Slack (ns):              0.077
  Arrival (ns):            5.839
  Required (ns):           5.762
  Operating Conditions: fast_hv_lt

Path 69
  From: PF_DDR4_SS_0/MSC_i_0/MSC_i_1/MSC_i_8/MSC_i_273/dfi_address_r1[9]:CLK
  To:   PF_DDR4_SS_0/DDRPHY_BLK_0/IOD_TRAINING_0/COREDDR_TIP_INT_U/u_register_bank/pipelined_generate_block.DFI_ADDRESS_P3_OUT[9]:D
  Delay (ns):              0.153
  Slack (ns):              0.077
  Arrival (ns):            5.837
  Required (ns):           5.760
  Operating Conditions: fast_hv_lt

Path 70
  From: PF_DDR4_SS_0/MSC_i_0/MSC_i_1/MSC_i_8/MSC_i_273/dfi_address_r1[8]:CLK
  To:   PF_DDR4_SS_0/DDRPHY_BLK_0/IOD_TRAINING_0/COREDDR_TIP_INT_U/u_register_bank/pipelined_generate_block.DFI_ADDRESS_P2_OUT[8]:D
  Delay (ns):              0.153
  Slack (ns):              0.077
  Arrival (ns):            5.837
  Required (ns):           5.760
  Operating Conditions: fast_hv_lt

Path 71
  From: PF_DDR4_SS_0/MSC_i_0/MSC_i_1/MSC_i_8/MSC_i_273/dfi_address_r1[5]:CLK
  To:   PF_DDR4_SS_0/DDRPHY_BLK_0/IOD_TRAINING_0/COREDDR_TIP_INT_U/u_register_bank/pipelined_generate_block.DFI_ADDRESS_P1_OUT[5]:D
  Delay (ns):              0.153
  Slack (ns):              0.077
  Arrival (ns):            5.839
  Required (ns):           5.762
  Operating Conditions: fast_hv_lt

Path 72
  From: PF_DDR4_SS_0/MSC_i_0/MSC_i_1/MSC_i_8/MSC_i_140/MSC_i_141/MSC_i_161/data_shifter_gen[17].data_shifter[17][1]:CLK
  To:   PF_DDR4_SS_0/MSC_i_0/MSC_i_1/MSC_i_8/MSC_i_140/MSC_i_141/MSC_i_161/data_shifter_gen[16].data_shifter[16][1]:D
  Delay (ns):              0.145
  Slack (ns):              0.077
  Arrival (ns):            5.826
  Required (ns):           5.749
  Operating Conditions: fast_hv_lt

Path 73
  From: PF_DDR4_SS_0/MSC_i_0/MSC_i_1/MSC_i_8/MSC_i_140/MSC_i_141/MSC_i_161/data_shifter_gen[17].data_shifter[17][0]:CLK
  To:   PF_DDR4_SS_0/MSC_i_0/MSC_i_1/MSC_i_8/MSC_i_140/MSC_i_141/MSC_i_161/data_shifter_gen[16].data_shifter[16][0]:D
  Delay (ns):              0.154
  Slack (ns):              0.077
  Arrival (ns):            5.838
  Required (ns):           5.761
  Operating Conditions: fast_hv_lt

Path 74
  From: PF_DDR4_SS_0/MSC_i_0/MSC_i_1/MSC_i_8/MSC_i_140/MSC_i_141/MSC_i_161/data_shifter_gen[13].data_shifter[13][1]:CLK
  To:   PF_DDR4_SS_0/MSC_i_0/MSC_i_1/MSC_i_8/MSC_i_140/MSC_i_141/MSC_i_161/data_shifter_gen[12].data_shifter[12][1]:D
  Delay (ns):              0.151
  Slack (ns):              0.077
  Arrival (ns):            5.832
  Required (ns):           5.755
  Operating Conditions: fast_hv_lt

Path 75
  From: PF_DDR4_SS_0/MSC_i_0/MSC_i_1/MSC_i_8/MSC_i_140/MSC_i_141/MSC_i_157/data_shifter_gen[19].data_shifter[19][0]:CLK
  To:   PF_DDR4_SS_0/MSC_i_0/MSC_i_1/MSC_i_8/MSC_i_140/MSC_i_141/MSC_i_157/data_shifter_gen[18].data_shifter[18][0]:D
  Delay (ns):              0.153
  Slack (ns):              0.077
  Arrival (ns):            5.840
  Required (ns):           5.763
  Operating Conditions: fast_hv_lt

Path 76
  From: PF_DDR4_SS_0/MSC_i_0/MSC_i_1/MSC_i_8/MSC_i_10/wr_data_delay_fifo_rd_data_reg[47]:CLK
  To:   PF_DDR4_SS_0/MSC_i_0/MSC_i_1/MSC_i_8/MSC_i_10/wr_data_packed[111]:D
  Delay (ns):              0.247
  Slack (ns):              0.077
  Arrival (ns):            5.900
  Required (ns):           5.823
  Operating Conditions: fast_hv_lt

Path 77
  From: PF_DDR4_SS_0/MSC_i_0/MSC_i_1/MSC_i_8/MSC_i_10/cmd_fifo_wr_data_reg3[40]:CLK
  To:   PF_DDR4_SS_0/MSC_i_0/MSC_i_1/MSC_i_8/MSC_i_10/cmd_fifo_wr_data_reg4[40]:D
  Delay (ns):              0.151
  Slack (ns):              0.077
  Arrival (ns):            5.845
  Required (ns):           5.768
  Operating Conditions: fast_hv_lt

Path 78
  From: PF_DDR4_SS_0/DDRPHY_BLK_0/IOD_TRAINING_0/COREDDR_TIP_INT_U/u_register_bank/pipelined_generate_block.IOG_DM_TXDATA_OUT[5]:CLK
  To:   PF_DDR4_SS_0/DDRPHY_BLK_0/IOD_TRAINING_0/COREDDR_TIP_INT_U/TIP_CTRL_BLK/PHY_SIG_MOD/iog_dm_txdata_in_reg[5]:D
  Delay (ns):              0.153
  Slack (ns):              0.077
  Arrival (ns):            5.813
  Required (ns):           5.736
  Operating Conditions: fast_hv_lt

Path 79
  From: PF_DDR4_SS_0/DDRPHY_BLK_0/IOD_TRAINING_0/COREDDR_TIP_INT_U/TIP_CTRL_BLK/LEVELLING/IOG_IF/move_int[11]:CLK
  To:   PF_DDR4_SS_0/DDRPHY_BLK_0/IOD_TRAINING_0/COREDDR_TIP_INT_U/MOVE[11]:D
  Delay (ns):              0.154
  Slack (ns):              0.077
  Arrival (ns):            5.796
  Required (ns):           5.719
  Operating Conditions: fast_hv_lt

Path 80
  From: PF_RESET_0/PF_RESET_0/dff_1:CLK
  To:   PF_RESET_0/PF_RESET_0/dff_2:D
  Delay (ns):              0.152
  Slack (ns):              0.078
  Arrival (ns):            5.796
  Required (ns):           5.718
  Operating Conditions: fast_hv_lt

Path 81
  From: PF_DDR4_SS_0/MSC_i_0/MSC_i_1/MSC_i_8/MSC_i_272/data_shifter_gen[1].data_shifter[1][0]:CLK
  To:   PF_DDR4_SS_0/DDRPHY_BLK_0/IOD_TRAINING_0/COREDDR_TIP_INT_U/u_register_bank/pipelined_generate_block.DFI_RDDATA_EN_P3_OUT:D
  Delay (ns):              0.152
  Slack (ns):              0.078
  Arrival (ns):            5.811
  Required (ns):           5.733
  Operating Conditions: fast_hv_lt

Path 82
  From: PF_DDR4_SS_0/MSC_i_0/MSC_i_1/MSC_i_8/MSC_i_265/MSC_i_269/MSC_i_271/s0:CLK
  To:   PF_DDR4_SS_0/MSC_i_0/MSC_i_1/MSC_i_8/MSC_i_265/MSC_i_269/MSC_i_271/s1:D
  Delay (ns):              0.154
  Slack (ns):              0.078
  Arrival (ns):            5.845
  Required (ns):           5.767
  Operating Conditions: fast_hv_lt

Path 83
  From: PF_DDR4_SS_0/MSC_i_0/MSC_i_1/MSC_i_8/MSC_i_252/MSC_i_255/data_r1[96]:CLK
  To:   PF_DDR4_SS_0/MSC_i_0/MSC_i_1/MSC_i_8/MSC_i_252/MSC_i_255/data_r2[96]:D
  Delay (ns):              0.154
  Slack (ns):              0.078
  Arrival (ns):            5.836
  Required (ns):           5.758
  Operating Conditions: fast_hv_lt

Path 84
  From: PF_DDR4_SS_0/MSC_i_0/MSC_i_1/MSC_i_8/MSC_i_169/MSC_i_180/fr4.dfi_in_p3_r:CLK
  To:   PF_DDR4_SS_0/MSC_i_0/MSC_i_1/MSC_i_8/MSC_i_272/data_shifter_gen[1].data_shifter[1][123]:D
  Delay (ns):              0.152
  Slack (ns):              0.078
  Arrival (ns):            5.822
  Required (ns):           5.744
  Operating Conditions: fast_hv_lt

Path 85
  From: PF_DDR4_SS_0/MSC_i_0/MSC_i_1/MSC_i_8/MSC_i_140/MSC_i_141/MSC_i_161/data_shifter_gen[27].data_shifter[27][1]:CLK
  To:   PF_DDR4_SS_0/MSC_i_0/MSC_i_1/MSC_i_8/MSC_i_140/MSC_i_141/MSC_i_161/data_shifter_gen[26].data_shifter[26][1]:D
  Delay (ns):              0.152
  Slack (ns):              0.078
  Arrival (ns):            5.833
  Required (ns):           5.755
  Operating Conditions: fast_hv_lt

Path 86
  From: PF_DDR4_SS_0/MSC_i_0/MSC_i_1/MSC_i_8/MSC_i_140/MSC_i_141/MSC_i_161/data_shifter_gen[15].data_shifter[15][1]:CLK
  To:   PF_DDR4_SS_0/MSC_i_0/MSC_i_1/MSC_i_8/MSC_i_140/MSC_i_141/MSC_i_161/data_shifter_gen[14].data_shifter[14][1]:D
  Delay (ns):              0.152
  Slack (ns):              0.078
  Arrival (ns):            5.833
  Required (ns):           5.755
  Operating Conditions: fast_hv_lt

Path 87
  From: PF_DDR4_SS_0/MSC_i_0/MSC_i_1/MSC_i_8/MSC_i_140/MSC_i_141/MSC_i_156/lat_n0.resettable.data_shifter_1_[117]:CLK
  To:   PF_DDR4_SS_0/MSC_i_0/MSC_i_1/MSC_i_8/MSC_i_140/MSC_i_141/MSC_i_156/lat_n0.resettable.data_shifter_2_[117]:D
  Delay (ns):              0.154
  Slack (ns):              0.078
  Arrival (ns):            5.834
  Required (ns):           5.756
  Operating Conditions: fast_hv_lt

Path 88
  From: PF_DDR4_SS_0/MSC_i_0/MSC_i_1/MSC_i_8/MSC_i_10/wr_data_delay_fifo_rd_data_reg_early[19]:CLK
  To:   PF_DDR4_SS_0/MSC_i_0/MSC_i_1/MSC_i_8/MSC_i_10/wr_data_delay_fifo_rd_data_reg[19]:D
  Delay (ns):              0.152
  Slack (ns):              0.078
  Arrival (ns):            5.823
  Required (ns):           5.745
  Operating Conditions: fast_hv_lt

Path 89
  From: PF_DDR4_SS_0/MSC_i_0/MSC_i_1/MSC_i_8/MSC_i_10/cmd_fifo_wr_data_reg2[0]:CLK
  To:   PF_DDR4_SS_0/MSC_i_0/MSC_i_1/MSC_i_8/MSC_i_10/cmd_fifo_wr_data_reg3[0]:D
  Delay (ns):              0.152
  Slack (ns):              0.078
  Arrival (ns):            5.827
  Required (ns):           5.749
  Operating Conditions: fast_hv_lt

Path 90
  From: PF_DDR4_SS_0/MSC_i_0/MSC_i_1/MSC_i_8/MSC_i_10/MSC_i_107/MSC_i_108/MSC_i_110/din_gray_r[10]:CLK
  To:   PF_DDR4_SS_0/MSC_i_0/MSC_i_1/MSC_i_8/MSC_i_10/MSC_i_107/MSC_i_108/MSC_i_110/MSC_i_112/MSC_i_115/s0:D
  Delay (ns):              0.155
  Slack (ns):              0.078
  Arrival (ns):            5.834
  Required (ns):           5.756
  Operating Conditions: fast_hv_lt

Path 91
  From: PF_DDR4_SS_0/DDRPHY_BLK_0/IOD_TRAINING_0/COREDDR_TIP_INT_U/u_register_bank/pipelined_generate_block.IOG_DM_TXDATA_OUT[7]:CLK
  To:   PF_DDR4_SS_0/DDRPHY_BLK_0/IOD_TRAINING_0/COREDDR_TIP_INT_U/TIP_CTRL_BLK/PHY_SIG_MOD/iog_dm_txdata_in_reg[7]:D
  Delay (ns):              0.155
  Slack (ns):              0.078
  Arrival (ns):            5.814
  Required (ns):           5.736
  Operating Conditions: fast_hv_lt

Path 92
  From: PF_DDR4_SS_0/DDRPHY_BLK_0/IOD_TRAINING_0/COREDDR_TIP_INT_U/TIP_CTRL_BLK/LEVELLING/RDLVL/RDLVL_SMS/genblk1[0].RDLVL_TRAIN/dq_align_dqs_optimization/delay_cnt_minus1[0]:CLK
  To:   PF_DDR4_SS_0/DDRPHY_BLK_0/IOD_TRAINING_0/COREDDR_TIP_INT_U/TIP_CTRL_BLK/LEVELLING/RDLVL/RDLVL_SMS/genblk1[0].RDLVL_TRAIN/dq_align_dqs_optimization/initlDqsOrStw_2_endw[0]:D
  Delay (ns):              0.152
  Slack (ns):              0.078
  Arrival (ns):            5.811
  Required (ns):           5.733
  Operating Conditions: fast_hv_lt

Path 93
  From: PF_DDR4_SS_0/DDRPHY_BLK_0/IOD_TRAINING_0/COREDDR_TIP_INT_U/TIP_CTRL_BLK/LEVELLING/IOG_IF/move_int[6]:CLK
  To:   PF_DDR4_SS_0/DDRPHY_BLK_0/IOD_TRAINING_0/COREDDR_TIP_INT_U/MOVE[6]:D
  Delay (ns):              0.152
  Slack (ns):              0.078
  Arrival (ns):            5.808
  Required (ns):           5.730
  Operating Conditions: fast_hv_lt

Path 94
  From: CoreDMA_IO_CTRL_0/axi4dma_init_0/reg_wdata[27]:CLK
  To:   CoreDMA_IO_CTRL_0/axi4dma_init_0/wdata_o[27]:D
  Delay (ns):              0.155
  Slack (ns):              0.078
  Arrival (ns):            5.825
  Required (ns):           5.747
  Operating Conditions: fast_hv_lt

Path 95
  From: CoreDMA_IO_CTRL_0/UART_SD_0/pattern_gen_checker_0/wdata_o[0]:CLK
  To:   AXI4_Interconnect_0/AXI4_Interconnect_0/MstConvertor_loop[2].mstrconv/rgsl/genblk4.wrs/holdDat[10]:D
  Delay (ns):              0.153
  Slack (ns):              0.078
  Arrival (ns):            5.830
  Required (ns):           5.752
  Operating Conditions: fast_hv_lt

Path 96
  From: CoreDMA_IO_CTRL_0/UART_SD_0/cmd_ctrlr_0/clk_count1[11]:CLK
  To:   CoreDMA_IO_CTRL_0/UART_SD_0/cmd_ctrlr_0/clk_cnt[1][3]:D
  Delay (ns):              0.152
  Slack (ns):              0.078
  Arrival (ns):            5.841
  Required (ns):           5.763
  Operating Conditions: fast_hv_lt

Path 97
  From: AXI4_Interconnect_0/AXI4_Interconnect_0/SlvConvertor_loop[2].slvcnv/slvCDC/genblk1.cdc_AWChan/wrGrayCounterP2/cntBinary[0]:CLK
  To:   AXI4_Interconnect_0/AXI4_Interconnect_0/SlvConvertor_loop[2].slvcnv/slvCDC/genblk1.cdc_AWChan/wrGrayCounterP2/cntGray[0]:D
  Delay (ns):              0.236
  Slack (ns):              0.078
  Arrival (ns):            5.891
  Required (ns):           5.813
  Operating Conditions: fast_hv_lt

Path 98
  From: PF_DDR4_SS_0/DDRPHY_BLK_0/IOD_TRAINING_0/COREDDR_TIP_INT_U/TIP_CTRL_BLK/LEVELLING/IOG_IF/move_int[17]:CLK
  To:   PF_DDR4_SS_0/DDRPHY_BLK_0/IOD_TRAINING_0/COREDDR_TIP_INT_U/MOVE[17]:D
  Delay (ns):              0.153
  Slack (ns):              0.079
  Arrival (ns):            5.800
  Required (ns):           5.721
  Operating Conditions: fast_hv_lt

Path 99
  From: AXI4_Interconnect_0/AXI4_Interconnect_0/axicb/cb.arcon/trgmx/slaveAADDR[31]:CLK
  To:   AXI4_Interconnect_0/AXI4_Interconnect_0/SlvConvertor_loop[0].slvcnv/rgsl/genblk2.arrs/holdDat[62]:D
  Delay (ns):              0.155
  Slack (ns):              0.079
  Arrival (ns):            5.818
  Required (ns):           5.739
  Operating Conditions: fast_hv_lt

Path 100
  From: AXI4_Interconnect_0/AXI4_Interconnect_0/SlvConvertor_loop[0].slvcnv/slvCDC/genblk1.cdc_RChan/wrPtr_s1[2]:CLK
  To:   AXI4_Interconnect_0/AXI4_Interconnect_0/SlvConvertor_loop[0].slvcnv/slvCDC/genblk1.cdc_RChan/wrPtr_s2[2]:D
  Delay (ns):              0.153
  Slack (ns):              0.079
  Arrival (ns):            5.812
  Required (ns):           5.733
  Operating Conditions: fast_hv_lt

