Timing Report Max Delay Analysis

SmartTime Version v12.6
Microsemi Corporation - Microsemi Libero Software Release v12.6 (Version 12.900.20.24)
Date: Mon Sep 13 18:48:57 2021


Design: top
Family: PolarFire
Die: MPF100T
Package: FCVG484
Temperature Range: -40 - 100 C
Voltage Range: 0.97 - 1.03 V
Speed Grade: -1
Design State: Post-Layout
Data source: Production
Multi Corner Report Operating Conditions: slow_lv_ht, slow_lv_lt, fast_hv_lt
Scenario for Timing Analysis: timing_analysis


*** IMPORTANT RECOMMENDATION *** If you haven't done so, it is highly recommended to add clock jitter information for each clock domain into Libero SoC through clock uncertainty SDC timing constraints. Please refer to the Libero SoC v12.5 release notes for more details.

-----------------------------------------------------
SUMMARY

Clock Domain:               PCIe_EP_0/PCIe_TL_CLK_0/CLK_DIV2_0/CLK_DIV2_0/I_CD:Y_DIV
Required Period (ns):       N/A
Required Frequency (MHz):   N/A
Worst Slack (ns):           
Operating Conditions:       

Clock Domain:               PCIe_EP_0/PCIe_TL_CLK_0/OSC_160MHz_0/OSC_160MHz_0/I_OSC_160:CLK
Required Period (ns):       N/A
Required Frequency (MHz):   N/A
Worst Slack (ns):           
Operating Conditions:       

Clock Domain:               PCIe_EP_0/PCIe_TX_PLL_0/PCIe_TX_PLL_0/txpll_isnt_0:DIV_CLK
Required Period (ns):       N/A
Required Frequency (MHz):   N/A
Worst Slack (ns):           
Operating Conditions:       

Clock Domain:               PF_CCC_C2_0/PF_CCC_C2_0/pll_inst_0:OUT0
Required Period (ns):       N/A
Required Frequency (MHz):   N/A
Worst Slack (ns):           
Operating Conditions:       

Clock Domain:               PF_CCC_C2_0/PF_CCC_C2_0/pll_inst_0:OUT1
Required Period (ns):       N/A
Required Frequency (MHz):   N/A
Worst Slack (ns):           
Operating Conditions:       

Clock Domain:               PF_CCC_C2_0/PF_CCC_C2_0/pll_inst_0:OUT2
Required Period (ns):       N/A
Required Frequency (MHz):   N/A
Worst Slack (ns):           
Operating Conditions:       

Clock Domain:               REF_CLK_0
Required Period (ns):       N/A
Required Frequency (MHz):   N/A
Worst Slack (ns):           
Operating Conditions:       

                            Input to Output
Max Delay (ns):             N/A

END SUMMARY
-----------------------------------------------------

Clock Domain PCIe_EP_0/PCIe_TL_CLK_0/CLK_DIV2_0/CLK_DIV2_0/I_CD:Y_DIV

Info: The maximum frequency of this clock domain is limited by the period of pin PCIe_EP_0/PCIex4_0/PCIE_1:TL_CLK

SET Register to Register

No Path 

END SET Register to Register

----------------------------------------------------

SET External Setup

No Path 

END SET External Setup

----------------------------------------------------

SET Clock to Output

No Path 

END SET Clock to Output

----------------------------------------------------

SET PF_CCC_C2_0/PF_CCC_C2_0/pll_inst_0:OUT1 to PCIe_EP_0/PCIe_TL_CLK_0/CLK_DIV2_0/CLK_DIV2_0/I_CD:Y_DIV

No Path 

END SET PF_CCC_C2_0/PF_CCC_C2_0/pll_inst_0:OUT1 to PCIe_EP_0/PCIe_TL_CLK_0/CLK_DIV2_0/CLK_DIV2_0/I_CD:Y_DIV

----------------------------------------------------

SET Register to Asynchronous

No Path 

END SET Register to Asynchronous

----------------------------------------------------

SET External Recovery

Path 1
  From: USER_RESETN
  To:   PCIe_EP_0/PCIex4_0/PCIE_1:MPERST_N
  Delay (ns):              7.182
  Arrival (ns):            7.182
  Recovery (ns):           1.395
  External Recovery (ns):   6.304
  Operating Conditions: slow_lv_ht


Expanded Path 1
  From: USER_RESETN
  To: PCIe_EP_0/PCIex4_0/PCIE_1:MPERST_N
  data required time                                    N/C
  data arrival time                          -        7.182
  slack                                                 N/C
  ________________________________________________________
  Data arrival time calculation
  0.000                        USER_RESETN (r)
               +     0.000          net: USER_RESETN
  0.000                        USER_RESETN_ibuf/U_IOPAD:PAD (r)
               +     1.322          cell: ADLIB:IOPAD_IN
  1.322                        USER_RESETN_ibuf/U_IOPAD:Y (r)
               +     0.000          net: USER_RESETN_ibuf/YIN
  1.322                        USER_RESETN_ibuf/U_IOIN:YIN (r)
               +     0.346          cell: ADLIB:IOIN_IB_E
  1.668                        USER_RESETN_ibuf/U_IOIN:Y (r)
               +     5.514          net: USER_RESETN_c
  7.182                        PCIe_EP_0/PCIex4_0/PCIE_1:MPERST_N (r)
                                    
  7.182                        data arrival time
  ________________________________________________________
  Data required time calculation
  N/C                          PCIe_EP_0/PCIe_TL_CLK_0/CLK_DIV2_0/CLK_DIV2_0/I_CD:Y_DIV
               +     0.000          Clock source
  N/C                          PCIe_EP_0/PCIe_TL_CLK_0/CLK_DIV2_0/CLK_DIV2_0/I_CD:Y_DIV (r)
               +     0.000          net: PCIe_EP_0/PCIe_TL_CLK_0/CLK_DIV2_0_CLK_OUT
  N/C                          PCIe_EP_0/PCIe_TL_CLK_0/NGMUX_0/NGMUX_0/I_NGMUX:CLK0 (r)
               +     0.567          cell: ADLIB:ICB_NGMUX
  N/C                          PCIe_EP_0/PCIe_TL_CLK_0/NGMUX_0/NGMUX_0/I_NGMUX:Y (r)
               +     0.000          net: PCIe_EP_0/PCIe_TL_CLK_0/NGMUX_0/NGMUX_0/Y_I_NGMUX_net
  N/C                          PCIe_EP_0/PCIe_TL_CLK_0/NGMUX_0/NGMUX_0/I_CLKINT_1:A (r)
               +     0.176          cell: ADLIB:ICB_CLKINT
  N/C                          PCIe_EP_0/PCIe_TL_CLK_0/NGMUX_0/NGMUX_0/I_CLKINT_1:Y (r)
               +     0.328          net: PCIe_EP_0/PCIe_TL_CLK_0/NGMUX_0/NGMUX_0/I_CLKINT_NET
  N/C                          PCIe_EP_0/PCIe_TL_CLK_0/NGMUX_0/NGMUX_0/I_CLKINT:A (r)
               +     0.155          cell: ADLIB:GB
  N/C                          PCIe_EP_0/PCIe_TL_CLK_0/NGMUX_0/NGMUX_0/I_CLKINT:Y (r)
               +     0.327          net: PCIe_EP_0/PCIe_TL_CLK_0/NGMUX_0/NGMUX_0/I_CLKINT/U0_Y
  N/C                          PCIe_EP_0/PCIe_TL_CLK_0/NGMUX_0/NGMUX_0/I_CLKINT/U0_RGB1:A (r)
               +     0.049          cell: ADLIB:RGB
  N/C                          PCIe_EP_0/PCIe_TL_CLK_0/NGMUX_0/NGMUX_0/I_CLKINT/U0_RGB1:Y (f)
               +     0.671          net: PCIe_EP_0/PCIe_TL_CLK_0_TL_CLK
  N/C                          PCIe_EP_0/PCIex4_0/PCIE_1:TL_CLK (r)
               -     1.395          Library recovery time: ADLIB:PCIE
  N/C                          PCIe_EP_0/PCIex4_0/PCIE_1:MPERST_N


Operating Conditions : slow_lv_ht

END SET External Recovery

----------------------------------------------------

SET Asynchronous to Register

No Path 

END SET Asynchronous to Register

----------------------------------------------------

Clock Domain PCIe_EP_0/PCIe_TL_CLK_0/OSC_160MHz_0/OSC_160MHz_0/I_OSC_160:CLK

Info: The maximum frequency of this clock domain is limited by the period of pin PCIe_EP_0/PCIe_TL_CLK_0/CLK_DIV2_0/CLK_DIV2_0/I_CD:A

SET Register to Register

No Path 

END SET Register to Register

----------------------------------------------------

SET External Setup

No Path 

END SET External Setup

----------------------------------------------------

SET Clock to Output

No Path 

END SET Clock to Output

----------------------------------------------------

SET Register to Asynchronous

No Path 

END SET Register to Asynchronous

----------------------------------------------------

SET External Recovery

No Path 

END SET External Recovery

----------------------------------------------------

SET Asynchronous to Register

No Path 

END SET Asynchronous to Register

----------------------------------------------------

Clock Domain PCIe_EP_0/PCIe_TX_PLL_0/PCIe_TX_PLL_0/txpll_isnt_0:DIV_CLK

Info: The maximum frequency of this clock domain is limited by the period of pin PCIe_EP_0/PCIex4_0/PCIE_1:TL_CLK

SET Register to Register

No Path 

END SET Register to Register

----------------------------------------------------

SET External Setup

No Path 

END SET External Setup

----------------------------------------------------

SET Clock to Output

No Path 

END SET Clock to Output

----------------------------------------------------

SET PF_CCC_C2_0/PF_CCC_C2_0/pll_inst_0:OUT1 to PCIe_EP_0/PCIe_TX_PLL_0/PCIe_TX_PLL_0/txpll_isnt_0:DIV_CLK

No Path 

END SET PF_CCC_C2_0/PF_CCC_C2_0/pll_inst_0:OUT1 to PCIe_EP_0/PCIe_TX_PLL_0/PCIe_TX_PLL_0/txpll_isnt_0:DIV_CLK

----------------------------------------------------

SET Register to Asynchronous

No Path 

END SET Register to Asynchronous

----------------------------------------------------

SET External Recovery

Path 1
  From: USER_RESETN
  To:   PCIe_EP_0/PCIex4_0/PCIE_1:MPERST_N
  Delay (ns):              6.681
  Arrival (ns):            6.681
  Recovery (ns):           1.495
  External Recovery (ns):   2.271
  Operating Conditions: slow_lv_lt


Expanded Path 1
  From: USER_RESETN
  To: PCIe_EP_0/PCIex4_0/PCIE_1:MPERST_N
  data required time                                    N/C
  data arrival time                          -        6.681
  slack                                                 N/C
  ________________________________________________________
  Data arrival time calculation
  0.000                        USER_RESETN (r)
               +     0.000          net: USER_RESETN
  0.000                        USER_RESETN_ibuf/U_IOPAD:PAD (r)
               +     1.147          cell: ADLIB:IOPAD_IN
  1.147                        USER_RESETN_ibuf/U_IOPAD:Y (r)
               +     0.000          net: USER_RESETN_ibuf/YIN
  1.147                        USER_RESETN_ibuf/U_IOIN:YIN (r)
               +     0.279          cell: ADLIB:IOIN_IB_E
  1.426                        USER_RESETN_ibuf/U_IOIN:Y (r)
               +     5.255          net: USER_RESETN_c
  6.681                        PCIe_EP_0/PCIex4_0/PCIE_1:MPERST_N (r)
                                    
  6.681                        data arrival time
  ________________________________________________________
  Data required time calculation
  N/C                          PCIe_EP_0/PCIe_TX_PLL_0/PCIe_TX_PLL_0/txpll_isnt_0:DIV_CLK
               +     0.000          Clock source
  N/C                          PCIe_EP_0/PCIe_TX_PLL_0/PCIe_TX_PLL_0/txpll_isnt_0:DIV_CLK (r)
               +     3.520          net: PCIe_EP_0/PCIe_TX_PLL_0_CLK_125
  N/C                          PCIe_EP_0/PCIe_TL_CLK_0/NGMUX_0/NGMUX_0/I_NGMUX_1:A (r)
               +     0.000          cell: ADLIB:ICB_INT
  N/C                          PCIe_EP_0/PCIe_TL_CLK_0/NGMUX_0/NGMUX_0/I_NGMUX_1:Y (r)
               +     0.180          net: PCIe_EP_0/PCIe_TL_CLK_0/NGMUX_0/NGMUX_0/I_NGMUX_NET
  N/C                          PCIe_EP_0/PCIe_TL_CLK_0/NGMUX_0/NGMUX_0/I_NGMUX:CLK1 (r)
               +     0.569          cell: ADLIB:ICB_NGMUX
  N/C                          PCIe_EP_0/PCIe_TL_CLK_0/NGMUX_0/NGMUX_0/I_NGMUX:Y (r)
               +     0.000          net: PCIe_EP_0/PCIe_TL_CLK_0/NGMUX_0/NGMUX_0/Y_I_NGMUX_net
  N/C                          PCIe_EP_0/PCIe_TL_CLK_0/NGMUX_0/NGMUX_0/I_CLKINT_1:A (r)
               +     0.176          cell: ADLIB:ICB_CLKINT
  N/C                          PCIe_EP_0/PCIe_TL_CLK_0/NGMUX_0/NGMUX_0/I_CLKINT_1:Y (r)
               +     0.304          net: PCIe_EP_0/PCIe_TL_CLK_0/NGMUX_0/NGMUX_0/I_CLKINT_NET
  N/C                          PCIe_EP_0/PCIe_TL_CLK_0/NGMUX_0/NGMUX_0/I_CLKINT:A (r)
               +     0.158          cell: ADLIB:GB
  N/C                          PCIe_EP_0/PCIe_TL_CLK_0/NGMUX_0/NGMUX_0/I_CLKINT:Y (r)
               +     0.308          net: PCIe_EP_0/PCIe_TL_CLK_0/NGMUX_0/NGMUX_0/I_CLKINT/U0_Y
  N/C                          PCIe_EP_0/PCIe_TL_CLK_0/NGMUX_0/NGMUX_0/I_CLKINT/U0_RGB1:A (r)
               +     0.048          cell: ADLIB:RGB
  N/C                          PCIe_EP_0/PCIe_TL_CLK_0/NGMUX_0/NGMUX_0/I_CLKINT/U0_RGB1:Y (f)
               +     0.642          net: PCIe_EP_0/PCIe_TL_CLK_0_TL_CLK
  N/C                          PCIe_EP_0/PCIex4_0/PCIE_1:TL_CLK (r)
               -     1.495          Library recovery time: ADLIB:PCIE
  N/C                          PCIe_EP_0/PCIex4_0/PCIE_1:MPERST_N


Operating Conditions : slow_lv_lt

END SET External Recovery

----------------------------------------------------

SET Asynchronous to Register

No Path 

END SET Asynchronous to Register

----------------------------------------------------

Clock Domain PF_CCC_C2_0/PF_CCC_C2_0/pll_inst_0:OUT0

SET Register to Register

Path 1
  From: AXItoAPB_0/AXItoAHBL_0/AXItoAHBL_0/U_AHBMasterCtrl/HADDRInt[7]:CLK
  To:   AXItoAPB_0/AXItoAHBL_0/AXItoAHBL_0/U_AHBMasterCtrl/validByteCntInt[4]:D
  Delay (ns):              8.772
  Arrival (ns):           10.658
  Setup (ns):              0.000
  Minimum Period (ns):     8.889
  Operating Conditions: slow_lv_ht

Path 2
  From: AXItoAPB_0/AXItoAHBL_0/AXItoAHBL_0/U_AHBMasterCtrl/HADDRInt[8]:CLK
  To:   AXItoAPB_0/AXItoAHBL_0/AXItoAHBL_0/U_AHBMasterCtrl/validByteCntInt[4]:D
  Delay (ns):              8.705
  Arrival (ns):           10.591
  Setup (ns):              0.000
  Minimum Period (ns):     8.822
  Operating Conditions: slow_lv_ht

Path 3
  From: AXItoAPB_0/AXItoAHBL_0/AXItoAHBL_0/U_AHBMasterCtrl/HADDRInt[7]:CLK
  To:   AXItoAPB_0/AXItoAHBL_0/AXItoAHBL_0/U_AHBMasterCtrl/validByteCntInt[6]:D
  Delay (ns):              8.565
  Arrival (ns):           10.451
  Setup (ns):              0.000
  Minimum Period (ns):     8.682
  Operating Conditions: slow_lv_ht

Path 4
  From: AXItoAPB_0/AXItoAHBL_0/AXItoAHBL_0/U_AHBMasterCtrl/HADDRInt[6]:CLK
  To:   AXItoAPB_0/AXItoAHBL_0/AXItoAHBL_0/U_AHBMasterCtrl/validByteCntInt[4]:D
  Delay (ns):              8.564
  Arrival (ns):           10.450
  Setup (ns):              0.000
  Minimum Period (ns):     8.681
  Operating Conditions: slow_lv_ht

Path 5
  From: AXItoAPB_0/AXItoAHBL_0/AXItoAHBL_0/U_AHBMasterCtrl/HADDRInt[7]:CLK
  To:   AXItoAPB_0/AXItoAHBL_0/AXItoAHBL_0/U_AHBMasterCtrl/validByteCntInt[5]:D
  Delay (ns):              8.527
  Arrival (ns):           10.413
  Setup (ns):              0.000
  Minimum Period (ns):     8.646
  Operating Conditions: slow_lv_ht


Expanded Path 1
  From: AXItoAPB_0/AXItoAHBL_0/AXItoAHBL_0/U_AHBMasterCtrl/HADDRInt[7]:CLK
  To: AXItoAPB_0/AXItoAHBL_0/AXItoAHBL_0/U_AHBMasterCtrl/validByteCntInt[4]:D
  data required time                                    N/C
  data arrival time                          -       10.658
  slack                                                 N/C
  ________________________________________________________
  Data arrival time calculation
  0.000                        PF_CCC_C2_0/PF_CCC_C2_0/pll_inst_0:OUT0
               +     0.000          Clock source
  0.000                        PF_CCC_C2_0/PF_CCC_C2_0/pll_inst_0:OUT0 (r)
               +     0.222          net: PF_CCC_C2_0/PF_CCC_C2_0/pll_inst_0_clkint_0
  0.222                        PF_CCC_C2_0/PF_CCC_C2_0/clkint_0_1:A (r)
               +     0.144          cell: ADLIB:ICB_CLKINT
  0.366                        PF_CCC_C2_0/PF_CCC_C2_0/clkint_0_1:Y (r)
               +     0.363          net: PF_CCC_C2_0/PF_CCC_C2_0/clkint_0_NET
  0.729                        PF_CCC_C2_0/PF_CCC_C2_0/clkint_0:A (r)
               +     0.174          cell: ADLIB:GB
  0.903                        PF_CCC_C2_0/PF_CCC_C2_0/clkint_0:Y (r)
               +     0.360          net: PF_CCC_C2_0/PF_CCC_C2_0/clkint_0/U0_Y
  1.263                        PF_CCC_C2_0/PF_CCC_C2_0/clkint_0/U0_RGB1:A (r)
               +     0.058          cell: ADLIB:RGB
  1.321                        PF_CCC_C2_0/PF_CCC_C2_0/clkint_0/U0_RGB1:Y (f)
               +     0.565          net: PF_CCC_C2_0_OUT0_FABCLK_0
  1.886                        AXItoAPB_0/AXItoAHBL_0/AXItoAHBL_0/U_AHBMasterCtrl/HADDRInt[7]:CLK (r)
               +     0.201          cell: ADLIB:SLE
  2.087                        AXItoAPB_0/AXItoAHBL_0/AXItoAHBL_0/U_AHBMasterCtrl/HADDRInt[7]:Q (r)
               +     0.504          net: AXItoAPB_0/AXItoAHBL_0/AXItoAHBL_0/U_AHBMasterCtrl/HADDRInt_Z[7]
  2.591                        AXItoAPB_0/AXItoAHBL_0/AXItoAHBL_0/U_AHBMasterCtrl/HSIZEInt_d63_i_a2:C (r)
               +     0.238          cell: ADLIB:CFG4
  2.829                        AXItoAPB_0/AXItoAHBL_0/AXItoAHBL_0/U_AHBMasterCtrl/HSIZEInt_d63_i_a2:Y (r)
               +     1.022          net: AXItoAPB_0/AXItoAHBL_0/AXItoAHBL_0/U_AHBMasterCtrl/N_95
  3.851                        AXItoAPB_0/AXItoAHBL_0/AXItoAHBL_0/U_AHBMasterCtrl/HSIZEInt_d63_i_a2_RNI80C01:B (r)
               +     0.156          cell: ADLIB:CFG3
  4.007                        AXItoAPB_0/AXItoAHBL_0/AXItoAHBL_0/U_AHBMasterCtrl/HSIZEInt_d63_i_a2_RNI80C01:Y (r)
               +     0.164          net: AXItoAPB_0/AXItoAHBL_0/AXItoAHBL_0/U_AHBMasterCtrl/N_101
  4.171                        AXItoAPB_0/AXItoAHBL_0/AXItoAHBL_0/U_AHBMasterCtrl/HADDRInt_RNISGPV1[3]:D (r)
               +     0.200          cell: ADLIB:CFG4
  4.371                        AXItoAPB_0/AXItoAHBL_0/AXItoAHBL_0/U_AHBMasterCtrl/HADDRInt_RNISGPV1[3]:Y (r)
               +     0.288          net: AXItoAPB_0/AXItoAHBL_0/AXItoAHBL_0/U_AHBMasterCtrl/HADDRInt_RNISGPV1_Z[3]
  4.659                        AXItoAPB_0/AXItoAHBL_0/AXItoAHBL_0/U_AHBMasterCtrl/un1_validByteCntInt_3lto7_3_i_RNINCPA3:C (r)
               +     0.247          cell: ADLIB:CFG4
  4.906                        AXItoAPB_0/AXItoAHBL_0/AXItoAHBL_0/U_AHBMasterCtrl/un1_validByteCntInt_3lto7_3_i_RNINCPA3:Y (f)
               +     0.338          net: AXItoAPB_0/AXItoAHBL_0/AXItoAHBL_0/U_AHBMasterCtrl/HBURSTInt_d97
  5.244                        AXItoAPB_0/AXItoAHBL_0/AXItoAHBL_0/U_AHBMasterCtrl/HBURSTInt_d98:D (f)
               +     0.234          cell: ADLIB:CFG4
  5.478                        AXItoAPB_0/AXItoAHBL_0/AXItoAHBL_0/U_AHBMasterCtrl/HBURSTInt_d98:Y (r)
               +     0.580          net: AXItoAPB_0/AXItoAHBL_0/AXItoAHBL_0/U_AHBMasterCtrl/HBURSTInt_d98_Z
  6.058                        AXItoAPB_0/AXItoAHBL_0/AXItoAHBL_0/U_AHBMasterCtrl/un1_HBURSTInt_d_0_sqmuxa_2_1:B (r)
               +     0.200          cell: ADLIB:CFG4
  6.258                        AXItoAPB_0/AXItoAHBL_0/AXItoAHBL_0/U_AHBMasterCtrl/un1_HBURSTInt_d_0_sqmuxa_2_1:Y (r)
               +     0.339          net: AXItoAPB_0/AXItoAHBL_0/AXItoAHBL_0/U_AHBMasterCtrl/un1_HBURSTInt_d_0_sqmuxa_2_1_Z
  6.597                        AXItoAPB_0/AXItoAHBL_0/AXItoAHBL_0/U_AHBMasterCtrl/un1_HBURSTInt_d_0_sqmuxa_2_2:B (r)
               +     0.156          cell: ADLIB:CFG4
  6.753                        AXItoAPB_0/AXItoAHBL_0/AXItoAHBL_0/U_AHBMasterCtrl/un1_HBURSTInt_d_0_sqmuxa_2_2:Y (r)
               +     0.135          net: AXItoAPB_0/AXItoAHBL_0/AXItoAHBL_0/U_AHBMasterCtrl/un1_HBURSTInt_d_0_sqmuxa_2_2_Z
  6.888                        AXItoAPB_0/AXItoAHBL_0/AXItoAHBL_0/U_AHBMasterCtrl/validByteCntInt_d_0_sqmuxa_12:B (r)
               +     0.156          cell: ADLIB:CFG3
  7.044                        AXItoAPB_0/AXItoAHBL_0/AXItoAHBL_0/U_AHBMasterCtrl/validByteCntInt_d_0_sqmuxa_12:Y (r)
               +     0.237          net: AXItoAPB_0/AXItoAHBL_0/AXItoAHBL_0/U_AHBMasterCtrl/validByteCntInt_d_0_sqmuxa_12_Z
  7.281                        AXItoAPB_0/AXItoAHBL_0/AXItoAHBL_0/U_AHBMasterCtrl/validByteCntInt_d_0_sqmuxa_12_RNIIT0U4:D (r)
               +     0.120          cell: ADLIB:CFG4
  7.401                        AXItoAPB_0/AXItoAHBL_0/AXItoAHBL_0/U_AHBMasterCtrl/validByteCntInt_d_0_sqmuxa_12_RNIIT0U4:Y (r)
               +     0.176          net: AXItoAPB_0/AXItoAHBL_0/AXItoAHBL_0/U_AHBMasterCtrl/un1_rdFIFOWrData_d326_5_i
  7.577                        AXItoAPB_0/AXItoAHBL_0/AXItoAHBL_0/U_AHBMasterCtrl/un61_f1_2[1]:D (r)
               +     0.286          cell: ADLIB:CFG4
  7.863                        AXItoAPB_0/AXItoAHBL_0/AXItoAHBL_0/U_AHBMasterCtrl/un61_f1_2[1]:Y (f)
               +     0.436          net: AXItoAPB_0/AXItoAHBL_0/AXItoAHBL_0/U_AHBMasterCtrl/un61_f1_2_Z[1]
  8.299                        AXItoAPB_0/AXItoAHBL_0/AXItoAHBL_0/U_AHBMasterCtrl/un61_f0[1]:C (f)
               +     0.236          cell: ADLIB:CFG4
  8.535                        AXItoAPB_0/AXItoAHBL_0/AXItoAHBL_0/U_AHBMasterCtrl/un61_f0[1]:Y (f)
               +     0.752          net: AXItoAPB_0/AXItoAHBL_0/AXItoAHBL_0/U_AHBMasterCtrl/un61_f0_Z[1]
  9.287                        AXItoAPB_0/AXItoAHBL_0/AXItoAHBL_0/U_AHBMasterCtrl/un61_f0_RNIILAHE[1]:B (f)
               +     0.151          cell: ADLIB:ARI1_CC
  9.438                        AXItoAPB_0/AXItoAHBL_0/AXItoAHBL_0/U_AHBMasterCtrl/un61_f0_RNIILAHE[1]:P (f)
               +     0.016          net: NET_CC_CONFIG1783
  9.454                        AXItoAPB_0/AXItoAHBL_0/AXItoAHBL_0/U_AHBMasterCtrl/validByteCntInt_RNI4FAT7[0]_CC_0:P[1] (f)
               +     0.417          cell: ADLIB:CC_CONFIG
  9.871                        AXItoAPB_0/AXItoAHBL_0/AXItoAHBL_0/U_AHBMasterCtrl/validByteCntInt_RNI4FAT7[0]_CC_0:CC[4] (r)
               +     0.000          net: NET_CC_CONFIG1798
  9.871                        AXItoAPB_0/AXItoAHBL_0/AXItoAHBL_0/U_AHBMasterCtrl/validByteCntInt_RNI6ID864[4]:CC (r)
               +     0.062          cell: ADLIB:ARI1_CC
  9.933                        AXItoAPB_0/AXItoAHBL_0/AXItoAHBL_0/U_AHBMasterCtrl/validByteCntInt_RNI6ID864[4]:S (r)
               +     0.503          net: AXItoAPB_0/AXItoAHBL_0/AXItoAHBL_0/U_AHBMasterCtrl/N_1583
  10.436                       AXItoAPB_0/AXItoAHBL_0/AXItoAHBL_0/U_AHBMasterCtrl/validByteCntInt_d[4]:A (r)
               +     0.200          cell: ADLIB:CFG3
  10.636                       AXItoAPB_0/AXItoAHBL_0/AXItoAHBL_0/U_AHBMasterCtrl/validByteCntInt_d[4]:Y (r)
               +     0.022          net: AXItoAPB_0/AXItoAHBL_0/AXItoAHBL_0/U_AHBMasterCtrl/validByteCntInt_d_Z[4]
  10.658                       AXItoAPB_0/AXItoAHBL_0/AXItoAHBL_0/U_AHBMasterCtrl/validByteCntInt[4]:D (r)
                                    
  10.658                       data arrival time
  ________________________________________________________
  Data required time calculation
  N/C                          PF_CCC_C2_0/PF_CCC_C2_0/pll_inst_0:OUT0
               +     0.000          Clock source
  N/C                          PF_CCC_C2_0/PF_CCC_C2_0/pll_inst_0:OUT0 (r)
               +     0.202          net: PF_CCC_C2_0/PF_CCC_C2_0/pll_inst_0_clkint_0
  N/C                          PF_CCC_C2_0/PF_CCC_C2_0/clkint_0_1:A (r)
               +     0.124          cell: ADLIB:ICB_CLKINT
  N/C                          PF_CCC_C2_0/PF_CCC_C2_0/clkint_0_1:Y (r)
               +     0.330          net: PF_CCC_C2_0/PF_CCC_C2_0/clkint_0_NET
  N/C                          PF_CCC_C2_0/PF_CCC_C2_0/clkint_0:A (r)
               +     0.158          cell: ADLIB:GB
  N/C                          PF_CCC_C2_0/PF_CCC_C2_0/clkint_0:Y (r)
               +     0.324          net: PF_CCC_C2_0/PF_CCC_C2_0/clkint_0/U0_Y
  N/C                          PF_CCC_C2_0/PF_CCC_C2_0/clkint_0/U0_RGB1_RGB3:A (r)
               +     0.049          cell: ADLIB:RGB
  N/C                          PF_CCC_C2_0/PF_CCC_C2_0/clkint_0/U0_RGB1_RGB3:Y (f)
               +     0.489          net: PF_CCC_C2_0/PF_CCC_C2_0/clkint_0/U0_RGB1_RGB3_rgb_net_1
  N/C                          AXItoAPB_0/AXItoAHBL_0/AXItoAHBL_0/U_AHBMasterCtrl/validByteCntInt[4]:CLK (r)
               +     0.093          
  N/C                          clock reconvergence pessimism
               -     0.000          Library setup time: ADLIB:SLE
  N/C                          AXItoAPB_0/AXItoAHBL_0/AXItoAHBL_0/U_AHBMasterCtrl/validByteCntInt[4]:D


Operating Conditions : slow_lv_ht

END SET Register to Register

----------------------------------------------------

SET External Setup

No Path 

END SET External Setup

----------------------------------------------------

SET Clock to Output

No Path 

END SET Clock to Output

----------------------------------------------------

SET PF_CCC_C2_0/PF_CCC_C2_0/pll_inst_0:OUT1 to PF_CCC_C2_0/PF_CCC_C2_0/pll_inst_0:OUT0

No Path 

END SET PF_CCC_C2_0/PF_CCC_C2_0/pll_inst_0:OUT1 to PF_CCC_C2_0/PF_CCC_C2_0/pll_inst_0:OUT0

----------------------------------------------------

SET Register to Asynchronous

Path 1
  From: AXI4_Interconnect_0/AXI4_Interconnect_0/SlvConvertor_loop[0].slvcnv/genblk1.rsync/sysReset:CLK
  To:   AXI4_Interconnect_0/AXI4_Interconnect_0/SlvConvertor_loop[0].slvcnv/slvProtConv/genblk1.u_AXI3ProtConv/SlvPCRd/newAddrRd[23]:ALn
  Delay (ns):              3.523
  Arrival (ns):            5.408
  Recovery (ns):           0.209
  Minimum Period (ns):     3.842
  Skew (ns):               0.110
  Operating Conditions: slow_lv_ht

Path 2
  From: AXI4_Interconnect_0/AXI4_Interconnect_0/SlvConvertor_loop[0].slvcnv/genblk1.rsync/sysReset:CLK
  To:   AXI4_Interconnect_0/AXI4_Interconnect_0/SlvConvertor_loop[0].slvcnv/slvProtConv/genblk1.u_AXI3ProtConv/SlvPCRd/newAddrRd[14]:ALn
  Delay (ns):              3.523
  Arrival (ns):            5.408
  Recovery (ns):           0.209
  Minimum Period (ns):     3.842
  Skew (ns):               0.110
  Operating Conditions: slow_lv_ht

Path 3
  From: AXI4_Interconnect_0/AXI4_Interconnect_0/SlvConvertor_loop[0].slvcnv/genblk1.rsync/sysReset:CLK
  To:   AXI4_Interconnect_0/AXI4_Interconnect_0/SlvConvertor_loop[0].slvcnv/slvProtConv/genblk1.u_AXI3ProtConv/SlvPCRd/newAddrRd[27]:ALn
  Delay (ns):              3.523
  Arrival (ns):            5.408
  Recovery (ns):           0.209
  Minimum Period (ns):     3.841
  Skew (ns):               0.109
  Operating Conditions: slow_lv_ht

Path 4
  From: AXI4_Interconnect_0/AXI4_Interconnect_0/SlvConvertor_loop[0].slvcnv/genblk1.rsync/sysReset:CLK
  To:   AXI4_Interconnect_0/AXI4_Interconnect_0/SlvConvertor_loop[0].slvcnv/slvProtConv/genblk1.u_AXI3ProtConv/SlvPCRd/newAddrRd[16]:ALn
  Delay (ns):              3.522
  Arrival (ns):            5.407
  Recovery (ns):           0.209
  Minimum Period (ns):     3.841
  Skew (ns):               0.110
  Operating Conditions: slow_lv_ht

Path 5
  From: AXI4_Interconnect_0/AXI4_Interconnect_0/SlvConvertor_loop[0].slvcnv/genblk1.rsync/sysReset:CLK
  To:   AXI4_Interconnect_0/AXI4_Interconnect_0/SlvConvertor_loop[0].slvcnv/slvProtConv/genblk1.u_AXI3ProtConv/SlvPCRd/newAddrRd[17]:ALn
  Delay (ns):              3.521
  Arrival (ns):            5.406
  Recovery (ns):           0.209
  Minimum Period (ns):     3.840
  Skew (ns):               0.110
  Operating Conditions: slow_lv_ht


Expanded Path 1
  From: AXI4_Interconnect_0/AXI4_Interconnect_0/SlvConvertor_loop[0].slvcnv/genblk1.rsync/sysReset:CLK
  To: AXI4_Interconnect_0/AXI4_Interconnect_0/SlvConvertor_loop[0].slvcnv/slvProtConv/genblk1.u_AXI3ProtConv/SlvPCRd/newAddrRd[23]:ALn
  data required time                                    N/C
  data arrival time                          -        5.408
  slack                                                 N/C
  ________________________________________________________
  Data arrival time calculation
  0.000                        PF_CCC_C2_0/PF_CCC_C2_0/pll_inst_0:OUT0
               +     0.000          Clock source
  0.000                        PF_CCC_C2_0/PF_CCC_C2_0/pll_inst_0:OUT0 (r)
               +     0.222          net: PF_CCC_C2_0/PF_CCC_C2_0/pll_inst_0_clkint_0
  0.222                        PF_CCC_C2_0/PF_CCC_C2_0/clkint_0_1:A (r)
               +     0.144          cell: ADLIB:ICB_CLKINT
  0.366                        PF_CCC_C2_0/PF_CCC_C2_0/clkint_0_1:Y (r)
               +     0.363          net: PF_CCC_C2_0/PF_CCC_C2_0/clkint_0_NET
  0.729                        PF_CCC_C2_0/PF_CCC_C2_0/clkint_0:A (r)
               +     0.174          cell: ADLIB:GB
  0.903                        PF_CCC_C2_0/PF_CCC_C2_0/clkint_0:Y (r)
               +     0.362          net: PF_CCC_C2_0/PF_CCC_C2_0/clkint_0/U0_Y
  1.265                        PF_CCC_C2_0/PF_CCC_C2_0/clkint_0/U0_RGB1_RGB2:A (r)
               +     0.058          cell: ADLIB:RGB
  1.323                        PF_CCC_C2_0/PF_CCC_C2_0/clkint_0/U0_RGB1_RGB2:Y (f)
               +     0.562          net: PF_CCC_C2_0/PF_CCC_C2_0/clkint_0/U0_RGB1_RGB2_rgb_net_1
  1.885                        AXI4_Interconnect_0/AXI4_Interconnect_0/SlvConvertor_loop[0].slvcnv/genblk1.rsync/sysReset:CLK (r)
               +     0.201          cell: ADLIB:SLE
  2.086                        AXI4_Interconnect_0/AXI4_Interconnect_0/SlvConvertor_loop[0].slvcnv/genblk1.rsync/sysReset:Q (r)
               +     3.322          net: AXI4_Interconnect_0/AXI4_Interconnect_0/SlvConvertor_loop[0].slvcnv/sysReset
  5.408                        AXI4_Interconnect_0/AXI4_Interconnect_0/SlvConvertor_loop[0].slvcnv/slvProtConv/genblk1.u_AXI3ProtConv/SlvPCRd/newAddrRd[23]:ALn (r)
                                    
  5.408                        data arrival time
  ________________________________________________________
  Data required time calculation
  N/C                          PF_CCC_C2_0/PF_CCC_C2_0/pll_inst_0:OUT0
               +     0.000          Clock source
  N/C                          PF_CCC_C2_0/PF_CCC_C2_0/pll_inst_0:OUT0 (r)
               +     0.202          net: PF_CCC_C2_0/PF_CCC_C2_0/pll_inst_0_clkint_0
  N/C                          PF_CCC_C2_0/PF_CCC_C2_0/clkint_0_1:A (r)
               +     0.124          cell: ADLIB:ICB_CLKINT
  N/C                          PF_CCC_C2_0/PF_CCC_C2_0/clkint_0_1:Y (r)
               +     0.330          net: PF_CCC_C2_0/PF_CCC_C2_0/clkint_0_NET
  N/C                          PF_CCC_C2_0/PF_CCC_C2_0/clkint_0:A (r)
               +     0.158          cell: ADLIB:GB
  N/C                          PF_CCC_C2_0/PF_CCC_C2_0/clkint_0:Y (r)
               +     0.327          net: PF_CCC_C2_0/PF_CCC_C2_0/clkint_0/U0_Y
  N/C                          PF_CCC_C2_0/PF_CCC_C2_0/clkint_0/U0_RGB1_RGB0:A (r)
               +     0.049          cell: ADLIB:RGB
  N/C                          PF_CCC_C2_0/PF_CCC_C2_0/clkint_0/U0_RGB1_RGB0:Y (f)
               +     0.492          net: PF_CCC_C2_0/PF_CCC_C2_0/clkint_0/U0_RGB1_RGB0_rgb_net_1
  N/C                          AXI4_Interconnect_0/AXI4_Interconnect_0/SlvConvertor_loop[0].slvcnv/slvProtConv/genblk1.u_AXI3ProtConv/SlvPCRd/newAddrRd[23]:CLK (r)
               +     0.093          
  N/C                          clock reconvergence pessimism
               -     0.209          Library recovery time: ADLIB:SLE
  N/C                          AXI4_Interconnect_0/AXI4_Interconnect_0/SlvConvertor_loop[0].slvcnv/slvProtConv/genblk1.u_AXI3ProtConv/SlvPCRd/newAddrRd[23]:ALn


Operating Conditions : slow_lv_ht

END SET Register to Asynchronous

----------------------------------------------------

SET External Recovery

No Path 

END SET External Recovery

----------------------------------------------------

SET Asynchronous to Register

No Path 

END SET Asynchronous to Register

----------------------------------------------------

Clock Domain PF_CCC_C2_0/PF_CCC_C2_0/pll_inst_0:OUT1

SET Register to Register

Path 1
  From: CoreDMA_IO_CTRL_0/CoreDMA_Controller_0/CoreDMA_Controller_0/CAXI4DMAOOlOI/CAXI4DMAOOl1I/CAXI4DMAOI1Ol/CAXI4DMAI1l1:CLK
  To:   CoreDMA_IO_CTRL_0/CoreDMA_Controller_0/CoreDMA_Controller_0/CAXI4DMAOOlOI/CAXI4DMAOOl1I/CAXI4DMAllIIl/CAXI4DMAO01Il_Z[1]:EN
  Delay (ns):              6.863
  Arrival (ns):            8.759
  Setup (ns):              0.136
  Minimum Period (ns):     7.086
  Operating Conditions: slow_lv_ht

Path 2
  From: CoreDMA_IO_CTRL_0/CoreDMA_Controller_0/CoreDMA_Controller_0/CAXI4DMAOOlOI/CAXI4DMAOOl1I/CAXI4DMAOI1Ol/CAXI4DMAI1l1:CLK
  To:   CoreDMA_IO_CTRL_0/CoreDMA_Controller_0/CoreDMA_Controller_0/CAXI4DMAOOlOI/CAXI4DMAOOl1I/CAXI4DMAllIIl/CAXI4DMAO01Il_Z[0]:EN
  Delay (ns):              6.864
  Arrival (ns):            8.760
  Setup (ns):              0.136
  Minimum Period (ns):     7.086
  Operating Conditions: slow_lv_ht

Path 3
  From: CoreDMA_IO_CTRL_0/CoreDMA_Controller_0/CoreDMA_Controller_0/CAXI4DMAOOlOI/CAXI4DMAOOl1I/CAXI4DMAOI1Ol/CAXI4DMAI1l1:CLK
  To:   CoreDMA_IO_CTRL_0/CoreDMA_Controller_0/CoreDMA_Controller_0/CAXI4DMAOOlOI/CAXI4DMAOOl1I/CAXI4DMAOI1Ol/CAXI4DMAIllll[1]:D
  Delay (ns):              6.939
  Arrival (ns):            8.835
  Setup (ns):              0.000
  Minimum Period (ns):     7.074
  Operating Conditions: slow_lv_ht

Path 4
  From: CoreDMA_IO_CTRL_0/CoreDMA_Controller_0/CoreDMA_Controller_0/CAXI4DMAOOlOI/CAXI4DMAOOl1I/CAXI4DMAOI1Ol/CAXI4DMAI1l1:CLK
  To:   CoreDMA_IO_CTRL_0/CoreDMA_Controller_0/CoreDMA_Controller_0/CAXI4DMAOOlOI/CAXI4DMAOOl1I/CAXI4DMAOI1Ol/CAXI4DMAIllll[0]:D
  Delay (ns):              6.860
  Arrival (ns):            8.756
  Setup (ns):              0.000
  Minimum Period (ns):     6.995
  Operating Conditions: slow_lv_ht

Path 5
  From: CoreDMA_IO_CTRL_0/CoreDMA_Controller_0/CoreDMA_Controller_0/CAXI4DMAOOlOI/CAXI4DMAOOl1I/CAXI4DMAOI1Ol/CAXI4DMAI1l1:CLK
  To:   CoreDMA_IO_CTRL_0/CoreDMA_Controller_0/CoreDMA_Controller_0/CAXI4DMAOOlOI/CAXI4DMAOOl1I/CAXI4DMAllIIl/CAXI4DMAIO10l_Z[1]:D
  Delay (ns):              6.783
  Arrival (ns):            8.679
  Setup (ns):              0.000
  Minimum Period (ns):     6.869
  Operating Conditions: slow_lv_ht


Expanded Path 1
  From: CoreDMA_IO_CTRL_0/CoreDMA_Controller_0/CoreDMA_Controller_0/CAXI4DMAOOlOI/CAXI4DMAOOl1I/CAXI4DMAOI1Ol/CAXI4DMAI1l1:CLK
  To: CoreDMA_IO_CTRL_0/CoreDMA_Controller_0/CoreDMA_Controller_0/CAXI4DMAOOlOI/CAXI4DMAOOl1I/CAXI4DMAllIIl/CAXI4DMAO01Il_Z[1]:EN
  data required time                                    N/C
  data arrival time                          -        8.759
  slack                                                 N/C
  ________________________________________________________
  Data arrival time calculation
  0.000                        PF_CCC_C2_0/PF_CCC_C2_0/pll_inst_0:OUT1
               +     0.000          Clock source
  0.000                        PF_CCC_C2_0/PF_CCC_C2_0/pll_inst_0:OUT1 (r)
               +     0.206          net: PF_CCC_C2_0/PF_CCC_C2_0/pll_inst_0_clkint_4
  0.206                        PF_CCC_C2_0/PF_CCC_C2_0/clkint_4_1:A (r)
               +     0.143          cell: ADLIB:ICB_CLKINT
  0.349                        PF_CCC_C2_0/PF_CCC_C2_0/clkint_4_1:Y (r)
               +     0.363          net: PF_CCC_C2_0/PF_CCC_C2_0/clkint_4_NET
  0.712                        PF_CCC_C2_0/PF_CCC_C2_0/clkint_4/U0_GB0:A (r)
               +     0.173          cell: ADLIB:GB
  0.885                        PF_CCC_C2_0/PF_CCC_C2_0/clkint_4/U0_GB0:Y (r)
               +     0.370          net: PF_CCC_C2_0/PF_CCC_C2_0/clkint_4/U0_gbs_1
  1.255                        PF_CCC_C2_0/PF_CCC_C2_0/clkint_4/U0_RGB1_RGB2:A (r)
               +     0.058          cell: ADLIB:RGB
  1.313                        PF_CCC_C2_0/PF_CCC_C2_0/clkint_4/U0_RGB1_RGB2:Y (f)
               +     0.583          net: PF_CCC_C2_0/PF_CCC_C2_0/clkint_4/U0_RGB1_RGB2_rgb_net_1
  1.896                        CoreDMA_IO_CTRL_0/CoreDMA_Controller_0/CoreDMA_Controller_0/CAXI4DMAOOlOI/CAXI4DMAOOl1I/CAXI4DMAOI1Ol/CAXI4DMAI1l1:CLK (r)
               +     0.201          cell: ADLIB:SLE
  2.097                        CoreDMA_IO_CTRL_0/CoreDMA_Controller_0/CoreDMA_Controller_0/CAXI4DMAOOlOI/CAXI4DMAOOl1I/CAXI4DMAOI1Ol/CAXI4DMAI1l1:Q (r)
               +     2.766          net: CoreDMA_IO_CTRL_0/CoreDMA_Controller_0/CoreDMA_Controller_0/CAXI4DMAI1l1
  4.863                        CoreDMA_IO_CTRL_0/CoreDMA_Controller_0/CoreDMA_Controller_0/CAXI4DMAOOlOI/CAXI4DMAOOl1I/CAXI4DMAllIIl/CAXI4DMAlIOIl[14]:C (r)
               +     0.053          cell: ADLIB:CFG3
  4.916                        CoreDMA_IO_CTRL_0/CoreDMA_Controller_0/CoreDMA_Controller_0/CAXI4DMAOOlOI/CAXI4DMAOOl1I/CAXI4DMAllIIl/CAXI4DMAlIOIl[14]:Y (r)
               +     0.432          net: CoreDMA_IO_CTRL_0/CoreDMA_Controller_0/CoreDMA_Controller_0/CAXI4DMAOOlOI/CAXI4DMAOOl1I/CAXI4DMAIOOOl[14]
  5.348                        CoreDMA_IO_CTRL_0/CoreDMA_Controller_0/CoreDMA_Controller_0/CAXI4DMAOOlOI/CAXI4DMAOOl1I/CAXI4DMAOI1Ol/CAXI4DMAOllll7_1_I_21:A (r)
               +     0.051          cell: ADLIB:ARI1_CC
  5.399                        CoreDMA_IO_CTRL_0/CoreDMA_Controller_0/CoreDMA_Controller_0/CAXI4DMAOOlOI/CAXI4DMAOOl1I/CAXI4DMAOI1Ol/CAXI4DMAOllll7_1_I_21:P (f)
               +     0.017          net: NET_CC_CONFIG4817
  5.416                        CoreDMA_IO_CTRL_0/CoreDMA_Controller_0/CoreDMA_Controller_0/CAXI4DMAOOlOI/CAXI4DMAOOl1I/CAXI4DMAOI1Ol/CAXI4DMAOllll7_1_I_1_CC_0:P[9] (f)
               +     0.194          cell: ADLIB:CC_CONFIG
  5.610                        CoreDMA_IO_CTRL_0/CoreDMA_Controller_0/CoreDMA_Controller_0/CAXI4DMAOOlOI/CAXI4DMAOOl1I/CAXI4DMAOI1Ol/CAXI4DMAOllll7_1_I_1_CC_0:CO (f)
               +     0.000          net: CI_TO_CO4788
  5.610                        CoreDMA_IO_CTRL_0/CoreDMA_Controller_0/CoreDMA_Controller_0/CAXI4DMAOOlOI/CAXI4DMAOOl1I/CAXI4DMAOI1Ol/CAXI4DMAOllll7_1_I_1_CC_1:CI (f)
               +     0.137          cell: ADLIB:CC_CONFIG
  5.747                        CoreDMA_IO_CTRL_0/CoreDMA_Controller_0/CoreDMA_Controller_0/CAXI4DMAOOlOI/CAXI4DMAOOl1I/CAXI4DMAOI1Ol/CAXI4DMAOllll7_1_I_1_CC_1:CC[2] (f)
               +     0.000          net: NET_CC_CONFIG4840
  5.747                        CoreDMA_IO_CTRL_0/CoreDMA_Controller_0/CoreDMA_Controller_0/CAXI4DMAOOlOI/CAXI4DMAOOl1I/CAXI4DMAOI1Ol/CAXI4DMAOllll7_1_I_45_FCINST1:CC (f)
               +     0.050          cell: ADLIB:FCEND_BUFF_CC
  5.797                        CoreDMA_IO_CTRL_0/CoreDMA_Controller_0/CoreDMA_Controller_0/CAXI4DMAOOlOI/CAXI4DMAOOl1I/CAXI4DMAOI1Ol/CAXI4DMAOllll7_1_I_45_FCINST1:CO (f)
               +     0.365          net: CoreDMA_IO_CTRL_0/CoreDMA_Controller_0/CoreDMA_Controller_0/CAXI4DMAOOlOI/CAXI4DMAOOl1I/CAXI4DMAOI1Ol/CAXI4DMAOllll7
  6.162                        CoreDMA_IO_CTRL_0/CoreDMA_Controller_0/CoreDMA_Controller_0/CAXI4DMAOOlOI/CAXI4DMAOOl1I/CAXI4DMAOI1Ol/CAXI4DMAI1OOl_0_sqmuxa_7_i_o4_0:B (f)
               +     0.151          cell: ADLIB:CFG3
  6.313                        CoreDMA_IO_CTRL_0/CoreDMA_Controller_0/CoreDMA_Controller_0/CAXI4DMAOOlOI/CAXI4DMAOOl1I/CAXI4DMAOI1Ol/CAXI4DMAI1OOl_0_sqmuxa_7_i_o4_0:Y (f)
               +     0.379          net: CoreDMA_IO_CTRL_0/CoreDMA_Controller_0/CoreDMA_Controller_0/CAXI4DMAOOlOI/CAXI4DMAOOl1I/CAXI4DMAOI1Ol/N_271
  6.692                        CoreDMA_IO_CTRL_0/CoreDMA_Controller_0/CoreDMA_Controller_0/CAXI4DMAOOlOI/CAXI4DMAOOl1I/CAXI4DMAOI1Ol/CAXI4DMAI1OOl_0_sqmuxa_7_i_o4_0_RNIGHMS:B (f)
               +     0.136          cell: ADLIB:CFG4
  6.828                        CoreDMA_IO_CTRL_0/CoreDMA_Controller_0/CoreDMA_Controller_0/CAXI4DMAOOlOI/CAXI4DMAOOl1I/CAXI4DMAOI1Ol/CAXI4DMAI1OOl_0_sqmuxa_7_i_o4_0_RNIGHMS:Y (r)
               +     0.587          net: CoreDMA_IO_CTRL_0/CoreDMA_Controller_0/CoreDMA_Controller_0/CAXI4DMAOOlOI/CAXI4DMAOOl1I/CAXI4DMAOI1Ol/CAXI4DMAI1OOl_7_sqmuxa
  7.415                        CoreDMA_IO_CTRL_0/CoreDMA_Controller_0/CoreDMA_Controller_0/CAXI4DMAOOlOI/CAXI4DMAOOl1I/CAXI4DMAOI1Ol/CAXI4DMAOlIOl_0_a4_RNIEII02_0:B (r)
               +     0.171          cell: ADLIB:CFG4
  7.586                        CoreDMA_IO_CTRL_0/CoreDMA_Controller_0/CoreDMA_Controller_0/CAXI4DMAOOlOI/CAXI4DMAOOl1I/CAXI4DMAOI1Ol/CAXI4DMAOlIOl_0_a4_RNIEII02_0:Y (r)
               +     0.153          net: CoreDMA_IO_CTRL_0/CoreDMA_Controller_0/CoreDMA_Controller_0/CAXI4DMAOOlOI/CAXI4DMAOOl1I/CAXI4DMAOI1Ol/CAXI4DMAl1Ill_29_m_0_0
  7.739                        CoreDMA_IO_CTRL_0/CoreDMA_Controller_0/CoreDMA_Controller_0/CAXI4DMAOOlOI/CAXI4DMAOOl1I/CAXI4DMAOI1Ol/CAXI4DMAI1OOl_5_4_RNI6BO23_0[0]:D (r)
               +     0.238          cell: ADLIB:CFG4
  7.977                        CoreDMA_IO_CTRL_0/CoreDMA_Controller_0/CoreDMA_Controller_0/CAXI4DMAOOlOI/CAXI4DMAOOl1I/CAXI4DMAOI1Ol/CAXI4DMAI1OOl_5_4_RNI6BO23_0[0]:Y (r)
               +     0.133          net: CoreDMA_IO_CTRL_0/CoreDMA_Controller_0/CoreDMA_Controller_0/CAXI4DMAOOlOI/CAXI4DMAOOl1I/CAXI4DMAI1OOl[0]
  8.110                        CoreDMA_IO_CTRL_0/CoreDMA_Controller_0/CoreDMA_Controller_0/CAXI4DMAOOlOI/CAXI4DMAOOl1I/CAXI4DMAllIIl/un1_CAXI4DMAO01Il19_2:C (r)
               +     0.078          cell: ADLIB:CFG3
  8.188                        CoreDMA_IO_CTRL_0/CoreDMA_Controller_0/CoreDMA_Controller_0/CAXI4DMAOOlOI/CAXI4DMAOOl1I/CAXI4DMAllIIl/un1_CAXI4DMAO01Il19_2:Y (r)
               +     0.571          net: CoreDMA_IO_CTRL_0/CoreDMA_Controller_0/CoreDMA_Controller_0/CAXI4DMAOOlOI/CAXI4DMAOOl1I/CAXI4DMAllIIl/un1_CAXI4DMAO01Il19_2_Z
  8.759                        CoreDMA_IO_CTRL_0/CoreDMA_Controller_0/CoreDMA_Controller_0/CAXI4DMAOOlOI/CAXI4DMAOOl1I/CAXI4DMAllIIl/CAXI4DMAO01Il_Z[1]:EN (r)
                                    
  8.759                        data arrival time
  ________________________________________________________
  Data required time calculation
  N/C                          PF_CCC_C2_0/PF_CCC_C2_0/pll_inst_0:OUT1
               +     0.000          Clock source
  N/C                          PF_CCC_C2_0/PF_CCC_C2_0/pll_inst_0:OUT1 (r)
               +     0.188          net: PF_CCC_C2_0/PF_CCC_C2_0/pll_inst_0_clkint_4
  N/C                          PF_CCC_C2_0/PF_CCC_C2_0/clkint_4_1:A (r)
               +     0.124          cell: ADLIB:ICB_CLKINT
  N/C                          PF_CCC_C2_0/PF_CCC_C2_0/clkint_4_1:Y (r)
               +     0.331          net: PF_CCC_C2_0/PF_CCC_C2_0/clkint_4_NET
  N/C                          PF_CCC_C2_0/PF_CCC_C2_0/clkint_4/U0_GB0:A (r)
               +     0.158          cell: ADLIB:GB
  N/C                          PF_CCC_C2_0/PF_CCC_C2_0/clkint_4/U0_GB0:Y (r)
               +     0.333          net: PF_CCC_C2_0/PF_CCC_C2_0/clkint_4/U0_gbs_1
  N/C                          PF_CCC_C2_0/PF_CCC_C2_0/clkint_4/U0_RGB1_RGB2:A (r)
               +     0.049          cell: ADLIB:RGB
  N/C                          PF_CCC_C2_0/PF_CCC_C2_0/clkint_4/U0_RGB1_RGB2:Y (f)
               +     0.496          net: PF_CCC_C2_0/PF_CCC_C2_0/clkint_4/U0_RGB1_RGB2_rgb_net_1
  N/C                          CoreDMA_IO_CTRL_0/CoreDMA_Controller_0/CoreDMA_Controller_0/CAXI4DMAOOlOI/CAXI4DMAOOl1I/CAXI4DMAllIIl/CAXI4DMAO01Il_Z[1]:CLK (r)
               +     0.130          
  N/C                          clock reconvergence pessimism
               -     0.136          Library setup time: ADLIB:SLE
  N/C                          CoreDMA_IO_CTRL_0/CoreDMA_Controller_0/CoreDMA_Controller_0/CAXI4DMAOOlOI/CAXI4DMAOOl1I/CAXI4DMAllIIl/CAXI4DMAO01Il_Z[1]:EN


Operating Conditions : slow_lv_ht

END SET Register to Register

----------------------------------------------------

SET External Setup

No Path 

END SET External Setup

----------------------------------------------------

SET Clock to Output

No Path 

END SET Clock to Output

----------------------------------------------------

SET PCIe_EP_0/PCIe_TL_CLK_0/CLK_DIV2_0/CLK_DIV2_0/I_CD:Y_DIV to PF_CCC_C2_0/PF_CCC_C2_0/pll_inst_0:OUT1

No Path 

END SET PCIe_EP_0/PCIe_TL_CLK_0/CLK_DIV2_0/CLK_DIV2_0/I_CD:Y_DIV to PF_CCC_C2_0/PF_CCC_C2_0/pll_inst_0:OUT1

----------------------------------------------------

SET PCIe_EP_0/PCIe_TX_PLL_0/PCIe_TX_PLL_0/txpll_isnt_0:DIV_CLK to PF_CCC_C2_0/PF_CCC_C2_0/pll_inst_0:OUT1

No Path 

END SET PCIe_EP_0/PCIe_TX_PLL_0/PCIe_TX_PLL_0/txpll_isnt_0:DIV_CLK to PF_CCC_C2_0/PF_CCC_C2_0/pll_inst_0:OUT1

----------------------------------------------------

SET PF_CCC_C2_0/PF_CCC_C2_0/pll_inst_0:OUT0 to PF_CCC_C2_0/PF_CCC_C2_0/pll_inst_0:OUT1

No Path 

END SET PF_CCC_C2_0/PF_CCC_C2_0/pll_inst_0:OUT0 to PF_CCC_C2_0/PF_CCC_C2_0/pll_inst_0:OUT1

----------------------------------------------------

SET Register to Asynchronous

Path 1
  From: PF_RESET_0/PF_RESET_0/dff_15_rep:CLK
  To:   CoreDMA_IO_CTRL_0/CoreDMA_Controller_0/CoreDMA_Controller_0/CAXI4DMAOOlOI/CAXI4DMAOOl1I/CAXI4DMAOI1Ol/CAXI4DMAI00ll[11]:ALn
  Delay (ns):              3.830
  Arrival (ns):            5.663
  Recovery (ns):           0.209
  Minimum Period (ns):     4.126
  Skew (ns):               0.087
  Operating Conditions: slow_lv_ht

Path 2
  From: PF_RESET_0/PF_RESET_0/dff_15_rep:CLK
  To:   CoreDMA_IO_CTRL_0/CoreDMA_Controller_0/CoreDMA_Controller_0/CAXI4DMAOOlOI/CAXI4DMAOOl1I/CAXI4DMAI01Ol/CAXI4DMAOOO1l_Z[14]:ALn
  Delay (ns):              3.830
  Arrival (ns):            5.663
  Recovery (ns):           0.209
  Minimum Period (ns):     4.126
  Skew (ns):               0.087
  Operating Conditions: slow_lv_ht

Path 3
  From: PF_RESET_0/PF_RESET_0/dff_15_rep:CLK
  To:   CoreDMA_IO_CTRL_0/CoreDMA_Controller_0/CoreDMA_Controller_0/CAXI4DMAOOlOI/CAXI4DMAOOl1I/CAXI4DMAI01Ol/CAXI4DMAOI10l_Z[16]:ALn
  Delay (ns):              3.830
  Arrival (ns):            5.663
  Recovery (ns):           0.209
  Minimum Period (ns):     4.126
  Skew (ns):               0.087
  Operating Conditions: slow_lv_ht

Path 4
  From: PF_RESET_0/PF_RESET_0/dff_15_rep:CLK
  To:   CoreDMA_IO_CTRL_0/CoreDMA_Controller_0/CoreDMA_Controller_0/CAXI4DMAOOlOI/CAXI4DMAOOl1I/CAXI4DMAI01Ol/CAXI4DMAI110l_Z[24]:ALn
  Delay (ns):              3.828
  Arrival (ns):            5.661
  Recovery (ns):           0.209
  Minimum Period (ns):     4.126
  Skew (ns):               0.089
  Operating Conditions: slow_lv_ht

Path 5
  From: PF_RESET_0/PF_RESET_0/dff_15_rep:CLK
  To:   CoreDMA_IO_CTRL_0/CoreDMA_Controller_0/CoreDMA_Controller_0/CAXI4DMAOOlOI/CAXI4DMAOOl1I/CAXI4DMAI01Ol/CAXI4DMAI0O1l_Z[22]:ALn
  Delay (ns):              3.828
  Arrival (ns):            5.661
  Recovery (ns):           0.209
  Minimum Period (ns):     4.126
  Skew (ns):               0.089
  Operating Conditions: slow_lv_ht


Expanded Path 1
  From: PF_RESET_0/PF_RESET_0/dff_15_rep:CLK
  To: CoreDMA_IO_CTRL_0/CoreDMA_Controller_0/CoreDMA_Controller_0/CAXI4DMAOOlOI/CAXI4DMAOOl1I/CAXI4DMAOI1Ol/CAXI4DMAI00ll[11]:ALn
  data required time                                    N/C
  data arrival time                          -        5.663
  slack                                                 N/C
  ________________________________________________________
  Data arrival time calculation
  0.000                        PF_CCC_C2_0/PF_CCC_C2_0/pll_inst_0:OUT1
               +     0.000          Clock source
  0.000                        PF_CCC_C2_0/PF_CCC_C2_0/pll_inst_0:OUT1 (r)
               +     0.206          net: PF_CCC_C2_0/PF_CCC_C2_0/pll_inst_0_clkint_4
  0.206                        PF_CCC_C2_0/PF_CCC_C2_0/clkint_4_1:A (r)
               +     0.143          cell: ADLIB:ICB_CLKINT
  0.349                        PF_CCC_C2_0/PF_CCC_C2_0/clkint_4_1:Y (r)
               +     0.363          net: PF_CCC_C2_0/PF_CCC_C2_0/clkint_4_NET
  0.712                        PF_CCC_C2_0/PF_CCC_C2_0/clkint_4/U0_GB0:A (r)
               +     0.173          cell: ADLIB:GB
  0.885                        PF_CCC_C2_0/PF_CCC_C2_0/clkint_4/U0_GB0:Y (r)
               +     0.357          net: PF_CCC_C2_0/PF_CCC_C2_0/clkint_4/U0_gbs_1
  1.242                        PF_CCC_C2_0/PF_CCC_C2_0/clkint_4/U0_RGB1_RGB9:A (r)
               +     0.058          cell: ADLIB:RGB
  1.300                        PF_CCC_C2_0/PF_CCC_C2_0/clkint_4/U0_RGB1_RGB9:Y (f)
               +     0.533          net: PF_CCC_C2_0/PF_CCC_C2_0/clkint_4/U0_RGB1_RGB9_rgb_net_1
  1.833                        PF_RESET_0/PF_RESET_0/dff_15_rep:CLK (r)
               +     0.209          cell: ADLIB:SLE
  2.042                        PF_RESET_0/PF_RESET_0/dff_15_rep:Q (r)
               +     2.486          net: PF_RESET_0/PF_RESET_0/dff_15_rep_Z
  4.528                        PF_RESET_0/PF_RESET_0/dff_15_rep_RNI5GV3:A (r)
               +     0.130          cell: ADLIB:GB
  4.658                        PF_RESET_0/PF_RESET_0/dff_15_rep_RNI5GV3:Y (r)
               +     0.359          net: PF_RESET_0/PF_RESET_0/dff_15_rep_RNI5GV3/U0_Y
  5.017                        PF_RESET_0/PF_RESET_0/dff_15_rep_RNI5GV3/U0_RGB1_RGB1:A (r)
               +     0.058          cell: ADLIB:RGB
  5.075                        PF_RESET_0/PF_RESET_0/dff_15_rep_RNI5GV3/U0_RGB1_RGB1:Y (f)
               +     0.588          net: PF_RESET_0/PF_RESET_0/dff_15_rep_RNI5GV3/U0_RGB1_RGB1_rgb_net_1
  5.663                        CoreDMA_IO_CTRL_0/CoreDMA_Controller_0/CoreDMA_Controller_0/CAXI4DMAOOlOI/CAXI4DMAOOl1I/CAXI4DMAOI1Ol/CAXI4DMAI00ll[11]:ALn (r)
                                    
  5.663                        data arrival time
  ________________________________________________________
  Data required time calculation
  N/C                          PF_CCC_C2_0/PF_CCC_C2_0/pll_inst_0:OUT1
               +     0.000          Clock source
  N/C                          PF_CCC_C2_0/PF_CCC_C2_0/pll_inst_0:OUT1 (r)
               +     0.188          net: PF_CCC_C2_0/PF_CCC_C2_0/pll_inst_0_clkint_4
  N/C                          PF_CCC_C2_0/PF_CCC_C2_0/clkint_4_1:A (r)
               +     0.124          cell: ADLIB:ICB_CLKINT
  N/C                          PF_CCC_C2_0/PF_CCC_C2_0/clkint_4_1:Y (r)
               +     0.331          net: PF_CCC_C2_0/PF_CCC_C2_0/clkint_4_NET
  N/C                          PF_CCC_C2_0/PF_CCC_C2_0/clkint_4:A (r)
               +     0.157          cell: ADLIB:GB
  N/C                          PF_CCC_C2_0/PF_CCC_C2_0/clkint_4:Y (r)
               +     0.326          net: PF_CCC_C2_0/PF_CCC_C2_0/clkint_4/U0_Y
  N/C                          PF_CCC_C2_0/PF_CCC_C2_0/clkint_4/U0_RGB1_RGB1:A (r)
               +     0.049          cell: ADLIB:RGB
  N/C                          PF_CCC_C2_0/PF_CCC_C2_0/clkint_4/U0_RGB1_RGB1:Y (f)
               +     0.502          net: PF_CCC_C2_0/PF_CCC_C2_0/clkint_4/U0_RGB1_RGB1_rgb_net_1
  N/C                          CoreDMA_IO_CTRL_0/CoreDMA_Controller_0/CoreDMA_Controller_0/CAXI4DMAOOlOI/CAXI4DMAOOl1I/CAXI4DMAOI1Ol/CAXI4DMAI00ll[11]:CLK (r)
               +     0.069          
  N/C                          clock reconvergence pessimism
               -     0.209          Library recovery time: ADLIB:SLE
  N/C                          CoreDMA_IO_CTRL_0/CoreDMA_Controller_0/CoreDMA_Controller_0/CAXI4DMAOOlOI/CAXI4DMAOOl1I/CAXI4DMAOI1Ol/CAXI4DMAI00ll[11]:ALn


Operating Conditions : slow_lv_ht

END SET Register to Asynchronous

----------------------------------------------------

SET External Recovery

Path 1
  From: USER_RESETN
  To:   PF_RESET_0/PF_RESET_0/dff_2:ALn
  Delay (ns):              7.736
  Arrival (ns):            7.736
  Recovery (ns):           0.196
  External Recovery (ns):   6.271
  Operating Conditions: slow_lv_ht

Path 2
  From: USER_RESETN
  To:   PF_RESET_0/PF_RESET_0/dff_10:ALn
  Delay (ns):              7.735
  Arrival (ns):            7.735
  Recovery (ns):           0.196
  External Recovery (ns):   6.271
  Operating Conditions: slow_lv_ht

Path 3
  From: USER_RESETN
  To:   PF_RESET_0/PF_RESET_0/dff_3:ALn
  Delay (ns):              7.735
  Arrival (ns):            7.735
  Recovery (ns):           0.196
  External Recovery (ns):   6.270
  Operating Conditions: slow_lv_ht

Path 4
  From: USER_RESETN
  To:   PF_RESET_0/PF_RESET_0/dff_1:ALn
  Delay (ns):              7.735
  Arrival (ns):            7.735
  Recovery (ns):           0.196
  External Recovery (ns):   6.270
  Operating Conditions: slow_lv_ht

Path 5
  From: USER_RESETN
  To:   PF_RESET_0/PF_RESET_0/dff_0:ALn
  Delay (ns):              7.735
  Arrival (ns):            7.735
  Recovery (ns):           0.196
  External Recovery (ns):   6.270
  Operating Conditions: slow_lv_ht


Expanded Path 1
  From: USER_RESETN
  To: PF_RESET_0/PF_RESET_0/dff_2:ALn
  data required time                                    N/C
  data arrival time                          -        7.736
  slack                                                 N/C
  ________________________________________________________
  Data arrival time calculation
  0.000                        USER_RESETN (r)
               +     0.000          net: USER_RESETN
  0.000                        USER_RESETN_ibuf/U_IOPAD:PAD (r)
               +     1.322          cell: ADLIB:IOPAD_IN
  1.322                        USER_RESETN_ibuf/U_IOPAD:Y (r)
               +     0.000          net: USER_RESETN_ibuf/YIN
  1.322                        USER_RESETN_ibuf/U_IOIN:YIN (r)
               +     0.346          cell: ADLIB:IOIN_IB_E
  1.668                        USER_RESETN_ibuf/U_IOIN:Y (r)
               +     2.643          net: USER_RESETN_c
  4.311                        PF_RESET_0/PF_RESET_0/un1_D:A (r)
               +     0.156          cell: ADLIB:CFG4
  4.467                        PF_RESET_0/PF_RESET_0/un1_D:Y (r)
               +     3.269          net: PF_RESET_0/PF_RESET_0/un1_INTERNAL_RST_i
  7.736                        PF_RESET_0/PF_RESET_0/dff_2:ALn (r)
                                    
  7.736                        data arrival time
  ________________________________________________________
  Data required time calculation
  N/C                          PF_CCC_C2_0/PF_CCC_C2_0/pll_inst_0:OUT1
               +     0.000          Clock source
  N/C                          PF_CCC_C2_0/PF_CCC_C2_0/pll_inst_0:OUT1 (r)
               +     0.188          net: PF_CCC_C2_0/PF_CCC_C2_0/pll_inst_0_clkint_4
  N/C                          PF_CCC_C2_0/PF_CCC_C2_0/clkint_4_1:A (r)
               +     0.124          cell: ADLIB:ICB_CLKINT
  N/C                          PF_CCC_C2_0/PF_CCC_C2_0/clkint_4_1:Y (r)
               +     0.331          net: PF_CCC_C2_0/PF_CCC_C2_0/clkint_4_NET
  N/C                          PF_CCC_C2_0/PF_CCC_C2_0/clkint_4/U0_GB0:A (r)
               +     0.158          cell: ADLIB:GB
  N/C                          PF_CCC_C2_0/PF_CCC_C2_0/clkint_4/U0_GB0:Y (r)
               +     0.331          net: PF_CCC_C2_0/PF_CCC_C2_0/clkint_4/U0_gbs_1
  N/C                          PF_CCC_C2_0/PF_CCC_C2_0/clkint_4/U0_RGB1_RGB8:A (r)
               +     0.049          cell: ADLIB:RGB
  N/C                          PF_CCC_C2_0/PF_CCC_C2_0/clkint_4/U0_RGB1_RGB8:Y (f)
               +     0.480          net: PF_CCC_C2_0/PF_CCC_C2_0/clkint_4/U0_RGB1_RGB8_rgb_net_1
  N/C                          PF_RESET_0/PF_RESET_0/dff_2:CLK (r)
               -     0.196          Library recovery time: ADLIB:SLE
  N/C                          PF_RESET_0/PF_RESET_0/dff_2:ALn


Operating Conditions : slow_lv_ht

END SET External Recovery

----------------------------------------------------

SET Asynchronous to Register

No Path 

END SET Asynchronous to Register

----------------------------------------------------

Clock Domain PF_CCC_C2_0/PF_CCC_C2_0/pll_inst_0:OUT2

SET Register to Register

Path 1
  From: si5344a_config_0/cfg_mem_i/mem24x24x512_0/mem24x24x512_mem24x24x512_0_PF_TPSRAM_R0C0/INST_RAM1K20_IP:A_CLK
  To:   si5344a_config_0/cfg_mem_rdata_ff[9]:EN
  Delay (ns):              4.862
  Arrival (ns):            7.089
  Setup (ns):              0.133
  Minimum Period (ns):     5.224
  Operating Conditions: slow_lv_lt

Path 2
  From: si5344a_config_0/cfg_mem_i/mem24x24x512_0/mem24x24x512_mem24x24x512_0_PF_TPSRAM_R0C0/INST_RAM1K20_IP:A_CLK
  To:   si5344a_config_0/cfg_mem_rdata_ff[15]:EN
  Delay (ns):              4.862
  Arrival (ns):            7.089
  Setup (ns):              0.133
  Minimum Period (ns):     5.224
  Operating Conditions: slow_lv_lt

Path 3
  From: si5344a_config_0/cfg_mem_i/mem24x24x512_0/mem24x24x512_mem24x24x512_0_PF_TPSRAM_R0C0/INST_RAM1K20_IP:A_CLK
  To:   si5344a_config_0/cfg_mem_rdata_ff[14]:EN
  Delay (ns):              4.862
  Arrival (ns):            7.089
  Setup (ns):              0.133
  Minimum Period (ns):     5.224
  Operating Conditions: slow_lv_lt

Path 4
  From: si5344a_config_0/cfg_mem_i/mem24x24x512_0/mem24x24x512_mem24x24x512_0_PF_TPSRAM_R0C0/INST_RAM1K20_IP:A_CLK
  To:   si5344a_config_0/cfg_mem_rdata_ff[12]:EN
  Delay (ns):              4.862
  Arrival (ns):            7.089
  Setup (ns):              0.133
  Minimum Period (ns):     5.224
  Operating Conditions: slow_lv_lt

Path 5
  From: si5344a_config_0/cfg_mem_i/mem24x24x512_0/mem24x24x512_mem24x24x512_0_PF_TPSRAM_R0C0/INST_RAM1K20_IP:A_CLK
  To:   si5344a_config_0/cfg_mem_rdata_ff[11]:EN
  Delay (ns):              4.862
  Arrival (ns):            7.089
  Setup (ns):              0.133
  Minimum Period (ns):     5.224
  Operating Conditions: slow_lv_lt


Expanded Path 1
  From: si5344a_config_0/cfg_mem_i/mem24x24x512_0/mem24x24x512_mem24x24x512_0_PF_TPSRAM_R0C0/INST_RAM1K20_IP:A_CLK
  To: si5344a_config_0/cfg_mem_rdata_ff[9]:EN
  data required time                                    N/C
  data arrival time                          -        7.089
  slack                                                 N/C
  ________________________________________________________
  Data arrival time calculation
  0.000                        PF_CCC_C2_0/PF_CCC_C2_0/pll_inst_0:OUT2
               +     0.000          Clock source
  0.000                        PF_CCC_C2_0/PF_CCC_C2_0/pll_inst_0:OUT2 (r)
               +     0.506          net: PF_CCC_C2_0/PF_CCC_C2_0/pll_inst_0_clkint_8
  0.506                        PF_CCC_C2_0/PF_CCC_C2_0/clkint_8_1:A (r)
               +     0.143          cell: ADLIB:ICB_CLKINT
  0.649                        PF_CCC_C2_0/PF_CCC_C2_0/clkint_8_1:Y (r)
               +     0.320          net: PF_CCC_C2_0/PF_CCC_C2_0/clkint_8_NET
  0.969                        PF_CCC_C2_0/PF_CCC_C2_0/clkint_8:A (r)
               +     0.172          cell: ADLIB:GB
  1.141                        PF_CCC_C2_0/PF_CCC_C2_0/clkint_8:Y (r)
               +     0.336          net: PF_CCC_C2_0/PF_CCC_C2_0/clkint_8/U0_Y
  1.477                        PF_CCC_C2_0/PF_CCC_C2_0/clkint_8/U0_RGB1_RGB0:A (r)
               +     0.059          cell: ADLIB:RGB
  1.536                        PF_CCC_C2_0/PF_CCC_C2_0/clkint_8/U0_RGB1_RGB0:Y (f)
               +     0.691          net: PF_CCC_C2_0/PF_CCC_C2_0/clkint_8/U0_RGB1_RGB0_rgb_net_1
  2.227                        si5344a_config_0/cfg_mem_i/mem24x24x512_0/mem24x24x512_mem24x24x512_0_PF_TPSRAM_R0C0/INST_RAM1K20_IP:A_CLK (r)
               +     2.332          cell: ADLIB:RAM1K20_IP
  4.559                        si5344a_config_0/cfg_mem_i/mem24x24x512_0/mem24x24x512_mem24x24x512_0_PF_TPSRAM_R0C0/INST_RAM1K20_IP:B_DOUT[0] (f)
               +     0.480          net: si5344a_config_0/cfg_mem_rdata[0]
  5.039                        si5344a_config_0/i2c_rdata_buf_i/fifo8x8x16_0/genblk18.fifo_corefifo_sync_scntr/un204_clk_6:D (f)
               +     0.145          cell: ADLIB:CFG4
  5.184                        si5344a_config_0/i2c_rdata_buf_i/fifo8x8x16_0/genblk18.fifo_corefifo_sync_scntr/un204_clk_6:Y (f)
               +     0.365          net: si5344a_config_0/i2c_rdata_buf_i/fifo8x8x16_0/genblk18.fifo_corefifo_sync_scntr/un204_clk_6_Z
  5.549                        si5344a_config_0/i2c_rdata_buf_i/fifo8x8x16_0/genblk18.fifo_corefifo_sync_scntr/un204_clk_15:B (f)
               +     0.192          cell: ADLIB:CFG4
  5.741                        si5344a_config_0/i2c_rdata_buf_i/fifo8x8x16_0/genblk18.fifo_corefifo_sync_scntr/un204_clk_15:Y (f)
               +     0.187          net: si5344a_config_0/i2c_rdata_buf_i/fifo8x8x16_0/genblk18.fifo_corefifo_sync_scntr/un204_clk_15_Z
  5.928                        si5344a_config_0/i2c_rdata_buf_i/fifo8x8x16_0/genblk18.fifo_corefifo_sync_scntr/un204_clk:D (f)
               +     0.192          cell: ADLIB:CFG4
  6.120                        si5344a_config_0/i2c_rdata_buf_i/fifo8x8x16_0/genblk18.fifo_corefifo_sync_scntr/un204_clk:Y (f)
               +     0.185          net: si5344a_config_0/i2c_rdata_buf_i/fifo8x8x16_0/genblk18.fifo_corefifo_sync_scntr/un204_clk_Z
  6.305                        si5344a_config_0/i2c_rdata_buf_i/fifo8x8x16_0/genblk18.fifo_corefifo_sync_scntr/cfg_state_9_sqmuxa_2:B (f)
               +     0.232          cell: ADLIB:CFG4
  6.537                        si5344a_config_0/i2c_rdata_buf_i/fifo8x8x16_0/genblk18.fifo_corefifo_sync_scntr/cfg_state_9_sqmuxa_2:Y (r)
               +     0.121          net: si5344a_config_0/cfg_state_9_sqmuxa_2
  6.658                        si5344a_config_0/i2c_rdata_buf_i/fifo8x8x16_0/genblk18.fifo_corefifo_sync_scntr/cfg_state_9_sqmuxa:C (r)
               +     0.083          cell: ADLIB:CFG3
  6.741                        si5344a_config_0/i2c_rdata_buf_i/fifo8x8x16_0/genblk18.fifo_corefifo_sync_scntr/cfg_state_9_sqmuxa:Y (r)
               +     0.348          net: si5344a_config_0/cfg_state_9_sqmuxa
  7.089                        si5344a_config_0/cfg_mem_rdata_ff[9]:EN (r)
                                    
  7.089                        data arrival time
  ________________________________________________________
  Data required time calculation
  N/C                          PF_CCC_C2_0/PF_CCC_C2_0/pll_inst_0:OUT2
               +     0.000          Clock source
  N/C                          PF_CCC_C2_0/PF_CCC_C2_0/pll_inst_0:OUT2 (r)
               +     0.461          net: PF_CCC_C2_0/PF_CCC_C2_0/pll_inst_0_clkint_8
  N/C                          PF_CCC_C2_0/PF_CCC_C2_0/clkint_8_1:A (r)
               +     0.124          cell: ADLIB:ICB_CLKINT
  N/C                          PF_CCC_C2_0/PF_CCC_C2_0/clkint_8_1:Y (r)
               +     0.290          net: PF_CCC_C2_0/PF_CCC_C2_0/clkint_8_NET
  N/C                          PF_CCC_C2_0/PF_CCC_C2_0/clkint_8:A (r)
               +     0.156          cell: ADLIB:GB
  N/C                          PF_CCC_C2_0/PF_CCC_C2_0/clkint_8:Y (r)
               +     0.305          net: PF_CCC_C2_0/PF_CCC_C2_0/clkint_8/U0_Y
  N/C                          PF_CCC_C2_0/PF_CCC_C2_0/clkint_8/U0_RGB1_RGB0:A (r)
               +     0.048          cell: ADLIB:RGB
  N/C                          PF_CCC_C2_0/PF_CCC_C2_0/clkint_8/U0_RGB1_RGB0:Y (f)
               +     0.455          net: PF_CCC_C2_0/PF_CCC_C2_0/clkint_8/U0_RGB1_RGB0_rgb_net_1
  N/C                          si5344a_config_0/cfg_mem_rdata_ff[9]:CLK (r)
               +     0.159          
  N/C                          clock reconvergence pessimism
               -     0.133          Library setup time: ADLIB:SLE
  N/C                          si5344a_config_0/cfg_mem_rdata_ff[9]:EN


Operating Conditions : slow_lv_lt

END SET Register to Register

----------------------------------------------------

SET External Setup

Path 1
  From: I2C_SDA
  To:   si5344a_config_0/i2c_state[23]:D
  Delay (ns):              2.605
  Arrival (ns):            2.605
  Setup (ns):              0.000
  External Setup (ns):     0.679
  Operating Conditions: slow_lv_ht

Path 2
  From: I2C_SDA
  To:   si5344a_config_0/i2c_state[4]:D
  Delay (ns):              2.573
  Arrival (ns):            2.573
  Setup (ns):              0.000
  External Setup (ns):     0.642
  Operating Conditions: slow_lv_ht

Path 3
  From: I2C_SDA
  To:   si5344a_config_0/rdata_shift_reg[0]:D
  Delay (ns):              2.478
  Arrival (ns):            2.478
  Setup (ns):              0.000
  External Setup (ns):     0.545
  Operating Conditions: slow_lv_ht

Path 4
  From: I2C_SDA
  To:   si5344a_config_0/i2c_state[9]:D
  Delay (ns):              2.427
  Arrival (ns):            2.427
  Setup (ns):              0.000
  External Setup (ns):     0.499
  Operating Conditions: slow_lv_ht

Path 5
  From: I2C_SDA
  To:   si5344a_config_0/i2c_state[16]:D
  Delay (ns):              2.426
  Arrival (ns):            2.426
  Setup (ns):              0.000
  External Setup (ns):     0.498
  Operating Conditions: slow_lv_ht


Expanded Path 1
  From: I2C_SDA
  To: si5344a_config_0/i2c_state[23]:D
  data required time                                    N/C
  data arrival time                          -        2.605
  slack                                                 N/C
  ________________________________________________________
  Data arrival time calculation
  0.000                        I2C_SDA (r)
               +     1.322          cell: ADLIB:IOPAD_BI
  1.322                        BIBUF_1/U_IOPAD:Y (r)
               +     0.000          net: BIBUF_1/YIN
  1.322                        BIBUF_1/U_IOBI:YIN (r)
               +     0.346          cell: ADLIB:IOBI_IB_OB_EB
  1.668                        BIBUF_1/U_IOBI:Y (r)
               +     0.825          net: BIBUF_1_Y
  2.493                        si5344a_config_0/i2c_rdata_buf_i/fifo8x8x16_0/genblk18.fifo_corefifo_sync_scntr/memwaddr_r_4_1.i2c_state_srsts_i_0_RNIFQ551[23]:C (r)
               +     0.090          cell: ADLIB:CFG4
  2.583                        si5344a_config_0/i2c_rdata_buf_i/fifo8x8x16_0/genblk18.fifo_corefifo_sync_scntr/memwaddr_r_4_1.i2c_state_srsts_i_0_RNIFQ551[23]:Y (r)
               +     0.022          net: si5344a_config_0/N_567_i
  2.605                        si5344a_config_0/i2c_state[23]:D (r)
                                    
  2.605                        data arrival time
  ________________________________________________________
  Data required time calculation
  N/C                          PF_CCC_C2_0/PF_CCC_C2_0/pll_inst_0:OUT2
               +     0.000          Clock source
  N/C                          PF_CCC_C2_0/PF_CCC_C2_0/pll_inst_0:OUT2 (r)
               +     0.458          net: PF_CCC_C2_0/PF_CCC_C2_0/pll_inst_0_clkint_8
  N/C                          PF_CCC_C2_0/PF_CCC_C2_0/clkint_8_1:A (r)
               +     0.127          cell: ADLIB:ICB_CLKINT
  N/C                          PF_CCC_C2_0/PF_CCC_C2_0/clkint_8_1:Y (r)
               +     0.317          net: PF_CCC_C2_0/PF_CCC_C2_0/clkint_8_NET
  N/C                          PF_CCC_C2_0/PF_CCC_C2_0/clkint_8:A (r)
               +     0.154          cell: ADLIB:GB
  N/C                          PF_CCC_C2_0/PF_CCC_C2_0/clkint_8:Y (r)
               +     0.324          net: PF_CCC_C2_0/PF_CCC_C2_0/clkint_8/U0_Y
  N/C                          PF_CCC_C2_0/PF_CCC_C2_0/clkint_8/U0_RGB1:A (r)
               +     0.049          cell: ADLIB:RGB
  N/C                          PF_CCC_C2_0/PF_CCC_C2_0/clkint_8/U0_RGB1:Y (f)
               +     0.497          net: PF_CCC_C2_0_OUT2_FABCLK_0
  N/C                          si5344a_config_0/i2c_state[23]:CLK (r)
               -     0.000          Library setup time: ADLIB:SLE
  N/C                          si5344a_config_0/i2c_state[23]:D


Operating Conditions : slow_lv_ht

END SET External Setup

----------------------------------------------------

SET Clock to Output

Path 1
  From: si5344a_config_0/i2c_state[21]:CLK
  To:   I2C_SCL
  Delay (ns):              7.021
  Arrival (ns):            9.173
  Clock to Out (ns):       9.173
  Operating Conditions: slow_lv_ht

Path 2
  From: si5344a_config_0/i2c_state[12]:CLK
  To:   I2C_SCL
  Delay (ns):              6.980
  Arrival (ns):            9.133
  Clock to Out (ns):       9.133
  Operating Conditions: slow_lv_ht

Path 3
  From: si5344a_config_0/i2c_state[5]:CLK
  To:   I2C_SCL
  Delay (ns):              6.844
  Arrival (ns):            8.997
  Clock to Out (ns):       8.997
  Operating Conditions: slow_lv_ht

Path 4
  From: si5344a_config_0/i2c_state[3]:CLK
  To:   I2C_SCL
  Delay (ns):              6.625
  Arrival (ns):            8.771
  Clock to Out (ns):       8.771
  Operating Conditions: slow_lv_ht

Path 5
  From: si5344a_config_0/i2c_state[10]:CLK
  To:   I2C_SCL
  Delay (ns):              6.602
  Arrival (ns):            8.735
  Clock to Out (ns):       8.735
  Operating Conditions: slow_lv_ht


Expanded Path 1
  From: si5344a_config_0/i2c_state[21]:CLK
  To: I2C_SCL
  data required time                                    N/C
  data arrival time                          -        9.173
  slack                                                 N/C
  ________________________________________________________
  Data arrival time calculation
  0.000                        PF_CCC_C2_0/PF_CCC_C2_0/pll_inst_0:OUT2
               +     0.000          Clock source
  0.000                        PF_CCC_C2_0/PF_CCC_C2_0/pll_inst_0:OUT2 (r)
               +     0.503          net: PF_CCC_C2_0/PF_CCC_C2_0/pll_inst_0_clkint_8
  0.503                        PF_CCC_C2_0/PF_CCC_C2_0/clkint_8_1:A (r)
               +     0.147          cell: ADLIB:ICB_CLKINT
  0.650                        PF_CCC_C2_0/PF_CCC_C2_0/clkint_8_1:Y (r)
               +     0.349          net: PF_CCC_C2_0/PF_CCC_C2_0/clkint_8_NET
  0.999                        PF_CCC_C2_0/PF_CCC_C2_0/clkint_8:A (r)
               +     0.169          cell: ADLIB:GB
  1.168                        PF_CCC_C2_0/PF_CCC_C2_0/clkint_8:Y (r)
               +     0.356          net: PF_CCC_C2_0/PF_CCC_C2_0/clkint_8/U0_Y
  1.524                        PF_CCC_C2_0/PF_CCC_C2_0/clkint_8/U0_RGB1:A (r)
               +     0.058          cell: ADLIB:RGB
  1.582                        PF_CCC_C2_0/PF_CCC_C2_0/clkint_8/U0_RGB1:Y (f)
               +     0.570          net: PF_CCC_C2_0_OUT2_FABCLK_0
  2.152                        si5344a_config_0/i2c_state[21]:CLK (r)
               +     0.201          cell: ADLIB:SLE
  2.353                        si5344a_config_0/i2c_state[21]:Q (r)
               +     0.266          net: si5344a_config_0/i2c_state_Z[21]
  2.619                        si5344a_config_0/i2c_rdata_buf_i/fifo8x8x16_0/genblk18.fifo_corefifo_sync_scntr/un14_si5344a_sdao_i_o2_0:B (r)
               +     0.090          cell: ADLIB:CFG2
  2.709                        si5344a_config_0/i2c_rdata_buf_i/fifo8x8x16_0/genblk18.fifo_corefifo_sync_scntr/un14_si5344a_sdao_i_o2_0:Y (r)
               +     0.273          net: si5344a_config_0.N_600_i
  2.982                        si5344a_config_0/i2c_rdata_buf_i/fifo8x8x16_0/genblk18.fifo_corefifo_sync_scntr/un14_si5344a_sdao_i_o2_0_RNIV6VK:D (r)
               +     0.156          cell: ADLIB:CFG4
  3.138                        si5344a_config_0/i2c_rdata_buf_i/fifo8x8x16_0/genblk18.fifo_corefifo_sync_scntr/un14_si5344a_sdao_i_o2_0_RNIV6VK:Y (r)
               +     0.133          net: si5344a_config_0/i2c_rdata_buf_i/fifo8x8x16_0/genblk18.fifo_corefifo_sync_scntr/N_604_1
  3.271                        si5344a_config_0/i2c_rdata_buf_i/fifo8x8x16_0/genblk18.fifo_corefifo_sync_scntr/un14_si5344a_sdao_i_o2_0_RNI4D6S:B (r)
               +     0.156          cell: ADLIB:CFG3
  3.427                        si5344a_config_0/i2c_rdata_buf_i/fifo8x8x16_0/genblk18.fifo_corefifo_sync_scntr/un14_si5344a_sdao_i_o2_0_RNI4D6S:Y (r)
               +     0.740          net: si5344a_config_0/i2c_rdata_buf_i/fifo8x8x16_0/genblk18.fifo_corefifo_sync_scntr/N_604
  4.167                        si5344a_config_0/i2c_rdata_buf_i/fifo8x8x16_0/genblk18.fifo_corefifo_sync_scntr/memwaddr_r_4_1.un27_si5344a_scl:D (r)
               +     0.200          cell: ADLIB:CFG4
  4.367                        si5344a_config_0/i2c_rdata_buf_i/fifo8x8x16_0/genblk18.fifo_corefifo_sync_scntr/memwaddr_r_4_1.un27_si5344a_scl:Y (r)
               +     0.363          net: si5344a_config_0/i2c_rdata_buf_i/fifo8x8x16_0/genblk18.fifo_corefifo_sync_scntr/un27_si5344a_scl
  4.730                        si5344a_config_0/i2c_rdata_buf_i/fifo8x8x16_0/genblk18.fifo_corefifo_sync_scntr/memwaddr_r_4_1.un45_si5344a_scl_RNILA1T:B (r)
               +     0.142          cell: ADLIB:CFG4
  4.872                        si5344a_config_0/i2c_rdata_buf_i/fifo8x8x16_0/genblk18.fifo_corefifo_sync_scntr/memwaddr_r_4_1.un45_si5344a_scl_RNILA1T:Y (f)
               +     0.231          net: si5344a_config_0.un31_si5344a_scl_i
  5.103                        INV_0:A (f)
               +     0.050          cell: ADLIB:CFG1
  5.153                        INV_0:Y (r)
               +     0.571          net: INV_0_Y
  5.724                        BIBUF_0/U_IOBI:E (r)
               +     0.210          cell: ADLIB:IOBI_IB_OB_EB
  5.934                        BIBUF_0/U_IOBI:EOUT (r)
               +     0.000          net: BIBUF_0/EOUT
  5.934                        BIBUF_0/U_IOPAD:E (r)
               +     3.239          cell: ADLIB:IOPAD_BI
  9.173                        BIBUF_0/U_IOPAD:PAD (r)
                                    
  9.173                        data arrival time
  ________________________________________________________
  Data required time calculation
  N/C                          PF_CCC_C2_0/PF_CCC_C2_0/pll_inst_0:OUT2
               +     0.000          Clock source
  N/C                          PF_CCC_C2_0/PF_CCC_C2_0/pll_inst_0:OUT2 (r)
                                    
  N/C                          I2C_SCL (r)


Operating Conditions : slow_lv_ht

END SET Clock to Output

----------------------------------------------------

SET Register to Asynchronous

No Path 

END SET Register to Asynchronous

----------------------------------------------------

SET External Recovery

No Path 

END SET External Recovery

----------------------------------------------------

SET Asynchronous to Register

No Path 

END SET Asynchronous to Register

----------------------------------------------------

Clock Domain REF_CLK_0

Info: The maximum frequency of this clock domain is limited by the minimum pulse widths of pin REF_CLK_0_ibuf/U_IOPAD:PAD

SET Register to Register

No Path 

END SET Register to Register

----------------------------------------------------

SET External Setup

No Path 

END SET External Setup

----------------------------------------------------

SET Clock to Output

No Path 

END SET Clock to Output

----------------------------------------------------

SET Register to Asynchronous

No Path 

END SET Register to Asynchronous

----------------------------------------------------

SET External Recovery

No Path 

END SET External Recovery

----------------------------------------------------

SET Asynchronous to Register

No Path 

END SET Asynchronous to Register

----------------------------------------------------

Path set Pin to Pin

SET Input to Output

No Path 

END SET Input to Output

----------------------------------------------------

Path set User Sets

