Timing Violation Report Min Delay Analysis

SmartTime Version v12.6
Microsemi Corporation - Microsemi Libero Software Release v12.6 (Version 12.900.20.24)
Date: Tue Jul 20 08:23:23 2021


Design: top
Family: PolarFire
Die: MPF300T
Package: FCVG484
Temperature Range: 0 - 100 C
Voltage Range: 0.97 - 1.03 V
Speed Grade: -1
Design State: Post-Layout
Data source: Production
Multi Corner Report Operating Conditions: slow_lv_ht, slow_lv_lt, fast_hv_lt
Scenario for Timing Analysis: timing_analysis


*** IMPORTANT RECOMMENDATION *** If you haven't done so, it is highly recommended to add clock jitter information for each clock domain into Libero SoC through clock uncertainty SDC timing constraints. Please refer to the Libero SoC v12.5 release notes for more details.

Path 1
  From: PF_DDR4_SS_0/MSC_i_0/MSC_i_1/MSC_i_8/MSC_i_10/cmd_fifo_wr_data_reg3[89]:CLK
  To:   PF_DDR4_SS_0/MSC_i_0/MSC_i_1/MSC_i_8/MSC_i_10/cmd_fifo_wr_data_reg4[89]:D
  Delay (ns):              0.303
  Slack (ns):              0.034
  Arrival (ns):            8.287
  Required (ns):           8.253
  Operating Conditions: slow_lv_lt

Path 2
  From: PF_DDR4_SS_0/MSC_i_0/MSC_i_1/MSC_i_8/MSC_i_10/cmd_fifo_wr_data_reg2[66]:CLK
  To:   PF_DDR4_SS_0/MSC_i_0/MSC_i_1/MSC_i_8/MSC_i_10/cmd_fifo_wr_data_reg3[66]:D
  Delay (ns):              0.307
  Slack (ns):              0.037
  Arrival (ns):            8.294
  Required (ns):           8.257
  Operating Conditions: slow_lv_lt

Path 3
  From: PF_DDR4_SS_0/MSC_i_0/MSC_i_1/MSC_i_8/MSC_i_10/cmd_fifo_wr_data_reg3[43]:CLK
  To:   PF_DDR4_SS_0/MSC_i_0/MSC_i_1/MSC_i_8/MSC_i_10/cmd_fifo_wr_data_reg4[43]:D
  Delay (ns):              0.307
  Slack (ns):              0.038
  Arrival (ns):            8.291
  Required (ns):           8.253
  Operating Conditions: slow_lv_lt

Path 4
  From: PF_DDR4_SS_0/MSC_i_0/MSC_i_1/MSC_i_8/MSC_i_10/cmd_fifo_wr_data_reg3[53]:CLK
  To:   PF_DDR4_SS_0/MSC_i_0/MSC_i_1/MSC_i_8/MSC_i_10/cmd_fifo_wr_data_reg4[53]:D
  Delay (ns):              0.308
  Slack (ns):              0.039
  Arrival (ns):            8.293
  Required (ns):           8.254
  Operating Conditions: slow_lv_lt

Path 5
  From: PF_DDR4_SS_0/MSC_i_0/MSC_i_1/MSC_i_8/MSC_i_10/cmd_fifo_wr_data_reg3[87]:CLK
  To:   PF_DDR4_SS_0/MSC_i_0/MSC_i_1/MSC_i_8/MSC_i_10/cmd_fifo_wr_data_reg4[87]:D
  Delay (ns):              0.205
  Slack (ns):              0.040
  Arrival (ns):            6.013
  Required (ns):           5.973
  Operating Conditions: fast_hv_lt

Path 6
  From: PF_DDR4_SS_0/MSC_i_0/MSC_i_1/MSC_i_8/MSC_i_10/cmd_fifo_wr_data_reg2[71]:CLK
  To:   PF_DDR4_SS_0/MSC_i_0/MSC_i_1/MSC_i_8/MSC_i_10/cmd_fifo_wr_data_reg3[71]:D
  Delay (ns):              0.310
  Slack (ns):              0.040
  Arrival (ns):            8.297
  Required (ns):           8.257
  Operating Conditions: slow_lv_lt

Path 7
  From: PF_DDR4_SS_0/MSC_i_0/MSC_i_1/MSC_i_8/MSC_i_10/cmd_fifo_wr_data_reg3[7]:CLK
  To:   PF_DDR4_SS_0/MSC_i_0/MSC_i_1/MSC_i_8/MSC_i_10/cmd_fifo_wr_data_reg4[7]:D
  Delay (ns):              0.205
  Slack (ns):              0.041
  Arrival (ns):            6.015
  Required (ns):           5.974
  Operating Conditions: fast_hv_lt

Path 8
  From: PF_DDR4_SS_0/MSC_i_0/MSC_i_1/MSC_i_8/MSC_i_10/cmd_fifo_wr_data_reg3[59]:CLK
  To:   PF_DDR4_SS_0/MSC_i_0/MSC_i_1/MSC_i_8/MSC_i_10/cmd_fifo_wr_data_reg4[59]:D
  Delay (ns):              0.310
  Slack (ns):              0.041
  Arrival (ns):            8.295
  Required (ns):           8.254
  Operating Conditions: slow_lv_lt

Path 9
  From: PF_DDR4_SS_0/MSC_i_0/MSC_i_1/MSC_i_8/MSC_i_10/cmd_fifo_wr_data_reg3[41]:CLK
  To:   PF_DDR4_SS_0/MSC_i_0/MSC_i_1/MSC_i_8/MSC_i_10/cmd_fifo_wr_data_reg4[41]:D
  Delay (ns):              0.310
  Slack (ns):              0.041
  Arrival (ns):            8.294
  Required (ns):           8.253
  Operating Conditions: slow_lv_lt

Path 10
  From: PF_DDR4_SS_0/MSC_i_0/MSC_i_1/MSC_i_8/MSC_i_10/cmd_fifo_wr_data_reg3[85]:CLK
  To:   PF_DDR4_SS_0/MSC_i_0/MSC_i_1/MSC_i_8/MSC_i_10/cmd_fifo_wr_data_reg4[85]:D
  Delay (ns):              0.310
  Slack (ns):              0.042
  Arrival (ns):            8.295
  Required (ns):           8.253
  Operating Conditions: slow_lv_lt

Path 11
  From: PF_DDR4_SS_0/MSC_i_0/MSC_i_1/MSC_i_8/MSC_i_10/cmd_fifo_wr_data_reg3[61]:CLK
  To:   PF_DDR4_SS_0/MSC_i_0/MSC_i_1/MSC_i_8/MSC_i_10/cmd_fifo_wr_data_reg4[61]:D
  Delay (ns):              0.310
  Slack (ns):              0.042
  Arrival (ns):            8.297
  Required (ns):           8.255
  Operating Conditions: slow_lv_lt

Path 12
  From: PF_DDR4_SS_0/MSC_i_0/MSC_i_1/MSC_i_8/MSC_i_10/cmd_fifo_wr_data_reg3[56]:CLK
  To:   PF_DDR4_SS_0/MSC_i_0/MSC_i_1/MSC_i_8/MSC_i_10/cmd_fifo_wr_data_reg4[56]:D
  Delay (ns):              0.208
  Slack (ns):              0.042
  Arrival (ns):            6.015
  Required (ns):           5.973
  Operating Conditions: fast_hv_lt

Path 13
  From: PF_DDR4_SS_0/MSC_i_0/MSC_i_1/MSC_i_8/MSC_i_10/cmd_fifo_wr_data_reg2[64]:CLK
  To:   PF_DDR4_SS_0/MSC_i_0/MSC_i_1/MSC_i_8/MSC_i_10/cmd_fifo_wr_data_reg3[64]:D
  Delay (ns):              0.209
  Slack (ns):              0.042
  Arrival (ns):            6.018
  Required (ns):           5.976
  Operating Conditions: fast_hv_lt

Path 14
  From: PF_DDR4_SS_0/MSC_i_0/MSC_i_1/MSC_i_8/MSC_i_10/cmd_fifo_wr_data_reg3[54]:CLK
  To:   PF_DDR4_SS_0/MSC_i_0/MSC_i_1/MSC_i_8/MSC_i_10/cmd_fifo_wr_data_reg4[54]:D
  Delay (ns):              0.209
  Slack (ns):              0.043
  Arrival (ns):            6.016
  Required (ns):           5.973
  Operating Conditions: fast_hv_lt

Path 15
  From: PF_DDR4_SS_0/MSC_i_0/MSC_i_1/MSC_i_8/MSC_i_10/cmd_fifo_wr_data_reg2[68]:CLK
  To:   PF_DDR4_SS_0/MSC_i_0/MSC_i_1/MSC_i_8/MSC_i_10/cmd_fifo_wr_data_reg3[68]:D
  Delay (ns):              0.210
  Slack (ns):              0.043
  Arrival (ns):            6.019
  Required (ns):           5.976
  Operating Conditions: fast_hv_lt

Path 16
  From: PF_DDR4_SS_0/MSC_i_0/MSC_i_1/MSC_i_8/MSC_i_10/cmd_fifo_wr_data_reg2[65]:CLK
  To:   PF_DDR4_SS_0/MSC_i_0/MSC_i_1/MSC_i_8/MSC_i_10/cmd_fifo_wr_data_reg3[65]:D
  Delay (ns):              0.210
  Slack (ns):              0.043
  Arrival (ns):            6.019
  Required (ns):           5.976
  Operating Conditions: fast_hv_lt

Path 17
  From: PF_DDR4_SS_0/MSC_i_0/MSC_i_1/MSC_i_8/MSC_i_10/cmd_fifo_wr_data_reg3[58]:CLK
  To:   PF_DDR4_SS_0/MSC_i_0/MSC_i_1/MSC_i_8/MSC_i_10/cmd_fifo_wr_data_reg4[58]:D
  Delay (ns):              0.210
  Slack (ns):              0.044
  Arrival (ns):            6.017
  Required (ns):           5.973
  Operating Conditions: fast_hv_lt

Path 18
  From: PF_DDR4_SS_0/MSC_i_0/MSC_i_1/MSC_i_8/MSC_i_10/cmd_fifo_wr_data_reg3[37]:CLK
  To:   PF_DDR4_SS_0/MSC_i_0/MSC_i_1/MSC_i_8/MSC_i_10/cmd_fifo_wr_data_reg4[37]:D
  Delay (ns):              0.210
  Slack (ns):              0.044
  Arrival (ns):            6.016
  Required (ns):           5.972
  Operating Conditions: fast_hv_lt

Path 19
  From: PF_DDR4_SS_0/MSC_i_0/MSC_i_1/MSC_i_8/MSC_i_10/cmd_fifo_wr_data_reg3[95]:CLK
  To:   PF_DDR4_SS_0/MSC_i_0/MSC_i_1/MSC_i_8/MSC_i_10/cmd_fifo_wr_data_reg4[95]:D
  Delay (ns):              0.315
  Slack (ns):              0.046
  Arrival (ns):            8.299
  Required (ns):           8.253
  Operating Conditions: slow_lv_lt

Path 20
  From: PF_DDR4_SS_0/MSC_i_0/MSC_i_1/MSC_i_8/MSC_i_10/cmd_fifo_wr_data_reg3[3]:CLK
  To:   PF_DDR4_SS_0/MSC_i_0/MSC_i_1/MSC_i_8/MSC_i_10/cmd_fifo_wr_data_reg4[3]:D
  Delay (ns):              0.210
  Slack (ns):              0.047
  Arrival (ns):            6.020
  Required (ns):           5.973
  Operating Conditions: fast_hv_lt

Path 21
  From: PF_DDR4_SS_0/MSC_i_0/MSC_i_1/MSC_i_8/MSC_i_10/cmd_fifo_wr_data_reg3[11]:CLK
  To:   PF_DDR4_SS_0/MSC_i_0/MSC_i_1/MSC_i_8/MSC_i_10/cmd_fifo_wr_data_reg4[11]:D
  Delay (ns):              0.211
  Slack (ns):              0.048
  Arrival (ns):            6.021
  Required (ns):           5.973
  Operating Conditions: fast_hv_lt

Path 22
  From: AXI4_Interconnect_0/AXI4_Interconnect_0/axicb/cb.arcon/trgmx/slaveAADDR[28]:CLK
  To:   AXI4_Interconnect_0/AXI4_Interconnect_0/SlvConvertor_loop[0].slvcnv/rgsl/genblk2.arrs/holdDat[59]:D
  Delay (ns):              0.213
  Slack (ns):              0.051
  Arrival (ns):            6.017
  Required (ns):           5.966
  Operating Conditions: fast_hv_lt

Path 23
  From: CoreDMA_IO_CTRL_0/UART_SD_0/pattern_gen_checker_0/awaddr_o[30]:CLK
  To:   AXI4_Interconnect_0/AXI4_Interconnect_0/MstConvertor_loop[2].mstrconv/rgsl/genblk1.awrs/holdDat[61]:D
  Delay (ns):              0.217
  Slack (ns):              0.052
  Arrival (ns):            6.020
  Required (ns):           5.968
  Operating Conditions: fast_hv_lt

Path 24
  From: CoreDMA_IO_CTRL_0/UART_SD_0/pattern_gen_checker_0/awaddr_o[26]:CLK
  To:   AXI4_Interconnect_0/AXI4_Interconnect_0/MstConvertor_loop[2].mstrconv/rgsl/genblk1.awrs/holdDat[57]:D
  Delay (ns):              0.217
  Slack (ns):              0.052
  Arrival (ns):            6.020
  Required (ns):           5.968
  Operating Conditions: fast_hv_lt

Path 25
  From: PF_DDR4_SS_0/MSC_i_0/MSC_i_1/dfi_rddata_w1_i[14]:CLK
  To:   PF_DDR4_SS_0/MSC_i_0/MSC_i_1/MSC_i_8/MSC_i_249/dfi_rddata_w1_r[14]:D
  Delay (ns):              0.187
  Slack (ns):              0.068
  Arrival (ns):            5.993
  Required (ns):           5.925
  Operating Conditions: fast_hv_lt

Path 26
  From: PF_DDR4_SS_0/MSC_i_0/MSC_i_1/MSC_i_8/MSC_i_273/dfi_ras_n_r2:CLK
  To:   PF_DDR4_SS_0/DDRPHY_BLK_0/IOD_TRAINING_0/COREDDR_TIP_INT_U/u_register_bank/pipelined_generate_block.DFI_RAS_N_P0_OUT:D
  Delay (ns):              0.147
  Slack (ns):              0.070
  Arrival (ns):            5.952
  Required (ns):           5.882
  Operating Conditions: fast_hv_lt

Path 27
  From: PF_DDR4_SS_0/MSC_i_0/MSC_i_1/MSC_i_8/MSC_i_273/dfi_bank_r2[3]:CLK
  To:   PF_DDR4_SS_0/DDRPHY_BLK_0/IOD_TRAINING_0/COREDDR_TIP_INT_U/u_register_bank/pipelined_generate_block.DFI_BG_P0_OUT[1]:D
  Delay (ns):              0.147
  Slack (ns):              0.070
  Arrival (ns):            5.952
  Required (ns):           5.882
  Operating Conditions: fast_hv_lt

Path 28
  From: PF_DDR4_SS_0/MSC_i_0/MSC_i_1/MSC_i_8/MSC_i_169/MSC_i_203/fr4.dfi_in_p3_r:CLK
  To:   PF_DDR4_SS_0/MSC_i_0/MSC_i_1/MSC_i_8/MSC_i_272/data_shifter_gen[1].data_shifter[1][128]:D
  Delay (ns):              0.147
  Slack (ns):              0.070
  Arrival (ns):            5.943
  Required (ns):           5.873
  Operating Conditions: fast_hv_lt

Path 29
  From: PF_DDR4_SS_0/MSC_i_0/MSC_i_1/MSC_i_8/MSC_i_140/MSC_i_141/MSC_i_161/data_shifter_gen[17].data_shifter[17][0]:CLK
  To:   PF_DDR4_SS_0/MSC_i_0/MSC_i_1/MSC_i_8/MSC_i_140/MSC_i_141/MSC_i_161/data_shifter_gen[16].data_shifter[16][0]:D
  Delay (ns):              0.146
  Slack (ns):              0.070
  Arrival (ns):            5.961
  Required (ns):           5.891
  Operating Conditions: fast_hv_lt

Path 30
  From: PF_DDR4_SS_0/MSC_i_0/MSC_i_1/MSC_i_8/MSC_i_140/MSC_i_141/MSC_i_156/lat_n0.resettable.data_shifter_1_[1]:CLK
  To:   PF_DDR4_SS_0/MSC_i_0/MSC_i_1/MSC_i_8/MSC_i_140/MSC_i_141/MSC_i_156/lat_n0.resettable.data_shifter_2_[1]:D
  Delay (ns):              0.146
  Slack (ns):              0.070
  Arrival (ns):            5.947
  Required (ns):           5.877
  Operating Conditions: fast_hv_lt

Path 31
  From: PF_DDR4_SS_0/MSC_i_0/MSC_i_1/MSC_i_8/MSC_i_140/MSC_i_141/MSC_i_156/lat_n0.resettable.data_shifter_0_[49]:CLK
  To:   PF_DDR4_SS_0/MSC_i_0/MSC_i_1/MSC_i_8/MSC_i_140/MSC_i_141/MSC_i_156/lat_n0.resettable.data_shifter_1_[49]:D
  Delay (ns):              0.146
  Slack (ns):              0.070
  Arrival (ns):            5.957
  Required (ns):           5.887
  Operating Conditions: fast_hv_lt

Path 32
  From: PF_DDR4_SS_0/MSC_i_0/MSC_i_1/MSC_i_8/MSC_i_10/MSC_i_23/MSC_i_24/MSC_i_26/MSC_i_28/MSC_i_32/s0:CLK
  To:   PF_DDR4_SS_0/MSC_i_0/MSC_i_1/MSC_i_8/MSC_i_10/MSC_i_23/MSC_i_24/MSC_i_26/MSC_i_28/MSC_i_32/s1:D
  Delay (ns):              0.146
  Slack (ns):              0.070
  Arrival (ns):            5.962
  Required (ns):           5.892
  Operating Conditions: fast_hv_lt

Path 33
  From: PF_DDR4_SS_0/DDRPHY_BLK_0/IOD_TRAINING_0/COREDDR_TIP_INT_U/TIP_CTRL_BLK/LEVELLING/IOG_IF/load_int[0]:CLK
  To:   PF_DDR4_SS_0/DDRPHY_BLK_0/IOD_TRAINING_0/COREDDR_TIP_INT_U/LOAD[0]:D
  Delay (ns):              0.147
  Slack (ns):              0.070
  Arrival (ns):            5.936
  Required (ns):           5.866
  Operating Conditions: fast_hv_lt

Path 34
  From: PF_DDR4_SS_0/MSC_i_0/MSC_i_1/MSC_i_8/MSC_i_273/dfi_act_n_r2:CLK
  To:   PF_DDR4_SS_0/DDRPHY_BLK_0/IOD_TRAINING_0/COREDDR_TIP_INT_U/u_register_bank/pipelined_generate_block.DFI_ACT_N_P0_OUT:D
  Delay (ns):              0.147
  Slack (ns):              0.071
  Arrival (ns):            5.956
  Required (ns):           5.885
  Operating Conditions: fast_hv_lt

Path 35
  From: PF_DDR4_SS_0/MSC_i_0/MSC_i_1/MSC_i_8/MSC_i_169/gen_fr4.DFI_WRDATA_ALIGN_eq_0.dfi_wrdata_p2_po_r1[5]:CLK
  To:   PF_DDR4_SS_0/MSC_i_0/MSC_i_1/MSC_i_8/MSC_i_272/data_shifter_gen[1].data_shifter[1][77]:D
  Delay (ns):              0.147
  Slack (ns):              0.071
  Arrival (ns):            5.950
  Required (ns):           5.879
  Operating Conditions: fast_hv_lt

Path 36
  From: PF_DDR4_SS_0/MSC_i_0/MSC_i_1/MSC_i_8/MSC_i_10/wr_data_packed[44]:CLK
  To:   PF_DDR4_SS_0/MSC_i_0/MSC_i_1/MSC_i_8/MSC_i_10/wr_data_fifo_wr_data[44]:D
  Delay (ns):              0.147
  Slack (ns):              0.071
  Arrival (ns):            5.943
  Required (ns):           5.872
  Operating Conditions: fast_hv_lt

Path 37
  From: PF_DDR4_SS_0/MSC_i_0/MSC_i_1/MSC_i_8/MSC_i_273/dfi_address_r2[3]:CLK
  To:   PF_DDR4_SS_0/DDRPHY_BLK_0/IOD_TRAINING_0/COREDDR_TIP_INT_U/u_register_bank/pipelined_generate_block.DFI_ADDRESS_P0_OUT[3]:D
  Delay (ns):              0.148
  Slack (ns):              0.072
  Arrival (ns):            5.962
  Required (ns):           5.890
  Operating Conditions: fast_hv_lt

Path 38
  From: PF_DDR4_SS_0/MSC_i_0/MSC_i_1/MSC_i_8/MSC_i_10/awaddr_r1[9]:CLK
  To:   PF_DDR4_SS_0/MSC_i_0/MSC_i_1/MSC_i_8/MSC_i_10/wr_cmd_wr_data[9]:D
  Delay (ns):              0.148
  Slack (ns):              0.072
  Arrival (ns):            5.954
  Required (ns):           5.882
  Operating Conditions: fast_hv_lt

Path 39
  From: PF_DDR4_SS_0/MSC_i_0/MSC_i_1/MSC_i_8/MSC_i_10/araddr_r1[22]:CLK
  To:   PF_DDR4_SS_0/MSC_i_0/MSC_i_1/MSC_i_8/MSC_i_10/rd_cmd_wr_data[22]:D
  Delay (ns):              0.148
  Slack (ns):              0.072
  Arrival (ns):            5.959
  Required (ns):           5.887
  Operating Conditions: fast_hv_lt

Path 40
  From: PF_DDR4_SS_0/DDRPHY_BLK_0/IOD_TRAINING_0/COREDDR_TIP_INT_U/u_register_bank/pipelined_generate_block.IOG_DQ_TXDATA_OUT[124]:CLK
  To:   PF_DDR4_SS_0/DDRPHY_BLK_0/IOD_TRAINING_0/COREDDR_TIP_INT_U/TIP_CTRL_BLK/PHY_SIG_MOD/iog_dq_txdata_in_reg[124]:D
  Delay (ns):              0.149
  Slack (ns):              0.072
  Arrival (ns):            5.953
  Required (ns):           5.881
  Operating Conditions: fast_hv_lt

Path 41
  From: CoreDMA_IO_CTRL_0/UART_SD_0/cmd_ctrlr_0/clk_count1[18]:CLK
  To:   CoreDMA_IO_CTRL_0/UART_SD_0/cmd_ctrlr_0/clk_cnt[2][2]:D
  Delay (ns):              0.148
  Slack (ns):              0.072
  Arrival (ns):            5.946
  Required (ns):           5.874
  Operating Conditions: fast_hv_lt

Path 42
  From: CoreDMA_IO_CTRL_0/UART_SD_0/cmd_ctrlr_0/clk_count1[16]:CLK
  To:   CoreDMA_IO_CTRL_0/UART_SD_0/cmd_ctrlr_0/clk_cnt[2][0]:D
  Delay (ns):              0.148
  Slack (ns):              0.072
  Arrival (ns):            5.946
  Required (ns):           5.874
  Operating Conditions: fast_hv_lt

Path 43
  From: CoreDMA_IO_CTRL_0/UART_SD_0/cmd_ctrlr_0/clk_count1[15]:CLK
  To:   CoreDMA_IO_CTRL_0/UART_SD_0/cmd_ctrlr_0/clk_cnt[1][7]:D
  Delay (ns):              0.150
  Slack (ns):              0.072
  Arrival (ns):            5.948
  Required (ns):           5.876
  Operating Conditions: fast_hv_lt

Path 44
  From: system_top_0/counter_2[32]:CLK
  To:   system_top_0/counter_2[33]:D
  Delay (ns):              0.150
  Slack (ns):              0.073
  Arrival (ns):            2.007
  Required (ns):           1.934
  Operating Conditions: fast_hv_lt

Path 45
  From: PF_DDR4_SS_0/MSC_i_0/MSC_i_1/MSC_i_8/MSC_i_140/MSC_i_141/MSC_i_161/data_shifter_gen[19].data_shifter[19][0]:CLK
  To:   PF_DDR4_SS_0/MSC_i_0/MSC_i_1/MSC_i_8/MSC_i_140/MSC_i_141/MSC_i_161/data_shifter_gen[18].data_shifter[18][0]:D
  Delay (ns):              0.150
  Slack (ns):              0.073
  Arrival (ns):            5.964
  Required (ns):           5.891
  Operating Conditions: fast_hv_lt

Path 46
  From: PF_DDR4_SS_0/MSC_i_0/MSC_i_1/MSC_i_8/MSC_i_10/wr_data_packed[79]:CLK
  To:   PF_DDR4_SS_0/MSC_i_0/MSC_i_1/MSC_i_8/MSC_i_10/wr_data_fifo_wr_data[79]:D
  Delay (ns):              0.151
  Slack (ns):              0.073
  Arrival (ns):            5.950
  Required (ns):           5.877
  Operating Conditions: fast_hv_lt

Path 47
  From: PF_DDR4_SS_0/MSC_i_0/MSC_i_1/MSC_i_8/MSC_i_10/araddr_r1[19]:CLK
  To:   PF_DDR4_SS_0/MSC_i_0/MSC_i_1/MSC_i_8/MSC_i_10/rd_cmd_wr_data[19]:D
  Delay (ns):              0.149
  Slack (ns):              0.073
  Arrival (ns):            5.960
  Required (ns):           5.887
  Operating Conditions: fast_hv_lt

Path 48
  From: PF_DDR4_SS_0/DDRPHY_BLK_0/IOD_TRAINING_0/COREDDR_TIP_INT_U/TIP_CTRL_BLK/LEVELLING/IOG_IF/move_int[3]:CLK
  To:   PF_DDR4_SS_0/DDRPHY_BLK_0/IOD_TRAINING_0/COREDDR_TIP_INT_U/MOVE[3]:D
  Delay (ns):              0.150
  Slack (ns):              0.073
  Arrival (ns):            5.939
  Required (ns):           5.866
  Operating Conditions: fast_hv_lt

Path 49
  From: AXI4_Interconnect_0/AXI4_Interconnect_0/SlvConvertor_loop[4].slvcnv/rgsl/genblk1.awrs/sDat[48]:CLK
  To:   PF_DDR4_SS_0/MSC_i_0/MSC_i_1/MSC_i_8/MSC_i_10/awaddr_r1[17]:D
  Delay (ns):              0.149
  Slack (ns):              0.073
  Arrival (ns):            5.959
  Required (ns):           5.886
  Operating Conditions: fast_hv_lt

Path 50
  From: PF_DDR4_SS_0/MSC_i_0/MSC_i_1/MSC_i_8/MSC_i_273/dfi_address_r2[12]:CLK
  To:   PF_DDR4_SS_0/DDRPHY_BLK_0/IOD_TRAINING_0/COREDDR_TIP_INT_U/u_register_bank/pipelined_generate_block.DFI_ADDRESS_P0_OUT[12]:D
  Delay (ns):              0.150
  Slack (ns):              0.074
  Arrival (ns):            5.957
  Required (ns):           5.883
  Operating Conditions: fast_hv_lt

Path 51
  From: PF_DDR4_SS_0/MSC_i_0/MSC_i_1/MSC_i_8/MSC_i_140/MSC_i_141/MSC_i_157/data_shifter_gen[37].data_shifter[37][0]:CLK
  To:   PF_DDR4_SS_0/MSC_i_0/MSC_i_1/MSC_i_8/MSC_i_140/MSC_i_141/MSC_i_157/data_shifter_gen[36].data_shifter[36][0]:D
  Delay (ns):              0.150
  Slack (ns):              0.074
  Arrival (ns):            5.963
  Required (ns):           5.889
  Operating Conditions: fast_hv_lt

Path 52
  From: PF_DDR4_SS_0/MSC_i_0/MSC_i_1/MSC_i_8/MSC_i_140/MSC_i_141/MSC_i_156/lat_n0.resettable.data_shifter_2_[121]:CLK
  To:   PF_DDR4_SS_0/MSC_i_0/MSC_i_1/MSC_i_8/MSC_i_273/dfi_address_r1[11]:D
  Delay (ns):              0.151
  Slack (ns):              0.074
  Arrival (ns):            5.960
  Required (ns):           5.886
  Operating Conditions: fast_hv_lt

Path 53
  From: PF_DDR4_SS_0/MSC_i_0/MSC_i_1/MSC_i_8/MSC_i_10/araddr_r1[27]:CLK
  To:   PF_DDR4_SS_0/MSC_i_0/MSC_i_1/MSC_i_8/MSC_i_10/rd_cmd_wr_data[27]:D
  Delay (ns):              0.151
  Slack (ns):              0.074
  Arrival (ns):            5.961
  Required (ns):           5.887
  Operating Conditions: fast_hv_lt

Path 54
  From: PF_DDR4_SS_0/MSC_i_0/MSC_i_1/MSC_i_8/MSC_i_10/araddr_r1[16]:CLK
  To:   PF_DDR4_SS_0/MSC_i_0/MSC_i_1/MSC_i_8/MSC_i_10/rd_cmd_wr_data[16]:D
  Delay (ns):              0.150
  Slack (ns):              0.074
  Arrival (ns):            5.961
  Required (ns):           5.887
  Operating Conditions: fast_hv_lt

Path 55
  From: PF_DDR4_SS_0/MSC_i_0/MSC_i_1/MSC_i_8/MSC_i_10/MSC_i_75/MSC_i_76/MSC_i_92/din_gray_r[8]:CLK
  To:   PF_DDR4_SS_0/MSC_i_0/MSC_i_1/MSC_i_8/MSC_i_10/MSC_i_75/MSC_i_76/MSC_i_92/MSC_i_94/MSC_i_98/s0:D
  Delay (ns):              0.189
  Slack (ns):              0.074
  Arrival (ns):            5.994
  Required (ns):           5.920
  Operating Conditions: fast_hv_lt

Path 56
  From: PF_DDR4_SS_0/MSC_i_0/MSC_i_1/MSC_i_8/MSC_i_10/MSC_i_75/MSC_i_76/MSC_i_92/din_gray_r[6]:CLK
  To:   PF_DDR4_SS_0/MSC_i_0/MSC_i_1/MSC_i_8/MSC_i_10/MSC_i_75/MSC_i_76/MSC_i_92/MSC_i_94/MSC_i_104/s0:D
  Delay (ns):              0.150
  Slack (ns):              0.074
  Arrival (ns):            5.956
  Required (ns):           5.882
  Operating Conditions: fast_hv_lt

Path 57
  From: PF_DDR4_SS_0/MSC_i_0/MSC_i_1/MSC_i_8/MSC_i_10/MSC_i_23/MSC_i_24/MSC_i_26/MSC_i_28/MSC_i_35/s0:CLK
  To:   PF_DDR4_SS_0/MSC_i_0/MSC_i_1/MSC_i_8/MSC_i_10/MSC_i_23/MSC_i_24/MSC_i_26/MSC_i_28/MSC_i_35/s1:D
  Delay (ns):              0.150
  Slack (ns):              0.074
  Arrival (ns):            5.969
  Required (ns):           5.895
  Operating Conditions: fast_hv_lt

Path 58
  From: PF_DDR4_SS_0/DDRPHY_BLK_0/IOD_TRAINING_0/COREDDR_TIP_INT_U/TIP_CTRL_BLK/LEVELLING/IOG_IF/APB_IOG_CTRL_SM/load:CLK
  To:   PF_DDR4_SS_0/DDRPHY_BLK_0/IOD_TRAINING_0/COREDDR_TIP_INT_U/TIP_CTRL_BLK/LEVELLING/IOG_IF/APB_IOG_CTRL_SM/load_out[0]:D
  Delay (ns):              0.152
  Slack (ns):              0.074
  Arrival (ns):            5.939
  Required (ns):           5.865
  Operating Conditions: fast_hv_lt

Path 59
  From: AXI4_Interconnect_0/AXI4_Interconnect_0/SlvConvertor_loop[0].slvcnv/slvCDC/genblk1.cdc_AWChan/wrPtr_s1[1]:CLK
  To:   AXI4_Interconnect_0/AXI4_Interconnect_0/SlvConvertor_loop[0].slvcnv/slvCDC/genblk1.cdc_AWChan/wrPtr_s2[1]:D
  Delay (ns):              0.148
  Slack (ns):              0.074
  Arrival (ns):            2.027
  Required (ns):           1.953
  Operating Conditions: fast_hv_lt

Path 60
  From: PF_DDR4_SS_0/MSC_i_0/MSC_i_1/MSC_i_8/MSC_i_273/dfi_reset_n_r1:CLK
  To:   PF_DDR4_SS_0/DDRPHY_BLK_0/IOD_TRAINING_0/COREDDR_TIP_INT_U/u_register_bank/pipelined_generate_block.DFI_RESET_N_P2_OUT:D
  Delay (ns):              0.152
  Slack (ns):              0.075
  Arrival (ns):            5.962
  Required (ns):           5.887
  Operating Conditions: fast_hv_lt

Path 61
  From: PF_DDR4_SS_0/MSC_i_0/MSC_i_1/MSC_i_8/MSC_i_273/dfi_odt_p3_r2[0]:CLK
  To:   PF_DDR4_SS_0/DDRPHY_BLK_0/IOD_TRAINING_0/COREDDR_TIP_INT_U/u_register_bank/pipelined_generate_block.DFI_ODT_P2_OUT:D
  Delay (ns):              0.151
  Slack (ns):              0.075
  Arrival (ns):            5.952
  Required (ns):           5.877
  Operating Conditions: fast_hv_lt

Path 62
  From: PF_DDR4_SS_0/MSC_i_0/MSC_i_1/MSC_i_8/MSC_i_273/dfi_odt_p0_r1[0]:CLK
  To:   PF_DDR4_SS_0/DDRPHY_BLK_0/IOD_TRAINING_0/COREDDR_TIP_INT_U/u_register_bank/pipelined_generate_block.DFI_ODT_P3_OUT:D
  Delay (ns):              0.151
  Slack (ns):              0.075
  Arrival (ns):            5.952
  Required (ns):           5.877
  Operating Conditions: fast_hv_lt

Path 63
  From: PF_DDR4_SS_0/MSC_i_0/MSC_i_1/MSC_i_8/MSC_i_273/dfi_cas_n_r1:CLK
  To:   PF_DDR4_SS_0/DDRPHY_BLK_0/IOD_TRAINING_0/COREDDR_TIP_INT_U/u_register_bank/pipelined_generate_block.DFI_CAS_N_P3_OUT:D
  Delay (ns):              0.152
  Slack (ns):              0.075
  Arrival (ns):            5.960
  Required (ns):           5.885
  Operating Conditions: fast_hv_lt

Path 64
  From: PF_DDR4_SS_0/MSC_i_0/MSC_i_1/MSC_i_8/MSC_i_273/dfi_address_r1[8]:CLK
  To:   PF_DDR4_SS_0/DDRPHY_BLK_0/IOD_TRAINING_0/COREDDR_TIP_INT_U/u_register_bank/pipelined_generate_block.DFI_ADDRESS_P1_OUT[8]:D
  Delay (ns):              0.152
  Slack (ns):              0.075
  Arrival (ns):            5.961
  Required (ns):           5.886
  Operating Conditions: fast_hv_lt

Path 65
  From: PF_DDR4_SS_0/MSC_i_0/MSC_i_1/MSC_i_8/MSC_i_169/gen_fr4.DFI_WRDATA_ALIGN_eq_0.dfi_wrdata_p2_po_r1[26]:CLK
  To:   PF_DDR4_SS_0/MSC_i_0/MSC_i_1/MSC_i_8/MSC_i_272/data_shifter_gen[1].data_shifter[1][98]:D
  Delay (ns):              0.152
  Slack (ns):              0.075
  Arrival (ns):            5.939
  Required (ns):           5.864
  Operating Conditions: fast_hv_lt

Path 66
  From: PF_DDR4_SS_0/MSC_i_0/MSC_i_1/MSC_i_8/MSC_i_140/MSC_i_141/MSC_i_157/data_shifter_gen[26].data_shifter[26][0]:CLK
  To:   PF_DDR4_SS_0/MSC_i_0/MSC_i_1/MSC_i_8/MSC_i_140/MSC_i_141/MSC_i_157/data_shifter_gen[25].data_shifter[25][0]:D
  Delay (ns):              0.151
  Slack (ns):              0.075
  Arrival (ns):            5.965
  Required (ns):           5.890
  Operating Conditions: fast_hv_lt

Path 67
  From: PF_DDR4_SS_0/MSC_i_0/MSC_i_1/MSC_i_8/MSC_i_140/MSC_i_141/MSC_i_157/data_shifter_gen[12].data_shifter[12][0]:CLK
  To:   PF_DDR4_SS_0/MSC_i_0/MSC_i_1/MSC_i_8/MSC_i_140/MSC_i_141/MSC_i_157/data_shifter_gen[11].data_shifter[11][0]:D
  Delay (ns):              0.151
  Slack (ns):              0.075
  Arrival (ns):            5.967
  Required (ns):           5.892
  Operating Conditions: fast_hv_lt

Path 68
  From: PF_DDR4_SS_0/MSC_i_0/MSC_i_1/MSC_i_8/MSC_i_140/MSC_i_141/MSC_i_156/lat_n0.resettable.data_shifter_1_[122]:CLK
  To:   PF_DDR4_SS_0/MSC_i_0/MSC_i_1/MSC_i_8/MSC_i_140/MSC_i_141/MSC_i_156/lat_n0.resettable.data_shifter_2_[122]:D
  Delay (ns):              0.151
  Slack (ns):              0.075
  Arrival (ns):            5.958
  Required (ns):           5.883
  Operating Conditions: fast_hv_lt

Path 69
  From: PF_DDR4_SS_0/MSC_i_0/MSC_i_1/MSC_i_8/MSC_i_140/MSC_i_141/MSC_i_156/lat_n0.resettable.data_shifter_1_[119]:CLK
  To:   PF_DDR4_SS_0/MSC_i_0/MSC_i_1/MSC_i_8/MSC_i_140/MSC_i_141/MSC_i_156/lat_n0.resettable.data_shifter_2_[119]:D
  Delay (ns):              0.151
  Slack (ns):              0.075
  Arrival (ns):            5.960
  Required (ns):           5.885
  Operating Conditions: fast_hv_lt

Path 70
  From: PF_DDR4_SS_0/MSC_i_0/MSC_i_1/MSC_i_8/MSC_i_10/cmd_fifo_wr_data_reg1[90]:CLK
  To:   PF_DDR4_SS_0/MSC_i_0/MSC_i_1/MSC_i_8/MSC_i_10/cmd_fifo_wr_data_reg2[90]:D
  Delay (ns):              0.192
  Slack (ns):              0.075
  Arrival (ns):            6.000
  Required (ns):           5.925
  Operating Conditions: fast_hv_lt

Path 71
  From: PF_DDR4_SS_0/MSC_i_0/MSC_i_1/MSC_i_8/MSC_i_10/awaddr_r1[6]:CLK
  To:   PF_DDR4_SS_0/MSC_i_0/MSC_i_1/MSC_i_8/MSC_i_10/wr_cmd_wr_data[6]:D
  Delay (ns):              0.152
  Slack (ns):              0.075
  Arrival (ns):            5.957
  Required (ns):           5.882
  Operating Conditions: fast_hv_lt

Path 72
  From: PF_DDR4_SS_0/MSC_i_0/MSC_i_1/MSC_i_8/MSC_i_10/MSC_i_75/MSC_i_76/MSC_i_92/MSC_i_94/MSC_i_95/s0:CLK
  To:   PF_DDR4_SS_0/MSC_i_0/MSC_i_1/MSC_i_8/MSC_i_10/MSC_i_75/MSC_i_76/MSC_i_92/MSC_i_94/MSC_i_95/s1:D
  Delay (ns):              0.151
  Slack (ns):              0.075
  Arrival (ns):            5.955
  Required (ns):           5.880
  Operating Conditions: fast_hv_lt

Path 73
  From: CoreDMA_IO_CTRL_0/CoreDMA_Controller_0/CoreDMA_Controller_0/CAXI4DMAO0IOI/CAXI4DMAll1II[9]:CLK
  To:   CoreDMA_IO_CTRL_0/CoreDMA_Controller_0/CoreDMA_Controller_0/CAXI4DMAO0IOI/CAXI4DMAll1II[13]:D
  Delay (ns):              0.151
  Slack (ns):              0.075
  Arrival (ns):            5.922
  Required (ns):           5.847
  Operating Conditions: fast_hv_lt

Path 74
  From: PF_DDR4_SS_0/MSC_i_0/MSC_i_1/MSC_i_8/MSC_i_273/dfi_cas_n_r2:CLK
  To:   PF_DDR4_SS_0/DDRPHY_BLK_0/IOD_TRAINING_0/COREDDR_TIP_INT_U/u_register_bank/pipelined_generate_block.DFI_CAS_N_P0_OUT:D
  Delay (ns):              0.153
  Slack (ns):              0.076
  Arrival (ns):            5.961
  Required (ns):           5.885
  Operating Conditions: fast_hv_lt

Path 75
  From: PF_DDR4_SS_0/MSC_i_0/MSC_i_1/MSC_i_8/MSC_i_273/dfi_bank_r2[2]:CLK
  To:   PF_DDR4_SS_0/DDRPHY_BLK_0/IOD_TRAINING_0/COREDDR_TIP_INT_U/u_register_bank/pipelined_generate_block.DFI_BG_P0_OUT[0]:D
  Delay (ns):              0.151
  Slack (ns):              0.076
  Arrival (ns):            5.952
  Required (ns):           5.876
  Operating Conditions: fast_hv_lt

Path 76
  From: PF_DDR4_SS_0/MSC_i_0/MSC_i_1/MSC_i_8/MSC_i_273/dfi_address_r1[9]:CLK
  To:   PF_DDR4_SS_0/MSC_i_0/MSC_i_1/MSC_i_8/MSC_i_273/dfi_address_r2[9]:D
  Delay (ns):              0.152
  Slack (ns):              0.076
  Arrival (ns):            5.961
  Required (ns):           5.885
  Operating Conditions: fast_hv_lt

Path 77
  From: PF_DDR4_SS_0/MSC_i_0/MSC_i_1/MSC_i_8/MSC_i_273/dfi_address_r1[7]:CLK
  To:   PF_DDR4_SS_0/MSC_i_0/MSC_i_1/MSC_i_8/MSC_i_273/dfi_address_r2[7]:D
  Delay (ns):              0.152
  Slack (ns):              0.076
  Arrival (ns):            5.964
  Required (ns):           5.888
  Operating Conditions: fast_hv_lt

Path 78
  From: PF_DDR4_SS_0/MSC_i_0/MSC_i_1/MSC_i_8/MSC_i_169/MSC_i_212/fr4.dfi_in_p3_r:CLK
  To:   PF_DDR4_SS_0/MSC_i_0/MSC_i_1/MSC_i_8/MSC_i_272/data_shifter_gen[1].data_shifter[1][124]:D
  Delay (ns):              0.152
  Slack (ns):              0.076
  Arrival (ns):            5.950
  Required (ns):           5.874
  Operating Conditions: fast_hv_lt

Path 79
  From: PF_DDR4_SS_0/MSC_i_0/MSC_i_1/MSC_i_8/MSC_i_140/MSC_i_141/r_valid_sh[1]:CLK
  To:   PF_DDR4_SS_0/MSC_i_0/MSC_i_1/MSC_i_8/MSC_i_140/MSC_i_141/r_valid_sh[2]:D
  Delay (ns):              0.152
  Slack (ns):              0.076
  Arrival (ns):            5.964
  Required (ns):           5.888
  Operating Conditions: fast_hv_lt

Path 80
  From: PF_DDR4_SS_0/MSC_i_0/MSC_i_1/MSC_i_8/MSC_i_140/MSC_i_141/MSC_i_156/lat_n0.resettable.data_shifter_2_[108]:CLK
  To:   PF_DDR4_SS_0/MSC_i_0/MSC_i_1/MSC_i_8/MSC_i_273/dfi_bank_r1[2]:D
  Delay (ns):              0.151
  Slack (ns):              0.076
  Arrival (ns):            5.952
  Required (ns):           5.876
  Operating Conditions: fast_hv_lt

Path 81
  From: PF_DDR4_SS_0/MSC_i_0/MSC_i_1/MSC_i_8/MSC_i_10/cmd_fifo_wr_data_reg2[69]:CLK
  To:   PF_DDR4_SS_0/MSC_i_0/MSC_i_1/MSC_i_8/MSC_i_10/cmd_fifo_wr_data_reg3[69]:D
  Delay (ns):              0.241
  Slack (ns):              0.076
  Arrival (ns):            6.050
  Required (ns):           5.974
  Operating Conditions: fast_hv_lt

Path 82
  From: PF_DDR4_SS_0/MSC_i_0/MSC_i_1/MSC_i_8/MSC_i_10/cmd_fifo_wr_data_reg1[11]:CLK
  To:   PF_DDR4_SS_0/MSC_i_0/MSC_i_1/MSC_i_8/MSC_i_10/cmd_fifo_wr_data_reg2[11]:D
  Delay (ns):              0.153
  Slack (ns):              0.076
  Arrival (ns):            5.957
  Required (ns):           5.881
  Operating Conditions: fast_hv_lt

Path 83
  From: PF_DDR4_SS_0/MSC_i_0/MSC_i_1/MSC_i_8/MSC_i_10/MSC_i_23/MSC_i_24/MSC_i_26/din_gray_r[2]:CLK
  To:   PF_DDR4_SS_0/MSC_i_0/MSC_i_1/MSC_i_8/MSC_i_10/MSC_i_23/MSC_i_24/MSC_i_26/MSC_i_28/MSC_i_33/s0:D
  Delay (ns):              0.152
  Slack (ns):              0.076
  Arrival (ns):            5.971
  Required (ns):           5.895
  Operating Conditions: fast_hv_lt

Path 84
  From: PF_DDR4_SS_0/MSC_i_0/MSC_i_1/MSC_i_8/MSC_i_10/MSC_i_107/MSC_i_108/MSC_i_110/din_gray_r[8]:CLK
  To:   PF_DDR4_SS_0/MSC_i_0/MSC_i_1/MSC_i_8/MSC_i_10/MSC_i_107/MSC_i_108/MSC_i_110/MSC_i_112/MSC_i_116/s0:D
  Delay (ns):              0.152
  Slack (ns):              0.076
  Arrival (ns):            5.957
  Required (ns):           5.881
  Operating Conditions: fast_hv_lt

Path 85
  From: PF_DDR4_SS_0/DDRPHY_BLK_0/IOD_TRAINING_0/COREDDR_TIP_INT_U/u_register_bank/pipelined_generate_block.IOG_DQ_TXDATA_OUT[92]:CLK
  To:   PF_DDR4_SS_0/DDRPHY_BLK_0/IOD_TRAINING_0/COREDDR_TIP_INT_U/TIP_CTRL_BLK/PHY_SIG_MOD/iog_dq_txdata_in_reg[92]:D
  Delay (ns):              0.153
  Slack (ns):              0.076
  Arrival (ns):            5.942
  Required (ns):           5.866
  Operating Conditions: fast_hv_lt

Path 86
  From: PF_DDR4_SS_0/DDRPHY_BLK_0/IOD_TRAINING_0/COREDDR_TIP_INT_U/u_register_bank/pipelined_generate_block.IOG_DQ_TXDATA_OUT[117]:CLK
  To:   PF_DDR4_SS_0/DDRPHY_BLK_0/IOD_TRAINING_0/COREDDR_TIP_INT_U/TIP_CTRL_BLK/PHY_SIG_MOD/iog_dq_txdata_in_reg[117]:D
  Delay (ns):              0.152
  Slack (ns):              0.076
  Arrival (ns):            5.931
  Required (ns):           5.855
  Operating Conditions: fast_hv_lt

Path 87
  From: PF_DDR4_SS_0/DDRPHY_BLK_0/IOD_TRAINING_0/COREDDR_TIP_INT_U/TIP_CTRL_BLK/LEVELLING/RDLVL/RDLVL_SMS/genblk1[1].RDLVL_TRAIN/gate_training/visual_gate_training_current[1]:CLK
  To:   PF_DDR4_SS_0/DDRPHY_BLK_0/IOD_TRAINING_0/COREDDR_TIP_INT_U/TIP_CTRL_BLK/LEVELLING/RDLVL/RDLVL_SMS/genblk1[1].RDLVL_TRAIN/gate_training/steps_180_answer[1]:SLn
  Delay (ns):              0.217
  Slack (ns):              0.076
  Arrival (ns):            5.996
  Required (ns):           5.920
  Operating Conditions: fast_hv_lt

Path 88
  From: PF_DDR4_SS_0/DDRPHY_BLK_0/IOD_TRAINING_0/COREDDR_TIP_INT_U/TIP_CTRL_BLK/LEVELLING/RDLVL/RDLVL_SMS/genblk1[1].RDLVL_TRAIN/gate_training/visual_gate_training_current[1]:CLK
  To:   PF_DDR4_SS_0/DDRPHY_BLK_0/IOD_TRAINING_0/COREDDR_TIP_INT_U/TIP_CTRL_BLK/LEVELLING/RDLVL/RDLVL_SMS/genblk1[1].RDLVL_TRAIN/gate_training/steps_180_answer[0]:SLn
  Delay (ns):              0.217
  Slack (ns):              0.076
  Arrival (ns):            5.996
  Required (ns):           5.920
  Operating Conditions: fast_hv_lt

Path 89
  From: PF_DDR4_SS_0/DDRPHY_BLK_0/IOD_TRAINING_0/COREDDR_TIP_INT_U/TIP_CTRL_BLK/LEVELLING/IOG_IF/move_int[10]:CLK
  To:   PF_DDR4_SS_0/DDRPHY_BLK_0/IOD_TRAINING_0/COREDDR_TIP_INT_U/MOVE[10]:D
  Delay (ns):              0.152
  Slack (ns):              0.076
  Arrival (ns):            5.920
  Required (ns):           5.844
  Operating Conditions: fast_hv_lt

Path 90
  From: PF_DDR4_SS_0/DDRPHY_BLK_0/IOD_TRAINING_0/COREDDR_TIP_INT_U/LANE_ALIGNMENT/dfi_rddata[109]:CLK
  To:   PF_DDR4_SS_0/MSC_i_0/MSC_i_1/dfi_rddata_w3_i[13]:D
  Delay (ns):              0.150
  Slack (ns):              0.076
  Arrival (ns):            5.928
  Required (ns):           5.852
  Operating Conditions: fast_hv_lt

Path 91
  From: CoreDMA_IO_CTRL_0/UART_SD_0/cmd_ctrlr_0/clk_count1[9]:CLK
  To:   CoreDMA_IO_CTRL_0/UART_SD_0/cmd_ctrlr_0/clk_cnt[1][1]:D
  Delay (ns):              0.152
  Slack (ns):              0.076
  Arrival (ns):            5.963
  Required (ns):           5.887
  Operating Conditions: fast_hv_lt

Path 92
  From: AXI4_Interconnect_0/AXI4_Interconnect_0/SlvConvertor_loop[0].slvcnv/rgsl/genblk1.awrs/holdDat[38]:CLK
  To:   AXI4_Interconnect_0/AXI4_Interconnect_0/SlvConvertor_loop[0].slvcnv/rgsl/genblk1.awrs/sDat[38]:D
  Delay (ns):              0.241
  Slack (ns):              0.076
  Arrival (ns):            6.046
  Required (ns):           5.970
  Operating Conditions: fast_hv_lt

Path 93
  From: PF_DDR4_SS_0/MSC_i_0/MSC_i_1/MSC_i_8/MSC_i_10/cmd_fifo_wr_data_reg3[90]:CLK
  To:   PF_DDR4_SS_0/MSC_i_0/MSC_i_1/MSC_i_8/MSC_i_10/cmd_fifo_wr_data_reg4[90]:D
  Delay (ns):              0.242
  Slack (ns):              0.077
  Arrival (ns):            6.050
  Required (ns):           5.973
  Operating Conditions: fast_hv_lt

Path 94
  From: PF_DDR4_SS_0/MSC_i_0/MSC_i_1/MSC_i_8/MSC_i_10/MSC_i_53/MSC_i_54/MSC_i_56/din_gray_r[2]:CLK
  To:   PF_DDR4_SS_0/MSC_i_0/MSC_i_1/MSC_i_8/MSC_i_10/MSC_i_53/MSC_i_54/MSC_i_56/MSC_i_58/MSC_i_61/s0:D
  Delay (ns):              0.151
  Slack (ns):              0.077
  Arrival (ns):            5.980
  Required (ns):           5.903
  Operating Conditions: fast_hv_lt

Path 95
  From: PF_DDR4_SS_0/DDRPHY_BLK_0/IOD_TRAINING_0/COREDDR_TIP_INT_U/u_register_bank/pipelined_generate_block.IOG_DQ_TXDATA_OUT[15]:CLK
  To:   PF_DDR4_SS_0/DDRPHY_BLK_0/IOD_TRAINING_0/COREDDR_TIP_INT_U/TIP_CTRL_BLK/PHY_SIG_MOD/iog_dq_txdata_in_reg[15]:D
  Delay (ns):              0.154
  Slack (ns):              0.077
  Arrival (ns):            5.958
  Required (ns):           5.881
  Operating Conditions: fast_hv_lt

Path 96
  From: PF_DDR4_SS_0/DDRPHY_BLK_0/IOD_TRAINING_0/COREDDR_TIP_INT_U/TIP_CTRL_BLK/LEVELLING/RDLVL/RDLVL_SMS/genblk1[1].RDLVL_TRAIN/gate_training/visual_gate_training_current[1]:CLK
  To:   PF_DDR4_SS_0/DDRPHY_BLK_0/IOD_TRAINING_0/COREDDR_TIP_INT_U/TIP_CTRL_BLK/LEVELLING/RDLVL/RDLVL_SMS/genblk1[1].RDLVL_TRAIN/gate_training/steps_180_answer[3]:SLn
  Delay (ns):              0.217
  Slack (ns):              0.077
  Arrival (ns):            5.996
  Required (ns):           5.919
  Operating Conditions: fast_hv_lt

Path 97
  From: PF_DDR4_SS_0/DDRPHY_BLK_0/IOD_TRAINING_0/COREDDR_TIP_INT_U/TIP_CTRL_BLK/LEVELLING/RDLVL/RDLVL_SMS/genblk1[1].RDLVL_TRAIN/gate_training/visual_gate_training_current[1]:CLK
  To:   PF_DDR4_SS_0/DDRPHY_BLK_0/IOD_TRAINING_0/COREDDR_TIP_INT_U/TIP_CTRL_BLK/LEVELLING/RDLVL/RDLVL_SMS/genblk1[1].RDLVL_TRAIN/gate_training/steps_180_answer[2]:SLn
  Delay (ns):              0.218
  Slack (ns):              0.077
  Arrival (ns):            5.997
  Required (ns):           5.920
  Operating Conditions: fast_hv_lt

Path 98
  From: PF_DDR4_SS_0/DDRPHY_BLK_0/IOD_TRAINING_0/COREDDR_TIP_INT_U/TIP_CTRL_BLK/LEVELLING/IOG_IF/move_int[1]:CLK
  To:   PF_DDR4_SS_0/DDRPHY_BLK_0/IOD_TRAINING_0/COREDDR_TIP_INT_U/MOVE[1]:D
  Delay (ns):              0.154
  Slack (ns):              0.077
  Arrival (ns):            5.929
  Required (ns):           5.852
  Operating Conditions: fast_hv_lt

Path 99
  From: CoreDMA_IO_CTRL_0/UART_SD_0/cmd_ctrlr_0/clk_count2[18]:CLK
  To:   CoreDMA_IO_CTRL_0/UART_SD_0/cmd_ctrlr_0/clk_cnt[6][2]:D
  Delay (ns):              0.154
  Slack (ns):              0.077
  Arrival (ns):            5.951
  Required (ns):           5.874
  Operating Conditions: fast_hv_lt

Path 100
  From: AXI4_Interconnect_0/AXI4_Interconnect_0/SlvConvertor_loop[1].slvcnv/rgsl/genblk2.arrs/sDat[40]:CLK
  To:   CoreDMA_IO_CTRL_0/axi_io_ctrl_0/raddr_int[6]:D
  Delay (ns):              0.154
  Slack (ns):              0.077
  Arrival (ns):            5.961
  Required (ns):           5.884
  Operating Conditions: fast_hv_lt

