Timing Violation Report Min Delay Analysis

SmartTime Version v12.6
Microsemi Corporation - Microsemi Libero Software Release v12.6 (Version 12.900.20.24)
Date: Wed May  5 10:57:25 2021


Design: top
Family: PolarFire
Die: MPF300TS
Package: FCVG484
Temperature Range: -40 - 100 C
Voltage Range: 0.97 - 1.03 V
Speed Grade: -1
Design State: Post-Layout
Data source: Production
Multi Corner Report Operating Conditions: slow_lv_ht, slow_lv_lt, fast_hv_lt
Scenario for Timing Analysis: timing_analysis


*** IMPORTANT RECOMMENDATION *** If you haven't done so, it is highly recommended to add clock jitter information for each clock domain into Libero SoC through clock uncertainty SDC timing constraints. Please refer to the Libero SoC v12.5 release notes for more details.

Path 1
  From: PF_DDR4_SS_0/MSC_i_0/MSC_i_1/MSC_i_8/MSC_i_10/wr_data_delay_fifo_rd_data_reg[18]:CLK
  To:   PF_DDR4_SS_0/MSC_i_0/MSC_i_1/MSC_i_8/MSC_i_10/wr_data_packed[82]:D
  Delay (ns):              0.188
  Slack (ns):              0.031
  Arrival (ns):            5.580
  Required (ns):           5.549
  Operating Conditions: fast_hv_lt

Path 2
  From: PF_DDR4_SS_0/MSC_i_0/MSC_i_1/MSC_i_8/MSC_i_10/MSC_i_107/MSC_i_108/MSC_i_124/din_gray_r[6]:CLK
  To:   PF_DDR4_SS_0/MSC_i_0/MSC_i_1/MSC_i_8/MSC_i_10/MSC_i_107/MSC_i_108/MSC_i_124/MSC_i_126/MSC_i_136/s0:D
  Delay (ns):              0.297
  Slack (ns):              0.035
  Arrival (ns):            8.046
  Required (ns):           8.011
  Operating Conditions: slow_lv_lt

Path 3
  From: PF_DDR4_SS_0/MSC_i_0/MSC_i_1/MSC_i_8/MSC_i_10/cmd_fifo_wr_data_reg2[15]:CLK
  To:   PF_DDR4_SS_0/MSC_i_0/MSC_i_1/MSC_i_8/MSC_i_10/cmd_fifo_wr_data_reg3[15]:D
  Delay (ns):              0.196
  Slack (ns):              0.037
  Arrival (ns):            5.609
  Required (ns):           5.572
  Operating Conditions: fast_hv_lt

Path 4
  From: PF_DDR4_SS_0/MSC_i_0/MSC_i_1/MSC_i_8/MSC_i_10/wr_data_delay_fifo_rd_data_reg_early[45]:CLK
  To:   PF_DDR4_SS_0/MSC_i_0/MSC_i_1/MSC_i_8/MSC_i_10/wr_data_delay_fifo_rd_data_reg[45]:D
  Delay (ns):              0.196
  Slack (ns):              0.038
  Arrival (ns):            5.594
  Required (ns):           5.556
  Operating Conditions: fast_hv_lt

Path 5
  From: PF_DDR4_SS_0/MSC_i_0/MSC_i_1/MSC_i_8/MSC_i_10/wr_data_delay_fifo_rd_data_reg_early[43]:CLK
  To:   PF_DDR4_SS_0/MSC_i_0/MSC_i_1/MSC_i_8/MSC_i_10/wr_data_delay_fifo_rd_data_reg[43]:D
  Delay (ns):              0.198
  Slack (ns):              0.039
  Arrival (ns):            5.596
  Required (ns):           5.557
  Operating Conditions: fast_hv_lt

Path 6
  From: PF_DDR4_SS_0/MSC_i_0/MSC_i_1/MSC_i_8/MSC_i_10/cmd_fifo_wr_data_reg2[20]:CLK
  To:   PF_DDR4_SS_0/MSC_i_0/MSC_i_1/MSC_i_8/MSC_i_10/cmd_fifo_wr_data_reg3[20]:D
  Delay (ns):              0.199
  Slack (ns):              0.039
  Arrival (ns):            5.612
  Required (ns):           5.573
  Operating Conditions: fast_hv_lt

Path 7
  From: PF_DDR4_SS_0/MSC_i_0/MSC_i_1/MSC_i_8/MSC_i_10/MSC_i_107/MSC_i_108/MSC_i_124/din_gray_r[7]:CLK
  To:   PF_DDR4_SS_0/MSC_i_0/MSC_i_1/MSC_i_8/MSC_i_10/MSC_i_107/MSC_i_108/MSC_i_124/MSC_i_126/MSC_i_128/s0:D
  Delay (ns):              0.195
  Slack (ns):              0.040
  Arrival (ns):            5.607
  Required (ns):           5.567
  Operating Conditions: fast_hv_lt

Path 8
  From: PF_DDR4_SS_0/MSC_i_0/MSC_i_1/MSC_i_8/MSC_i_10/wr_data_delay_fifo_rd_data_reg_early[24]:CLK
  To:   PF_DDR4_SS_0/MSC_i_0/MSC_i_1/MSC_i_8/MSC_i_10/wr_data_delay_fifo_rd_data_reg[24]:D
  Delay (ns):              0.200
  Slack (ns):              0.041
  Arrival (ns):            5.598
  Required (ns):           5.557
  Operating Conditions: fast_hv_lt

Path 9
  From: PF_DDR4_SS_0/MSC_i_0/MSC_i_1/MSC_i_8/MSC_i_10/wr_data_delay_fifo_rd_data_reg[21]:CLK
  To:   PF_DDR4_SS_0/MSC_i_0/MSC_i_1/MSC_i_8/MSC_i_10/wr_data_packed[85]:D
  Delay (ns):              0.198
  Slack (ns):              0.042
  Arrival (ns):            5.590
  Required (ns):           5.548
  Operating Conditions: fast_hv_lt

Path 10
  From: PF_DDR4_SS_0/MSC_i_0/MSC_i_1/MSC_i_8/MSC_i_10/wr_data_delay_fifo_rd_data_reg_early[28]:CLK
  To:   PF_DDR4_SS_0/MSC_i_0/MSC_i_1/MSC_i_8/MSC_i_10/wr_data_delay_fifo_rd_data_reg[28]:D
  Delay (ns):              0.201
  Slack (ns):              0.043
  Arrival (ns):            5.599
  Required (ns):           5.556
  Operating Conditions: fast_hv_lt

Path 11
  From: PF_DDR4_SS_0/MSC_i_0/MSC_i_1/MSC_i_8/MSC_i_10/wr_data_delay_fifo_rd_data_reg[17]:CLK
  To:   PF_DDR4_SS_0/MSC_i_0/MSC_i_1/MSC_i_8/MSC_i_10/wr_data_packed[81]:D
  Delay (ns):              0.199
  Slack (ns):              0.043
  Arrival (ns):            5.591
  Required (ns):           5.548
  Operating Conditions: fast_hv_lt

Path 12
  From: PF_DDR4_SS_0/MSC_i_0/MSC_i_1/MSC_i_8/MSC_i_10/wr_data_delay_fifo_rd_data_reg_early[47]:CLK
  To:   PF_DDR4_SS_0/MSC_i_0/MSC_i_1/MSC_i_8/MSC_i_10/wr_data_delay_fifo_rd_data_reg[47]:D
  Delay (ns):              0.203
  Slack (ns):              0.044
  Arrival (ns):            5.601
  Required (ns):           5.557
  Operating Conditions: fast_hv_lt

Path 13
  From: PF_DDR4_SS_0/MSC_i_0/MSC_i_1/MSC_i_8/MSC_i_10/wr_data_delay_fifo_rd_data_reg_early[25]:CLK
  To:   PF_DDR4_SS_0/MSC_i_0/MSC_i_1/MSC_i_8/MSC_i_10/wr_data_delay_fifo_rd_data_reg[25]:D
  Delay (ns):              0.202
  Slack (ns):              0.044
  Arrival (ns):            5.600
  Required (ns):           5.556
  Operating Conditions: fast_hv_lt

Path 14
  From: PF_DDR4_SS_0/MSC_i_0/MSC_i_1/MSC_i_8/MSC_i_10/wr_data_delay_fifo_rd_data_reg[20]:CLK
  To:   PF_DDR4_SS_0/MSC_i_0/MSC_i_1/MSC_i_8/MSC_i_10/wr_data_packed[84]:D
  Delay (ns):              0.202
  Slack (ns):              0.045
  Arrival (ns):            5.594
  Required (ns):           5.549
  Operating Conditions: fast_hv_lt

Path 15
  From: PF_DDR4_SS_0/MSC_i_0/MSC_i_1/MSC_i_8/MSC_i_10/MSC_i_107/MSC_i_108/MSC_i_124/MSC_i_126/MSC_i_135/s0:CLK
  To:   PF_DDR4_SS_0/MSC_i_0/MSC_i_1/MSC_i_8/MSC_i_10/MSC_i_107/MSC_i_108/MSC_i_124/MSC_i_126/MSC_i_135/s1:D
  Delay (ns):              0.203
  Slack (ns):              0.047
  Arrival (ns):            5.615
  Required (ns):           5.568
  Operating Conditions: fast_hv_lt

Path 16
  From: PF_DDR4_SS_0/MSC_i_0/MSC_i_1/MSC_i_8/MSC_i_10/wr_data_delay_fifo_rd_data_reg[40]:CLK
  To:   PF_DDR4_SS_0/MSC_i_0/MSC_i_1/MSC_i_8/MSC_i_10/wr_data_packed[104]:D
  Delay (ns):              0.204
  Slack (ns):              0.048
  Arrival (ns):            5.596
  Required (ns):           5.548
  Operating Conditions: fast_hv_lt

Path 17
  From: PF_DDR4_SS_0/MSC_i_0/MSC_i_1/MSC_i_8/MSC_i_10/wr_data_delay_fifo_rd_data_reg[37]:CLK
  To:   PF_DDR4_SS_0/MSC_i_0/MSC_i_1/MSC_i_8/MSC_i_10/wr_data_packed[101]:D
  Delay (ns):              0.205
  Slack (ns):              0.049
  Arrival (ns):            5.597
  Required (ns):           5.548
  Operating Conditions: fast_hv_lt

Path 18
  From: PF_DDR4_SS_0/MSC_i_0/MSC_i_1/MSC_i_8/MSC_i_10/cmd_fifo_wr_data_reg2[41]:CLK
  To:   PF_DDR4_SS_0/MSC_i_0/MSC_i_1/MSC_i_8/MSC_i_10/cmd_fifo_wr_data_reg3[41]:D
  Delay (ns):              0.184
  Slack (ns):              0.061
  Arrival (ns):            5.610
  Required (ns):           5.549
  Operating Conditions: fast_hv_lt

Path 19
  From: PF_DDR4_SS_0/MSC_i_0/MSC_i_1/MSC_i_8/MSC_i_273/dfi_ras_n_r2:CLK
  To:   PF_DDR4_SS_0/DDRPHY_BLK_0/IOD_TRAINING_0/COREDDR_TIP_INT_U/u_register_bank/pipelined_generate_block.DFI_RAS_N_P0_OUT:D
  Delay (ns):              0.143
  Slack (ns):              0.068
  Arrival (ns):            5.553
  Required (ns):           5.485
  Operating Conditions: fast_hv_lt

Path 20
  From: PF_DDR4_SS_0/MSC_i_0/MSC_i_1/MSC_i_8/MSC_i_273/dfi_act_n_r2:CLK
  To:   PF_DDR4_SS_0/DDRPHY_BLK_0/IOD_TRAINING_0/COREDDR_TIP_INT_U/u_register_bank/pipelined_generate_block.DFI_ACT_N_P0_OUT:D
  Delay (ns):              0.143
  Slack (ns):              0.068
  Arrival (ns):            5.553
  Required (ns):           5.485
  Operating Conditions: fast_hv_lt

Path 21
  From: PF_DDR4_SS_0/MSC_i_0/MSC_i_1/MSC_i_8/MSC_i_169/gen_fr4.DFI_WRDATA_ALIGN_eq_0.dfi_wrdata_p3_po_r1[16]:CLK
  To:   PF_DDR4_SS_0/MSC_i_0/MSC_i_1/MSC_i_8/MSC_i_272/data_shifter_gen[1].data_shifter[1][56]:D
  Delay (ns):              0.143
  Slack (ns):              0.068
  Arrival (ns):            5.539
  Required (ns):           5.471
  Operating Conditions: fast_hv_lt

Path 22
  From: PF_DDR4_SS_0/MSC_i_0/MSC_i_1/MSC_i_8/MSC_i_169/gen_fr4.DFI_WRDATA_ALIGN_eq_0.dfi_wrdata_mask_p3_po_r1[2]:CLK
  To:   PF_DDR4_SS_0/MSC_i_0/MSC_i_1/MSC_i_8/MSC_i_272/data_shifter_gen[1].data_shifter[1][142]:D
  Delay (ns):              0.143
  Slack (ns):              0.068
  Arrival (ns):            5.549
  Required (ns):           5.481
  Operating Conditions: fast_hv_lt

Path 23
  From: PF_DDR4_SS_0/MSC_i_0/MSC_i_1/MSC_i_8/MSC_i_140/MSC_i_141/MSC_i_161/data_shifter_gen[37].data_shifter[37][1]:CLK
  To:   PF_DDR4_SS_0/MSC_i_0/MSC_i_1/MSC_i_8/MSC_i_140/MSC_i_141/MSC_i_161/data_shifter_gen[36].data_shifter[36][1]:D
  Delay (ns):              0.143
  Slack (ns):              0.068
  Arrival (ns):            5.560
  Required (ns):           5.492
  Operating Conditions: fast_hv_lt

Path 24
  From: PF_DDR4_SS_0/MSC_i_0/MSC_i_1/MSC_i_8/MSC_i_140/MSC_i_141/MSC_i_157/data_shifter_gen[38].data_shifter[38][0]:CLK
  To:   PF_DDR4_SS_0/MSC_i_0/MSC_i_1/MSC_i_8/MSC_i_140/MSC_i_141/MSC_i_157/data_shifter_gen[37].data_shifter[37][0]:D
  Delay (ns):              0.143
  Slack (ns):              0.068
  Arrival (ns):            5.554
  Required (ns):           5.486
  Operating Conditions: fast_hv_lt

Path 25
  From: PF_DDR4_SS_0/MSC_i_0/MSC_i_1/MSC_i_8/MSC_i_140/MSC_i_141/MSC_i_156/lat_n0.resettable.data_shifter_1_[49]:CLK
  To:   PF_DDR4_SS_0/MSC_i_0/MSC_i_1/MSC_i_8/MSC_i_140/MSC_i_141/MSC_i_156/lat_n0.resettable.data_shifter_2_[49]:D
  Delay (ns):              0.143
  Slack (ns):              0.068
  Arrival (ns):            5.546
  Required (ns):           5.478
  Operating Conditions: fast_hv_lt

Path 26
  From: PF_DDR4_SS_0/MSC_i_0/MSC_i_1/MSC_i_8/MSC_i_140/MSC_i_141/MSC_i_156/lat_n0.resettable.data_shifter_1_[33]:CLK
  To:   PF_DDR4_SS_0/MSC_i_0/MSC_i_1/MSC_i_8/MSC_i_140/MSC_i_141/MSC_i_156/lat_n0.resettable.data_shifter_2_[33]:D
  Delay (ns):              0.143
  Slack (ns):              0.068
  Arrival (ns):            5.543
  Required (ns):           5.475
  Operating Conditions: fast_hv_lt

Path 27
  From: PF_DDR4_SS_0/MSC_i_0/MSC_i_1/MSC_i_8/MSC_i_10/cmd_fifo_wr_data_reg3[40]:CLK
  To:   PF_DDR4_SS_0/MSC_i_0/MSC_i_1/MSC_i_8/MSC_i_10/cmd_fifo_wr_data_reg4[40]:D
  Delay (ns):              0.143
  Slack (ns):              0.068
  Arrival (ns):            5.575
  Required (ns):           5.507
  Operating Conditions: fast_hv_lt

Path 28
  From: PF_DDR4_SS_0/MSC_i_0/MSC_i_1/MSC_i_8/MSC_i_10/cmd_fifo_wr_data_reg3[38]:CLK
  To:   PF_DDR4_SS_0/MSC_i_0/MSC_i_1/MSC_i_8/MSC_i_10/cmd_fifo_wr_data_reg4[38]:D
  Delay (ns):              0.143
  Slack (ns):              0.068
  Arrival (ns):            5.575
  Required (ns):           5.507
  Operating Conditions: fast_hv_lt

Path 29
  From: PF_DDR4_SS_0/MSC_i_0/MSC_i_1/MSC_i_8/MSC_i_10/cmd_fifo_wr_data_reg3[24]:CLK
  To:   PF_DDR4_SS_0/MSC_i_0/MSC_i_1/MSC_i_8/MSC_i_10/cmd_fifo_wr_data_reg4[24]:D
  Delay (ns):              0.143
  Slack (ns):              0.068
  Arrival (ns):            5.573
  Required (ns):           5.505
  Operating Conditions: fast_hv_lt

Path 30
  From: PF_DDR4_SS_0/MSC_i_0/MSC_i_1/MSC_i_8/MSC_i_10/cmd_fifo_wr_data_reg1[8]:CLK
  To:   PF_DDR4_SS_0/MSC_i_0/MSC_i_1/MSC_i_8/MSC_i_10/cmd_fifo_wr_data_reg2[8]:D
  Delay (ns):              0.143
  Slack (ns):              0.068
  Arrival (ns):            5.552
  Required (ns):           5.484
  Operating Conditions: fast_hv_lt

Path 31
  From: PF_DDR4_SS_0/MSC_i_0/MSC_i_1/MSC_i_8/MSC_i_10/araddr_r1[13]:CLK
  To:   PF_DDR4_SS_0/MSC_i_0/MSC_i_1/MSC_i_8/MSC_i_10/rd_cmd_wr_data[13]:D
  Delay (ns):              0.143
  Slack (ns):              0.068
  Arrival (ns):            5.554
  Required (ns):           5.486
  Operating Conditions: fast_hv_lt

Path 32
  From: PF_DDR4_SS_0/MSC_i_0/MSC_i_1/MSC_i_8/MSC_i_10/MSC_i_75/MSC_i_76/MSC_i_92/MSC_i_94/MSC_i_98/s0:CLK
  To:   PF_DDR4_SS_0/MSC_i_0/MSC_i_1/MSC_i_8/MSC_i_10/MSC_i_75/MSC_i_76/MSC_i_92/MSC_i_94/MSC_i_98/s1:D
  Delay (ns):              0.143
  Slack (ns):              0.068
  Arrival (ns):            5.556
  Required (ns):           5.488
  Operating Conditions: fast_hv_lt

Path 33
  From: PF_DDR4_SS_0/DDRPHY_BLK_0/IOD_TRAINING_0/COREDDR_TIP_INT_U/TIP_CTRL_BLK/LEVELLING/IOG_IF/move_int[9]:CLK
  To:   PF_DDR4_SS_0/DDRPHY_BLK_0/IOD_TRAINING_0/COREDDR_TIP_INT_U/MOVE[9]:D
  Delay (ns):              0.143
  Slack (ns):              0.068
  Arrival (ns):            5.539
  Required (ns):           5.471
  Operating Conditions: fast_hv_lt

Path 34
  From: CoreDMA_IO_CTRL_0/UART_SD_0/cmd_ctrlr_0/clk_count1[1]:CLK
  To:   CoreDMA_IO_CTRL_0/UART_SD_0/cmd_ctrlr_0/clk_cnt[0][1]:D
  Delay (ns):              0.143
  Slack (ns):              0.068
  Arrival (ns):            5.543
  Required (ns):           5.475
  Operating Conditions: fast_hv_lt

Path 35
  From: PF_DDR4_SS_0/MSC_i_0/MSC_i_1/MSC_i_8/MSC_i_169/gen_fr4.DFI_WRDATA_ALIGN_eq_0.dfi_wrdata_p2_po_r1[7]:CLK
  To:   PF_DDR4_SS_0/MSC_i_0/MSC_i_1/MSC_i_8/MSC_i_272/data_shifter_gen[1].data_shifter[1][79]:D
  Delay (ns):              0.143
  Slack (ns):              0.069
  Arrival (ns):            5.550
  Required (ns):           5.481
  Operating Conditions: fast_hv_lt

Path 36
  From: PF_DDR4_SS_0/MSC_i_0/MSC_i_1/MSC_i_8/MSC_i_10/l_b_size_i[8]:CLK
  To:   PF_DDR4_SS_0/MSC_i_0/MSC_i_1/MSC_i_8/MSC_i_252/MSC_i_255/data_r1_Z[13]:D
  Delay (ns):              0.224
  Slack (ns):              0.069
  Arrival (ns):            5.640
  Required (ns):           5.571
  Operating Conditions: fast_hv_lt

Path 37
  From: PF_DDR4_SS_0/MSC_i_0/MSC_i_1/MSC_i_8/MSC_i_10/cmd_fifo_wr_data_reg1[32]:CLK
  To:   PF_DDR4_SS_0/MSC_i_0/MSC_i_1/MSC_i_8/MSC_i_10/cmd_fifo_wr_data_reg2[32]:D
  Delay (ns):              0.231
  Slack (ns):              0.069
  Arrival (ns):            5.640
  Required (ns):           5.571
  Operating Conditions: fast_hv_lt

Path 38
  From: PF_DDR4_SS_0/MSC_i_0/MSC_i_1/MSC_i_8/MSC_i_10/MSC_i_53/MSC_i_54/MSC_i_64/s0:CLK
  To:   PF_DDR4_SS_0/MSC_i_0/MSC_i_1/MSC_i_8/MSC_i_10/MSC_i_53/MSC_i_54/MSC_i_64/s1:D
  Delay (ns):              0.144
  Slack (ns):              0.069
  Arrival (ns):            5.557
  Required (ns):           5.488
  Operating Conditions: fast_hv_lt

Path 39
  From: PF_DDR4_SS_0/MSC_i_0/MSC_i_1/MSC_i_8/MSC_i_10/MSC_i_23/MSC_i_24/MSC_i_26/MSC_i_28/MSC_i_35/s0:CLK
  To:   PF_DDR4_SS_0/MSC_i_0/MSC_i_1/MSC_i_8/MSC_i_10/MSC_i_23/MSC_i_24/MSC_i_26/MSC_i_28/MSC_i_35/s1:D
  Delay (ns):              0.144
  Slack (ns):              0.069
  Arrival (ns):            5.562
  Required (ns):           5.493
  Operating Conditions: fast_hv_lt

Path 40
  From: PF_DDR4_SS_0/MSC_i_0/MSC_i_1/MSC_i_8/MSC_i_10/cmd_fifo_wr_data_reg1[36]:CLK
  To:   PF_DDR4_SS_0/MSC_i_0/MSC_i_1/MSC_i_8/MSC_i_10/cmd_fifo_wr_data_reg2[36]:D
  Delay (ns):              0.230
  Slack (ns):              0.070
  Arrival (ns):            5.638
  Required (ns):           5.568
  Operating Conditions: fast_hv_lt

Path 41
  From: PF_DDR4_SS_0/MSC_i_0/MSC_i_1/MSC_i_8/MSC_i_10/awaddr_r1[19]:CLK
  To:   PF_DDR4_SS_0/MSC_i_0/MSC_i_1/MSC_i_8/MSC_i_10/wr_cmd_wr_data[19]:D
  Delay (ns):              0.145
  Slack (ns):              0.070
  Arrival (ns):            5.553
  Required (ns):           5.483
  Operating Conditions: fast_hv_lt

Path 42
  From: PF_DDR4_SS_0/MSC_i_0/MSC_i_1/MSC_i_8/MSC_i_10/araddr_r1[10]:CLK
  To:   PF_DDR4_SS_0/MSC_i_0/MSC_i_1/MSC_i_8/MSC_i_10/rd_cmd_wr_data[10]:D
  Delay (ns):              0.144
  Slack (ns):              0.070
  Arrival (ns):            5.556
  Required (ns):           5.486
  Operating Conditions: fast_hv_lt

Path 43
  From: AXI4_Interconnect_0/AXI4_Interconnect_0/SlvConvertor_loop[0].slvcnv/slvCDC/genblk1.cdc_RChan/wrPtr_s1[2]:CLK
  To:   AXI4_Interconnect_0/AXI4_Interconnect_0/SlvConvertor_loop[0].slvcnv/slvCDC/genblk1.cdc_RChan/wrPtr_s2[2]:D
  Delay (ns):              0.145
  Slack (ns):              0.070
  Arrival (ns):            5.553
  Required (ns):           5.483
  Operating Conditions: fast_hv_lt

Path 44
  From: system_top_0/counter_2[13]:CLK
  To:   system_top_0/counter_2[14]:D
  Delay (ns):              0.146
  Slack (ns):              0.071
  Arrival (ns):            1.920
  Required (ns):           1.849
  Operating Conditions: fast_hv_lt

Path 45
  From: PF_DDR4_SS_0/MSC_i_0/MSC_i_1/MSC_i_8/MSC_i_10/cmd_fifo_wr_data_reg1[33]:CLK
  To:   PF_DDR4_SS_0/MSC_i_0/MSC_i_1/MSC_i_8/MSC_i_10/cmd_fifo_wr_data_reg2[33]:D
  Delay (ns):              0.234
  Slack (ns):              0.071
  Arrival (ns):            5.643
  Required (ns):           5.572
  Operating Conditions: fast_hv_lt

Path 46
  From: PF_DDR4_SS_0/MSC_i_0/MSC_i_1/MSC_i_8/MSC_i_10/araddr_r1[18]:CLK
  To:   PF_DDR4_SS_0/MSC_i_0/MSC_i_1/MSC_i_8/MSC_i_10/rd_cmd_wr_data[18]:D
  Delay (ns):              0.147
  Slack (ns):              0.071
  Arrival (ns):            5.558
  Required (ns):           5.487
  Operating Conditions: fast_hv_lt

Path 47
  From: CoreDMA_IO_CTRL_0/UART_SD_0/cmd_ctrlr_0/clk_count1[9]:CLK
  To:   CoreDMA_IO_CTRL_0/UART_SD_0/cmd_ctrlr_0/clk_cnt[1][1]:D
  Delay (ns):              0.146
  Slack (ns):              0.071
  Arrival (ns):            5.546
  Required (ns):           5.475
  Operating Conditions: fast_hv_lt

Path 48
  From: CoreDMA_IO_CTRL_0/UART_SD_0/CORE_UART_0/Core_UART_0/make_RX/rx_shift[7]:CLK
  To:   CoreDMA_IO_CTRL_0/UART_SD_0/CORE_UART_0/Core_UART_0/make_RX/rx_shift[6]:D
  Delay (ns):              0.146
  Slack (ns):              0.071
  Arrival (ns):            5.550
  Required (ns):           5.479
  Operating Conditions: fast_hv_lt

Path 49
  From: PF_DDR4_SS_0/MSC_i_0/MSC_i_1/MSC_i_8/MSC_i_273/dfi_bank_r2[1]:CLK
  To:   PF_DDR4_SS_0/DDRPHY_BLK_0/IOD_TRAINING_0/COREDDR_TIP_INT_U/u_register_bank/pipelined_generate_block.DFI_BANK_P0_OUT[1]:D
  Delay (ns):              0.147
  Slack (ns):              0.072
  Arrival (ns):            5.556
  Required (ns):           5.484
  Operating Conditions: fast_hv_lt

Path 50
  From: PF_DDR4_SS_0/MSC_i_0/MSC_i_1/MSC_i_8/MSC_i_140/MSC_i_141/MSC_i_161/data_shifter_gen[5].data_shifter[5][0]:CLK
  To:   PF_DDR4_SS_0/MSC_i_0/MSC_i_1/MSC_i_8/MSC_i_140/MSC_i_141/MSC_i_161/data_shifter_gen[4].data_shifter[4][0]:D
  Delay (ns):              0.147
  Slack (ns):              0.072
  Arrival (ns):            5.561
  Required (ns):           5.489
  Operating Conditions: fast_hv_lt

Path 51
  From: PF_DDR4_SS_0/MSC_i_0/MSC_i_1/MSC_i_8/MSC_i_140/MSC_i_141/MSC_i_161/data_shifter_gen[15].data_shifter[15][0]:CLK
  To:   PF_DDR4_SS_0/MSC_i_0/MSC_i_1/MSC_i_8/MSC_i_140/MSC_i_141/MSC_i_161/data_shifter_gen[14].data_shifter[14][0]:D
  Delay (ns):              0.147
  Slack (ns):              0.072
  Arrival (ns):            5.564
  Required (ns):           5.492
  Operating Conditions: fast_hv_lt

Path 52
  From: PF_DDR4_SS_0/MSC_i_0/MSC_i_1/MSC_i_8/MSC_i_140/MSC_i_141/MSC_i_161/data_shifter_gen[14].data_shifter[14][0]:CLK
  To:   PF_DDR4_SS_0/MSC_i_0/MSC_i_1/MSC_i_8/MSC_i_140/MSC_i_141/MSC_i_161/data_shifter_gen[13].data_shifter[13][0]:D
  Delay (ns):              0.147
  Slack (ns):              0.072
  Arrival (ns):            5.564
  Required (ns):           5.492
  Operating Conditions: fast_hv_lt

Path 53
  From: PF_DDR4_SS_0/MSC_i_0/MSC_i_1/MSC_i_8/MSC_i_140/MSC_i_141/MSC_i_156/lat_n0.resettable.data_shifter_2_[112]:CLK
  To:   PF_DDR4_SS_0/MSC_i_0/MSC_i_1/MSC_i_8/MSC_i_273/dfi_address_r1[2]:D
  Delay (ns):              0.147
  Slack (ns):              0.072
  Arrival (ns):            5.563
  Required (ns):           5.491
  Operating Conditions: fast_hv_lt

Path 54
  From: PF_DDR4_SS_0/MSC_i_0/MSC_i_1/MSC_i_8/MSC_i_10/wr_data_delay_fifo_rd_data_reg[48]:CLK
  To:   PF_DDR4_SS_0/MSC_i_0/MSC_i_1/MSC_i_8/MSC_i_10/wr_data_packed[112]:D
  Delay (ns):              0.147
  Slack (ns):              0.072
  Arrival (ns):            5.562
  Required (ns):           5.490
  Operating Conditions: fast_hv_lt

Path 55
  From: PF_DDR4_SS_0/MSC_i_0/MSC_i_1/MSC_i_8/MSC_i_10/awaddr_r1[27]:CLK
  To:   PF_DDR4_SS_0/MSC_i_0/MSC_i_1/MSC_i_8/MSC_i_10/wr_cmd_wr_data[27]:D
  Delay (ns):              0.147
  Slack (ns):              0.072
  Arrival (ns):            5.557
  Required (ns):           5.485
  Operating Conditions: fast_hv_lt

Path 56
  From: PF_DDR4_SS_0/DDRPHY_BLK_0/IOD_TRAINING_0/COREDDR_TIP_INT_U/dfi_rddata_en_p0_0:CLK
  To:   PF_DDR4_SS_0/DDRPHY_BLK_0/IOD_TRAINING_0/COREDDR_TIP_INT_U/dfi_rddata_en_p0_1:D
  Delay (ns):              0.147
  Slack (ns):              0.072
  Arrival (ns):            5.533
  Required (ns):           5.461
  Operating Conditions: fast_hv_lt

Path 57
  From: PF_DDR4_SS_0/DDRPHY_BLK_0/IOD_TRAINING_0/COREDDR_TIP_INT_U/TIP_CTRL_BLK/TRN_CLK/genblk2[0].u_dqsw_flags/transition_detect/data_0[0]:CLK
  To:   PF_DDR4_SS_0/DDRPHY_BLK_0/IOD_TRAINING_0/COREDDR_TIP_INT_U/TIP_CTRL_BLK/TRN_CLK/genblk2[0].u_dqsw_flags/transition_detect/data_1[0]:D
  Delay (ns):              0.147
  Slack (ns):              0.072
  Arrival (ns):            5.539
  Required (ns):           5.467
  Operating Conditions: fast_hv_lt

Path 58
  From: PF_DDR4_SS_0/DDRPHY_BLK_0/IOD_TRAINING_0/COREDDR_TIP_INT_U/TIP_CTRL_BLK/LEVELLING/RDLVL/RDLVL_SMS/genblk1[0].RDLVL_TRAIN/gate_training/clk_sel_out[1]:CLK
  To:   PF_DDR4_SS_0/DDRPHY_BLK_0/IOD_TRAINING_0/COREDDR_TIP_INT_U/CLK_SEL[1]:D
  Delay (ns):              0.147
  Slack (ns):              0.072
  Arrival (ns):            5.518
  Required (ns):           5.446
  Operating Conditions: fast_hv_lt

Path 59
  From: PF_DDR4_SS_0/DDRPHY_BLK_0/IOD_TRAINING_0/COREDDR_TIP_INT_U/TIP_CTRL_BLK/LEVELLING/IOG_IF/move_int[11]:CLK
  To:   PF_DDR4_SS_0/DDRPHY_BLK_0/IOD_TRAINING_0/COREDDR_TIP_INT_U/MOVE[11]:D
  Delay (ns):              0.146
  Slack (ns):              0.072
  Arrival (ns):            5.535
  Required (ns):           5.463
  Operating Conditions: fast_hv_lt

Path 60
  From: CoreDMA_IO_CTRL_0/UART_SD_0/cmd_ctrlr_0/clk_count1[22]:CLK
  To:   CoreDMA_IO_CTRL_0/UART_SD_0/cmd_ctrlr_0/clk_cnt[2][6]:D
  Delay (ns):              0.147
  Slack (ns):              0.072
  Arrival (ns):            5.549
  Required (ns):           5.477
  Operating Conditions: fast_hv_lt

Path 61
  From: PF_DDR4_SS_0/MSC_i_0/MSC_i_1/MSC_i_8/MSC_i_273/dfi_we_n_r2:CLK
  To:   PF_DDR4_SS_0/DDRPHY_BLK_0/IOD_TRAINING_0/COREDDR_TIP_INT_U/u_register_bank/pipelined_generate_block.DFI_WE_N_P0_OUT:D
  Delay (ns):              0.148
  Slack (ns):              0.073
  Arrival (ns):            5.561
  Required (ns):           5.488
  Operating Conditions: fast_hv_lt

Path 62
  From: PF_DDR4_SS_0/MSC_i_0/MSC_i_1/MSC_i_8/MSC_i_273/dfi_reset_n_r1:CLK
  To:   PF_DDR4_SS_0/DDRPHY_BLK_0/IOD_TRAINING_0/COREDDR_TIP_INT_U/u_register_bank/pipelined_generate_block.DFI_RESET_N_P3_OUT:D
  Delay (ns):              0.148
  Slack (ns):              0.073
  Arrival (ns):            5.553
  Required (ns):           5.480
  Operating Conditions: fast_hv_lt

Path 63
  From: PF_DDR4_SS_0/MSC_i_0/MSC_i_1/MSC_i_8/MSC_i_273/dfi_bank_r2[2]:CLK
  To:   PF_DDR4_SS_0/DDRPHY_BLK_0/IOD_TRAINING_0/COREDDR_TIP_INT_U/u_register_bank/pipelined_generate_block.DFI_BG_P0_OUT[0]:D
  Delay (ns):              0.147
  Slack (ns):              0.073
  Arrival (ns):            5.554
  Required (ns):           5.481
  Operating Conditions: fast_hv_lt

Path 64
  From: PF_DDR4_SS_0/MSC_i_0/MSC_i_1/MSC_i_8/MSC_i_273/dfi_address_r2[10]:CLK
  To:   PF_DDR4_SS_0/DDRPHY_BLK_0/IOD_TRAINING_0/COREDDR_TIP_INT_U/u_register_bank/pipelined_generate_block.DFI_ADDRESS_P0_OUT[10]:D
  Delay (ns):              0.148
  Slack (ns):              0.073
  Arrival (ns):            5.561
  Required (ns):           5.488
  Operating Conditions: fast_hv_lt

Path 65
  From: PF_DDR4_SS_0/MSC_i_0/MSC_i_1/MSC_i_8/MSC_i_273/dfi_address_r1[4]:CLK
  To:   PF_DDR4_SS_0/MSC_i_0/MSC_i_1/MSC_i_8/MSC_i_273/dfi_address_r2[4]:D
  Delay (ns):              0.148
  Slack (ns):              0.073
  Arrival (ns):            5.563
  Required (ns):           5.490
  Operating Conditions: fast_hv_lt

Path 66
  From: PF_DDR4_SS_0/MSC_i_0/MSC_i_1/MSC_i_8/MSC_i_273/dfi_act_n_r1:CLK
  To:   PF_DDR4_SS_0/DDRPHY_BLK_0/IOD_TRAINING_0/COREDDR_TIP_INT_U/u_register_bank/pipelined_generate_block.DFI_ACT_N_P1_OUT:D
  Delay (ns):              0.148
  Slack (ns):              0.073
  Arrival (ns):            5.558
  Required (ns):           5.485
  Operating Conditions: fast_hv_lt

Path 67
  From: PF_DDR4_SS_0/MSC_i_0/MSC_i_1/MSC_i_8/MSC_i_169/gen_fr4.DFI_WRDATA_ALIGN_eq_0.dfi_wrdata_en_p3_po_r2[0]:CLK
  To:   PF_DDR4_SS_0/MSC_i_0/MSC_i_1/MSC_i_8/MSC_i_272/data_shifter_gen[1].data_shifter[1][156]:D
  Delay (ns):              0.147
  Slack (ns):              0.073
  Arrival (ns):            5.555
  Required (ns):           5.482
  Operating Conditions: fast_hv_lt

Path 68
  From: PF_DDR4_SS_0/MSC_i_0/MSC_i_1/MSC_i_8/MSC_i_140/MSC_i_141/MSC_i_156/lat_n0.resettable.data_shifter_2_[108]:CLK
  To:   PF_DDR4_SS_0/MSC_i_0/MSC_i_1/MSC_i_8/MSC_i_273/dfi_bank_r1[2]:D
  Delay (ns):              0.147
  Slack (ns):              0.073
  Arrival (ns):            5.554
  Required (ns):           5.481
  Operating Conditions: fast_hv_lt

Path 69
  From: PF_DDR4_SS_0/MSC_i_0/MSC_i_1/MSC_i_8/MSC_i_10/wr_data_delay_fifo_rd_data_reg[55]:CLK
  To:   PF_DDR4_SS_0/MSC_i_0/MSC_i_1/MSC_i_8/MSC_i_10/wr_data_packed[119]:D
  Delay (ns):              0.148
  Slack (ns):              0.073
  Arrival (ns):            5.563
  Required (ns):           5.490
  Operating Conditions: fast_hv_lt

Path 70
  From: PF_DDR4_SS_0/MSC_i_0/MSC_i_1/MSC_i_8/MSC_i_10/cmd_fifo_wr_data_reg1[38]:CLK
  To:   PF_DDR4_SS_0/MSC_i_0/MSC_i_1/MSC_i_8/MSC_i_10/cmd_fifo_wr_data_reg2[38]:D
  Delay (ns):              0.233
  Slack (ns):              0.073
  Arrival (ns):            5.641
  Required (ns):           5.568
  Operating Conditions: fast_hv_lt

Path 71
  From: PF_DDR4_SS_0/DDRPHY_BLK_0/IOD_TRAINING_0/COREDDR_TIP_INT_U/u_register_bank/pipelined_generate_block.IOG_DQ_TXDATA_OUT[108]:CLK
  To:   PF_DDR4_SS_0/DDRPHY_BLK_0/IOD_TRAINING_0/COREDDR_TIP_INT_U/TIP_CTRL_BLK/PHY_SIG_MOD/iog_dq_txdata_in_reg[108]:D
  Delay (ns):              0.148
  Slack (ns):              0.073
  Arrival (ns):            5.552
  Required (ns):           5.479
  Operating Conditions: fast_hv_lt

Path 72
  From: CoreDMA_IO_CTRL_0/UART_SD_0/cmd_ctrlr_0/clk_count2[11]:CLK
  To:   CoreDMA_IO_CTRL_0/UART_SD_0/cmd_ctrlr_0/clk_cnt[5][3]:D
  Delay (ns):              0.148
  Slack (ns):              0.073
  Arrival (ns):            5.549
  Required (ns):           5.476
  Operating Conditions: fast_hv_lt

Path 73
  From: CoreDMA_IO_CTRL_0/CoreAXI4_Lite_0/CoreAXI4_Lite_0/MstConvertor_loop[0].mstrconv/rgsl/genblk4.wrs/sDat[1]:CLK
  To:   CoreDMA_IO_CTRL_0/CoreAXI4_Lite_0/CoreAXI4_Lite_0/SlvConvertor_loop[0].slvcnv/rgsl/genblk4.wrs/holdDat[1]:D
  Delay (ns):              0.148
  Slack (ns):              0.073
  Arrival (ns):            5.546
  Required (ns):           5.473
  Operating Conditions: fast_hv_lt

Path 74
  From: PF_DDR4_SS_0/MSC_i_0/MSC_i_1/MSC_i_8/dfi_rddata_postdbi_r[122]:CLK
  To:   PF_DDR4_SS_0/MSC_i_0/MSC_i_1/MSC_i_8/l_rd_data_to_mp_r[122]:D
  Delay (ns):              0.197
  Slack (ns):              0.074
  Arrival (ns):            5.617
  Required (ns):           5.543
  Operating Conditions: fast_hv_lt

Path 75
  From: PF_DDR4_SS_0/MSC_i_0/MSC_i_1/MSC_i_8/MSC_i_273/dfi_cke_r2[0]:CLK
  To:   PF_DDR4_SS_0/DDRPHY_BLK_0/IOD_TRAINING_0/COREDDR_TIP_INT_U/u_register_bank/pipelined_generate_block.DFI_CKE_P1_OUT:D
  Delay (ns):              0.149
  Slack (ns):              0.074
  Arrival (ns):            5.554
  Required (ns):           5.480
  Operating Conditions: fast_hv_lt

Path 76
  From: PF_DDR4_SS_0/MSC_i_0/MSC_i_1/MSC_i_8/MSC_i_273/dfi_cas_n_r2:CLK
  To:   PF_DDR4_SS_0/DDRPHY_BLK_0/IOD_TRAINING_0/COREDDR_TIP_INT_U/u_register_bank/pipelined_generate_block.DFI_CAS_N_P0_OUT:D
  Delay (ns):              0.149
  Slack (ns):              0.074
  Arrival (ns):            5.562
  Required (ns):           5.488
  Operating Conditions: fast_hv_lt

Path 77
  From: PF_DDR4_SS_0/MSC_i_0/MSC_i_1/MSC_i_8/MSC_i_273/dfi_bank_r1[3]:CLK
  To:   PF_DDR4_SS_0/DDRPHY_BLK_0/IOD_TRAINING_0/COREDDR_TIP_INT_U/u_register_bank/pipelined_generate_block.DFI_BG_P2_OUT[1]:D
  Delay (ns):              0.149
  Slack (ns):              0.074
  Arrival (ns):            5.558
  Required (ns):           5.484
  Operating Conditions: fast_hv_lt

Path 78
  From: PF_DDR4_SS_0/MSC_i_0/MSC_i_1/MSC_i_8/MSC_i_273/dfi_address_r1[10]:CLK
  To:   PF_DDR4_SS_0/DDRPHY_BLK_0/IOD_TRAINING_0/COREDDR_TIP_INT_U/u_register_bank/pipelined_generate_block.DFI_ADDRESS_P1_OUT[10]:D
  Delay (ns):              0.149
  Slack (ns):              0.074
  Arrival (ns):            5.562
  Required (ns):           5.488
  Operating Conditions: fast_hv_lt

Path 79
  From: PF_DDR4_SS_0/MSC_i_0/MSC_i_1/MSC_i_8/MSC_i_252/MSC_i_255/data_r1[61]:CLK
  To:   PF_DDR4_SS_0/MSC_i_0/MSC_i_1/MSC_i_8/MSC_i_252/MSC_i_255/data_r2[61]:D
  Delay (ns):              0.149
  Slack (ns):              0.074
  Arrival (ns):            5.564
  Required (ns):           5.490
  Operating Conditions: fast_hv_lt

Path 80
  From: PF_DDR4_SS_0/MSC_i_0/MSC_i_1/MSC_i_8/MSC_i_140/MSC_i_141/MSC_i_157/data_shifter_gen[23].data_shifter[23][1]:CLK
  To:   PF_DDR4_SS_0/MSC_i_0/MSC_i_1/MSC_i_8/MSC_i_140/MSC_i_141/MSC_i_157/data_shifter_gen[22].data_shifter[22][1]:D
  Delay (ns):              0.142
  Slack (ns):              0.074
  Arrival (ns):            5.546
  Required (ns):           5.472
  Operating Conditions: fast_hv_lt

Path 81
  From: PF_DDR4_SS_0/MSC_i_0/MSC_i_1/MSC_i_8/MSC_i_10/awaddr_r1[13]:CLK
  To:   PF_DDR4_SS_0/MSC_i_0/MSC_i_1/MSC_i_8/MSC_i_10/wr_cmd_wr_data[13]:D
  Delay (ns):              0.149
  Slack (ns):              0.074
  Arrival (ns):            5.559
  Required (ns):           5.485
  Operating Conditions: fast_hv_lt

Path 82
  From: PF_DDR4_SS_0/DDRPHY_BLK_0/IOD_TRAINING_0/COREDDR_TIP_INT_U/TIP_CTRL_BLK/LEVELLING/IOG_IF/direction_int[8]:CLK
  To:   PF_DDR4_SS_0/DDRPHY_BLK_0/IOD_TRAINING_0/COREDDR_TIP_INT_U/DIRECTION[8]:D
  Delay (ns):              0.148
  Slack (ns):              0.074
  Arrival (ns):            5.539
  Required (ns):           5.465
  Operating Conditions: fast_hv_lt

Path 83
  From: AXI4_Interconnect_0/AXI4_Interconnect_0/SlvConvertor_loop[3].slvcnv/rgsl/genblk4.wrs/sDat[66]:CLK
  To:   SRAM_AXI_0/COREAXI4SRAM_0/genblk1.U_SRAM_AXI_COREAXI4SRAM_0_CoreAXI4SRAM_MAINCTRL/genblk1.wdata_sc_r[56]:D
  Delay (ns):              0.149
  Slack (ns):              0.074
  Arrival (ns):            5.553
  Required (ns):           5.479
  Operating Conditions: fast_hv_lt

Path 84
  From: PF_DDR4_SS_0/MSC_i_0/MSC_i_1/MSC_i_8/MSC_i_273/dfi_bank_r1[0]:CLK
  To:   PF_DDR4_SS_0/MSC_i_0/MSC_i_1/MSC_i_8/MSC_i_273/dfi_bank_r2[0]:D
  Delay (ns):              0.149
  Slack (ns):              0.075
  Arrival (ns):            5.556
  Required (ns):           5.481
  Operating Conditions: fast_hv_lt

Path 85
  From: PF_DDR4_SS_0/MSC_i_0/MSC_i_1/MSC_i_8/MSC_i_169/gen_fr4.DFI_WRDATA_ALIGN_eq_0.dfi_wrdata_p3_po_r1[30]:CLK
  To:   PF_DDR4_SS_0/MSC_i_0/MSC_i_1/MSC_i_8/MSC_i_272/data_shifter_gen[1].data_shifter[1][70]:D
  Delay (ns):              0.150
  Slack (ns):              0.075
  Arrival (ns):            5.557
  Required (ns):           5.482
  Operating Conditions: fast_hv_lt

Path 86
  From: PF_DDR4_SS_0/MSC_i_0/MSC_i_1/MSC_i_8/MSC_i_140/MSC_i_141/MSC_i_161/data_shifter_gen[8].data_shifter[8][1]:CLK
  To:   PF_DDR4_SS_0/MSC_i_0/MSC_i_1/MSC_i_8/MSC_i_140/MSC_i_141/MSC_i_161/data_shifter_gen[7].data_shifter[7][1]:D
  Delay (ns):              0.150
  Slack (ns):              0.075
  Arrival (ns):            5.563
  Required (ns):           5.488
  Operating Conditions: fast_hv_lt

Path 87
  From: PF_DDR4_SS_0/MSC_i_0/MSC_i_1/MSC_i_8/MSC_i_140/MSC_i_141/MSC_i_161/data_shifter_gen[22].data_shifter[22][0]:CLK
  To:   PF_DDR4_SS_0/MSC_i_0/MSC_i_1/MSC_i_8/MSC_i_140/MSC_i_141/MSC_i_161/data_shifter_gen[21].data_shifter[21][0]:D
  Delay (ns):              0.143
  Slack (ns):              0.075
  Arrival (ns):            5.556
  Required (ns):           5.481
  Operating Conditions: fast_hv_lt

Path 88
  From: PF_DDR4_SS_0/MSC_i_0/MSC_i_1/MSC_i_8/MSC_i_140/MSC_i_141/MSC_i_161/data_shifter_gen[21].data_shifter[21][0]:CLK
  To:   PF_DDR4_SS_0/MSC_i_0/MSC_i_1/MSC_i_8/MSC_i_140/MSC_i_141/MSC_i_161/data_shifter_gen[20].data_shifter[20][0]:D
  Delay (ns):              0.142
  Slack (ns):              0.075
  Arrival (ns):            5.555
  Required (ns):           5.480
  Operating Conditions: fast_hv_lt

Path 89
  From: PF_DDR4_SS_0/MSC_i_0/MSC_i_1/MSC_i_8/MSC_i_140/MSC_i_141/MSC_i_157/data_shifter_gen[34].data_shifter[34][1]:CLK
  To:   PF_DDR4_SS_0/MSC_i_0/MSC_i_1/MSC_i_8/MSC_i_140/MSC_i_141/MSC_i_157/data_shifter_gen[33].data_shifter[33][1]:D
  Delay (ns):              0.142
  Slack (ns):              0.075
  Arrival (ns):            5.548
  Required (ns):           5.473
  Operating Conditions: fast_hv_lt

Path 90
  From: PF_DDR4_SS_0/MSC_i_0/MSC_i_1/MSC_i_8/MSC_i_10/cmd_fifo_wr_data_reg2[38]:CLK
  To:   PF_DDR4_SS_0/MSC_i_0/MSC_i_1/MSC_i_8/MSC_i_10/cmd_fifo_wr_data_reg3[38]:D
  Delay (ns):              0.198
  Slack (ns):              0.075
  Arrival (ns):            5.624
  Required (ns):           5.549
  Operating Conditions: fast_hv_lt

Path 91
  From: PF_DDR4_SS_0/MSC_i_0/MSC_i_1/MSC_i_8/MSC_i_10/MSC_i_23/MSC_i_24/MSC_i_26/MSC_i_28/MSC_i_33/s0:CLK
  To:   PF_DDR4_SS_0/MSC_i_0/MSC_i_1/MSC_i_8/MSC_i_10/MSC_i_23/MSC_i_24/MSC_i_26/MSC_i_28/MSC_i_33/s1:D
  Delay (ns):              0.150
  Slack (ns):              0.075
  Arrival (ns):            5.568
  Required (ns):           5.493
  Operating Conditions: fast_hv_lt

Path 92
  From: PF_DDR4_SS_0/DDRPHY_BLK_0/IOD_TRAINING_0/COREDDR_TIP_INT_U/u_register_bank/pipelined_generate_block.IOG_DM_TXDATA_OUT[14]:CLK
  To:   PF_DDR4_SS_0/DDRPHY_BLK_0/IOD_TRAINING_0/COREDDR_TIP_INT_U/TIP_CTRL_BLK/PHY_SIG_MOD/iog_dm_txdata_in_reg[14]:D
  Delay (ns):              0.150
  Slack (ns):              0.075
  Arrival (ns):            5.560
  Required (ns):           5.485
  Operating Conditions: fast_hv_lt

Path 93
  From: PF_DDR4_SS_0/DDRPHY_BLK_0/IOD_TRAINING_0/COREDDR_TIP_INT_U/TIP_CTRL_BLK/LEVELLING/WRLVL/wrlvl_instances[1].uWrlvl/dq_in_reg[4]:CLK
  To:   PF_DDR4_SS_0/DDRPHY_BLK_0/IOD_TRAINING_0/COREDDR_TIP_INT_U/TIP_CTRL_BLK/LEVELLING/WRLVL/wrlvl_instances[1].uWrlvl/dq_in_reg_2[4]:D
  Delay (ns):              0.149
  Slack (ns):              0.075
  Arrival (ns):            5.525
  Required (ns):           5.450
  Operating Conditions: fast_hv_lt

Path 94
  From: PCIe_EP_0/PCIex4_0/pcie_apblink_master_inst/prdata[17]:CLK
  To:   PCIe_EP_0/PCIex4_0/pcie_apblink_master_inst/prdata[16]:D
  Delay (ns):              0.150
  Slack (ns):              0.075
  Arrival (ns):            1.927
  Required (ns):           1.852
  Operating Conditions: fast_hv_lt

Path 95
  From: CoreDMA_IO_CTRL_0/axi4dma_init_0/reg_raddr[0]:CLK
  To:   CoreDMA_IO_CTRL_0/axi4dma_init_0/araddr_reg[0]:D
  Delay (ns):              0.148
  Slack (ns):              0.076
  Arrival (ns):            5.504
  Required (ns):           5.428
  Operating Conditions: fast_hv_lt

Path 96
  From: CoreDMA_IO_CTRL_0/UART_SD_0/CORE_UART_0/Core_UART_0/make_RX/rx_shift[4]:CLK
  To:   CoreDMA_IO_CTRL_0/UART_SD_0/CORE_UART_0/Core_UART_0/make_RX/rx_shift[3]:D
  Delay (ns):              0.151
  Slack (ns):              0.076
  Arrival (ns):            5.555
  Required (ns):           5.479
  Operating Conditions: fast_hv_lt

Path 97
  From: CoreDMA_IO_CTRL_0/CoreAXI4_Lite_0/CoreAXI4_Lite_0/MstConvertor_loop[0].mstrconv/rgsl/genblk4.wrs/sDat[35]:CLK
  To:   CoreDMA_IO_CTRL_0/CoreAXI4_Lite_0/CoreAXI4_Lite_0/SlvConvertor_loop[0].slvcnv/rgsl/genblk4.wrs/holdDat[35]:D
  Delay (ns):              0.151
  Slack (ns):              0.076
  Arrival (ns):            5.549
  Required (ns):           5.473
  Operating Conditions: fast_hv_lt

Path 98
  From: AXI4_Interconnect_0/AXI4_Interconnect_0/SlvConvertor_loop[4].slvcnv/rgsl/genblk1.awrs/sDat[52]:CLK
  To:   PF_DDR4_SS_0/MSC_i_0/MSC_i_1/MSC_i_8/MSC_i_10/awaddr_r1[21]:D
  Delay (ns):              0.143
  Slack (ns):              0.076
  Arrival (ns):            5.556
  Required (ns):           5.480
  Operating Conditions: fast_hv_lt

Path 99
  From: AXI4_Interconnect_0/AXI4_Interconnect_0/SlvConvertor_loop[1].slvcnv/rgsl/genblk1.awrs/sDat[38]:CLK
  To:   CoreDMA_IO_CTRL_0/axi_io_ctrl_0/waddr_int[4]:D
  Delay (ns):              0.148
  Slack (ns):              0.076
  Arrival (ns):            5.555
  Required (ns):           5.479
  Operating Conditions: fast_hv_lt

Path 100
  From: AXI4_Interconnect_0/AXI4_Interconnect_0/SlvConvertor_loop[0].slvcnv/slvCDC/genblk1.cdc_BChan/wrPtr_s1[1]:CLK
  To:   AXI4_Interconnect_0/AXI4_Interconnect_0/SlvConvertor_loop[0].slvcnv/slvCDC/genblk1.cdc_BChan/wrPtr_s2[1]:D
  Delay (ns):              0.143
  Slack (ns):              0.076
  Arrival (ns):            5.539
  Required (ns):           5.463
  Operating Conditions: fast_hv_lt

