Timing Violation Report Min Delay Analysis

SmartTime Version v12.6
Microsemi Corporation - Microsemi Libero Software Release v12.6 (Version 12.900.20.24)
Date: Wed Aug  4 12:37:43 2021


Design: top
Family: PolarFire
Die: MPF300TS
Package: FCVG484
Temperature Range: -40 - 100 C
Voltage Range: 0.97 - 1.03 V
Speed Grade: -1
Design State: Post-Layout
Data source: Production
Multi Corner Report Operating Conditions: slow_lv_ht, slow_lv_lt, fast_hv_lt
Scenario for Timing Analysis: timing_analysis


*** IMPORTANT RECOMMENDATION *** If you haven't done so, it is highly recommended to add clock jitter information for each clock domain into Libero SoC through clock uncertainty SDC timing constraints. Please refer to the Libero SoC v12.5 release notes for more details.

Path 1
  From: PF_DDR4_SS_0/MSC_i_0/MSC_i_1/MSC_i_8/MSC_i_10/cmd_fifo_wr_data_reg3[6]:CLK
  To:   PF_DDR4_SS_0/MSC_i_0/MSC_i_1/MSC_i_8/MSC_i_10/cmd_fifo_wr_data_reg4[6]:D
  Delay (ns):              0.297
  Slack (ns):              0.031
  Arrival (ns):            8.018
  Required (ns):           7.987
  Operating Conditions: slow_lv_lt

Path 2
  From: PF_DDR4_SS_0/MSC_i_0/MSC_i_1/MSC_i_8/MSC_i_10/cmd_fifo_wr_data_reg3[50]:CLK
  To:   PF_DDR4_SS_0/MSC_i_0/MSC_i_1/MSC_i_8/MSC_i_10/cmd_fifo_wr_data_reg4[50]:D
  Delay (ns):              0.296
  Slack (ns):              0.034
  Arrival (ns):            8.018
  Required (ns):           7.984
  Operating Conditions: slow_lv_lt

Path 3
  From: PF_DDR4_SS_0/MSC_i_0/MSC_i_1/MSC_i_8/MSC_i_10/cmd_fifo_wr_data_reg3[0]:CLK
  To:   PF_DDR4_SS_0/MSC_i_0/MSC_i_1/MSC_i_8/MSC_i_10/cmd_fifo_wr_data_reg4[0]:D
  Delay (ns):              0.302
  Slack (ns):              0.036
  Arrival (ns):            8.023
  Required (ns):           7.987
  Operating Conditions: slow_lv_lt

Path 4
  From: PF_DDR4_SS_0/MSC_i_0/MSC_i_1/MSC_i_8/MSC_i_10/wr_data_delay_fifo_rd_data_reg[61]:CLK
  To:   PF_DDR4_SS_0/MSC_i_0/MSC_i_1/MSC_i_8/MSC_i_10/wr_data_packed[125]:D
  Delay (ns):              0.303
  Slack (ns):              0.039
  Arrival (ns):            8.013
  Required (ns):           7.974
  Operating Conditions: slow_lv_lt

Path 5
  From: PF_DDR4_SS_0/MSC_i_0/MSC_i_1/MSC_i_8/MSC_i_10/cmd_fifo_wr_data_reg3[89]:CLK
  To:   PF_DDR4_SS_0/MSC_i_0/MSC_i_1/MSC_i_8/MSC_i_10/cmd_fifo_wr_data_reg4[89]:D
  Delay (ns):              0.194
  Slack (ns):              0.039
  Arrival (ns):            5.595
  Required (ns):           5.556
  Operating Conditions: fast_hv_lt

Path 6
  From: PF_DDR4_SS_0/MSC_i_0/MSC_i_1/MSC_i_8/MSC_i_10/cmd_fifo_wr_data_reg3[11]:CLK
  To:   PF_DDR4_SS_0/MSC_i_0/MSC_i_1/MSC_i_8/MSC_i_10/cmd_fifo_wr_data_reg4[11]:D
  Delay (ns):              0.305
  Slack (ns):              0.039
  Arrival (ns):            8.026
  Required (ns):           7.987
  Operating Conditions: slow_lv_lt

Path 7
  From: PF_DDR4_SS_0/MSC_i_0/MSC_i_1/MSC_i_8/MSC_i_10/cmd_fifo_wr_data_reg3[3]:CLK
  To:   PF_DDR4_SS_0/MSC_i_0/MSC_i_1/MSC_i_8/MSC_i_10/cmd_fifo_wr_data_reg4[3]:D
  Delay (ns):              0.308
  Slack (ns):              0.042
  Arrival (ns):            8.029
  Required (ns):           7.987
  Operating Conditions: slow_lv_lt

Path 8
  From: PF_DDR4_SS_0/MSC_i_0/MSC_i_1/MSC_i_8/MSC_i_10/cmd_fifo_wr_data_reg3[88]:CLK
  To:   PF_DDR4_SS_0/MSC_i_0/MSC_i_1/MSC_i_8/MSC_i_10/cmd_fifo_wr_data_reg4[88]:D
  Delay (ns):              0.197
  Slack (ns):              0.043
  Arrival (ns):            5.598
  Required (ns):           5.555
  Operating Conditions: fast_hv_lt

Path 9
  From: PF_DDR4_SS_0/MSC_i_0/MSC_i_1/MSC_i_8/MSC_i_10/cmd_fifo_wr_data_reg3[53]:CLK
  To:   PF_DDR4_SS_0/MSC_i_0/MSC_i_1/MSC_i_8/MSC_i_10/cmd_fifo_wr_data_reg4[53]:D
  Delay (ns):              0.308
  Slack (ns):              0.045
  Arrival (ns):            8.029
  Required (ns):           7.984
  Operating Conditions: slow_lv_lt

Path 10
  From: PF_DDR4_SS_0/MSC_i_0/MSC_i_1/MSC_i_8/MSC_i_10/cmd_fifo_wr_data_reg3[85]:CLK
  To:   PF_DDR4_SS_0/MSC_i_0/MSC_i_1/MSC_i_8/MSC_i_10/cmd_fifo_wr_data_reg4[85]:D
  Delay (ns):              0.199
  Slack (ns):              0.046
  Arrival (ns):            5.601
  Required (ns):           5.555
  Operating Conditions: fast_hv_lt

Path 11
  From: PF_DDR4_SS_0/MSC_i_0/MSC_i_1/MSC_i_8/MSC_i_252/MSC_i_255/data_r1[99]:CLK
  To:   PF_DDR4_SS_0/MSC_i_0/MSC_i_1/MSC_i_8/MSC_i_252/MSC_i_255/data_r2[99]:D
  Delay (ns):              0.202
  Slack (ns):              0.047
  Arrival (ns):            5.603
  Required (ns):           5.556
  Operating Conditions: fast_hv_lt

Path 12
  From: PF_DDR4_SS_0/MSC_i_0/MSC_i_1/MSC_i_8/MSC_i_10/cmd_fifo_wr_data_reg3[8]:CLK
  To:   PF_DDR4_SS_0/MSC_i_0/MSC_i_1/MSC_i_8/MSC_i_10/cmd_fifo_wr_data_reg4[8]:D
  Delay (ns):              0.201
  Slack (ns):              0.047
  Arrival (ns):            5.602
  Required (ns):           5.555
  Operating Conditions: fast_hv_lt

Path 13
  From: PF_DDR4_SS_0/MSC_i_0/MSC_i_1/MSC_i_8/MSC_i_10/cmd_fifo_wr_data_reg3[59]:CLK
  To:   PF_DDR4_SS_0/MSC_i_0/MSC_i_1/MSC_i_8/MSC_i_10/cmd_fifo_wr_data_reg4[59]:D
  Delay (ns):              0.199
  Slack (ns):              0.047
  Arrival (ns):            5.601
  Required (ns):           5.554
  Operating Conditions: fast_hv_lt

Path 14
  From: PF_DDR4_SS_0/MSC_i_0/MSC_i_1/MSC_i_8/MSC_i_272/data_shifter_gen[1].data_shifter[1][107]:CLK
  To:   PF_DDR4_SS_0/DDRPHY_BLK_0/IOD_TRAINING_0/COREDDR_TIP_INT_U/u_register_bank/pipelined_generate_block.IOG_DQ_TXDATA_OUT[24]:D
  Delay (ns):              0.201
  Slack (ns):              0.048
  Arrival (ns):            5.587
  Required (ns):           5.539
  Operating Conditions: fast_hv_lt

Path 15
  From: PF_DDR4_SS_0/MSC_i_0/MSC_i_1/MSC_i_8/MSC_i_10/cmd_fifo_wr_data_reg3[95]:CLK
  To:   PF_DDR4_SS_0/MSC_i_0/MSC_i_1/MSC_i_8/MSC_i_10/cmd_fifo_wr_data_reg4[95]:D
  Delay (ns):              0.202
  Slack (ns):              0.048
  Arrival (ns):            5.603
  Required (ns):           5.555
  Operating Conditions: fast_hv_lt

Path 16
  From: PF_DDR4_SS_0/MSC_i_0/MSC_i_1/MSC_i_8/MSC_i_10/cmd_fifo_wr_data_reg3[56]:CLK
  To:   PF_DDR4_SS_0/MSC_i_0/MSC_i_1/MSC_i_8/MSC_i_10/cmd_fifo_wr_data_reg4[56]:D
  Delay (ns):              0.201
  Slack (ns):              0.049
  Arrival (ns):            5.603
  Required (ns):           5.554
  Operating Conditions: fast_hv_lt

Path 17
  From: CoreDMA_IO_CTRL_0/UART_SD_0/pattern_gen_checker_0/awaddr_o[20]:CLK
  To:   AXI4_Interconnect_0/AXI4_Interconnect_0/MstConvertor_loop[2].mstrconv/rgsl/genblk1.awrs/holdDat[51]:D
  Delay (ns):              0.198
  Slack (ns):              0.049
  Arrival (ns):            5.588
  Required (ns):           5.539
  Operating Conditions: fast_hv_lt

Path 18
  From: PF_DDR4_SS_0/MSC_i_0/MSC_i_1/MSC_i_8/MSC_i_10/cmd_fifo_wr_data_reg3[58]:CLK
  To:   PF_DDR4_SS_0/MSC_i_0/MSC_i_1/MSC_i_8/MSC_i_10/cmd_fifo_wr_data_reg4[58]:D
  Delay (ns):              0.202
  Slack (ns):              0.050
  Arrival (ns):            5.604
  Required (ns):           5.554
  Operating Conditions: fast_hv_lt

Path 19
  From: PF_DDR4_SS_0/MSC_i_0/MSC_i_1/MSC_i_8/MSC_i_10/cmd_fifo_wr_data_reg3[54]:CLK
  To:   PF_DDR4_SS_0/MSC_i_0/MSC_i_1/MSC_i_8/MSC_i_10/cmd_fifo_wr_data_reg4[54]:D
  Delay (ns):              0.202
  Slack (ns):              0.050
  Arrival (ns):            5.604
  Required (ns):           5.554
  Operating Conditions: fast_hv_lt

Path 20
  From: CoreDMA_IO_CTRL_0/UART_SD_0/pattern_gen_checker_0/awaddr_o[15]:CLK
  To:   AXI4_Interconnect_0/AXI4_Interconnect_0/MstConvertor_loop[2].mstrconv/rgsl/genblk1.awrs/holdDat[46]:D
  Delay (ns):              0.203
  Slack (ns):              0.051
  Arrival (ns):            5.593
  Required (ns):           5.542
  Operating Conditions: fast_hv_lt

Path 21
  From: PF_DDR4_SS_0/MSC_i_0/MSC_i_1/MSC_i_8/MSC_i_10/wr_data_delay_fifo_rd_data_reg_early[57]:CLK
  To:   PF_DDR4_SS_0/MSC_i_0/MSC_i_1/MSC_i_8/MSC_i_10/wr_data_delay_fifo_rd_data_reg[57]:D
  Delay (ns):              0.202
  Slack (ns):              0.052
  Arrival (ns):            5.595
  Required (ns):           5.543
  Operating Conditions: fast_hv_lt

Path 22
  From: CoreDMA_IO_CTRL_0/UART_SD_0/pattern_gen_checker_0/awaddr_o[17]:CLK
  To:   AXI4_Interconnect_0/AXI4_Interconnect_0/MstConvertor_loop[2].mstrconv/rgsl/genblk1.awrs/holdDat[48]:D
  Delay (ns):              0.209
  Slack (ns):              0.057
  Arrival (ns):            5.599
  Required (ns):           5.542
  Operating Conditions: fast_hv_lt

Path 23
  From: CoreDMA_IO_CTRL_0/UART_SD_0/pattern_gen_checker_0/awaddr_o[14]:CLK
  To:   AXI4_Interconnect_0/AXI4_Interconnect_0/MstConvertor_loop[2].mstrconv/rgsl/genblk1.awrs/holdDat[45]:D
  Delay (ns):              0.209
  Slack (ns):              0.057
  Arrival (ns):            5.599
  Required (ns):           5.542
  Operating Conditions: fast_hv_lt

Path 24
  From: si5344a_config_0/i2c_waddr_buf_i/fifo8x8x16_0/genblk18.fifo_corefifo_sync_scntr/memraddr_r[3]:CLK
  To:   si5344a_config_0/i2c_waddr_buf_i/fifo8x8x16_0/genblk24.UI_ram_wrapper_1/U5_syncnonpipe/fifo8x8x16_fifo8x8x16_0_USRAM_top_R0C0/R_ADDR_3_inst:D
  Delay (ns):              0.186
  Slack (ns):              0.062
  Arrival (ns):            3.466
  Required (ns):           3.404
  Operating Conditions: fast_hv_lt

Path 25
  From: AXI4_Interconnect_0/AXI4_Interconnect_0/SlvConvertor_loop[3].slvcnv/rgsl/genblk4.wrs/sDat[64]:CLK
  To:   SRAM_AXI_0/COREAXI4SRAM_0/genblk1.U_SRAM_AXI_COREAXI4SRAM_0_CoreAXI4SRAM_MAINCTRL/genblk1.wdata_sc_r[54]:D
  Delay (ns):              0.208
  Slack (ns):              0.062
  Arrival (ns):            5.604
  Required (ns):           5.542
  Operating Conditions: fast_hv_lt

Path 26
  From: CoreDMA_IO_CTRL_0/axi4dma_init_0/dmainit_state[3]:CLK
  To:   CoreDMA_IO_CTRL_0/axi4dma_init_0/dmainit_state[4]:D
  Delay (ns):              0.215
  Slack (ns):              0.063
  Arrival (ns):            5.580
  Required (ns):           5.517
  Operating Conditions: fast_hv_lt

Path 27
  From: PF_DDR4_SS_0/MSC_i_0/MSC_i_1/MSC_i_8/MSC_i_273/dfi_bank_r2[2]:CLK
  To:   PF_DDR4_SS_0/DDRPHY_BLK_0/IOD_TRAINING_0/COREDDR_TIP_INT_U/u_register_bank/pipelined_generate_block.DFI_BG_P0_OUT[0]:D
  Delay (ns):              0.143
  Slack (ns):              0.068
  Arrival (ns):            5.540
  Required (ns):           5.472
  Operating Conditions: fast_hv_lt

Path 28
  From: PF_DDR4_SS_0/MSC_i_0/MSC_i_1/MSC_i_8/MSC_i_273/dfi_address_r2[5]:CLK
  To:   PF_DDR4_SS_0/DDRPHY_BLK_0/IOD_TRAINING_0/COREDDR_TIP_INT_U/u_register_bank/pipelined_generate_block.DFI_ADDRESS_P0_OUT[5]:D
  Delay (ns):              0.143
  Slack (ns):              0.068
  Arrival (ns):            5.545
  Required (ns):           5.477
  Operating Conditions: fast_hv_lt

Path 29
  From: PF_DDR4_SS_0/MSC_i_0/MSC_i_1/MSC_i_8/MSC_i_140/MSC_i_141/r_valid_sh[2]:CLK
  To:   PF_DDR4_SS_0/MSC_i_0/MSC_i_1/MSC_i_8/MSC_i_140/MSC_i_141/r_valid_sh[3]:D
  Delay (ns):              0.143
  Slack (ns):              0.068
  Arrival (ns):            5.543
  Required (ns):           5.475
  Operating Conditions: fast_hv_lt

Path 30
  From: PF_DDR4_SS_0/MSC_i_0/MSC_i_1/MSC_i_8/MSC_i_140/MSC_i_141/MSC_i_157/data_shifter_gen[35].data_shifter[35][1]:CLK
  To:   PF_DDR4_SS_0/MSC_i_0/MSC_i_1/MSC_i_8/MSC_i_140/MSC_i_141/MSC_i_157/data_shifter_gen[34].data_shifter[34][1]:D
  Delay (ns):              0.143
  Slack (ns):              0.068
  Arrival (ns):            5.538
  Required (ns):           5.470
  Operating Conditions: fast_hv_lt

Path 31
  From: PF_DDR4_SS_0/MSC_i_0/MSC_i_1/MSC_i_8/MSC_i_140/MSC_i_141/MSC_i_157/data_shifter_gen[16].data_shifter[16][1]:CLK
  To:   PF_DDR4_SS_0/MSC_i_0/MSC_i_1/MSC_i_8/MSC_i_140/MSC_i_141/MSC_i_157/data_shifter_gen[15].data_shifter[15][1]:D
  Delay (ns):              0.143
  Slack (ns):              0.068
  Arrival (ns):            5.536
  Required (ns):           5.468
  Operating Conditions: fast_hv_lt

Path 32
  From: PF_DDR4_SS_0/MSC_i_0/MSC_i_1/MSC_i_8/MSC_i_140/MSC_i_141/MSC_i_157/data_shifter_gen[10].data_shifter[10][1]:CLK
  To:   PF_DDR4_SS_0/MSC_i_0/MSC_i_1/MSC_i_8/MSC_i_140/MSC_i_141/MSC_i_157/data_shifter_gen[9].data_shifter[9][1]:D
  Delay (ns):              0.143
  Slack (ns):              0.068
  Arrival (ns):            5.536
  Required (ns):           5.468
  Operating Conditions: fast_hv_lt

Path 33
  From: PF_DDR4_SS_0/MSC_i_0/MSC_i_1/MSC_i_8/MSC_i_140/MSC_i_141/MSC_i_156/lat_n0.resettable.data_shifter_0_[33]:CLK
  To:   PF_DDR4_SS_0/MSC_i_0/MSC_i_1/MSC_i_8/MSC_i_140/MSC_i_141/MSC_i_156/lat_n0.resettable.data_shifter_1_[33]:D
  Delay (ns):              0.143
  Slack (ns):              0.068
  Arrival (ns):            5.535
  Required (ns):           5.467
  Operating Conditions: fast_hv_lt

Path 34
  From: PF_DDR4_SS_0/MSC_i_0/MSC_i_1/MSC_i_8/MSC_i_140/MSC_i_141/MSC_i_149/lat_n0.resettable.data_shifter_2_[0]:CLK
  To:   PF_DDR4_SS_0/MSC_i_0/MSC_i_1/MSC_i_8/MSC_i_273/dfi_we_n_r1:D
  Delay (ns):              0.143
  Slack (ns):              0.068
  Arrival (ns):            5.543
  Required (ns):           5.475
  Operating Conditions: fast_hv_lt

Path 35
  From: PF_DDR4_SS_0/DDRPHY_BLK_0/IOD_TRAINING_0/COREDDR_TIP_INT_U/TIP_CTRL_BLK/LEVELLING/IOG_IF/direction_int[17]:CLK
  To:   PF_DDR4_SS_0/DDRPHY_BLK_0/IOD_TRAINING_0/COREDDR_TIP_INT_U/DIRECTION[17]:D
  Delay (ns):              0.143
  Slack (ns):              0.068
  Arrival (ns):            5.511
  Required (ns):           5.443
  Operating Conditions: fast_hv_lt

Path 36
  From: PF_DDR4_SS_0/MSC_i_0/MSC_i_1/MSC_i_8/MSC_i_10/awaddr_r1[21]:CLK
  To:   PF_DDR4_SS_0/MSC_i_0/MSC_i_1/MSC_i_8/MSC_i_10/wr_cmd_wr_data[21]:D
  Delay (ns):              0.143
  Slack (ns):              0.069
  Arrival (ns):            5.539
  Required (ns):           5.470
  Operating Conditions: fast_hv_lt

Path 37
  From: CoreDMA_IO_CTRL_0/axi4dma_init_0/reg_raddr[0]:CLK
  To:   CoreDMA_IO_CTRL_0/axi4dma_init_0/araddr_reg[0]:D
  Delay (ns):              0.144
  Slack (ns):              0.069
  Arrival (ns):            5.500
  Required (ns):           5.431
  Operating Conditions: fast_hv_lt

Path 38
  From: CoreDMA_IO_CTRL_0/CoreDMA_Controller_0/CoreDMA_Controller_0/CAXI4DMAI00OI/CAXI4DMAO1lI[18]:CLK
  To:   AXI4_Interconnect_0/AXI4_Interconnect_0/MstConvertor_loop[1].mstrconv/rgsl/genblk4.wrs/holdDat[28]:D
  Delay (ns):              0.200
  Slack (ns):              0.069
  Arrival (ns):            5.584
  Required (ns):           5.515
  Operating Conditions: fast_hv_lt

Path 39
  From: AXI4_Interconnect_0/AXI4_Interconnect_0/SlvConvertor_loop[4].slvcnv/rgsl/genblk1.awrs/sDat[50]:CLK
  To:   PF_DDR4_SS_0/MSC_i_0/MSC_i_1/MSC_i_8/MSC_i_10/awaddr_r1[19]:D
  Delay (ns):              0.144
  Slack (ns):              0.069
  Arrival (ns):            5.536
  Required (ns):           5.467
  Operating Conditions: fast_hv_lt

Path 40
  From: PF_DDR4_SS_0/MSC_i_0/MSC_i_1/MSC_i_8/MSC_i_273/dfi_ras_n_r2:CLK
  To:   PF_DDR4_SS_0/DDRPHY_BLK_0/IOD_TRAINING_0/COREDDR_TIP_INT_U/u_register_bank/pipelined_generate_block.DFI_RAS_N_P0_OUT:D
  Delay (ns):              0.145
  Slack (ns):              0.070
  Arrival (ns):            5.542
  Required (ns):           5.472
  Operating Conditions: fast_hv_lt

Path 41
  From: PF_DDR4_SS_0/MSC_i_0/MSC_i_1/MSC_i_8/MSC_i_273/dfi_bank_r2[0]:CLK
  To:   PF_DDR4_SS_0/DDRPHY_BLK_0/IOD_TRAINING_0/COREDDR_TIP_INT_U/u_register_bank/pipelined_generate_block.DFI_BANK_P0_OUT[0]:D
  Delay (ns):              0.145
  Slack (ns):              0.070
  Arrival (ns):            5.542
  Required (ns):           5.472
  Operating Conditions: fast_hv_lt

Path 42
  From: PF_DDR4_SS_0/MSC_i_0/MSC_i_1/MSC_i_8/MSC_i_273/dfi_act_n_r2:CLK
  To:   PF_DDR4_SS_0/DDRPHY_BLK_0/IOD_TRAINING_0/COREDDR_TIP_INT_U/u_register_bank/pipelined_generate_block.DFI_ACT_N_P0_OUT:D
  Delay (ns):              0.145
  Slack (ns):              0.070
  Arrival (ns):            5.546
  Required (ns):           5.476
  Operating Conditions: fast_hv_lt

Path 43
  From: PF_DDR4_SS_0/MSC_i_0/MSC_i_1/MSC_i_8/MSC_i_140/MSC_i_141/rd_cmd_sh[3]:CLK
  To:   PF_DDR4_SS_0/MSC_i_0/MSC_i_1/MSC_i_8/MSC_i_140/MSC_i_141/rd_cmd_sh[4]:D
  Delay (ns):              0.145
  Slack (ns):              0.070
  Arrival (ns):            5.545
  Required (ns):           5.475
  Operating Conditions: fast_hv_lt

Path 44
  From: PF_DDR4_SS_0/MSC_i_0/MSC_i_1/MSC_i_8/MSC_i_10/wr_data_delay_fifo_rd_data_reg_early[28]:CLK
  To:   PF_DDR4_SS_0/MSC_i_0/MSC_i_1/MSC_i_8/MSC_i_10/wr_data_delay_fifo_rd_data_reg[28]:D
  Delay (ns):              0.145
  Slack (ns):              0.070
  Arrival (ns):            5.530
  Required (ns):           5.460
  Operating Conditions: fast_hv_lt

Path 45
  From: PF_DDR4_SS_0/MSC_i_0/MSC_i_1/MSC_i_8/MSC_i_10/awaddr_r1[12]:CLK
  To:   PF_DDR4_SS_0/MSC_i_0/MSC_i_1/MSC_i_8/MSC_i_10/wr_cmd_wr_data[12]:D
  Delay (ns):              0.145
  Slack (ns):              0.070
  Arrival (ns):            5.538
  Required (ns):           5.468
  Operating Conditions: fast_hv_lt

Path 46
  From: PF_DDR4_SS_0/DDRPHY_BLK_0/IOD_TRAINING_0/COREDDR_TIP_INT_U/TIP_CTRL_BLK/LEVELLING/IOG_IF/move_int[12]:CLK
  To:   PF_DDR4_SS_0/DDRPHY_BLK_0/IOD_TRAINING_0/COREDDR_TIP_INT_U/MOVE[12]:D
  Delay (ns):              0.144
  Slack (ns):              0.070
  Arrival (ns):            5.505
  Required (ns):           5.435
  Operating Conditions: fast_hv_lt

Path 47
  From: CoreDMA_IO_CTRL_0/axi4dma_init_0/reg_raddr[1]:CLK
  To:   CoreDMA_IO_CTRL_0/axi4dma_init_0/araddr_reg[1]:D
  Delay (ns):              0.145
  Slack (ns):              0.070
  Arrival (ns):            5.501
  Required (ns):           5.431
  Operating Conditions: fast_hv_lt

Path 48
  From: PF_DDR4_SS_0/MSC_i_0/MSC_i_1/MSC_i_8/MSC_i_10/araddr_r1[9]:CLK
  To:   PF_DDR4_SS_0/MSC_i_0/MSC_i_1/MSC_i_8/MSC_i_10/rd_cmd_wr_data[9]:D
  Delay (ns):              0.147
  Slack (ns):              0.071
  Arrival (ns):            5.540
  Required (ns):           5.469
  Operating Conditions: fast_hv_lt

Path 49
  From: PF_DDR4_SS_0/DDRPHY_BLK_0/IOD_TRAINING_0/COREDDR_TIP_INT_U/TIP_CTRL_BLK/LEVELLING/WRLVL/wrlvl_instances[0].uWrlvl/dq_in_reg[0]:CLK
  To:   PF_DDR4_SS_0/DDRPHY_BLK_0/IOD_TRAINING_0/COREDDR_TIP_INT_U/TIP_CTRL_BLK/LEVELLING/WRLVL/wrlvl_instances[0].uWrlvl/dq_in_reg_2[0]:D
  Delay (ns):              0.145
  Slack (ns):              0.071
  Arrival (ns):            5.527
  Required (ns):           5.456
  Operating Conditions: fast_hv_lt

Path 50
  From: si5344a_config_0/slv_addr_shift_reg[1]:CLK
  To:   si5344a_config_0/slv_addr_shift_reg[2]:D
  Delay (ns):              0.144
  Slack (ns):              0.072
  Arrival (ns):            3.399
  Required (ns):           3.327
  Operating Conditions: fast_hv_lt

Path 51
  From: PF_DDR4_SS_0/MSC_i_0/MSC_i_1/MSC_i_8/MSC_i_273/dfi_address_r2[9]:CLK
  To:   PF_DDR4_SS_0/DDRPHY_BLK_0/IOD_TRAINING_0/COREDDR_TIP_INT_U/u_register_bank/pipelined_generate_block.DFI_ADDRESS_P0_OUT[9]:D
  Delay (ns):              0.147
  Slack (ns):              0.072
  Arrival (ns):            5.549
  Required (ns):           5.477
  Operating Conditions: fast_hv_lt

Path 52
  From: PF_DDR4_SS_0/MSC_i_0/MSC_i_1/MSC_i_8/MSC_i_169/gen_fr4.DFI_WRDATA_ALIGN_eq_0.dfi_wrdata_p3_po_r1[9]:CLK
  To:   PF_DDR4_SS_0/MSC_i_0/MSC_i_1/MSC_i_8/MSC_i_272/data_shifter_gen[1].data_shifter[1][49]:D
  Delay (ns):              0.147
  Slack (ns):              0.072
  Arrival (ns):            5.536
  Required (ns):           5.464
  Operating Conditions: fast_hv_lt

Path 53
  From: PF_DDR4_SS_0/MSC_i_0/MSC_i_1/MSC_i_8/MSC_i_169/gen_fr4.DFI_WRDATA_ALIGN_eq_0.dfi_wrdata_p3_po_r1[22]:CLK
  To:   PF_DDR4_SS_0/MSC_i_0/MSC_i_1/MSC_i_8/MSC_i_272/data_shifter_gen[1].data_shifter[1][62]:D
  Delay (ns):              0.147
  Slack (ns):              0.072
  Arrival (ns):            5.537
  Required (ns):           5.465
  Operating Conditions: fast_hv_lt

Path 54
  From: PF_DDR4_SS_0/MSC_i_0/MSC_i_1/MSC_i_8/MSC_i_140/MSC_i_141/MSC_i_157/data_shifter_gen[31].data_shifter[31][1]:CLK
  To:   PF_DDR4_SS_0/MSC_i_0/MSC_i_1/MSC_i_8/MSC_i_140/MSC_i_141/MSC_i_157/data_shifter_gen[30].data_shifter[30][1]:D
  Delay (ns):              0.147
  Slack (ns):              0.072
  Arrival (ns):            5.542
  Required (ns):           5.470
  Operating Conditions: fast_hv_lt

Path 55
  From: PF_DDR4_SS_0/MSC_i_0/MSC_i_1/MSC_i_8/MSC_i_10/wr_data_packed[60]:CLK
  To:   PF_DDR4_SS_0/MSC_i_0/MSC_i_1/MSC_i_8/MSC_i_10/wr_data_fifo_wr_data[60]:D
  Delay (ns):              0.146
  Slack (ns):              0.072
  Arrival (ns):            5.539
  Required (ns):           5.467
  Operating Conditions: fast_hv_lt

Path 56
  From: PF_DDR4_SS_0/DDRPHY_BLK_0/IOD_TRAINING_0/COREDDR_TIP_INT_U/TIP_CTRL_BLK/LEVELLING/WRLVL/wrlvl_instances[1].uWrlvl/dq_in_reg[3]:CLK
  To:   PF_DDR4_SS_0/DDRPHY_BLK_0/IOD_TRAINING_0/COREDDR_TIP_INT_U/TIP_CTRL_BLK/LEVELLING/WRLVL/wrlvl_instances[1].uWrlvl/dq_in_reg_2[3]:D
  Delay (ns):              0.147
  Slack (ns):              0.072
  Arrival (ns):            5.511
  Required (ns):           5.439
  Operating Conditions: fast_hv_lt

Path 57
  From: CORERESET_PF_C0_0/CORERESET_PF_C0_0/dff_3:CLK
  To:   CORERESET_PF_C0_0/CORERESET_PF_C0_0/dff_4:D
  Delay (ns):              0.147
  Slack (ns):              0.072
  Arrival (ns):            3.408
  Required (ns):           3.336
  Operating Conditions: fast_hv_lt

Path 58
  From: AXI4_Interconnect_0/AXI4_Interconnect_0/SlvConvertor_loop[4].slvcnv/rgsl/genblk1.awrs/sDat[48]:CLK
  To:   PF_DDR4_SS_0/MSC_i_0/MSC_i_1/MSC_i_8/MSC_i_10/awaddr_r1[17]:D
  Delay (ns):              0.147
  Slack (ns):              0.072
  Arrival (ns):            5.539
  Required (ns):           5.467
  Operating Conditions: fast_hv_lt

Path 59
  From: AXI4_Interconnect_0/AXI4_Interconnect_0/SlvConvertor_loop[3].slvcnv/rgsl/genblk4.wrs/sDat[12]:CLK
  To:   SRAM_AXI_0/COREAXI4SRAM_0/genblk1.U_SRAM_AXI_COREAXI4SRAM_0_CoreAXI4SRAM_MAINCTRL/genblk1.wdata_sc_r[2]:D
  Delay (ns):              0.147
  Slack (ns):              0.072
  Arrival (ns):            5.531
  Required (ns):           5.459
  Operating Conditions: fast_hv_lt

Path 60
  From: PF_DDR4_SS_0/MSC_i_0/MSC_i_1/MSC_i_8/MSC_i_273/dfi_reset_n_r1:CLK
  To:   PF_DDR4_SS_0/DDRPHY_BLK_0/IOD_TRAINING_0/COREDDR_TIP_INT_U/u_register_bank/pipelined_generate_block.DFI_RESET_N_P2_OUT:D
  Delay (ns):              0.148
  Slack (ns):              0.073
  Arrival (ns):            5.545
  Required (ns):           5.472
  Operating Conditions: fast_hv_lt

Path 61
  From: PF_DDR4_SS_0/MSC_i_0/MSC_i_1/MSC_i_8/MSC_i_273/dfi_bank_r1[0]:CLK
  To:   PF_DDR4_SS_0/DDRPHY_BLK_0/IOD_TRAINING_0/COREDDR_TIP_INT_U/u_register_bank/pipelined_generate_block.DFI_BANK_P3_OUT[0]:D
  Delay (ns):              0.148
  Slack (ns):              0.073
  Arrival (ns):            5.545
  Required (ns):           5.472
  Operating Conditions: fast_hv_lt

Path 62
  From: PF_DDR4_SS_0/MSC_i_0/MSC_i_1/MSC_i_8/MSC_i_273/dfi_address_r2[0]:CLK
  To:   PF_DDR4_SS_0/DDRPHY_BLK_0/IOD_TRAINING_0/COREDDR_TIP_INT_U/u_register_bank/pipelined_generate_block.DFI_ADDRESS_P0_OUT[0]:D
  Delay (ns):              0.148
  Slack (ns):              0.073
  Arrival (ns):            5.552
  Required (ns):           5.479
  Operating Conditions: fast_hv_lt

Path 63
  From: PF_DDR4_SS_0/MSC_i_0/MSC_i_1/MSC_i_8/MSC_i_273/dfi_address_r1[8]:CLK
  To:   PF_DDR4_SS_0/DDRPHY_BLK_0/IOD_TRAINING_0/COREDDR_TIP_INT_U/u_register_bank/pipelined_generate_block.DFI_ADDRESS_P3_OUT[8]:D
  Delay (ns):              0.148
  Slack (ns):              0.073
  Arrival (ns):            5.545
  Required (ns):           5.472
  Operating Conditions: fast_hv_lt

Path 64
  From: PF_DDR4_SS_0/MSC_i_0/MSC_i_1/MSC_i_8/MSC_i_169/gen_fr4.DFI_WRDATA_ALIGN_eq_0.dfi_wrdata_p3_po_r1[0]:CLK
  To:   PF_DDR4_SS_0/MSC_i_0/MSC_i_1/MSC_i_8/MSC_i_272/data_shifter_gen[1].data_shifter[1][40]:D
  Delay (ns):              0.147
  Slack (ns):              0.073
  Arrival (ns):            5.534
  Required (ns):           5.461
  Operating Conditions: fast_hv_lt

Path 65
  From: PF_DDR4_SS_0/MSC_i_0/MSC_i_1/MSC_i_8/MSC_i_169/MSC_i_203/fr4.dfi_in_p3_r:CLK
  To:   PF_DDR4_SS_0/MSC_i_0/MSC_i_1/MSC_i_8/MSC_i_272/data_shifter_gen[1].data_shifter[1][128]:D
  Delay (ns):              0.147
  Slack (ns):              0.073
  Arrival (ns):            5.520
  Required (ns):           5.447
  Operating Conditions: fast_hv_lt

Path 66
  From: PF_DDR4_SS_0/MSC_i_0/MSC_i_1/MSC_i_8/MSC_i_169/MSC_i_195/fr4.dfi_in_p3_r:CLK
  To:   PF_DDR4_SS_0/MSC_i_0/MSC_i_1/MSC_i_8/MSC_i_272/data_shifter_gen[1].data_shifter[1][110]:D
  Delay (ns):              0.147
  Slack (ns):              0.073
  Arrival (ns):            5.522
  Required (ns):           5.449
  Operating Conditions: fast_hv_lt

Path 67
  From: PF_DDR4_SS_0/MSC_i_0/MSC_i_1/MSC_i_8/MSC_i_10/awaddr_r1[13]:CLK
  To:   PF_DDR4_SS_0/MSC_i_0/MSC_i_1/MSC_i_8/MSC_i_10/wr_cmd_wr_data[13]:D
  Delay (ns):              0.148
  Slack (ns):              0.073
  Arrival (ns):            5.541
  Required (ns):           5.468
  Operating Conditions: fast_hv_lt

Path 68
  From: PF_DDR4_SS_0/MSC_i_0/MSC_i_1/MSC_i_8/MSC_i_10/araddr_r1[22]:CLK
  To:   PF_DDR4_SS_0/MSC_i_0/MSC_i_1/MSC_i_8/MSC_i_10/rd_cmd_wr_data[22]:D
  Delay (ns):              0.148
  Slack (ns):              0.073
  Arrival (ns):            5.544
  Required (ns):           5.471
  Operating Conditions: fast_hv_lt

Path 69
  From: PF_DDR4_SS_0/MSC_i_0/MSC_i_1/MSC_i_8/MSC_i_10/araddr_r1[18]:CLK
  To:   PF_DDR4_SS_0/MSC_i_0/MSC_i_1/MSC_i_8/MSC_i_10/rd_cmd_wr_data[18]:D
  Delay (ns):              0.144
  Slack (ns):              0.073
  Arrival (ns):            5.558
  Required (ns):           5.485
  Operating Conditions: fast_hv_lt

Path 70
  From: PF_DDR4_SS_0/MSC_i_0/MSC_i_1/MSC_i_8/MSC_i_10/MSC_i_53/MSC_i_54/MSC_i_56/din_gray_r[1]:CLK
  To:   PF_DDR4_SS_0/MSC_i_0/MSC_i_1/MSC_i_8/MSC_i_10/MSC_i_53/MSC_i_54/MSC_i_56/MSC_i_58/MSC_i_62/s0:D
  Delay (ns):              0.200
  Slack (ns):              0.073
  Arrival (ns):            5.611
  Required (ns):           5.538
  Operating Conditions: fast_hv_lt

Path 71
  From: PF_DDR4_SS_0/DDRPHY_BLK_0/IOD_TRAINING_0/COREDDR_TIP_INT_U/TIP_CTRL_BLK/LEVELLING/WRLVL/wrlvl_instances[0].uWrlvl/dq_in_reg[4]:CLK
  To:   PF_DDR4_SS_0/DDRPHY_BLK_0/IOD_TRAINING_0/COREDDR_TIP_INT_U/TIP_CTRL_BLK/LEVELLING/WRLVL/wrlvl_instances[0].uWrlvl/dq_in_reg_2[4]:D
  Delay (ns):              0.148
  Slack (ns):              0.073
  Arrival (ns):            5.532
  Required (ns):           5.459
  Operating Conditions: fast_hv_lt

Path 72
  From: PCIe_EP_0/PCIex4_0/pcie_apblink_master_inst/prdata[4]:CLK
  To:   PCIe_EP_0/PCIex4_0/pcie_apblink_master_inst/prdata[3]:D
  Delay (ns):              0.148
  Slack (ns):              0.073
  Arrival (ns):            1.919
  Required (ns):           1.846
  Operating Conditions: fast_hv_lt

Path 73
  From: CoreDMA_IO_CTRL_0/axi4dma_init_0/reg_raddr[7]:CLK
  To:   CoreDMA_IO_CTRL_0/axi4dma_init_0/araddr_reg[7]:D
  Delay (ns):              0.148
  Slack (ns):              0.073
  Arrival (ns):            5.504
  Required (ns):           5.431
  Operating Conditions: fast_hv_lt

Path 74
  From: CoreDMA_IO_CTRL_0/UART_SD_0/cmd_ctrlr_0/mem_address_o[8]:CLK
  To:   CoreDMA_IO_CTRL_0/UART_SD_0/pattern_gen_checker_0/araddr_o[8]:D
  Delay (ns):              0.148
  Slack (ns):              0.073
  Arrival (ns):            5.535
  Required (ns):           5.462
  Operating Conditions: fast_hv_lt

Path 75
  From: AXI4_Interconnect_0/AXI4_Interconnect_0/SlvConvertor_loop[4].slvcnv/rgsl/genblk1.awrs/sDat[45]:CLK
  To:   PF_DDR4_SS_0/MSC_i_0/MSC_i_1/MSC_i_8/MSC_i_10/awaddr_r1[14]:D
  Delay (ns):              0.148
  Slack (ns):              0.073
  Arrival (ns):            5.540
  Required (ns):           5.467
  Operating Conditions: fast_hv_lt

Path 76
  From: AXI4_Interconnect_0/AXI4_Interconnect_0/SlvConvertor_loop[3].slvcnv/rgsl/genblk4.wrs/sDat[48]:CLK
  To:   SRAM_AXI_0/COREAXI4SRAM_0/genblk1.U_SRAM_AXI_COREAXI4SRAM_0_CoreAXI4SRAM_MAINCTRL/genblk1.wdata_sc_r[38]:D
  Delay (ns):              0.148
  Slack (ns):              0.073
  Arrival (ns):            5.532
  Required (ns):           5.459
  Operating Conditions: fast_hv_lt

Path 77
  From: PF_DDR4_SS_0/MSC_i_0/MSC_i_1/MSC_i_8/dfi_rddata_postdbi_r[60]:CLK
  To:   PF_DDR4_SS_0/MSC_i_0/MSC_i_1/MSC_i_8/l_rd_data_to_mp_r[60]:D
  Delay (ns):              0.149
  Slack (ns):              0.074
  Arrival (ns):            5.530
  Required (ns):           5.456
  Operating Conditions: fast_hv_lt

Path 78
  From: PF_DDR4_SS_0/MSC_i_0/MSC_i_1/MSC_i_8/MSC_i_273/dfi_address_r1[2]:CLK
  To:   PF_DDR4_SS_0/DDRPHY_BLK_0/IOD_TRAINING_0/COREDDR_TIP_INT_U/u_register_bank/pipelined_generate_block.DFI_ADDRESS_P1_OUT[2]:D
  Delay (ns):              0.149
  Slack (ns):              0.074
  Arrival (ns):            5.550
  Required (ns):           5.476
  Operating Conditions: fast_hv_lt

Path 79
  From: PF_DDR4_SS_0/MSC_i_0/MSC_i_1/MSC_i_8/MSC_i_169/gen_fr4.DFI_WRDATA_ALIGN_eq_0.dfi_wrdata_p3_po_r1[15]:CLK
  To:   PF_DDR4_SS_0/MSC_i_0/MSC_i_1/MSC_i_8/MSC_i_272/data_shifter_gen[1].data_shifter[1][55]:D
  Delay (ns):              0.149
  Slack (ns):              0.074
  Arrival (ns):            5.526
  Required (ns):           5.452
  Operating Conditions: fast_hv_lt

Path 80
  From: PF_DDR4_SS_0/MSC_i_0/MSC_i_1/MSC_i_8/MSC_i_140/MSC_i_141/MSC_i_157/data_shifter_gen[29].data_shifter[29][1]:CLK
  To:   PF_DDR4_SS_0/MSC_i_0/MSC_i_1/MSC_i_8/MSC_i_140/MSC_i_141/MSC_i_157/data_shifter_gen[28].data_shifter[28][1]:D
  Delay (ns):              0.149
  Slack (ns):              0.074
  Arrival (ns):            5.544
  Required (ns):           5.470
  Operating Conditions: fast_hv_lt

Path 81
  From: PF_DDR4_SS_0/MSC_i_0/MSC_i_1/MSC_i_8/MSC_i_140/MSC_i_141/MSC_i_149/lat_n0.resettable.data_shifter_1_[1]:CLK
  To:   PF_DDR4_SS_0/MSC_i_0/MSC_i_1/MSC_i_8/MSC_i_140/MSC_i_141/MSC_i_149/lat_n0.resettable.data_shifter_2_[1]:D
  Delay (ns):              0.149
  Slack (ns):              0.074
  Arrival (ns):            5.549
  Required (ns):           5.475
  Operating Conditions: fast_hv_lt

Path 82
  From: PF_DDR4_SS_0/DDRPHY_BLK_0/IOD_TRAINING_0/COREDDR_TIP_INT_U/u_register_bank/pipelined_generate_block.IOG_DQ_TXDATA_OUT[125]:CLK
  To:   PF_DDR4_SS_0/DDRPHY_BLK_0/IOD_TRAINING_0/COREDDR_TIP_INT_U/TIP_CTRL_BLK/PHY_SIG_MOD/iog_dq_txdata_in_reg[125]:D
  Delay (ns):              0.148
  Slack (ns):              0.074
  Arrival (ns):            5.516
  Required (ns):           5.442
  Operating Conditions: fast_hv_lt

Path 83
  From: PF_DDR4_SS_0/DDRPHY_BLK_0/IOD_TRAINING_0/COREDDR_TIP_INT_U/u_register_bank/pipelined_generate_block.IOG_DM_TXDATA_OUT[5]:CLK
  To:   PF_DDR4_SS_0/DDRPHY_BLK_0/IOD_TRAINING_0/COREDDR_TIP_INT_U/TIP_CTRL_BLK/PHY_SIG_MOD/iog_dm_txdata_in_reg[5]:D
  Delay (ns):              0.149
  Slack (ns):              0.074
  Arrival (ns):            5.545
  Required (ns):           5.471
  Operating Conditions: fast_hv_lt

Path 84
  From: PF_DDR4_SS_0/DDRPHY_BLK_0/IOD_TRAINING_0/COREDDR_TIP_INT_U/TIP_CTRL_BLK/PHY_SIG_MOD/iog_dq_txdata_in_reg[26]:CLK
  To:   PF_DDR4_SS_0/DDRPHY_BLK_0/IOD_TRAINING_0/COREDDR_TIP_INT_U/TIP_CTRL_BLK/PHY_SIG_MOD/iog_dq_txdata_in_reg_2[26]:D
  Delay (ns):              0.148
  Slack (ns):              0.074
  Arrival (ns):            5.528
  Required (ns):           5.454
  Operating Conditions: fast_hv_lt

Path 85
  From: AXI4_Interconnect_0/AXI4_Interconnect_0/SlvConvertor_loop[1].slvcnv/rgsl/genblk4.wrs/sDat[19]:CLK
  To:   CoreDMA_IO_CTRL_0/axi_io_ctrl_0/coredma_size_o[9]:D
  Delay (ns):              0.148
  Slack (ns):              0.074
  Arrival (ns):            5.530
  Required (ns):           5.456
  Operating Conditions: fast_hv_lt

Path 86
  From: PF_DDR4_SS_0/MSC_i_0/MSC_i_1/MSC_i_8/MSC_i_252/MSC_i_255/data_r1[22]:CLK
  To:   PF_DDR4_SS_0/MSC_i_0/MSC_i_1/MSC_i_8/MSC_i_252/MSC_i_255/data_r2[22]:D
  Delay (ns):              0.150
  Slack (ns):              0.075
  Arrival (ns):            5.551
  Required (ns):           5.476
  Operating Conditions: fast_hv_lt

Path 87
  From: PF_DDR4_SS_0/MSC_i_0/MSC_i_1/MSC_i_8/MSC_i_169/gen_fr4.DFI_WRDATA_ALIGN_eq_0.dfi_wrdata_p3_po_r1[19]:CLK
  To:   PF_DDR4_SS_0/MSC_i_0/MSC_i_1/MSC_i_8/MSC_i_272/data_shifter_gen[1].data_shifter[1][59]:D
  Delay (ns):              0.147
  Slack (ns):              0.075
  Arrival (ns):            5.548
  Required (ns):           5.473
  Operating Conditions: fast_hv_lt

Path 88
  From: PF_DDR4_SS_0/MSC_i_0/MSC_i_1/MSC_i_8/MSC_i_169/gen_fr4.DFI_WRDATA_ALIGN_eq_0.dfi_rddata_en_p2_po_r2[0]:CLK
  To:   PF_DDR4_SS_0/MSC_i_0/MSC_i_1/MSC_i_8/MSC_i_272/data_shifter_gen[1].data_shifter[1][4]:D
  Delay (ns):              0.142
  Slack (ns):              0.075
  Arrival (ns):            5.530
  Required (ns):           5.455
  Operating Conditions: fast_hv_lt

Path 89
  From: PF_DDR4_SS_0/MSC_i_0/MSC_i_1/MSC_i_8/MSC_i_140/MSC_i_141/MSC_i_161/data_shifter_gen[34].data_shifter[34][0]:CLK
  To:   PF_DDR4_SS_0/MSC_i_0/MSC_i_1/MSC_i_8/MSC_i_140/MSC_i_141/MSC_i_161/data_shifter_gen[33].data_shifter[33][0]:D
  Delay (ns):              0.143
  Slack (ns):              0.075
  Arrival (ns):            5.540
  Required (ns):           5.465
  Operating Conditions: fast_hv_lt

Path 90
  From: PF_DDR4_SS_0/MSC_i_0/MSC_i_1/MSC_i_8/MSC_i_140/MSC_i_141/MSC_i_161/data_shifter_gen[17].data_shifter[17][1]:CLK
  To:   PF_DDR4_SS_0/MSC_i_0/MSC_i_1/MSC_i_8/MSC_i_140/MSC_i_141/MSC_i_161/data_shifter_gen[16].data_shifter[16][1]:D
  Delay (ns):              0.142
  Slack (ns):              0.075
  Arrival (ns):            5.540
  Required (ns):           5.465
  Operating Conditions: fast_hv_lt

Path 91
  From: PF_DDR4_SS_0/MSC_i_0/MSC_i_1/MSC_i_8/MSC_i_140/MSC_i_141/MSC_i_157/data_shifter_gen[31].data_shifter[31][0]:CLK
  To:   PF_DDR4_SS_0/MSC_i_0/MSC_i_1/MSC_i_8/MSC_i_140/MSC_i_141/MSC_i_157/data_shifter_gen[30].data_shifter[30][0]:D
  Delay (ns):              0.147
  Slack (ns):              0.075
  Arrival (ns):            5.534
  Required (ns):           5.459
  Operating Conditions: fast_hv_lt

Path 92
  From: PF_DDR4_SS_0/MSC_i_0/MSC_i_1/MSC_i_8/MSC_i_10/wr_data_delay_fifo_rd_data_reg_early[21]:CLK
  To:   PF_DDR4_SS_0/MSC_i_0/MSC_i_1/MSC_i_8/MSC_i_10/wr_data_delay_fifo_rd_data_reg[21]:D
  Delay (ns):              0.142
  Slack (ns):              0.075
  Arrival (ns):            5.524
  Required (ns):           5.449
  Operating Conditions: fast_hv_lt

Path 93
  From: PF_DDR4_SS_0/MSC_i_0/MSC_i_1/MSC_i_8/MSC_i_10/wr_data_delay_fifo_rd_data_reg[16]:CLK
  To:   PF_DDR4_SS_0/MSC_i_0/MSC_i_1/MSC_i_8/MSC_i_10/wr_data_packed[16]:D
  Delay (ns):              0.231
  Slack (ns):              0.075
  Arrival (ns):            5.616
  Required (ns):           5.541
  Operating Conditions: fast_hv_lt

Path 94
  From: PF_DDR4_SS_0/MSC_i_0/MSC_i_1/MSC_i_8/MSC_i_10/MSC_i_53/MSC_i_54/MSC_i_56/din_gray_r[0]:CLK
  To:   PF_DDR4_SS_0/MSC_i_0/MSC_i_1/MSC_i_8/MSC_i_10/MSC_i_53/MSC_i_54/MSC_i_56/MSC_i_58/MSC_i_63/s0:D
  Delay (ns):              0.201
  Slack (ns):              0.075
  Arrival (ns):            5.611
  Required (ns):           5.536
  Operating Conditions: fast_hv_lt

Path 95
  From: PF_DDR4_SS_0/DDRPHY_BLK_0/IOD_TRAINING_0/COREDDR_TIP_INT_U/u_register_bank/pipelined_generate_block.IOG_DQ_TXDATA_OUT[31]:CLK
  To:   PF_DDR4_SS_0/DDRPHY_BLK_0/IOD_TRAINING_0/COREDDR_TIP_INT_U/TIP_CTRL_BLK/PHY_SIG_MOD/iog_dq_txdata_in_reg[31]:D
  Delay (ns):              0.150
  Slack (ns):              0.075
  Arrival (ns):            5.533
  Required (ns):           5.458
  Operating Conditions: fast_hv_lt

Path 96
  From: PF_DDR4_SS_0/DDRPHY_BLK_0/IOD_TRAINING_0/COREDDR_TIP_INT_U/u_register_bank/pipelined_generate_block.IOG_DM_TXDATA_OUT[14]:CLK
  To:   PF_DDR4_SS_0/DDRPHY_BLK_0/IOD_TRAINING_0/COREDDR_TIP_INT_U/TIP_CTRL_BLK/PHY_SIG_MOD/iog_dm_txdata_in_reg[14]:D
  Delay (ns):              0.150
  Slack (ns):              0.075
  Arrival (ns):            5.534
  Required (ns):           5.459
  Operating Conditions: fast_hv_lt

Path 97
  From: PF_DDR4_SS_0/DDRPHY_BLK_0/IOD_TRAINING_0/COREDDR_TIP_INT_U/TIP_CTRL_BLK/PHY_SIG_MOD/iog_dq_txdata_in_reg[11]:CLK
  To:   PF_DDR4_SS_0/DDRPHY_BLK_0/IOD_TRAINING_0/COREDDR_TIP_INT_U/TIP_CTRL_BLK/PHY_SIG_MOD/iog_dq_txdata_in_reg_2[11]:D
  Delay (ns):              0.150
  Slack (ns):              0.075
  Arrival (ns):            5.535
  Required (ns):           5.460
  Operating Conditions: fast_hv_lt

Path 98
  From: PF_DDR4_SS_0/DDRPHY_BLK_0/IOD_TRAINING_0/COREDDR_TIP_INT_U/TIP_CTRL_BLK/LEVELLING/WRLVL/wrlvl_instances[1].uWrlvl/current_state[13]:CLK
  To:   PF_DDR4_SS_0/DDRPHY_BLK_0/IOD_TRAINING_0/COREDDR_TIP_INT_U/TIP_CTRL_BLK/LEVELLING/WRLVL/wrlvl_instances[1].uWrlvl/transition_found:D
  Delay (ns):              0.150
  Slack (ns):              0.075
  Arrival (ns):            5.512
  Required (ns):           5.437
  Operating Conditions: fast_hv_lt

Path 99
  From: AXI4_Interconnect_0/AXI4_Interconnect_0/SlvConvertor_loop[3].slvcnv/rgsl/genblk4.wrs/sDat[44]:CLK
  To:   SRAM_AXI_0/COREAXI4SRAM_0/genblk1.U_SRAM_AXI_COREAXI4SRAM_0_CoreAXI4SRAM_MAINCTRL/genblk1.wdata_sc_r[34]:D
  Delay (ns):              0.150
  Slack (ns):              0.075
  Arrival (ns):            5.541
  Required (ns):           5.466
  Operating Conditions: fast_hv_lt

Path 100
  From: AXI4_Interconnect_0/AXI4_Interconnect_0/SlvConvertor_loop[1].slvcnv/rgsl/genblk4.wrs/sDat[30]:CLK
  To:   CoreDMA_IO_CTRL_0/axi_io_ctrl_0/coredma_size_o[20]:D
  Delay (ns):              0.149
  Slack (ns):              0.075
  Arrival (ns):            5.531
  Required (ns):           5.456
  Operating Conditions: fast_hv_lt

