Timing Violation Report Min Delay Analysis

SmartTime Version v2021.2
Microsemi Corporation - Microsemi Libero Software Release v2021.2 (Version 2021.2.0.11)
Date: Tue Oct  5 11:26:11 2021


Design: top
Family: PolarFire
Die: MPF100T
Package: FCVG484
Temperature Range: -40 - 100 C
Voltage Range: 0.97 - 1.03 V
Speed Grade: -1
Design State: Post-Layout
Data source: Production
Multi Corner Report Operating Conditions: slow_lv_ht, slow_lv_lt, fast_hv_lt


*** IMPORTANT RECOMMENDATION *** If you haven't done so, it is highly recommended to add clock jitter information for each clock domain into Libero SoC through clock uncertainty SDC timing constraints. Please refer to the Libero SoC v2021.2 release notes for more details.

Path 1
  From: CORERESET_PF_C0_0/CORERESET_PF_C0_0/dff_15:CLK
  To:   system_top_0/counter_2[17]:SLn
  Delay (ns):              2.049
  Slack (ns):             -0.681
  Arrival (ns):            6.307
  Required (ns):           6.988
  Operating Conditions: fast_hv_lt

Path 2
  From: CORERESET_PF_C0_0/CORERESET_PF_C0_0/dff_15:CLK
  To:   system_top_0/counter_2[0]:SLn
  Delay (ns):              2.049
  Slack (ns):             -0.681
  Arrival (ns):            6.307
  Required (ns):           6.988
  Operating Conditions: fast_hv_lt

Path 3
  From: CORERESET_PF_C0_0/CORERESET_PF_C0_0/dff_15:CLK
  To:   system_top_0/counter_2[33]:SLn
  Delay (ns):              2.050
  Slack (ns):             -0.680
  Arrival (ns):            6.308
  Required (ns):           6.988
  Operating Conditions: fast_hv_lt

Path 4
  From: CORERESET_PF_C0_0/CORERESET_PF_C0_0/dff_15:CLK
  To:   system_top_0/counter_2[19]:SLn
  Delay (ns):              2.050
  Slack (ns):             -0.680
  Arrival (ns):            6.308
  Required (ns):           6.988
  Operating Conditions: fast_hv_lt

Path 5
  From: CORERESET_PF_C0_0/CORERESET_PF_C0_0/dff_15:CLK
  To:   system_top_0/counter_2[16]:SLn
  Delay (ns):              2.050
  Slack (ns):             -0.680
  Arrival (ns):            6.308
  Required (ns):           6.988
  Operating Conditions: fast_hv_lt

Path 6
  From: CORERESET_PF_C0_0/CORERESET_PF_C0_0/dff_15:CLK
  To:   system_top_0/counter_2[15]:SLn
  Delay (ns):              2.050
  Slack (ns):             -0.680
  Arrival (ns):            6.308
  Required (ns):           6.988
  Operating Conditions: fast_hv_lt

Path 7
  From: CORERESET_PF_C0_0/CORERESET_PF_C0_0/dff_15:CLK
  To:   system_top_0/counter_2[7]:SLn
  Delay (ns):              2.051
  Slack (ns):             -0.679
  Arrival (ns):            6.309
  Required (ns):           6.988
  Operating Conditions: fast_hv_lt

Path 8
  From: CORERESET_PF_C0_0/CORERESET_PF_C0_0/dff_15:CLK
  To:   system_top_0/counter_2[32]:SLn
  Delay (ns):              2.051
  Slack (ns):             -0.679
  Arrival (ns):            6.309
  Required (ns):           6.988
  Operating Conditions: fast_hv_lt

Path 9
  From: CORERESET_PF_C0_0/CORERESET_PF_C0_0/dff_15:CLK
  To:   system_top_0/counter_2[14]:SLn
  Delay (ns):              2.051
  Slack (ns):             -0.679
  Arrival (ns):            6.309
  Required (ns):           6.988
  Operating Conditions: fast_hv_lt

Path 10
  From: CORERESET_PF_C0_0/CORERESET_PF_C0_0/dff_15:CLK
  To:   system_top_0/counter_2[1]:SLn
  Delay (ns):              2.052
  Slack (ns):             -0.678
  Arrival (ns):            6.310
  Required (ns):           6.988
  Operating Conditions: fast_hv_lt

Path 11
  From: CORERESET_PF_C0_0/CORERESET_PF_C0_0/dff_15:CLK
  To:   system_top_0/counter_2[18]:SLn
  Delay (ns):              2.052
  Slack (ns):             -0.678
  Arrival (ns):            6.310
  Required (ns):           6.988
  Operating Conditions: fast_hv_lt

Path 12
  From: CORERESET_PF_C0_0/CORERESET_PF_C0_0/dff_15:CLK
  To:   system_top_0/led[1]:SLn
  Delay (ns):              2.090
  Slack (ns):             -0.636
  Arrival (ns):            6.348
  Required (ns):           6.984
  Operating Conditions: fast_hv_lt

Path 13
  From: CORERESET_PF_C0_0/CORERESET_PF_C0_0/dff_15:CLK
  To:   system_top_0/counter_2[23]:SLn
  Delay (ns):              2.089
  Slack (ns):             -0.636
  Arrival (ns):            6.347
  Required (ns):           6.983
  Operating Conditions: fast_hv_lt

Path 14
  From: CORERESET_PF_C0_0/CORERESET_PF_C0_0/dff_15:CLK
  To:   system_top_0/counter[9]:SLn
  Delay (ns):              2.093
  Slack (ns):             -0.636
  Arrival (ns):            6.351
  Required (ns):           6.987
  Operating Conditions: fast_hv_lt

Path 15
  From: CORERESET_PF_C0_0/CORERESET_PF_C0_0/dff_15:CLK
  To:   system_top_0/counter[11]:SLn
  Delay (ns):              2.093
  Slack (ns):             -0.636
  Arrival (ns):            6.351
  Required (ns):           6.987
  Operating Conditions: fast_hv_lt

Path 16
  From: CORERESET_PF_C0_0/CORERESET_PF_C0_0/dff_15:CLK
  To:   system_top_0/led[0]:SLn
  Delay (ns):              2.090
  Slack (ns):             -0.635
  Arrival (ns):            6.348
  Required (ns):           6.983
  Operating Conditions: fast_hv_lt

Path 17
  From: CORERESET_PF_C0_0/CORERESET_PF_C0_0/dff_15:CLK
  To:   system_top_0/counter_2[5]:SLn
  Delay (ns):              2.090
  Slack (ns):             -0.635
  Arrival (ns):            6.348
  Required (ns):           6.983
  Operating Conditions: fast_hv_lt

Path 18
  From: CORERESET_PF_C0_0/CORERESET_PF_C0_0/dff_15:CLK
  To:   system_top_0/counter[7]:SLn
  Delay (ns):              2.093
  Slack (ns):             -0.635
  Arrival (ns):            6.351
  Required (ns):           6.986
  Operating Conditions: fast_hv_lt

Path 19
  From: CORERESET_PF_C0_0/CORERESET_PF_C0_0/dff_15:CLK
  To:   system_top_0/counter[5]:SLn
  Delay (ns):              2.094
  Slack (ns):             -0.635
  Arrival (ns):            6.352
  Required (ns):           6.987
  Operating Conditions: fast_hv_lt

Path 20
  From: CORERESET_PF_C0_0/CORERESET_PF_C0_0/dff_15:CLK
  To:   system_top_0/counter[3]:SLn
  Delay (ns):              2.094
  Slack (ns):             -0.635
  Arrival (ns):            6.352
  Required (ns):           6.987
  Operating Conditions: fast_hv_lt

Path 21
  From: CORERESET_PF_C0_0/CORERESET_PF_C0_0/dff_15:CLK
  To:   system_top_0/counter_2[29]:SLn
  Delay (ns):              2.091
  Slack (ns):             -0.634
  Arrival (ns):            6.349
  Required (ns):           6.983
  Operating Conditions: fast_hv_lt

Path 22
  From: CORERESET_PF_C0_0/CORERESET_PF_C0_0/dff_15:CLK
  To:   system_top_0/counter_2[11]:SLn
  Delay (ns):              2.091
  Slack (ns):             -0.634
  Arrival (ns):            6.349
  Required (ns):           6.983
  Operating Conditions: fast_hv_lt

Path 23
  From: CORERESET_PF_C0_0/CORERESET_PF_C0_0/dff_15:CLK
  To:   system_top_0/counter[8]:SLn
  Delay (ns):              2.095
  Slack (ns):             -0.634
  Arrival (ns):            6.353
  Required (ns):           6.987
  Operating Conditions: fast_hv_lt

Path 24
  From: CORERESET_PF_C0_0/CORERESET_PF_C0_0/dff_15:CLK
  To:   system_top_0/counter[24]:SLn
  Delay (ns):              2.091
  Slack (ns):             -0.634
  Arrival (ns):            6.349
  Required (ns):           6.983
  Operating Conditions: fast_hv_lt

Path 25
  From: CORERESET_PF_C0_0/CORERESET_PF_C0_0/dff_15:CLK
  To:   system_top_0/counter[1]:SLn
  Delay (ns):              2.095
  Slack (ns):             -0.634
  Arrival (ns):            6.353
  Required (ns):           6.987
  Operating Conditions: fast_hv_lt

Path 26
  From: CORERESET_PF_C0_0/CORERESET_PF_C0_0/dff_15:CLK
  To:   system_top_0/counter[10]:SLn
  Delay (ns):              2.095
  Slack (ns):             -0.634
  Arrival (ns):            6.353
  Required (ns):           6.987
  Operating Conditions: fast_hv_lt

Path 27
  From: CORERESET_PF_C0_0/CORERESET_PF_C0_0/dff_15:CLK
  To:   system_top_0/counter[0]:SLn
  Delay (ns):              2.091
  Slack (ns):             -0.634
  Arrival (ns):            6.349
  Required (ns):           6.983
  Operating Conditions: fast_hv_lt

Path 28
  From: CORERESET_PF_C0_0/CORERESET_PF_C0_0/dff_15:CLK
  To:   system_top_0/counter[6]:SLn
  Delay (ns):              2.095
  Slack (ns):             -0.633
  Arrival (ns):            6.353
  Required (ns):           6.986
  Operating Conditions: fast_hv_lt

Path 29
  From: CORERESET_PF_C0_0/CORERESET_PF_C0_0/dff_15:CLK
  To:   system_top_0/counter[4]:SLn
  Delay (ns):              2.096
  Slack (ns):             -0.633
  Arrival (ns):            6.354
  Required (ns):           6.987
  Operating Conditions: fast_hv_lt

Path 30
  From: CORERESET_PF_C0_0/CORERESET_PF_C0_0/dff_15:CLK
  To:   system_top_0/counter[2]:SLn
  Delay (ns):              2.096
  Slack (ns):             -0.633
  Arrival (ns):            6.354
  Required (ns):           6.987
  Operating Conditions: fast_hv_lt

Path 31
  From: CORERESET_PF_C0_0/CORERESET_PF_C0_0/dff_15:CLK
  To:   system_top_0/counter_2[8]:SLn
  Delay (ns):              2.108
  Slack (ns):             -0.618
  Arrival (ns):            6.366
  Required (ns):           6.984
  Operating Conditions: fast_hv_lt

Path 32
  From: CORERESET_PF_C0_0/CORERESET_PF_C0_0/dff_15:CLK
  To:   system_top_0/counter_2[12]:SLn
  Delay (ns):              2.108
  Slack (ns):             -0.618
  Arrival (ns):            6.366
  Required (ns):           6.984
  Operating Conditions: fast_hv_lt

Path 33
  From: CORERESET_PF_C0_0/CORERESET_PF_C0_0/dff_15:CLK
  To:   system_top_0/counter_2[4]:SLn
  Delay (ns):              2.109
  Slack (ns):             -0.617
  Arrival (ns):            6.367
  Required (ns):           6.984
  Operating Conditions: fast_hv_lt

Path 34
  From: CORERESET_PF_C0_0/CORERESET_PF_C0_0/dff_15:CLK
  To:   system_top_0/counter_2[3]:SLn
  Delay (ns):              2.109
  Slack (ns):             -0.617
  Arrival (ns):            6.367
  Required (ns):           6.984
  Operating Conditions: fast_hv_lt

Path 35
  From: CORERESET_PF_C0_0/CORERESET_PF_C0_0/dff_15:CLK
  To:   system_top_0/counter_2[10]:SLn
  Delay (ns):              2.109
  Slack (ns):             -0.617
  Arrival (ns):            6.367
  Required (ns):           6.984
  Operating Conditions: fast_hv_lt

Path 36
  From: CORERESET_PF_C0_0/CORERESET_PF_C0_0/dff_15:CLK
  To:   system_top_0/counter_2[6]:SLn
  Delay (ns):              2.110
  Slack (ns):             -0.616
  Arrival (ns):            6.368
  Required (ns):           6.984
  Operating Conditions: fast_hv_lt

Path 37
  From: CORERESET_PF_C0_0/CORERESET_PF_C0_0/dff_15:CLK
  To:   system_top_0/counter_2[2]:SLn
  Delay (ns):              2.110
  Slack (ns):             -0.616
  Arrival (ns):            6.368
  Required (ns):           6.984
  Operating Conditions: fast_hv_lt

Path 38
  From: CORERESET_PF_C0_0/CORERESET_PF_C0_0/dff_15:CLK
  To:   system_top_0/counter_2[13]:SLn
  Delay (ns):              2.110
  Slack (ns):             -0.616
  Arrival (ns):            6.368
  Required (ns):           6.984
  Operating Conditions: fast_hv_lt

Path 39
  From: CORERESET_PF_C0_0/CORERESET_PF_C0_0/dff_15:CLK
  To:   system_top_0/counter_2[9]:SLn
  Delay (ns):              2.111
  Slack (ns):             -0.615
  Arrival (ns):            6.369
  Required (ns):           6.984
  Operating Conditions: fast_hv_lt

Path 40
  From: CORERESET_PF_C0_0/CORERESET_PF_C0_0/dff_15:CLK
  To:   system_top_0/counter_2[31]:SLn
  Delay (ns):              2.214
  Slack (ns):             -0.514
  Arrival (ns):            6.472
  Required (ns):           6.986
  Operating Conditions: fast_hv_lt

Path 41
  From: CORERESET_PF_C0_0/CORERESET_PF_C0_0/dff_15:CLK
  To:   system_top_0/counter_2[27]:SLn
  Delay (ns):              2.214
  Slack (ns):             -0.514
  Arrival (ns):            6.472
  Required (ns):           6.986
  Operating Conditions: fast_hv_lt

Path 42
  From: CORERESET_PF_C0_0/CORERESET_PF_C0_0/dff_15:CLK
  To:   system_top_0/counter_2[28]:SLn
  Delay (ns):              2.215
  Slack (ns):             -0.513
  Arrival (ns):            6.473
  Required (ns):           6.986
  Operating Conditions: fast_hv_lt

Path 43
  From: CORERESET_PF_C0_0/CORERESET_PF_C0_0/dff_15:CLK
  To:   system_top_0/counter_2[24]:SLn
  Delay (ns):              2.215
  Slack (ns):             -0.513
  Arrival (ns):            6.473
  Required (ns):           6.986
  Operating Conditions: fast_hv_lt

Path 44
  From: CORERESET_PF_C0_0/CORERESET_PF_C0_0/dff_15:CLK
  To:   system_top_0/counter_2[21]:SLn
  Delay (ns):              2.215
  Slack (ns):             -0.513
  Arrival (ns):            6.473
  Required (ns):           6.986
  Operating Conditions: fast_hv_lt

Path 45
  From: CORERESET_PF_C0_0/CORERESET_PF_C0_0/dff_15:CLK
  To:   system_top_0/counter_2[20]:SLn
  Delay (ns):              2.215
  Slack (ns):             -0.513
  Arrival (ns):            6.473
  Required (ns):           6.986
  Operating Conditions: fast_hv_lt

Path 46
  From: CORERESET_PF_C0_0/CORERESET_PF_C0_0/dff_15:CLK
  To:   system_top_0/counter_2[30]:SLn
  Delay (ns):              2.216
  Slack (ns):             -0.512
  Arrival (ns):            6.474
  Required (ns):           6.986
  Operating Conditions: fast_hv_lt

Path 47
  From: CORERESET_PF_C0_0/CORERESET_PF_C0_0/dff_15:CLK
  To:   system_top_0/counter_2[26]:SLn
  Delay (ns):              2.216
  Slack (ns):             -0.512
  Arrival (ns):            6.474
  Required (ns):           6.986
  Operating Conditions: fast_hv_lt

Path 48
  From: CORERESET_PF_C0_0/CORERESET_PF_C0_0/dff_15:CLK
  To:   system_top_0/counter_2[25]:SLn
  Delay (ns):              2.216
  Slack (ns):             -0.512
  Arrival (ns):            6.474
  Required (ns):           6.986
  Operating Conditions: fast_hv_lt

Path 49
  From: CORERESET_PF_C0_0/CORERESET_PF_C0_0/dff_15:CLK
  To:   system_top_0/counter_2[22]:SLn
  Delay (ns):              2.216
  Slack (ns):             -0.512
  Arrival (ns):            6.474
  Required (ns):           6.986
  Operating Conditions: fast_hv_lt

Path 50
  From: CORERESET_PF_C0_0/CORERESET_PF_C0_0/dff_15:CLK
  To:   system_top_0/counter[23]:SLn
  Delay (ns):              2.225
  Slack (ns):             -0.504
  Arrival (ns):            6.483
  Required (ns):           6.987
  Operating Conditions: fast_hv_lt

Path 51
  From: CORERESET_PF_C0_0/CORERESET_PF_C0_0/dff_15:CLK
  To:   system_top_0/counter[21]:SLn
  Delay (ns):              2.225
  Slack (ns):             -0.503
  Arrival (ns):            6.483
  Required (ns):           6.986
  Operating Conditions: fast_hv_lt

Path 52
  From: CORERESET_PF_C0_0/CORERESET_PF_C0_0/dff_15:CLK
  To:   system_top_0/counter[19]:SLn
  Delay (ns):              2.225
  Slack (ns):             -0.503
  Arrival (ns):            6.483
  Required (ns):           6.986
  Operating Conditions: fast_hv_lt

Path 53
  From: CORERESET_PF_C0_0/CORERESET_PF_C0_0/dff_15:CLK
  To:   system_top_0/counter[17]:SLn
  Delay (ns):              2.225
  Slack (ns):             -0.503
  Arrival (ns):            6.483
  Required (ns):           6.986
  Operating Conditions: fast_hv_lt

Path 54
  From: CORERESET_PF_C0_0/CORERESET_PF_C0_0/dff_15:CLK
  To:   system_top_0/counter[13]:SLn
  Delay (ns):              2.226
  Slack (ns):             -0.503
  Arrival (ns):            6.484
  Required (ns):           6.987
  Operating Conditions: fast_hv_lt

Path 55
  From: CORERESET_PF_C0_0/CORERESET_PF_C0_0/dff_15:CLK
  To:   system_top_0/counter[15]:SLn
  Delay (ns):              2.226
  Slack (ns):             -0.502
  Arrival (ns):            6.484
  Required (ns):           6.986
  Operating Conditions: fast_hv_lt

Path 56
  From: CORERESET_PF_C0_0/CORERESET_PF_C0_0/dff_15:CLK
  To:   system_top_0/counter[22]:SLn
  Delay (ns):              2.227
  Slack (ns):             -0.501
  Arrival (ns):            6.485
  Required (ns):           6.986
  Operating Conditions: fast_hv_lt

Path 57
  From: CORERESET_PF_C0_0/CORERESET_PF_C0_0/dff_15:CLK
  To:   system_top_0/counter[20]:SLn
  Delay (ns):              2.227
  Slack (ns):             -0.501
  Arrival (ns):            6.485
  Required (ns):           6.986
  Operating Conditions: fast_hv_lt

Path 58
  From: CORERESET_PF_C0_0/CORERESET_PF_C0_0/dff_15:CLK
  To:   system_top_0/counter[18]:SLn
  Delay (ns):              2.227
  Slack (ns):             -0.501
  Arrival (ns):            6.485
  Required (ns):           6.986
  Operating Conditions: fast_hv_lt

Path 59
  From: CORERESET_PF_C0_0/CORERESET_PF_C0_0/dff_15:CLK
  To:   system_top_0/counter[16]:SLn
  Delay (ns):              2.227
  Slack (ns):             -0.501
  Arrival (ns):            6.485
  Required (ns):           6.986
  Operating Conditions: fast_hv_lt

Path 60
  From: CORERESET_PF_C0_0/CORERESET_PF_C0_0/dff_15:CLK
  To:   system_top_0/counter[12]:SLn
  Delay (ns):              2.228
  Slack (ns):             -0.501
  Arrival (ns):            6.486
  Required (ns):           6.987
  Operating Conditions: fast_hv_lt

Path 61
  From: CORERESET_PF_C0_0/CORERESET_PF_C0_0/dff_15:CLK
  To:   system_top_0/counter[14]:SLn
  Delay (ns):              2.228
  Slack (ns):             -0.500
  Arrival (ns):            6.486
  Required (ns):           6.986
  Operating Conditions: fast_hv_lt

Path 62
  From: AXI4_Interconnect_0/AXI4_Interconnect_0/SlvConvertor_loop[2].slvcnv/slvCDC/genblk1.genblk1.cdc_WChan/rdPtr_s1[0]:CLK
  To:   AXI4_Interconnect_0/AXI4_Interconnect_0/SlvConvertor_loop[2].slvcnv/slvCDC/genblk1.genblk1.cdc_WChan/rdPtr_s2[0]:D
  Delay (ns):              0.293
  Slack (ns):              0.019
  Arrival (ns):            7.265
  Required (ns):           7.246
  Operating Conditions: slow_lv_ht

Path 63
  From: AXI4_Interconnect_0/AXI4_Interconnect_0/SlvConvertor_loop[2].slvcnv/slvCDC/genblk1.cdc_AWChan/rdPtr_s1[2]:CLK
  To:   AXI4_Interconnect_0/AXI4_Interconnect_0/SlvConvertor_loop[2].slvcnv/slvCDC/genblk1.cdc_AWChan/rdPtr_s2[2]:D
  Delay (ns):              0.307
  Slack (ns):              0.042
  Arrival (ns):            6.673
  Required (ns):           6.631
  Operating Conditions: slow_lv_lt

Path 64
  From: PF_DDR4_SS_0/MSC_i_0/MSC_i_1/MSC_i_6/MSC_i_256/IeJEKklG8uq3l4gg0j23:CLK
  To:   PF_DDR4_SS_0/MSC_i_0/MSC_i_1/MSC_i_6/MSC_i_256/MSC_i_259/IbgIbFmakql0xwFnEgkgvcdGzzHLwBByCkGeFDn:D
  Delay (ns):              0.208
  Slack (ns):              0.057
  Arrival (ns):            4.551
  Required (ns):           4.494
  Operating Conditions: fast_hv_lt

Path 65
  From: CoreDMA_IO_CTRL_0/UART_SD_0/CORE_UART_0/Core_UART_0/make_RX/rx_shift[3]:CLK
  To:   CoreDMA_IO_CTRL_0/UART_SD_0/CORE_UART_0/Core_UART_0/make_RX/rx_byte[3]:D
  Delay (ns):              0.203
  Slack (ns):              0.058
  Arrival (ns):            4.537
  Required (ns):           4.479
  Operating Conditions: fast_hv_lt

Path 66
  From: AXItoAPB_0/AXItoAHBL_0/AXItoAHBL_0/U_AHBMasterCtrl/rdFIFOWrAddr_Z[2]:CLK
  To:   AXItoAPB_0/AXItoAHBL_0/AXItoAHBL_0/U_rdFIFORAM/wrAddrReg[2]:D
  Delay (ns):              0.203
  Slack (ns):              0.064
  Arrival (ns):            1.799
  Required (ns):           1.735
  Operating Conditions: fast_hv_lt

Path 67
  From: PF_DDR4_SS_0/MSC_i_0/MSC_i_1/MSC_i_6/MSC_i_7/MSC_i_11/MSC_i_12/MSC_i_13/MSC_i_15/MSC_i_18/ImCq:CLK
  To:   PF_DDR4_SS_0/MSC_i_0/MSC_i_1/MSC_i_6/MSC_i_7/MSC_i_11/MSC_i_12/MSC_i_13/MSC_i_15/MSC_i_18/ImCr:D
  Delay (ns):              0.143
  Slack (ns):              0.068
  Arrival (ns):            4.492
  Required (ns):           4.424
  Operating Conditions: fast_hv_lt

Path 68
  From: PF_DDR4_SS_0/MSC_i_0/MSC_i_1/MSC_i_6/MSC_i_7/Ibw4ywtFDa9n0Ir4wwfh9ypetDz7mr9afkcxi74uAnfDjBwatAiE4hjg47J:CLK
  To:   PF_DDR4_SS_0/MSC_i_0/MSC_i_1/MSC_i_6/MSC_i_7/IhduDyiy23wrnbo5Gusv36Au3knngtC6pe2K2r8zlg1n3HyubJ:D
  Delay (ns):              0.143
  Slack (ns):              0.068
  Arrival (ns):            4.484
  Required (ns):           4.416
  Operating Conditions: fast_hv_lt

Path 69
  From: PF_DDR4_SS_0/MSC_i_0/MSC_i_1/MSC_i_6/MSC_i_219/MSC_i_222/MSC_i_223/IcmhukcJJHAAs5qfegCru30dllDh6sDd567Apyo3axHppo9gnhftAnm3:CLK
  To:   PF_DDR4_SS_0/MSC_i_0/MSC_i_1/MSC_i_6/MSC_i_219/MSC_i_222/MSC_i_223/IcmhukcJJHAAs5qfegCru30dllDh6sDd567Apyo3axHppo9qm3gdrpbJ:D
  Delay (ns):              0.143
  Slack (ns):              0.068
  Arrival (ns):            4.492
  Required (ns):           4.424
  Operating Conditions: fast_hv_lt

Path 70
  From: PF_DDR4_SS_0/MSC_i_0/MSC_i_1/MSC_i_6/MSC_i_219/MSC_i_222/MSC_i_223/IcmhukcJJHAAs5qfegCru30dllDh6sDd567Apyo3axHppo90mdg8KrbJ:CLK
  To:   PF_DDR4_SS_0/MSC_i_0/MSC_i_1/MSC_i_6/MSC_i_216/IxjbK2BIbgpl8DpII1K23:D
  Delay (ns):              0.143
  Slack (ns):              0.068
  Arrival (ns):            4.484
  Required (ns):           4.416
  Operating Conditions: fast_hv_lt

Path 71
  From: PF_DDR4_SS_0/MSC_i_0/MSC_i_1/MSC_i_6/MSC_i_216/IigFstwdlGD7fK0pjwI62kxgchn:CLK
  To:   PF_DDR4_SS_0/DDRPHY_BLK_0/IOD_TRAINING_0/COREDDR_TIP_INT_U/u_register_bank/pipelined_generate_block.DFI_ADDRESS_P0_OUT[13]:D
  Delay (ns):              0.143
  Slack (ns):              0.068
  Arrival (ns):            4.481
  Required (ns):           4.413
  Operating Conditions: fast_hv_lt

Path 72
  From: PF_DDR4_SS_0/MSC_i_0/MSC_i_1/MSC_i_6/MSC_i_216/IhqioI9qlzj1kwjgs:CLK
  To:   PF_DDR4_SS_0/DDRPHY_BLK_0/IOD_TRAINING_0/COREDDR_TIP_INT_U/u_register_bank/pipelined_generate_block.DFI_WE_N_P0_OUT:D
  Delay (ns):              0.143
  Slack (ns):              0.068
  Arrival (ns):            4.482
  Required (ns):           4.414
  Operating Conditions: fast_hv_lt

Path 73
  From: PF_DDR4_SS_0/MSC_i_0/MSC_i_1/MSC_i_6/MSC_i_216/IbznAv5g3lbvkf8IEBosfnKrbJ:CLK
  To:   PF_DDR4_SS_0/DDRPHY_BLK_0/IOD_TRAINING_0/COREDDR_TIP_INT_U/u_register_bank/pipelined_generate_block.DFI_ADDRESS_P0_OUT[9]:D
  Delay (ns):              0.143
  Slack (ns):              0.068
  Arrival (ns):            4.480
  Required (ns):           4.412
  Operating Conditions: fast_hv_lt

Path 74
  From: PF_DDR4_SS_0/MSC_i_0/MSC_i_1/MSC_i_6/MSC_i_216/IbznAv5g3lbvkf8IEBosfnKqm3:CLK
  To:   PF_DDR4_SS_0/DDRPHY_BLK_0/IOD_TRAINING_0/COREDDR_TIP_INT_U/u_register_bank/pipelined_generate_block.DFI_ADDRESS_P0_OUT[2]:D
  Delay (ns):              0.143
  Slack (ns):              0.068
  Arrival (ns):            4.483
  Required (ns):           4.415
  Operating Conditions: fast_hv_lt

Path 75
  From: PF_DDR4_SS_0/MSC_i_0/MSC_i_1/MSC_i_6/MSC_i_216/IbznAv5g3lbvkf8IEBosfnKq23:CLK
  To:   PF_DDR4_SS_0/DDRPHY_BLK_0/IOD_TRAINING_0/COREDDR_TIP_INT_U/u_register_bank/pipelined_generate_block.DFI_ADDRESS_P0_OUT[5]:D
  Delay (ns):              0.143
  Slack (ns):              0.068
  Arrival (ns):            4.480
  Required (ns):           4.412
  Operating Conditions: fast_hv_lt

Path 76
  From: PF_DDR4_SS_0/DDRPHY_BLK_0/IOD_TRAINING_0/COREDDR_TIP_INT_U/TIP_CTRL_BLK/LEVELLING/IOG_IF/direction_int[8]:CLK
  To:   PF_DDR4_SS_0/DDRPHY_BLK_0/IOD_TRAINING_0/COREDDR_TIP_INT_U/DIRECTION[8]:D
  Delay (ns):              0.143
  Slack (ns):              0.068
  Arrival (ns):            4.493
  Required (ns):           4.425
  Operating Conditions: fast_hv_lt

Path 77
  From: PF_DDR4_SS_0/MSC_i_0/MSC_i_1/IHu28hCgm0Jt0I8iqzFsvri1xk7J:CLK
  To:   PF_DDR4_SS_0/MSC_i_0/MSC_i_1/MSC_i_6/MSC_i_140/IHu28hCgm0Jt0I8iqzFsvuqnm07J:D
  Delay (ns):              0.289
  Slack (ns):              0.069
  Arrival (ns):            6.692
  Required (ns):           6.623
  Operating Conditions: slow_lv_lt

Path 78
  From: PF_DDR4_SS_0/DDRPHY_BLK_0/IOD_TRAINING_0/COREDDR_TIP_INT_U/TIP_CTRL_BLK/LEVELLING/IOG_IF/move_int[6]:CLK
  To:   PF_DDR4_SS_0/DDRPHY_BLK_0/IOD_TRAINING_0/COREDDR_TIP_INT_U/MOVE[6]:D
  Delay (ns):              0.143
  Slack (ns):              0.069
  Arrival (ns):            4.484
  Required (ns):           4.415
  Operating Conditions: fast_hv_lt

Path 79
  From: PF_DDR4_SS_0/DDRPHY_BLK_0/IOD_TRAINING_0/COREDDR_TIP_INT_U/LANE_ALIGNMENT/dfi_rddata[55]:CLK
  To:   PF_DDR4_SS_0/MSC_i_0/MSC_i_1/IHu28hCgm0Jt0I8iqzF2uDjlemDn:D
  Delay (ns):              0.182
  Slack (ns):              0.069
  Arrival (ns):            4.547
  Required (ns):           4.478
  Operating Conditions: fast_hv_lt

Path 80
  From: CoreDMA_IO_CTRL_0/axi4dma_init_0/reg_wdata[17]:CLK
  To:   CoreDMA_IO_CTRL_0/axi4dma_init_0/wdata_o[17]:D
  Delay (ns):              0.144
  Slack (ns):              0.069
  Arrival (ns):            4.507
  Required (ns):           4.438
  Operating Conditions: fast_hv_lt

Path 81
  From: PF_DDR4_SS_0/MSC_i_0/MSC_i_1/MSC_i_6/MSC_i_219/MSC_i_222/MSC_i_239/IblrpjDK5iAqgFeCA2bx0qjc5ooIDJE1xIby7t8619jrys67nxdKFijbom3:CLK
  To:   PF_DDR4_SS_0/MSC_i_0/MSC_i_1/MSC_i_6/MSC_i_219/MSC_i_222/MSC_i_239/IblrpjDK5iAqgFeCA2bx0qjc5ooIC2kAzjGG4EdCb0b7Ha6FfbsKnd8fvrJ:D
  Delay (ns):              0.145
  Slack (ns):              0.070
  Arrival (ns):            4.510
  Required (ns):           4.440
  Operating Conditions: fast_hv_lt

Path 82
  From: PF_DDR4_SS_0/MSC_i_0/MSC_i_1/MSC_i_6/MSC_i_219/MSC_i_222/MSC_i_239/IblrpjDK5iAqgFeCA2bx0qjc5ooIC2kAzjGG4EdCb0b7Ha6FfbsKnd8fvxn:CLK
  To:   PF_DDR4_SS_0/MSC_i_0/MSC_i_1/MSC_i_6/MSC_i_219/MSC_i_222/MSC_i_239/IblrpjDK5iAqgFeCA2bx0qjc5ooIBk2J0xAm2muHxqGcn47aI17J6Llj223:D
  Delay (ns):              0.145
  Slack (ns):              0.070
  Arrival (ns):            4.500
  Required (ns):           4.430
  Operating Conditions: fast_hv_lt

Path 83
  From: PF_DDR4_SS_0/MSC_i_0/MSC_i_1/MSC_i_6/MSC_i_141/IofE4bw879iG45efoqs7hyqGrxHvJbmvqav6zgwpvn7sh81w1g1BHr19bjHrtuaxJnw8gadLuhDhn:CLK
  To:   PF_DDR4_SS_0/MSC_i_0/MSC_i_1/MSC_i_6/MSC_i_271/IlglEEx9E4Dbn7HmFmntJb7xF6DnLBt3kwcGEExJr1tblIjn9nG44n923:D
  Delay (ns):              0.145
  Slack (ns):              0.070
  Arrival (ns):            4.512
  Required (ns):           4.442
  Operating Conditions: fast_hv_lt

Path 84
  From: PF_DDR4_SS_0/DDRPHY_BLK_0/IOD_TRAINING_0/COREDDR_TIP_INT_U/u_register_bank/pipelined_generate_block.IOG_DQ_TXDATA_OUT[47]:CLK
  To:   PF_DDR4_SS_0/DDRPHY_BLK_0/IOD_TRAINING_0/COREDDR_TIP_INT_U/TIP_CTRL_BLK/PHY_SIG_MOD/iog_dq_txdata_in_reg[47]:D
  Delay (ns):              0.144
  Slack (ns):              0.070
  Arrival (ns):            4.495
  Required (ns):           4.425
  Operating Conditions: fast_hv_lt

Path 85
  From: PF_DDR4_SS_0/DDRPHY_BLK_0/IOD_TRAINING_0/COREDDR_TIP_INT_U/u_register_bank/pipelined_generate_block.IOG_DQ_TXDATA_OUT[116]:CLK
  To:   PF_DDR4_SS_0/DDRPHY_BLK_0/IOD_TRAINING_0/COREDDR_TIP_INT_U/TIP_CTRL_BLK/PHY_SIG_MOD/iog_dq_txdata_in_reg[116]:D
  Delay (ns):              0.145
  Slack (ns):              0.070
  Arrival (ns):            4.514
  Required (ns):           4.444
  Operating Conditions: fast_hv_lt

Path 86
  From: PF_DDR4_SS_0/MSC_i_0/MSC_i_1/MSC_i_6/MSC_i_219/MSC_i_222/MSC_i_235/IblrpjDK5iAqgFeCA2bx0qjc5ooI7f9y4rqsuzylEBtdvy7ytk4HI7CwbDn:CLK
  To:   PF_DDR4_SS_0/MSC_i_0/MSC_i_1/MSC_i_6/MSC_i_219/MSC_i_222/MSC_i_235/IblrpjDK5iAqgFeCA2bx0qjc5ooI5Af755jArJFro2ltEg76kAJHq3p0iI3:D
  Delay (ns):              0.146
  Slack (ns):              0.071
  Arrival (ns):            4.507
  Required (ns):           4.436
  Operating Conditions: fast_hv_lt

Path 87
  From: PF_DDR4_SS_0/MSC_i_0/MSC_i_1/MSC_i_6/MSC_i_219/MSC_i_222/MSC_i_233/Ii8Lj13o8lK6bgbDn:CLK
  To:   PF_DDR4_SS_0/MSC_i_0/MSC_i_1/MSC_i_6/MSC_i_219/MSC_i_222/MSC_i_233/Ii8Lj13o8lK6bgbI3:D
  Delay (ns):              0.145
  Slack (ns):              0.071
  Arrival (ns):            4.509
  Required (ns):           4.438
  Operating Conditions: fast_hv_lt

Path 88
  From: PF_DDR4_SS_0/MSC_i_0/MSC_i_1/IHu28hCgm0Jt0I8iqzFsvri1xlbJ:CLK
  To:   PF_DDR4_SS_0/MSC_i_0/MSC_i_1/MSC_i_6/MSC_i_140/IHu28hCgm0Jt0I8iqzFsvuqnm1bJ:D
  Delay (ns):              0.291
  Slack (ns):              0.071
  Arrival (ns):            6.694
  Required (ns):           6.623
  Operating Conditions: slow_lv_lt

Path 89
  From: PCIe_EP_0/PCIex4_0/pcie_apblink_master_inst/prdata[26]:CLK
  To:   PCIe_EP_0/PCIex4_0/pcie_apblink_master_inst/prdata[25]:D
  Delay (ns):              0.146
  Slack (ns):              0.071
  Arrival (ns):            1.750
  Required (ns):           1.679
  Operating Conditions: fast_hv_lt

Path 90
  From: system_top_0/counter_2[0]:CLK
  To:   system_top_0/counter_2[1]:D
  Delay (ns):              0.147
  Slack (ns):              0.072
  Arrival (ns):            6.914
  Required (ns):           6.842
  Operating Conditions: fast_hv_lt

Path 91
  From: PF_DDR4_SS_0/MSC_i_0/MSC_i_1/MSC_i_6/MSC_i_7/MSC_i_11/MSC_i_12/MSC_i_13/MSC_i_15/MSC_i_19/ImCq:CLK
  To:   PF_DDR4_SS_0/MSC_i_0/MSC_i_1/MSC_i_6/MSC_i_7/MSC_i_11/MSC_i_12/MSC_i_13/MSC_i_15/MSC_i_19/ImCr:D
  Delay (ns):              0.147
  Slack (ns):              0.072
  Arrival (ns):            4.496
  Required (ns):           4.424
  Operating Conditions: fast_hv_lt

Path 92
  From: PF_DDR4_SS_0/MSC_i_0/MSC_i_1/MSC_i_6/MSC_i_249/Ic64C0dxKAk4uDchgy1w4m3:CLK
  To:   PF_DDR4_SS_0/MSC_i_0/MSC_i_1/MSC_i_6/MSC_i_249/IbzlJEfuDd78BvrJ:D
  Delay (ns):              0.147
  Slack (ns):              0.072
  Arrival (ns):            4.500
  Required (ns):           4.428
  Operating Conditions: fast_hv_lt

Path 93
  From: PF_DDR4_SS_0/MSC_i_0/MSC_i_1/MSC_i_6/MSC_i_216/IigFstwdlGD7fK0pjwI62kxgcbJ:CLK
  To:   PF_DDR4_SS_0/DDRPHY_BLK_0/IOD_TRAINING_0/COREDDR_TIP_INT_U/u_register_bank/pipelined_generate_block.DFI_ADDRESS_P0_OUT[12]:D
  Delay (ns):              0.147
  Slack (ns):              0.072
  Arrival (ns):            4.485
  Required (ns):           4.413
  Operating Conditions: fast_hv_lt

Path 94
  From: PF_DDR4_SS_0/MSC_i_0/MSC_i_1/MSC_i_272/MSC_i_273/ImCq:CLK
  To:   PF_DDR4_SS_0/MSC_i_0/MSC_i_1/MSC_i_2/MSC_i_3/MSC_i_4/MSC_i_5/ImCr:D
  Delay (ns):              0.145
  Slack (ns):              0.072
  Arrival (ns):            4.500
  Required (ns):           4.428
  Operating Conditions: fast_hv_lt

Path 95
  From: PF_DDR4_SS_0/DDRPHY_BLK_0/IOD_TRAINING_0/COREDDR_TIP_INT_U/TIP_CTRL_BLK/LEVELLING/IOG_IF/move_int[0]:CLK
  To:   PF_DDR4_SS_0/DDRPHY_BLK_0/IOD_TRAINING_0/COREDDR_TIP_INT_U/MOVE[0]:D
  Delay (ns):              0.147
  Slack (ns):              0.072
  Arrival (ns):            4.497
  Required (ns):           4.425
  Operating Conditions: fast_hv_lt

Path 96
  From: CoreDMA_IO_CTRL_0/axi4dma_init_0/reg_wdata[19]:CLK
  To:   CoreDMA_IO_CTRL_0/axi4dma_init_0/wdata_o[19]:D
  Delay (ns):              0.147
  Slack (ns):              0.072
  Arrival (ns):            4.510
  Required (ns):           4.438
  Operating Conditions: fast_hv_lt

Path 97
  From: CoreDMA_IO_CTRL_0/CoreDMA_Controller_0/CoreDMA_Controller_0/CAXI4DMAI00OI/CAXI4DMAOOlI[23]:CLK
  To:   AXI4_Interconnect_0/AXI4_Interconnect_0/MstConvertor_loop[1].mstrconv/rgsl/genblk1.awrs/holdDat[54]:D
  Delay (ns):              0.148
  Slack (ns):              0.073
  Arrival (ns):            4.482
  Required (ns):           4.409
  Operating Conditions: fast_hv_lt

Path 98
  From: CORERESET_PF_C0_0/CORERESET_PF_C0_0/dff_13:CLK
  To:   CORERESET_PF_C0_0/CORERESET_PF_C0_0/dff_14:D
  Delay (ns):              0.147
  Slack (ns):              0.073
  Arrival (ns):            4.405
  Required (ns):           4.332
  Operating Conditions: fast_hv_lt

Path 99
  From: AXI4_Interconnect_0/AXI4_Interconnect_0/SlvConvertor_loop[4].slvcnv/rgsl/genblk1.awrs/sDat[28]:CLK
  To:   PF_DDR4_SS_0/MSC_i_0/MSC_i_1/MSC_i_6/MSC_i_7/IhfGsACwiib5eGjxn:D
  Delay (ns):              0.148
  Slack (ns):              0.073
  Arrival (ns):            4.484
  Required (ns):           4.411
  Operating Conditions: fast_hv_lt

Path 100
  From: AXI4_Interconnect_0/AXI4_Interconnect_0/SlvConvertor_loop[2].slvcnv/slvCDC/genblk1.cdc_BChan/wrPtr_s1[1]:CLK
  To:   AXI4_Interconnect_0/AXI4_Interconnect_0/SlvConvertor_loop[2].slvcnv/slvCDC/genblk1.cdc_BChan/wrPtr_s2[1]:D
  Delay (ns):              0.148
  Slack (ns):              0.073
  Arrival (ns):            4.480
  Required (ns):           4.407
  Operating Conditions: fast_hv_lt

