Timing Violation Report Max Delay Analysis

SmartTime Version v12.6
Microsemi Corporation - Microsemi Libero Software Release v12.6 (Version 12.900.20.24)
Date: Tue Jul 20 08:38:18 2021


Design: top
Family: PolarFire
Die: MPF300T
Package: FCVG484
Temperature Range: 0 - 100 C
Voltage Range: 0.97 - 1.03 V
Speed Grade: -1
Design State: Post-Layout
Data source: Production
Multi Corner Report Operating Conditions: slow_lv_ht, slow_lv_lt, fast_hv_lt
Scenario for Timing Analysis: timing_analysis


*** IMPORTANT RECOMMENDATION *** If you haven't done so, it is highly recommended to add clock jitter information for each clock domain into Libero SoC through clock uncertainty SDC timing constraints. Please refer to the Libero SoC v12.5 release notes for more details.

Path 1
  From: PCIe_EP_0/PCIex4_0/PCIE_1:AXI_CLK
  To:   AXI4_Interconnect_0/AXI4_Interconnect_0/MstConvertor_loop[0].mstrconv/rgsl/genblk1.awrs/sDat[24]:EN
  Delay (ns):              3.775
  Slack (ns):              0.709
  Arrival (ns):           14.059
  Required (ns):          14.768
  Operating Conditions: slow_lv_ht

Path 2
  From: PCIe_EP_0/PCIex4_0/PCIE_1:AXI_CLK
  To:   AXI4_Interconnect_0/AXI4_Interconnect_0/MstConvertor_loop[0].mstrconv/rgsl/genblk1.awrs/sDat[27]:EN
  Delay (ns):              3.759
  Slack (ns):              0.725
  Arrival (ns):           14.043
  Required (ns):          14.768
  Operating Conditions: slow_lv_ht

Path 3
  From: PCIe_EP_0/PCIex4_0/PCIE_1:AXI_CLK
  To:   AXI4_Interconnect_0/AXI4_Interconnect_0/MstConvertor_loop[0].mstrconv/rgsl/genblk1.awrs/sDat[25]:EN
  Delay (ns):              3.759
  Slack (ns):              0.725
  Arrival (ns):           14.043
  Required (ns):          14.768
  Operating Conditions: slow_lv_ht

Path 4
  From: PCIe_EP_0/PCIex4_0/PCIE_1:AXI_CLK
  To:   AXI4_Interconnect_0/AXI4_Interconnect_0/MstConvertor_loop[0].mstrconv/rgsl/genblk1.awrs/sDat[23]:EN
  Delay (ns):              3.759
  Slack (ns):              0.725
  Arrival (ns):           14.043
  Required (ns):          14.768
  Operating Conditions: slow_lv_ht

Path 5
  From: PCIe_EP_0/PCIex4_0/PCIE_1:AXI_CLK
  To:   AXI4_Interconnect_0/AXI4_Interconnect_0/MstConvertor_loop[0].mstrconv/rgsl/genblk1.awrs/sDat[34]:EN
  Delay (ns):              3.766
  Slack (ns):              0.740
  Arrival (ns):           14.050
  Required (ns):          14.790
  Operating Conditions: slow_lv_ht

Path 6
  From: PCIe_EP_0/PCIex4_0/PCIE_1:AXI_CLK
  To:   AXI4_Interconnect_0/AXI4_Interconnect_0/MstConvertor_loop[0].mstrconv/rgsl/genblk1.awrs/sDat[36]:EN
  Delay (ns):              3.765
  Slack (ns):              0.741
  Arrival (ns):           14.049
  Required (ns):          14.790
  Operating Conditions: slow_lv_ht

Path 7
  From: PCIe_EP_0/PCIex4_0/PCIE_1:AXI_CLK
  To:   AXI4_Interconnect_0/AXI4_Interconnect_0/MstConvertor_loop[0].mstrconv/rgsl/genblk1.awrs/sDat[35]:EN
  Delay (ns):              3.765
  Slack (ns):              0.742
  Arrival (ns):           14.049
  Required (ns):          14.791
  Operating Conditions: slow_lv_ht

Path 8
  From: PCIe_EP_0/PCIex4_0/PCIE_1:AXI_CLK
  To:   AXI4_Interconnect_0/AXI4_Interconnect_0/MstConvertor_loop[0].mstrconv/rgsl/genblk1.awrs/sDat[32]:EN
  Delay (ns):              3.765
  Slack (ns):              0.742
  Arrival (ns):           14.049
  Required (ns):          14.791
  Operating Conditions: slow_lv_ht

Path 9
  From: PCIe_EP_0/PCIex4_0/PCIE_1:AXI_CLK
  To:   AXI4_Interconnect_0/AXI4_Interconnect_0/MstConvertor_loop[0].mstrconv/rgsl/genblk1.awrs/sDat[33]:EN
  Delay (ns):              3.764
  Slack (ns):              0.743
  Arrival (ns):           14.048
  Required (ns):          14.791
  Operating Conditions: slow_lv_ht

Path 10
  From: PCIe_EP_0/PCIex4_0/PCIE_1:AXI_CLK
  To:   AXI4_Interconnect_0/AXI4_Interconnect_0/MstConvertor_loop[0].mstrconv/rgsl/genblk1.awrs/holdDat[64]:EN
  Delay (ns):              3.645
  Slack (ns):              0.819
  Arrival (ns):           13.929
  Required (ns):          14.748
  Operating Conditions: slow_lv_ht

Path 11
  From: CoreDMA_IO_CTRL_0/CoreDMA_Controller_0/CoreDMA_Controller_0/CAXI4DMAI00OI/CAXI4DMAIlOl[8]:CLK
  To:   CoreDMA_IO_CTRL_0/CoreDMA_Controller_0/CoreDMA_Controller_0/CAXI4DMAI00OI/CAXI4DMAIlOl[6]:D
  Delay (ns):              4.108
  Slack (ns):              0.845
  Arrival (ns):           14.109
  Required (ns):          14.954
  Operating Conditions: slow_lv_ht

Path 12
  From: PCIe_EP_0/PCIex4_0/PCIE_1:AXI_CLK
  To:   AXI4_Interconnect_0/AXI4_Interconnect_0/MstConvertor_loop[0].mstrconv/rgsl/genblk1.awrs/holdDat[60]:EN
  Delay (ns):              3.628
  Slack (ns):              0.846
  Arrival (ns):           13.912
  Required (ns):          14.758
  Operating Conditions: slow_lv_ht

Path 13
  From: PCIe_EP_0/PCIex4_0/PCIE_1:AXI_CLK
  To:   AXI4_Interconnect_0/AXI4_Interconnect_0/MstConvertor_loop[0].mstrconv/rgsl/genblk1.awrs/holdDat[61]:EN
  Delay (ns):              3.627
  Slack (ns):              0.847
  Arrival (ns):           13.911
  Required (ns):          14.758
  Operating Conditions: slow_lv_ht

Path 14
  From: PCIe_EP_0/PCIex4_0/PCIE_1:AXI_CLK
  To:   AXI4_Interconnect_0/AXI4_Interconnect_0/MstConvertor_loop[0].mstrconv/rgsl/genblk1.awrs/holdDat[59]:EN
  Delay (ns):              3.626
  Slack (ns):              0.848
  Arrival (ns):           13.910
  Required (ns):          14.758
  Operating Conditions: slow_lv_ht

Path 15
  From: PCIe_EP_0/PCIex4_0/PCIE_1:AXI_CLK
  To:   AXI4_Interconnect_0/AXI4_Interconnect_0/MstConvertor_loop[0].mstrconv/rgsl/genblk1.awrs/holdDat[58]:EN
  Delay (ns):              3.626
  Slack (ns):              0.848
  Arrival (ns):           13.910
  Required (ns):          14.758
  Operating Conditions: slow_lv_ht

Path 16
  From: PCIe_EP_0/PCIex4_0/PCIE_1:AXI_CLK
  To:   AXI4_Interconnect_0/AXI4_Interconnect_0/MstConvertor_loop[0].mstrconv/rgsl/genblk1.awrs/sDat[31]:EN
  Delay (ns):              3.628
  Slack (ns):              0.852
  Arrival (ns):           13.912
  Required (ns):          14.764
  Operating Conditions: slow_lv_ht

Path 17
  From: CoreDMA_IO_CTRL_0/CoreDMA_Controller_0/CoreDMA_Controller_0/CAXI4DMAI00OI/CAXI4DMAIlOl[11]:CLK
  To:   CoreDMA_IO_CTRL_0/CoreDMA_Controller_0/CoreDMA_Controller_0/CAXI4DMAI00OI/CAXI4DMAIlOl[6]:D
  Delay (ns):              4.098
  Slack (ns):              0.855
  Arrival (ns):           14.099
  Required (ns):          14.954
  Operating Conditions: slow_lv_ht

Path 18
  From: CoreDMA_IO_CTRL_0/CoreDMA_Controller_0/CoreDMA_Controller_0/CAXI4DMAI00OI/CAXI4DMAIlOl[8]:CLK
  To:   CoreDMA_IO_CTRL_0/CoreDMA_Controller_0/CoreDMA_Controller_0/CAXI4DMAI00OI/CAXI4DMAIlOl[9]:D
  Delay (ns):              4.083
  Slack (ns):              0.868
  Arrival (ns):           14.084
  Required (ns):          14.952
  Operating Conditions: slow_lv_ht

Path 19
  From: CoreDMA_IO_CTRL_0/CoreDMA_Controller_0/CoreDMA_Controller_0/CAXI4DMAI00OI/CAXI4DMAIlOl[4]:CLK
  To:   CoreDMA_IO_CTRL_0/CoreDMA_Controller_0/CoreDMA_Controller_0/CAXI4DMAI00OI/CAXI4DMAIlOl[8]:D
  Delay (ns):              4.092
  Slack (ns):              0.875
  Arrival (ns):           14.084
  Required (ns):          14.959
  Operating Conditions: slow_lv_ht

Path 20
  From: CoreDMA_IO_CTRL_0/CoreDMA_Controller_0/CoreDMA_Controller_0/CAXI4DMAI00OI/CAXI4DMAIlOl[8]:CLK
  To:   CoreDMA_IO_CTRL_0/CoreDMA_Controller_0/CoreDMA_Controller_0/CAXI4DMAI00OI/CAXI4DMAIlOl[8]:D
  Delay (ns):              4.123
  Slack (ns):              0.877
  Arrival (ns):           14.124
  Required (ns):          15.001
  Operating Conditions: slow_lv_ht

Path 21
  From: CoreDMA_IO_CTRL_0/CoreDMA_Controller_0/CoreDMA_Controller_0/CAXI4DMAI00OI/CAXI4DMAIlOl[11]:CLK
  To:   CoreDMA_IO_CTRL_0/CoreDMA_Controller_0/CoreDMA_Controller_0/CAXI4DMAI00OI/CAXI4DMAIlOl[9]:D
  Delay (ns):              4.073
  Slack (ns):              0.878
  Arrival (ns):           14.074
  Required (ns):          14.952
  Operating Conditions: slow_lv_ht

Path 22
  From: CoreDMA_IO_CTRL_0/CoreDMA_Controller_0/CoreDMA_Controller_0/CAXI4DMAI00OI/CAXI4DMAIlOl[11]:CLK
  To:   CoreDMA_IO_CTRL_0/CoreDMA_Controller_0/CoreDMA_Controller_0/CAXI4DMAI00OI/CAXI4DMAIlOl[8]:D
  Delay (ns):              4.113
  Slack (ns):              0.878
  Arrival (ns):           14.114
  Required (ns):          14.992
  Operating Conditions: slow_lv_ht

Path 23
  From: CoreDMA_IO_CTRL_0/CoreDMA_Controller_0/CoreDMA_Controller_0/CAXI4DMAI00OI/CAXI4DMAIlOl[5]:CLK
  To:   CoreDMA_IO_CTRL_0/CoreDMA_Controller_0/CoreDMA_Controller_0/CAXI4DMAI00OI/CAXI4DMAIlOl[8]:D
  Delay (ns):              4.083
  Slack (ns):              0.882
  Arrival (ns):           14.077
  Required (ns):          14.959
  Operating Conditions: slow_lv_ht

Path 24
  From: CoreDMA_IO_CTRL_0/CoreDMA_Controller_0/CoreDMA_Controller_0/CAXI4DMAI00OI/CAXI4DMAIlOl[4]:CLK
  To:   CoreDMA_IO_CTRL_0/CoreDMA_Controller_0/CoreDMA_Controller_0/CAXI4DMAI00OI/CAXI4DMAIlOl[6]:D
  Delay (ns):              4.077
  Slack (ns):              0.885
  Arrival (ns):           14.069
  Required (ns):          14.954
  Operating Conditions: slow_lv_ht

Path 25
  From: CoreDMA_IO_CTRL_0/CoreDMA_Controller_0/CoreDMA_Controller_0/CAXI4DMAI00OI/CAXI4DMAIlOl[3]:CLK
  To:   CoreDMA_IO_CTRL_0/CoreDMA_Controller_0/CoreDMA_Controller_0/CAXI4DMAI00OI/CAXI4DMAIlOl[8]:D
  Delay (ns):              4.077
  Slack (ns):              0.887
  Arrival (ns):           14.072
  Required (ns):          14.959
  Operating Conditions: slow_lv_ht

Path 26
  From: CoreDMA_IO_CTRL_0/CoreDMA_Controller_0/CoreDMA_Controller_0/CAXI4DMAI00OI/CAXI4DMAIlOl[10]:CLK
  To:   CoreDMA_IO_CTRL_0/CoreDMA_Controller_0/CoreDMA_Controller_0/CAXI4DMAI00OI/CAXI4DMAIlOl[6]:D
  Delay (ns):              4.064
  Slack (ns):              0.890
  Arrival (ns):           14.064
  Required (ns):          14.954
  Operating Conditions: slow_lv_ht

Path 27
  From: PCIe_EP_0/PCIex4_0/PCIE_1:AXI_CLK
  To:   AXI4_Interconnect_0/AXI4_Interconnect_0/MstConvertor_loop[0].mstrconv/rgsl/genblk1.awrs/holdDat[32]:EN
  Delay (ns):              3.603
  Slack (ns):              0.903
  Arrival (ns):           13.887
  Required (ns):          14.790
  Operating Conditions: slow_lv_ht

Path 28
  From: PCIe_EP_0/PCIex4_0/PCIE_1:AXI_CLK
  To:   AXI4_Interconnect_0/AXI4_Interconnect_0/MstConvertor_loop[0].mstrconv/rgsl/genblk1.awrs/holdDat[35]:EN
  Delay (ns):              3.603
  Slack (ns):              0.904
  Arrival (ns):           13.887
  Required (ns):          14.791
  Operating Conditions: slow_lv_ht

Path 29
  From: PCIe_EP_0/PCIex4_0/PCIE_1:AXI_CLK
  To:   AXI4_Interconnect_0/AXI4_Interconnect_0/MstConvertor_loop[0].mstrconv/rgsl/genblk1.awrs/holdDat[34]:EN
  Delay (ns):              3.603
  Slack (ns):              0.904
  Arrival (ns):           13.887
  Required (ns):          14.791
  Operating Conditions: slow_lv_ht

Path 30
  From: PCIe_EP_0/PCIex4_0/PCIE_1:AXI_CLK
  To:   AXI4_Interconnect_0/AXI4_Interconnect_0/MstConvertor_loop[0].mstrconv/rgsl/genblk1.awrs/holdDat[33]:EN
  Delay (ns):              3.603
  Slack (ns):              0.904
  Arrival (ns):           13.887
  Required (ns):          14.791
  Operating Conditions: slow_lv_ht

Path 31
  From: PCIe_EP_0/PCIex4_0/PCIE_1:AXI_CLK
  To:   AXI4_Interconnect_0/AXI4_Interconnect_0/MstConvertor_loop[0].mstrconv/rgsl/genblk1.awrs/holdDat[52]:EN
  Delay (ns):              3.583
  Slack (ns):              0.905
  Arrival (ns):           13.867
  Required (ns):          14.772
  Operating Conditions: slow_lv_ht

Path 32
  From: PCIe_EP_0/PCIex4_0/PCIE_1:AXI_CLK
  To:   AXI4_Interconnect_0/AXI4_Interconnect_0/MstConvertor_loop[0].mstrconv/rgsl/genblk1.awrs/holdDat[36]:EN
  Delay (ns):              3.602
  Slack (ns):              0.905
  Arrival (ns):           13.886
  Required (ns):          14.791
  Operating Conditions: slow_lv_ht

Path 33
  From: PCIe_EP_0/PCIex4_0/PCIE_1:AXI_CLK
  To:   AXI4_Interconnect_0/AXI4_Interconnect_0/MstConvertor_loop[0].mstrconv/rgsl/genblk1.awrs/holdDat[63]:EN
  Delay (ns):              3.576
  Slack (ns):              0.906
  Arrival (ns):           13.860
  Required (ns):          14.766
  Operating Conditions: slow_lv_ht

Path 34
  From: PCIe_EP_0/PCIex4_0/PCIE_1:AXI_CLK
  To:   AXI4_Interconnect_0/AXI4_Interconnect_0/MstConvertor_loop[0].mstrconv/rgsl/genblk1.awrs/holdDat[56]:EN
  Delay (ns):              3.576
  Slack (ns):              0.906
  Arrival (ns):           13.860
  Required (ns):          14.766
  Operating Conditions: slow_lv_ht

Path 35
  From: PCIe_EP_0/PCIex4_0/PCIE_1:AXI_CLK
  To:   AXI4_Interconnect_0/AXI4_Interconnect_0/MstConvertor_loop[0].mstrconv/rgsl/genblk1.awrs/holdDat[54]:EN
  Delay (ns):              3.576
  Slack (ns):              0.906
  Arrival (ns):           13.860
  Required (ns):          14.766
  Operating Conditions: slow_lv_ht

Path 36
  From: PCIe_EP_0/PCIex4_0/PCIE_1:AXI_CLK
  To:   AXI4_Interconnect_0/AXI4_Interconnect_0/MstConvertor_loop[0].mstrconv/rgsl/genblk1.awrs/holdDat[55]:EN
  Delay (ns):              3.576
  Slack (ns):              0.907
  Arrival (ns):           13.860
  Required (ns):          14.767
  Operating Conditions: slow_lv_ht

Path 37
  From: PCIe_EP_0/PCIex4_0/PCIE_1:AXI_CLK
  To:   AXI4_Interconnect_0/AXI4_Interconnect_0/MstConvertor_loop[0].mstrconv/rgsl/genblk1.awrs/holdDat[51]:EN
  Delay (ns):              3.575
  Slack (ns):              0.907
  Arrival (ns):           13.859
  Required (ns):          14.766
  Operating Conditions: slow_lv_ht

Path 38
  From: CoreDMA_IO_CTRL_0/CoreDMA_Controller_0/CoreDMA_Controller_0/CAXI4DMAI00OI/CAXI4DMAIlOl[9]:CLK
  To:   CoreDMA_IO_CTRL_0/CoreDMA_Controller_0/CoreDMA_Controller_0/CAXI4DMAI00OI/CAXI4DMAIlOl[8]:D
  Delay (ns):              4.055
  Slack (ns):              0.912
  Arrival (ns):           14.047
  Required (ns):          14.959
  Operating Conditions: slow_lv_ht

Path 39
  From: CoreDMA_IO_CTRL_0/CoreDMA_Controller_0/CoreDMA_Controller_0/CAXI4DMAI00OI/CAXI4DMAIlOl[10]:CLK
  To:   CoreDMA_IO_CTRL_0/CoreDMA_Controller_0/CoreDMA_Controller_0/CAXI4DMAI00OI/CAXI4DMAIlOl[9]:D
  Delay (ns):              4.039
  Slack (ns):              0.913
  Arrival (ns):           14.039
  Required (ns):          14.952
  Operating Conditions: slow_lv_ht

Path 40
  From: CoreDMA_IO_CTRL_0/CoreDMA_Controller_0/CoreDMA_Controller_0/CAXI4DMAI00OI/CAXI4DMAIlOl[10]:CLK
  To:   CoreDMA_IO_CTRL_0/CoreDMA_Controller_0/CoreDMA_Controller_0/CAXI4DMAI00OI/CAXI4DMAIlOl[8]:D
  Delay (ns):              4.079
  Slack (ns):              0.913
  Arrival (ns):           14.079
  Required (ns):          14.992
  Operating Conditions: slow_lv_ht

Path 41
  From: CoreDMA_IO_CTRL_0/CoreDMA_Controller_0/CoreDMA_Controller_0/CAXI4DMAI00OI/CAXI4DMAIlOl[8]:CLK
  To:   CoreDMA_IO_CTRL_0/CoreDMA_Controller_0/CoreDMA_Controller_0/CAXI4DMAI00OI/CAXI4DMAIlOl[5]:D
  Delay (ns):              4.038
  Slack (ns):              0.915
  Arrival (ns):           14.039
  Required (ns):          14.954
  Operating Conditions: slow_lv_ht

Path 42
  From: CoreDMA_IO_CTRL_0/CoreDMA_Controller_0/CoreDMA_Controller_0/CAXI4DMAI00OI/CAXI4DMAIlOl[5]:CLK
  To:   CoreDMA_IO_CTRL_0/CoreDMA_Controller_0/CoreDMA_Controller_0/CAXI4DMAI00OI/CAXI4DMAIlOl[9]:D
  Delay (ns):              4.043
  Slack (ns):              0.915
  Arrival (ns):           14.037
  Required (ns):          14.952
  Operating Conditions: slow_lv_ht

Path 43
  From: CoreDMA_IO_CTRL_0/CoreDMA_Controller_0/CoreDMA_Controller_0/CAXI4DMAI00OI/CAXI4DMAIlOl[3]:CLK
  To:   CoreDMA_IO_CTRL_0/CoreDMA_Controller_0/CoreDMA_Controller_0/CAXI4DMAI00OI/CAXI4DMAIlOl[9]:D
  Delay (ns):              4.037
  Slack (ns):              0.920
  Arrival (ns):           14.032
  Required (ns):          14.952
  Operating Conditions: slow_lv_ht

Path 44
  From: CoreDMA_IO_CTRL_0/CoreDMA_Controller_0/CoreDMA_Controller_0/CAXI4DMAI00OI/CAXI4DMAIlOl[9]:CLK
  To:   CoreDMA_IO_CTRL_0/CoreDMA_Controller_0/CoreDMA_Controller_0/CAXI4DMAI00OI/CAXI4DMAIlOl[6]:D
  Delay (ns):              4.040
  Slack (ns):              0.922
  Arrival (ns):           14.032
  Required (ns):          14.954
  Operating Conditions: slow_lv_ht

Path 45
  From: CoreDMA_IO_CTRL_0/CoreDMA_Controller_0/CoreDMA_Controller_0/CAXI4DMAI00OI/CAXI4DMAIlOl[8]:CLK
  To:   CoreDMA_IO_CTRL_0/CoreDMA_Controller_0/CoreDMA_Controller_0/CAXI4DMAI00OI/CAXI4DMAIlOl[7]:D
  Delay (ns):              4.028
  Slack (ns):              0.923
  Arrival (ns):           14.029
  Required (ns):          14.952
  Operating Conditions: slow_lv_ht

Path 46
  From: CoreDMA_IO_CTRL_0/CoreDMA_Controller_0/CoreDMA_Controller_0/CAXI4DMAI00OI/CAXI4DMAIlOl[5]:CLK
  To:   CoreDMA_IO_CTRL_0/CoreDMA_Controller_0/CoreDMA_Controller_0/CAXI4DMAI00OI/CAXI4DMAIlOl[6]:D
  Delay (ns):              4.068
  Slack (ns):              0.924
  Arrival (ns):           14.062
  Required (ns):          14.986
  Operating Conditions: slow_lv_ht

Path 47
  From: PCIe_EP_0/PCIex4_0/PCIE_1:AXI_CLK
  To:   AXI4_Interconnect_0/AXI4_Interconnect_0/MstConvertor_loop[0].mstrconv/rgsl/genblk1.awrs/sDat[21]:EN
  Delay (ns):              3.563
  Slack (ns):              0.925
  Arrival (ns):           13.847
  Required (ns):          14.772
  Operating Conditions: slow_lv_ht

Path 48
  From: CoreDMA_IO_CTRL_0/CoreDMA_Controller_0/CoreDMA_Controller_0/CAXI4DMAI00OI/CAXI4DMAIlOl[11]:CLK
  To:   CoreDMA_IO_CTRL_0/CoreDMA_Controller_0/CoreDMA_Controller_0/CAXI4DMAI00OI/CAXI4DMAIlOl[5]:D
  Delay (ns):              4.028
  Slack (ns):              0.925
  Arrival (ns):           14.029
  Required (ns):          14.954
  Operating Conditions: slow_lv_ht

Path 49
  From: PCIe_EP_0/PCIex4_0/PCIE_1:AXI_CLK
  To:   AXI4_Interconnect_0/AXI4_Interconnect_0/MstConvertor_loop[0].mstrconv/rgsl/genblk1.awrs/sDat[26]:EN
  Delay (ns):              3.562
  Slack (ns):              0.926
  Arrival (ns):           13.846
  Required (ns):          14.772
  Operating Conditions: slow_lv_ht

Path 50
  From: PCIe_EP_0/PCIex4_0/PCIE_1:AXI_CLK
  To:   AXI4_Interconnect_0/AXI4_Interconnect_0/MstConvertor_loop[0].mstrconv/rgsl/genblk1.awrs/sDat[18]:EN
  Delay (ns):              3.562
  Slack (ns):              0.926
  Arrival (ns):           13.846
  Required (ns):          14.772
  Operating Conditions: slow_lv_ht

Path 51
  From: PCIe_EP_0/PCIex4_0/PCIE_1:AXI_CLK
  To:   AXI4_Interconnect_0/AXI4_Interconnect_0/MstConvertor_loop[0].mstrconv/rgsl/genblk1.awrs/sDat[20]:EN
  Delay (ns):              3.561
  Slack (ns):              0.927
  Arrival (ns):           13.845
  Required (ns):          14.772
  Operating Conditions: slow_lv_ht

Path 52
  From: CoreDMA_IO_CTRL_0/CoreDMA_Controller_0/CoreDMA_Controller_0/CAXI4DMAI00OI/CAXI4DMAIlOl[3]:CLK
  To:   CoreDMA_IO_CTRL_0/CoreDMA_Controller_0/CoreDMA_Controller_0/CAXI4DMAI00OI/CAXI4DMAIlOl[6]:D
  Delay (ns):              4.062
  Slack (ns):              0.929
  Arrival (ns):           14.057
  Required (ns):          14.986
  Operating Conditions: slow_lv_ht

Path 53
  From: CoreDMA_IO_CTRL_0/CoreDMA_Controller_0/CoreDMA_Controller_0/CAXI4DMAI00OI/CAXI4DMAIlOl[11]:CLK
  To:   CoreDMA_IO_CTRL_0/CoreDMA_Controller_0/CoreDMA_Controller_0/CAXI4DMAI00OI/CAXI4DMAIlOl[7]:D
  Delay (ns):              4.018
  Slack (ns):              0.933
  Arrival (ns):           14.019
  Required (ns):          14.952
  Operating Conditions: slow_lv_ht

Path 54
  From: CoreDMA_IO_CTRL_0/CoreDMA_Controller_0/CoreDMA_Controller_0/CAXI4DMAI00OI/CAXI4DMAIlOl[8]:CLK
  To:   CoreDMA_IO_CTRL_0/CoreDMA_Controller_0/CoreDMA_Controller_0/CAXI4DMAI00OI/CAXI4DMAIlOl[4]:D
  Delay (ns):              4.012
  Slack (ns):              0.938
  Arrival (ns):           14.013
  Required (ns):          14.951
  Operating Conditions: slow_lv_ht

Path 55
  From: CoreDMA_IO_CTRL_0/CoreDMA_Controller_0/CoreDMA_Controller_0/CAXI4DMAI00OI/CAXI4DMAIlOl[4]:CLK
  To:   CoreDMA_IO_CTRL_0/CoreDMA_Controller_0/CoreDMA_Controller_0/CAXI4DMAI00OI/CAXI4DMAIlOl[9]:D
  Delay (ns):              4.052
  Slack (ns):              0.940
  Arrival (ns):           14.044
  Required (ns):          14.984
  Operating Conditions: slow_lv_ht

Path 56
  From: CoreDMA_IO_CTRL_0/CoreDMA_Controller_0/CoreDMA_Controller_0/CAXI4DMAI00OI/CAXI4DMAIlOl[8]:CLK
  To:   CoreDMA_IO_CTRL_0/CoreDMA_Controller_0/CoreDMA_Controller_0/CAXI4DMAI00OI/CAXI4DMAIlOl[11]:D
  Delay (ns):              4.050
  Slack (ns):              0.941
  Arrival (ns):           14.051
  Required (ns):          14.992
  Operating Conditions: slow_lv_ht

Path 57
  From: CoreDMA_IO_CTRL_0/CoreDMA_Controller_0/CoreDMA_Controller_0/CAXI4DMAI00OI/CAXI4DMAIlOl[8]:CLK
  To:   CoreDMA_IO_CTRL_0/CoreDMA_Controller_0/CoreDMA_Controller_0/CAXI4DMAI00OI/CAXI4DMAIlOl[10]:D
  Delay (ns):              4.048
  Slack (ns):              0.943
  Arrival (ns):           14.049
  Required (ns):          14.992
  Operating Conditions: slow_lv_ht

Path 58
  From: CoreDMA_IO_CTRL_0/CoreDMA_Controller_0/CoreDMA_Controller_0/CAXI4DMAI00OI/CAXI4DMAIlOl[7]:CLK
  To:   CoreDMA_IO_CTRL_0/CoreDMA_Controller_0/CoreDMA_Controller_0/CAXI4DMAI00OI/CAXI4DMAIlOl[8]:D
  Delay (ns):              4.021
  Slack (ns):              0.945
  Arrival (ns):           14.014
  Required (ns):          14.959
  Operating Conditions: slow_lv_ht

Path 59
  From: CoreDMA_IO_CTRL_0/CoreDMA_Controller_0/CoreDMA_Controller_0/CAXI4DMAI00OI/CAXI4DMAIlOl[4]:CLK
  To:   CoreDMA_IO_CTRL_0/CoreDMA_Controller_0/CoreDMA_Controller_0/CAXI4DMAI00OI/CAXI4DMAIlOl[11]:D
  Delay (ns):              4.019
  Slack (ns):              0.948
  Arrival (ns):           14.011
  Required (ns):          14.959
  Operating Conditions: slow_lv_ht

Path 60
  From: CoreDMA_IO_CTRL_0/CoreDMA_Controller_0/CoreDMA_Controller_0/CAXI4DMAI00OI/CAXI4DMAIlOl[11]:CLK
  To:   CoreDMA_IO_CTRL_0/CoreDMA_Controller_0/CoreDMA_Controller_0/CAXI4DMAI00OI/CAXI4DMAIlOl[4]:D
  Delay (ns):              4.002
  Slack (ns):              0.948
  Arrival (ns):           14.003
  Required (ns):          14.951
  Operating Conditions: slow_lv_ht

Path 61
  From: CoreDMA_IO_CTRL_0/CoreDMA_Controller_0/CoreDMA_Controller_0/CAXI4DMAI00OI/CAXI4DMAIlOl[4]:CLK
  To:   CoreDMA_IO_CTRL_0/CoreDMA_Controller_0/CoreDMA_Controller_0/CAXI4DMAI00OI/CAXI4DMAIlOl[10]:D
  Delay (ns):              4.017
  Slack (ns):              0.950
  Arrival (ns):           14.009
  Required (ns):          14.959
  Operating Conditions: slow_lv_ht

Path 62
  From: CoreDMA_IO_CTRL_0/CoreDMA_Controller_0/CoreDMA_Controller_0/CAXI4DMAI00OI/CAXI4DMAIlOl[11]:CLK
  To:   CoreDMA_IO_CTRL_0/CoreDMA_Controller_0/CoreDMA_Controller_0/CAXI4DMAI00OI/CAXI4DMAIlOl[10]:D
  Delay (ns):              4.038
  Slack (ns):              0.953
  Arrival (ns):           14.039
  Required (ns):          14.992
  Operating Conditions: slow_lv_ht

Path 63
  From: CoreDMA_IO_CTRL_0/CoreDMA_Controller_0/CoreDMA_Controller_0/CAXI4DMAI00OI/CAXI4DMAIlOl[7]:CLK
  To:   CoreDMA_IO_CTRL_0/CoreDMA_Controller_0/CoreDMA_Controller_0/CAXI4DMAI00OI/CAXI4DMAIlOl[6]:D
  Delay (ns):              4.006
  Slack (ns):              0.955
  Arrival (ns):           13.999
  Required (ns):          14.954
  Operating Conditions: slow_lv_ht

Path 64
  From: CoreDMA_IO_CTRL_0/CoreDMA_Controller_0/CoreDMA_Controller_0/CAXI4DMAI00OI/CAXI4DMAIlOl[5]:CLK
  To:   CoreDMA_IO_CTRL_0/CoreDMA_Controller_0/CoreDMA_Controller_0/CAXI4DMAI00OI/CAXI4DMAIlOl[11]:D
  Delay (ns):              4.010
  Slack (ns):              0.955
  Arrival (ns):           14.004
  Required (ns):          14.959
  Operating Conditions: slow_lv_ht

Path 65
  From: CoreDMA_IO_CTRL_0/CoreDMA_Controller_0/CoreDMA_Controller_0/CAXI4DMAI00OI/CAXI4DMAIlOl[4]:CLK
  To:   CoreDMA_IO_CTRL_0/CoreDMA_Controller_0/CoreDMA_Controller_0/CAXI4DMAI00OI/CAXI4DMAIlOl[5]:D
  Delay (ns):              4.007
  Slack (ns):              0.955
  Arrival (ns):           13.999
  Required (ns):          14.954
  Operating Conditions: slow_lv_ht

Path 66
  From: CoreDMA_IO_CTRL_0/CoreDMA_Controller_0/CoreDMA_Controller_0/CAXI4DMAI00OI/CAXI4DMAIlOl[5]:CLK
  To:   CoreDMA_IO_CTRL_0/CoreDMA_Controller_0/CoreDMA_Controller_0/CAXI4DMAI00OI/CAXI4DMAIlOl[10]:D
  Delay (ns):              4.008
  Slack (ns):              0.957
  Arrival (ns):           14.002
  Required (ns):          14.959
  Operating Conditions: slow_lv_ht

Path 67
  From: CoreDMA_IO_CTRL_0/CoreDMA_Controller_0/CoreDMA_Controller_0/CAXI4DMAI00OI/CAXI4DMAIlOl[3]:CLK
  To:   CoreDMA_IO_CTRL_0/CoreDMA_Controller_0/CoreDMA_Controller_0/CAXI4DMAI00OI/CAXI4DMAIlOl[11]:D
  Delay (ns):              4.004
  Slack (ns):              0.960
  Arrival (ns):           13.999
  Required (ns):          14.959
  Operating Conditions: slow_lv_ht

Path 68
  From: CoreDMA_IO_CTRL_0/CoreDMA_Controller_0/CoreDMA_Controller_0/CAXI4DMAI00OI/CAXI4DMAIlOl[11]:CLK
  To:   CoreDMA_IO_CTRL_0/CoreDMA_Controller_0/CoreDMA_Controller_0/CAXI4DMAI00OI/CAXI4DMAIlOl[11]:D
  Delay (ns):              4.040
  Slack (ns):              0.960
  Arrival (ns):           14.041
  Required (ns):          15.001
  Operating Conditions: slow_lv_ht

Path 69
  From: CoreDMA_IO_CTRL_0/CoreDMA_Controller_0/CoreDMA_Controller_0/CAXI4DMAI00OI/CAXI4DMAIlOl[10]:CLK
  To:   CoreDMA_IO_CTRL_0/CoreDMA_Controller_0/CoreDMA_Controller_0/CAXI4DMAI00OI/CAXI4DMAIlOl[5]:D
  Delay (ns):              3.994
  Slack (ns):              0.960
  Arrival (ns):           13.994
  Required (ns):          14.954
  Operating Conditions: slow_lv_ht

Path 70
  From: CoreDMA_IO_CTRL_0/CoreDMA_Controller_0/CoreDMA_Controller_0/CAXI4DMAI00OI/CAXI4DMAIlOl[3]:CLK
  To:   CoreDMA_IO_CTRL_0/CoreDMA_Controller_0/CoreDMA_Controller_0/CAXI4DMAI00OI/CAXI4DMAIlOl[10]:D
  Delay (ns):              4.002
  Slack (ns):              0.962
  Arrival (ns):           13.997
  Required (ns):          14.959
  Operating Conditions: slow_lv_ht

Path 71
  From: CoreDMA_IO_CTRL_0/CoreDMA_Controller_0/CoreDMA_Controller_0/CAXI4DMAI00OI/CAXI4DMAIlOl[10]:CLK
  To:   CoreDMA_IO_CTRL_0/CoreDMA_Controller_0/CoreDMA_Controller_0/CAXI4DMAI00OI/CAXI4DMAIlOl[7]:D
  Delay (ns):              3.984
  Slack (ns):              0.968
  Arrival (ns):           13.984
  Required (ns):          14.952
  Operating Conditions: slow_lv_ht

Path 72
  From: CoreDMA_IO_CTRL_0/CoreDMA_Controller_0/CoreDMA_Controller_0/CAXI4DMAI00OI/CAXI4DMAIlOl[8]:CLK
  To:   CoreDMA_IO_CTRL_0/CoreDMA_Controller_0/CoreDMA_Controller_0/CAXI4DMAI00OI/CAXI4DMAIlOl[3]:D
  Delay (ns):              3.983
  Slack (ns):              0.970
  Arrival (ns):           13.984
  Required (ns):          14.954
  Operating Conditions: slow_lv_ht

Path 73
  From: CoreDMA_IO_CTRL_0/CoreDMA_Controller_0/CoreDMA_Controller_0/CAXI4DMAI00OI/CAXI4DMAIlOl[6]:CLK
  To:   CoreDMA_IO_CTRL_0/CoreDMA_Controller_0/CoreDMA_Controller_0/CAXI4DMAI00OI/CAXI4DMAIlOl[8]:D
  Delay (ns):              3.994
  Slack (ns):              0.970
  Arrival (ns):           13.989
  Required (ns):          14.959
  Operating Conditions: slow_lv_ht

Path 74
  From: CoreDMA_IO_CTRL_0/CoreDMA_Controller_0/CoreDMA_Controller_0/CAXI4DMAI00OI/CAXI4DMAIlOl[5]:CLK
  To:   CoreDMA_IO_CTRL_0/CoreDMA_Controller_0/CoreDMA_Controller_0/CAXI4DMAI00OI/CAXI4DMAIlOl[7]:D
  Delay (ns):              3.988
  Slack (ns):              0.970
  Arrival (ns):           13.982
  Required (ns):          14.952
  Operating Conditions: slow_lv_ht

Path 75
  From: CoreDMA_IO_CTRL_0/CoreDMA_Controller_0/CoreDMA_Controller_0/CAXI4DMAI00OI/CAXI4DMAIlOl[3]:CLK
  To:   CoreDMA_IO_CTRL_0/CoreDMA_Controller_0/CoreDMA_Controller_0/CAXI4DMAI00OI/CAXI4DMAIlOl[7]:D
  Delay (ns):              3.982
  Slack (ns):              0.975
  Arrival (ns):           13.977
  Required (ns):          14.952
  Operating Conditions: slow_lv_ht

Path 76
  From: CoreDMA_IO_CTRL_0/CoreDMA_Controller_0/CoreDMA_Controller_0/CAXI4DMAI00OI/CAXI4DMAIlOl[11]:CLK
  To:   CoreDMA_IO_CTRL_0/CoreDMA_Controller_0/CoreDMA_Controller_0/CAXI4DMAI00OI/CAXI4DMAIlOl[3]:D
  Delay (ns):              3.973
  Slack (ns):              0.980
  Arrival (ns):           13.974
  Required (ns):          14.954
  Operating Conditions: slow_lv_ht

Path 77
  From: CoreDMA_IO_CTRL_0/CoreDMA_Controller_0/CoreDMA_Controller_0/CAXI4DMAI00OI/CAXI4DMAIlOl[10]:CLK
  To:   CoreDMA_IO_CTRL_0/CoreDMA_Controller_0/CoreDMA_Controller_0/CAXI4DMAI00OI/CAXI4DMAIlOl[4]:D
  Delay (ns):              3.968
  Slack (ns):              0.983
  Arrival (ns):           13.968
  Required (ns):          14.951
  Operating Conditions: slow_lv_ht

Path 78
  From: CoreDMA_IO_CTRL_0/CoreDMA_Controller_0/CoreDMA_Controller_0/CAXI4DMAI00OI/CAXI4DMAIlOl[9]:CLK
  To:   CoreDMA_IO_CTRL_0/CoreDMA_Controller_0/CoreDMA_Controller_0/CAXI4DMAI00OI/CAXI4DMAIlOl[9]:D
  Delay (ns):              4.015
  Slack (ns):              0.985
  Arrival (ns):           14.007
  Required (ns):          14.992
  Operating Conditions: slow_lv_ht

Path 79
  From: CoreDMA_IO_CTRL_0/CoreDMA_Controller_0/CoreDMA_Controller_0/CAXI4DMAI00OI/CAXI4DMAIlOl[9]:CLK
  To:   CoreDMA_IO_CTRL_0/CoreDMA_Controller_0/CoreDMA_Controller_0/CAXI4DMAI00OI/CAXI4DMAIlOl[11]:D
  Delay (ns):              3.982
  Slack (ns):              0.985
  Arrival (ns):           13.974
  Required (ns):          14.959
  Operating Conditions: slow_lv_ht

Path 80
  From: CoreDMA_IO_CTRL_0/CoreDMA_Controller_0/CoreDMA_Controller_0/CAXI4DMAI00OI/CAXI4DMAIlOl[5]:CLK
  To:   CoreDMA_IO_CTRL_0/CoreDMA_Controller_0/CoreDMA_Controller_0/CAXI4DMAI00OI/CAXI4DMAIlOl[4]:D
  Delay (ns):              3.972
  Slack (ns):              0.985
  Arrival (ns):           13.966
  Required (ns):          14.951
  Operating Conditions: slow_lv_ht

Path 81
  From: CoreDMA_IO_CTRL_0/CoreDMA_Controller_0/CoreDMA_Controller_0/CAXI4DMAI00OI/CAXI4DMAIlOl[10]:CLK
  To:   CoreDMA_IO_CTRL_0/CoreDMA_Controller_0/CoreDMA_Controller_0/CAXI4DMAI00OI/CAXI4DMAIlOl[11]:D
  Delay (ns):              4.006
  Slack (ns):              0.986
  Arrival (ns):           14.006
  Required (ns):          14.992
  Operating Conditions: slow_lv_ht

Path 82
  From: PCIe_EP_0/PCIex4_0/PCIE_1:AXI_CLK
  To:   AXI4_Interconnect_0/AXI4_Interconnect_0/MstConvertor_loop[0].mstrconv/rgsl/genblk1.awrs/holdDat[62]:EN
  Delay (ns):              3.491
  Slack (ns):              0.987
  Arrival (ns):           13.775
  Required (ns):          14.762
  Operating Conditions: slow_lv_ht

Path 83
  From: PCIe_EP_0/PCIex4_0/PCIE_1:AXI_CLK
  To:   AXI4_Interconnect_0/AXI4_Interconnect_0/MstConvertor_loop[0].mstrconv/rgsl/genblk1.awrs/holdDat[57]:EN
  Delay (ns):              3.490
  Slack (ns):              0.987
  Arrival (ns):           13.774
  Required (ns):          14.761
  Operating Conditions: slow_lv_ht

Path 84
  From: PCIe_EP_0/PCIex4_0/PCIE_1:AXI_CLK
  To:   AXI4_Interconnect_0/AXI4_Interconnect_0/MstConvertor_loop[0].mstrconv/rgsl/genblk1.awrs/holdDat[53]:EN
  Delay (ns):              3.490
  Slack (ns):              0.987
  Arrival (ns):           13.774
  Required (ns):          14.761
  Operating Conditions: slow_lv_ht

Path 85
  From: CoreDMA_IO_CTRL_0/CoreDMA_Controller_0/CoreDMA_Controller_0/CAXI4DMAI00OI/CAXI4DMAIlOl[9]:CLK
  To:   CoreDMA_IO_CTRL_0/CoreDMA_Controller_0/CoreDMA_Controller_0/CAXI4DMAI00OI/CAXI4DMAIlOl[10]:D
  Delay (ns):              3.980
  Slack (ns):              0.987
  Arrival (ns):           13.972
  Required (ns):          14.959
  Operating Conditions: slow_lv_ht

Path 86
  From: CoreDMA_IO_CTRL_0/CoreDMA_Controller_0/CoreDMA_Controller_0/CAXI4DMAI00OI/CAXI4DMAIlOl[3]:CLK
  To:   CoreDMA_IO_CTRL_0/CoreDMA_Controller_0/CoreDMA_Controller_0/CAXI4DMAI00OI/CAXI4DMAIlOl[4]:D
  Delay (ns):              3.966
  Slack (ns):              0.990
  Arrival (ns):           13.961
  Required (ns):          14.951
  Operating Conditions: slow_lv_ht

Path 87
  From: CoreDMA_IO_CTRL_0/CoreDMA_Controller_0/CoreDMA_Controller_0/CAXI4DMAI00OI/CAXI4DMAIlOl[9]:CLK
  To:   CoreDMA_IO_CTRL_0/CoreDMA_Controller_0/CoreDMA_Controller_0/CAXI4DMAI00OI/CAXI4DMAIlOl[5]:D
  Delay (ns):              3.970
  Slack (ns):              0.992
  Arrival (ns):           13.962
  Required (ns):          14.954
  Operating Conditions: slow_lv_ht

Path 88
  From: CoreDMA_IO_CTRL_0/CoreDMA_Controller_0/CoreDMA_Controller_0/CAXI4DMAI00OI/CAXI4DMAIlOl[4]:CLK
  To:   CoreDMA_IO_CTRL_0/CoreDMA_Controller_0/CoreDMA_Controller_0/CAXI4DMAI00OI/CAXI4DMAIlOl[7]:D
  Delay (ns):              3.997
  Slack (ns):              0.995
  Arrival (ns):           13.989
  Required (ns):          14.984
  Operating Conditions: slow_lv_ht

Path 89
  From: CoreDMA_IO_CTRL_0/CoreDMA_Controller_0/CoreDMA_Controller_0/CAXI4DMAI00OI/CAXI4DMAIlOl[10]:CLK
  To:   CoreDMA_IO_CTRL_0/CoreDMA_Controller_0/CoreDMA_Controller_0/CAXI4DMAI00OI/CAXI4DMAIlOl[10]:D
  Delay (ns):              4.004
  Slack (ns):              0.996
  Arrival (ns):           14.004
  Required (ns):          15.000
  Operating Conditions: slow_lv_ht

Path 90
  From: CoreDMA_IO_CTRL_0/CoreDMA_Controller_0/CoreDMA_Controller_0/CAXI4DMAI00OI/CAXI4DMAIlOl[3]:CLK
  To:   CoreDMA_IO_CTRL_0/CoreDMA_Controller_0/CoreDMA_Controller_0/CAXI4DMAI00OI/CAXI4DMAIlOl[5]:D
  Delay (ns):              3.992
  Slack (ns):              0.999
  Arrival (ns):           13.987
  Required (ns):          14.986
  Operating Conditions: slow_lv_ht

Path 91
  From: CoreDMA_IO_CTRL_0/CoreDMA_Controller_0/CoreDMA_Controller_0/CAXI4DMAI00OI/CAXI4DMAIlOl[5]:CLK
  To:   CoreDMA_IO_CTRL_0/CoreDMA_Controller_0/CoreDMA_Controller_0/CAXI4DMAI00OI/CAXI4DMAIlOl[5]:D
  Delay (ns):              3.998
  Slack (ns):              1.002
  Arrival (ns):           13.992
  Required (ns):          14.994
  Operating Conditions: slow_lv_ht

Path 92
  From: CoreDMA_IO_CTRL_0/CoreDMA_Controller_0/CoreDMA_Controller_0/CAXI4DMAI00OI/CAXI4DMAIlOl[6]:CLK
  To:   CoreDMA_IO_CTRL_0/CoreDMA_Controller_0/CoreDMA_Controller_0/CAXI4DMAI00OI/CAXI4DMAIlOl[9]:D
  Delay (ns):              3.954
  Slack (ns):              1.003
  Arrival (ns):           13.949
  Required (ns):          14.952
  Operating Conditions: slow_lv_ht

Path 93
  From: CoreDMA_IO_CTRL_0/CoreDMA_Controller_0/CoreDMA_Controller_0/CAXI4DMAI00OI/CAXI4DMAIlOl[7]:CLK
  To:   CoreDMA_IO_CTRL_0/CoreDMA_Controller_0/CoreDMA_Controller_0/CAXI4DMAI00OI/CAXI4DMAIlOl[9]:D
  Delay (ns):              3.981
  Slack (ns):              1.010
  Arrival (ns):           13.974
  Required (ns):          14.984
  Operating Conditions: slow_lv_ht

Path 94
  From: CoreDMA_IO_CTRL_0/CoreDMA_Controller_0/CoreDMA_Controller_0/CAXI4DMAI00OI/CAXI4DMAIlOl[4]:CLK
  To:   CoreDMA_IO_CTRL_0/CoreDMA_Controller_0/CoreDMA_Controller_0/CAXI4DMAI00OI/CAXI4DMAIlOl[3]:D
  Delay (ns):              3.952
  Slack (ns):              1.010
  Arrival (ns):           13.944
  Required (ns):          14.954
  Operating Conditions: slow_lv_ht

Path 95
  From: CoreDMA_IO_CTRL_0/CoreDMA_Controller_0/CoreDMA_Controller_0/CAXI4DMAI00OI/CAXI4DMAIlOl[10]:CLK
  To:   CoreDMA_IO_CTRL_0/CoreDMA_Controller_0/CoreDMA_Controller_0/CAXI4DMAI00OI/CAXI4DMAIlOl[3]:D
  Delay (ns):              3.939
  Slack (ns):              1.015
  Arrival (ns):           13.939
  Required (ns):          14.954
  Operating Conditions: slow_lv_ht

Path 96
  From: CoreDMA_IO_CTRL_0/CoreDMA_Controller_0/CoreDMA_Controller_0/CAXI4DMAI00OI/CAXI4DMAIlOl[7]:CLK
  To:   CoreDMA_IO_CTRL_0/CoreDMA_Controller_0/CoreDMA_Controller_0/CAXI4DMAI00OI/CAXI4DMAIlOl[11]:D
  Delay (ns):              3.948
  Slack (ns):              1.018
  Arrival (ns):           13.941
  Required (ns):          14.959
  Operating Conditions: slow_lv_ht

Path 97
  From: CoreDMA_IO_CTRL_0/CoreDMA_Controller_0/CoreDMA_Controller_0/CAXI4DMAI00OI/CAXI4DMAIlOl[4]:CLK
  To:   CoreDMA_IO_CTRL_0/CoreDMA_Controller_0/CoreDMA_Controller_0/CAXI4DMAI00OI/CAXI4DMAIlOl[4]:D
  Delay (ns):              3.981
  Slack (ns):              1.019
  Arrival (ns):           13.973
  Required (ns):          14.992
  Operating Conditions: slow_lv_ht

Path 98
  From: CoreDMA_IO_CTRL_0/CoreDMA_Controller_0/CoreDMA_Controller_0/CAXI4DMAI00OI/CAXI4DMAIlOl[7]:CLK
  To:   CoreDMA_IO_CTRL_0/CoreDMA_Controller_0/CoreDMA_Controller_0/CAXI4DMAI00OI/CAXI4DMAIlOl[10]:D
  Delay (ns):              3.946
  Slack (ns):              1.020
  Arrival (ns):           13.939
  Required (ns):          14.959
  Operating Conditions: slow_lv_ht

Path 99
  From: CoreDMA_IO_CTRL_0/CoreDMA_Controller_0/CoreDMA_Controller_0/CAXI4DMAI00OI/CAXI4DMAIlOl[6]:CLK
  To:   CoreDMA_IO_CTRL_0/CoreDMA_Controller_0/CoreDMA_Controller_0/CAXI4DMAI00OI/CAXI4DMAIlOl[6]:D
  Delay (ns):              3.979
  Slack (ns):              1.021
  Arrival (ns):           13.974
  Required (ns):          14.995
  Operating Conditions: slow_lv_ht

Path 100
  From: CoreDMA_IO_CTRL_0/CoreDMA_Controller_0/CoreDMA_Controller_0/CAXI4DMAI00OI/CAXI4DMAIlOl[2]:CLK
  To:   CoreDMA_IO_CTRL_0/CoreDMA_Controller_0/CoreDMA_Controller_0/CAXI4DMAI00OI/CAXI4DMAIlOl[8]:D
  Delay (ns):              3.938
  Slack (ns):              1.021
  Arrival (ns):           13.938
  Required (ns):          14.959
  Operating Conditions: slow_lv_ht

