Timing Violation Report Min Delay Analysis

SmartTime Version v12.6
Microsemi Corporation - Microsemi Libero Software Release v12.6 (Version 12.900.20.24)
Date: Sun Jul 25 14:41:34 2021


Design: top
Family: PolarFire
Die: MPF300T
Package: FCVG484
Temperature Range: 0 - 100 C
Voltage Range: 0.97 - 1.03 V
Speed Grade: -1
Design State: Post-Layout
Data source: Production
Multi Corner Report Operating Conditions: slow_lv_ht, slow_lv_lt, fast_hv_lt
Scenario for Timing Analysis: timing_analysis


*** IMPORTANT RECOMMENDATION *** If you haven't done so, it is highly recommended to add clock jitter information for each clock domain into Libero SoC through clock uncertainty SDC timing constraints. Please refer to the Libero SoC v12.5 release notes for more details.

Path 1
  From: PF_DDR4_SS_0/MSC_i_0/MSC_i_1/MSC_i_8/MSC_i_10/cmd_fifo_wr_data_reg3[69]:CLK
  To:   PF_DDR4_SS_0/MSC_i_0/MSC_i_1/MSC_i_8/MSC_i_10/cmd_fifo_wr_data_reg4[69]:D
  Delay (ns):              0.293
  Slack (ns):              0.025
  Arrival (ns):            8.788
  Required (ns):           8.763
  Operating Conditions: slow_lv_ht

Path 2
  From: PF_DDR4_SS_0/MSC_i_0/MSC_i_1/MSC_i_8/MSC_i_10/cmd_fifo_wr_data_reg3[17]:CLK
  To:   PF_DDR4_SS_0/MSC_i_0/MSC_i_1/MSC_i_8/MSC_i_10/cmd_fifo_wr_data_reg4[17]:D
  Delay (ns):              0.289
  Slack (ns):              0.025
  Arrival (ns):            8.013
  Required (ns):           7.988
  Operating Conditions: slow_lv_lt

Path 3
  From: PF_DDR4_SS_0/MSC_i_0/MSC_i_1/MSC_i_8/MSC_i_10/cmd_fifo_wr_data_reg3[20]:CLK
  To:   PF_DDR4_SS_0/MSC_i_0/MSC_i_1/MSC_i_8/MSC_i_10/cmd_fifo_wr_data_reg4[20]:D
  Delay (ns):              0.293
  Slack (ns):              0.028
  Arrival (ns):            8.016
  Required (ns):           7.988
  Operating Conditions: slow_lv_lt

Path 4
  From: PF_DDR4_SS_0/MSC_i_0/MSC_i_1/MSC_i_8/MSC_i_272/data_shifter_gen[1].data_shifter[1][61]:CLK
  To:   PF_DDR4_SS_0/DDRPHY_BLK_0/IOD_TRAINING_0/COREDDR_TIP_INT_U/u_register_bank/pipelined_generate_block.IOG_DQ_TXDATA_OUT[45]:D
  Delay (ns):              0.300
  Slack (ns):              0.039
  Arrival (ns):            8.002
  Required (ns):           7.963
  Operating Conditions: slow_lv_lt

Path 5
  From: AXI4_Interconnect_0/AXI4_Interconnect_0/SlvConvertor_loop[2].slvcnv/slvCDC/genblk1.cdc_ARChan/rdPtr_s1[0]:CLK
  To:   AXI4_Interconnect_0/AXI4_Interconnect_0/SlvConvertor_loop[2].slvcnv/slvCDC/genblk1.cdc_ARChan/rdPtr_s2[0]:D
  Delay (ns):              0.306
  Slack (ns):              0.039
  Arrival (ns):            8.023
  Required (ns):           7.984
  Operating Conditions: slow_lv_lt

Path 6
  From: PF_DDR4_SS_0/MSC_i_0/MSC_i_1/MSC_i_8/MSC_i_10/cmd_fifo_wr_data_reg2[89]:CLK
  To:   PF_DDR4_SS_0/MSC_i_0/MSC_i_1/MSC_i_8/MSC_i_10/cmd_fifo_wr_data_reg3[89]:D
  Delay (ns):              0.302
  Slack (ns):              0.040
  Arrival (ns):            8.027
  Required (ns):           7.987
  Operating Conditions: slow_lv_lt

Path 7
  From: PF_DDR4_SS_0/MSC_i_0/MSC_i_1/MSC_i_8/MSC_i_10/wr_data_delay_fifo_rd_data_reg_early[49]:CLK
  To:   PF_DDR4_SS_0/MSC_i_0/MSC_i_1/MSC_i_8/MSC_i_10/wr_data_delay_fifo_rd_data_reg[49]:D
  Delay (ns):              0.305
  Slack (ns):              0.042
  Arrival (ns):            8.018
  Required (ns):           7.976
  Operating Conditions: slow_lv_lt

Path 8
  From: PF_DDR4_SS_0/MSC_i_0/MSC_i_1/MSC_i_8/MSC_i_10/cmd_fifo_wr_data_reg3[70]:CLK
  To:   PF_DDR4_SS_0/MSC_i_0/MSC_i_1/MSC_i_8/MSC_i_10/cmd_fifo_wr_data_reg4[70]:D
  Delay (ns):              0.306
  Slack (ns):              0.042
  Arrival (ns):            8.032
  Required (ns):           7.990
  Operating Conditions: slow_lv_lt

Path 9
  From: AXI4_Interconnect_0/AXI4_Interconnect_0/SlvConvertor_loop[2].slvcnv/slvCDC/genblk1.cdc_ARChan/rdPtr_s1[1]:CLK
  To:   AXI4_Interconnect_0/AXI4_Interconnect_0/SlvConvertor_loop[2].slvcnv/slvCDC/genblk1.cdc_ARChan/rdPtr_s2[1]:D
  Delay (ns):              0.309
  Slack (ns):              0.042
  Arrival (ns):            8.026
  Required (ns):           7.984
  Operating Conditions: slow_lv_lt

Path 10
  From: PF_DDR4_SS_0/MSC_i_0/MSC_i_1/MSC_i_8/MSC_i_10/cmd_fifo_wr_data_reg3[43]:CLK
  To:   PF_DDR4_SS_0/MSC_i_0/MSC_i_1/MSC_i_8/MSC_i_10/cmd_fifo_wr_data_reg4[43]:D
  Delay (ns):              0.307
  Slack (ns):              0.043
  Arrival (ns):            8.029
  Required (ns):           7.986
  Operating Conditions: slow_lv_lt

Path 11
  From: PF_DDR4_SS_0/MSC_i_0/MSC_i_1/MSC_i_8/MSC_i_10/wr_data_delay_fifo_rd_data_reg_early[35]:CLK
  To:   PF_DDR4_SS_0/MSC_i_0/MSC_i_1/MSC_i_8/MSC_i_10/wr_data_delay_fifo_rd_data_reg[35]:D
  Delay (ns):              0.306
  Slack (ns):              0.044
  Arrival (ns):            8.020
  Required (ns):           7.976
  Operating Conditions: slow_lv_lt

Path 12
  From: PF_DDR4_SS_0/MSC_i_0/MSC_i_1/MSC_i_8/MSC_i_10/cmd_fifo_wr_data_reg3[37]:CLK
  To:   PF_DDR4_SS_0/MSC_i_0/MSC_i_1/MSC_i_8/MSC_i_10/cmd_fifo_wr_data_reg4[37]:D
  Delay (ns):              0.307
  Slack (ns):              0.044
  Arrival (ns):            8.030
  Required (ns):           7.986
  Operating Conditions: slow_lv_lt

Path 13
  From: PF_DDR4_SS_0/MSC_i_0/MSC_i_1/MSC_i_8/MSC_i_10/wr_data_delay_fifo_rd_data_reg_early[32]:CLK
  To:   PF_DDR4_SS_0/MSC_i_0/MSC_i_1/MSC_i_8/MSC_i_10/wr_data_delay_fifo_rd_data_reg[32]:D
  Delay (ns):              0.308
  Slack (ns):              0.045
  Arrival (ns):            8.021
  Required (ns):           7.976
  Operating Conditions: slow_lv_lt

Path 14
  From: PF_DDR4_SS_0/MSC_i_0/MSC_i_1/MSC_i_8/MSC_i_10/cmd_fifo_wr_data_reg3[66]:CLK
  To:   PF_DDR4_SS_0/MSC_i_0/MSC_i_1/MSC_i_8/MSC_i_10/cmd_fifo_wr_data_reg4[66]:D
  Delay (ns):              0.309
  Slack (ns):              0.045
  Arrival (ns):            8.035
  Required (ns):           7.990
  Operating Conditions: slow_lv_lt

Path 15
  From: PF_DDR4_SS_0/MSC_i_0/MSC_i_1/MSC_i_8/MSC_i_10/cmd_fifo_wr_data_reg2[84]:CLK
  To:   PF_DDR4_SS_0/MSC_i_0/MSC_i_1/MSC_i_8/MSC_i_10/cmd_fifo_wr_data_reg3[84]:D
  Delay (ns):              0.308
  Slack (ns):              0.045
  Arrival (ns):            8.032
  Required (ns):           7.987
  Operating Conditions: slow_lv_lt

Path 16
  From: PF_DDR4_SS_0/MSC_i_0/MSC_i_1/MSC_i_8/MSC_i_140/MSC_i_141/rowaddr_act[0]:CLK
  To:   PF_DDR4_SS_0/MSC_i_0/MSC_i_1/MSC_i_8/MSC_i_140/MSC_i_141/MSC_i_153/line[0]:D
  Delay (ns):              0.202
  Slack (ns):              0.047
  Arrival (ns):            5.876
  Required (ns):           5.829
  Operating Conditions: fast_hv_lt

Path 17
  From: PF_DDR4_SS_0/MSC_i_0/MSC_i_1/MSC_i_8/MSC_i_10/wr_data_delay_fifo_rd_data_reg_early[65]:CLK
  To:   PF_DDR4_SS_0/MSC_i_0/MSC_i_1/MSC_i_8/MSC_i_10/wr_data_delay_fifo_rd_data_reg[65]:D
  Delay (ns):              0.316
  Slack (ns):              0.050
  Arrival (ns):            8.015
  Required (ns):           7.965
  Operating Conditions: slow_lv_lt

Path 18
  From: PF_DDR4_SS_0/MSC_i_0/MSC_i_1/MSC_i_8/MSC_i_10/cmd_fifo_wr_data_reg3[42]:CLK
  To:   PF_DDR4_SS_0/MSC_i_0/MSC_i_1/MSC_i_8/MSC_i_10/cmd_fifo_wr_data_reg4[42]:D
  Delay (ns):              0.314
  Slack (ns):              0.050
  Arrival (ns):            8.036
  Required (ns):           7.986
  Operating Conditions: slow_lv_lt

Path 19
  From: PF_DDR4_SS_0/MSC_i_0/MSC_i_1/MSC_i_8/MSC_i_10/cmd_fifo_wr_data_reg3[14]:CLK
  To:   PF_DDR4_SS_0/MSC_i_0/MSC_i_1/MSC_i_8/MSC_i_10/cmd_fifo_wr_data_reg4[14]:D
  Delay (ns):              0.315
  Slack (ns):              0.050
  Arrival (ns):            8.038
  Required (ns):           7.988
  Operating Conditions: slow_lv_lt

Path 20
  From: PF_RESET_0/PF_RESET_0/dff_10:CLK
  To:   PF_RESET_0/PF_RESET_0/dff_11:D
  Delay (ns):              0.308
  Slack (ns):              0.051
  Arrival (ns):            8.023
  Required (ns):           7.972
  Operating Conditions: slow_lv_lt

Path 21
  From: PF_DDR4_SS_0/MSC_i_0/MSC_i_1/MSC_i_8/MSC_i_10/wr_data_delay_fifo_rd_data_reg_early[53]:CLK
  To:   PF_DDR4_SS_0/MSC_i_0/MSC_i_1/MSC_i_8/MSC_i_10/wr_data_delay_fifo_rd_data_reg[53]:D
  Delay (ns):              0.313
  Slack (ns):              0.051
  Arrival (ns):            8.027
  Required (ns):           7.976
  Operating Conditions: slow_lv_lt

Path 22
  From: PF_DDR4_SS_0/MSC_i_0/MSC_i_1/MSC_i_8/MSC_i_10/wr_data_delay_fifo_rd_data_reg_early[31]:CLK
  To:   PF_DDR4_SS_0/MSC_i_0/MSC_i_1/MSC_i_8/MSC_i_10/wr_data_delay_fifo_rd_data_reg[31]:D
  Delay (ns):              0.315
  Slack (ns):              0.052
  Arrival (ns):            8.028
  Required (ns):           7.976
  Operating Conditions: slow_lv_lt

Path 23
  From: PF_DDR4_SS_0/MSC_i_0/MSC_i_1/MSC_i_8/MSC_i_10/wr_data_delay_fifo_rd_data_reg[46]:CLK
  To:   PF_DDR4_SS_0/MSC_i_0/MSC_i_1/MSC_i_8/MSC_i_10/wr_data_packed[46]:D
  Delay (ns):              0.313
  Slack (ns):              0.052
  Arrival (ns):            8.020
  Required (ns):           7.968
  Operating Conditions: slow_lv_lt

Path 24
  From: PF_DDR4_SS_0/MSC_i_0/MSC_i_1/MSC_i_8/MSC_i_10/cmd_fifo_wr_data_reg3[68]:CLK
  To:   PF_DDR4_SS_0/MSC_i_0/MSC_i_1/MSC_i_8/MSC_i_10/cmd_fifo_wr_data_reg4[68]:D
  Delay (ns):              0.316
  Slack (ns):              0.052
  Arrival (ns):            8.042
  Required (ns):           7.990
  Operating Conditions: slow_lv_lt

Path 25
  From: PF_DDR4_SS_0/MSC_i_0/MSC_i_1/MSC_i_8/MSC_i_10/cmd_fifo_wr_data_reg3[38]:CLK
  To:   PF_DDR4_SS_0/MSC_i_0/MSC_i_1/MSC_i_8/MSC_i_10/cmd_fifo_wr_data_reg4[38]:D
  Delay (ns):              0.316
  Slack (ns):              0.052
  Arrival (ns):            8.038
  Required (ns):           7.986
  Operating Conditions: slow_lv_lt

Path 26
  From: PF_DDR4_SS_0/MSC_i_0/MSC_i_1/MSC_i_8/MSC_i_272/data_shifter_gen[1].data_shifter[1][93]:CLK
  To:   PF_DDR4_SS_0/DDRPHY_BLK_0/IOD_TRAINING_0/COREDDR_TIP_INT_U/u_register_bank/pipelined_generate_block.IOG_DQ_TXDATA_OUT[43]:D
  Delay (ns):              0.315
  Slack (ns):              0.053
  Arrival (ns):            8.016
  Required (ns):           7.963
  Operating Conditions: slow_lv_lt

Path 27
  From: PF_DDR4_SS_0/MSC_i_0/MSC_i_1/MSC_i_8/MSC_i_10/cmd_fifo_wr_data_reg2[95]:CLK
  To:   PF_DDR4_SS_0/MSC_i_0/MSC_i_1/MSC_i_8/MSC_i_10/cmd_fifo_wr_data_reg3[95]:D
  Delay (ns):              0.210
  Slack (ns):              0.053
  Arrival (ns):            5.881
  Required (ns):           5.828
  Operating Conditions: fast_hv_lt

Path 28
  From: PF_DDR4_SS_0/MSC_i_0/MSC_i_1/MSC_i_8/MSC_i_10/wr_data_delay_fifo_rd_data_reg_early[33]:CLK
  To:   PF_DDR4_SS_0/MSC_i_0/MSC_i_1/MSC_i_8/MSC_i_10/wr_data_delay_fifo_rd_data_reg[33]:D
  Delay (ns):              0.317
  Slack (ns):              0.054
  Arrival (ns):            8.030
  Required (ns):           7.976
  Operating Conditions: slow_lv_lt

Path 29
  From: PF_DDR4_SS_0/MSC_i_0/MSC_i_1/MSC_i_8/MSC_i_10/cmd_fifo_wr_data_reg2[87]:CLK
  To:   PF_DDR4_SS_0/MSC_i_0/MSC_i_1/MSC_i_8/MSC_i_10/cmd_fifo_wr_data_reg3[87]:D
  Delay (ns):              0.211
  Slack (ns):              0.054
  Arrival (ns):            5.882
  Required (ns):           5.828
  Operating Conditions: fast_hv_lt

Path 30
  From: PF_DDR4_SS_0/MSC_i_0/MSC_i_1/MSC_i_8/MSC_i_140/MSC_i_141/rowaddr_act[2]:CLK
  To:   PF_DDR4_SS_0/MSC_i_0/MSC_i_1/MSC_i_8/MSC_i_140/MSC_i_141/MSC_i_162/line[2]:D
  Delay (ns):              0.216
  Slack (ns):              0.059
  Arrival (ns):            5.887
  Required (ns):           5.828
  Operating Conditions: fast_hv_lt

Path 31
  From: PF_DDR4_SS_0/DDRPHY_BLK_0/IOD_TRAINING_0/COREDDR_TIP_INT_U/TIP_CTRL_BLK/LEVELLING/RDLVL/RDLVL_SMS/genblk1[1].RDLVL_TRAIN/gate_training/lowest_180_delay[0]:CLK
  To:   PF_DDR4_SS_0/DDRPHY_BLK_0/IOD_TRAINING_0/COREDDR_TIP_INT_U/TIP_CTRL_BLK/LEVELLING/RDLVL/RDLVL_SMS/genblk1[1].RDLVL_TRAIN/gate_training/steps_180_answer[0]:D
  Delay (ns):              0.207
  Slack (ns):              0.059
  Arrival (ns):            5.837
  Required (ns):           5.778
  Operating Conditions: fast_hv_lt

Path 32
  From: PF_DDR4_SS_0/MSC_i_0/MSC_i_1/MSC_i_8/MSC_i_140/MSC_i_141/rowaddr_act[2]:CLK
  To:   PF_DDR4_SS_0/MSC_i_0/MSC_i_1/MSC_i_8/MSC_i_140/MSC_i_141/MSC_i_155/line[2]:D
  Delay (ns):              0.217
  Slack (ns):              0.060
  Arrival (ns):            5.888
  Required (ns):           5.828
  Operating Conditions: fast_hv_lt

Path 33
  From: PF_DDR4_SS_0/MSC_i_0/MSC_i_1/MSC_i_8/MSC_i_140/MSC_i_141/rowaddr_act[2]:CLK
  To:   PF_DDR4_SS_0/MSC_i_0/MSC_i_1/MSC_i_8/MSC_i_140/MSC_i_141/MSC_i_153/line[2]:D
  Delay (ns):              0.217
  Slack (ns):              0.060
  Arrival (ns):            5.888
  Required (ns):           5.828
  Operating Conditions: fast_hv_lt

Path 34
  From: PF_DDR4_SS_0/MSC_i_0/MSC_i_1/MSC_i_8/MSC_i_140/MSC_i_141/rowaddr_act[2]:CLK
  To:   PF_DDR4_SS_0/MSC_i_0/MSC_i_1/MSC_i_8/MSC_i_140/MSC_i_141/MSC_i_152/line[2]:D
  Delay (ns):              0.217
  Slack (ns):              0.060
  Arrival (ns):            5.888
  Required (ns):           5.828
  Operating Conditions: fast_hv_lt

Path 35
  From: PF_DDR4_SS_0/MSC_i_0/MSC_i_1/dfi_rddata_w0_i[2]:CLK
  To:   PF_DDR4_SS_0/MSC_i_0/MSC_i_1/MSC_i_8/MSC_i_249/dfi_rddata_w0_r[2]:D
  Delay (ns):              0.192
  Slack (ns):              0.061
  Arrival (ns):            5.867
  Required (ns):           5.806
  Operating Conditions: fast_hv_lt

Path 36
  From: PF_DDR4_SS_0/MSC_i_0/MSC_i_1/MSC_i_8/MSC_i_10/MSC_i_107/MSC_i_108/MSC_i_110/din_gray_r[2]:CLK
  To:   PF_DDR4_SS_0/MSC_i_0/MSC_i_1/MSC_i_8/MSC_i_10/MSC_i_107/MSC_i_108/MSC_i_110/MSC_i_112/MSC_i_118/s0:D
  Delay (ns):              0.189
  Slack (ns):              0.064
  Arrival (ns):            5.867
  Required (ns):           5.803
  Operating Conditions: fast_hv_lt

Path 37
  From: PF_DDR4_SS_0/DDRPHY_BLK_0/IOD_TRAINING_0/COREDDR_TIP_INT_U/TIP_CTRL_BLK/LEVELLING/RDLVL/RDLVL_SMS/genblk1[1].RDLVL_TRAIN/gate_training/lowest_180_delay[3]:CLK
  To:   PF_DDR4_SS_0/DDRPHY_BLK_0/IOD_TRAINING_0/COREDDR_TIP_INT_U/TIP_CTRL_BLK/LEVELLING/RDLVL/RDLVL_SMS/genblk1[1].RDLVL_TRAIN/gate_training/steps_180_answer[3]:D
  Delay (ns):              0.217
  Slack (ns):              0.069
  Arrival (ns):            5.847
  Required (ns):           5.778
  Operating Conditions: fast_hv_lt

Path 38
  From: PF_DDR4_SS_0/MSC_i_0/MSC_i_1/MSC_i_8/MSC_i_169/gen_fr4.DFI_WRDATA_ALIGN_eq_0.dfi_wrdata_p3_po_r1[29]:CLK
  To:   PF_DDR4_SS_0/MSC_i_0/MSC_i_1/MSC_i_8/MSC_i_272/data_shifter_gen[1].data_shifter[1][69]:D
  Delay (ns):              0.146
  Slack (ns):              0.070
  Arrival (ns):            5.780
  Required (ns):           5.710
  Operating Conditions: fast_hv_lt

Path 39
  From: PF_DDR4_SS_0/MSC_i_0/MSC_i_1/MSC_i_8/MSC_i_140/MSC_i_141/r_valid_sh[2]:CLK
  To:   PF_DDR4_SS_0/MSC_i_0/MSC_i_1/MSC_i_8/MSC_i_140/MSC_i_141/r_valid_sh[3]:D
  Delay (ns):              0.147
  Slack (ns):              0.070
  Arrival (ns):            5.816
  Required (ns):           5.746
  Operating Conditions: fast_hv_lt

Path 40
  From: PF_DDR4_SS_0/MSC_i_0/MSC_i_1/MSC_i_8/MSC_i_140/MSC_i_141/MSC_i_157/data_shifter_gen[28].data_shifter[28][0]:CLK
  To:   PF_DDR4_SS_0/MSC_i_0/MSC_i_1/MSC_i_8/MSC_i_140/MSC_i_141/MSC_i_157/data_shifter_gen[27].data_shifter[27][0]:D
  Delay (ns):              0.147
  Slack (ns):              0.070
  Arrival (ns):            5.829
  Required (ns):           5.759
  Operating Conditions: fast_hv_lt

Path 41
  From: PF_DDR4_SS_0/MSC_i_0/MSC_i_1/MSC_i_8/MSC_i_140/MSC_i_141/MSC_i_157/data_shifter_gen[27].data_shifter[27][1]:CLK
  To:   PF_DDR4_SS_0/MSC_i_0/MSC_i_1/MSC_i_8/MSC_i_140/MSC_i_141/MSC_i_157/data_shifter_gen[26].data_shifter[26][1]:D
  Delay (ns):              0.147
  Slack (ns):              0.070
  Arrival (ns):            5.804
  Required (ns):           5.734
  Operating Conditions: fast_hv_lt

Path 42
  From: PF_DDR4_SS_0/MSC_i_0/MSC_i_1/MSC_i_8/MSC_i_140/MSC_i_141/MSC_i_154/wr_shift[0]:CLK
  To:   PF_DDR4_SS_0/MSC_i_0/MSC_i_1/MSC_i_8/MSC_i_140/MSC_i_141/MSC_i_154/wr_shift[1]:D
  Delay (ns):              0.146
  Slack (ns):              0.070
  Arrival (ns):            5.811
  Required (ns):           5.741
  Operating Conditions: fast_hv_lt

Path 43
  From: PF_DDR4_SS_0/MSC_i_0/MSC_i_1/MSC_i_8/MSC_i_10/araddr_r1[31]:CLK
  To:   PF_DDR4_SS_0/MSC_i_0/MSC_i_1/MSC_i_8/MSC_i_10/rd_cmd_wr_data[31]:D
  Delay (ns):              0.146
  Slack (ns):              0.070
  Arrival (ns):            5.810
  Required (ns):           5.740
  Operating Conditions: fast_hv_lt

Path 44
  From: PF_DDR4_SS_0/DDRPHY_BLK_0/IOD_TRAINING_0/COREDDR_TIP_INT_U/TIP_CTRL_BLK/LEVELLING/RDLVL/RDLVL_SMS/genblk1[1].RDLVL_TRAIN/gate_training/txdly_cnt[4]:CLK
  To:   PF_DDR4_SS_0/DDRPHY_BLK_0/IOD_TRAINING_0/COREDDR_TIP_INT_U/TIP_CTRL_BLK/LEVELLING/RDLVL/RDLVL_SMS/genblk1[1].RDLVL_TRAIN/gate_training/txdly_0[4]:D
  Delay (ns):              0.201
  Slack (ns):              0.070
  Arrival (ns):            5.840
  Required (ns):           5.770
  Operating Conditions: fast_hv_lt

Path 45
  From: PF_DDR4_SS_0/DDRPHY_BLK_0/IOD_TRAINING_0/COREDDR_TIP_INT_U/TIP_CTRL_BLK/LEVELLING/IOG_IF/move_int[14]:CLK
  To:   PF_DDR4_SS_0/DDRPHY_BLK_0/IOD_TRAINING_0/COREDDR_TIP_INT_U/MOVE[14]:D
  Delay (ns):              0.146
  Slack (ns):              0.070
  Arrival (ns):            5.765
  Required (ns):           5.695
  Operating Conditions: fast_hv_lt

Path 46
  From: PF_DDR4_SS_0/MSC_i_0/MSC_i_1/MSC_i_8/MSC_i_273/dfi_reset_n_r2:CLK
  To:   PF_DDR4_SS_0/DDRPHY_BLK_0/IOD_TRAINING_0/COREDDR_TIP_INT_U/u_register_bank/pipelined_generate_block.DFI_RESET_N_P0_OUT:D
  Delay (ns):              0.148
  Slack (ns):              0.071
  Arrival (ns):            5.807
  Required (ns):           5.736
  Operating Conditions: fast_hv_lt

Path 47
  From: PF_DDR4_SS_0/MSC_i_0/MSC_i_1/MSC_i_8/MSC_i_273/dfi_act_n_r2:CLK
  To:   PF_DDR4_SS_0/DDRPHY_BLK_0/IOD_TRAINING_0/COREDDR_TIP_INT_U/u_register_bank/pipelined_generate_block.DFI_ACT_N_P0_OUT:D
  Delay (ns):              0.147
  Slack (ns):              0.071
  Arrival (ns):            5.812
  Required (ns):           5.741
  Operating Conditions: fast_hv_lt

Path 48
  From: PF_DDR4_SS_0/MSC_i_0/MSC_i_1/MSC_i_8/MSC_i_140/MSC_i_141/MSC_i_156/lat_n0.resettable.data_shifter_1_[122]:CLK
  To:   PF_DDR4_SS_0/MSC_i_0/MSC_i_1/MSC_i_8/MSC_i_140/MSC_i_141/MSC_i_156/lat_n0.resettable.data_shifter_2_[122]:D
  Delay (ns):              0.147
  Slack (ns):              0.071
  Arrival (ns):            5.813
  Required (ns):           5.742
  Operating Conditions: fast_hv_lt

Path 49
  From: PF_DDR4_SS_0/MSC_i_0/MSC_i_1/MSC_i_8/MSC_i_10/awaddr_r1[9]:CLK
  To:   PF_DDR4_SS_0/MSC_i_0/MSC_i_1/MSC_i_8/MSC_i_10/wr_cmd_wr_data[9]:D
  Delay (ns):              0.147
  Slack (ns):              0.071
  Arrival (ns):            5.814
  Required (ns):           5.743
  Operating Conditions: fast_hv_lt

Path 50
  From: PCIe_EP_0/PCIex4_0/pcie_apblink_master_inst/prdata[9]:CLK
  To:   AXItoAPB_0/AHBtoAPB_0/AHBtoAPB_0/U_ApbAddrData/HRDATA[9]:D
  Delay (ns):              0.240
  Slack (ns):              0.071
  Arrival (ns):            2.098
  Required (ns):           2.027
  Operating Conditions: fast_hv_lt

Path 51
  From: PF_DDR4_SS_0/MSC_i_0/MSC_i_1/MSC_i_8/MSC_i_273/dfi_ras_n_r2:CLK
  To:   PF_DDR4_SS_0/DDRPHY_BLK_0/IOD_TRAINING_0/COREDDR_TIP_INT_U/u_register_bank/pipelined_generate_block.DFI_RAS_N_P0_OUT:D
  Delay (ns):              0.148
  Slack (ns):              0.072
  Arrival (ns):            5.818
  Required (ns):           5.746
  Operating Conditions: fast_hv_lt

Path 52
  From: PF_DDR4_SS_0/MSC_i_0/MSC_i_1/MSC_i_8/MSC_i_140/MSC_i_141/MSC_i_157/data_shifter_gen[17].data_shifter[17][1]:CLK
  To:   PF_DDR4_SS_0/MSC_i_0/MSC_i_1/MSC_i_8/MSC_i_140/MSC_i_141/MSC_i_157/data_shifter_gen[16].data_shifter[16][1]:D
  Delay (ns):              0.148
  Slack (ns):              0.072
  Arrival (ns):            5.808
  Required (ns):           5.736
  Operating Conditions: fast_hv_lt

Path 53
  From: PF_DDR4_SS_0/MSC_i_0/MSC_i_1/MSC_i_8/MSC_i_10/cmd_fifo_wr_data_reg2[53]:CLK
  To:   PF_DDR4_SS_0/MSC_i_0/MSC_i_1/MSC_i_8/MSC_i_10/cmd_fifo_wr_data_reg3[53]:D
  Delay (ns):              0.148
  Slack (ns):              0.072
  Arrival (ns):            5.817
  Required (ns):           5.745
  Operating Conditions: fast_hv_lt

Path 54
  From: PF_DDR4_SS_0/MSC_i_0/MSC_i_1/MSC_i_8/MSC_i_10/awaddr_r1[12]:CLK
  To:   PF_DDR4_SS_0/MSC_i_0/MSC_i_1/MSC_i_8/MSC_i_10/wr_cmd_wr_data[12]:D
  Delay (ns):              0.148
  Slack (ns):              0.072
  Arrival (ns):            5.816
  Required (ns):           5.744
  Operating Conditions: fast_hv_lt

Path 55
  From: PF_DDR4_SS_0/DDRPHY_BLK_0/IOD_TRAINING_0/COREDDR_TIP_INT_U/TIP_CTRL_BLK/LEVELLING/WRLVL/wrlvl_instances[0].uWrlvl/dq_in_reg[0]:CLK
  To:   PF_DDR4_SS_0/DDRPHY_BLK_0/IOD_TRAINING_0/COREDDR_TIP_INT_U/TIP_CTRL_BLK/LEVELLING/WRLVL/wrlvl_instances[0].uWrlvl/dq_in_reg_2[0]:D
  Delay (ns):              0.149
  Slack (ns):              0.072
  Arrival (ns):            5.800
  Required (ns):           5.728
  Operating Conditions: fast_hv_lt

Path 56
  From: PF_DDR4_SS_0/MSC_i_0/MSC_i_1/MSC_i_8/MSC_i_140/MSC_i_141/MSC_i_157/data_shifter_gen[17].data_shifter[17][0]:CLK
  To:   PF_DDR4_SS_0/MSC_i_0/MSC_i_1/MSC_i_8/MSC_i_140/MSC_i_141/MSC_i_157/data_shifter_gen[16].data_shifter[16][0]:D
  Delay (ns):              0.149
  Slack (ns):              0.073
  Arrival (ns):            5.832
  Required (ns):           5.759
  Operating Conditions: fast_hv_lt

Path 57
  From: PF_DDR4_SS_0/MSC_i_0/MSC_i_1/MSC_i_8/MSC_i_140/MSC_i_141/MSC_i_157/data_shifter_gen[12].data_shifter[12][1]:CLK
  To:   PF_DDR4_SS_0/MSC_i_0/MSC_i_1/MSC_i_8/MSC_i_140/MSC_i_141/MSC_i_157/data_shifter_gen[11].data_shifter[11][1]:D
  Delay (ns):              0.149
  Slack (ns):              0.073
  Arrival (ns):            5.809
  Required (ns):           5.736
  Operating Conditions: fast_hv_lt

Path 58
  From: PF_DDR4_SS_0/MSC_i_0/MSC_i_1/MSC_i_8/MSC_i_10/awaddr_r1[11]:CLK
  To:   PF_DDR4_SS_0/MSC_i_0/MSC_i_1/MSC_i_8/MSC_i_10/wr_cmd_wr_data[11]:D
  Delay (ns):              0.149
  Slack (ns):              0.073
  Arrival (ns):            5.816
  Required (ns):           5.743
  Operating Conditions: fast_hv_lt

Path 59
  From: PF_DDR4_SS_0/DDRPHY_BLK_0/IOD_TRAINING_0/COREDDR_TIP_INT_U/TIP_CTRL_BLK/LEVELLING/WRLVL/wrlvl_instances[0].uWrlvl/dq_in_reg[4]:CLK
  To:   PF_DDR4_SS_0/DDRPHY_BLK_0/IOD_TRAINING_0/COREDDR_TIP_INT_U/TIP_CTRL_BLK/LEVELLING/WRLVL/wrlvl_instances[0].uWrlvl/dq_in_reg_2[4]:D
  Delay (ns):              0.149
  Slack (ns):              0.073
  Arrival (ns):            5.802
  Required (ns):           5.729
  Operating Conditions: fast_hv_lt

Path 60
  From: PF_DDR4_SS_0/MSC_i_0/MSC_i_1/MSC_i_8/MSC_i_169/gen_fr4.DFI_WRDATA_ALIGN_eq_0.dfi_wrdata_en_p1_po_r1[0]:CLK
  To:   PF_DDR4_SS_0/MSC_i_0/MSC_i_1/MSC_i_8/MSC_i_272/data_shifter_gen[1].data_shifter[1][152]:D
  Delay (ns):              0.150
  Slack (ns):              0.074
  Arrival (ns):            5.809
  Required (ns):           5.735
  Operating Conditions: fast_hv_lt

Path 61
  From: PF_DDR4_SS_0/MSC_i_0/MSC_i_1/MSC_i_8/MSC_i_140/MSC_i_141/MSC_i_161/data_shifter_gen[38].data_shifter[38][0]:CLK
  To:   PF_DDR4_SS_0/MSC_i_0/MSC_i_1/MSC_i_8/MSC_i_140/MSC_i_141/MSC_i_161/data_shifter_gen[37].data_shifter[37][0]:D
  Delay (ns):              0.152
  Slack (ns):              0.074
  Arrival (ns):            5.820
  Required (ns):           5.746
  Operating Conditions: fast_hv_lt

Path 62
  From: PF_DDR4_SS_0/MSC_i_0/MSC_i_1/MSC_i_8/MSC_i_140/MSC_i_141/MSC_i_157/data_shifter_gen[23].data_shifter[23][1]:CLK
  To:   PF_DDR4_SS_0/MSC_i_0/MSC_i_1/MSC_i_8/MSC_i_140/MSC_i_141/MSC_i_157/data_shifter_gen[22].data_shifter[22][1]:D
  Delay (ns):              0.150
  Slack (ns):              0.074
  Arrival (ns):            5.807
  Required (ns):           5.733
  Operating Conditions: fast_hv_lt

Path 63
  From: PF_DDR4_SS_0/DDRPHY_BLK_0/IOD_TRAINING_0/COREDDR_TIP_INT_U/TIP_CTRL_BLK/LEVELLING/WRLVL/wrlvl_instances[1].uWrlvl/dq_in_reg[3]:CLK
  To:   PF_DDR4_SS_0/DDRPHY_BLK_0/IOD_TRAINING_0/COREDDR_TIP_INT_U/TIP_CTRL_BLK/LEVELLING/WRLVL/wrlvl_instances[1].uWrlvl/dq_in_reg_2[3]:D
  Delay (ns):              0.151
  Slack (ns):              0.074
  Arrival (ns):            5.778
  Required (ns):           5.704
  Operating Conditions: fast_hv_lt

Path 64
  From: PF_DDR4_SS_0/MSC_i_0/MSC_i_1/MSC_i_8/MSC_i_273/dfi_bank_r1[2]:CLK
  To:   PF_DDR4_SS_0/DDRPHY_BLK_0/IOD_TRAINING_0/COREDDR_TIP_INT_U/u_register_bank/pipelined_generate_block.DFI_BG_P2_OUT[0]:D
  Delay (ns):              0.152
  Slack (ns):              0.075
  Arrival (ns):            5.821
  Required (ns):           5.746
  Operating Conditions: fast_hv_lt

Path 65
  From: PF_DDR4_SS_0/MSC_i_0/MSC_i_1/MSC_i_8/MSC_i_273/dfi_address_r2[7]:CLK
  To:   PF_DDR4_SS_0/DDRPHY_BLK_0/IOD_TRAINING_0/COREDDR_TIP_INT_U/u_register_bank/pipelined_generate_block.DFI_ADDRESS_P0_OUT[7]:D
  Delay (ns):              0.151
  Slack (ns):              0.075
  Arrival (ns):            5.821
  Required (ns):           5.746
  Operating Conditions: fast_hv_lt

Path 66
  From: PF_DDR4_SS_0/MSC_i_0/MSC_i_1/MSC_i_8/MSC_i_169/gen_fr4.DFI_WRDATA_ALIGN_eq_0.dfi_wrdata_p3_po_r1[30]:CLK
  To:   PF_DDR4_SS_0/MSC_i_0/MSC_i_1/MSC_i_8/MSC_i_272/data_shifter_gen[1].data_shifter[1][70]:D
  Delay (ns):              0.152
  Slack (ns):              0.075
  Arrival (ns):            5.794
  Required (ns):           5.719
  Operating Conditions: fast_hv_lt

Path 67
  From: PF_DDR4_SS_0/MSC_i_0/MSC_i_1/MSC_i_8/MSC_i_169/gen_fr4.DFI_WRDATA_ALIGN_eq_0.dfi_wrdata_p3_po_r1[26]:CLK
  To:   PF_DDR4_SS_0/MSC_i_0/MSC_i_1/MSC_i_8/MSC_i_272/data_shifter_gen[1].data_shifter[1][66]:D
  Delay (ns):              0.152
  Slack (ns):              0.075
  Arrival (ns):            5.783
  Required (ns):           5.708
  Operating Conditions: fast_hv_lt

Path 68
  From: PF_DDR4_SS_0/MSC_i_0/MSC_i_1/MSC_i_8/MSC_i_169/gen_fr4.DFI_WRDATA_ALIGN_eq_0.dfi_wrdata_mask_p3_po_r1[3]:CLK
  To:   PF_DDR4_SS_0/MSC_i_0/MSC_i_1/MSC_i_8/MSC_i_272/data_shifter_gen[1].data_shifter[1][143]:D
  Delay (ns):              0.152
  Slack (ns):              0.075
  Arrival (ns):            5.790
  Required (ns):           5.715
  Operating Conditions: fast_hv_lt

Path 69
  From: PF_DDR4_SS_0/MSC_i_0/MSC_i_1/MSC_i_8/MSC_i_169/MSC_i_195/fr4.dfi_in_p3_r:CLK
  To:   PF_DDR4_SS_0/MSC_i_0/MSC_i_1/MSC_i_8/MSC_i_272/data_shifter_gen[1].data_shifter[1][110]:D
  Delay (ns):              0.151
  Slack (ns):              0.075
  Arrival (ns):            5.804
  Required (ns):           5.729
  Operating Conditions: fast_hv_lt

Path 70
  From: PF_DDR4_SS_0/MSC_i_0/MSC_i_1/MSC_i_8/MSC_i_140/MSC_i_141/MSC_i_157/data_shifter_gen[18].data_shifter[18][1]:CLK
  To:   PF_DDR4_SS_0/MSC_i_0/MSC_i_1/MSC_i_8/MSC_i_140/MSC_i_141/MSC_i_157/data_shifter_gen[17].data_shifter[17][1]:D
  Delay (ns):              0.152
  Slack (ns):              0.075
  Arrival (ns):            5.812
  Required (ns):           5.737
  Operating Conditions: fast_hv_lt

Path 71
  From: PF_DDR4_SS_0/MSC_i_0/MSC_i_1/MSC_i_8/MSC_i_10/wr_data_delay_fifo_rd_data_reg_early[40]:CLK
  To:   PF_DDR4_SS_0/MSC_i_0/MSC_i_1/MSC_i_8/MSC_i_10/wr_data_delay_fifo_rd_data_reg[40]:D
  Delay (ns):              0.152
  Slack (ns):              0.075
  Arrival (ns):            5.808
  Required (ns):           5.733
  Operating Conditions: fast_hv_lt

Path 72
  From: PF_DDR4_SS_0/MSC_i_0/MSC_i_1/MSC_i_8/MSC_i_10/awaddr_r1[7]:CLK
  To:   PF_DDR4_SS_0/MSC_i_0/MSC_i_1/MSC_i_8/MSC_i_10/wr_cmd_wr_data[7]:D
  Delay (ns):              0.152
  Slack (ns):              0.075
  Arrival (ns):            5.818
  Required (ns):           5.743
  Operating Conditions: fast_hv_lt

Path 73
  From: PF_DDR4_SS_0/MSC_i_0/MSC_i_1/MSC_i_8/MSC_i_10/araddr_r1[24]:CLK
  To:   PF_DDR4_SS_0/MSC_i_0/MSC_i_1/MSC_i_8/MSC_i_10/rd_cmd_wr_data[24]:D
  Delay (ns):              0.151
  Slack (ns):              0.075
  Arrival (ns):            5.815
  Required (ns):           5.740
  Operating Conditions: fast_hv_lt

Path 74
  From: CoreDMA_IO_CTRL_0/axi4dma_init_0/wdata_o[21]:CLK
  To:   CoreDMA_IO_CTRL_0/CoreAXI4_Lite_0/CoreAXI4_Lite_0/MstConvertor_loop[0].mstrconv/rgsl/genblk4.wrs/holdDat[27]:D
  Delay (ns):              0.152
  Slack (ns):              0.075
  Arrival (ns):            5.773
  Required (ns):           5.698
  Operating Conditions: fast_hv_lt

Path 75
  From: AXI4_Interconnect_0/AXI4_Interconnect_0/SlvConvertor_loop[0].slvcnv/slvCDC/genblk1.cdc_BChan/wrPtr_s1[0]:CLK
  To:   AXI4_Interconnect_0/AXI4_Interconnect_0/SlvConvertor_loop[0].slvcnv/slvCDC/genblk1.cdc_BChan/wrPtr_s2[0]:D
  Delay (ns):              0.152
  Slack (ns):              0.075
  Arrival (ns):            5.810
  Required (ns):           5.735
  Operating Conditions: fast_hv_lt

Path 76
  From: PF_DDR4_SS_0/MSC_i_0/MSC_i_1/MSC_i_8/MSC_i_273/dfi_reset_n_r1:CLK
  To:   PF_DDR4_SS_0/DDRPHY_BLK_0/IOD_TRAINING_0/COREDDR_TIP_INT_U/u_register_bank/pipelined_generate_block.DFI_RESET_N_P2_OUT:D
  Delay (ns):              0.152
  Slack (ns):              0.076
  Arrival (ns):            5.811
  Required (ns):           5.735
  Operating Conditions: fast_hv_lt

Path 77
  From: PF_DDR4_SS_0/MSC_i_0/MSC_i_1/MSC_i_8/MSC_i_273/dfi_cke_r2[0]:CLK
  To:   PF_DDR4_SS_0/DDRPHY_BLK_0/IOD_TRAINING_0/COREDDR_TIP_INT_U/u_register_bank/pipelined_generate_block.DFI_CKE_P0_OUT:D
  Delay (ns):              0.152
  Slack (ns):              0.076
  Arrival (ns):            5.811
  Required (ns):           5.735
  Operating Conditions: fast_hv_lt

Path 78
  From: PF_DDR4_SS_0/MSC_i_0/MSC_i_1/MSC_i_8/MSC_i_140/MSC_i_141/r_valid_sh[3]:CLK
  To:   PF_DDR4_SS_0/MSC_i_0/MSC_i_1/MSC_i_8/MSC_i_140/MSC_i_141/r_valid_sh[4]:D
  Delay (ns):              0.153
  Slack (ns):              0.076
  Arrival (ns):            5.822
  Required (ns):           5.746
  Operating Conditions: fast_hv_lt

Path 79
  From: PF_DDR4_SS_0/MSC_i_0/MSC_i_1/MSC_i_8/MSC_i_140/MSC_i_141/MSC_i_161/data_shifter_gen[35].data_shifter[35][0]:CLK
  To:   PF_DDR4_SS_0/MSC_i_0/MSC_i_1/MSC_i_8/MSC_i_140/MSC_i_141/MSC_i_161/data_shifter_gen[34].data_shifter[34][0]:D
  Delay (ns):              0.152
  Slack (ns):              0.076
  Arrival (ns):            5.821
  Required (ns):           5.745
  Operating Conditions: fast_hv_lt

Path 80
  From: PF_DDR4_SS_0/MSC_i_0/MSC_i_1/MSC_i_8/MSC_i_140/MSC_i_141/MSC_i_161/data_shifter_gen[24].data_shifter[24][0]:CLK
  To:   PF_DDR4_SS_0/MSC_i_0/MSC_i_1/MSC_i_8/MSC_i_140/MSC_i_141/MSC_i_161/data_shifter_gen[23].data_shifter[23][0]:D
  Delay (ns):              0.151
  Slack (ns):              0.076
  Arrival (ns):            5.818
  Required (ns):           5.742
  Operating Conditions: fast_hv_lt

Path 81
  From: PF_DDR4_SS_0/MSC_i_0/MSC_i_1/MSC_i_8/MSC_i_10/cmd_fifo_wr_data_reg3[84]:CLK
  To:   PF_DDR4_SS_0/MSC_i_0/MSC_i_1/MSC_i_8/MSC_i_10/cmd_fifo_wr_data_reg4[84]:D
  Delay (ns):              0.190
  Slack (ns):              0.076
  Arrival (ns):            5.874
  Required (ns):           5.798
  Operating Conditions: fast_hv_lt

Path 82
  From: PF_DDR4_SS_0/MSC_i_0/MSC_i_1/MSC_i_8/MSC_i_10/cmd_fifo_wr_data_reg2[23]:CLK
  To:   PF_DDR4_SS_0/MSC_i_0/MSC_i_1/MSC_i_8/MSC_i_10/cmd_fifo_wr_data_reg3[23]:D
  Delay (ns):              0.152
  Slack (ns):              0.076
  Arrival (ns):            5.820
  Required (ns):           5.744
  Operating Conditions: fast_hv_lt

Path 83
  From: PF_DDR4_SS_0/DDRPHY_BLK_0/IOD_TRAINING_0/COREDDR_TIP_INT_U/u_register_bank/pipelined_generate_block.IOG_DQ_TXDATA_OUT[70]:CLK
  To:   PF_DDR4_SS_0/DDRPHY_BLK_0/IOD_TRAINING_0/COREDDR_TIP_INT_U/TIP_CTRL_BLK/PHY_SIG_MOD/iog_dq_txdata_in_reg[70]:D
  Delay (ns):              0.153
  Slack (ns):              0.076
  Arrival (ns):            5.802
  Required (ns):           5.726
  Operating Conditions: fast_hv_lt

Path 84
  From: PF_DDR4_SS_0/DDRPHY_BLK_0/IOD_TRAINING_0/COREDDR_TIP_INT_U/TIP_CTRL_BLK/TRN_CLK/u_cmd_flags/transition_detect/data_0[0]:CLK
  To:   PF_DDR4_SS_0/DDRPHY_BLK_0/IOD_TRAINING_0/COREDDR_TIP_INT_U/TIP_CTRL_BLK/TRN_CLK/u_cmd_flags/transition_detect/data_1[0]:D
  Delay (ns):              0.152
  Slack (ns):              0.076
  Arrival (ns):            5.815
  Required (ns):           5.739
  Operating Conditions: fast_hv_lt

Path 85
  From: PF_DDR4_SS_0/DDRPHY_BLK_0/IOD_TRAINING_0/COREDDR_TIP_INT_U/TIP_CTRL_BLK/LEVELLING/WRLVL/wrlvl_instances[1].uWrlvl/dq_in_reg[4]:CLK
  To:   PF_DDR4_SS_0/DDRPHY_BLK_0/IOD_TRAINING_0/COREDDR_TIP_INT_U/TIP_CTRL_BLK/LEVELLING/WRLVL/wrlvl_instances[1].uWrlvl/dq_in_reg_2[4]:D
  Delay (ns):              0.153
  Slack (ns):              0.076
  Arrival (ns):            5.780
  Required (ns):           5.704
  Operating Conditions: fast_hv_lt

Path 86
  From: PF_DDR4_SS_0/DDRPHY_BLK_0/IOD_TRAINING_0/COREDDR_TIP_INT_U/TIP_CTRL_BLK/LEVELLING/WRLVL/wrlvl_instances[0].uWrlvl/dq_in_reg[2]:CLK
  To:   PF_DDR4_SS_0/DDRPHY_BLK_0/IOD_TRAINING_0/COREDDR_TIP_INT_U/TIP_CTRL_BLK/LEVELLING/WRLVL/wrlvl_instances[0].uWrlvl/dq_in_reg_2[2]:D
  Delay (ns):              0.152
  Slack (ns):              0.076
  Arrival (ns):            5.804
  Required (ns):           5.728
  Operating Conditions: fast_hv_lt

Path 87
  From: PF_DDR4_SS_0/DDRPHY_BLK_0/IOD_TRAINING_0/COREDDR_TIP_INT_U/TIP_CTRL_BLK/LEVELLING/IOG_IF/delay_line_sel_rd[0]:CLK
  To:   PF_DDR4_SS_0/DDRPHY_BLK_0/IOD_TRAINING_0/COREDDR_TIP_INT_U/DELAY_LINE_SEL_RD[0]:D
  Delay (ns):              0.153
  Slack (ns):              0.076
  Arrival (ns):            5.795
  Required (ns):           5.719
  Operating Conditions: fast_hv_lt

Path 88
  From: CORERESET_PF_C0_0/CORERESET_PF_C0_0/dff_3:CLK
  To:   CORERESET_PF_C0_0/CORERESET_PF_C0_0/dff_4:D
  Delay (ns):              0.152
  Slack (ns):              0.076
  Arrival (ns):            3.489
  Required (ns):           3.413
  Operating Conditions: fast_hv_lt

Path 89
  From: PF_DDR4_SS_0/MSC_i_0/MSC_i_1/MSC_i_8/MSC_i_140/MSC_i_141/MSC_i_156/lat_n0.resettable.data_shifter_1_[17]:CLK
  To:   PF_DDR4_SS_0/MSC_i_0/MSC_i_1/MSC_i_8/MSC_i_140/MSC_i_141/MSC_i_156/lat_n0.resettable.data_shifter_2_[17]:D
  Delay (ns):              0.153
  Slack (ns):              0.077
  Arrival (ns):            5.820
  Required (ns):           5.743
  Operating Conditions: fast_hv_lt

Path 90
  From: PF_DDR4_SS_0/MSC_i_0/MSC_i_1/MSC_i_8/MSC_i_10/wr_data_packed[44]:CLK
  To:   PF_DDR4_SS_0/MSC_i_0/MSC_i_1/MSC_i_8/MSC_i_10/wr_data_fifo_wr_data[44]:D
  Delay (ns):              0.145
  Slack (ns):              0.077
  Arrival (ns):            5.812
  Required (ns):           5.735
  Operating Conditions: fast_hv_lt

Path 91
  From: PF_DDR4_SS_0/MSC_i_0/MSC_i_1/MSC_i_8/MSC_i_10/cmd_fifo_wr_data_reg1[85]:CLK
  To:   PF_DDR4_SS_0/MSC_i_0/MSC_i_1/MSC_i_8/MSC_i_10/cmd_fifo_wr_data_reg2[85]:D
  Delay (ns):              0.193
  Slack (ns):              0.077
  Arrival (ns):            5.863
  Required (ns):           5.786
  Operating Conditions: fast_hv_lt

Path 92
  From: PF_DDR4_SS_0/MSC_i_0/MSC_i_1/MSC_i_8/MSC_i_10/MSC_i_107/MSC_i_108/MSC_i_124/MSC_i_126/MSC_i_129/s0:CLK
  To:   PF_DDR4_SS_0/MSC_i_0/MSC_i_1/MSC_i_8/MSC_i_10/MSC_i_107/MSC_i_108/MSC_i_124/MSC_i_126/MSC_i_129/s1:D
  Delay (ns):              0.151
  Slack (ns):              0.077
  Arrival (ns):            5.807
  Required (ns):           5.730
  Operating Conditions: fast_hv_lt

Path 93
  From: PF_DDR4_SS_0/DDRPHY_BLK_0/IOD_TRAINING_0/COREDDR_TIP_INT_U/u_register_bank/pipelined_generate_block.IOG_DQ_TXDATA_OUT[98]:CLK
  To:   PF_DDR4_SS_0/DDRPHY_BLK_0/IOD_TRAINING_0/COREDDR_TIP_INT_U/TIP_CTRL_BLK/PHY_SIG_MOD/iog_dq_txdata_in_reg[98]:D
  Delay (ns):              0.153
  Slack (ns):              0.077
  Arrival (ns):            5.803
  Required (ns):           5.726
  Operating Conditions: fast_hv_lt

Path 94
  From: PF_DDR4_SS_0/DDRPHY_BLK_0/IOD_TRAINING_0/COREDDR_TIP_INT_U/u_register_bank/pipelined_generate_block.IOG_DQ_TXDATA_OUT[60]:CLK
  To:   PF_DDR4_SS_0/DDRPHY_BLK_0/IOD_TRAINING_0/COREDDR_TIP_INT_U/TIP_CTRL_BLK/PHY_SIG_MOD/iog_dq_txdata_in_reg[60]:D
  Delay (ns):              0.153
  Slack (ns):              0.077
  Arrival (ns):            5.810
  Required (ns):           5.733
  Operating Conditions: fast_hv_lt

Path 95
  From: PF_DDR4_SS_0/DDRPHY_BLK_0/IOD_TRAINING_0/COREDDR_TIP_INT_U/TIP_CTRL_BLK/LEVELLING/IOG_IF/move_int[2]:CLK
  To:   PF_DDR4_SS_0/DDRPHY_BLK_0/IOD_TRAINING_0/COREDDR_TIP_INT_U/MOVE[2]:D
  Delay (ns):              0.154
  Slack (ns):              0.077
  Arrival (ns):            5.808
  Required (ns):           5.731
  Operating Conditions: fast_hv_lt

Path 96
  From: PF_DDR4_SS_0/DDRPHY_BLK_0/IOD_TRAINING_0/COREDDR_TIP_INT_U/TIP_CTRL_BLK/LEVELLING/IOG_IF/direction_int[0]:CLK
  To:   PF_DDR4_SS_0/DDRPHY_BLK_0/IOD_TRAINING_0/COREDDR_TIP_INT_U/DIRECTION[0]:D
  Delay (ns):              0.153
  Slack (ns):              0.077
  Arrival (ns):            5.808
  Required (ns):           5.731
  Operating Conditions: fast_hv_lt

Path 97
  From: CoreDMA_IO_CTRL_0/axi_io_ctrl_0/rdata_o[63]:CLK
  To:   AXI4_Interconnect_0/AXI4_Interconnect_0/SlvConvertor_loop[1].slvcnv/rgsl/genblk3.rrs/holdDat[67]:D
  Delay (ns):              0.154
  Slack (ns):              0.077
  Arrival (ns):            5.814
  Required (ns):           5.737
  Operating Conditions: fast_hv_lt

Path 98
  From: CoreDMA_IO_CTRL_0/axi4dma_init_0/wdata_o[29]:CLK
  To:   CoreDMA_IO_CTRL_0/CoreAXI4_Lite_0/CoreAXI4_Lite_0/MstConvertor_loop[0].mstrconv/rgsl/genblk4.wrs/holdDat[35]:D
  Delay (ns):              0.154
  Slack (ns):              0.077
  Arrival (ns):            5.775
  Required (ns):           5.698
  Operating Conditions: fast_hv_lt

Path 99
  From: CoreDMA_IO_CTRL_0/UART_SD_0/CORE_UART_0/Core_UART_0/make_RX/rx_shift[4]:CLK
  To:   CoreDMA_IO_CTRL_0/UART_SD_0/CORE_UART_0/Core_UART_0/make_RX/rx_shift[3]:D
  Delay (ns):              0.153
  Slack (ns):              0.077
  Arrival (ns):            5.806
  Required (ns):           5.729
  Operating Conditions: fast_hv_lt

Path 100
  From: AXI4_Interconnect_0/AXI4_Interconnect_0/SlvConvertor_loop[4].slvcnv/rgsl/genblk2.arrs/sDat[54]:CLK
  To:   PF_DDR4_SS_0/MSC_i_0/MSC_i_1/MSC_i_8/MSC_i_10/araddr_r1[23]:D
  Delay (ns):              0.154
  Slack (ns):              0.077
  Arrival (ns):            5.822
  Required (ns):           5.745
  Operating Conditions: fast_hv_lt

