Timing Violation Report Min Delay Analysis

SmartTime Version v12.6
Microsemi Corporation - Microsemi Libero Software Release v12.6 (Version 12.900.20.24)
Date: Sun Apr 25 15:38:47 2021


Design: top
Family: PolarFire
Die: MPF100T
Package: FCVG484
Temperature Range: 0 - 100 C
Voltage Range: 0.97 - 1.03 V
Speed Grade: -1
Design State: Post-Layout
Data source: Production
Multi Corner Report Operating Conditions: slow_lv_ht, slow_lv_lt, fast_hv_lt
Scenario for Timing Analysis: timing_analysis


*** IMPORTANT RECOMMENDATION *** If you haven't done so, it is highly recommended to add clock jitter information for each clock domain into Libero SoC through clock uncertainty SDC timing constraints. Please refer to the Libero SoC v12.5 release notes for more details.

Path 1
  From: CoreDMA_IO_CTRL_0/axi_io_ctrl_0/clk_count2[12]:CLK
  To:   CoreDMA_IO_CTRL_0/UART_SD_0/cmd_ctrlr_0/clk_count2[12]:D
  Delay (ns):              0.311
  Slack (ns):              0.047
  Arrival (ns):            7.120
  Required (ns):           7.073
  Operating Conditions: slow_lv_ht

Path 2
  From: PF_DDR4_SS_0/MSC_i_0/MSC_i_1/MSC_i_8/MSC_i_10/MSC_i_23/MSC_i_24/MSC_i_39/din_gray_r[1]:CLK
  To:   PF_DDR4_SS_0/MSC_i_0/MSC_i_1/MSC_i_8/MSC_i_10/MSC_i_23/MSC_i_24/MSC_i_39/MSC_i_41/MSC_i_48/s0:D
  Delay (ns):              0.308
  Slack (ns):              0.054
  Arrival (ns):            6.639
  Required (ns):           6.585
  Operating Conditions: slow_lv_lt

Path 3
  From: CoreDMA_IO_CTRL_0/axi_io_ctrl_0/clk_count2[6]:CLK
  To:   CoreDMA_IO_CTRL_0/UART_SD_0/cmd_ctrlr_0/clk_count2[6]:D
  Delay (ns):              0.214
  Slack (ns):              0.065
  Arrival (ns):            4.584
  Required (ns):           4.519
  Operating Conditions: fast_hv_lt

Path 4
  From: AXI4_Interconnect_0/AXI4_Interconnect_0/SlvConvertor_loop[2].slvcnv/slvCDC/genblk1.genblk1.cdc_WChan/rdPtr_s1[2]:CLK
  To:   AXI4_Interconnect_0/AXI4_Interconnect_0/SlvConvertor_loop[2].slvcnv/slvCDC/genblk1.genblk1.cdc_WChan/rdPtr_s2[2]:D
  Delay (ns):              0.146
  Slack (ns):              0.069
  Arrival (ns):            4.515
  Required (ns):           4.446
  Operating Conditions: fast_hv_lt

Path 5
  From: PF_DDR4_SS_0/MSC_i_0/MSC_i_1/MSC_i_8/MSC_i_169/gen_fr4.DFI_WRDATA_ALIGN_eq_0.dfi_wrdata_p3_po_r1[27]:CLK
  To:   PF_DDR4_SS_0/MSC_i_0/MSC_i_1/MSC_i_8/MSC_i_272/data_shifter_gen[1].data_shifter[1][67]:D
  Delay (ns):              0.146
  Slack (ns):              0.070
  Arrival (ns):            4.538
  Required (ns):           4.468
  Operating Conditions: fast_hv_lt

Path 6
  From: PF_DDR4_SS_0/MSC_i_0/MSC_i_1/MSC_i_8/MSC_i_140/MSC_i_141/MSC_i_157/data_shifter_gen[23].data_shifter[23][1]:CLK
  To:   PF_DDR4_SS_0/MSC_i_0/MSC_i_1/MSC_i_8/MSC_i_140/MSC_i_141/MSC_i_157/data_shifter_gen[22].data_shifter[22][1]:D
  Delay (ns):              0.146
  Slack (ns):              0.070
  Arrival (ns):            4.529
  Required (ns):           4.459
  Operating Conditions: fast_hv_lt

Path 7
  From: PF_DDR4_SS_0/MSC_i_0/MSC_i_1/MSC_i_8/MSC_i_140/MSC_i_141/MSC_i_156/lat_n0.resettable.data_shifter_0_[113]:CLK
  To:   PF_DDR4_SS_0/MSC_i_0/MSC_i_1/MSC_i_8/MSC_i_140/MSC_i_141/MSC_i_156/lat_n0.resettable.data_shifter_1_[113]:D
  Delay (ns):              0.147
  Slack (ns):              0.070
  Arrival (ns):            4.551
  Required (ns):           4.481
  Operating Conditions: fast_hv_lt

Path 8
  From: PF_DDR4_SS_0/MSC_i_0/MSC_i_1/MSC_i_8/MSC_i_10/wr_data_packed[112]:CLK
  To:   PF_DDR4_SS_0/MSC_i_0/MSC_i_1/MSC_i_8/MSC_i_10/wr_data_fifo_wr_data[112]:D
  Delay (ns):              0.146
  Slack (ns):              0.070
  Arrival (ns):            4.516
  Required (ns):           4.446
  Operating Conditions: fast_hv_lt

Path 9
  From: PF_DDR4_SS_0/MSC_i_0/MSC_i_1/MSC_i_8/MSC_i_10/awaddr_r1[15]:CLK
  To:   PF_DDR4_SS_0/MSC_i_0/MSC_i_1/MSC_i_8/MSC_i_10/wr_cmd_wr_data[15]:D
  Delay (ns):              0.147
  Slack (ns):              0.070
  Arrival (ns):            4.524
  Required (ns):           4.454
  Operating Conditions: fast_hv_lt

Path 10
  From: PF_DDR4_SS_0/DDRPHY_BLK_0/IOD_TRAINING_0/COREDDR_TIP_INT_U/TIP_CTRL_BLK/LEVELLING/RDLVL/RDLVL_SMS/genblk1[1].RDLVL_TRAIN/gate_training/pre_iog_counter[1]:CLK
  To:   PF_DDR4_SS_0/DDRPHY_BLK_0/IOD_TRAINING_0/COREDDR_TIP_INT_U/TIP_CTRL_BLK/LEVELLING/RDLVL/RDLVL_SMS/genblk1[1].RDLVL_TRAIN/gate_training/pre_iog_en_output_registered_2[5]:SLn
  Delay (ns):              0.267
  Slack (ns):              0.070
  Arrival (ns):            4.652
  Required (ns):           4.582
  Operating Conditions: fast_hv_lt

Path 11
  From: PF_DDR4_SS_0/DDRPHY_BLK_0/IOD_TRAINING_0/COREDDR_TIP_INT_U/TIP_CTRL_BLK/LEVELLING/RDLVL/RDLVL_SMS/genblk1[1].RDLVL_TRAIN/gate_training/pre_iog_counter[1]:CLK
  To:   PF_DDR4_SS_0/DDRPHY_BLK_0/IOD_TRAINING_0/COREDDR_TIP_INT_U/TIP_CTRL_BLK/LEVELLING/RDLVL/RDLVL_SMS/genblk1[1].RDLVL_TRAIN/gate_training/pre_iog_en_output_registered_2[13]:SLn
  Delay (ns):              0.267
  Slack (ns):              0.070
  Arrival (ns):            4.652
  Required (ns):           4.582
  Operating Conditions: fast_hv_lt

Path 12
  From: PF_DDR4_SS_0/DDRPHY_BLK_0/IOD_TRAINING_0/COREDDR_TIP_INT_U/TIP_CTRL_BLK/LEVELLING/IOG_IF/move_int[13]:CLK
  To:   PF_DDR4_SS_0/DDRPHY_BLK_0/IOD_TRAINING_0/COREDDR_TIP_INT_U/MOVE[13]:D
  Delay (ns):              0.146
  Slack (ns):              0.070
  Arrival (ns):            4.533
  Required (ns):           4.463
  Operating Conditions: fast_hv_lt

Path 13
  From: PF_DDR4_SS_0/MSC_i_0/MSC_i_1/MSC_i_8/MSC_i_169/MSC_i_215/fr4.dfi_in_p3_r:CLK
  To:   PF_DDR4_SS_0/MSC_i_0/MSC_i_1/MSC_i_8/MSC_i_272/data_shifter_gen[1].data_shifter[1][134]:D
  Delay (ns):              0.147
  Slack (ns):              0.071
  Arrival (ns):            4.529
  Required (ns):           4.458
  Operating Conditions: fast_hv_lt

Path 14
  From: PF_DDR4_SS_0/MSC_i_0/MSC_i_1/MSC_i_8/MSC_i_169/MSC_i_209/fr4.dfi_in_p3_r:CLK
  To:   PF_DDR4_SS_0/MSC_i_0/MSC_i_1/MSC_i_8/MSC_i_272/data_shifter_gen[1].data_shifter[1][126]:D
  Delay (ns):              0.147
  Slack (ns):              0.071
  Arrival (ns):            4.529
  Required (ns):           4.458
  Operating Conditions: fast_hv_lt

Path 15
  From: PF_DDR4_SS_0/MSC_i_0/MSC_i_1/MSC_i_8/MSC_i_140/MSC_i_141/MSC_i_156/lat_n0.resettable.data_shifter_2_[1]:CLK
  To:   PF_DDR4_SS_0/MSC_i_0/MSC_i_1/MSC_i_8/MSC_i_273/dfi_odt_p3_r1[0]:D
  Delay (ns):              0.147
  Slack (ns):              0.071
  Arrival (ns):            4.531
  Required (ns):           4.460
  Operating Conditions: fast_hv_lt

Path 16
  From: PF_DDR4_SS_0/MSC_i_0/MSC_i_1/MSC_i_8/MSC_i_140/MSC_i_141/MSC_i_156/lat_n0.resettable.data_shifter_1_[123]:CLK
  To:   PF_DDR4_SS_0/MSC_i_0/MSC_i_1/MSC_i_8/MSC_i_140/MSC_i_141/MSC_i_156/lat_n0.resettable.data_shifter_2_[123]:D
  Delay (ns):              0.147
  Slack (ns):              0.071
  Arrival (ns):            4.551
  Required (ns):           4.480
  Operating Conditions: fast_hv_lt

Path 17
  From: PF_DDR4_SS_0/MSC_i_0/MSC_i_1/MSC_i_8/MSC_i_10/cmd_fifo_wr_data_reg2[9]:CLK
  To:   PF_DDR4_SS_0/MSC_i_0/MSC_i_1/MSC_i_8/MSC_i_10/cmd_fifo_wr_data_reg3[9]:D
  Delay (ns):              0.148
  Slack (ns):              0.071
  Arrival (ns):            4.530
  Required (ns):           4.459
  Operating Conditions: fast_hv_lt

Path 18
  From: PF_DDR4_SS_0/DDRPHY_BLK_0/IOD_TRAINING_0/COREDDR_TIP_INT_U/TIP_CTRL_BLK/LEVELLING/RDLVL/RDLVL_SMS/genblk1[1].RDLVL_TRAIN/gate_training/pre_iog_counter[1]:CLK
  To:   PF_DDR4_SS_0/DDRPHY_BLK_0/IOD_TRAINING_0/COREDDR_TIP_INT_U/TIP_CTRL_BLK/LEVELLING/RDLVL/RDLVL_SMS/genblk1[1].RDLVL_TRAIN/gate_training/pre_iog_en_output_registered_2[8]:SLn
  Delay (ns):              0.268
  Slack (ns):              0.071
  Arrival (ns):            4.653
  Required (ns):           4.582
  Operating Conditions: fast_hv_lt

Path 19
  From: PF_DDR4_SS_0/DDRPHY_BLK_0/IOD_TRAINING_0/COREDDR_TIP_INT_U/TIP_CTRL_BLK/LEVELLING/RDLVL/RDLVL_SMS/genblk1[1].RDLVL_TRAIN/gate_training/pre_iog_counter[1]:CLK
  To:   PF_DDR4_SS_0/DDRPHY_BLK_0/IOD_TRAINING_0/COREDDR_TIP_INT_U/TIP_CTRL_BLK/LEVELLING/RDLVL/RDLVL_SMS/genblk1[1].RDLVL_TRAIN/gate_training/pre_iog_en_output_registered_2[3]:SLn
  Delay (ns):              0.268
  Slack (ns):              0.071
  Arrival (ns):            4.653
  Required (ns):           4.582
  Operating Conditions: fast_hv_lt

Path 20
  From: PF_DDR4_SS_0/DDRPHY_BLK_0/IOD_TRAINING_0/COREDDR_TIP_INT_U/TIP_CTRL_BLK/LEVELLING/RDLVL/RDLVL_SMS/genblk1[1].RDLVL_TRAIN/gate_training/pre_iog_counter[1]:CLK
  To:   PF_DDR4_SS_0/DDRPHY_BLK_0/IOD_TRAINING_0/COREDDR_TIP_INT_U/TIP_CTRL_BLK/LEVELLING/RDLVL/RDLVL_SMS/genblk1[1].RDLVL_TRAIN/gate_training/pre_iog_en_output_registered_2[11]:SLn
  Delay (ns):              0.268
  Slack (ns):              0.071
  Arrival (ns):            4.653
  Required (ns):           4.582
  Operating Conditions: fast_hv_lt

Path 21
  From: PF_DDR4_SS_0/DDRPHY_BLK_0/IOD_TRAINING_0/COREDDR_TIP_INT_U/TIP_CTRL_BLK/LEVELLING/IOG_IF/move_int[14]:CLK
  To:   PF_DDR4_SS_0/DDRPHY_BLK_0/IOD_TRAINING_0/COREDDR_TIP_INT_U/MOVE[14]:D
  Delay (ns):              0.147
  Slack (ns):              0.071
  Arrival (ns):            4.534
  Required (ns):           4.463
  Operating Conditions: fast_hv_lt

Path 22
  From: PF_DDR4_SS_0/MSC_i_0/MSC_i_1/MSC_i_8/MSC_i_273/dfi_address_r2[7]:CLK
  To:   PF_DDR4_SS_0/DDRPHY_BLK_0/IOD_TRAINING_0/COREDDR_TIP_INT_U/u_register_bank/pipelined_generate_block.DFI_ADDRESS_P0_OUT[7]:D
  Delay (ns):              0.148
  Slack (ns):              0.072
  Arrival (ns):            4.520
  Required (ns):           4.448
  Operating Conditions: fast_hv_lt

Path 23
  From: PF_DDR4_SS_0/MSC_i_0/MSC_i_1/MSC_i_8/MSC_i_252/MSC_i_255/data_r1[35]:CLK
  To:   PF_DDR4_SS_0/MSC_i_0/MSC_i_1/MSC_i_8/MSC_i_252/MSC_i_255/data_r2[35]:D
  Delay (ns):              0.149
  Slack (ns):              0.072
  Arrival (ns):            4.528
  Required (ns):           4.456
  Operating Conditions: fast_hv_lt

Path 24
  From: PF_DDR4_SS_0/MSC_i_0/MSC_i_1/MSC_i_8/MSC_i_140/MSC_i_141/rd_cmd_sh[1]:CLK
  To:   PF_DDR4_SS_0/MSC_i_0/MSC_i_1/MSC_i_8/MSC_i_140/MSC_i_141/rd_cmd_sh[2]:D
  Delay (ns):              0.148
  Slack (ns):              0.072
  Arrival (ns):            4.531
  Required (ns):           4.459
  Operating Conditions: fast_hv_lt

Path 25
  From: PF_DDR4_SS_0/MSC_i_0/MSC_i_1/MSC_i_8/MSC_i_140/MSC_i_141/MSC_i_161/data_shifter_gen[11].data_shifter[11][1]:CLK
  To:   PF_DDR4_SS_0/MSC_i_0/MSC_i_1/MSC_i_8/MSC_i_140/MSC_i_141/MSC_i_161/data_shifter_gen[10].data_shifter[10][1]:D
  Delay (ns):              0.148
  Slack (ns):              0.072
  Arrival (ns):            4.531
  Required (ns):           4.459
  Operating Conditions: fast_hv_lt

Path 26
  From: PF_DDR4_SS_0/MSC_i_0/MSC_i_1/MSC_i_8/MSC_i_140/MSC_i_141/MSC_i_157/data_shifter_gen[17].data_shifter[17][1]:CLK
  To:   PF_DDR4_SS_0/MSC_i_0/MSC_i_1/MSC_i_8/MSC_i_140/MSC_i_141/MSC_i_157/data_shifter_gen[16].data_shifter[16][1]:D
  Delay (ns):              0.148
  Slack (ns):              0.072
  Arrival (ns):            4.531
  Required (ns):           4.459
  Operating Conditions: fast_hv_lt

Path 27
  From: PF_DDR4_SS_0/MSC_i_0/MSC_i_1/MSC_i_8/MSC_i_10/awaddr_r1[18]:CLK
  To:   PF_DDR4_SS_0/MSC_i_0/MSC_i_1/MSC_i_8/MSC_i_10/wr_cmd_wr_data[18]:D
  Delay (ns):              0.150
  Slack (ns):              0.072
  Arrival (ns):            4.527
  Required (ns):           4.455
  Operating Conditions: fast_hv_lt

Path 28
  From: PF_DDR4_SS_0/DDRPHY_BLK_0/IOD_TRAINING_0/COREDDR_TIP_INT_U/TIP_CTRL_BLK/LEVELLING/WRLVL/wrlvl_instances[0].uWrlvl/dq_in_reg[2]:CLK
  To:   PF_DDR4_SS_0/DDRPHY_BLK_0/IOD_TRAINING_0/COREDDR_TIP_INT_U/TIP_CTRL_BLK/LEVELLING/WRLVL/wrlvl_instances[0].uWrlvl/dq_in_reg_2[2]:D
  Delay (ns):              0.149
  Slack (ns):              0.072
  Arrival (ns):            4.535
  Required (ns):           4.463
  Operating Conditions: fast_hv_lt

Path 29
  From: PF_DDR4_SS_0/DDRPHY_BLK_0/IOD_TRAINING_0/COREDDR_TIP_INT_U/TIP_CTRL_BLK/LEVELLING/IOG_IF/direction_int[8]:CLK
  To:   PF_DDR4_SS_0/DDRPHY_BLK_0/IOD_TRAINING_0/COREDDR_TIP_INT_U/DIRECTION[8]:D
  Delay (ns):              0.148
  Slack (ns):              0.072
  Arrival (ns):            4.538
  Required (ns):           4.466
  Operating Conditions: fast_hv_lt

Path 30
  From: AXI4_Interconnect_0/AXI4_Interconnect_0/SlvConvertor_loop[4].slvcnv/rgsl/genblk1.awrs/sDat[38]:CLK
  To:   PF_DDR4_SS_0/MSC_i_0/MSC_i_1/MSC_i_8/MSC_i_10/awaddr_r1[7]:D
  Delay (ns):              0.148
  Slack (ns):              0.072
  Arrival (ns):            4.521
  Required (ns):           4.449
  Operating Conditions: fast_hv_lt

Path 31
  From: PF_DDR4_SS_0/MSC_i_0/MSC_i_1/MSC_i_8/MSC_i_273/dfi_cas_n_r2:CLK
  To:   PF_DDR4_SS_0/DDRPHY_BLK_0/IOD_TRAINING_0/COREDDR_TIP_INT_U/u_register_bank/pipelined_generate_block.DFI_CAS_N_P0_OUT:D
  Delay (ns):              0.150
  Slack (ns):              0.073
  Arrival (ns):            4.521
  Required (ns):           4.448
  Operating Conditions: fast_hv_lt

Path 32
  From: PF_DDR4_SS_0/MSC_i_0/MSC_i_1/MSC_i_8/MSC_i_140/MSC_i_141/MSC_i_157/data_shifter_gen[37].data_shifter[37][0]:CLK
  To:   PF_DDR4_SS_0/MSC_i_0/MSC_i_1/MSC_i_8/MSC_i_140/MSC_i_141/MSC_i_157/data_shifter_gen[36].data_shifter[36][0]:D
  Delay (ns):              0.149
  Slack (ns):              0.073
  Arrival (ns):            4.545
  Required (ns):           4.472
  Operating Conditions: fast_hv_lt

Path 33
  From: PF_DDR4_SS_0/MSC_i_0/MSC_i_1/MSC_i_8/MSC_i_140/MSC_i_141/MSC_i_157/data_shifter_gen[12].data_shifter[12][1]:CLK
  To:   PF_DDR4_SS_0/MSC_i_0/MSC_i_1/MSC_i_8/MSC_i_140/MSC_i_141/MSC_i_157/data_shifter_gen[11].data_shifter[11][1]:D
  Delay (ns):              0.149
  Slack (ns):              0.073
  Arrival (ns):            4.532
  Required (ns):           4.459
  Operating Conditions: fast_hv_lt

Path 34
  From: PF_DDR4_SS_0/MSC_i_0/MSC_i_1/MSC_i_8/MSC_i_10/wr_data_delay_fifo_rd_data_reg_early[64]:CLK
  To:   PF_DDR4_SS_0/MSC_i_0/MSC_i_1/MSC_i_8/MSC_i_10/wr_data_delay_fifo_rd_data_reg[64]:D
  Delay (ns):              0.150
  Slack (ns):              0.073
  Arrival (ns):            4.540
  Required (ns):           4.467
  Operating Conditions: fast_hv_lt

Path 35
  From: PF_DDR4_SS_0/MSC_i_0/MSC_i_1/MSC_i_8/MSC_i_10/awaddr_r1[19]:CLK
  To:   PF_DDR4_SS_0/MSC_i_0/MSC_i_1/MSC_i_8/MSC_i_10/wr_cmd_wr_data[19]:D
  Delay (ns):              0.149
  Slack (ns):              0.073
  Arrival (ns):            4.528
  Required (ns):           4.455
  Operating Conditions: fast_hv_lt

Path 36
  From: PF_DDR4_SS_0/DDRPHY_BLK_0/IOD_TRAINING_0/COREDDR_TIP_INT_U/u_register_bank/pipelined_generate_block.IOG_DM_TXDATA_OUT[12]:CLK
  To:   PF_DDR4_SS_0/DDRPHY_BLK_0/IOD_TRAINING_0/COREDDR_TIP_INT_U/TIP_CTRL_BLK/PHY_SIG_MOD/iog_dm_txdata_in_reg[12]:D
  Delay (ns):              0.149
  Slack (ns):              0.073
  Arrival (ns):            4.536
  Required (ns):           4.463
  Operating Conditions: fast_hv_lt

Path 37
  From: AXItoAPB_0/AHBtoAPB_0/AHBtoAPB_0/U_ApbAddrData/haddrReg[8]:CLK
  To:   PCIe_EP_0/PCIex4_0/pcie_apblink_master_inst/last_raddr[8]:D
  Delay (ns):              0.218
  Slack (ns):              0.073
  Arrival (ns):            1.773
  Required (ns):           1.700
  Operating Conditions: fast_hv_lt

Path 38
  From: PF_DDR4_SS_0/MSC_i_0/MSC_i_1/MSC_i_8/MSC_i_140/MSC_i_141/MSC_i_161/data_shifter_gen[39].data_shifter[39][1]:CLK
  To:   PF_DDR4_SS_0/MSC_i_0/MSC_i_1/MSC_i_8/MSC_i_140/MSC_i_141/MSC_i_161/data_shifter_gen[38].data_shifter[38][1]:D
  Delay (ns):              0.150
  Slack (ns):              0.074
  Arrival (ns):            4.539
  Required (ns):           4.465
  Operating Conditions: fast_hv_lt

Path 39
  From: PF_DDR4_SS_0/MSC_i_0/MSC_i_1/MSC_i_8/MSC_i_140/MSC_i_141/MSC_i_157/data_shifter_gen[9].data_shifter[9][0]:CLK
  To:   PF_DDR4_SS_0/MSC_i_0/MSC_i_1/MSC_i_8/MSC_i_140/MSC_i_141/MSC_i_157/data_shifter_gen[8].data_shifter[8][0]:D
  Delay (ns):              0.150
  Slack (ns):              0.074
  Arrival (ns):            4.533
  Required (ns):           4.459
  Operating Conditions: fast_hv_lt

Path 40
  From: PF_DDR4_SS_0/MSC_i_0/MSC_i_1/MSC_i_8/MSC_i_140/MSC_i_141/MSC_i_157/data_shifter_gen[4].data_shifter[4][0]:CLK
  To:   PF_DDR4_SS_0/MSC_i_0/MSC_i_1/MSC_i_8/MSC_i_140/MSC_i_141/MSC_i_157/data_shifter_gen[3].data_shifter[3][0]:D
  Delay (ns):              0.150
  Slack (ns):              0.074
  Arrival (ns):            4.533
  Required (ns):           4.459
  Operating Conditions: fast_hv_lt

Path 41
  From: PF_DDR4_SS_0/MSC_i_0/MSC_i_1/MSC_i_8/MSC_i_140/MSC_i_141/MSC_i_156/lat_n0.resettable.data_shifter_0_[65]:CLK
  To:   PF_DDR4_SS_0/MSC_i_0/MSC_i_1/MSC_i_8/MSC_i_140/MSC_i_141/MSC_i_156/lat_n0.resettable.data_shifter_1_[65]:D
  Delay (ns):              0.151
  Slack (ns):              0.074
  Arrival (ns):            4.533
  Required (ns):           4.459
  Operating Conditions: fast_hv_lt

Path 42
  From: PF_DDR4_SS_0/MSC_i_0/MSC_i_1/MSC_i_8/MSC_i_10/awaddr_r1[12]:CLK
  To:   PF_DDR4_SS_0/MSC_i_0/MSC_i_1/MSC_i_8/MSC_i_10/wr_cmd_wr_data[12]:D
  Delay (ns):              0.151
  Slack (ns):              0.074
  Arrival (ns):            4.529
  Required (ns):           4.455
  Operating Conditions: fast_hv_lt

Path 43
  From: PF_DDR4_SS_0/MSC_i_0/MSC_i_1/MSC_i_8/MSC_i_10/araddr_r1[13]:CLK
  To:   PF_DDR4_SS_0/MSC_i_0/MSC_i_1/MSC_i_8/MSC_i_10/rd_cmd_wr_data[13]:D
  Delay (ns):              0.151
  Slack (ns):              0.074
  Arrival (ns):            4.529
  Required (ns):           4.455
  Operating Conditions: fast_hv_lt

Path 44
  From: PF_DDR4_SS_0/MSC_i_0/MSC_i_1/MSC_i_8/MSC_i_273/dfi_cke_r1[0]:CLK
  To:   PF_DDR4_SS_0/DDRPHY_BLK_0/IOD_TRAINING_0/COREDDR_TIP_INT_U/u_register_bank/pipelined_generate_block.DFI_CKE_P3_OUT:D
  Delay (ns):              0.151
  Slack (ns):              0.075
  Arrival (ns):            4.536
  Required (ns):           4.461
  Operating Conditions: fast_hv_lt

Path 45
  From: PF_DDR4_SS_0/MSC_i_0/MSC_i_1/MSC_i_8/MSC_i_273/dfi_address_r2[8]:CLK
  To:   PF_DDR4_SS_0/DDRPHY_BLK_0/IOD_TRAINING_0/COREDDR_TIP_INT_U/u_register_bank/pipelined_generate_block.DFI_ADDRESS_P0_OUT[8]:D
  Delay (ns):              0.151
  Slack (ns):              0.075
  Arrival (ns):            4.521
  Required (ns):           4.446
  Operating Conditions: fast_hv_lt

Path 46
  From: PF_DDR4_SS_0/MSC_i_0/MSC_i_1/MSC_i_8/MSC_i_273/dfi_act_n_r2:CLK
  To:   PF_DDR4_SS_0/DDRPHY_BLK_0/IOD_TRAINING_0/COREDDR_TIP_INT_U/u_register_bank/pipelined_generate_block.DFI_ACT_N_P0_OUT:D
  Delay (ns):              0.152
  Slack (ns):              0.075
  Arrival (ns):            4.523
  Required (ns):           4.448
  Operating Conditions: fast_hv_lt

Path 47
  From: PF_DDR4_SS_0/MSC_i_0/MSC_i_1/MSC_i_8/MSC_i_140/MSC_i_141/MSC_i_157/data_shifter_gen[28].data_shifter[28][1]:CLK
  To:   PF_DDR4_SS_0/MSC_i_0/MSC_i_1/MSC_i_8/MSC_i_140/MSC_i_141/MSC_i_157/data_shifter_gen[27].data_shifter[27][1]:D
  Delay (ns):              0.151
  Slack (ns):              0.075
  Arrival (ns):            4.534
  Required (ns):           4.459
  Operating Conditions: fast_hv_lt

Path 48
  From: PF_DDR4_SS_0/MSC_i_0/MSC_i_1/MSC_i_8/MSC_i_140/MSC_i_141/MSC_i_157/data_shifter_gen[18].data_shifter[18][1]:CLK
  To:   PF_DDR4_SS_0/MSC_i_0/MSC_i_1/MSC_i_8/MSC_i_140/MSC_i_141/MSC_i_157/data_shifter_gen[17].data_shifter[17][1]:D
  Delay (ns):              0.152
  Slack (ns):              0.075
  Arrival (ns):            4.535
  Required (ns):           4.460
  Operating Conditions: fast_hv_lt

Path 49
  From: PF_DDR4_SS_0/MSC_i_0/MSC_i_1/MSC_i_8/MSC_i_10/wr_data_packed[47]:CLK
  To:   PF_DDR4_SS_0/MSC_i_0/MSC_i_1/MSC_i_8/MSC_i_10/wr_data_fifo_wr_data[47]:D
  Delay (ns):              0.148
  Slack (ns):              0.075
  Arrival (ns):            4.537
  Required (ns):           4.462
  Operating Conditions: fast_hv_lt

Path 50
  From: PF_DDR4_SS_0/MSC_i_0/MSC_i_1/MSC_i_8/MSC_i_10/wr_data_delay_fifo_rd_data_reg_early[60]:CLK
  To:   PF_DDR4_SS_0/MSC_i_0/MSC_i_1/MSC_i_8/MSC_i_10/wr_data_delay_fifo_rd_data_reg[60]:D
  Delay (ns):              0.151
  Slack (ns):              0.075
  Arrival (ns):            4.526
  Required (ns):           4.451
  Operating Conditions: fast_hv_lt

Path 51
  From: PF_DDR4_SS_0/MSC_i_0/MSC_i_1/MSC_i_8/MSC_i_10/cmd_fifo_wr_data_reg3[86]:CLK
  To:   PF_DDR4_SS_0/MSC_i_0/MSC_i_1/MSC_i_8/MSC_i_10/cmd_fifo_wr_data_reg4[86]:D
  Delay (ns):              0.152
  Slack (ns):              0.075
  Arrival (ns):            4.533
  Required (ns):           4.458
  Operating Conditions: fast_hv_lt

Path 52
  From: PF_DDR4_SS_0/MSC_i_0/MSC_i_1/MSC_i_8/MSC_i_10/cmd_fifo_wr_data_reg3[55]:CLK
  To:   PF_DDR4_SS_0/MSC_i_0/MSC_i_1/MSC_i_8/MSC_i_10/cmd_fifo_wr_data_reg4[55]:D
  Delay (ns):              0.151
  Slack (ns):              0.075
  Arrival (ns):            4.530
  Required (ns):           4.455
  Operating Conditions: fast_hv_lt

Path 53
  From: PF_DDR4_SS_0/MSC_i_0/MSC_i_1/MSC_i_8/MSC_i_10/cmd_fifo_wr_data_reg3[19]:CLK
  To:   PF_DDR4_SS_0/MSC_i_0/MSC_i_1/MSC_i_8/MSC_i_10/cmd_fifo_wr_data_reg4[19]:D
  Delay (ns):              0.151
  Slack (ns):              0.075
  Arrival (ns):            4.546
  Required (ns):           4.471
  Operating Conditions: fast_hv_lt

Path 54
  From: PF_DDR4_SS_0/MSC_i_0/MSC_i_1/MSC_i_8/MSC_i_10/araddr_r1[31]:CLK
  To:   PF_DDR4_SS_0/MSC_i_0/MSC_i_1/MSC_i_8/MSC_i_10/rd_cmd_wr_data[31]:D
  Delay (ns):              0.148
  Slack (ns):              0.075
  Arrival (ns):            4.530
  Required (ns):           4.455
  Operating Conditions: fast_hv_lt

Path 55
  From: PF_DDR4_SS_0/DDRPHY_BLK_0/IOD_TRAINING_0/COREDDR_TIP_INT_U/u_register_bank/pipelined_generate_block.IOG_DQ_TXDATA_OUT[59]:CLK
  To:   PF_DDR4_SS_0/DDRPHY_BLK_0/IOD_TRAINING_0/COREDDR_TIP_INT_U/TIP_CTRL_BLK/PHY_SIG_MOD/iog_dq_txdata_in_reg[59]:D
  Delay (ns):              0.151
  Slack (ns):              0.075
  Arrival (ns):            4.539
  Required (ns):           4.464
  Operating Conditions: fast_hv_lt

Path 56
  From: AXI4_Interconnect_0/AXI4_Interconnect_0/SlvConvertor_loop[2].slvcnv/slvCDC/genblk1.cdc_RChan/wrPtr_s1[0]:CLK
  To:   AXI4_Interconnect_0/AXI4_Interconnect_0/SlvConvertor_loop[2].slvcnv/slvCDC/genblk1.cdc_RChan/wrPtr_s2[0]:D
  Delay (ns):              0.151
  Slack (ns):              0.075
  Arrival (ns):            4.521
  Required (ns):           4.446
  Operating Conditions: fast_hv_lt

Path 57
  From: PF_DDR4_SS_0/MSC_i_0/MSC_i_1/MSC_i_8/MSC_i_273/dfi_bank_r2[3]:CLK
  To:   PF_DDR4_SS_0/DDRPHY_BLK_0/IOD_TRAINING_0/COREDDR_TIP_INT_U/u_register_bank/pipelined_generate_block.DFI_BG_P0_OUT[1]:D
  Delay (ns):              0.153
  Slack (ns):              0.076
  Arrival (ns):            4.531
  Required (ns):           4.455
  Operating Conditions: fast_hv_lt

Path 58
  From: PF_DDR4_SS_0/MSC_i_0/MSC_i_1/MSC_i_8/MSC_i_273/dfi_bank_r2[2]:CLK
  To:   PF_DDR4_SS_0/DDRPHY_BLK_0/IOD_TRAINING_0/COREDDR_TIP_INT_U/u_register_bank/pipelined_generate_block.DFI_BG_P0_OUT[0]:D
  Delay (ns):              0.151
  Slack (ns):              0.076
  Arrival (ns):            4.521
  Required (ns):           4.445
  Operating Conditions: fast_hv_lt

Path 59
  From: PF_DDR4_SS_0/MSC_i_0/MSC_i_1/MSC_i_8/MSC_i_140/MSC_i_141/MSC_i_157/data_shifter_gen[26].data_shifter[26][0]:CLK
  To:   PF_DDR4_SS_0/MSC_i_0/MSC_i_1/MSC_i_8/MSC_i_140/MSC_i_141/MSC_i_157/data_shifter_gen[25].data_shifter[25][0]:D
  Delay (ns):              0.151
  Slack (ns):              0.076
  Arrival (ns):            4.531
  Required (ns):           4.455
  Operating Conditions: fast_hv_lt

Path 60
  From: PF_DDR4_SS_0/MSC_i_0/MSC_i_1/MSC_i_8/MSC_i_140/MSC_i_141/MSC_i_156/lat_n0.resettable.data_shifter_2_[108]:CLK
  To:   PF_DDR4_SS_0/MSC_i_0/MSC_i_1/MSC_i_8/MSC_i_273/dfi_bank_r1[2]:D
  Delay (ns):              0.151
  Slack (ns):              0.076
  Arrival (ns):            4.521
  Required (ns):           4.445
  Operating Conditions: fast_hv_lt

Path 61
  From: PF_DDR4_SS_0/MSC_i_0/MSC_i_1/MSC_i_8/MSC_i_10/cmd_fifo_wr_data_reg2[54]:CLK
  To:   PF_DDR4_SS_0/MSC_i_0/MSC_i_1/MSC_i_8/MSC_i_10/cmd_fifo_wr_data_reg3[54]:D
  Delay (ns):              0.153
  Slack (ns):              0.076
  Arrival (ns):            4.532
  Required (ns):           4.456
  Operating Conditions: fast_hv_lt

Path 62
  From: PF_DDR4_SS_0/MSC_i_0/MSC_i_1/MSC_i_8/MSC_i_10/awaddr_r1[13]:CLK
  To:   PF_DDR4_SS_0/MSC_i_0/MSC_i_1/MSC_i_8/MSC_i_10/wr_cmd_wr_data[13]:D
  Delay (ns):              0.152
  Slack (ns):              0.076
  Arrival (ns):            4.530
  Required (ns):           4.454
  Operating Conditions: fast_hv_lt

Path 63
  From: AXI4_Interconnect_0/AXI4_Interconnect_0/SlvConvertor_loop[3].slvcnv/rgsl/genblk4.wrs/sDat[48]:CLK
  To:   SRAM_AXI_0/COREAXI4SRAM_0/genblk1.U_SRAM_AXI_COREAXI4SRAM_0_CoreAXI4SRAM_MAINCTRL/genblk1.wdata_sc_r[38]:D
  Delay (ns):              0.150
  Slack (ns):              0.076
  Arrival (ns):            4.538
  Required (ns):           4.462
  Operating Conditions: fast_hv_lt

Path 64
  From: PF_DDR4_SS_0/MSC_i_0/MSC_i_1/MSC_i_8/MSC_i_273/dfi_ras_n_r1:CLK
  To:   PF_DDR4_SS_0/DDRPHY_BLK_0/IOD_TRAINING_0/COREDDR_TIP_INT_U/u_register_bank/pipelined_generate_block.DFI_RAS_N_P3_OUT:D
  Delay (ns):              0.153
  Slack (ns):              0.077
  Arrival (ns):            4.526
  Required (ns):           4.449
  Operating Conditions: fast_hv_lt

Path 65
  From: PF_DDR4_SS_0/MSC_i_0/MSC_i_1/MSC_i_8/MSC_i_273/dfi_address_r1[7]:CLK
  To:   PF_DDR4_SS_0/MSC_i_0/MSC_i_1/MSC_i_8/MSC_i_273/dfi_address_r2[7]:D
  Delay (ns):              0.154
  Slack (ns):              0.077
  Arrival (ns):            4.525
  Required (ns):           4.448
  Operating Conditions: fast_hv_lt

Path 66
  From: PF_DDR4_SS_0/MSC_i_0/MSC_i_1/MSC_i_8/MSC_i_169/gen_fr4.DFI_WRDATA_ALIGN_eq_0.dfi_wrdata_p3_po_r1[4]:CLK
  To:   PF_DDR4_SS_0/MSC_i_0/MSC_i_1/MSC_i_8/MSC_i_272/data_shifter_gen[1].data_shifter[1][44]:D
  Delay (ns):              0.152
  Slack (ns):              0.077
  Arrival (ns):            4.534
  Required (ns):           4.457
  Operating Conditions: fast_hv_lt

Path 67
  From: PF_DDR4_SS_0/MSC_i_0/MSC_i_1/MSC_i_8/MSC_i_169/gen_fr4.DFI_WRDATA_ALIGN_eq_0.dfi_wrdata_p2_po_r1[4]:CLK
  To:   PF_DDR4_SS_0/MSC_i_0/MSC_i_1/MSC_i_8/MSC_i_272/data_shifter_gen[1].data_shifter[1][76]:D
  Delay (ns):              0.154
  Slack (ns):              0.077
  Arrival (ns):            4.535
  Required (ns):           4.458
  Operating Conditions: fast_hv_lt

Path 68
  From: PF_DDR4_SS_0/MSC_i_0/MSC_i_1/MSC_i_8/MSC_i_169/gen_fr4.DFI_WRDATA_ALIGN_eq_0.dfi_wrdata_p2_po_r1[27]:CLK
  To:   PF_DDR4_SS_0/MSC_i_0/MSC_i_1/MSC_i_8/MSC_i_272/data_shifter_gen[1].data_shifter[1][99]:D
  Delay (ns):              0.154
  Slack (ns):              0.077
  Arrival (ns):            4.545
  Required (ns):           4.468
  Operating Conditions: fast_hv_lt

Path 69
  From: PF_DDR4_SS_0/MSC_i_0/MSC_i_1/MSC_i_8/MSC_i_169/gen_fr4.DFI_WRDATA_ALIGN_eq_0.dfi_wrdata_mask_p3_po_r1[3]:CLK
  To:   PF_DDR4_SS_0/MSC_i_0/MSC_i_1/MSC_i_8/MSC_i_272/data_shifter_gen[1].data_shifter[1][143]:D
  Delay (ns):              0.154
  Slack (ns):              0.077
  Arrival (ns):            4.542
  Required (ns):           4.465
  Operating Conditions: fast_hv_lt

Path 70
  From: PF_DDR4_SS_0/MSC_i_0/MSC_i_1/MSC_i_8/MSC_i_169/gen_fr4.DFI_WRDATA_ALIGN_eq_0.dfi_wrdata_mask_p2_po_r1[1]:CLK
  To:   PF_DDR4_SS_0/MSC_i_0/MSC_i_1/MSC_i_8/MSC_i_272/data_shifter_gen[1].data_shifter[1][145]:D
  Delay (ns):              0.151
  Slack (ns):              0.077
  Arrival (ns):            4.544
  Required (ns):           4.467
  Operating Conditions: fast_hv_lt

Path 71
  From: PF_DDR4_SS_0/MSC_i_0/MSC_i_1/MSC_i_8/MSC_i_169/MSC_i_201/fr4.dfi_in_p3_r:CLK
  To:   PF_DDR4_SS_0/MSC_i_0/MSC_i_1/MSC_i_8/MSC_i_272/data_shifter_gen[1].data_shifter[1][105]:D
  Delay (ns):              0.145
  Slack (ns):              0.077
  Arrival (ns):            4.525
  Required (ns):           4.448
  Operating Conditions: fast_hv_lt

Path 72
  From: PF_DDR4_SS_0/MSC_i_0/MSC_i_1/MSC_i_8/MSC_i_140/MSC_i_141/MSC_i_161/data_shifter_gen[27].data_shifter[27][0]:CLK
  To:   PF_DDR4_SS_0/MSC_i_0/MSC_i_1/MSC_i_8/MSC_i_140/MSC_i_141/MSC_i_161/data_shifter_gen[26].data_shifter[26][0]:D
  Delay (ns):              0.151
  Slack (ns):              0.077
  Arrival (ns):            4.525
  Required (ns):           4.448
  Operating Conditions: fast_hv_lt

Path 73
  From: PF_DDR4_SS_0/MSC_i_0/MSC_i_1/MSC_i_8/MSC_i_140/MSC_i_141/MSC_i_161/data_shifter_gen[21].data_shifter[21][0]:CLK
  To:   PF_DDR4_SS_0/MSC_i_0/MSC_i_1/MSC_i_8/MSC_i_140/MSC_i_141/MSC_i_161/data_shifter_gen[20].data_shifter[20][0]:D
  Delay (ns):              0.145
  Slack (ns):              0.077
  Arrival (ns):            4.519
  Required (ns):           4.442
  Operating Conditions: fast_hv_lt

Path 74
  From: PF_DDR4_SS_0/MSC_i_0/MSC_i_1/MSC_i_8/MSC_i_140/MSC_i_141/MSC_i_157/data_shifter_gen[22].data_shifter[22][0]:CLK
  To:   PF_DDR4_SS_0/MSC_i_0/MSC_i_1/MSC_i_8/MSC_i_140/MSC_i_141/MSC_i_157/data_shifter_gen[21].data_shifter[21][0]:D
  Delay (ns):              0.153
  Slack (ns):              0.077
  Arrival (ns):            4.532
  Required (ns):           4.455
  Operating Conditions: fast_hv_lt

Path 75
  From: PF_DDR4_SS_0/MSC_i_0/MSC_i_1/MSC_i_8/MSC_i_10/wr_data_packed[73]:CLK
  To:   PF_DDR4_SS_0/MSC_i_0/MSC_i_1/MSC_i_8/MSC_i_10/wr_data_fifo_wr_data[73]:D
  Delay (ns):              0.145
  Slack (ns):              0.077
  Arrival (ns):            4.531
  Required (ns):           4.454
  Operating Conditions: fast_hv_lt

Path 76
  From: PF_DDR4_SS_0/MSC_i_0/MSC_i_1/MSC_i_8/MSC_i_10/wr_data_packed[124]:CLK
  To:   PF_DDR4_SS_0/MSC_i_0/MSC_i_1/MSC_i_8/MSC_i_10/wr_data_fifo_wr_data[124]:D
  Delay (ns):              0.193
  Slack (ns):              0.077
  Arrival (ns):            4.579
  Required (ns):           4.502
  Operating Conditions: fast_hv_lt

Path 77
  From: PF_DDR4_SS_0/MSC_i_0/MSC_i_1/MSC_i_8/MSC_i_10/cmd_fifo_wr_data_reg3[58]:CLK
  To:   PF_DDR4_SS_0/MSC_i_0/MSC_i_1/MSC_i_8/MSC_i_10/cmd_fifo_wr_data_reg4[58]:D
  Delay (ns):              0.154
  Slack (ns):              0.077
  Arrival (ns):            4.532
  Required (ns):           4.455
  Operating Conditions: fast_hv_lt

Path 78
  From: PF_DDR4_SS_0/MSC_i_0/MSC_i_1/MSC_i_8/MSC_i_10/MSC_i_75/MSC_i_76/MSC_i_78/din_gray_r[10]:CLK
  To:   PF_DDR4_SS_0/MSC_i_0/MSC_i_1/MSC_i_8/MSC_i_10/MSC_i_75/MSC_i_76/MSC_i_78/MSC_i_80/MSC_i_83/s0:D
  Delay (ns):              0.154
  Slack (ns):              0.077
  Arrival (ns):            4.536
  Required (ns):           4.459
  Operating Conditions: fast_hv_lt

Path 79
  From: PF_DDR4_SS_0/DDRPHY_BLK_0/IOD_TRAINING_0/COREDDR_TIP_INT_U/TIP_CTRL_BLK/LEVELLING/WRLVL/wrlvl_instances[1].uWrlvl/current_state[13]:CLK
  To:   PF_DDR4_SS_0/DDRPHY_BLK_0/IOD_TRAINING_0/COREDDR_TIP_INT_U/TIP_CTRL_BLK/LEVELLING/WRLVL/wrlvl_instances[1].uWrlvl/transition_found:D
  Delay (ns):              0.153
  Slack (ns):              0.077
  Arrival (ns):            4.532
  Required (ns):           4.455
  Operating Conditions: fast_hv_lt

Path 80
  From: CoreDMA_IO_CTRL_0/UART_SD_0/CORE_UART_0/Core_UART_0/make_RX/rx_shift[4]:CLK
  To:   CoreDMA_IO_CTRL_0/UART_SD_0/CORE_UART_0/Core_UART_0/make_RX/rx_shift[3]:D
  Delay (ns):              0.154
  Slack (ns):              0.077
  Arrival (ns):            4.548
  Required (ns):           4.471
  Operating Conditions: fast_hv_lt

Path 81
  From: AXI4_Interconnect_0/AXI4_Interconnect_0/SlvConvertor_loop[2].slvcnv/slvCDC/genblk1.cdc_BChan/wrPtr_s1[2]:CLK
  To:   AXI4_Interconnect_0/AXI4_Interconnect_0/SlvConvertor_loop[2].slvcnv/slvCDC/genblk1.cdc_BChan/wrPtr_s2[2]:D
  Delay (ns):              0.154
  Slack (ns):              0.077
  Arrival (ns):            4.527
  Required (ns):           4.450
  Operating Conditions: fast_hv_lt

Path 82
  From: AXI4_Interconnect_0/AXI4_Interconnect_0/SlvConvertor_loop[2].slvcnv/slvCDC/genblk1.cdc_ARChan/wrGrayCounterP1/cntBinary[2]:CLK
  To:   AXI4_Interconnect_0/AXI4_Interconnect_0/SlvConvertor_loop[2].slvcnv/slvCDC/genblk1.cdc_ARChan/wrGrayCounterP1/cntGray[2]:D
  Delay (ns):              0.154
  Slack (ns):              0.077
  Arrival (ns):            4.530
  Required (ns):           4.453
  Operating Conditions: fast_hv_lt

Path 83
  From: PF_DDR4_SS_0/MSC_i_0/MSC_i_1/MSC_i_8/MSC_i_273/dfi_ras_n_r2:CLK
  To:   PF_DDR4_SS_0/DDRPHY_BLK_0/IOD_TRAINING_0/COREDDR_TIP_INT_U/u_register_bank/pipelined_generate_block.DFI_RAS_N_P0_OUT:D
  Delay (ns):              0.154
  Slack (ns):              0.078
  Arrival (ns):            4.527
  Required (ns):           4.449
  Operating Conditions: fast_hv_lt

Path 84
  From: PF_DDR4_SS_0/MSC_i_0/MSC_i_1/MSC_i_8/MSC_i_273/dfi_bank_r1[3]:CLK
  To:   PF_DDR4_SS_0/DDRPHY_BLK_0/IOD_TRAINING_0/COREDDR_TIP_INT_U/u_register_bank/pipelined_generate_block.DFI_BG_P2_OUT[1]:D
  Delay (ns):              0.154
  Slack (ns):              0.078
  Arrival (ns):            4.533
  Required (ns):           4.455
  Operating Conditions: fast_hv_lt

Path 85
  From: PF_DDR4_SS_0/MSC_i_0/MSC_i_1/MSC_i_8/MSC_i_169/gen_fr4.DFI_WRDATA_ALIGN_eq_0.dfi_wrdata_p3_po_r1[18]:CLK
  To:   PF_DDR4_SS_0/MSC_i_0/MSC_i_1/MSC_i_8/MSC_i_272/data_shifter_gen[1].data_shifter[1][58]:D
  Delay (ns):              0.152
  Slack (ns):              0.078
  Arrival (ns):            4.538
  Required (ns):           4.460
  Operating Conditions: fast_hv_lt

Path 86
  From: PF_DDR4_SS_0/MSC_i_0/MSC_i_1/MSC_i_8/MSC_i_169/gen_fr4.DFI_WRDATA_ALIGN_eq_0.dfi_wrdata_p2_po_r1[29]:CLK
  To:   PF_DDR4_SS_0/MSC_i_0/MSC_i_1/MSC_i_8/MSC_i_272/data_shifter_gen[1].data_shifter[1][101]:D
  Delay (ns):              0.155
  Slack (ns):              0.078
  Arrival (ns):            4.539
  Required (ns):           4.461
  Operating Conditions: fast_hv_lt

Path 87
  From: PF_DDR4_SS_0/MSC_i_0/MSC_i_1/MSC_i_8/MSC_i_140/MSC_i_141/MSC_i_161/data_shifter_gen[22].data_shifter[22][0]:CLK
  To:   PF_DDR4_SS_0/MSC_i_0/MSC_i_1/MSC_i_8/MSC_i_140/MSC_i_141/MSC_i_161/data_shifter_gen[21].data_shifter[21][0]:D
  Delay (ns):              0.152
  Slack (ns):              0.078
  Arrival (ns):            4.526
  Required (ns):           4.448
  Operating Conditions: fast_hv_lt

Path 88
  From: PF_DDR4_SS_0/MSC_i_0/MSC_i_1/MSC_i_8/MSC_i_140/MSC_i_141/MSC_i_157/data_shifter_gen[12].data_shifter[12][0]:CLK
  To:   PF_DDR4_SS_0/MSC_i_0/MSC_i_1/MSC_i_8/MSC_i_140/MSC_i_141/MSC_i_157/data_shifter_gen[11].data_shifter[11][0]:D
  Delay (ns):              0.152
  Slack (ns):              0.078
  Arrival (ns):            4.536
  Required (ns):           4.458
  Operating Conditions: fast_hv_lt

Path 89
  From: PF_DDR4_SS_0/MSC_i_0/MSC_i_1/MSC_i_8/MSC_i_10/awaddr_r1[30]:CLK
  To:   PF_DDR4_SS_0/MSC_i_0/MSC_i_1/MSC_i_8/MSC_i_10/wr_cmd_wr_data[30]:D
  Delay (ns):              0.152
  Slack (ns):              0.078
  Arrival (ns):            4.520
  Required (ns):           4.442
  Operating Conditions: fast_hv_lt

Path 90
  From: PF_DDR4_SS_0/DDRPHY_BLK_0/IOD_TRAINING_0/COREDDR_TIP_INT_U/TIP_CTRL_BLK/TRN_CLK/genblk2[0].u_dqsw_flags/transition_detect/data_0[0]:CLK
  To:   PF_DDR4_SS_0/DDRPHY_BLK_0/IOD_TRAINING_0/COREDDR_TIP_INT_U/TIP_CTRL_BLK/TRN_CLK/genblk2[0].u_dqsw_flags/transition_detect/data_1[0]:D
  Delay (ns):              0.153
  Slack (ns):              0.078
  Arrival (ns):            4.536
  Required (ns):           4.458
  Operating Conditions: fast_hv_lt

Path 91
  From: PF_DDR4_SS_0/DDRPHY_BLK_0/IOD_TRAINING_0/COREDDR_TIP_INT_U/TIP_CTRL_BLK/LEVELLING/RDLVL/RDLVL_SMS/genblk1[0].RDLVL_TRAIN/gate_training/clk_sel_out[0]:CLK
  To:   PF_DDR4_SS_0/DDRPHY_BLK_0/IOD_TRAINING_0/COREDDR_TIP_INT_U/CLK_SEL[0]:D
  Delay (ns):              0.152
  Slack (ns):              0.078
  Arrival (ns):            4.535
  Required (ns):           4.457
  Operating Conditions: fast_hv_lt

Path 92
  From: PF_DDR4_SS_0/DDRPHY_BLK_0/IOD_TRAINING_0/COREDDR_TIP_INT_U/TIP_CTRL_BLK/LEVELLING/IOG_IF/move_int[0]:CLK
  To:   PF_DDR4_SS_0/DDRPHY_BLK_0/IOD_TRAINING_0/COREDDR_TIP_INT_U/MOVE[0]:D
  Delay (ns):              0.152
  Slack (ns):              0.078
  Arrival (ns):            4.530
  Required (ns):           4.452
  Operating Conditions: fast_hv_lt

Path 93
  From: CoreDMA_IO_CTRL_0/axi4dma_init_0/reg_raddr[0]:CLK
  To:   CoreDMA_IO_CTRL_0/axi4dma_init_0/araddr_reg[0]:D
  Delay (ns):              0.152
  Slack (ns):              0.078
  Arrival (ns):            4.526
  Required (ns):           4.448
  Operating Conditions: fast_hv_lt

Path 94
  From: AXI4_Interconnect_0/AXI4_Interconnect_0/SlvConvertor_loop[0].slvcnv/slvCDC/genblk1.genblk1.cdc_WChan/wrPtr_s1[0]:CLK
  To:   AXI4_Interconnect_0/AXI4_Interconnect_0/SlvConvertor_loop[0].slvcnv/slvCDC/genblk1.genblk1.cdc_WChan/wrPtr_s2[0]:D
  Delay (ns):              0.152
  Slack (ns):              0.078
  Arrival (ns):            1.710
  Required (ns):           1.632
  Operating Conditions: fast_hv_lt

Path 95
  From: AXI4_Interconnect_0/AXI4_Interconnect_0/SlvConvertor_loop[0].slvcnv/slvCDC/genblk1.cdc_RChan/wrPtr_s1[2]:CLK
  To:   AXI4_Interconnect_0/AXI4_Interconnect_0/SlvConvertor_loop[0].slvcnv/slvCDC/genblk1.cdc_RChan/wrPtr_s2[2]:D
  Delay (ns):              0.152
  Slack (ns):              0.078
  Arrival (ns):            4.530
  Required (ns):           4.452
  Operating Conditions: fast_hv_lt

Path 96
  From: PF_DDR4_SS_0/DDRPHY_BLK_0/IOD_TRAINING_0/COREDDR_TIP_INT_U/u_register_bank/pipelined_generate_block.IOG_DQ_TXDATA_OUT[92]:CLK
  To:   PF_DDR4_SS_0/DDRPHY_BLK_0/IOD_TRAINING_0/COREDDR_TIP_INT_U/TIP_CTRL_BLK/PHY_SIG_MOD/iog_dq_txdata_in_reg[92]:D
  Delay (ns):              0.153
  Slack (ns):              0.079
  Arrival (ns):            4.558
  Required (ns):           4.479
  Operating Conditions: fast_hv_lt

Path 97
  From: PF_DDR4_SS_0/DDRPHY_BLK_0/IOD_TRAINING_0/COREDDR_TIP_INT_U/u_register_bank/pipelined_generate_block.IOG_DQ_TXDATA_OUT[125]:CLK
  To:   PF_DDR4_SS_0/DDRPHY_BLK_0/IOD_TRAINING_0/COREDDR_TIP_INT_U/TIP_CTRL_BLK/PHY_SIG_MOD/iog_dq_txdata_in_reg[125]:D
  Delay (ns):              0.147
  Slack (ns):              0.079
  Arrival (ns):            4.549
  Required (ns):           4.470
  Operating Conditions: fast_hv_lt

Path 98
  From: CoreDMA_IO_CTRL_0/axi4dma_init_0/wdata_o[7]:CLK
  To:   CoreDMA_IO_CTRL_0/CoreAXI4_Lite_0/CoreAXI4_Lite_0/MstConvertor_loop[0].mstrconv/rgsl/genblk4.wrs/holdDat[13]:D
  Delay (ns):              0.156
  Slack (ns):              0.079
  Arrival (ns):            4.534
  Required (ns):           4.455
  Operating Conditions: fast_hv_lt

Path 99
  From: CoreDMA_IO_CTRL_0/axi4dma_init_0/wdata_o[24]:CLK
  To:   CoreDMA_IO_CTRL_0/CoreAXI4_Lite_0/CoreAXI4_Lite_0/MstConvertor_loop[0].mstrconv/rgsl/genblk4.wrs/holdDat[30]:D
  Delay (ns):              0.155
  Slack (ns):              0.079
  Arrival (ns):            4.534
  Required (ns):           4.455
  Operating Conditions: fast_hv_lt

Path 100
  From: CoreDMA_IO_CTRL_0/UART_SD_0/CORE_UART_0/Core_UART_0/make_RX/rx_shift[7]:CLK
  To:   CoreDMA_IO_CTRL_0/UART_SD_0/CORE_UART_0/Core_UART_0/make_RX/rx_shift[6]:D
  Delay (ns):              0.156
  Slack (ns):              0.079
  Arrival (ns):            4.550
  Required (ns):           4.471
  Operating Conditions: fast_hv_lt

