Timing Violation Report Max Delay Analysis

SmartTime Version v12.6
Microsemi Corporation - Microsemi Libero Software Release v12.6 (Version 12.900.20.24)
Date: Fri Jul 23 08:36:22 2021


Design: top
Family: PolarFire
Die: MPF300T
Package: FCVG484
Temperature Range: 0 - 100 C
Voltage Range: 0.97 - 1.03 V
Speed Grade: -1
Design State: Post-Layout
Data source: Production
Multi Corner Report Operating Conditions: slow_lv_ht, slow_lv_lt, fast_hv_lt
Scenario for Timing Analysis: timing_analysis


*** IMPORTANT RECOMMENDATION *** If you haven't done so, it is highly recommended to add clock jitter information for each clock domain into Libero SoC through clock uncertainty SDC timing constraints. Please refer to the Libero SoC v12.5 release notes for more details.

Path 1
  From: CoreDMA_IO_CTRL_0/CoreDMA_Controller_0/CoreDMA_Controller_0/CAXI4DMAI00OI/CAXI4DMAOIOl[7]:CLK
  To:   CoreDMA_IO_CTRL_0/CoreDMA_Controller_0/CoreDMA_Controller_0/CAXI4DMAI00OI/CAXI4DMAOllI[3]:D
  Delay (ns):              3.866
  Slack (ns):              0.996
  Arrival (ns):           14.328
  Required (ns):          15.324
  Operating Conditions: slow_lv_ht

Path 2
  From: CoreDMA_IO_CTRL_0/CoreDMA_Controller_0/CoreDMA_Controller_0/CAXI4DMAI00OI/CAXI4DMAOIOl[7]:CLK
  To:   CoreDMA_IO_CTRL_0/CoreDMA_Controller_0/CoreDMA_Controller_0/CAXI4DMAI00OI/CAXI4DMAOllI[5]:D
  Delay (ns):              3.864
  Slack (ns):              0.999
  Arrival (ns):           14.326
  Required (ns):          15.325
  Operating Conditions: slow_lv_ht

Path 3
  From: CoreDMA_IO_CTRL_0/CoreDMA_Controller_0/CoreDMA_Controller_0/CAXI4DMAOOlOI/CAXI4DMAOOl1I/CAXI4DMAOI1Ol/CAXI4DMAI1l1:CLK
  To:   CoreDMA_IO_CTRL_0/CoreDMA_Controller_0/CoreDMA_Controller_0/CAXI4DMAOOlOI/CAXI4DMAOOl1I/CAXI4DMAII0Ol[1]:EN
  Delay (ns):              3.776
  Slack (ns):              1.023
  Arrival (ns):           14.220
  Required (ns):          15.243
  Operating Conditions: slow_lv_ht

Path 4
  From: CoreDMA_IO_CTRL_0/CoreDMA_Controller_0/CoreDMA_Controller_0/CAXI4DMAOOlOI/CAXI4DMAOOl1I/CAXI4DMAOI1Ol/CAXI4DMAI1l1:CLK
  To:   CoreDMA_IO_CTRL_0/CoreDMA_Controller_0/CoreDMA_Controller_0/CAXI4DMAOOlOI/CAXI4DMAOOl1I/CAXI4DMAII0Ol[0]:EN
  Delay (ns):              3.766
  Slack (ns):              1.033
  Arrival (ns):           14.210
  Required (ns):          15.243
  Operating Conditions: slow_lv_ht

Path 5
  From: CoreDMA_IO_CTRL_0/CoreDMA_Controller_0/CoreDMA_Controller_0/CAXI4DMAI00OI/CAXI4DMAIlOl[0]:CLK
  To:   CoreDMA_IO_CTRL_0/CoreDMA_Controller_0/CoreDMA_Controller_0/CAXI4DMAI00OI/CAXI4DMAOllI[3]:D
  Delay (ns):              3.822
  Slack (ns):              1.034
  Arrival (ns):           14.290
  Required (ns):          15.324
  Operating Conditions: slow_lv_ht

Path 6
  From: CoreDMA_IO_CTRL_0/CoreDMA_Controller_0/CoreDMA_Controller_0/CAXI4DMAI00OI/CAXI4DMAIlOl[0]:CLK
  To:   CoreDMA_IO_CTRL_0/CoreDMA_Controller_0/CoreDMA_Controller_0/CAXI4DMAI00OI/CAXI4DMAOllI[5]:D
  Delay (ns):              3.820
  Slack (ns):              1.037
  Arrival (ns):           14.288
  Required (ns):          15.325
  Operating Conditions: slow_lv_ht

Path 7
  From: CoreDMA_IO_CTRL_0/CoreDMA_Controller_0/CoreDMA_Controller_0/CAXI4DMAOOlOI/CAXI4DMAOOl1I/CAXI4DMAlI0Ol[1][0]:CLK
  To:   CoreDMA_IO_CTRL_0/CoreDMA_Controller_0/CoreDMA_Controller_0/CAXI4DMAOOlOI/CAXI4DMAOOl1I/CAXI4DMAII0Ol[1]:EN
  Delay (ns):              3.779
  Slack (ns):              1.038
  Arrival (ns):           14.189
  Required (ns):          15.227
  Operating Conditions: slow_lv_ht

Path 8
  From: CoreDMA_IO_CTRL_0/CoreDMA_Controller_0/CoreDMA_Controller_0/CAXI4DMAOOlOI/CAXI4DMAOOl1I/CAXI4DMAlI0Ol[1][1]:CLK
  To:   CoreDMA_IO_CTRL_0/CoreDMA_Controller_0/CoreDMA_Controller_0/CAXI4DMAOOlOI/CAXI4DMAOOl1I/CAXI4DMAII0Ol[1]:EN
  Delay (ns):              3.774
  Slack (ns):              1.042
  Arrival (ns):           14.185
  Required (ns):          15.227
  Operating Conditions: slow_lv_ht

Path 9
  From: CoreDMA_IO_CTRL_0/CoreDMA_Controller_0/CoreDMA_Controller_0/CAXI4DMAOOlOI/CAXI4DMAOOl1I/CAXI4DMAlI0Ol[1][0]:CLK
  To:   CoreDMA_IO_CTRL_0/CoreDMA_Controller_0/CoreDMA_Controller_0/CAXI4DMAOOlOI/CAXI4DMAOOl1I/CAXI4DMAII0Ol[0]:EN
  Delay (ns):              3.769
  Slack (ns):              1.048
  Arrival (ns):           14.179
  Required (ns):          15.227
  Operating Conditions: slow_lv_ht

Path 10
  From: CoreDMA_IO_CTRL_0/CoreDMA_Controller_0/CoreDMA_Controller_0/CAXI4DMAOOlOI/CAXI4DMAOOl1I/CAXI4DMAlI0Ol[1][1]:CLK
  To:   CoreDMA_IO_CTRL_0/CoreDMA_Controller_0/CoreDMA_Controller_0/CAXI4DMAOOlOI/CAXI4DMAOOl1I/CAXI4DMAII0Ol[0]:EN
  Delay (ns):              3.764
  Slack (ns):              1.052
  Arrival (ns):           14.175
  Required (ns):          15.227
  Operating Conditions: slow_lv_ht

Path 11
  From: PF_DDR4_SS_0/MSC_i_0/MSC_i_1/MSC_i_8/MSC_i_233/MSC_i_234/dowrite:CLK
  To:   PF_DDR4_SS_0/MSC_i_0/MSC_i_1/MSC_i_8/MSC_i_226/rmw_w_req:EN
  Delay (ns):              3.673
  Slack (ns):              1.061
  Arrival (ns):           14.099
  Required (ns):          15.160
  Operating Conditions: slow_lv_ht

Path 12
  From: CoreDMA_IO_CTRL_0/CoreDMA_Controller_0/CoreDMA_Controller_0/CAXI4DMAOOlOI/CAXI4DMAOOl1I/CAXI4DMAI01Ol/CAXI4DMAO010l_Z[11]:CLK
  To:   CoreDMA_IO_CTRL_0/CoreDMA_Controller_0/CoreDMA_Controller_0/CAXI4DMAOOlOI/CAXI4DMAOOl1I/CAXI4DMAII0Ol[1]:EN
  Delay (ns):              3.662
  Slack (ns):              1.063
  Arrival (ns):           14.113
  Required (ns):          15.176
  Operating Conditions: slow_lv_ht

Path 13
  From: CoreDMA_IO_CTRL_0/CoreDMA_Controller_0/CoreDMA_Controller_0/CAXI4DMAI00OI/CAXI4DMAOIOl[9]:CLK
  To:   CoreDMA_IO_CTRL_0/CoreDMA_Controller_0/CoreDMA_Controller_0/CAXI4DMAI00OI/CAXI4DMAIlOl[11]:D
  Delay (ns):              3.785
  Slack (ns):              1.067
  Arrival (ns):           14.247
  Required (ns):          15.314
  Operating Conditions: slow_lv_ht

Path 14
  From: CoreDMA_IO_CTRL_0/CoreDMA_Controller_0/CoreDMA_Controller_0/CAXI4DMAI00OI/CAXI4DMAIlOl[3]:CLK
  To:   CoreDMA_IO_CTRL_0/CoreDMA_Controller_0/CoreDMA_Controller_0/CAXI4DMAI00OI/CAXI4DMAIlOl[11]:D
  Delay (ns):              3.894
  Slack (ns):              1.072
  Arrival (ns):           14.311
  Required (ns):          15.383
  Operating Conditions: slow_lv_ht

Path 15
  From: CoreDMA_IO_CTRL_0/CoreDMA_Controller_0/CoreDMA_Controller_0/CAXI4DMAOOlOI/CAXI4DMAOOl1I/CAXI4DMAI01Ol/CAXI4DMAO010l_Z[11]:CLK
  To:   CoreDMA_IO_CTRL_0/CoreDMA_Controller_0/CoreDMA_Controller_0/CAXI4DMAOOlOI/CAXI4DMAOOl1I/CAXI4DMAII0Ol[0]:EN
  Delay (ns):              3.652
  Slack (ns):              1.073
  Arrival (ns):           14.103
  Required (ns):          15.176
  Operating Conditions: slow_lv_ht

Path 16
  From: PF_DDR4_SS_0/MSC_i_0/MSC_i_1/MSC_i_8/MSC_i_226/MSC_i_230/raddr_int[3]:CLK
  To:   PF_DDR4_SS_0/MSC_i_0/MSC_i_1/MSC_i_8/MSC_i_226/MSC_i_230/raddr_int[11]:D
  Delay (ns):              3.839
  Slack (ns):              1.074
  Arrival (ns):           14.238
  Required (ns):          15.312
  Operating Conditions: slow_lv_ht

Path 17
  From: CoreDMA_IO_CTRL_0/CoreDMA_Controller_0/CoreDMA_Controller_0/CAXI4DMAI00OI/CAXI4DMAOIOl[4]:CLK
  To:   CoreDMA_IO_CTRL_0/CoreDMA_Controller_0/CoreDMA_Controller_0/CAXI4DMAI00OI/CAXI4DMAIlOl[11]:D
  Delay (ns):              3.784
  Slack (ns):              1.077
  Arrival (ns):           14.237
  Required (ns):          15.314
  Operating Conditions: slow_lv_ht

Path 18
  From: CoreDMA_IO_CTRL_0/CoreDMA_Controller_0/CoreDMA_Controller_0/CAXI4DMAOOlOI/CAXI4DMAOOl1I/CAXI4DMAlI0Ol[1][5]:CLK
  To:   CoreDMA_IO_CTRL_0/CoreDMA_Controller_0/CoreDMA_Controller_0/CAXI4DMAOOlOI/CAXI4DMAOOl1I/CAXI4DMAII0Ol[1]:EN
  Delay (ns):              3.732
  Slack (ns):              1.084
  Arrival (ns):           14.143
  Required (ns):          15.227
  Operating Conditions: slow_lv_ht

Path 19
  From: PF_DDR4_SS_0/MSC_i_0/MSC_i_1/MSC_i_8/MSC_i_226/MSC_i_230/raddr_int[3]:CLK
  To:   PF_DDR4_SS_0/MSC_i_0/MSC_i_1/MSC_i_8/MSC_i_226/MSC_i_230/raddr_int[14]:D
  Delay (ns):              3.827
  Slack (ns):              1.086
  Arrival (ns):           14.226
  Required (ns):          15.312
  Operating Conditions: slow_lv_ht

Path 20
  From: CoreDMA_IO_CTRL_0/CoreDMA_Controller_0/CoreDMA_Controller_0/CAXI4DMAOOlOI/CAXI4DMAOOl1I/CAXI4DMAI01Ol/CAXI4DMAOlO1l_Z[0]:CLK
  To:   CoreDMA_IO_CTRL_0/CoreDMA_Controller_0/CoreDMA_Controller_0/CAXI4DMAOOlOI/CAXI4DMAOOl1I/CAXI4DMAII0Ol[1]:EN
  Delay (ns):              3.732
  Slack (ns):              1.089
  Arrival (ns):           14.128
  Required (ns):          15.217
  Operating Conditions: slow_lv_ht

Path 21
  From: PF_DDR4_SS_0/MSC_i_0/MSC_i_1/MSC_i_8/MSC_i_226/MSC_i_230/raddr_int[3]:CLK
  To:   PF_DDR4_SS_0/MSC_i_0/MSC_i_1/MSC_i_8/MSC_i_226/MSC_i_230/raddr_int[12]:D
  Delay (ns):              3.821
  Slack (ns):              1.092
  Arrival (ns):           14.220
  Required (ns):          15.312
  Operating Conditions: slow_lv_ht

Path 22
  From: CoreDMA_IO_CTRL_0/CoreDMA_Controller_0/CoreDMA_Controller_0/CAXI4DMAOOlOI/CAXI4DMAOOl1I/CAXI4DMAlI0Ol[1][3]:CLK
  To:   CoreDMA_IO_CTRL_0/CoreDMA_Controller_0/CoreDMA_Controller_0/CAXI4DMAOOlOI/CAXI4DMAOOl1I/CAXI4DMAII0Ol[1]:EN
  Delay (ns):              3.723
  Slack (ns):              1.093
  Arrival (ns):           14.134
  Required (ns):          15.227
  Operating Conditions: slow_lv_ht

Path 23
  From: CoreDMA_IO_CTRL_0/CoreDMA_Controller_0/CoreDMA_Controller_0/CAXI4DMAOOlOI/CAXI4DMAOOl1I/CAXI4DMAlI0Ol[1][5]:CLK
  To:   CoreDMA_IO_CTRL_0/CoreDMA_Controller_0/CoreDMA_Controller_0/CAXI4DMAOOlOI/CAXI4DMAOOl1I/CAXI4DMAII0Ol[0]:EN
  Delay (ns):              3.722
  Slack (ns):              1.094
  Arrival (ns):           14.133
  Required (ns):          15.227
  Operating Conditions: slow_lv_ht

Path 24
  From: CoreDMA_IO_CTRL_0/CoreDMA_Controller_0/CoreDMA_Controller_0/CAXI4DMAI00OI/CAXI4DMAOIOl[2]:CLK
  To:   CoreDMA_IO_CTRL_0/CoreDMA_Controller_0/CoreDMA_Controller_0/CAXI4DMAI00OI/CAXI4DMAIlOl[11]:D
  Delay (ns):              3.752
  Slack (ns):              1.095
  Arrival (ns):           14.219
  Required (ns):          15.314
  Operating Conditions: slow_lv_ht

Path 25
  From: CoreDMA_IO_CTRL_0/CoreDMA_Controller_0/CoreDMA_Controller_0/CAXI4DMAI00OI/CAXI4DMAOIOl[0]:CLK
  To:   CoreDMA_IO_CTRL_0/CoreDMA_Controller_0/CoreDMA_Controller_0/CAXI4DMAI00OI/CAXI4DMAOllI[3]:D
  Delay (ns):              3.759
  Slack (ns):              1.098
  Arrival (ns):           14.226
  Required (ns):          15.324
  Operating Conditions: slow_lv_ht

Path 26
  From: CoreDMA_IO_CTRL_0/CoreDMA_Controller_0/CoreDMA_Controller_0/CAXI4DMAOOlOI/CAXI4DMAOOl1I/CAXI4DMAI01Ol/CAXI4DMAOlO1l_Z[0]:CLK
  To:   CoreDMA_IO_CTRL_0/CoreDMA_Controller_0/CoreDMA_Controller_0/CAXI4DMAOOlOI/CAXI4DMAOOl1I/CAXI4DMAII0Ol[0]:EN
  Delay (ns):              3.722
  Slack (ns):              1.099
  Arrival (ns):           14.118
  Required (ns):          15.217
  Operating Conditions: slow_lv_ht

Path 27
  From: CoreDMA_IO_CTRL_0/CoreDMA_Controller_0/CoreDMA_Controller_0/CAXI4DMAI00OI/CAXI4DMAOIOl[0]:CLK
  To:   CoreDMA_IO_CTRL_0/CoreDMA_Controller_0/CoreDMA_Controller_0/CAXI4DMAI00OI/CAXI4DMAOllI[5]:D
  Delay (ns):              3.757
  Slack (ns):              1.101
  Arrival (ns):           14.224
  Required (ns):          15.325
  Operating Conditions: slow_lv_ht

Path 28
  From: CoreDMA_IO_CTRL_0/CoreDMA_Controller_0/CoreDMA_Controller_0/CAXI4DMAOOlOI/CAXI4DMAOOl1I/CAXI4DMAlI0Ol[1][3]:CLK
  To:   CoreDMA_IO_CTRL_0/CoreDMA_Controller_0/CoreDMA_Controller_0/CAXI4DMAOOlOI/CAXI4DMAOOl1I/CAXI4DMAII0Ol[0]:EN
  Delay (ns):              3.713
  Slack (ns):              1.103
  Arrival (ns):           14.124
  Required (ns):          15.227
  Operating Conditions: slow_lv_ht

Path 29
  From: CoreDMA_IO_CTRL_0/CoreDMA_Controller_0/CoreDMA_Controller_0/CAXI4DMAI00OI/CAXI4DMAOIOl[9]:CLK
  To:   CoreDMA_IO_CTRL_0/CoreDMA_Controller_0/CoreDMA_Controller_0/CAXI4DMAI00OI/CAXI4DMAIlOl[10]:D
  Delay (ns):              3.747
  Slack (ns):              1.105
  Arrival (ns):           14.209
  Required (ns):          15.314
  Operating Conditions: slow_lv_ht

Path 30
  From: CoreDMA_IO_CTRL_0/CoreDMA_Controller_0/CoreDMA_Controller_0/CAXI4DMAI00OI/CAXI4DMAOIOl[7]:CLK
  To:   CoreDMA_IO_CTRL_0/CoreDMA_Controller_0/CoreDMA_Controller_0/CAXI4DMAI00OI/CAXI4DMAOllI[4]:D
  Delay (ns):              3.760
  Slack (ns):              1.106
  Arrival (ns):           14.222
  Required (ns):          15.328
  Operating Conditions: slow_lv_ht

Path 31
  From: CoreDMA_IO_CTRL_0/CoreDMA_Controller_0/CoreDMA_Controller_0/CAXI4DMAI00OI/CAXI4DMAIlOl[3]:CLK
  To:   CoreDMA_IO_CTRL_0/CoreDMA_Controller_0/CoreDMA_Controller_0/CAXI4DMAI00OI/CAXI4DMAIlOl[10]:D
  Delay (ns):              3.855
  Slack (ns):              1.111
  Arrival (ns):           14.272
  Required (ns):          15.383
  Operating Conditions: slow_lv_ht

Path 32
  From: CoreDMA_IO_CTRL_0/CoreDMA_Controller_0/CoreDMA_Controller_0/CAXI4DMAI00OI/CAXI4DMAOIOl[7]:CLK
  To:   CoreDMA_IO_CTRL_0/CoreDMA_Controller_0/CoreDMA_Controller_0/CAXI4DMAI00OI/CAXI4DMAlI0I[3]:D
  Delay (ns):              3.748
  Slack (ns):              1.114
  Arrival (ns):           14.210
  Required (ns):          15.324
  Operating Conditions: slow_lv_ht

Path 33
  From: CoreDMA_IO_CTRL_0/CoreDMA_Controller_0/CoreDMA_Controller_0/CAXI4DMAI00OI/CAXI4DMAOIOl[4]:CLK
  To:   CoreDMA_IO_CTRL_0/CoreDMA_Controller_0/CoreDMA_Controller_0/CAXI4DMAI00OI/CAXI4DMAIlOl[10]:D
  Delay (ns):              3.746
  Slack (ns):              1.115
  Arrival (ns):           14.199
  Required (ns):          15.314
  Operating Conditions: slow_lv_ht

Path 34
  From: CoreDMA_IO_CTRL_0/CoreDMA_Controller_0/CoreDMA_Controller_0/CAXI4DMAOOlOI/CAXI4DMAOOl1I/CAXI4DMAlI0Ol[0][3]:CLK
  To:   CoreDMA_IO_CTRL_0/CoreDMA_Controller_0/CoreDMA_Controller_0/CAXI4DMAOOlOI/CAXI4DMAOOl1I/CAXI4DMAII0Ol[1]:EN
  Delay (ns):              3.699
  Slack (ns):              1.117
  Arrival (ns):           14.110
  Required (ns):          15.227
  Operating Conditions: slow_lv_ht

Path 35
  From: CoreDMA_IO_CTRL_0/CoreDMA_Controller_0/CoreDMA_Controller_0/CAXI4DMAOOlOI/CAXI4DMAOOl1I/CAXI4DMAlI0Ol[0][0]:CLK
  To:   CoreDMA_IO_CTRL_0/CoreDMA_Controller_0/CoreDMA_Controller_0/CAXI4DMAOOlOI/CAXI4DMAOOl1I/CAXI4DMAII0Ol[1]:EN
  Delay (ns):              3.698
  Slack (ns):              1.122
  Arrival (ns):           14.095
  Required (ns):          15.217
  Operating Conditions: slow_lv_ht

Path 36
  From: CoreDMA_IO_CTRL_0/CoreDMA_Controller_0/CoreDMA_Controller_0/CAXI4DMAI00OI/CAXI4DMAOIOl[7]:CLK
  To:   CoreDMA_IO_CTRL_0/CoreDMA_Controller_0/CoreDMA_Controller_0/CAXI4DMAI00OI/CAXI4DMAOllI[0]:D
  Delay (ns):              3.735
  Slack (ns):              1.123
  Arrival (ns):           14.197
  Required (ns):          15.320
  Operating Conditions: slow_lv_ht

Path 37
  From: CoreDMA_IO_CTRL_0/CoreDMA_Controller_0/CoreDMA_Controller_0/CAXI4DMAOOlOI/CAXI4DMAOOl1I/CAXI4DMAlI0Ol[0][3]:CLK
  To:   CoreDMA_IO_CTRL_0/CoreDMA_Controller_0/CoreDMA_Controller_0/CAXI4DMAOOlOI/CAXI4DMAOOl1I/CAXI4DMAII0Ol[0]:EN
  Delay (ns):              3.689
  Slack (ns):              1.127
  Arrival (ns):           14.100
  Required (ns):          15.227
  Operating Conditions: slow_lv_ht

Path 38
  From: CoreDMA_IO_CTRL_0/CoreDMA_Controller_0/CoreDMA_Controller_0/CAXI4DMAI00OI/CAXI4DMAOIOl[3]:CLK
  To:   CoreDMA_IO_CTRL_0/CoreDMA_Controller_0/CoreDMA_Controller_0/CAXI4DMAI00OI/CAXI4DMAOllI[3]:D
  Delay (ns):              3.743
  Slack (ns):              1.127
  Arrival (ns):           14.197
  Required (ns):          15.324
  Operating Conditions: slow_lv_ht

Path 39
  From: CoreDMA_IO_CTRL_0/CoreDMA_Controller_0/CoreDMA_Controller_0/CAXI4DMAI00OI/CAXI4DMAIlOl[4]:CLK
  To:   CoreDMA_IO_CTRL_0/CoreDMA_Controller_0/CoreDMA_Controller_0/CAXI4DMAI00OI/CAXI4DMAIlOl[11]:D
  Delay (ns):              3.838
  Slack (ns):              1.128
  Arrival (ns):           14.255
  Required (ns):          15.383
  Operating Conditions: slow_lv_ht

Path 40
  From: CoreDMA_IO_CTRL_0/CoreDMA_Controller_0/CoreDMA_Controller_0/CAXI4DMAI00OI/CAXI4DMAOIOl[3]:CLK
  To:   CoreDMA_IO_CTRL_0/CoreDMA_Controller_0/CoreDMA_Controller_0/CAXI4DMAI00OI/CAXI4DMAOllI[5]:D
  Delay (ns):              3.741
  Slack (ns):              1.130
  Arrival (ns):           14.195
  Required (ns):          15.325
  Operating Conditions: slow_lv_ht

Path 41
  From: CoreDMA_IO_CTRL_0/CoreDMA_Controller_0/CoreDMA_Controller_0/CAXI4DMAI00OI/CAXI4DMAIlOl[0]:CLK
  To:   CoreDMA_IO_CTRL_0/CoreDMA_Controller_0/CoreDMA_Controller_0/CAXI4DMAI00OI/CAXI4DMAOllI[4]:D
  Delay (ns):              3.730
  Slack (ns):              1.130
  Arrival (ns):           14.198
  Required (ns):          15.328
  Operating Conditions: slow_lv_ht

Path 42
  From: CoreDMA_IO_CTRL_0/CoreDMA_Controller_0/CoreDMA_Controller_0/CAXI4DMAOOlOI/CAXI4DMAOOl1I/CAXI4DMAlI0Ol[0][0]:CLK
  To:   CoreDMA_IO_CTRL_0/CoreDMA_Controller_0/CoreDMA_Controller_0/CAXI4DMAOOlOI/CAXI4DMAOOl1I/CAXI4DMAII0Ol[0]:EN
  Delay (ns):              3.688
  Slack (ns):              1.132
  Arrival (ns):           14.085
  Required (ns):          15.217
  Operating Conditions: slow_lv_ht

Path 43
  From: CoreDMA_IO_CTRL_0/CoreDMA_Controller_0/CoreDMA_Controller_0/CAXI4DMAI00OI/CAXI4DMAOIOl[9]:CLK
  To:   CoreDMA_IO_CTRL_0/CoreDMA_Controller_0/CoreDMA_Controller_0/CAXI4DMAI00OI/CAXI4DMAIlOl[4]:D
  Delay (ns):              3.714
  Slack (ns):              1.132
  Arrival (ns):           14.176
  Required (ns):          15.308
  Operating Conditions: slow_lv_ht

Path 44
  From: CoreDMA_IO_CTRL_0/CoreDMA_Controller_0/CoreDMA_Controller_0/CAXI4DMAI00OI/CAXI4DMAOIOl[2]:CLK
  To:   CoreDMA_IO_CTRL_0/CoreDMA_Controller_0/CoreDMA_Controller_0/CAXI4DMAI00OI/CAXI4DMAIlOl[10]:D
  Delay (ns):              3.714
  Slack (ns):              1.133
  Arrival (ns):           14.181
  Required (ns):          15.314
  Operating Conditions: slow_lv_ht

Path 45
  From: CoreDMA_IO_CTRL_0/CoreDMA_Controller_0/CoreDMA_Controller_0/CAXI4DMAI00OI/CAXI4DMAOIOl[7]:CLK
  To:   CoreDMA_IO_CTRL_0/CoreDMA_Controller_0/CoreDMA_Controller_0/CAXI4DMAI00OI/CAXI4DMAIlOl[11]:D
  Delay (ns):              3.714
  Slack (ns):              1.138
  Arrival (ns):           14.176
  Required (ns):          15.314
  Operating Conditions: slow_lv_ht

Path 46
  From: CoreDMA_IO_CTRL_0/CoreDMA_Controller_0/CoreDMA_Controller_0/CAXI4DMAI00OI/CAXI4DMAIlOl[1]:CLK
  To:   CoreDMA_IO_CTRL_0/CoreDMA_Controller_0/CoreDMA_Controller_0/CAXI4DMAI00OI/CAXI4DMAOllI[3]:D
  Delay (ns):              3.803
  Slack (ns):              1.138
  Arrival (ns):           14.227
  Required (ns):          15.365
  Operating Conditions: slow_lv_ht

Path 47
  From: CoreDMA_IO_CTRL_0/CoreDMA_Controller_0/CoreDMA_Controller_0/CAXI4DMAI00OI/CAXI4DMAOIOl[0]:CLK
  To:   CoreDMA_IO_CTRL_0/CoreDMA_Controller_0/CoreDMA_Controller_0/CAXI4DMAI00OI/CAXI4DMAIlOl[11]:D
  Delay (ns):              3.708
  Slack (ns):              1.139
  Arrival (ns):           14.175
  Required (ns):          15.314
  Operating Conditions: slow_lv_ht

Path 48
  From: CoreDMA_IO_CTRL_0/CoreDMA_Controller_0/CoreDMA_Controller_0/CAXI4DMAI00OI/CAXI4DMAOIOl[7]:CLK
  To:   CoreDMA_IO_CTRL_0/CoreDMA_Controller_0/CoreDMA_Controller_0/CAXI4DMAI00OI/CAXI4DMAlI0I[5]:D
  Delay (ns):              3.723
  Slack (ns):              1.140
  Arrival (ns):           14.185
  Required (ns):          15.325
  Operating Conditions: slow_lv_ht

Path 49
  From: CoreDMA_IO_CTRL_0/CoreDMA_Controller_0/CoreDMA_Controller_0/CAXI4DMAI00OI/CAXI4DMAIlOl[5]:CLK
  To:   CoreDMA_IO_CTRL_0/CoreDMA_Controller_0/CoreDMA_Controller_0/CAXI4DMAI00OI/CAXI4DMAIlOl[11]:D
  Delay (ns):              3.825
  Slack (ns):              1.141
  Arrival (ns):           14.242
  Required (ns):          15.383
  Operating Conditions: slow_lv_ht

Path 50
  From: CoreDMA_IO_CTRL_0/CoreDMA_Controller_0/CoreDMA_Controller_0/CAXI4DMAI00OI/CAXI4DMAIlOl[1]:CLK
  To:   CoreDMA_IO_CTRL_0/CoreDMA_Controller_0/CoreDMA_Controller_0/CAXI4DMAI00OI/CAXI4DMAOllI[5]:D
  Delay (ns):              3.801
  Slack (ns):              1.141
  Arrival (ns):           14.225
  Required (ns):          15.366
  Operating Conditions: slow_lv_ht

Path 51
  From: PF_DDR4_SS_0/MSC_i_0/MSC_i_1/MSC_i_8/MSC_i_226/MSC_i_230/raddr_int[3]:CLK
  To:   PF_DDR4_SS_0/MSC_i_0/MSC_i_1/MSC_i_8/MSC_i_226/MSC_i_230/raddr_int[9]:D
  Delay (ns):              3.770
  Slack (ns):              1.142
  Arrival (ns):           14.169
  Required (ns):          15.311
  Operating Conditions: slow_lv_ht

Path 52
  From: PF_DDR4_SS_0/MSC_i_0/MSC_i_1/MSC_i_8/MSC_i_226/MSC_i_230/raddr_int[3]:CLK
  To:   PF_DDR4_SS_0/MSC_i_0/MSC_i_1/MSC_i_8/MSC_i_226/MSC_i_230/raddr_int[10]:D
  Delay (ns):              3.769
  Slack (ns):              1.142
  Arrival (ns):           14.168
  Required (ns):          15.310
  Operating Conditions: slow_lv_ht

Path 53
  From: CoreDMA_IO_CTRL_0/CoreDMA_Controller_0/CoreDMA_Controller_0/CAXI4DMAI00OI/CAXI4DMAOIOl[4]:CLK
  To:   CoreDMA_IO_CTRL_0/CoreDMA_Controller_0/CoreDMA_Controller_0/CAXI4DMAI00OI/CAXI4DMAIlOl[4]:D
  Delay (ns):              3.713
  Slack (ns):              1.142
  Arrival (ns):           14.166
  Required (ns):          15.308
  Operating Conditions: slow_lv_ht

Path 54
  From: CoreDMA_IO_CTRL_0/CoreDMA_Controller_0/CoreDMA_Controller_0/CAXI4DMAI00OI/CAXI4DMAOIOl[9]:CLK
  To:   CoreDMA_IO_CTRL_0/CoreDMA_Controller_0/CoreDMA_Controller_0/CAXI4DMAI00OI/CAXI4DMAIlOl[6]:D
  Delay (ns):              3.701
  Slack (ns):              1.145
  Arrival (ns):           14.163
  Required (ns):          15.308
  Operating Conditions: slow_lv_ht

Path 55
  From: CoreDMA_IO_CTRL_0/CoreDMA_Controller_0/CoreDMA_Controller_0/CAXI4DMAI00OI/CAXI4DMAIlOl[0]:CLK
  To:   CoreDMA_IO_CTRL_0/CoreDMA_Controller_0/CoreDMA_Controller_0/CAXI4DMAI00OI/CAXI4DMAlI0I[3]:D
  Delay (ns):              3.704
  Slack (ns):              1.152
  Arrival (ns):           14.172
  Required (ns):          15.324
  Operating Conditions: slow_lv_ht

Path 56
  From: PF_DDR4_SS_0/MSC_i_0/MSC_i_1/MSC_i_8/MSC_i_226/MSC_i_230/raddr_int[3]:CLK
  To:   PF_DDR4_SS_0/MSC_i_0/MSC_i_1/MSC_i_8/MSC_i_226/MSC_i_230/raddr_int[3]:D
  Delay (ns):              3.846
  Slack (ns):              1.154
  Arrival (ns):           14.245
  Required (ns):          15.399
  Operating Conditions: slow_lv_ht

Path 57
  From: CoreDMA_IO_CTRL_0/CoreDMA_Controller_0/CoreDMA_Controller_0/CAXI4DMAI00OI/CAXI4DMAIlOl[3]:CLK
  To:   CoreDMA_IO_CTRL_0/CoreDMA_Controller_0/CoreDMA_Controller_0/CAXI4DMAI00OI/CAXI4DMAIlOl[4]:D
  Delay (ns):              3.837
  Slack (ns):              1.154
  Arrival (ns):           14.254
  Required (ns):          15.408
  Operating Conditions: slow_lv_ht

Path 58
  From: CoreDMA_IO_CTRL_0/CoreDMA_Controller_0/CoreDMA_Controller_0/CAXI4DMAI00OI/CAXI4DMAOIOl[4]:CLK
  To:   CoreDMA_IO_CTRL_0/CoreDMA_Controller_0/CoreDMA_Controller_0/CAXI4DMAI00OI/CAXI4DMAIlOl[6]:D
  Delay (ns):              3.700
  Slack (ns):              1.155
  Arrival (ns):           14.153
  Required (ns):          15.308
  Operating Conditions: slow_lv_ht

Path 59
  From: CoreDMA_IO_CTRL_0/CoreDMA_Controller_0/CoreDMA_Controller_0/CAXI4DMAI00OI/CAXI4DMAIlOl[7]:CLK
  To:   CoreDMA_IO_CTRL_0/CoreDMA_Controller_0/CoreDMA_Controller_0/CAXI4DMAI00OI/CAXI4DMAOllI[3]:D
  Delay (ns):              3.782
  Slack (ns):              1.159
  Arrival (ns):           14.206
  Required (ns):          15.365
  Operating Conditions: slow_lv_ht

Path 60
  From: CoreDMA_IO_CTRL_0/CoreDMA_Controller_0/CoreDMA_Controller_0/CAXI4DMAI00OI/CAXI4DMAIlOl[6]:CLK
  To:   CoreDMA_IO_CTRL_0/CoreDMA_Controller_0/CoreDMA_Controller_0/CAXI4DMAI00OI/CAXI4DMAIlOl[11]:D
  Delay (ns):              3.808
  Slack (ns):              1.159
  Arrival (ns):           14.224
  Required (ns):          15.383
  Operating Conditions: slow_lv_ht

Path 61
  From: CoreDMA_IO_CTRL_0/CoreDMA_Controller_0/CoreDMA_Controller_0/CAXI4DMAI00OI/CAXI4DMAOIOl[2]:CLK
  To:   CoreDMA_IO_CTRL_0/CoreDMA_Controller_0/CoreDMA_Controller_0/CAXI4DMAI00OI/CAXI4DMAIlOl[4]:D
  Delay (ns):              3.681
  Slack (ns):              1.160
  Arrival (ns):           14.148
  Required (ns):          15.308
  Operating Conditions: slow_lv_ht

Path 62
  From: CoreDMA_IO_CTRL_0/CoreDMA_Controller_0/CoreDMA_Controller_0/CAXI4DMAI00OI/CAXI4DMAIOOl[3]:CLK
  To:   CoreDMA_IO_CTRL_0/CoreDMA_Controller_0/CoreDMA_Controller_0/CAXI4DMAI00OI/CAXI4DMAOllI[3]:D
  Delay (ns):              3.775
  Slack (ns):              1.160
  Arrival (ns):           14.218
  Required (ns):          15.378
  Operating Conditions: slow_lv_ht

Path 63
  From: CoreDMA_IO_CTRL_0/CoreDMA_Controller_0/CoreDMA_Controller_0/CAXI4DMAOOlOI/CAXI4DMAOOl1I/CAXI4DMAlI0Ol[0][8]:CLK
  To:   CoreDMA_IO_CTRL_0/CoreDMA_Controller_0/CoreDMA_Controller_0/CAXI4DMAOOlOI/CAXI4DMAOOl1I/CAXI4DMAII0Ol[1]:EN
  Delay (ns):              3.563
  Slack (ns):              1.161
  Arrival (ns):           14.015
  Required (ns):          15.176
  Operating Conditions: slow_lv_ht

Path 64
  From: CoreDMA_IO_CTRL_0/CoreDMA_Controller_0/CoreDMA_Controller_0/CAXI4DMAI00OI/CAXI4DMAIlOl[0]:CLK
  To:   CoreDMA_IO_CTRL_0/CoreDMA_Controller_0/CoreDMA_Controller_0/CAXI4DMAI00OI/CAXI4DMAOllI[0]:D
  Delay (ns):              3.691
  Slack (ns):              1.161
  Arrival (ns):           14.159
  Required (ns):          15.320
  Operating Conditions: slow_lv_ht

Path 65
  From: CoreDMA_IO_CTRL_0/CoreDMA_Controller_0/CoreDMA_Controller_0/CAXI4DMAI00OI/CAXI4DMAIlOl[7]:CLK
  To:   CoreDMA_IO_CTRL_0/CoreDMA_Controller_0/CoreDMA_Controller_0/CAXI4DMAI00OI/CAXI4DMAOllI[5]:D
  Delay (ns):              3.780
  Slack (ns):              1.162
  Arrival (ns):           14.204
  Required (ns):          15.366
  Operating Conditions: slow_lv_ht

Path 66
  From: PF_DDR4_SS_0/MSC_i_0/MSC_i_1/MSC_i_8/MSC_i_226/MSC_i_230/burst_xfer_active:CLK
  To:   PF_DDR4_SS_0/MSC_i_0/MSC_i_1/MSC_i_8/MSC_i_226/MSC_i_230/raddr_int[11]:D
  Delay (ns):              3.732
  Slack (ns):              1.163
  Arrival (ns):           14.149
  Required (ns):          15.312
  Operating Conditions: slow_lv_ht

Path 67
  From: CoreDMA_IO_CTRL_0/CoreDMA_Controller_0/CoreDMA_Controller_0/CAXI4DMAI00OI/CAXI4DMAOIOl[6]:CLK
  To:   CoreDMA_IO_CTRL_0/CoreDMA_Controller_0/CoreDMA_Controller_0/CAXI4DMAI00OI/CAXI4DMAIlOl[11]:D
  Delay (ns):              3.697
  Slack (ns):              1.163
  Arrival (ns):           14.151
  Required (ns):          15.314
  Operating Conditions: slow_lv_ht

Path 68
  From: CoreDMA_IO_CTRL_0/CoreDMA_Controller_0/CoreDMA_Controller_0/CAXI4DMAI00OI/CAXI4DMAIlOl[7]:CLK
  To:   CoreDMA_IO_CTRL_0/CoreDMA_Controller_0/CoreDMA_Controller_0/CAXI4DMAI00OI/CAXI4DMAIlOl[11]:D
  Delay (ns):              3.828
  Slack (ns):              1.163
  Arrival (ns):           14.252
  Required (ns):          15.415
  Operating Conditions: slow_lv_ht

Path 69
  From: PF_DDR4_SS_0/MSC_i_0/MSC_i_1/MSC_i_4/MSC_i_5/cal_init_mr_addr_1[1]:CLK
  To:   PF_DDR4_SS_0/MSC_i_0/MSC_i_1/MSC_i_8/MSC_i_233/MSC_i_234/pch_bank_addr[2]:EN
  Delay (ns):              3.671
  Slack (ns):              1.164
  Arrival (ns):           14.071
  Required (ns):          15.235
  Operating Conditions: slow_lv_ht

Path 70
  From: PF_DDR4_SS_0/MSC_i_0/MSC_i_1/MSC_i_4/MSC_i_5/cal_init_mr_addr_1[1]:CLK
  To:   PF_DDR4_SS_0/MSC_i_0/MSC_i_1/MSC_i_8/MSC_i_233/MSC_i_234/pch_bank_addr[0]:EN
  Delay (ns):              3.671
  Slack (ns):              1.164
  Arrival (ns):           14.071
  Required (ns):          15.235
  Operating Conditions: slow_lv_ht

Path 71
  From: PF_DDR4_SS_0/MSC_i_0/MSC_i_1/MSC_i_4/MSC_i_5/cal_init_mr_addr_1[1]:CLK
  To:   PF_DDR4_SS_0/MSC_i_0/MSC_i_1/MSC_i_8/MSC_i_233/MSC_i_234/pch_bank_addr[1]:EN
  Delay (ns):              3.670
  Slack (ns):              1.165
  Arrival (ns):           14.070
  Required (ns):          15.235
  Operating Conditions: slow_lv_ht

Path 72
  From: CoreDMA_IO_CTRL_0/CoreDMA_Controller_0/CoreDMA_Controller_0/CAXI4DMAOOlOI/CAXI4DMAOOl1I/CAXI4DMAI01Ol/CAXI4DMAOlO1l_Z[1]:CLK
  To:   CoreDMA_IO_CTRL_0/CoreDMA_Controller_0/CoreDMA_Controller_0/CAXI4DMAOOlOI/CAXI4DMAOOl1I/CAXI4DMAII0Ol[1]:EN
  Delay (ns):              3.651
  Slack (ns):              1.166
  Arrival (ns):           14.061
  Required (ns):          15.227
  Operating Conditions: slow_lv_ht

Path 73
  From: CoreDMA_IO_CTRL_0/CoreDMA_Controller_0/CoreDMA_Controller_0/CAXI4DMAOOlOI/CAXI4DMAOOl1I/CAXI4DMAlI0Ol[1][2]:CLK
  To:   CoreDMA_IO_CTRL_0/CoreDMA_Controller_0/CoreDMA_Controller_0/CAXI4DMAOOlOI/CAXI4DMAOOl1I/CAXI4DMAII0Ol[1]:EN
  Delay (ns):              3.656
  Slack (ns):              1.167
  Arrival (ns):           14.060
  Required (ns):          15.227
  Operating Conditions: slow_lv_ht

Path 74
  From: CoreDMA_IO_CTRL_0/CoreDMA_Controller_0/CoreDMA_Controller_0/CAXI4DMAI00OI/CAXI4DMAIlOl[4]:CLK
  To:   CoreDMA_IO_CTRL_0/CoreDMA_Controller_0/CoreDMA_Controller_0/CAXI4DMAI00OI/CAXI4DMAIlOl[10]:D
  Delay (ns):              3.799
  Slack (ns):              1.167
  Arrival (ns):           14.216
  Required (ns):          15.383
  Operating Conditions: slow_lv_ht

Path 75
  From: CoreDMA_IO_CTRL_0/CoreDMA_Controller_0/CoreDMA_Controller_0/CAXI4DMAI00OI/CAXI4DMAIlOl[3]:CLK
  To:   CoreDMA_IO_CTRL_0/CoreDMA_Controller_0/CoreDMA_Controller_0/CAXI4DMAI00OI/CAXI4DMAOllI[3]:D
  Delay (ns):              3.778
  Slack (ns):              1.170
  Arrival (ns):           14.195
  Required (ns):          15.365
  Operating Conditions: slow_lv_ht

Path 76
  From: CoreDMA_IO_CTRL_0/CoreDMA_Controller_0/CoreDMA_Controller_0/CAXI4DMAOOlOI/CAXI4DMAOOl1I/CAXI4DMAlI0Ol[0][8]:CLK
  To:   CoreDMA_IO_CTRL_0/CoreDMA_Controller_0/CoreDMA_Controller_0/CAXI4DMAOOlOI/CAXI4DMAOOl1I/CAXI4DMAII0Ol[0]:EN
  Delay (ns):              3.553
  Slack (ns):              1.171
  Arrival (ns):           14.005
  Required (ns):          15.176
  Operating Conditions: slow_lv_ht

Path 77
  From: PF_DDR4_SS_0/MSC_i_0/MSC_i_1/MSC_i_8/MSC_i_226/MSC_i_230/raddr_int[3]:CLK
  To:   PF_DDR4_SS_0/MSC_i_0/MSC_i_1/MSC_i_8/MSC_i_226/MSC_i_230/raddr_int[25]:D
  Delay (ns):              3.729
  Slack (ns):              1.173
  Arrival (ns):           14.128
  Required (ns):          15.301
  Operating Conditions: slow_lv_ht

Path 78
  From: CoreDMA_IO_CTRL_0/CoreDMA_Controller_0/CoreDMA_Controller_0/CAXI4DMAOOlOI/CAXI4DMAOOl1I/CAXI4DMAI01Ol/CAXI4DMAOlO1l_Z[3]:CLK
  To:   CoreDMA_IO_CTRL_0/CoreDMA_Controller_0/CoreDMA_Controller_0/CAXI4DMAOOlOI/CAXI4DMAOOl1I/CAXI4DMAII0Ol[1]:EN
  Delay (ns):              3.647
  Slack (ns):              1.173
  Arrival (ns):           14.044
  Required (ns):          15.217
  Operating Conditions: slow_lv_ht

Path 79
  From: CoreDMA_IO_CTRL_0/CoreDMA_Controller_0/CoreDMA_Controller_0/CAXI4DMAI00OI/CAXI4DMAOIOl[9]:CLK
  To:   CoreDMA_IO_CTRL_0/CoreDMA_Controller_0/CoreDMA_Controller_0/CAXI4DMAI00OI/CAXI4DMAIlOl[8]:D
  Delay (ns):              3.679
  Slack (ns):              1.173
  Arrival (ns):           14.141
  Required (ns):          15.314
  Operating Conditions: slow_lv_ht

Path 80
  From: CoreDMA_IO_CTRL_0/CoreDMA_Controller_0/CoreDMA_Controller_0/CAXI4DMAI00OI/CAXI4DMAOIOl[2]:CLK
  To:   CoreDMA_IO_CTRL_0/CoreDMA_Controller_0/CoreDMA_Controller_0/CAXI4DMAI00OI/CAXI4DMAIlOl[6]:D
  Delay (ns):              3.668
  Slack (ns):              1.173
  Arrival (ns):           14.135
  Required (ns):          15.308
  Operating Conditions: slow_lv_ht

Path 81
  From: CoreDMA_IO_CTRL_0/CoreDMA_Controller_0/CoreDMA_Controller_0/CAXI4DMAI00OI/CAXI4DMAIlOl[3]:CLK
  To:   CoreDMA_IO_CTRL_0/CoreDMA_Controller_0/CoreDMA_Controller_0/CAXI4DMAI00OI/CAXI4DMAOllI[5]:D
  Delay (ns):              3.776
  Slack (ns):              1.173
  Arrival (ns):           14.193
  Required (ns):          15.366
  Operating Conditions: slow_lv_ht

Path 82
  From: CoreDMA_IO_CTRL_0/CoreDMA_Controller_0/CoreDMA_Controller_0/CAXI4DMAOOlOI/CAXI4DMAOOl1I/CAXI4DMAlI0Ol[0][2]:CLK
  To:   CoreDMA_IO_CTRL_0/CoreDMA_Controller_0/CoreDMA_Controller_0/CAXI4DMAOOlOI/CAXI4DMAOOl1I/CAXI4DMAII0Ol[1]:EN
  Delay (ns):              3.651
  Slack (ns):              1.174
  Arrival (ns):           14.053
  Required (ns):          15.227
  Operating Conditions: slow_lv_ht

Path 83
  From: CoreDMA_IO_CTRL_0/CoreDMA_Controller_0/CoreDMA_Controller_0/CAXI4DMAI00OI/CAXI4DMAOIOl[8]:CLK
  To:   CoreDMA_IO_CTRL_0/CoreDMA_Controller_0/CoreDMA_Controller_0/CAXI4DMAI00OI/CAXI4DMAIlOl[11]:D
  Delay (ns):              3.678
  Slack (ns):              1.174
  Arrival (ns):           14.140
  Required (ns):          15.314
  Operating Conditions: slow_lv_ht

Path 84
  From: CoreDMA_IO_CTRL_0/CoreDMA_Controller_0/CoreDMA_Controller_0/CAXI4DMAI00OI/CAXI4DMAIOOl[3]:CLK
  To:   CoreDMA_IO_CTRL_0/CoreDMA_Controller_0/CoreDMA_Controller_0/CAXI4DMAI00OI/CAXI4DMAOllI[5]:D
  Delay (ns):              3.762
  Slack (ns):              1.174
  Arrival (ns):           14.205
  Required (ns):          15.379
  Operating Conditions: slow_lv_ht

Path 85
  From: PF_DDR4_SS_0/MSC_i_0/MSC_i_1/MSC_i_8/MSC_i_226/MSC_i_230/raddr_int[3]:CLK
  To:   PF_DDR4_SS_0/MSC_i_0/MSC_i_1/MSC_i_8/MSC_i_226/MSC_i_230/raddr_int[23]:D
  Delay (ns):              3.815
  Slack (ns):              1.175
  Arrival (ns):           14.214
  Required (ns):          15.389
  Operating Conditions: slow_lv_ht

Path 86
  From: PF_DDR4_SS_0/MSC_i_0/MSC_i_1/MSC_i_8/MSC_i_226/MSC_i_230/burst_xfer_active:CLK
  To:   PF_DDR4_SS_0/MSC_i_0/MSC_i_1/MSC_i_8/MSC_i_226/MSC_i_230/raddr_int[14]:D
  Delay (ns):              3.720
  Slack (ns):              1.175
  Arrival (ns):           14.137
  Required (ns):          15.312
  Operating Conditions: slow_lv_ht

Path 87
  From: CoreDMA_IO_CTRL_0/CoreDMA_Controller_0/CoreDMA_Controller_0/CAXI4DMAOOlOI/CAXI4DMAOOl1I/CAXI4DMAI01Ol/CAXI4DMAOlO1l_Z[1]:CLK
  To:   CoreDMA_IO_CTRL_0/CoreDMA_Controller_0/CoreDMA_Controller_0/CAXI4DMAOOlOI/CAXI4DMAOOl1I/CAXI4DMAII0Ol[0]:EN
  Delay (ns):              3.641
  Slack (ns):              1.176
  Arrival (ns):           14.051
  Required (ns):          15.227
  Operating Conditions: slow_lv_ht

Path 88
  From: CoreDMA_IO_CTRL_0/CoreDMA_Controller_0/CoreDMA_Controller_0/CAXI4DMAOOlOI/CAXI4DMAOOl1I/CAXI4DMAlI0Ol[1][2]:CLK
  To:   CoreDMA_IO_CTRL_0/CoreDMA_Controller_0/CoreDMA_Controller_0/CAXI4DMAOOlOI/CAXI4DMAOOl1I/CAXI4DMAII0Ol[0]:EN
  Delay (ns):              3.646
  Slack (ns):              1.177
  Arrival (ns):           14.050
  Required (ns):          15.227
  Operating Conditions: slow_lv_ht

Path 89
  From: CoreDMA_IO_CTRL_0/CoreDMA_Controller_0/CoreDMA_Controller_0/CAXI4DMAI00OI/CAXI4DMAOIOl[7]:CLK
  To:   CoreDMA_IO_CTRL_0/CoreDMA_Controller_0/CoreDMA_Controller_0/CAXI4DMAI00OI/CAXI4DMAIlOl[10]:D
  Delay (ns):              3.675
  Slack (ns):              1.177
  Arrival (ns):           14.137
  Required (ns):          15.314
  Operating Conditions: slow_lv_ht

Path 90
  From: CoreDMA_IO_CTRL_0/CoreDMA_Controller_0/CoreDMA_Controller_0/CAXI4DMAI00OI/CAXI4DMAOIOl[0]:CLK
  To:   CoreDMA_IO_CTRL_0/CoreDMA_Controller_0/CoreDMA_Controller_0/CAXI4DMAI00OI/CAXI4DMAIlOl[10]:D
  Delay (ns):              3.670
  Slack (ns):              1.177
  Arrival (ns):           14.137
  Required (ns):          15.314
  Operating Conditions: slow_lv_ht

Path 91
  From: CoreDMA_IO_CTRL_0/CoreDMA_Controller_0/CoreDMA_Controller_0/CAXI4DMAI00OI/CAXI4DMAIlOl[3]:CLK
  To:   CoreDMA_IO_CTRL_0/CoreDMA_Controller_0/CoreDMA_Controller_0/CAXI4DMAI00OI/CAXI4DMAIlOl[8]:D
  Delay (ns):              3.788
  Slack (ns):              1.178
  Arrival (ns):           14.205
  Required (ns):          15.383
  Operating Conditions: slow_lv_ht

Path 92
  From: CoreDMA_IO_CTRL_0/CoreDMA_Controller_0/CoreDMA_Controller_0/CAXI4DMAI00OI/CAXI4DMAIlOl[0]:CLK
  To:   CoreDMA_IO_CTRL_0/CoreDMA_Controller_0/CoreDMA_Controller_0/CAXI4DMAI00OI/CAXI4DMAlI0I[5]:D
  Delay (ns):              3.679
  Slack (ns):              1.178
  Arrival (ns):           14.147
  Required (ns):          15.325
  Operating Conditions: slow_lv_ht

Path 93
  From: CoreDMA_IO_CTRL_0/CoreDMA_Controller_0/CoreDMA_Controller_0/CAXI4DMAI00OI/CAXI4DMAOIOl[4]:CLK
  To:   CoreDMA_IO_CTRL_0/CoreDMA_Controller_0/CoreDMA_Controller_0/CAXI4DMAI00OI/CAXI4DMAOllI[3]:D
  Delay (ns):              3.692
  Slack (ns):              1.179
  Arrival (ns):           14.145
  Required (ns):          15.324
  Operating Conditions: slow_lv_ht

Path 94
  From: CoreDMA_IO_CTRL_0/CoreDMA_Controller_0/CoreDMA_Controller_0/CAXI4DMAI00OI/CAXI4DMAIlOl[5]:CLK
  To:   CoreDMA_IO_CTRL_0/CoreDMA_Controller_0/CoreDMA_Controller_0/CAXI4DMAI00OI/CAXI4DMAIlOl[10]:D
  Delay (ns):              3.786
  Slack (ns):              1.180
  Arrival (ns):           14.203
  Required (ns):          15.383
  Operating Conditions: slow_lv_ht

Path 95
  From: PF_DDR4_SS_0/MSC_i_0/MSC_i_1/MSC_i_8/MSC_i_226/MSC_i_230/burst_xfer_active:CLK
  To:   PF_DDR4_SS_0/MSC_i_0/MSC_i_1/MSC_i_8/MSC_i_226/MSC_i_230/raddr_int[12]:D
  Delay (ns):              3.714
  Slack (ns):              1.181
  Arrival (ns):           14.131
  Required (ns):          15.312
  Operating Conditions: slow_lv_ht

Path 96
  From: CoreDMA_IO_CTRL_0/CoreDMA_Controller_0/CoreDMA_Controller_0/CAXI4DMAOOlOI/CAXI4DMAOOl1I/CAXI4DMAI01Ol/CAXI4DMAOlO1l_Z[10]:CLK
  To:   CoreDMA_IO_CTRL_0/CoreDMA_Controller_0/CoreDMA_Controller_0/CAXI4DMAOOlOI/CAXI4DMAOOl1I/CAXI4DMAII0Ol[1]:EN
  Delay (ns):              3.647
  Slack (ns):              1.181
  Arrival (ns):           14.046
  Required (ns):          15.227
  Operating Conditions: slow_lv_ht

Path 97
  From: CoreDMA_IO_CTRL_0/CoreDMA_Controller_0/CoreDMA_Controller_0/CAXI4DMAOOlOI/CAXI4DMAOOl1I/CAXI4DMAI01Ol/CAXI4DMAO010l_Z[0]:CLK
  To:   CoreDMA_IO_CTRL_0/CoreDMA_Controller_0/CoreDMA_Controller_0/CAXI4DMAOOlOI/CAXI4DMAOOl1I/CAXI4DMAII0Ol[1]:EN
  Delay (ns):              3.640
  Slack (ns):              1.181
  Arrival (ns):           14.036
  Required (ns):          15.217
  Operating Conditions: slow_lv_ht

Path 98
  From: CoreDMA_IO_CTRL_0/CoreDMA_Controller_0/CoreDMA_Controller_0/CAXI4DMAI00OI/CAXI4DMAIlOl[3]:CLK
  To:   CoreDMA_IO_CTRL_0/CoreDMA_Controller_0/CoreDMA_Controller_0/CAXI4DMAI00OI/CAXI4DMAIlOl[6]:D
  Delay (ns):              3.810
  Slack (ns):              1.181
  Arrival (ns):           14.227
  Required (ns):          15.408
  Operating Conditions: slow_lv_ht

Path 99
  From: CoreDMA_IO_CTRL_0/CoreDMA_Controller_0/CoreDMA_Controller_0/CAXI4DMAI00OI/CAXI4DMAOIOl[4]:CLK
  To:   CoreDMA_IO_CTRL_0/CoreDMA_Controller_0/CoreDMA_Controller_0/CAXI4DMAI00OI/CAXI4DMAOllI[5]:D
  Delay (ns):              3.690
  Slack (ns):              1.182
  Arrival (ns):           14.143
  Required (ns):          15.325
  Operating Conditions: slow_lv_ht

Path 100
  From: CoreDMA_IO_CTRL_0/CoreDMA_Controller_0/CoreDMA_Controller_0/CAXI4DMAI00OI/CAXI4DMAIlOl[7]:CLK
  To:   CoreDMA_IO_CTRL_0/CoreDMA_Controller_0/CoreDMA_Controller_0/CAXI4DMAI00OI/CAXI4DMAIlOl[4]:D
  Delay (ns):              3.771
  Slack (ns):              1.182
  Arrival (ns):           14.195
  Required (ns):          15.377
  Operating Conditions: slow_lv_ht

