Resource Usage Report for top 

Mapping to part: mpf100tfcg484-1
Cell usage:
AND2            1 use
AND3            1 use
BANKCTRL_HSIO   2 uses
BANKEN          1 use
BIBUF_DIFF_DQS  4 uses
CLKINT          16 uses
CLKINT_PRESERVE  1 use
DFN1            1 use
DLL             1 use
HS_IO_CLK       2 uses
ICB_CLKDIV      1 use
ICB_NGMUX       1 use
INIT            1 use
IOD             76 uses
LANECTRL        5 uses
OR4             2 uses
OSC_RC160MHZ    1 use
OUTBUF_FEEDBACK  1 use
OUTBUF_FEEDBACK_DIFF  1 use
PCIE            1 use
PCIE_COMMON     1 use
PLL             2 uses
TRIBUFF_FEEDBACK  4 uses
TX_PLL          1 use
XCVR_APB_LINK   1 use
XCVR_PIPE_AXI0  1 use
XCVR_PIPE_AXI1  1 use
XCVR_REF_CLK    1 use
CFG1           279 uses
CFG2           3633 uses
CFG3           10036 uses
CFG4           9960 uses

Carry cells:
ARI1            4397 uses - used for arithmetic functions
ARI1            1995 uses - used for Wide-Mux implementation
Total ARI1      6392 uses


Sequential Cells: 
SLE            23298 uses

DSP Blocks:    0 of 336 (0%)

I/O ports: 157
I/O primitives: 136
BIBUF          32 uses
INBUF          36 uses
OUTBUF         39 uses
TRIBUFF        29 uses


Global Clock Buffers: 16

Total LUTs:    30300

Extra resources required for RAM and MACC_PA interface logic during P&R:

RAM64X12 Interface Logic : SLEs = 2112; LUTs = 2112;
RAM1K20  Interface Logic : SLEs = 1008; LUTs = 1008;
MACC_PA     Interface Logic : SLEs = 0; LUTs = 0;
MACC_PA_BC_ROM     Interface Logic : SLEs = 0; LUTs = 0;

Total number of SLEs after P&R:  23298 + 2112 + 1008 + 0 = 26418;
Total number of LUTs after P&R:  30300 + 2112 + 1008 + 0 = 33420;

