1627321615 -10:46:55 -17629453 -ipcClient::Reconnect params
Hostname:  127.0.0.1
Port:      58109
Logfile:   C:/Users/test/Desktop/Projects/SoM3_TEST/DG0756_MPF300_SOM3_PCIE_IO_12P6_orig/Libero_Project/synthesis/ipc_tcp_microsemi_9132_2519810019840.log
Reconnect: 0
Use ipv6:  0

1627321615 -10:46:55 -10035 -::HaveSocketEvent, wait for ::select
1627321615 -10:46:55 -10035 -::HaveSocketEvent, timeout for select: tv.tv_sec: 0 tv.tv_usec: 600000
1627321616 -10:46:56 -0 -goto REPEAT, ::connect as unblocked, - addr_rp->ai_next == nullptr
1627321616 -10:46:56 -10035 -::HaveSocketEvent, wait for ::select
1627321616 -10:46:56 -10035 -::HaveSocketEvent, timeout for select: tv.tv_sec: 0 tv.tv_usec: 600000
1627321617 -10:46:57 -0 -goto REPEAT, ::connect as unblocked, - addr_rp->ai_next == nullptr
1627321617 -10:46:57 -10035 -::HaveSocketEvent, wait for ::select
1627321617 -10:46:57 -10035 -::HaveSocketEvent, timeout for select: tv.tv_sec: 0 tv.tv_usec: 600000
1627321617 -10:46:57 -0 -ipcClient.socket or .connect
1627321618 -10:46:58 -17629453 -ipcClient::Reconnect params
Hostname:  127.0.0.1
Port:      58109
Logfile:   C:/Users/test/Desktop/Projects/SoM3_TEST/DG0756_MPF300_SOM3_PCIE_IO_12P6_orig/Libero_Project/synthesis/ipc_tcp_microsemi_9132_2519810019840.log
Reconnect: 0
Use ipv6:  0

1627321618 -10:46:58 -10035 -::HaveSocketEvent, wait for ::select
1627321618 -10:46:58 -10035 -::HaveSocketEvent, timeout for select: tv.tv_sec: 15 tv.tv_usec: 0
1627321618 -10:46:58 -0 -::HaveSocketEvent, ::getpeername own: '127.0.0.1' peer: '127.0.0.1'
1627321618 -10:46:58 -10035 -::HaveSocketEvent, ::select, retval >= 0, success
